--------------- Build Started: 02/01/2017 16:12:42 Project: GobeeDir, Configuration: ARM GCC 4.7.3 Release ---------------
cydsfit.exe "-.appdatapath" "C:\Users\Graziano\AppData\Local\Cypress Semiconductor\PSoC Creator\3.0" "-.fdsnotice" "-.fdswarpdepfile=warp_dependencies.txt" "-.fdselabdepfile=elab_dependencies.txt" "-.fdsbldfile=generated_files.txt" "-p" "C:\Users\Graziano\Desktop\PSOC CODES\GOBEE DIRECTOR\Vers.0.0-T05 2017-0201 C3.0 (test board V)\GobeeDir.cydsn\GobeeDir.cyprj" "-d" "CY8C5868AXI-LP035" "-s" "C:\Users\Graziano\Desktop\PSOC CODES\GOBEE DIRECTOR\Vers.0.0-T05 2017-0201 C3.0 (test board V)\GobeeDir.cydsn\Generated_Source\PSoC5" "--" "-yv2" "-v3" "-ygs" "-q10" "-o2" "-.fftcfgtype=LE"
Elaborating Design...
ADD: pft.M0028: warning: Clock Warning: (Clock_2's accuracy range '22.000 MHz ñ 1.000%, (21.780 MHz - 22.220 MHz)' is not within the specified tolerance range '20.000 MHz ñ 5.000%, (19.000 MHz - 21.000 MHz)'.).
 * C:\Users\Graziano\Desktop\PSOC CODES\GOBEE DIRECTOR\Vers.0.0-T05 2017-0201 C3.0 (test board V)\GobeeDir.cydsn\GobeeDir.cydwr (Clock_2)
 * C:\Users\Graziano\Desktop\PSOC CODES\GOBEE DIRECTOR\Vers.0.0-T05 2017-0201 C3.0 (test board V)\GobeeDir.cydsn\TopDesign\TopDesign.cysch (Instance: Clock_2)
HDL Generation ...
Synthesis ...
Place and Route ...
Tech mapping ...
Info: mpr.M0037: Unused pieces of the design have been optimized out. See the Tech mapping section of the report file for details. (App=cydsfit)
Analog Placement ...
Log: apr.M0058: The analog placement iterative improvement is 31% done. (App=cydsfit)
Log: apr.M0058: The analog placement iterative improvement is 71% done. (App=cydsfit)
Analog Routing ...
Analog Code Generation ...
Digital Placement ...
Info: plm.M0038: The pin named BLE_XRES(0) at location P0[0] prevents usage of special purposes: OpAmp:out. (App=cydsfit)
Info: plm.M0040: The pin named SENSE_ITILT(0) at location P0[2] prevents a direct input connection to an Opamp. (App=cydsfit)
Info: plm.M0040: The pin named ADXL_X(0) at location P0[4] prevents a direct input connection to an Opamp. (App=cydsfit)
Info: plm.M0039: The pin named ADXL_Y(0) at location P0[6] prevents usage of the high current (2mA) feature of an IDAC. (App=cydsfit)
Info: plm.M0039: The pin named IMU_UM7_TX(0) at location P0[7] prevents usage of the high current (2mA) feature of an IDAC. (App=cydsfit)
Info: plm.M0040: The pin named ITG_INT(0) at location P3[4] prevents a direct input connection to an Opamp. (App=cydsfit)
Info: plm.M0038: The pin named MISO_WIFI(0) at location P3[6] prevents usage of special purposes: OpAmp:out. (App=cydsfit)
Info: plm.M0038: The pin named IRQ_WIFI(0) at location P3[7] prevents usage of special purposes: OpAmp:out. (App=cydsfit)
Info: plm.M0038: The pin named nRST_WIFI(0) at location P12[0] prevents usage of special purposes: I2C:SCL. (App=cydsfit)
Info: plm.M0038: The pin named EN_WIFI(0) at location P12[1] prevents usage of special purposes: I2C:SDA. (App=cydsfit)
Digital Routing ...
Bitstream Generation ...
Static timing analysis ...
Warning: sta.M0019: GobeeDir_timing.html: Warning-1366: Setup time violation found in a path from clock ( CyBUS_CLK ) to clock ( UART_IMU_IntClock ). (File=C:\Users\Graziano\Desktop\PSOC CODES\GOBEE DIRECTOR\Vers.0.0-T05 2017-0201 C3.0 (test board V)\GobeeDir.cydsn\GobeeDir_timing.html)
Warning: sta.M0019: GobeeDir_timing.html: Warning-1366: Setup time violation found in a path from clock ( CyBUS_CLK ) to clock ( UART_USB_IntClock ). (File=C:\Users\Graziano\Desktop\PSOC CODES\GOBEE DIRECTOR\Vers.0.0-T05 2017-0201 C3.0 (test board V)\GobeeDir.cydsn\GobeeDir_timing.html)
API Generation ...
Dependency Generation ...
Clean Temporary Files ...
arm-none-eabi-gcc.exe -I. -I./Generated_Source/PSoC5 -Wno-main -mcpu=cortex-m3 -mthumb -Wall -g -D NDEBUG -Wa,-alh=.\CortexM3\ARM_GCC_473\Release\main.lst -Os -ffunction-sections -c .\main.c -o .\CortexM3\ARM_GCC_473\Release\main.o
arm-none-eabi-gcc.exe -I. -I./Generated_Source/PSoC5 -Wno-main -mcpu=cortex-m3 -mthumb -Wall -g -D NDEBUG -Wa,-alh=.\CortexM3\ARM_GCC_473\Release\console.lst -Os -ffunction-sections -c .\console.c -o .\CortexM3\ARM_GCC_473\Release\console.o
arm-none-eabi-gcc.exe -I. -I./Generated_Source/PSoC5 -Wno-main -mcpu=cortex-m3 -mthumb -Wall -g -D NDEBUG -Wa,-alh=.\CortexM3\ARM_GCC_473\Release\gobeelib.lst -Os -ffunction-sections -c .\gobeelib.c -o .\CortexM3\ARM_GCC_473\Release\gobeelib.o
arm-none-eabi-gcc.exe -I. -I./Generated_Source/PSoC5 -Wno-main -mcpu=cortex-m3 -mthumb -Wall -g -D NDEBUG -Wa,-alh=.\CortexM3\ARM_GCC_473\Release\motor_CTRL.lst -Os -ffunction-sections -c .\motor_CTRL.c -o .\CortexM3\ARM_GCC_473\Release\motor_CTRL.o
arm-none-eabi-gcc.exe -I. -I./Generated_Source/PSoC5 -Wno-main -mcpu=cortex-m3 -mthumb -Wall -g -D NDEBUG -Wa,-alh=.\CortexM3\ARM_GCC_473\Release\sensor_CTRL.lst -Os -ffunction-sections -c .\sensor_CTRL.c -o .\CortexM3\ARM_GCC_473\Release\sensor_CTRL.o
arm-none-eabi-gcc.exe -I. -I./Generated_Source/PSoC5 -Wno-main -mcpu=cortex-m3 -mthumb -Wall -g -D NDEBUG -Wa,-alh=.\CortexM3\ARM_GCC_473\Release\pid_lib.lst -Os -ffunction-sections -c .\pid_lib.c -o .\CortexM3\ARM_GCC_473\Release\pid_lib.o
arm-none-eabi-gcc.exe -I. -I./Generated_Source/PSoC5 -Wno-main -mcpu=cortex-m3 -mthumb -Wall -g -D NDEBUG -Wa,-alh=.\CortexM3\ARM_GCC_473\Release\estimators.lst -Os -ffunction-sections -c .\estimators.c -o .\CortexM3\ARM_GCC_473\Release\estimators.o
arm-none-eabi-gcc.exe -I. -I./Generated_Source/PSoC5 -Wno-main -mcpu=cortex-m3 -mthumb -Wall -g -D NDEBUG -Wa,-alh=.\CortexM3\ARM_GCC_473\Release\das.lst -Os -ffunction-sections -c .\das.c -o .\CortexM3\ARM_GCC_473\Release\das.o
.\das.c: In function 'DAS_values_reset':
.\das.c:60:12: warning: array subscript is above array bounds [-Warray-bounds]
arm-none-eabi-gcc.exe -I. -I./Generated_Source/PSoC5 -Wno-main -mcpu=cortex-m3 -mthumb -Wall -g -D NDEBUG -Wa,-alh=.\CortexM3\ARM_GCC_473\Release\ITG-3701.lst -Os -ffunction-sections -c .\ITG-3701.c -o .\CortexM3\ARM_GCC_473\Release\ITG-3701.o
.\ITG-3701.c: In function 'ITG3701_ReadByte':
.\ITG-3701.c:56:3: warning: 'belbyte' is used uninitialized in this function [-Wuninitialized]
.\ITG-3701.c: In function 'readGyroData':
.\ITG-3701.c:145:37: warning: 'rawData[0]' is used uninitialized in this function [-Wuninitialized]
.\ITG-3701.c:145:56: warning: 'rawData[1]' is used uninitialized in this function [-Wuninitialized]
.\ITG-3701.c: In function 'gyrocalITG3701':
.\ITG-3701.c:240:51: warning: 'data[0]' is used uninitialized in this function [-Wuninitialized]
.\ITG-3701.c:240:22: warning: 'data[1]' is used uninitialized in this function [-Wuninitialized]
.\ITG-3701.c:241:51: warning: 'data[2]' is used uninitialized in this function [-Wuninitialized]
.\ITG-3701.c:241:22: warning: 'data[3]' is used uninitialized in this function [-Wuninitialized]
.\ITG-3701.c:242:51: warning: 'data[4]' is used uninitialized in this function [-Wuninitialized]
.\ITG-3701.c:242:22: warning: 'data[5]' is used uninitialized in this function [-Wuninitialized]
arm-none-eabi-gcc.exe -I. -I./Generated_Source/PSoC5 -Wno-main -mcpu=cortex-m3 -mthumb -Wall -g -D NDEBUG -Wa,-alh=.\CortexM3\ARM_GCC_473\Release\My_I2C_lib.lst -Os -ffunction-sections -c .\My_I2C_lib.c -o .\CortexM3\ARM_GCC_473\Release\My_I2C_lib.o
arm-none-eabi-gcc.exe -I. -I./Generated_Source/PSoC5 -Wno-main -mcpu=cortex-m3 -mthumb -Wall -g -D NDEBUG -Wa,-alh=.\CortexM3\ARM_GCC_473\Release\mover.lst -Os -ffunction-sections -c .\mover.c -o .\CortexM3\ARM_GCC_473\Release\mover.o
arm-none-eabi-gcc.exe -I. -I./Generated_Source/PSoC5 -Wno-main -mcpu=cortex-m3 -mthumb -Wall -g -D NDEBUG -Wa,-alh=.\CortexM3\ARM_GCC_473\Release\cyfitter_cfg.lst -Os -ffunction-sections -c .\Generated_Source\PSoC5\cyfitter_cfg.c -o .\CortexM3\ARM_GCC_473\Release\cyfitter_cfg.o
arm-none-eabi-gcc.exe -I. -I./Generated_Source/PSoC5 -Wno-main -mcpu=cortex-m3 -mthumb -Wall -g -D NDEBUG -Wa,-alh=.\CortexM3\ARM_GCC_473\Release\ADXL_X.lst -Os -ffunction-sections -c .\Generated_Source\PSoC5\ADXL_X.c -o .\CortexM3\ARM_GCC_473\Release\ADXL_X.o
arm-none-eabi-gcc.exe -I. -I./Generated_Source/PSoC5 -Wno-main -mcpu=cortex-m3 -mthumb -Wall -g -D NDEBUG -Wa,-alh=.\CortexM3\ARM_GCC_473\Release\ADXL_Y.lst -Os -ffunction-sections -c .\Generated_Source\PSoC5\ADXL_Y.c -o .\CortexM3\ARM_GCC_473\Release\ADXL_Y.o
arm-none-eabi-gcc.exe -I. -I./Generated_Source/PSoC5 -Wno-main -mcpu=cortex-m3 -mthumb -Wall -g -D NDEBUG -Wa,-alh=.\CortexM3\ARM_GCC_473\Release\ADC.lst -Os -ffunction-sections -c .\Generated_Source\PSoC5\ADC.c -o .\CortexM3\ARM_GCC_473\Release\ADC.o
arm-none-eabi-gcc.exe -I. -I./Generated_Source/PSoC5 -Wno-main -mcpu=cortex-m3 -mthumb -Wall -g -D NDEBUG -Wa,-alh=.\CortexM3\ARM_GCC_473\Release\ADC_PM.lst -Os -ffunction-sections -c .\Generated_Source\PSoC5\ADC_PM.c -o .\CortexM3\ARM_GCC_473\Release\ADC_PM.o
arm-none-eabi-gcc.exe -I. -I./Generated_Source/PSoC5 -Wno-main -mcpu=cortex-m3 -mthumb -Wall -g -D NDEBUG -Wa,-alh=.\CortexM3\ARM_GCC_473\Release\ADC_INT.lst -Os -ffunction-sections -c .\Generated_Source\PSoC5\ADC_INT.c -o .\CortexM3\ARM_GCC_473\Release\ADC_INT.o
arm-none-eabi-gcc.exe -I. -I./Generated_Source/PSoC5 -Wno-main -mcpu=cortex-m3 -mthumb -Wall -g -D NDEBUG -Wa,-alh=.\CortexM3\ARM_GCC_473\Release\UART_USB.lst -Os -ffunction-sections -c .\Generated_Source\PSoC5\UART_USB.c -o .\CortexM3\ARM_GCC_473\Release\UART_USB.o
arm-none-eabi-gcc.exe -I. -I./Generated_Source/PSoC5 -Wno-main -mcpu=cortex-m3 -mthumb -Wall -g -D NDEBUG -Wa,-alh=.\CortexM3\ARM_GCC_473\Release\UART_USB_PM.lst -Os -ffunction-sections -c .\Generated_Source\PSoC5\UART_USB_PM.c -o .\CortexM3\ARM_GCC_473\Release\UART_USB_PM.o
arm-none-eabi-gcc.exe -I. -I./Generated_Source/PSoC5 -Wno-main -mcpu=cortex-m3 -mthumb -Wall -g -D NDEBUG -Wa,-alh=.\CortexM3\ARM_GCC_473\Release\UART_USB_INT.lst -Os -ffunction-sections -c .\Generated_Source\PSoC5\UART_USB_INT.c -o .\CortexM3\ARM_GCC_473\Release\UART_USB_INT.o
arm-none-eabi-gcc.exe -I. -I./Generated_Source/PSoC5 -Wno-main -mcpu=cortex-m3 -mthumb -Wall -g -D NDEBUG -Wa,-alh=.\CortexM3\ARM_GCC_473\Release\UART_USB_BOOT.lst -Os -ffunction-sections -c .\Generated_Source\PSoC5\UART_USB_BOOT.c -o .\CortexM3\ARM_GCC_473\Release\UART_USB_BOOT.o
arm-none-eabi-gcc.exe -I. -I./Generated_Source/PSoC5 -Wno-main -mcpu=cortex-m3 -mthumb -Wall -g -D NDEBUG -Wa,-alh=.\CortexM3\ARM_GCC_473\Release\VREF.lst -Os -ffunction-sections -c .\Generated_Source\PSoC5\VREF.c -o .\CortexM3\ARM_GCC_473\Release\VREF.o
arm-none-eabi-gcc.exe -I. -I./Generated_Source/PSoC5 -Wno-main -mcpu=cortex-m3 -mthumb -Wall -g -D NDEBUG -Wa,-alh=.\CortexM3\ARM_GCC_473\Release\Control_Reg_LED.lst -Os -ffunction-sections -c .\Generated_Source\PSoC5\Control_Reg_LED.c -o .\CortexM3\ARM_GCC_473\Release\Control_Reg_LED.o
arm-none-eabi-gcc.exe -I. -I./Generated_Source/PSoC5 -Wno-main -mcpu=cortex-m3 -mthumb -Wall -g -D NDEBUG -Wa,-alh=.\CortexM3\ARM_GCC_473\Release\LED_OK.lst -Os -ffunction-sections -c .\Generated_Source\PSoC5\LED_OK.c -o .\CortexM3\ARM_GCC_473\Release\LED_OK.o
arm-none-eabi-gcc.exe -I. -I./Generated_Source/PSoC5 -Wno-main -mcpu=cortex-m3 -mthumb -Wall -g -D NDEBUG -Wa,-alh=.\CortexM3\ARM_GCC_473\Release\EEPROM.lst -Os -ffunction-sections -c .\Generated_Source\PSoC5\EEPROM.c -o .\CortexM3\ARM_GCC_473\Release\EEPROM.o
arm-none-eabi-gcc.exe -I. -I./Generated_Source/PSoC5 -Wno-main -mcpu=cortex-m3 -mthumb -Wall -g -D NDEBUG -Wa,-alh=.\CortexM3\ARM_GCC_473\Release\AMuxSeq.lst -Os -ffunction-sections -c .\Generated_Source\PSoC5\AMuxSeq.c -o .\CortexM3\ARM_GCC_473\Release\AMuxSeq.o
arm-none-eabi-gcc.exe -I. -I./Generated_Source/PSoC5 -Wno-main -mcpu=cortex-m3 -mthumb -Wall -g -D NDEBUG -Wa,-alh=.\CortexM3\ARM_GCC_473\Release\isr_CTRL.lst -Os -ffunction-sections -c .\Generated_Source\PSoC5\isr_CTRL.c -o .\CortexM3\ARM_GCC_473\Release\isr_CTRL.o
In file included from .\Generated_Source\PSoC5\isr_CTRL.c:31:0:
./motor_CTRL.h:20:27: warning: 'struct MOTOR_AXIS' declared inside parameter list [enabled by default]
./motor_CTRL.h:20:27: warning: its scope is only this definition or declaration, which is probably not what you want [enabled by default]
./motor_CTRL.h:22:24: warning: 'struct MOTOR_AXIS' declared inside parameter list [enabled by default]
./motor_CTRL.h:24:30: warning: 'struct MOTOR_AXIS' declared inside parameter list [enabled by default]
./motor_CTRL.h:25:27: warning: 'struct MOTOR_AXIS' declared inside parameter list [enabled by default]
.\Generated_Source\PSoC5\isr_CTRL.c: In function 'isr_CTRL_Interrupt':
.\Generated_Source\PSoC5\isr_CTRL.c:176:5: warning: passing argument 1 of 'motor_control' from incompatible pointer type [enabled by default]
In file included from .\Generated_Source\PSoC5\isr_CTRL.c:31:0:
./motor_CTRL.h:20:6: note: expected 'struct MOTOR_AXIS *' but argument is of type 'struct MOTOR_AXIS *'
.\Generated_Source\PSoC5\isr_CTRL.c:177:5: warning: passing argument 1 of 'motor_control' from incompatible pointer type [enabled by default]
In file included from .\Generated_Source\PSoC5\isr_CTRL.c:31:0:
./motor_CTRL.h:20:6: note: expected 'struct MOTOR_AXIS *' but argument is of type 'struct MOTOR_AXIS *'
arm-none-eabi-gcc.exe -I. -I./Generated_Source/PSoC5 -Wno-main -mcpu=cortex-m3 -mthumb -Wall -g -D NDEBUG -Wa,-alh=.\CortexM3\ARM_GCC_473\Release\Clock_CTRL.lst -Os -ffunction-sections -c .\Generated_Source\PSoC5\Clock_CTRL.c -o .\CortexM3\ARM_GCC_473\Release\Clock_CTRL.o
arm-none-eabi-gcc.exe -I. -I./Generated_Source/PSoC5 -Wno-main -mcpu=cortex-m3 -mthumb -Wall -g -D NDEBUG -Wa,-alh=.\CortexM3\ARM_GCC_473\Release\Status_Reg_BUTTON.lst -Os -ffunction-sections -c .\Generated_Source\PSoC5\Status_Reg_BUTTON.c -o .\CortexM3\ARM_GCC_473\Release\Status_Reg_BUTTON.o
arm-none-eabi-gcc.exe -I. -I./Generated_Source/PSoC5 -Wno-main -mcpu=cortex-m3 -mthumb -Wall -g -D NDEBUG -Wa,-alh=.\CortexM3\ARM_GCC_473\Release\Counter_LED.lst -Os -ffunction-sections -c .\Generated_Source\PSoC5\Counter_LED.c -o .\CortexM3\ARM_GCC_473\Release\Counter_LED.o
arm-none-eabi-gcc.exe -I. -I./Generated_Source/PSoC5 -Wno-main -mcpu=cortex-m3 -mthumb -Wall -g -D NDEBUG -Wa,-alh=.\CortexM3\ARM_GCC_473\Release\Counter_LED_PM.lst -Os -ffunction-sections -c .\Generated_Source\PSoC5\Counter_LED_PM.c -o .\CortexM3\ARM_GCC_473\Release\Counter_LED_PM.o
arm-none-eabi-gcc.exe -I. -I./Generated_Source/PSoC5 -Wno-main -mcpu=cortex-m3 -mthumb -Wall -g -D NDEBUG -Wa,-alh=.\CortexM3\ARM_GCC_473\Release\LED_FAULT.lst -Os -ffunction-sections -c .\Generated_Source\PSoC5\LED_FAULT.c -o .\CortexM3\ARM_GCC_473\Release\LED_FAULT.o
arm-none-eabi-gcc.exe -I. -I./Generated_Source/PSoC5 -Wno-main -mcpu=cortex-m3 -mthumb -Wall -g -D NDEBUG -Wa,-alh=.\CortexM3\ARM_GCC_473\Release\ADC_theACLK.lst -Os -ffunction-sections -c .\Generated_Source\PSoC5\ADC_theACLK.c -o .\CortexM3\ARM_GCC_473\Release\ADC_theACLK.o
arm-none-eabi-gcc.exe -I. -I./Generated_Source/PSoC5 -Wno-main -mcpu=cortex-m3 -mthumb -Wall -g -D NDEBUG -Wa,-alh=.\CortexM3\ARM_GCC_473\Release\ADC_Ext_CP_Clk.lst -Os -ffunction-sections -c .\Generated_Source\PSoC5\ADC_Ext_CP_Clk.c -o .\CortexM3\ARM_GCC_473\Release\ADC_Ext_CP_Clk.o
arm-none-eabi-gcc.exe -I. -I./Generated_Source/PSoC5 -Wno-main -mcpu=cortex-m3 -mthumb -Wall -g -D NDEBUG -Wa,-alh=.\CortexM3\ARM_GCC_473\Release\UART_USB_IntClock.lst -Os -ffunction-sections -c .\Generated_Source\PSoC5\UART_USB_IntClock.c -o .\CortexM3\ARM_GCC_473\Release\UART_USB_IntClock.o
arm-none-eabi-gcc.exe -I. -I./Generated_Source/PSoC5 -Wno-main -mcpu=cortex-m3 -mthumb -Wall -g -D NDEBUG -Wa,-alh=.\CortexM3\ARM_GCC_473\Release\Cm3Start.lst -Os -ffunction-sections -c .\Generated_Source\PSoC5\Cm3Start.c -o .\CortexM3\ARM_GCC_473\Release\Cm3Start.o
arm-none-eabi-as.exe -I. -I./Generated_Source/PSoC5 -mcpu=cortex-m3 -mthumb -g -alh=.\CortexM3\ARM_GCC_473\Release/CyBootAsmGnu.lst -o .\CortexM3\ARM_GCC_473\Release\CyBootAsmGnu.o .\Generated_Source\PSoC5\CyBootAsmGnu.s
arm-none-eabi-gcc.exe -I. -I./Generated_Source/PSoC5 -Wno-main -mcpu=cortex-m3 -mthumb -Wall -g -D NDEBUG -Wa,-alh=.\CortexM3\ARM_GCC_473\Release\CyDmac.lst -Os -ffunction-sections -c .\Generated_Source\PSoC5\CyDmac.c -o .\CortexM3\ARM_GCC_473\Release\CyDmac.o
arm-none-eabi-gcc.exe -I. -I./Generated_Source/PSoC5 -Wno-main -mcpu=cortex-m3 -mthumb -Wall -g -D NDEBUG -Wa,-alh=.\CortexM3\ARM_GCC_473\Release\CyFlash.lst -Os -ffunction-sections -c .\Generated_Source\PSoC5\CyFlash.c -o .\CortexM3\ARM_GCC_473\Release\CyFlash.o
arm-none-eabi-gcc.exe -I. -I./Generated_Source/PSoC5 -Wno-main -mcpu=cortex-m3 -mthumb -Wall -g -D NDEBUG -Wa,-alh=.\CortexM3\ARM_GCC_473\Release\CyLib.lst -Os -ffunction-sections -c .\Generated_Source\PSoC5\CyLib.c -o .\CortexM3\ARM_GCC_473\Release\CyLib.o
arm-none-eabi-gcc.exe -I. -I./Generated_Source/PSoC5 -Wno-main -mcpu=cortex-m3 -mthumb -Wall -g -D NDEBUG -Wa,-alh=.\CortexM3\ARM_GCC_473\Release\cyPm.lst -Os -ffunction-sections -c .\Generated_Source\PSoC5\cyPm.c -o .\CortexM3\ARM_GCC_473\Release\cyPm.o
arm-none-eabi-gcc.exe -I. -I./Generated_Source/PSoC5 -Wno-main -mcpu=cortex-m3 -mthumb -Wall -g -D NDEBUG -Wa,-alh=.\CortexM3\ARM_GCC_473\Release\CySpc.lst -Os -ffunction-sections -c .\Generated_Source\PSoC5\CySpc.c -o .\CortexM3\ARM_GCC_473\Release\CySpc.o
arm-none-eabi-gcc.exe -I. -I./Generated_Source/PSoC5 -Wno-main -mcpu=cortex-m3 -mthumb -Wall -g -D NDEBUG -Wa,-alh=.\CortexM3\ARM_GCC_473\Release\cyutils.lst -Os -ffunction-sections -c .\Generated_Source\PSoC5\cyutils.c -o .\CortexM3\ARM_GCC_473\Release\cyutils.o
arm-none-eabi-gcc.exe -I. -I./Generated_Source/PSoC5 -Wno-main -mcpu=cortex-m3 -mthumb -Wall -g -D NDEBUG -Wa,-alh=.\CortexM3\ARM_GCC_473\Release\nBUTTON_PUSH.lst -Os -ffunction-sections -c .\Generated_Source\PSoC5\nBUTTON_PUSH.c -o .\CortexM3\ARM_GCC_473\Release\nBUTTON_PUSH.o
arm-none-eabi-gcc.exe -I. -I./Generated_Source/PSoC5 -Wno-main -mcpu=cortex-m3 -mthumb -Wall -g -D NDEBUG -Wa,-alh=.\CortexM3\ARM_GCC_473\Release\nBUTTON_CW.lst -Os -ffunction-sections -c .\Generated_Source\PSoC5\nBUTTON_CW.c -o .\CortexM3\ARM_GCC_473\Release\nBUTTON_CW.o
arm-none-eabi-gcc.exe -I. -I./Generated_Source/PSoC5 -Wno-main -mcpu=cortex-m3 -mthumb -Wall -g -D NDEBUG -Wa,-alh=.\CortexM3\ARM_GCC_473\Release\SENSE_VCC.lst -Os -ffunction-sections -c .\Generated_Source\PSoC5\SENSE_VCC.c -o .\CortexM3\ARM_GCC_473\Release\SENSE_VCC.o
arm-none-eabi-gcc.exe -I. -I./Generated_Source/PSoC5 -Wno-main -mcpu=cortex-m3 -mthumb -Wall -g -D NDEBUG -Wa,-alh=.\CortexM3\ARM_GCC_473\Release\ADXL_Z.lst -Os -ffunction-sections -c .\Generated_Source\PSoC5\ADXL_Z.c -o .\CortexM3\ARM_GCC_473\Release\ADXL_Z.o
arm-none-eabi-gcc.exe -I. -I./Generated_Source/PSoC5 -Wno-main -mcpu=cortex-m3 -mthumb -Wall -g -D NDEBUG -Wa,-alh=.\CortexM3\ARM_GCC_473\Release\nBUTTON_CCW.lst -Os -ffunction-sections -c .\Generated_Source\PSoC5\nBUTTON_CCW.c -o .\CortexM3\ARM_GCC_473\Release\nBUTTON_CCW.o
arm-none-eabi-gcc.exe -I. -I./Generated_Source/PSoC5 -Wno-main -mcpu=cortex-m3 -mthumb -Wall -g -D NDEBUG -Wa,-alh=.\CortexM3\ARM_GCC_473\Release\Control_Reg_BUZ.lst -Os -ffunction-sections -c .\Generated_Source\PSoC5\Control_Reg_BUZ.c -o .\CortexM3\ARM_GCC_473\Release\Control_Reg_BUZ.o
arm-none-eabi-gcc.exe -I. -I./Generated_Source/PSoC5 -Wno-main -mcpu=cortex-m3 -mthumb -Wall -g -D NDEBUG -Wa,-alh=.\CortexM3\ARM_GCC_473\Release\BUZ.lst -Os -ffunction-sections -c .\Generated_Source\PSoC5\BUZ.c -o .\CortexM3\ARM_GCC_473\Release\BUZ.o
arm-none-eabi-gcc.exe -I. -I./Generated_Source/PSoC5 -Wno-main -mcpu=cortex-m3 -mthumb -Wall -g -D NDEBUG -Wa,-alh=.\CortexM3\ARM_GCC_473\Release\Control_Reg_MOTOR.lst -Os -ffunction-sections -c .\Generated_Source\PSoC5\Control_Reg_MOTOR.c -o .\CortexM3\ARM_GCC_473\Release\Control_Reg_MOTOR.o
arm-none-eabi-gcc.exe -I. -I./Generated_Source/PSoC5 -Wno-main -mcpu=cortex-m3 -mthumb -Wall -g -D NDEBUG -Wa,-alh=.\CortexM3\ARM_GCC_473\Release\QuadDec_PAN.lst -Os -ffunction-sections -c .\Generated_Source\PSoC5\QuadDec_PAN.c -o .\CortexM3\ARM_GCC_473\Release\QuadDec_PAN.o
arm-none-eabi-gcc.exe -I. -I./Generated_Source/PSoC5 -Wno-main -mcpu=cortex-m3 -mthumb -Wall -g -D NDEBUG -Wa,-alh=.\CortexM3\ARM_GCC_473\Release\QuadDec_PAN_INT.lst -Os -ffunction-sections -c .\Generated_Source\PSoC5\QuadDec_PAN_INT.c -o .\CortexM3\ARM_GCC_473\Release\QuadDec_PAN_INT.o
arm-none-eabi-gcc.exe -I. -I./Generated_Source/PSoC5 -Wno-main -mcpu=cortex-m3 -mthumb -Wall -g -D NDEBUG -Wa,-alh=.\CortexM3\ARM_GCC_473\Release\QuadDec_PAN_PM.lst -Os -ffunction-sections -c .\Generated_Source\PSoC5\QuadDec_PAN_PM.c -o .\CortexM3\ARM_GCC_473\Release\QuadDec_PAN_PM.o
arm-none-eabi-gcc.exe -I. -I./Generated_Source/PSoC5 -Wno-main -mcpu=cortex-m3 -mthumb -Wall -g -D NDEBUG -Wa,-alh=.\CortexM3\ARM_GCC_473\Release\QuadDec_PAN_isr.lst -Os -ffunction-sections -c .\Generated_Source\PSoC5\QuadDec_PAN_isr.c -o .\CortexM3\ARM_GCC_473\Release\QuadDec_PAN_isr.o
arm-none-eabi-gcc.exe -I. -I./Generated_Source/PSoC5 -Wno-main -mcpu=cortex-m3 -mthumb -Wall -g -D NDEBUG -Wa,-alh=.\CortexM3\ARM_GCC_473\Release\QuadDec_PAN_Cnt16.lst -Os -ffunction-sections -c .\Generated_Source\PSoC5\QuadDec_PAN_Cnt16.c -o .\CortexM3\ARM_GCC_473\Release\QuadDec_PAN_Cnt16.o
arm-none-eabi-gcc.exe -I. -I./Generated_Source/PSoC5 -Wno-main -mcpu=cortex-m3 -mthumb -Wall -g -D NDEBUG -Wa,-alh=.\CortexM3\ARM_GCC_473\Release\QuadDec_PAN_Cnt16_PM.lst -Os -ffunction-sections -c .\Generated_Source\PSoC5\QuadDec_PAN_Cnt16_PM.c -o .\CortexM3\ARM_GCC_473\Release\QuadDec_PAN_Cnt16_PM.o
arm-none-eabi-gcc.exe -I. -I./Generated_Source/PSoC5 -Wno-main -mcpu=cortex-m3 -mthumb -Wall -g -D NDEBUG -Wa,-alh=.\CortexM3\ARM_GCC_473\Release\MOT_SLEEPn.lst -Os -ffunction-sections -c .\Generated_Source\PSoC5\MOT_SLEEPn.c -o .\CortexM3\ARM_GCC_473\Release\MOT_SLEEPn.o
arm-none-eabi-gcc.exe -I. -I./Generated_Source/PSoC5 -Wno-main -mcpu=cortex-m3 -mthumb -Wall -g -D NDEBUG -Wa,-alh=.\CortexM3\ARM_GCC_473\Release\ITG_INT.lst -Os -ffunction-sections -c .\Generated_Source\PSoC5\ITG_INT.c -o .\CortexM3\ARM_GCC_473\Release\ITG_INT.o
arm-none-eabi-gcc.exe -I. -I./Generated_Source/PSoC5 -Wno-main -mcpu=cortex-m3 -mthumb -Wall -g -D NDEBUG -Wa,-alh=.\CortexM3\ARM_GCC_473\Release\Control_Reg_SYS.lst -Os -ffunction-sections -c .\Generated_Source\PSoC5\Control_Reg_SYS.c -o .\CortexM3\ARM_GCC_473\Release\Control_Reg_SYS.o
arm-none-eabi-gcc.exe -I. -I./Generated_Source/PSoC5 -Wno-main -mcpu=cortex-m3 -mthumb -Wall -g -D NDEBUG -Wa,-alh=.\CortexM3\ARM_GCC_473\Release\V5_PHER_nSHDN.lst -Os -ffunction-sections -c .\Generated_Source\PSoC5\V5_PHER_nSHDN.c -o .\CortexM3\ARM_GCC_473\Release\V5_PHER_nSHDN.o
arm-none-eabi-gcc.exe -I. -I./Generated_Source/PSoC5 -Wno-main -mcpu=cortex-m3 -mthumb -Wall -g -D NDEBUG -Wa,-alh=.\CortexM3\ARM_GCC_473\Release\V3_nSHDN.lst -Os -ffunction-sections -c .\Generated_Source\PSoC5\V3_nSHDN.c -o .\CortexM3\ARM_GCC_473\Release\V3_nSHDN.o
arm-none-eabi-gcc.exe -I. -I./Generated_Source/PSoC5 -Wno-main -mcpu=cortex-m3 -mthumb -Wall -g -D NDEBUG -Wa,-alh=.\CortexM3\ARM_GCC_473\Release\ADXL_ST.lst -Os -ffunction-sections -c .\Generated_Source\PSoC5\ADXL_ST.c -o .\CortexM3\ARM_GCC_473\Release\ADXL_ST.o
arm-none-eabi-gcc.exe -I. -I./Generated_Source/PSoC5 -Wno-main -mcpu=cortex-m3 -mthumb -Wall -g -D NDEBUG -Wa,-alh=.\CortexM3\ARM_GCC_473\Release\BAT_FAULTn.lst -Os -ffunction-sections -c .\Generated_Source\PSoC5\BAT_FAULTn.c -o .\CortexM3\ARM_GCC_473\Release\BAT_FAULTn.o
arm-none-eabi-gcc.exe -I. -I./Generated_Source/PSoC5 -Wno-main -mcpu=cortex-m3 -mthumb -Wall -g -D NDEBUG -Wa,-alh=.\CortexM3\ARM_GCC_473\Release\BAT_CHRGn.lst -Os -ffunction-sections -c .\Generated_Source\PSoC5\BAT_CHRGn.c -o .\CortexM3\ARM_GCC_473\Release\BAT_CHRGn.o
arm-none-eabi-gcc.exe -I. -I./Generated_Source/PSoC5 -Wno-main -mcpu=cortex-m3 -mthumb -Wall -g -D NDEBUG -Wa,-alh=.\CortexM3\ARM_GCC_473\Release\cymetadata.lst -Os -ffunction-sections -c .\Generated_Source\PSoC5\cymetadata.c -o .\CortexM3\ARM_GCC_473\Release\cymetadata.o
arm-none-eabi-gcc.exe -I. -I./Generated_Source/PSoC5 -Wno-main -mcpu=cortex-m3 -mthumb -Wall -g -D NDEBUG -Wa,-alh=.\CortexM3\ARM_GCC_473\Release\ADC_IRQ.lst -Os -ffunction-sections -c .\Generated_Source\PSoC5\ADC_IRQ.c -o .\CortexM3\ARM_GCC_473\Release\ADC_IRQ.o
arm-none-eabi-gcc.exe -I. -I./Generated_Source/PSoC5 -Wno-main -mcpu=cortex-m3 -mthumb -Wall -g -D NDEBUG -Wa,-alh=.\CortexM3\ARM_GCC_473\Release\isr_Ticks.lst -Os -ffunction-sections -c .\Generated_Source\PSoC5\isr_Ticks.c -o .\CortexM3\ARM_GCC_473\Release\isr_Ticks.o
arm-none-eabi-gcc.exe -I. -I./Generated_Source/PSoC5 -Wno-main -mcpu=cortex-m3 -mthumb -Wall -g -D NDEBUG -Wa,-alh=.\CortexM3\ARM_GCC_473\Release\PWM_MOTOR_PAN.lst -Os -ffunction-sections -c .\Generated_Source\PSoC5\PWM_MOTOR_PAN.c -o .\CortexM3\ARM_GCC_473\Release\PWM_MOTOR_PAN.o
arm-none-eabi-gcc.exe -I. -I./Generated_Source/PSoC5 -Wno-main -mcpu=cortex-m3 -mthumb -Wall -g -D NDEBUG -Wa,-alh=.\CortexM3\ARM_GCC_473\Release\PWM_MOTOR_PAN_PM.lst -Os -ffunction-sections -c .\Generated_Source\PSoC5\PWM_MOTOR_PAN_PM.c -o .\CortexM3\ARM_GCC_473\Release\PWM_MOTOR_PAN_PM.o
arm-none-eabi-gcc.exe -I. -I./Generated_Source/PSoC5 -Wno-main -mcpu=cortex-m3 -mthumb -Wall -g -D NDEBUG -Wa,-alh=.\CortexM3\ARM_GCC_473\Release\isr_BUTTON.lst -Os -ffunction-sections -c .\Generated_Source\PSoC5\isr_BUTTON.c -o .\CortexM3\ARM_GCC_473\Release\isr_BUTTON.o
arm-none-eabi-gcc.exe -I. -I./Generated_Source/PSoC5 -Wno-main -mcpu=cortex-m3 -mthumb -Wall -g -D NDEBUG -Wa,-alh=.\CortexM3\ARM_GCC_473\Release\WaveDAC8.lst -Os -ffunction-sections -c .\Generated_Source\PSoC5\WaveDAC8.c -o .\CortexM3\ARM_GCC_473\Release\WaveDAC8.o
arm-none-eabi-gcc.exe -I. -I./Generated_Source/PSoC5 -Wno-main -mcpu=cortex-m3 -mthumb -Wall -g -D NDEBUG -Wa,-alh=.\CortexM3\ARM_GCC_473\Release\WaveDAC8_PM.lst -Os -ffunction-sections -c .\Generated_Source\PSoC5\WaveDAC8_PM.c -o .\CortexM3\ARM_GCC_473\Release\WaveDAC8_PM.o
arm-none-eabi-gcc.exe -I. -I./Generated_Source/PSoC5 -Wno-main -mcpu=cortex-m3 -mthumb -Wall -g -D NDEBUG -Wa,-alh=.\CortexM3\ARM_GCC_473\Release\WaveDAC8_DacClk.lst -Os -ffunction-sections -c .\Generated_Source\PSoC5\WaveDAC8_DacClk.c -o .\CortexM3\ARM_GCC_473\Release\WaveDAC8_DacClk.o
arm-none-eabi-gcc.exe -I. -I./Generated_Source/PSoC5 -Wno-main -mcpu=cortex-m3 -mthumb -Wall -g -D NDEBUG -Wa,-alh=.\CortexM3\ARM_GCC_473\Release\WaveDAC8_Wave1_DMA_dma.lst -Os -ffunction-sections -c .\Generated_Source\PSoC5\WaveDAC8_Wave1_DMA_dma.c -o .\CortexM3\ARM_GCC_473\Release\WaveDAC8_Wave1_DMA_dma.o
arm-none-eabi-gcc.exe -I. -I./Generated_Source/PSoC5 -Wno-main -mcpu=cortex-m3 -mthumb -Wall -g -D NDEBUG -Wa,-alh=.\CortexM3\ARM_GCC_473\Release\WaveDAC8_Wave2_DMA_dma.lst -Os -ffunction-sections -c .\Generated_Source\PSoC5\WaveDAC8_Wave2_DMA_dma.c -o .\CortexM3\ARM_GCC_473\Release\WaveDAC8_Wave2_DMA_dma.o
arm-none-eabi-gcc.exe -I. -I./Generated_Source/PSoC5 -Wno-main -mcpu=cortex-m3 -mthumb -Wall -g -D NDEBUG -Wa,-alh=.\CortexM3\ARM_GCC_473\Release\WaveDAC8_VDAC8.lst -Os -ffunction-sections -c .\Generated_Source\PSoC5\WaveDAC8_VDAC8.c -o .\CortexM3\ARM_GCC_473\Release\WaveDAC8_VDAC8.o
arm-none-eabi-gcc.exe -I. -I./Generated_Source/PSoC5 -Wno-main -mcpu=cortex-m3 -mthumb -Wall -g -D NDEBUG -Wa,-alh=.\CortexM3\ARM_GCC_473\Release\WaveDAC8_VDAC8_PM.lst -Os -ffunction-sections -c .\Generated_Source\PSoC5\WaveDAC8_VDAC8_PM.c -o .\CortexM3\ARM_GCC_473\Release\WaveDAC8_VDAC8_PM.o
arm-none-eabi-gcc.exe -I. -I./Generated_Source/PSoC5 -Wno-main -mcpu=cortex-m3 -mthumb -Wall -g -D NDEBUG -Wa,-alh=.\CortexM3\ARM_GCC_473\Release\WaveDAC8_BuffAmp.lst -Os -ffunction-sections -c .\Generated_Source\PSoC5\WaveDAC8_BuffAmp.c -o .\CortexM3\ARM_GCC_473\Release\WaveDAC8_BuffAmp.o
arm-none-eabi-gcc.exe -I. -I./Generated_Source/PSoC5 -Wno-main -mcpu=cortex-m3 -mthumb -Wall -g -D NDEBUG -Wa,-alh=.\CortexM3\ARM_GCC_473\Release\WaveDAC8_BuffAmp_PM.lst -Os -ffunction-sections -c .\Generated_Source\PSoC5\WaveDAC8_BuffAmp_PM.c -o .\CortexM3\ARM_GCC_473\Release\WaveDAC8_BuffAmp_PM.o
arm-none-eabi-gcc.exe -I. -I./Generated_Source/PSoC5 -Wno-main -mcpu=cortex-m3 -mthumb -Wall -g -D NDEBUG -Wa,-alh=.\CortexM3\ARM_GCC_473\Release\VDAC8_ANAPOS.lst -Os -ffunction-sections -c .\Generated_Source\PSoC5\VDAC8_ANAPOS.c -o .\CortexM3\ARM_GCC_473\Release\VDAC8_ANAPOS.o
arm-none-eabi-gcc.exe -I. -I./Generated_Source/PSoC5 -Wno-main -mcpu=cortex-m3 -mthumb -Wall -g -D NDEBUG -Wa,-alh=.\CortexM3\ARM_GCC_473\Release\VDAC8_ANAPOS_PM.lst -Os -ffunction-sections -c .\Generated_Source\PSoC5\VDAC8_ANAPOS_PM.c -o .\CortexM3\ARM_GCC_473\Release\VDAC8_ANAPOS_PM.o
arm-none-eabi-gcc.exe -I. -I./Generated_Source/PSoC5 -Wno-main -mcpu=cortex-m3 -mthumb -Wall -g -D NDEBUG -Wa,-alh=.\CortexM3\ARM_GCC_473\Release\isr_DAS.lst -Os -ffunction-sections -c .\Generated_Source\PSoC5\isr_DAS.c -o .\CortexM3\ARM_GCC_473\Release\isr_DAS.o
arm-none-eabi-gcc.exe -I. -I./Generated_Source/PSoC5 -Wno-main -mcpu=cortex-m3 -mthumb -Wall -g -D NDEBUG -Wa,-alh=.\CortexM3\ARM_GCC_473\Release\isr_EVENTS_IDENTIF.lst -Os -ffunction-sections -c .\Generated_Source\PSoC5\isr_EVENTS_IDENTIF.c -o .\CortexM3\ARM_GCC_473\Release\isr_EVENTS_IDENTIF.o
arm-none-eabi-gcc.exe -I. -I./Generated_Source/PSoC5 -Wno-main -mcpu=cortex-m3 -mthumb -Wall -g -D NDEBUG -Wa,-alh=.\CortexM3\ARM_GCC_473\Release\PAN_ENCA.lst -Os -ffunction-sections -c .\Generated_Source\PSoC5\PAN_ENCA.c -o .\CortexM3\ARM_GCC_473\Release\PAN_ENCA.o
arm-none-eabi-gcc.exe -I. -I./Generated_Source/PSoC5 -Wno-main -mcpu=cortex-m3 -mthumb -Wall -g -D NDEBUG -Wa,-alh=.\CortexM3\ARM_GCC_473\Release\PAN_ENCB.lst -Os -ffunction-sections -c .\Generated_Source\PSoC5\PAN_ENCB.c -o .\CortexM3\ARM_GCC_473\Release\PAN_ENCB.o
arm-none-eabi-gcc.exe -I. -I./Generated_Source/PSoC5 -Wno-main -mcpu=cortex-m3 -mthumb -Wall -g -D NDEBUG -Wa,-alh=.\CortexM3\ARM_GCC_473\Release\CC_SCL.lst -Os -ffunction-sections -c .\Generated_Source\PSoC5\CC_SCL.c -o .\CortexM3\ARM_GCC_473\Release\CC_SCL.o
arm-none-eabi-gcc.exe -I. -I./Generated_Source/PSoC5 -Wno-main -mcpu=cortex-m3 -mthumb -Wall -g -D NDEBUG -Wa,-alh=.\CortexM3\ARM_GCC_473\Release\CC_SDA.lst -Os -ffunction-sections -c .\Generated_Source\PSoC5\CC_SDA.c -o .\CortexM3\ARM_GCC_473\Release\CC_SDA.o
arm-none-eabi-gcc.exe -I. -I./Generated_Source/PSoC5 -Wno-main -mcpu=cortex-m3 -mthumb -Wall -g -D NDEBUG -Wa,-alh=.\CortexM3\ARM_GCC_473\Release\I2C_COULOMB.lst -Os -ffunction-sections -c .\Generated_Source\PSoC5\I2C_COULOMB.c -o .\CortexM3\ARM_GCC_473\Release\I2C_COULOMB.o
arm-none-eabi-gcc.exe -I. -I./Generated_Source/PSoC5 -Wno-main -mcpu=cortex-m3 -mthumb -Wall -g -D NDEBUG -Wa,-alh=.\CortexM3\ARM_GCC_473\Release\I2C_COULOMB_BOOT.lst -Os -ffunction-sections -c .\Generated_Source\PSoC5\I2C_COULOMB_BOOT.c -o .\CortexM3\ARM_GCC_473\Release\I2C_COULOMB_BOOT.o
arm-none-eabi-gcc.exe -I. -I./Generated_Source/PSoC5 -Wno-main -mcpu=cortex-m3 -mthumb -Wall -g -D NDEBUG -Wa,-alh=.\CortexM3\ARM_GCC_473\Release\I2C_COULOMB_INT.lst -Os -ffunction-sections -c .\Generated_Source\PSoC5\I2C_COULOMB_INT.c -o .\CortexM3\ARM_GCC_473\Release\I2C_COULOMB_INT.o
arm-none-eabi-gcc.exe -I. -I./Generated_Source/PSoC5 -Wno-main -mcpu=cortex-m3 -mthumb -Wall -g -D NDEBUG -Wa,-alh=.\CortexM3\ARM_GCC_473\Release\I2C_COULOMB_PM.lst -Os -ffunction-sections -c .\Generated_Source\PSoC5\I2C_COULOMB_PM.c -o .\CortexM3\ARM_GCC_473\Release\I2C_COULOMB_PM.o
arm-none-eabi-gcc.exe -I. -I./Generated_Source/PSoC5 -Wno-main -mcpu=cortex-m3 -mthumb -Wall -g -D NDEBUG -Wa,-alh=.\CortexM3\ARM_GCC_473\Release\I2C_COULOMB_SLAVE.lst -Os -ffunction-sections -c .\Generated_Source\PSoC5\I2C_COULOMB_SLAVE.c -o .\CortexM3\ARM_GCC_473\Release\I2C_COULOMB_SLAVE.o
arm-none-eabi-gcc.exe -I. -I./Generated_Source/PSoC5 -Wno-main -mcpu=cortex-m3 -mthumb -Wall -g -D NDEBUG -Wa,-alh=.\CortexM3\ARM_GCC_473\Release\I2C_COULOMB_MASTER.lst -Os -ffunction-sections -c .\Generated_Source\PSoC5\I2C_COULOMB_MASTER.c -o .\CortexM3\ARM_GCC_473\Release\I2C_COULOMB_MASTER.o
arm-none-eabi-gcc.exe -I. -I./Generated_Source/PSoC5 -Wno-main -mcpu=cortex-m3 -mthumb -Wall -g -D NDEBUG -Wa,-alh=.\CortexM3\ARM_GCC_473\Release\PAN_MOT_FL.lst -Os -ffunction-sections -c .\Generated_Source\PSoC5\PAN_MOT_FL.c -o .\CortexM3\ARM_GCC_473\Release\PAN_MOT_FL.o
arm-none-eabi-gcc.exe -I. -I./Generated_Source/PSoC5 -Wno-main -mcpu=cortex-m3 -mthumb -Wall -g -D NDEBUG -Wa,-alh=.\CortexM3\ARM_GCC_473\Release\PAN_MOT_IN1.lst -Os -ffunction-sections -c .\Generated_Source\PSoC5\PAN_MOT_IN1.c -o .\CortexM3\ARM_GCC_473\Release\PAN_MOT_IN1.o
arm-none-eabi-gcc.exe -I. -I./Generated_Source/PSoC5 -Wno-main -mcpu=cortex-m3 -mthumb -Wall -g -D NDEBUG -Wa,-alh=.\CortexM3\ARM_GCC_473\Release\PAN_MOT_IN2.lst -Os -ffunction-sections -c .\Generated_Source\PSoC5\PAN_MOT_IN2.c -o .\CortexM3\ARM_GCC_473\Release\PAN_MOT_IN2.o
arm-none-eabi-gcc.exe -I. -I./Generated_Source/PSoC5 -Wno-main -mcpu=cortex-m3 -mthumb -Wall -g -D NDEBUG -Wa,-alh=.\CortexM3\ARM_GCC_473\Release\TILT_ENCA.lst -Os -ffunction-sections -c .\Generated_Source\PSoC5\TILT_ENCA.c -o .\CortexM3\ARM_GCC_473\Release\TILT_ENCA.o
arm-none-eabi-gcc.exe -I. -I./Generated_Source/PSoC5 -Wno-main -mcpu=cortex-m3 -mthumb -Wall -g -D NDEBUG -Wa,-alh=.\CortexM3\ARM_GCC_473\Release\QuadDec_TILT.lst -Os -ffunction-sections -c .\Generated_Source\PSoC5\QuadDec_TILT.c -o .\CortexM3\ARM_GCC_473\Release\QuadDec_TILT.o
arm-none-eabi-gcc.exe -I. -I./Generated_Source/PSoC5 -Wno-main -mcpu=cortex-m3 -mthumb -Wall -g -D NDEBUG -Wa,-alh=.\CortexM3\ARM_GCC_473\Release\QuadDec_TILT_INT.lst -Os -ffunction-sections -c .\Generated_Source\PSoC5\QuadDec_TILT_INT.c -o .\CortexM3\ARM_GCC_473\Release\QuadDec_TILT_INT.o
arm-none-eabi-gcc.exe -I. -I./Generated_Source/PSoC5 -Wno-main -mcpu=cortex-m3 -mthumb -Wall -g -D NDEBUG -Wa,-alh=.\CortexM3\ARM_GCC_473\Release\QuadDec_TILT_PM.lst -Os -ffunction-sections -c .\Generated_Source\PSoC5\QuadDec_TILT_PM.c -o .\CortexM3\ARM_GCC_473\Release\QuadDec_TILT_PM.o
arm-none-eabi-gcc.exe -I. -I./Generated_Source/PSoC5 -Wno-main -mcpu=cortex-m3 -mthumb -Wall -g -D NDEBUG -Wa,-alh=.\CortexM3\ARM_GCC_473\Release\Clock_2.lst -Os -ffunction-sections -c .\Generated_Source\PSoC5\Clock_2.c -o .\CortexM3\ARM_GCC_473\Release\Clock_2.o
arm-none-eabi-gcc.exe -I. -I./Generated_Source/PSoC5 -Wno-main -mcpu=cortex-m3 -mthumb -Wall -g -D NDEBUG -Wa,-alh=.\CortexM3\ARM_GCC_473\Release\CC_nALCC.lst -Os -ffunction-sections -c .\Generated_Source\PSoC5\CC_nALCC.c -o .\CortexM3\ARM_GCC_473\Release\CC_nALCC.o
arm-none-eabi-gcc.exe -I. -I./Generated_Source/PSoC5 -Wno-main -mcpu=cortex-m3 -mthumb -Wall -g -D NDEBUG -Wa,-alh=.\CortexM3\ARM_GCC_473\Release\TILT_MOT_FL.lst -Os -ffunction-sections -c .\Generated_Source\PSoC5\TILT_MOT_FL.c -o .\CortexM3\ARM_GCC_473\Release\TILT_MOT_FL.o
arm-none-eabi-gcc.exe -I. -I./Generated_Source/PSoC5 -Wno-main -mcpu=cortex-m3 -mthumb -Wall -g -D NDEBUG -Wa,-alh=.\CortexM3\ARM_GCC_473\Release\TILT_ENCB.lst -Os -ffunction-sections -c .\Generated_Source\PSoC5\TILT_ENCB.c -o .\CortexM3\ARM_GCC_473\Release\TILT_ENCB.o
arm-none-eabi-gcc.exe -I. -I./Generated_Source/PSoC5 -Wno-main -mcpu=cortex-m3 -mthumb -Wall -g -D NDEBUG -Wa,-alh=.\CortexM3\ARM_GCC_473\Release\PWM_MOTOR_TILT.lst -Os -ffunction-sections -c .\Generated_Source\PSoC5\PWM_MOTOR_TILT.c -o .\CortexM3\ARM_GCC_473\Release\PWM_MOTOR_TILT.o
arm-none-eabi-gcc.exe -I. -I./Generated_Source/PSoC5 -Wno-main -mcpu=cortex-m3 -mthumb -Wall -g -D NDEBUG -Wa,-alh=.\CortexM3\ARM_GCC_473\Release\PWM_MOTOR_TILT_PM.lst -Os -ffunction-sections -c .\Generated_Source\PSoC5\PWM_MOTOR_TILT_PM.c -o .\CortexM3\ARM_GCC_473\Release\PWM_MOTOR_TILT_PM.o
arm-none-eabi-gcc.exe -I. -I./Generated_Source/PSoC5 -Wno-main -mcpu=cortex-m3 -mthumb -Wall -g -D NDEBUG -Wa,-alh=.\CortexM3\ARM_GCC_473\Release\TILT_MOT_IN1.lst -Os -ffunction-sections -c .\Generated_Source\PSoC5\TILT_MOT_IN1.c -o .\CortexM3\ARM_GCC_473\Release\TILT_MOT_IN1.o
arm-none-eabi-gcc.exe -I. -I./Generated_Source/PSoC5 -Wno-main -mcpu=cortex-m3 -mthumb -Wall -g -D NDEBUG -Wa,-alh=.\CortexM3\ARM_GCC_473\Release\TILT_MOT_IN2.lst -Os -ffunction-sections -c .\Generated_Source\PSoC5\TILT_MOT_IN2.c -o .\CortexM3\ARM_GCC_473\Release\TILT_MOT_IN2.o
arm-none-eabi-gcc.exe -I. -I./Generated_Source/PSoC5 -Wno-main -mcpu=cortex-m3 -mthumb -Wall -g -D NDEBUG -Wa,-alh=.\CortexM3\ARM_GCC_473\Release\QuadDec_TILT_isr.lst -Os -ffunction-sections -c .\Generated_Source\PSoC5\QuadDec_TILT_isr.c -o .\CortexM3\ARM_GCC_473\Release\QuadDec_TILT_isr.o
arm-none-eabi-gcc.exe -I. -I./Generated_Source/PSoC5 -Wno-main -mcpu=cortex-m3 -mthumb -Wall -g -D NDEBUG -Wa,-alh=.\CortexM3\ARM_GCC_473\Release\QuadDec_TILT_Cnt16.lst -Os -ffunction-sections -c .\Generated_Source\PSoC5\QuadDec_TILT_Cnt16.c -o .\CortexM3\ARM_GCC_473\Release\QuadDec_TILT_Cnt16.o
arm-none-eabi-gcc.exe -I. -I./Generated_Source/PSoC5 -Wno-main -mcpu=cortex-m3 -mthumb -Wall -g -D NDEBUG -Wa,-alh=.\CortexM3\ARM_GCC_473\Release\QuadDec_TILT_Cnt16_PM.lst -Os -ffunction-sections -c .\Generated_Source\PSoC5\QuadDec_TILT_Cnt16_PM.c -o .\CortexM3\ARM_GCC_473\Release\QuadDec_TILT_Cnt16_PM.o
arm-none-eabi-gcc.exe -I. -I./Generated_Source/PSoC5 -Wno-main -mcpu=cortex-m3 -mthumb -Wall -g -D NDEBUG -Wa,-alh=.\CortexM3\ARM_GCC_473\Release\MISO_WIFI.lst -Os -ffunction-sections -c .\Generated_Source\PSoC5\MISO_WIFI.c -o .\CortexM3\ARM_GCC_473\Release\MISO_WIFI.o
arm-none-eabi-gcc.exe -I. -I./Generated_Source/PSoC5 -Wno-main -mcpu=cortex-m3 -mthumb -Wall -g -D NDEBUG -Wa,-alh=.\CortexM3\ARM_GCC_473\Release\MOSI_WIFI.lst -Os -ffunction-sections -c .\Generated_Source\PSoC5\MOSI_WIFI.c -o .\CortexM3\ARM_GCC_473\Release\MOSI_WIFI.o
arm-none-eabi-gcc.exe -I. -I./Generated_Source/PSoC5 -Wno-main -mcpu=cortex-m3 -mthumb -Wall -g -D NDEBUG -Wa,-alh=.\CortexM3\ARM_GCC_473\Release\SPIM_WIFI.lst -Os -ffunction-sections -c .\Generated_Source\PSoC5\SPIM_WIFI.c -o .\CortexM3\ARM_GCC_473\Release\SPIM_WIFI.o
arm-none-eabi-gcc.exe -I. -I./Generated_Source/PSoC5 -Wno-main -mcpu=cortex-m3 -mthumb -Wall -g -D NDEBUG -Wa,-alh=.\CortexM3\ARM_GCC_473\Release\SPIM_WIFI_PM.lst -Os -ffunction-sections -c .\Generated_Source\PSoC5\SPIM_WIFI_PM.c -o .\CortexM3\ARM_GCC_473\Release\SPIM_WIFI_PM.o
arm-none-eabi-gcc.exe -I. -I./Generated_Source/PSoC5 -Wno-main -mcpu=cortex-m3 -mthumb -Wall -g -D NDEBUG -Wa,-alh=.\CortexM3\ARM_GCC_473\Release\SPIM_WIFI_INT.lst -Os -ffunction-sections -c .\Generated_Source\PSoC5\SPIM_WIFI_INT.c -o .\CortexM3\ARM_GCC_473\Release\SPIM_WIFI_INT.o
arm-none-eabi-gcc.exe -I. -I./Generated_Source/PSoC5 -Wno-main -mcpu=cortex-m3 -mthumb -Wall -g -D NDEBUG -Wa,-alh=.\CortexM3\ARM_GCC_473\Release\SCLK_WIFI.lst -Os -ffunction-sections -c .\Generated_Source\PSoC5\SCLK_WIFI.c -o .\CortexM3\ARM_GCC_473\Release\SCLK_WIFI.o
arm-none-eabi-gcc.exe -I. -I./Generated_Source/PSoC5 -Wno-main -mcpu=cortex-m3 -mthumb -Wall -g -D NDEBUG -Wa,-alh=.\CortexM3\ARM_GCC_473\Release\Status_Reg_SYS.lst -Os -ffunction-sections -c .\Generated_Source\PSoC5\Status_Reg_SYS.c -o .\CortexM3\ARM_GCC_473\Release\Status_Reg_SYS.o
arm-none-eabi-gcc.exe -I. -I./Generated_Source/PSoC5 -Wno-main -mcpu=cortex-m3 -mthumb -Wall -g -D NDEBUG -Wa,-alh=.\CortexM3\ARM_GCC_473\Release\SS_WIFI.lst -Os -ffunction-sections -c .\Generated_Source\PSoC5\SS_WIFI.c -o .\CortexM3\ARM_GCC_473\Release\SS_WIFI.o
arm-none-eabi-gcc.exe -I. -I./Generated_Source/PSoC5 -Wno-main -mcpu=cortex-m3 -mthumb -Wall -g -D NDEBUG -Wa,-alh=.\CortexM3\ARM_GCC_473\Release\MISO_BLE.lst -Os -ffunction-sections -c .\Generated_Source\PSoC5\MISO_BLE.c -o .\CortexM3\ARM_GCC_473\Release\MISO_BLE.o
arm-none-eabi-gcc.exe -I. -I./Generated_Source/PSoC5 -Wno-main -mcpu=cortex-m3 -mthumb -Wall -g -D NDEBUG -Wa,-alh=.\CortexM3\ARM_GCC_473\Release\MOSI_BLE.lst -Os -ffunction-sections -c .\Generated_Source\PSoC5\MOSI_BLE.c -o .\CortexM3\ARM_GCC_473\Release\MOSI_BLE.o
arm-none-eabi-gcc.exe -I. -I./Generated_Source/PSoC5 -Wno-main -mcpu=cortex-m3 -mthumb -Wall -g -D NDEBUG -Wa,-alh=.\CortexM3\ARM_GCC_473\Release\SCLK_BLE.lst -Os -ffunction-sections -c .\Generated_Source\PSoC5\SCLK_BLE.c -o .\CortexM3\ARM_GCC_473\Release\SCLK_BLE.o
arm-none-eabi-gcc.exe -I. -I./Generated_Source/PSoC5 -Wno-main -mcpu=cortex-m3 -mthumb -Wall -g -D NDEBUG -Wa,-alh=.\CortexM3\ARM_GCC_473\Release\SPIM_BLE.lst -Os -ffunction-sections -c .\Generated_Source\PSoC5\SPIM_BLE.c -o .\CortexM3\ARM_GCC_473\Release\SPIM_BLE.o
arm-none-eabi-gcc.exe -I. -I./Generated_Source/PSoC5 -Wno-main -mcpu=cortex-m3 -mthumb -Wall -g -D NDEBUG -Wa,-alh=.\CortexM3\ARM_GCC_473\Release\SPIM_BLE_PM.lst -Os -ffunction-sections -c .\Generated_Source\PSoC5\SPIM_BLE_PM.c -o .\CortexM3\ARM_GCC_473\Release\SPIM_BLE_PM.o
arm-none-eabi-gcc.exe -I. -I./Generated_Source/PSoC5 -Wno-main -mcpu=cortex-m3 -mthumb -Wall -g -D NDEBUG -Wa,-alh=.\CortexM3\ARM_GCC_473\Release\SPIM_BLE_INT.lst -Os -ffunction-sections -c .\Generated_Source\PSoC5\SPIM_BLE_INT.c -o .\CortexM3\ARM_GCC_473\Release\SPIM_BLE_INT.o
arm-none-eabi-gcc.exe -I. -I./Generated_Source/PSoC5 -Wno-main -mcpu=cortex-m3 -mthumb -Wall -g -D NDEBUG -Wa,-alh=.\CortexM3\ARM_GCC_473\Release\SS_BLE.lst -Os -ffunction-sections -c .\Generated_Source\PSoC5\SS_BLE.c -o .\CortexM3\ARM_GCC_473\Release\SS_BLE.o
arm-none-eabi-gcc.exe -I. -I./Generated_Source/PSoC5 -Wno-main -mcpu=cortex-m3 -mthumb -Wall -g -D NDEBUG -Wa,-alh=.\CortexM3\ARM_GCC_473\Release\EN_WIFI.lst -Os -ffunction-sections -c .\Generated_Source\PSoC5\EN_WIFI.c -o .\CortexM3\ARM_GCC_473\Release\EN_WIFI.o
arm-none-eabi-gcc.exe -I. -I./Generated_Source/PSoC5 -Wno-main -mcpu=cortex-m3 -mthumb -Wall -g -D NDEBUG -Wa,-alh=.\CortexM3\ARM_GCC_473\Release\nRST_WIFI.lst -Os -ffunction-sections -c .\Generated_Source\PSoC5\nRST_WIFI.c -o .\CortexM3\ARM_GCC_473\Release\nRST_WIFI.o
arm-none-eabi-gcc.exe -I. -I./Generated_Source/PSoC5 -Wno-main -mcpu=cortex-m3 -mthumb -Wall -g -D NDEBUG -Wa,-alh=.\CortexM3\ARM_GCC_473\Release\WAKE_WIFI.lst -Os -ffunction-sections -c .\Generated_Source\PSoC5\WAKE_WIFI.c -o .\CortexM3\ARM_GCC_473\Release\WAKE_WIFI.o
arm-none-eabi-gcc.exe -I. -I./Generated_Source/PSoC5 -Wno-main -mcpu=cortex-m3 -mthumb -Wall -g -D NDEBUG -Wa,-alh=.\CortexM3\ARM_GCC_473\Release\IRQ_WIFI.lst -Os -ffunction-sections -c .\Generated_Source\PSoC5\IRQ_WIFI.c -o .\CortexM3\ARM_GCC_473\Release\IRQ_WIFI.o
arm-none-eabi-gcc.exe -I. -I./Generated_Source/PSoC5 -Wno-main -mcpu=cortex-m3 -mthumb -Wall -g -D NDEBUG -Wa,-alh=.\CortexM3\ARM_GCC_473\Release\isr_WIFI.lst -Os -ffunction-sections -c .\Generated_Source\PSoC5\isr_WIFI.c -o .\CortexM3\ARM_GCC_473\Release\isr_WIFI.o
arm-none-eabi-gcc.exe -I. -I./Generated_Source/PSoC5 -Wno-main -mcpu=cortex-m3 -mthumb -Wall -g -D NDEBUG -Wa,-alh=.\CortexM3\ARM_GCC_473\Release\SENSE_IPAN.lst -Os -ffunction-sections -c .\Generated_Source\PSoC5\SENSE_IPAN.c -o .\CortexM3\ARM_GCC_473\Release\SENSE_IPAN.o
arm-none-eabi-gcc.exe -I. -I./Generated_Source/PSoC5 -Wno-main -mcpu=cortex-m3 -mthumb -Wall -g -D NDEBUG -Wa,-alh=.\CortexM3\ARM_GCC_473\Release\SENSE_ITILT.lst -Os -ffunction-sections -c .\Generated_Source\PSoC5\SENSE_ITILT.c -o .\CortexM3\ARM_GCC_473\Release\SENSE_ITILT.o
arm-none-eabi-gcc.exe -I. -I./Generated_Source/PSoC5 -Wno-main -mcpu=cortex-m3 -mthumb -Wall -g -D NDEBUG -Wa,-alh=.\CortexM3\ARM_GCC_473\Release\ANAPOS_OUTPUT.lst -Os -ffunction-sections -c .\Generated_Source\PSoC5\ANAPOS_OUTPUT.c -o .\CortexM3\ARM_GCC_473\Release\ANAPOS_OUTPUT.o
arm-none-eabi-gcc.exe -I. -I./Generated_Source/PSoC5 -Wno-main -mcpu=cortex-m3 -mthumb -Wall -g -D NDEBUG -Wa,-alh=.\CortexM3\ARM_GCC_473\Release\ASTIM_OUTPUT.lst -Os -ffunction-sections -c .\Generated_Source\PSoC5\ASTIM_OUTPUT.c -o .\CortexM3\ARM_GCC_473\Release\ASTIM_OUTPUT.o
arm-none-eabi-gcc.exe -I. -I./Generated_Source/PSoC5 -Wno-main -mcpu=cortex-m3 -mthumb -Wall -g -D NDEBUG -Wa,-alh=.\CortexM3\ARM_GCC_473\Release\PGA_ASTIM.lst -Os -ffunction-sections -c .\Generated_Source\PSoC5\PGA_ASTIM.c -o .\CortexM3\ARM_GCC_473\Release\PGA_ASTIM.o
arm-none-eabi-gcc.exe -I. -I./Generated_Source/PSoC5 -Wno-main -mcpu=cortex-m3 -mthumb -Wall -g -D NDEBUG -Wa,-alh=.\CortexM3\ARM_GCC_473\Release\PGA_ASTIM_PM.lst -Os -ffunction-sections -c .\Generated_Source\PSoC5\PGA_ASTIM_PM.c -o .\CortexM3\ARM_GCC_473\Release\PGA_ASTIM_PM.o
arm-none-eabi-gcc.exe -I. -I./Generated_Source/PSoC5 -Wno-main -mcpu=cortex-m3 -mthumb -Wall -g -D NDEBUG -Wa,-alh=.\CortexM3\ARM_GCC_473\Release\HOME_PAN.lst -Os -ffunction-sections -c .\Generated_Source\PSoC5\HOME_PAN.c -o .\CortexM3\ARM_GCC_473\Release\HOME_PAN.o
arm-none-eabi-gcc.exe -I. -I./Generated_Source/PSoC5 -Wno-main -mcpu=cortex-m3 -mthumb -Wall -g -D NDEBUG -Wa,-alh=.\CortexM3\ARM_GCC_473\Release\Clock_SYS.lst -Os -ffunction-sections -c .\Generated_Source\PSoC5\Clock_SYS.c -o .\CortexM3\ARM_GCC_473\Release\Clock_SYS.o
arm-none-eabi-gcc.exe -I. -I./Generated_Source/PSoC5 -Wno-main -mcpu=cortex-m3 -mthumb -Wall -g -D NDEBUG -Wa,-alh=.\CortexM3\ARM_GCC_473\Release\HOME_TILT.lst -Os -ffunction-sections -c .\Generated_Source\PSoC5\HOME_TILT.c -o .\CortexM3\ARM_GCC_473\Release\HOME_TILT.o
arm-none-eabi-gcc.exe -I. -I./Generated_Source/PSoC5 -Wno-main -mcpu=cortex-m3 -mthumb -Wall -g -D NDEBUG -Wa,-alh=.\CortexM3\ARM_GCC_473\Release\Clock_WIFI.lst -Os -ffunction-sections -c .\Generated_Source\PSoC5\Clock_WIFI.c -o .\CortexM3\ARM_GCC_473\Release\Clock_WIFI.o
arm-none-eabi-gcc.exe -I. -I./Generated_Source/PSoC5 -Wno-main -mcpu=cortex-m3 -mthumb -Wall -g -D NDEBUG -Wa,-alh=.\CortexM3\ARM_GCC_473\Release\UART_IMU.lst -Os -ffunction-sections -c .\Generated_Source\PSoC5\UART_IMU.c -o .\CortexM3\ARM_GCC_473\Release\UART_IMU.o
arm-none-eabi-gcc.exe -I. -I./Generated_Source/PSoC5 -Wno-main -mcpu=cortex-m3 -mthumb -Wall -g -D NDEBUG -Wa,-alh=.\CortexM3\ARM_GCC_473\Release\UART_IMU_PM.lst -Os -ffunction-sections -c .\Generated_Source\PSoC5\UART_IMU_PM.c -o .\CortexM3\ARM_GCC_473\Release\UART_IMU_PM.o
arm-none-eabi-gcc.exe -I. -I./Generated_Source/PSoC5 -Wno-main -mcpu=cortex-m3 -mthumb -Wall -g -D NDEBUG -Wa,-alh=.\CortexM3\ARM_GCC_473\Release\UART_IMU_INT.lst -Os -ffunction-sections -c .\Generated_Source\PSoC5\UART_IMU_INT.c -o .\CortexM3\ARM_GCC_473\Release\UART_IMU_INT.o
arm-none-eabi-gcc.exe -I. -I./Generated_Source/PSoC5 -Wno-main -mcpu=cortex-m3 -mthumb -Wall -g -D NDEBUG -Wa,-alh=.\CortexM3\ARM_GCC_473\Release\UART_IMU_BOOT.lst -Os -ffunction-sections -c .\Generated_Source\PSoC5\UART_IMU_BOOT.c -o .\CortexM3\ARM_GCC_473\Release\UART_IMU_BOOT.o
arm-none-eabi-gcc.exe -I. -I./Generated_Source/PSoC5 -Wno-main -mcpu=cortex-m3 -mthumb -Wall -g -D NDEBUG -Wa,-alh=.\CortexM3\ARM_GCC_473\Release\UART_IMU_IntClock.lst -Os -ffunction-sections -c .\Generated_Source\PSoC5\UART_IMU_IntClock.c -o .\CortexM3\ARM_GCC_473\Release\UART_IMU_IntClock.o
arm-none-eabi-gcc.exe -I. -I./Generated_Source/PSoC5 -Wno-main -mcpu=cortex-m3 -mthumb -Wall -g -D NDEBUG -Wa,-alh=.\CortexM3\ARM_GCC_473\Release\LED_WIFI_OK.lst -Os -ffunction-sections -c .\Generated_Source\PSoC5\LED_WIFI_OK.c -o .\CortexM3\ARM_GCC_473\Release\LED_WIFI_OK.o
arm-none-eabi-gcc.exe -I. -I./Generated_Source/PSoC5 -Wno-main -mcpu=cortex-m3 -mthumb -Wall -g -D NDEBUG -Wa,-alh=.\CortexM3\ARM_GCC_473\Release\LED_WIFI_FAULT.lst -Os -ffunction-sections -c .\Generated_Source\PSoC5\LED_WIFI_FAULT.c -o .\CortexM3\ARM_GCC_473\Release\LED_WIFI_FAULT.o
arm-none-eabi-gcc.exe -I. -I./Generated_Source/PSoC5 -Wno-main -mcpu=cortex-m3 -mthumb -Wall -g -D NDEBUG -Wa,-alh=.\CortexM3\ARM_GCC_473\Release\BLE_XRES.lst -Os -ffunction-sections -c .\Generated_Source\PSoC5\BLE_XRES.c -o .\CortexM3\ARM_GCC_473\Release\BLE_XRES.o
arm-none-eabi-gcc.exe -I. -I./Generated_Source/PSoC5 -Wno-main -mcpu=cortex-m3 -mthumb -Wall -g -D NDEBUG -Wa,-alh=.\CortexM3\ARM_GCC_473\Release\Control_Reg_BLE.lst -Os -ffunction-sections -c .\Generated_Source\PSoC5\Control_Reg_BLE.c -o .\CortexM3\ARM_GCC_473\Release\Control_Reg_BLE.o
arm-none-eabi-gcc.exe -I. -I./Generated_Source/PSoC5 -Wno-main -mcpu=cortex-m3 -mthumb -Wall -g -D NDEBUG -Wa,-alh=.\CortexM3\ARM_GCC_473\Release\DEBUG_LED.lst -Os -ffunction-sections -c .\Generated_Source\PSoC5\DEBUG_LED.c -o .\CortexM3\ARM_GCC_473\Release\DEBUG_LED.o
arm-none-eabi-gcc.exe -I. -I./Generated_Source/PSoC5 -Wno-main -mcpu=cortex-m3 -mthumb -Wall -g -D NDEBUG -Wa,-alh=.\CortexM3\ARM_GCC_473\Release\Status_Reg_MOTORS.lst -Os -ffunction-sections -c .\Generated_Source\PSoC5\Status_Reg_MOTORS.c -o .\CortexM3\ARM_GCC_473\Release\Status_Reg_MOTORS.o
arm-none-eabi-ar.exe -rs .\CortexM3\ARM_GCC_473\Release\GobeeDir.a .\CortexM3\ARM_GCC_473\Release\cyfitter_cfg.o .\CortexM3\ARM_GCC_473\Release\ADXL_X.o .\CortexM3\ARM_GCC_473\Release\ADXL_Y.o .\CortexM3\ARM_GCC_473\Release\ADC.o .\CortexM3\ARM_GCC_473\Release\ADC_PM.o .\CortexM3\ARM_GCC_473\Release\ADC_INT.o .\CortexM3\ARM_GCC_473\Release\UART_USB.o .\CortexM3\ARM_GCC_473\Release\UART_USB_PM.o .\CortexM3\ARM_GCC_473\Release\UART_USB_INT.o .\CortexM3\ARM_GCC_473\Release\UART_USB_BOOT.o .\CortexM3\ARM_GCC_473\Release\VREF.o .\CortexM3\ARM_GCC_473\Release\Control_Reg_LED.o .\CortexM3\ARM_GCC_473\Release\LED_OK.o .\CortexM3\ARM_GCC_473\Release\EEPROM.o .\CortexM3\ARM_GCC_473\Release\AMuxSeq.o .\CortexM3\ARM_GCC_473\Release\isr_CTRL.o .\CortexM3\ARM_GCC_473\Release\Clock_CTRL.o .\CortexM3\ARM_GCC_473\Release\Status_Reg_BUTTON.o .\CortexM3\ARM_GCC_473\Release\Counter_LED.o .\CortexM3\ARM_GCC_473\Release\Counter_LED_PM.o .\CortexM3\ARM_GCC_473\Release\LED_FAULT.o .\CortexM3\ARM_GCC_473\Release\ADC_theACLK.o .\CortexM3\ARM_GCC_473\Release\ADC_Ext_CP_Clk.o .\CortexM3\ARM_GCC_473\Release\UART_USB_IntClock.o .\CortexM3\ARM_GCC_473\Release\CyBootAsmGnu.o .\CortexM3\ARM_GCC_473\Release\CyDmac.o .\CortexM3\ARM_GCC_473\Release\CyFlash.o .\CortexM3\ARM_GCC_473\Release\CyLib.o .\CortexM3\ARM_GCC_473\Release\cyPm.o .\CortexM3\ARM_GCC_473\Release\CySpc.o .\CortexM3\ARM_GCC_473\Release\cyutils.o .\CortexM3\ARM_GCC_473\Release\nBUTTON_PUSH.o .\CortexM3\ARM_GCC_473\Release\nBUTTON_CW.o .\CortexM3\ARM_GCC_473\Release\SENSE_VCC.o .\CortexM3\ARM_GCC_473\Release\ADXL_Z.o .\CortexM3\ARM_GCC_473\Release\nBUTTON_CCW.o .\CortexM3\ARM_GCC_473\Release\Control_Reg_BUZ.o .\CortexM3\ARM_GCC_473\Release\BUZ.o .\CortexM3\ARM_GCC_473\Release\Control_Reg_MOTOR.o .\CortexM3\ARM_GCC_473\Release\QuadDec_PAN.o .\CortexM3\ARM_GCC_473\Release\QuadDec_PAN_INT.o .\CortexM3\ARM_GCC_473\Release\QuadDec_PAN_PM.o .\CortexM3\ARM_GCC_473\Release\QuadDec_PAN_isr.o .\CortexM3\ARM_GCC_473\Release\QuadDec_PAN_Cnt16.o .\CortexM3\ARM_GCC_473\Release\QuadDec_PAN_Cnt16_PM.o .\CortexM3\ARM_GCC_473\Release\MOT_SLEEPn.o .\CortexM3\ARM_GCC_473\Release\ITG_INT.o .\CortexM3\ARM_GCC_473\Release\Control_Reg_SYS.o .\CortexM3\ARM_GCC_473\Release\V5_PHER_nSHDN.o .\CortexM3\ARM_GCC_473\Release\V3_nSHDN.o .\CortexM3\ARM_GCC_473\Release\ADXL_ST.o .\CortexM3\ARM_GCC_473\Release\BAT_FAULTn.o .\CortexM3\ARM_GCC_473\Release\BAT_CHRGn.o .\CortexM3\ARM_GCC_473\Release\ADC_IRQ.o .\CortexM3\ARM_GCC_473\Release\isr_Ticks.o .\CortexM3\ARM_GCC_473\Release\PWM_MOTOR_PAN.o .\CortexM3\ARM_GCC_473\Release\PWM_MOTOR_PAN_PM.o .\CortexM3\ARM_GCC_473\Release\isr_BUTTON.o .\CortexM3\ARM_GCC_473\Release\WaveDAC8.o .\CortexM3\ARM_GCC_473\Release\WaveDAC8_PM.o .\CortexM3\ARM_GCC_473\Release\WaveDAC8_DacClk.o .\CortexM3\ARM_GCC_473\Release\WaveDAC8_Wave1_DMA_dma.o .\CortexM3\ARM_GCC_473\Release\WaveDAC8_Wave2_DMA_dma.o .\CortexM3\ARM_GCC_473\Release\WaveDAC8_VDAC8.o .\CortexM3\ARM_GCC_473\Release\WaveDAC8_VDAC8_PM.o .\CortexM3\ARM_GCC_473\Release\WaveDAC8_BuffAmp.o .\CortexM3\ARM_GCC_473\Release\WaveDAC8_BuffAmp_PM.o .\CortexM3\ARM_GCC_473\Release\VDAC8_ANAPOS.o .\CortexM3\ARM_GCC_473\Release\VDAC8_ANAPOS_PM.o .\CortexM3\ARM_GCC_473\Release\isr_DAS.o .\CortexM3\ARM_GCC_473\Release\isr_EVENTS_IDENTIF.o .\CortexM3\ARM_GCC_473\Release\PAN_ENCA.o .\CortexM3\ARM_GCC_473\Release\PAN_ENCB.o .\CortexM3\ARM_GCC_473\Release\CC_SCL.o .\CortexM3\ARM_GCC_473\Release\CC_SDA.o .\CortexM3\ARM_GCC_473\Release\I2C_COULOMB.o .\CortexM3\ARM_GCC_473\Release\I2C_COULOMB_BOOT.o .\CortexM3\ARM_GCC_473\Release\I2C_COULOMB_INT.o .\CortexM3\ARM_GCC_473\Release\I2C_COULOMB_PM.o .\CortexM3\ARM_GCC_473\Release\I2C_COULOMB_SLAVE.o .\CortexM3\ARM_GCC_473\Release\I2C_COULOMB_MASTER.o .\CortexM3\ARM_GCC_473\Release\PAN_MOT_FL.o .\CortexM3\ARM_GCC_473\Release\PAN_MOT_IN1.o .\CortexM3\ARM_GCC_473\Release\PAN_MOT_IN2.o .\CortexM3\ARM_GCC_473\Release\TILT_ENCA.o .\CortexM3\ARM_GCC_473\Release\QuadDec_TILT.o .\CortexM3\ARM_GCC_473\Release\QuadDec_TILT_INT.o .\CortexM3\ARM_GCC_473\Release\QuadDec_TILT_PM.o .\CortexM3\ARM_GCC_473\Release\Clock_2.o .\CortexM3\ARM_GCC_473\Release\CC_nALCC.o .\CortexM3\ARM_GCC_473\Release\TILT_MOT_FL.o .\CortexM3\ARM_GCC_473\Release\TILT_ENCB.o .\CortexM3\ARM_GCC_473\Release\PWM_MOTOR_TILT.o .\CortexM3\ARM_GCC_473\Release\PWM_MOTOR_TILT_PM.o .\CortexM3\ARM_GCC_473\Release\TILT_MOT_IN1.o .\CortexM3\ARM_GCC_473\Release\TILT_MOT_IN2.o .\CortexM3\ARM_GCC_473\Release\QuadDec_TILT_isr.o .\CortexM3\ARM_GCC_473\Release\QuadDec_TILT_Cnt16.o .\CortexM3\ARM_GCC_473\Release\QuadDec_TILT_Cnt16_PM.o .\CortexM3\ARM_GCC_473\Release\MISO_WIFI.o .\CortexM3\ARM_GCC_473\Release\MOSI_WIFI.o .\CortexM3\ARM_GCC_473\Release\SPIM_WIFI.o .\CortexM3\ARM_GCC_473\Release\SPIM_WIFI_PM.o .\CortexM3\ARM_GCC_473\Release\SPIM_WIFI_INT.o .\CortexM3\ARM_GCC_473\Release\SCLK_WIFI.o .\CortexM3\ARM_GCC_473\Release\Status_Reg_SYS.o .\CortexM3\ARM_GCC_473\Release\SS_WIFI.o .\CortexM3\ARM_GCC_473\Release\MISO_BLE.o .\CortexM3\ARM_GCC_473\Release\MOSI_BLE.o .\CortexM3\ARM_GCC_473\Release\SCLK_BLE.o .\CortexM3\ARM_GCC_473\Release\SPIM_BLE.o .\CortexM3\ARM_GCC_473\Release\SPIM_BLE_PM.o .\CortexM3\ARM_GCC_473\Release\SPIM_BLE_INT.o .\CortexM3\ARM_GCC_473\Release\SS_BLE.o .\CortexM3\ARM_GCC_473\Release\EN_WIFI.o .\CortexM3\ARM_GCC_473\Release\nRST_WIFI.o .\CortexM3\ARM_GCC_473\Release\WAKE_WIFI.o .\CortexM3\ARM_GCC_473\Release\IRQ_WIFI.o .\CortexM3\ARM_GCC_473\Release\isr_WIFI.o .\CortexM3\ARM_GCC_473\Release\SENSE_IPAN.o .\CortexM3\ARM_GCC_473\Release\SENSE_ITILT.o .\CortexM3\ARM_GCC_473\Release\ANAPOS_OUTPUT.o .\CortexM3\ARM_GCC_473\Release\ASTIM_OUTPUT.o .\CortexM3\ARM_GCC_473\Release\PGA_ASTIM.o .\CortexM3\ARM_GCC_473\Release\PGA_ASTIM_PM.o .\CortexM3\ARM_GCC_473\Release\HOME_PAN.o .\CortexM3\ARM_GCC_473\Release\Clock_SYS.o .\CortexM3\ARM_GCC_473\Release\HOME_TILT.o .\CortexM3\ARM_GCC_473\Release\Clock_WIFI.o .\CortexM3\ARM_GCC_473\Release\UART_IMU.o .\CortexM3\ARM_GCC_473\Release\UART_IMU_PM.o .\CortexM3\ARM_GCC_473\Release\UART_IMU_INT.o .\CortexM3\ARM_GCC_473\Release\UART_IMU_BOOT.o .\CortexM3\ARM_GCC_473\Release\UART_IMU_IntClock.o .\CortexM3\ARM_GCC_473\Release\LED_WIFI_OK.o .\CortexM3\ARM_GCC_473\Release\LED_WIFI_FAULT.o .\CortexM3\ARM_GCC_473\Release\BLE_XRES.o .\CortexM3\ARM_GCC_473\Release\Control_Reg_BLE.o .\CortexM3\ARM_GCC_473\Release\DEBUG_LED.o .\CortexM3\ARM_GCC_473\Release\Status_Reg_MOTORS.o
arm-none-eabi-ar.exe: creating .\CortexM3\ARM_GCC_473\Release\GobeeDir.a
arm-none-eabi-gcc.exe -mthumb -march=armv7-m -mfix-cortex-m3-ldrd -T .\Generated_Source\PSoC5\cm3gcc.ld -g -Wl,-Map,.\CortexM3\ARM_GCC_473\Release\GobeeDir.map -specs=nano.specs -Wl,--gc-sections -Wl,--start-group -o .\CortexM3\ARM_GCC_473\Release\GobeeDir.elf .\CortexM3\ARM_GCC_473\Release\main.o .\CortexM3\ARM_GCC_473\Release\console.o .\CortexM3\ARM_GCC_473\Release\gobeelib.o .\CortexM3\ARM_GCC_473\Release\motor_CTRL.o .\CortexM3\ARM_GCC_473\Release\sensor_CTRL.o .\CortexM3\ARM_GCC_473\Release\pid_lib.o .\CortexM3\ARM_GCC_473\Release\estimators.o .\CortexM3\ARM_GCC_473\Release\das.o .\CortexM3\ARM_GCC_473\Release\ITG-3701.o .\CortexM3\ARM_GCC_473\Release\My_I2C_lib.o .\CortexM3\ARM_GCC_473\Release\mover.o .\CortexM3\ARM_GCC_473\Release\Cm3Start.o .\CortexM3\ARM_GCC_473\Release\cymetadata.o .\CortexM3\ARM_GCC_473\Release\GobeeDir.a "C:\Program Files (x86)\Cypress\PSoC Creator\3.0\PSoC Creator\psoc\content\cycomponentlibrary\CyComponentLibrary.cylib\CortexM3\ARM_GCC_473\Release\CyComponentLibrary.a" -Wl,--end-group
.\CortexM3\ARM_GCC_473\Release\sensor_CTRL.o: In function `sensor_control':
C:\Users\Graziano\Desktop\PSOC CODES\GOBEE DIRECTOR\Vers.0.0-T05 2017-0201 C3.0 (test board V)\GobeeDir.cydsn/.\sensor_CTRL.c:143: undefined reference to `sqrt'
collect2.exe: error: ld returned 1 exit status
The command 'arm-none-eabi-gcc.exe' failed with exit code '1'.
--------------- Build Failed: 02/01/2017 16:14:45 ---------------
