ARM GAS  C:\Users\Graziano\AppData\Local\Temp\ccECyNQc.s 			page 1


   1              		.syntax unified
   2              		.cpu cortex-m3
   3              		.fpu softvfp
   4              		.eabi_attribute 20, 1
   5              		.eabi_attribute 21, 1
   6              		.eabi_attribute 23, 3
   7              		.eabi_attribute 24, 1
   8              		.eabi_attribute 25, 1
   9              		.eabi_attribute 26, 1
  10              		.eabi_attribute 30, 4
  11              		.eabi_attribute 34, 1
  12              		.eabi_attribute 18, 4
  13              		.thumb
  14              		.file	"isr_DAS.c"
  15              		.text
  16              	.Ltext0:
  17              		.cfi_sections	.debug_frame
  18              		.section	.text.isr_DAS_Interrupt,"ax",%progbits
  19              		.align	1
  20              		.global	isr_DAS_Interrupt
  21              		.thumb
  22              		.thumb_func
  23              		.type	isr_DAS_Interrupt, %function
  24              	isr_DAS_Interrupt:
  25              	.LFB3:
  26              		.file 1 ".\\Generated_Source\\PSoC5\\isr_DAS.c"
   1:.\Generated_Source\PSoC5/isr_DAS.c **** /*******************************************************************************
   2:.\Generated_Source\PSoC5/isr_DAS.c **** * File Name: isr_DAS.c  
   3:.\Generated_Source\PSoC5/isr_DAS.c **** * Version 1.70
   4:.\Generated_Source\PSoC5/isr_DAS.c **** *
   5:.\Generated_Source\PSoC5/isr_DAS.c **** *  Description:
   6:.\Generated_Source\PSoC5/isr_DAS.c **** *   API for controlling the state of an interrupt.
   7:.\Generated_Source\PSoC5/isr_DAS.c **** *
   8:.\Generated_Source\PSoC5/isr_DAS.c **** *
   9:.\Generated_Source\PSoC5/isr_DAS.c **** *  Note:
  10:.\Generated_Source\PSoC5/isr_DAS.c **** *
  11:.\Generated_Source\PSoC5/isr_DAS.c **** ********************************************************************************
  12:.\Generated_Source\PSoC5/isr_DAS.c **** * Copyright 2008-2012, Cypress Semiconductor Corporation.  All rights reserved.
  13:.\Generated_Source\PSoC5/isr_DAS.c **** * You may use this file only in accordance with the license, terms, conditions, 
  14:.\Generated_Source\PSoC5/isr_DAS.c **** * disclaimers, and limitations in the end user license agreement accompanying 
  15:.\Generated_Source\PSoC5/isr_DAS.c **** * the software package with which this file was provided.
  16:.\Generated_Source\PSoC5/isr_DAS.c **** *******************************************************************************/
  17:.\Generated_Source\PSoC5/isr_DAS.c **** 
  18:.\Generated_Source\PSoC5/isr_DAS.c **** 
  19:.\Generated_Source\PSoC5/isr_DAS.c **** #include <cydevice_trm.h>
  20:.\Generated_Source\PSoC5/isr_DAS.c **** #include <CyLib.h>
  21:.\Generated_Source\PSoC5/isr_DAS.c **** #include <isr_DAS.h>
  22:.\Generated_Source\PSoC5/isr_DAS.c **** 
  23:.\Generated_Source\PSoC5/isr_DAS.c **** #if !defined(isr_DAS__REMOVED) /* Check for removal by optimization */
  24:.\Generated_Source\PSoC5/isr_DAS.c **** 
  25:.\Generated_Source\PSoC5/isr_DAS.c **** /*******************************************************************************
  26:.\Generated_Source\PSoC5/isr_DAS.c **** *  Place your includes, defines and code here 
  27:.\Generated_Source\PSoC5/isr_DAS.c **** ********************************************************************************/
  28:.\Generated_Source\PSoC5/isr_DAS.c **** /* `#START isr_DAS_intc` */
  29:.\Generated_Source\PSoC5/isr_DAS.c **** 
  30:.\Generated_Source\PSoC5/isr_DAS.c **** #include <das.h>
  31:.\Generated_Source\PSoC5/isr_DAS.c **** 	
ARM GAS  C:\Users\Graziano\AppData\Local\Temp\ccECyNQc.s 			page 2


  32:.\Generated_Source\PSoC5/isr_DAS.c **** /* `#END` */
  33:.\Generated_Source\PSoC5/isr_DAS.c **** 
  34:.\Generated_Source\PSoC5/isr_DAS.c **** #ifndef CYINT_IRQ_BASE
  35:.\Generated_Source\PSoC5/isr_DAS.c **** #define CYINT_IRQ_BASE      16
  36:.\Generated_Source\PSoC5/isr_DAS.c **** #endif /* CYINT_IRQ_BASE */
  37:.\Generated_Source\PSoC5/isr_DAS.c **** #ifndef CYINT_VECT_TABLE
  38:.\Generated_Source\PSoC5/isr_DAS.c **** #define CYINT_VECT_TABLE    ((cyisraddress **) CYREG_NVIC_VECT_OFFSET)
  39:.\Generated_Source\PSoC5/isr_DAS.c **** #endif /* CYINT_VECT_TABLE */
  40:.\Generated_Source\PSoC5/isr_DAS.c **** 
  41:.\Generated_Source\PSoC5/isr_DAS.c **** /* Declared in startup, used to set unused interrupts to. */
  42:.\Generated_Source\PSoC5/isr_DAS.c **** CY_ISR_PROTO(IntDefaultHandler);
  43:.\Generated_Source\PSoC5/isr_DAS.c **** 
  44:.\Generated_Source\PSoC5/isr_DAS.c **** 
  45:.\Generated_Source\PSoC5/isr_DAS.c **** /*******************************************************************************
  46:.\Generated_Source\PSoC5/isr_DAS.c **** * Function Name: isr_DAS_Start
  47:.\Generated_Source\PSoC5/isr_DAS.c **** ********************************************************************************
  48:.\Generated_Source\PSoC5/isr_DAS.c **** *
  49:.\Generated_Source\PSoC5/isr_DAS.c **** * Summary:
  50:.\Generated_Source\PSoC5/isr_DAS.c **** *  Set up the interrupt and enable it.
  51:.\Generated_Source\PSoC5/isr_DAS.c **** *
  52:.\Generated_Source\PSoC5/isr_DAS.c **** * Parameters:  
  53:.\Generated_Source\PSoC5/isr_DAS.c **** *   None
  54:.\Generated_Source\PSoC5/isr_DAS.c **** *
  55:.\Generated_Source\PSoC5/isr_DAS.c **** * Return:
  56:.\Generated_Source\PSoC5/isr_DAS.c **** *   None
  57:.\Generated_Source\PSoC5/isr_DAS.c **** *
  58:.\Generated_Source\PSoC5/isr_DAS.c **** *******************************************************************************/
  59:.\Generated_Source\PSoC5/isr_DAS.c **** void isr_DAS_Start(void)
  60:.\Generated_Source\PSoC5/isr_DAS.c **** {
  61:.\Generated_Source\PSoC5/isr_DAS.c ****     /* For all we know the interrupt is active. */
  62:.\Generated_Source\PSoC5/isr_DAS.c ****     isr_DAS_Disable();
  63:.\Generated_Source\PSoC5/isr_DAS.c **** 
  64:.\Generated_Source\PSoC5/isr_DAS.c ****     /* Set the ISR to point to the isr_DAS Interrupt. */
  65:.\Generated_Source\PSoC5/isr_DAS.c ****     isr_DAS_SetVector(&isr_DAS_Interrupt);
  66:.\Generated_Source\PSoC5/isr_DAS.c **** 
  67:.\Generated_Source\PSoC5/isr_DAS.c ****     /* Set the priority. */
  68:.\Generated_Source\PSoC5/isr_DAS.c ****     isr_DAS_SetPriority((uint8)isr_DAS_INTC_PRIOR_NUMBER);
  69:.\Generated_Source\PSoC5/isr_DAS.c **** 
  70:.\Generated_Source\PSoC5/isr_DAS.c ****     /* Enable it. */
  71:.\Generated_Source\PSoC5/isr_DAS.c ****     isr_DAS_Enable();
  72:.\Generated_Source\PSoC5/isr_DAS.c **** }
  73:.\Generated_Source\PSoC5/isr_DAS.c **** 
  74:.\Generated_Source\PSoC5/isr_DAS.c **** 
  75:.\Generated_Source\PSoC5/isr_DAS.c **** /*******************************************************************************
  76:.\Generated_Source\PSoC5/isr_DAS.c **** * Function Name: isr_DAS_StartEx
  77:.\Generated_Source\PSoC5/isr_DAS.c **** ********************************************************************************
  78:.\Generated_Source\PSoC5/isr_DAS.c **** *
  79:.\Generated_Source\PSoC5/isr_DAS.c **** * Summary:
  80:.\Generated_Source\PSoC5/isr_DAS.c **** *  Set up the interrupt and enable it.
  81:.\Generated_Source\PSoC5/isr_DAS.c **** *
  82:.\Generated_Source\PSoC5/isr_DAS.c **** * Parameters:  
  83:.\Generated_Source\PSoC5/isr_DAS.c **** *   address: Address of the ISR to set in the interrupt vector table.
  84:.\Generated_Source\PSoC5/isr_DAS.c **** *
  85:.\Generated_Source\PSoC5/isr_DAS.c **** * Return:
  86:.\Generated_Source\PSoC5/isr_DAS.c **** *   None
  87:.\Generated_Source\PSoC5/isr_DAS.c **** *
  88:.\Generated_Source\PSoC5/isr_DAS.c **** *******************************************************************************/
ARM GAS  C:\Users\Graziano\AppData\Local\Temp\ccECyNQc.s 			page 3


  89:.\Generated_Source\PSoC5/isr_DAS.c **** void isr_DAS_StartEx(cyisraddress address)
  90:.\Generated_Source\PSoC5/isr_DAS.c **** {
  91:.\Generated_Source\PSoC5/isr_DAS.c ****     /* For all we know the interrupt is active. */
  92:.\Generated_Source\PSoC5/isr_DAS.c ****     isr_DAS_Disable();
  93:.\Generated_Source\PSoC5/isr_DAS.c **** 
  94:.\Generated_Source\PSoC5/isr_DAS.c ****     /* Set the ISR to point to the isr_DAS Interrupt. */
  95:.\Generated_Source\PSoC5/isr_DAS.c ****     isr_DAS_SetVector(address);
  96:.\Generated_Source\PSoC5/isr_DAS.c **** 
  97:.\Generated_Source\PSoC5/isr_DAS.c ****     /* Set the priority. */
  98:.\Generated_Source\PSoC5/isr_DAS.c ****     isr_DAS_SetPriority((uint8)isr_DAS_INTC_PRIOR_NUMBER);
  99:.\Generated_Source\PSoC5/isr_DAS.c **** 
 100:.\Generated_Source\PSoC5/isr_DAS.c ****     /* Enable it. */
 101:.\Generated_Source\PSoC5/isr_DAS.c ****     isr_DAS_Enable();
 102:.\Generated_Source\PSoC5/isr_DAS.c **** }
 103:.\Generated_Source\PSoC5/isr_DAS.c **** 
 104:.\Generated_Source\PSoC5/isr_DAS.c **** 
 105:.\Generated_Source\PSoC5/isr_DAS.c **** /*******************************************************************************
 106:.\Generated_Source\PSoC5/isr_DAS.c **** * Function Name: isr_DAS_Stop
 107:.\Generated_Source\PSoC5/isr_DAS.c **** ********************************************************************************
 108:.\Generated_Source\PSoC5/isr_DAS.c **** *
 109:.\Generated_Source\PSoC5/isr_DAS.c **** * Summary:
 110:.\Generated_Source\PSoC5/isr_DAS.c **** *   Disables and removes the interrupt.
 111:.\Generated_Source\PSoC5/isr_DAS.c **** *
 112:.\Generated_Source\PSoC5/isr_DAS.c **** * Parameters:  
 113:.\Generated_Source\PSoC5/isr_DAS.c **** *
 114:.\Generated_Source\PSoC5/isr_DAS.c **** * Return:
 115:.\Generated_Source\PSoC5/isr_DAS.c **** *   None
 116:.\Generated_Source\PSoC5/isr_DAS.c **** *
 117:.\Generated_Source\PSoC5/isr_DAS.c **** *******************************************************************************/
 118:.\Generated_Source\PSoC5/isr_DAS.c **** void isr_DAS_Stop(void)
 119:.\Generated_Source\PSoC5/isr_DAS.c **** {
 120:.\Generated_Source\PSoC5/isr_DAS.c ****     /* Disable this interrupt. */
 121:.\Generated_Source\PSoC5/isr_DAS.c ****     isr_DAS_Disable();
 122:.\Generated_Source\PSoC5/isr_DAS.c **** 
 123:.\Generated_Source\PSoC5/isr_DAS.c ****     /* Set the ISR to point to the passive one. */
 124:.\Generated_Source\PSoC5/isr_DAS.c ****     isr_DAS_SetVector(&IntDefaultHandler);
 125:.\Generated_Source\PSoC5/isr_DAS.c **** }
 126:.\Generated_Source\PSoC5/isr_DAS.c **** 
 127:.\Generated_Source\PSoC5/isr_DAS.c **** 
 128:.\Generated_Source\PSoC5/isr_DAS.c **** /*******************************************************************************
 129:.\Generated_Source\PSoC5/isr_DAS.c **** * Function Name: isr_DAS_Interrupt
 130:.\Generated_Source\PSoC5/isr_DAS.c **** ********************************************************************************
 131:.\Generated_Source\PSoC5/isr_DAS.c **** *
 132:.\Generated_Source\PSoC5/isr_DAS.c **** * Summary:
 133:.\Generated_Source\PSoC5/isr_DAS.c **** *   The default Interrupt Service Routine for isr_DAS.
 134:.\Generated_Source\PSoC5/isr_DAS.c **** *
 135:.\Generated_Source\PSoC5/isr_DAS.c **** *   Add custom code between the coments to keep the next version of this file
 136:.\Generated_Source\PSoC5/isr_DAS.c **** *   from over writting your code.
 137:.\Generated_Source\PSoC5/isr_DAS.c **** *
 138:.\Generated_Source\PSoC5/isr_DAS.c **** * Parameters:  
 139:.\Generated_Source\PSoC5/isr_DAS.c **** *
 140:.\Generated_Source\PSoC5/isr_DAS.c **** * Return:
 141:.\Generated_Source\PSoC5/isr_DAS.c **** *   None
 142:.\Generated_Source\PSoC5/isr_DAS.c **** *
 143:.\Generated_Source\PSoC5/isr_DAS.c **** *******************************************************************************/
 144:.\Generated_Source\PSoC5/isr_DAS.c **** CY_ISR(isr_DAS_Interrupt)
 145:.\Generated_Source\PSoC5/isr_DAS.c **** {
ARM GAS  C:\Users\Graziano\AppData\Local\Temp\ccECyNQc.s 			page 4


  27              		.loc 1 145 0
  28              		.cfi_startproc
  29              		@ args = 0, pretend = 0, frame = 0
  30              		@ frame_needed = 0, uses_anonymous_args = 0
  31              		@ link register save eliminated.
 146:.\Generated_Source\PSoC5/isr_DAS.c ****     /*  Place your Interrupt code here. */
 147:.\Generated_Source\PSoC5/isr_DAS.c ****     /* `#START isr_DAS_Interrupt` */
 148:.\Generated_Source\PSoC5/isr_DAS.c **** 	
 149:.\Generated_Source\PSoC5/isr_DAS.c **** 	/* Print DAS datas over console */
 150:.\Generated_Source\PSoC5/isr_DAS.c **** 	DAS_printf();
 151:.\Generated_Source\PSoC5/isr_DAS.c **** 	
 152:.\Generated_Source\PSoC5/isr_DAS.c ****     /* `#END` */
 153:.\Generated_Source\PSoC5/isr_DAS.c **** }
  32              		.loc 1 153 0
 150:.\Generated_Source\PSoC5/isr_DAS.c **** 	DAS_printf();
  33              		.loc 1 150 0
  34 0000 FFF7FEBF 		b	DAS_printf
  35              	.LVL0:
  36              		.cfi_endproc
  37              	.LFE3:
  38              		.size	isr_DAS_Interrupt, .-isr_DAS_Interrupt
  39              		.section	.text.isr_DAS_Start,"ax",%progbits
  40              		.align	1
  41              		.global	isr_DAS_Start
  42              		.thumb
  43              		.thumb_func
  44              		.type	isr_DAS_Start, %function
  45              	isr_DAS_Start:
  46              	.LFB0:
  60:.\Generated_Source\PSoC5/isr_DAS.c **** {
  47              		.loc 1 60 0
  48              		.cfi_startproc
  49              		@ args = 0, pretend = 0, frame = 0
  50              		@ frame_needed = 0, uses_anonymous_args = 0
  51              		@ link register save eliminated.
  52              	.LBB22:
  53              	.LBB23:
 154:.\Generated_Source\PSoC5/isr_DAS.c **** 
 155:.\Generated_Source\PSoC5/isr_DAS.c **** 
 156:.\Generated_Source\PSoC5/isr_DAS.c **** /*******************************************************************************
 157:.\Generated_Source\PSoC5/isr_DAS.c **** * Function Name: isr_DAS_SetVector
 158:.\Generated_Source\PSoC5/isr_DAS.c **** ********************************************************************************
 159:.\Generated_Source\PSoC5/isr_DAS.c **** *
 160:.\Generated_Source\PSoC5/isr_DAS.c **** * Summary:
 161:.\Generated_Source\PSoC5/isr_DAS.c **** *   Change the ISR vector for the Interrupt. Note calling isr_DAS_Start
 162:.\Generated_Source\PSoC5/isr_DAS.c **** *   will override any effect this method would have had. To set the vector 
 163:.\Generated_Source\PSoC5/isr_DAS.c **** *   before the component has been started use isr_DAS_StartEx instead.
 164:.\Generated_Source\PSoC5/isr_DAS.c **** *
 165:.\Generated_Source\PSoC5/isr_DAS.c **** * Parameters:
 166:.\Generated_Source\PSoC5/isr_DAS.c **** *   address: Address of the ISR to set in the interrupt vector table.
 167:.\Generated_Source\PSoC5/isr_DAS.c **** *
 168:.\Generated_Source\PSoC5/isr_DAS.c **** * Return:
 169:.\Generated_Source\PSoC5/isr_DAS.c **** *   None
 170:.\Generated_Source\PSoC5/isr_DAS.c **** *
 171:.\Generated_Source\PSoC5/isr_DAS.c **** *******************************************************************************/
 172:.\Generated_Source\PSoC5/isr_DAS.c **** void isr_DAS_SetVector(cyisraddress address)
 173:.\Generated_Source\PSoC5/isr_DAS.c **** {
ARM GAS  C:\Users\Graziano\AppData\Local\Temp\ccECyNQc.s 			page 5


 174:.\Generated_Source\PSoC5/isr_DAS.c ****     cyisraddress * ramVectorTable;
 175:.\Generated_Source\PSoC5/isr_DAS.c **** 
 176:.\Generated_Source\PSoC5/isr_DAS.c ****     ramVectorTable = (cyisraddress *) *CYINT_VECT_TABLE;
 177:.\Generated_Source\PSoC5/isr_DAS.c **** 
 178:.\Generated_Source\PSoC5/isr_DAS.c ****     ramVectorTable[CYINT_IRQ_BASE + (uint32)isr_DAS__INTC_NUMBER] = address;
 179:.\Generated_Source\PSoC5/isr_DAS.c **** }
 180:.\Generated_Source\PSoC5/isr_DAS.c **** 
 181:.\Generated_Source\PSoC5/isr_DAS.c **** 
 182:.\Generated_Source\PSoC5/isr_DAS.c **** /*******************************************************************************
 183:.\Generated_Source\PSoC5/isr_DAS.c **** * Function Name: isr_DAS_GetVector
 184:.\Generated_Source\PSoC5/isr_DAS.c **** ********************************************************************************
 185:.\Generated_Source\PSoC5/isr_DAS.c **** *
 186:.\Generated_Source\PSoC5/isr_DAS.c **** * Summary:
 187:.\Generated_Source\PSoC5/isr_DAS.c **** *   Gets the "address" of the current ISR vector for the Interrupt.
 188:.\Generated_Source\PSoC5/isr_DAS.c **** *
 189:.\Generated_Source\PSoC5/isr_DAS.c **** * Parameters:
 190:.\Generated_Source\PSoC5/isr_DAS.c **** *   None
 191:.\Generated_Source\PSoC5/isr_DAS.c **** *
 192:.\Generated_Source\PSoC5/isr_DAS.c **** * Return:
 193:.\Generated_Source\PSoC5/isr_DAS.c **** *   Address of the ISR in the interrupt vector table.
 194:.\Generated_Source\PSoC5/isr_DAS.c **** *
 195:.\Generated_Source\PSoC5/isr_DAS.c **** *******************************************************************************/
 196:.\Generated_Source\PSoC5/isr_DAS.c **** cyisraddress isr_DAS_GetVector(void)
 197:.\Generated_Source\PSoC5/isr_DAS.c **** {
 198:.\Generated_Source\PSoC5/isr_DAS.c ****     cyisraddress * ramVectorTable;
 199:.\Generated_Source\PSoC5/isr_DAS.c **** 
 200:.\Generated_Source\PSoC5/isr_DAS.c ****     ramVectorTable = (cyisraddress *) *CYINT_VECT_TABLE;
 201:.\Generated_Source\PSoC5/isr_DAS.c **** 
 202:.\Generated_Source\PSoC5/isr_DAS.c ****     return ramVectorTable[CYINT_IRQ_BASE + (uint32)isr_DAS__INTC_NUMBER];
 203:.\Generated_Source\PSoC5/isr_DAS.c **** }
 204:.\Generated_Source\PSoC5/isr_DAS.c **** 
 205:.\Generated_Source\PSoC5/isr_DAS.c **** 
 206:.\Generated_Source\PSoC5/isr_DAS.c **** /*******************************************************************************
 207:.\Generated_Source\PSoC5/isr_DAS.c **** * Function Name: isr_DAS_SetPriority
 208:.\Generated_Source\PSoC5/isr_DAS.c **** ********************************************************************************
 209:.\Generated_Source\PSoC5/isr_DAS.c **** *
 210:.\Generated_Source\PSoC5/isr_DAS.c **** * Summary:
 211:.\Generated_Source\PSoC5/isr_DAS.c **** *   Sets the Priority of the Interrupt. Note calling isr_DAS_Start
 212:.\Generated_Source\PSoC5/isr_DAS.c **** *   or isr_DAS_StartEx will override any effect this method 
 213:.\Generated_Source\PSoC5/isr_DAS.c **** *   would have had. This method should only be called after 
 214:.\Generated_Source\PSoC5/isr_DAS.c **** *   isr_DAS_Start or isr_DAS_StartEx has been called. To set 
 215:.\Generated_Source\PSoC5/isr_DAS.c **** *   the initial priority for the component use the cydwr file in the tool.
 216:.\Generated_Source\PSoC5/isr_DAS.c **** *
 217:.\Generated_Source\PSoC5/isr_DAS.c **** * Parameters:
 218:.\Generated_Source\PSoC5/isr_DAS.c **** *   priority: Priority of the interrupt. 0 - 7, 0 being the highest.
 219:.\Generated_Source\PSoC5/isr_DAS.c **** *
 220:.\Generated_Source\PSoC5/isr_DAS.c **** * Return:
 221:.\Generated_Source\PSoC5/isr_DAS.c **** *   None
 222:.\Generated_Source\PSoC5/isr_DAS.c **** *
 223:.\Generated_Source\PSoC5/isr_DAS.c **** *******************************************************************************/
 224:.\Generated_Source\PSoC5/isr_DAS.c **** void isr_DAS_SetPriority(uint8 priority)
 225:.\Generated_Source\PSoC5/isr_DAS.c **** {
 226:.\Generated_Source\PSoC5/isr_DAS.c ****     *isr_DAS_INTC_PRIOR = priority << 5;
 227:.\Generated_Source\PSoC5/isr_DAS.c **** }
 228:.\Generated_Source\PSoC5/isr_DAS.c **** 
 229:.\Generated_Source\PSoC5/isr_DAS.c **** 
 230:.\Generated_Source\PSoC5/isr_DAS.c **** /*******************************************************************************
ARM GAS  C:\Users\Graziano\AppData\Local\Temp\ccECyNQc.s 			page 6


 231:.\Generated_Source\PSoC5/isr_DAS.c **** * Function Name: isr_DAS_GetPriority
 232:.\Generated_Source\PSoC5/isr_DAS.c **** ********************************************************************************
 233:.\Generated_Source\PSoC5/isr_DAS.c **** *
 234:.\Generated_Source\PSoC5/isr_DAS.c **** * Summary:
 235:.\Generated_Source\PSoC5/isr_DAS.c **** *   Gets the Priority of the Interrupt.
 236:.\Generated_Source\PSoC5/isr_DAS.c **** *
 237:.\Generated_Source\PSoC5/isr_DAS.c **** * Parameters:
 238:.\Generated_Source\PSoC5/isr_DAS.c **** *   None
 239:.\Generated_Source\PSoC5/isr_DAS.c **** *
 240:.\Generated_Source\PSoC5/isr_DAS.c **** * Return:
 241:.\Generated_Source\PSoC5/isr_DAS.c **** *   Priority of the interrupt. 0 - 7, 0 being the highest.
 242:.\Generated_Source\PSoC5/isr_DAS.c **** *
 243:.\Generated_Source\PSoC5/isr_DAS.c **** *******************************************************************************/
 244:.\Generated_Source\PSoC5/isr_DAS.c **** uint8 isr_DAS_GetPriority(void)
 245:.\Generated_Source\PSoC5/isr_DAS.c **** {
 246:.\Generated_Source\PSoC5/isr_DAS.c ****     uint8 priority;
 247:.\Generated_Source\PSoC5/isr_DAS.c **** 
 248:.\Generated_Source\PSoC5/isr_DAS.c **** 
 249:.\Generated_Source\PSoC5/isr_DAS.c ****     priority = *isr_DAS_INTC_PRIOR >> 5;
 250:.\Generated_Source\PSoC5/isr_DAS.c **** 
 251:.\Generated_Source\PSoC5/isr_DAS.c ****     return priority;
 252:.\Generated_Source\PSoC5/isr_DAS.c **** }
 253:.\Generated_Source\PSoC5/isr_DAS.c **** 
 254:.\Generated_Source\PSoC5/isr_DAS.c **** 
 255:.\Generated_Source\PSoC5/isr_DAS.c **** /*******************************************************************************
 256:.\Generated_Source\PSoC5/isr_DAS.c **** * Function Name: isr_DAS_Enable
 257:.\Generated_Source\PSoC5/isr_DAS.c **** ********************************************************************************
 258:.\Generated_Source\PSoC5/isr_DAS.c **** *
 259:.\Generated_Source\PSoC5/isr_DAS.c **** * Summary:
 260:.\Generated_Source\PSoC5/isr_DAS.c **** *   Enables the interrupt.
 261:.\Generated_Source\PSoC5/isr_DAS.c **** *
 262:.\Generated_Source\PSoC5/isr_DAS.c **** * Parameters:
 263:.\Generated_Source\PSoC5/isr_DAS.c **** *   None
 264:.\Generated_Source\PSoC5/isr_DAS.c **** *
 265:.\Generated_Source\PSoC5/isr_DAS.c **** * Return:
 266:.\Generated_Source\PSoC5/isr_DAS.c **** *   None
 267:.\Generated_Source\PSoC5/isr_DAS.c **** *
 268:.\Generated_Source\PSoC5/isr_DAS.c **** *******************************************************************************/
 269:.\Generated_Source\PSoC5/isr_DAS.c **** void isr_DAS_Enable(void)
 270:.\Generated_Source\PSoC5/isr_DAS.c **** {
 271:.\Generated_Source\PSoC5/isr_DAS.c ****     /* Enable the general interrupt. */
 272:.\Generated_Source\PSoC5/isr_DAS.c ****     *isr_DAS_INTC_SET_EN = isr_DAS__INTC_MASK;
 273:.\Generated_Source\PSoC5/isr_DAS.c **** }
 274:.\Generated_Source\PSoC5/isr_DAS.c **** 
 275:.\Generated_Source\PSoC5/isr_DAS.c **** 
 276:.\Generated_Source\PSoC5/isr_DAS.c **** /*******************************************************************************
 277:.\Generated_Source\PSoC5/isr_DAS.c **** * Function Name: isr_DAS_GetState
 278:.\Generated_Source\PSoC5/isr_DAS.c **** ********************************************************************************
 279:.\Generated_Source\PSoC5/isr_DAS.c **** *
 280:.\Generated_Source\PSoC5/isr_DAS.c **** * Summary:
 281:.\Generated_Source\PSoC5/isr_DAS.c **** *   Gets the state (enabled, disabled) of the Interrupt.
 282:.\Generated_Source\PSoC5/isr_DAS.c **** *
 283:.\Generated_Source\PSoC5/isr_DAS.c **** * Parameters:
 284:.\Generated_Source\PSoC5/isr_DAS.c **** *   None
 285:.\Generated_Source\PSoC5/isr_DAS.c **** *
 286:.\Generated_Source\PSoC5/isr_DAS.c **** * Return:
 287:.\Generated_Source\PSoC5/isr_DAS.c **** *   1 if enabled, 0 if disabled.
ARM GAS  C:\Users\Graziano\AppData\Local\Temp\ccECyNQc.s 			page 7


 288:.\Generated_Source\PSoC5/isr_DAS.c **** *
 289:.\Generated_Source\PSoC5/isr_DAS.c **** *******************************************************************************/
 290:.\Generated_Source\PSoC5/isr_DAS.c **** uint8 isr_DAS_GetState(void)
 291:.\Generated_Source\PSoC5/isr_DAS.c **** {
 292:.\Generated_Source\PSoC5/isr_DAS.c ****     /* Get the state of the general interrupt. */
 293:.\Generated_Source\PSoC5/isr_DAS.c ****     return ((*isr_DAS_INTC_SET_EN & (uint32)isr_DAS__INTC_MASK) != 0u) ? 1u:0u;
 294:.\Generated_Source\PSoC5/isr_DAS.c **** }
 295:.\Generated_Source\PSoC5/isr_DAS.c **** 
 296:.\Generated_Source\PSoC5/isr_DAS.c **** 
 297:.\Generated_Source\PSoC5/isr_DAS.c **** /*******************************************************************************
 298:.\Generated_Source\PSoC5/isr_DAS.c **** * Function Name: isr_DAS_Disable
 299:.\Generated_Source\PSoC5/isr_DAS.c **** ********************************************************************************
 300:.\Generated_Source\PSoC5/isr_DAS.c **** *
 301:.\Generated_Source\PSoC5/isr_DAS.c **** * Summary:
 302:.\Generated_Source\PSoC5/isr_DAS.c **** *   Disables the Interrupt.
 303:.\Generated_Source\PSoC5/isr_DAS.c **** *
 304:.\Generated_Source\PSoC5/isr_DAS.c **** * Parameters:
 305:.\Generated_Source\PSoC5/isr_DAS.c **** *   None
 306:.\Generated_Source\PSoC5/isr_DAS.c **** *
 307:.\Generated_Source\PSoC5/isr_DAS.c **** * Return:
 308:.\Generated_Source\PSoC5/isr_DAS.c **** *   None
 309:.\Generated_Source\PSoC5/isr_DAS.c **** *
 310:.\Generated_Source\PSoC5/isr_DAS.c **** *******************************************************************************/
 311:.\Generated_Source\PSoC5/isr_DAS.c **** void isr_DAS_Disable(void)
 312:.\Generated_Source\PSoC5/isr_DAS.c **** {
 313:.\Generated_Source\PSoC5/isr_DAS.c ****     /* Disable the general interrupt. */
 314:.\Generated_Source\PSoC5/isr_DAS.c ****     *isr_DAS_INTC_CLR_EN = isr_DAS__INTC_MASK;
  54              		.loc 1 314 0
  55 0000 064A     		ldr	r2, .L3
  56              	.LBE23:
  57              	.LBE22:
  58              	.LBB25:
  59              	.LBB26:
 176:.\Generated_Source\PSoC5/isr_DAS.c ****     ramVectorTable = (cyisraddress *) *CYINT_VECT_TABLE;
  60              		.loc 1 176 0
  61 0002 0748     		ldr	r0, .L3+4
  62              	.LBE26:
  63              	.LBE25:
  64              	.LBB29:
  65              	.LBB24:
  66              		.loc 1 314 0
  67 0004 1023     		movs	r3, #16
  68 0006 1360     		str	r3, [r2, #0]
  69              	.LVL1:
  70              	.LBE24:
  71              	.LBE29:
  72              	.LBB30:
  73              	.LBB27:
 178:.\Generated_Source\PSoC5/isr_DAS.c ****     ramVectorTable[CYINT_IRQ_BASE + (uint32)isr_DAS__INTC_NUMBER] = address;
  74              		.loc 1 178 0
  75 0008 0649     		ldr	r1, .L3+8
 176:.\Generated_Source\PSoC5/isr_DAS.c ****     ramVectorTable = (cyisraddress *) *CYINT_VECT_TABLE;
  76              		.loc 1 176 0
  77 000a 0268     		ldr	r2, [r0, #0]
  78              	.LVL2:
  79              	.LBE27:
  80              	.LBE30:
ARM GAS  C:\Users\Graziano\AppData\Local\Temp\ccECyNQc.s 			page 8


  81              	.LBB31:
  82              	.LBB32:
 226:.\Generated_Source\PSoC5/isr_DAS.c ****     *isr_DAS_INTC_PRIOR = priority << 5;
  83              		.loc 1 226 0
  84 000c E020     		movs	r0, #224
  85              	.LBE32:
  86              	.LBE31:
  87              	.LBB35:
  88              	.LBB28:
 178:.\Generated_Source\PSoC5/isr_DAS.c ****     ramVectorTable[CYINT_IRQ_BASE + (uint32)isr_DAS__INTC_NUMBER] = address;
  89              		.loc 1 178 0
  90 000e 1165     		str	r1, [r2, #80]
  91              	.LVL3:
  92              	.LBE28:
  93              	.LBE35:
  94              	.LBB36:
  95              	.LBB33:
 226:.\Generated_Source\PSoC5/isr_DAS.c ****     *isr_DAS_INTC_PRIOR = priority << 5;
  96              		.loc 1 226 0
  97 0010 054A     		ldr	r2, .L3+12
  98              	.LVL4:
  99              	.LBE33:
 100              	.LBE36:
 101              	.LBB37:
 102              	.LBB38:
 272:.\Generated_Source\PSoC5/isr_DAS.c ****     *isr_DAS_INTC_SET_EN = isr_DAS__INTC_MASK;
 103              		.loc 1 272 0
 104 0012 A2F54171 		sub	r1, r2, #772
 105              	.LBE38:
 106              	.LBE37:
 107              	.LBB40:
 108              	.LBB34:
 226:.\Generated_Source\PSoC5/isr_DAS.c ****     *isr_DAS_INTC_PRIOR = priority << 5;
 109              		.loc 1 226 0
 110 0016 1070     		strb	r0, [r2, #0]
 111              	.LBE34:
 112              	.LBE40:
 113              	.LBB41:
 114              	.LBB39:
 272:.\Generated_Source\PSoC5/isr_DAS.c ****     *isr_DAS_INTC_SET_EN = isr_DAS__INTC_MASK;
 115              		.loc 1 272 0
 116 0018 0B60     		str	r3, [r1, #0]
 117 001a 7047     		bx	lr
 118              	.L4:
 119              		.align	2
 120              	.L3:
 121 001c 80E100E0 		.word	-536813184
 122 0020 08ED00E0 		.word	-536810232
 123 0024 00000000 		.word	isr_DAS_Interrupt
 124 0028 04E400E0 		.word	-536812540
 125              	.LBE39:
 126              	.LBE41:
 127              		.cfi_endproc
 128              	.LFE0:
 129              		.size	isr_DAS_Start, .-isr_DAS_Start
 130              		.section	.text.isr_DAS_StartEx,"ax",%progbits
 131              		.align	1
ARM GAS  C:\Users\Graziano\AppData\Local\Temp\ccECyNQc.s 			page 9


 132              		.global	isr_DAS_StartEx
 133              		.thumb
 134              		.thumb_func
 135              		.type	isr_DAS_StartEx, %function
 136              	isr_DAS_StartEx:
 137              	.LFB1:
  90:.\Generated_Source\PSoC5/isr_DAS.c **** {
 138              		.loc 1 90 0
 139              		.cfi_startproc
 140              		@ args = 0, pretend = 0, frame = 0
 141              		@ frame_needed = 0, uses_anonymous_args = 0
 142              		@ link register save eliminated.
 143              	.LVL5:
 144              	.LBB42:
 145              	.LBB43:
 146              		.loc 1 314 0
 147 0000 064A     		ldr	r2, .L6
 148              	.LBE43:
 149              	.LBE42:
 150              	.LBB45:
 151              	.LBB46:
 176:.\Generated_Source\PSoC5/isr_DAS.c ****     ramVectorTable = (cyisraddress *) *CYINT_VECT_TABLE;
 152              		.loc 1 176 0
 153 0002 0749     		ldr	r1, .L6+4
 154              	.LBE46:
 155              	.LBE45:
 156              	.LBB49:
 157              	.LBB44:
 158              		.loc 1 314 0
 159 0004 1023     		movs	r3, #16
 160 0006 1360     		str	r3, [r2, #0]
 161              	.LVL6:
 162              	.LBE44:
 163              	.LBE49:
 164              	.LBB50:
 165              	.LBB47:
 176:.\Generated_Source\PSoC5/isr_DAS.c ****     ramVectorTable = (cyisraddress *) *CYINT_VECT_TABLE;
 166              		.loc 1 176 0
 167 0008 0A68     		ldr	r2, [r1, #0]
 168              	.LVL7:
 169              	.LBE47:
 170              	.LBE50:
 171              	.LBB51:
 172              	.LBB52:
 226:.\Generated_Source\PSoC5/isr_DAS.c ****     *isr_DAS_INTC_PRIOR = priority << 5;
 173              		.loc 1 226 0
 174 000a 0649     		ldr	r1, .L6+8
 175              	.LBE52:
 176              	.LBE51:
 177              	.LBB55:
 178              	.LBB48:
 178:.\Generated_Source\PSoC5/isr_DAS.c ****     ramVectorTable[CYINT_IRQ_BASE + (uint32)isr_DAS__INTC_NUMBER] = address;
 179              		.loc 1 178 0
 180 000c 1065     		str	r0, [r2, #80]
 181              	.LVL8:
 182              	.LBE48:
 183              	.LBE55:
ARM GAS  C:\Users\Graziano\AppData\Local\Temp\ccECyNQc.s 			page 10


 184              	.LBB56:
 185              	.LBB53:
 226:.\Generated_Source\PSoC5/isr_DAS.c ****     *isr_DAS_INTC_PRIOR = priority << 5;
 186              		.loc 1 226 0
 187 000e E020     		movs	r0, #224
 188              	.LVL9:
 189              	.LBE53:
 190              	.LBE56:
 191              	.LBB57:
 192              	.LBB58:
 272:.\Generated_Source\PSoC5/isr_DAS.c ****     *isr_DAS_INTC_SET_EN = isr_DAS__INTC_MASK;
 193              		.loc 1 272 0
 194 0010 A1F54172 		sub	r2, r1, #772
 195              	.LVL10:
 196              	.LBE58:
 197              	.LBE57:
 198              	.LBB60:
 199              	.LBB54:
 226:.\Generated_Source\PSoC5/isr_DAS.c ****     *isr_DAS_INTC_PRIOR = priority << 5;
 200              		.loc 1 226 0
 201 0014 0870     		strb	r0, [r1, #0]
 202              	.LBE54:
 203              	.LBE60:
 204              	.LBB61:
 205              	.LBB59:
 272:.\Generated_Source\PSoC5/isr_DAS.c ****     *isr_DAS_INTC_SET_EN = isr_DAS__INTC_MASK;
 206              		.loc 1 272 0
 207 0016 1360     		str	r3, [r2, #0]
 208 0018 7047     		bx	lr
 209              	.L7:
 210 001a 00BF     		.align	2
 211              	.L6:
 212 001c 80E100E0 		.word	-536813184
 213 0020 08ED00E0 		.word	-536810232
 214 0024 04E400E0 		.word	-536812540
 215              	.LBE59:
 216              	.LBE61:
 217              		.cfi_endproc
 218              	.LFE1:
 219              		.size	isr_DAS_StartEx, .-isr_DAS_StartEx
 220              		.section	.text.isr_DAS_Stop,"ax",%progbits
 221              		.align	1
 222              		.global	isr_DAS_Stop
 223              		.thumb
 224              		.thumb_func
 225              		.type	isr_DAS_Stop, %function
 226              	isr_DAS_Stop:
 227              	.LFB2:
 119:.\Generated_Source\PSoC5/isr_DAS.c **** {
 228              		.loc 1 119 0
 229              		.cfi_startproc
 230              		@ args = 0, pretend = 0, frame = 0
 231              		@ frame_needed = 0, uses_anonymous_args = 0
 232              		@ link register save eliminated.
 233              	.LBB62:
 234              	.LBB63:
 235              		.loc 1 314 0
ARM GAS  C:\Users\Graziano\AppData\Local\Temp\ccECyNQc.s 			page 11


 236 0000 034B     		ldr	r3, .L9
 237              	.LBE63:
 238              	.LBE62:
 239              	.LBB65:
 240              	.LBB66:
 176:.\Generated_Source\PSoC5/isr_DAS.c ****     ramVectorTable = (cyisraddress *) *CYINT_VECT_TABLE;
 241              		.loc 1 176 0
 242 0002 0448     		ldr	r0, .L9+4
 243              	.LBE66:
 244              	.LBE65:
 245              	.LBB68:
 246              	.LBB64:
 247              		.loc 1 314 0
 248 0004 1022     		movs	r2, #16
 249 0006 1A60     		str	r2, [r3, #0]
 250              	.LVL11:
 251              	.LBE64:
 252              	.LBE68:
 253              	.LBB69:
 254              	.LBB67:
 176:.\Generated_Source\PSoC5/isr_DAS.c ****     ramVectorTable = (cyisraddress *) *CYINT_VECT_TABLE;
 255              		.loc 1 176 0
 256 0008 0168     		ldr	r1, [r0, #0]
 257              	.LVL12:
 178:.\Generated_Source\PSoC5/isr_DAS.c ****     ramVectorTable[CYINT_IRQ_BASE + (uint32)isr_DAS__INTC_NUMBER] = address;
 258              		.loc 1 178 0
 259 000a 034A     		ldr	r2, .L9+8
 260 000c 0A65     		str	r2, [r1, #80]
 261 000e 7047     		bx	lr
 262              	.L10:
 263              		.align	2
 264              	.L9:
 265 0010 80E100E0 		.word	-536813184
 266 0014 08ED00E0 		.word	-536810232
 267 0018 00000000 		.word	IntDefaultHandler
 268              	.LBE67:
 269              	.LBE69:
 270              		.cfi_endproc
 271              	.LFE2:
 272              		.size	isr_DAS_Stop, .-isr_DAS_Stop
 273              		.section	.text.isr_DAS_SetVector,"ax",%progbits
 274              		.align	1
 275              		.global	isr_DAS_SetVector
 276              		.thumb
 277              		.thumb_func
 278              		.type	isr_DAS_SetVector, %function
 279              	isr_DAS_SetVector:
 280              	.LFB4:
 173:.\Generated_Source\PSoC5/isr_DAS.c **** {
 281              		.loc 1 173 0
 282              		.cfi_startproc
 283              		@ args = 0, pretend = 0, frame = 0
 284              		@ frame_needed = 0, uses_anonymous_args = 0
 285              		@ link register save eliminated.
 286              	.LVL13:
 176:.\Generated_Source\PSoC5/isr_DAS.c ****     ramVectorTable = (cyisraddress *) *CYINT_VECT_TABLE;
 287              		.loc 1 176 0
ARM GAS  C:\Users\Graziano\AppData\Local\Temp\ccECyNQc.s 			page 12


 288 0000 014B     		ldr	r3, .L12
 289 0002 1968     		ldr	r1, [r3, #0]
 290              	.LVL14:
 178:.\Generated_Source\PSoC5/isr_DAS.c ****     ramVectorTable[CYINT_IRQ_BASE + (uint32)isr_DAS__INTC_NUMBER] = address;
 291              		.loc 1 178 0
 292 0004 0865     		str	r0, [r1, #80]
 293 0006 7047     		bx	lr
 294              	.L13:
 295              		.align	2
 296              	.L12:
 297 0008 08ED00E0 		.word	-536810232
 298              		.cfi_endproc
 299              	.LFE4:
 300              		.size	isr_DAS_SetVector, .-isr_DAS_SetVector
 301              		.section	.text.isr_DAS_GetVector,"ax",%progbits
 302              		.align	1
 303              		.global	isr_DAS_GetVector
 304              		.thumb
 305              		.thumb_func
 306              		.type	isr_DAS_GetVector, %function
 307              	isr_DAS_GetVector:
 308              	.LFB5:
 197:.\Generated_Source\PSoC5/isr_DAS.c **** {
 309              		.loc 1 197 0
 310              		.cfi_startproc
 311              		@ args = 0, pretend = 0, frame = 0
 312              		@ frame_needed = 0, uses_anonymous_args = 0
 313              		@ link register save eliminated.
 314              	.LVL15:
 200:.\Generated_Source\PSoC5/isr_DAS.c ****     ramVectorTable = (cyisraddress *) *CYINT_VECT_TABLE;
 315              		.loc 1 200 0
 316 0000 014B     		ldr	r3, .L15
 317              	.LVL16:
 202:.\Generated_Source\PSoC5/isr_DAS.c ****     return ramVectorTable[CYINT_IRQ_BASE + (uint32)isr_DAS__INTC_NUMBER];
 318              		.loc 1 202 0
 319 0002 1868     		ldr	r0, [r3, #0]
 203:.\Generated_Source\PSoC5/isr_DAS.c **** }
 320              		.loc 1 203 0
 321 0004 006D     		ldr	r0, [r0, #80]
 322 0006 7047     		bx	lr
 323              	.L16:
 324              		.align	2
 325              	.L15:
 326 0008 08ED00E0 		.word	-536810232
 327              		.cfi_endproc
 328              	.LFE5:
 329              		.size	isr_DAS_GetVector, .-isr_DAS_GetVector
 330              		.section	.text.isr_DAS_SetPriority,"ax",%progbits
 331              		.align	1
 332              		.global	isr_DAS_SetPriority
 333              		.thumb
 334              		.thumb_func
 335              		.type	isr_DAS_SetPriority, %function
 336              	isr_DAS_SetPriority:
 337              	.LFB6:
 225:.\Generated_Source\PSoC5/isr_DAS.c **** {
 338              		.loc 1 225 0
ARM GAS  C:\Users\Graziano\AppData\Local\Temp\ccECyNQc.s 			page 13


 339              		.cfi_startproc
 340              		@ args = 0, pretend = 0, frame = 0
 341              		@ frame_needed = 0, uses_anonymous_args = 0
 342              		@ link register save eliminated.
 343              	.LVL17:
 226:.\Generated_Source\PSoC5/isr_DAS.c ****     *isr_DAS_INTC_PRIOR = priority << 5;
 344              		.loc 1 226 0
 345 0000 4001     		lsls	r0, r0, #5
 346              	.LVL18:
 347 0002 024B     		ldr	r3, .L18
 348 0004 C1B2     		uxtb	r1, r0
 349 0006 1970     		strb	r1, [r3, #0]
 350 0008 7047     		bx	lr
 351              	.L19:
 352 000a 00BF     		.align	2
 353              	.L18:
 354 000c 04E400E0 		.word	-536812540
 355              		.cfi_endproc
 356              	.LFE6:
 357              		.size	isr_DAS_SetPriority, .-isr_DAS_SetPriority
 358              		.section	.text.isr_DAS_GetPriority,"ax",%progbits
 359              		.align	1
 360              		.global	isr_DAS_GetPriority
 361              		.thumb
 362              		.thumb_func
 363              		.type	isr_DAS_GetPriority, %function
 364              	isr_DAS_GetPriority:
 365              	.LFB7:
 245:.\Generated_Source\PSoC5/isr_DAS.c **** {
 366              		.loc 1 245 0
 367              		.cfi_startproc
 368              		@ args = 0, pretend = 0, frame = 0
 369              		@ frame_needed = 0, uses_anonymous_args = 0
 370              		@ link register save eliminated.
 249:.\Generated_Source\PSoC5/isr_DAS.c ****     priority = *isr_DAS_INTC_PRIOR >> 5;
 371              		.loc 1 249 0
 372 0000 014B     		ldr	r3, .L21
 373 0002 1878     		ldrb	r0, [r3, #0]	@ zero_extendqisi2
 374              	.LVL19:
 252:.\Generated_Source\PSoC5/isr_DAS.c **** }
 375              		.loc 1 252 0
 376 0004 4009     		lsrs	r0, r0, #5
 377              	.LVL20:
 378 0006 7047     		bx	lr
 379              	.L22:
 380              		.align	2
 381              	.L21:
 382 0008 04E400E0 		.word	-536812540
 383              		.cfi_endproc
 384              	.LFE7:
 385              		.size	isr_DAS_GetPriority, .-isr_DAS_GetPriority
 386              		.section	.text.isr_DAS_Enable,"ax",%progbits
 387              		.align	1
 388              		.global	isr_DAS_Enable
 389              		.thumb
 390              		.thumb_func
 391              		.type	isr_DAS_Enable, %function
ARM GAS  C:\Users\Graziano\AppData\Local\Temp\ccECyNQc.s 			page 14


 392              	isr_DAS_Enable:
 393              	.LFB8:
 270:.\Generated_Source\PSoC5/isr_DAS.c **** {
 394              		.loc 1 270 0
 395              		.cfi_startproc
 396              		@ args = 0, pretend = 0, frame = 0
 397              		@ frame_needed = 0, uses_anonymous_args = 0
 398              		@ link register save eliminated.
 272:.\Generated_Source\PSoC5/isr_DAS.c ****     *isr_DAS_INTC_SET_EN = isr_DAS__INTC_MASK;
 399              		.loc 1 272 0
 400 0000 014B     		ldr	r3, .L24
 401 0002 1022     		movs	r2, #16
 402 0004 1A60     		str	r2, [r3, #0]
 403 0006 7047     		bx	lr
 404              	.L25:
 405              		.align	2
 406              	.L24:
 407 0008 00E100E0 		.word	-536813312
 408              		.cfi_endproc
 409              	.LFE8:
 410              		.size	isr_DAS_Enable, .-isr_DAS_Enable
 411              		.section	.text.isr_DAS_GetState,"ax",%progbits
 412              		.align	1
 413              		.global	isr_DAS_GetState
 414              		.thumb
 415              		.thumb_func
 416              		.type	isr_DAS_GetState, %function
 417              	isr_DAS_GetState:
 418              	.LFB9:
 291:.\Generated_Source\PSoC5/isr_DAS.c **** {
 419              		.loc 1 291 0
 420              		.cfi_startproc
 421              		@ args = 0, pretend = 0, frame = 0
 422              		@ frame_needed = 0, uses_anonymous_args = 0
 423              		@ link register save eliminated.
 293:.\Generated_Source\PSoC5/isr_DAS.c ****     return ((*isr_DAS_INTC_SET_EN & (uint32)isr_DAS__INTC_MASK) != 0u) ? 1u:0u;
 424              		.loc 1 293 0
 425 0000 024B     		ldr	r3, .L27
 426 0002 1868     		ldr	r0, [r3, #0]
 294:.\Generated_Source\PSoC5/isr_DAS.c **** }
 427              		.loc 1 294 0
 428 0004 C0F30010 		ubfx	r0, r0, #4, #1
 429 0008 7047     		bx	lr
 430              	.L28:
 431 000a 00BF     		.align	2
 432              	.L27:
 433 000c 00E100E0 		.word	-536813312
 434              		.cfi_endproc
 435              	.LFE9:
 436              		.size	isr_DAS_GetState, .-isr_DAS_GetState
 437              		.section	.text.isr_DAS_Disable,"ax",%progbits
 438              		.align	1
 439              		.global	isr_DAS_Disable
 440              		.thumb
 441              		.thumb_func
 442              		.type	isr_DAS_Disable, %function
 443              	isr_DAS_Disable:
ARM GAS  C:\Users\Graziano\AppData\Local\Temp\ccECyNQc.s 			page 15


 444              	.LFB10:
 312:.\Generated_Source\PSoC5/isr_DAS.c **** {
 445              		.loc 1 312 0
 446              		.cfi_startproc
 447              		@ args = 0, pretend = 0, frame = 0
 448              		@ frame_needed = 0, uses_anonymous_args = 0
 449              		@ link register save eliminated.
 450              		.loc 1 314 0
 451 0000 014B     		ldr	r3, .L30
 452 0002 1022     		movs	r2, #16
 453 0004 1A60     		str	r2, [r3, #0]
 454 0006 7047     		bx	lr
 455              	.L31:
 456              		.align	2
 457              	.L30:
 458 0008 80E100E0 		.word	-536813184
 459              		.cfi_endproc
 460              	.LFE10:
 461              		.size	isr_DAS_Disable, .-isr_DAS_Disable
 462              		.section	.text.isr_DAS_SetPending,"ax",%progbits
 463              		.align	1
 464              		.global	isr_DAS_SetPending
 465              		.thumb
 466              		.thumb_func
 467              		.type	isr_DAS_SetPending, %function
 468              	isr_DAS_SetPending:
 469              	.LFB11:
 315:.\Generated_Source\PSoC5/isr_DAS.c **** }
 316:.\Generated_Source\PSoC5/isr_DAS.c **** 
 317:.\Generated_Source\PSoC5/isr_DAS.c **** 
 318:.\Generated_Source\PSoC5/isr_DAS.c **** /*******************************************************************************
 319:.\Generated_Source\PSoC5/isr_DAS.c **** * Function Name: isr_DAS_SetPending
 320:.\Generated_Source\PSoC5/isr_DAS.c **** ********************************************************************************
 321:.\Generated_Source\PSoC5/isr_DAS.c **** *
 322:.\Generated_Source\PSoC5/isr_DAS.c **** * Summary:
 323:.\Generated_Source\PSoC5/isr_DAS.c **** *   Causes the Interrupt to enter the pending state, a software method of
 324:.\Generated_Source\PSoC5/isr_DAS.c **** *   generating the interrupt.
 325:.\Generated_Source\PSoC5/isr_DAS.c **** *
 326:.\Generated_Source\PSoC5/isr_DAS.c **** * Parameters:
 327:.\Generated_Source\PSoC5/isr_DAS.c **** *   None
 328:.\Generated_Source\PSoC5/isr_DAS.c **** *
 329:.\Generated_Source\PSoC5/isr_DAS.c **** * Return:
 330:.\Generated_Source\PSoC5/isr_DAS.c **** *   None
 331:.\Generated_Source\PSoC5/isr_DAS.c **** *
 332:.\Generated_Source\PSoC5/isr_DAS.c **** *******************************************************************************/
 333:.\Generated_Source\PSoC5/isr_DAS.c **** void isr_DAS_SetPending(void)
 334:.\Generated_Source\PSoC5/isr_DAS.c **** {
 470              		.loc 1 334 0
 471              		.cfi_startproc
 472              		@ args = 0, pretend = 0, frame = 0
 473              		@ frame_needed = 0, uses_anonymous_args = 0
 474              		@ link register save eliminated.
 335:.\Generated_Source\PSoC5/isr_DAS.c ****     *isr_DAS_INTC_SET_PD = isr_DAS__INTC_MASK;
 475              		.loc 1 335 0
 476 0000 014B     		ldr	r3, .L33
 477 0002 1022     		movs	r2, #16
 478 0004 1A60     		str	r2, [r3, #0]
ARM GAS  C:\Users\Graziano\AppData\Local\Temp\ccECyNQc.s 			page 16


 479 0006 7047     		bx	lr
 480              	.L34:
 481              		.align	2
 482              	.L33:
 483 0008 00E200E0 		.word	-536813056
 484              		.cfi_endproc
 485              	.LFE11:
 486              		.size	isr_DAS_SetPending, .-isr_DAS_SetPending
 487              		.section	.text.isr_DAS_ClearPending,"ax",%progbits
 488              		.align	1
 489              		.global	isr_DAS_ClearPending
 490              		.thumb
 491              		.thumb_func
 492              		.type	isr_DAS_ClearPending, %function
 493              	isr_DAS_ClearPending:
 494              	.LFB12:
 336:.\Generated_Source\PSoC5/isr_DAS.c **** }
 337:.\Generated_Source\PSoC5/isr_DAS.c **** 
 338:.\Generated_Source\PSoC5/isr_DAS.c **** 
 339:.\Generated_Source\PSoC5/isr_DAS.c **** /*******************************************************************************
 340:.\Generated_Source\PSoC5/isr_DAS.c **** * Function Name: isr_DAS_ClearPending
 341:.\Generated_Source\PSoC5/isr_DAS.c **** ********************************************************************************
 342:.\Generated_Source\PSoC5/isr_DAS.c **** *
 343:.\Generated_Source\PSoC5/isr_DAS.c **** * Summary:
 344:.\Generated_Source\PSoC5/isr_DAS.c **** *   Clears a pending interrupt.
 345:.\Generated_Source\PSoC5/isr_DAS.c **** *
 346:.\Generated_Source\PSoC5/isr_DAS.c **** * Parameters:
 347:.\Generated_Source\PSoC5/isr_DAS.c **** *   None
 348:.\Generated_Source\PSoC5/isr_DAS.c **** *
 349:.\Generated_Source\PSoC5/isr_DAS.c **** * Return:
 350:.\Generated_Source\PSoC5/isr_DAS.c **** *   None
 351:.\Generated_Source\PSoC5/isr_DAS.c **** *
 352:.\Generated_Source\PSoC5/isr_DAS.c **** *******************************************************************************/
 353:.\Generated_Source\PSoC5/isr_DAS.c **** void isr_DAS_ClearPending(void)
 354:.\Generated_Source\PSoC5/isr_DAS.c **** {
 495              		.loc 1 354 0
 496              		.cfi_startproc
 497              		@ args = 0, pretend = 0, frame = 0
 498              		@ frame_needed = 0, uses_anonymous_args = 0
 499              		@ link register save eliminated.
 355:.\Generated_Source\PSoC5/isr_DAS.c ****     *isr_DAS_INTC_CLR_PD = isr_DAS__INTC_MASK;
 500              		.loc 1 355 0
 501 0000 014B     		ldr	r3, .L36
 502 0002 1022     		movs	r2, #16
 503 0004 1A60     		str	r2, [r3, #0]
 504 0006 7047     		bx	lr
 505              	.L37:
 506              		.align	2
 507              	.L36:
 508 0008 80E200E0 		.word	-536812928
 509              		.cfi_endproc
 510              	.LFE12:
 511              		.size	isr_DAS_ClearPending, .-isr_DAS_ClearPending
 512              		.text
 513              	.Letext0:
 514              		.file 2 "./Generated_Source/PSoC5/cytypes.h"
 515              		.file 3 "./das.h"
ARM GAS  C:\Users\Graziano\AppData\Local\Temp\ccECyNQc.s 			page 17


 516              		.section	.debug_info,"",%progbits
 517              	.Ldebug_info0:
 518 0000 B9030000 		.4byte	0x3b9
 519 0004 0200     		.2byte	0x2
 520 0006 00000000 		.4byte	.Ldebug_abbrev0
 521 000a 04       		.byte	0x4
 522 000b 01       		.uleb128 0x1
 523 000c 61020000 		.4byte	.LASF34
 524 0010 01       		.byte	0x1
 525 0011 15000000 		.4byte	.LASF35
 526 0015 BE000000 		.4byte	.LASF36
 527 0019 68010000 		.4byte	.Ldebug_ranges0+0x168
 528 001d 00000000 		.4byte	0
 529 0021 00000000 		.4byte	0
 530 0025 00000000 		.4byte	.Ldebug_line0
 531 0029 02       		.uleb128 0x2
 532 002a 01       		.byte	0x1
 533 002b 06       		.byte	0x6
 534 002c 43020000 		.4byte	.LASF0
 535 0030 02       		.uleb128 0x2
 536 0031 01       		.byte	0x1
 537 0032 08       		.byte	0x8
 538 0033 63000000 		.4byte	.LASF1
 539 0037 02       		.uleb128 0x2
 540 0038 02       		.byte	0x2
 541 0039 05       		.byte	0x5
 542 003a 0C020000 		.4byte	.LASF2
 543 003e 02       		.uleb128 0x2
 544 003f 02       		.byte	0x2
 545 0040 07       		.byte	0x7
 546 0041 38000000 		.4byte	.LASF3
 547 0045 03       		.uleb128 0x3
 548 0046 04       		.byte	0x4
 549 0047 05       		.byte	0x5
 550 0048 696E7400 		.ascii	"int\000"
 551 004c 02       		.uleb128 0x2
 552 004d 04       		.byte	0x4
 553 004e 07       		.byte	0x7
 554 004f 71010000 		.4byte	.LASF4
 555 0053 02       		.uleb128 0x2
 556 0054 08       		.byte	0x8
 557 0055 05       		.byte	0x5
 558 0056 DA010000 		.4byte	.LASF5
 559 005a 02       		.uleb128 0x2
 560 005b 08       		.byte	0x8
 561 005c 07       		.byte	0x7
 562 005d 86010000 		.4byte	.LASF6
 563 0061 02       		.uleb128 0x2
 564 0062 04       		.byte	0x4
 565 0063 05       		.byte	0x5
 566 0064 2D020000 		.4byte	.LASF7
 567 0068 02       		.uleb128 0x2
 568 0069 04       		.byte	0x4
 569 006a 07       		.byte	0x7
 570 006b D1010000 		.4byte	.LASF8
 571 006f 02       		.uleb128 0x2
 572 0070 04       		.byte	0x4
ARM GAS  C:\Users\Graziano\AppData\Local\Temp\ccECyNQc.s 			page 18


 573 0071 07       		.byte	0x7
 574 0072 98000000 		.4byte	.LASF9
 575 0076 04       		.uleb128 0x4
 576 0077 01       		.byte	0x1
 577 0078 05       		.uleb128 0x5
 578 0079 04       		.byte	0x4
 579 007a 76000000 		.4byte	0x76
 580 007e 02       		.uleb128 0x2
 581 007f 01       		.byte	0x1
 582 0080 08       		.byte	0x8
 583 0081 E8010000 		.4byte	.LASF10
 584 0085 06       		.uleb128 0x6
 585 0086 16020000 		.4byte	.LASF11
 586 008a 02       		.byte	0x2
 587 008b 5B       		.byte	0x5b
 588 008c 30000000 		.4byte	0x30
 589 0090 06       		.uleb128 0x6
 590 0091 57010000 		.4byte	.LASF12
 591 0095 02       		.byte	0x2
 592 0096 5D       		.byte	0x5d
 593 0097 6F000000 		.4byte	0x6f
 594 009b 02       		.uleb128 0x2
 595 009c 04       		.byte	0x4
 596 009d 04       		.byte	0x4
 597 009e 4B000000 		.4byte	.LASF13
 598 00a2 02       		.uleb128 0x2
 599 00a3 08       		.byte	0x8
 600 00a4 04       		.byte	0x4
 601 00a5 43010000 		.4byte	.LASF14
 602 00a9 06       		.uleb128 0x6
 603 00aa CC010000 		.4byte	.LASF15
 604 00ae 02       		.byte	0x2
 605 00af F0       		.byte	0xf0
 606 00b0 B4000000 		.4byte	0xb4
 607 00b4 07       		.uleb128 0x7
 608 00b5 85000000 		.4byte	0x85
 609 00b9 06       		.uleb128 0x6
 610 00ba 00000000 		.4byte	.LASF16
 611 00be 02       		.byte	0x2
 612 00bf F2       		.byte	0xf2
 613 00c0 C4000000 		.4byte	0xc4
 614 00c4 07       		.uleb128 0x7
 615 00c5 90000000 		.4byte	0x90
 616 00c9 08       		.uleb128 0x8
 617 00ca 4A010000 		.4byte	.LASF17
 618 00ce 02       		.byte	0x2
 619 00cf 0201     		.2byte	0x102
 620 00d1 78000000 		.4byte	0x78
 621 00d5 09       		.uleb128 0x9
 622 00d6 01       		.byte	0x1
 623 00d7 FC010000 		.4byte	.LASF22
 624 00db 01       		.byte	0x1
 625 00dc 3701     		.2byte	0x137
 626 00de 01       		.byte	0x1
 627 00df 01       		.byte	0x1
 628 00e0 0A       		.uleb128 0xa
 629 00e1 01       		.byte	0x1
ARM GAS  C:\Users\Graziano\AppData\Local\Temp\ccECyNQc.s 			page 19


 630 00e2 4F020000 		.4byte	.LASF18
 631 00e6 01       		.byte	0x1
 632 00e7 AC       		.byte	0xac
 633 00e8 01       		.byte	0x1
 634 00e9 01       		.byte	0x1
 635 00ea 05010000 		.4byte	0x105
 636 00ee 0B       		.uleb128 0xb
 637 00ef 7E010000 		.4byte	.LASF20
 638 00f3 01       		.byte	0x1
 639 00f4 AC       		.byte	0xac
 640 00f5 C9000000 		.4byte	0xc9
 641 00f9 0C       		.uleb128 0xc
 642 00fa ED010000 		.4byte	.LASF30
 643 00fe 01       		.byte	0x1
 644 00ff AE       		.byte	0xae
 645 0100 05010000 		.4byte	0x105
 646 0104 00       		.byte	0
 647 0105 05       		.uleb128 0x5
 648 0106 04       		.byte	0x4
 649 0107 C9000000 		.4byte	0xc9
 650 010b 0A       		.uleb128 0xa
 651 010c 01       		.byte	0x1
 652 010d B8010000 		.4byte	.LASF19
 653 0111 01       		.byte	0x1
 654 0112 E0       		.byte	0xe0
 655 0113 01       		.byte	0x1
 656 0114 01       		.byte	0x1
 657 0115 25010000 		.4byte	0x125
 658 0119 0B       		.uleb128 0xb
 659 011a 2C010000 		.4byte	.LASF21
 660 011e 01       		.byte	0x1
 661 011f E0       		.byte	0xe0
 662 0120 85000000 		.4byte	0x85
 663 0124 00       		.byte	0
 664 0125 09       		.uleb128 0x9
 665 0126 01       		.byte	0x1
 666 0127 06000000 		.4byte	.LASF23
 667 012b 01       		.byte	0x1
 668 012c 0D01     		.2byte	0x10d
 669 012e 01       		.byte	0x1
 670 012f 01       		.byte	0x1
 671 0130 0D       		.uleb128 0xd
 672 0131 01       		.byte	0x1
 673 0132 71000000 		.4byte	.LASF24
 674 0136 01       		.byte	0x1
 675 0137 90       		.byte	0x90
 676 0138 01       		.byte	0x1
 677 0139 00000000 		.4byte	.LFB3
 678 013d 04000000 		.4byte	.LFE3
 679 0141 02       		.byte	0x2
 680 0142 7D       		.byte	0x7d
 681 0143 00       		.sleb128 0
 682 0144 01       		.byte	0x1
 683 0145 54010000 		.4byte	0x154
 684 0149 0E       		.uleb128 0xe
 685 014a 04000000 		.4byte	.LVL0
 686 014e 01       		.byte	0x1
ARM GAS  C:\Users\Graziano\AppData\Local\Temp\ccECyNQc.s 			page 20


 687 014f B2030000 		.4byte	0x3b2
 688 0153 00       		.byte	0
 689 0154 0D       		.uleb128 0xd
 690 0155 01       		.byte	0x1
 691 0156 35010000 		.4byte	.LASF25
 692 015a 01       		.byte	0x1
 693 015b 3B       		.byte	0x3b
 694 015c 01       		.byte	0x1
 695 015d 00000000 		.4byte	.LFB0
 696 0161 2C000000 		.4byte	.LFE0
 697 0165 02       		.byte	0x2
 698 0166 7D       		.byte	0x7d
 699 0167 00       		.sleb128 0
 700 0168 01       		.byte	0x1
 701 0169 D5010000 		.4byte	0x1d5
 702 016d 0F       		.uleb128 0xf
 703 016e D5000000 		.4byte	0xd5
 704 0172 00000000 		.4byte	.LBB22
 705 0176 00000000 		.4byte	.Ldebug_ranges0+0
 706 017a 01       		.byte	0x1
 707 017b 3E       		.byte	0x3e
 708 017c 10       		.uleb128 0x10
 709 017d E0000000 		.4byte	0xe0
 710 0181 02000000 		.4byte	.LBB25
 711 0185 18000000 		.4byte	.Ldebug_ranges0+0x18
 712 0189 01       		.byte	0x1
 713 018a 41       		.byte	0x41
 714 018b AB010000 		.4byte	0x1ab
 715 018f 11       		.uleb128 0x11
 716 0190 EE000000 		.4byte	0xee
 717 0194 06       		.byte	0x6
 718 0195 03       		.byte	0x3
 719 0196 00000000 		.4byte	isr_DAS_Interrupt
 720 019a 9F       		.byte	0x9f
 721 019b 12       		.uleb128 0x12
 722 019c 38000000 		.4byte	.Ldebug_ranges0+0x38
 723 01a0 13       		.uleb128 0x13
 724 01a1 F9000000 		.4byte	0xf9
 725 01a5 00000000 		.4byte	.LLST0
 726 01a9 00       		.byte	0
 727 01aa 00       		.byte	0
 728 01ab 10       		.uleb128 0x10
 729 01ac 0B010000 		.4byte	0x10b
 730 01b0 0C000000 		.4byte	.LBB31
 731 01b4 58000000 		.4byte	.Ldebug_ranges0+0x58
 732 01b8 01       		.byte	0x1
 733 01b9 44       		.byte	0x44
 734 01ba C5010000 		.4byte	0x1c5
 735 01be 14       		.uleb128 0x14
 736 01bf 19010000 		.4byte	0x119
 737 01c3 07       		.byte	0x7
 738 01c4 00       		.byte	0
 739 01c5 0F       		.uleb128 0xf
 740 01c6 25010000 		.4byte	0x125
 741 01ca 12000000 		.4byte	.LBB37
 742 01ce 78000000 		.4byte	.Ldebug_ranges0+0x78
 743 01d2 01       		.byte	0x1
ARM GAS  C:\Users\Graziano\AppData\Local\Temp\ccECyNQc.s 			page 21


 744 01d3 47       		.byte	0x47
 745 01d4 00       		.byte	0
 746 01d5 0D       		.uleb128 0xd
 747 01d6 01       		.byte	0x1
 748 01d7 A8010000 		.4byte	.LASF26
 749 01db 01       		.byte	0x1
 750 01dc 59       		.byte	0x59
 751 01dd 01       		.byte	0x1
 752 01de 00000000 		.4byte	.LFB1
 753 01e2 28000000 		.4byte	.LFE1
 754 01e6 02       		.byte	0x2
 755 01e7 7D       		.byte	0x7d
 756 01e8 00       		.sleb128 0
 757 01e9 01       		.byte	0x1
 758 01ea 62020000 		.4byte	0x262
 759 01ee 15       		.uleb128 0x15
 760 01ef 7E010000 		.4byte	.LASF20
 761 01f3 01       		.byte	0x1
 762 01f4 59       		.byte	0x59
 763 01f5 C9000000 		.4byte	0xc9
 764 01f9 23000000 		.4byte	.LLST1
 765 01fd 0F       		.uleb128 0xf
 766 01fe D5000000 		.4byte	0xd5
 767 0202 00000000 		.4byte	.LBB42
 768 0206 90000000 		.4byte	.Ldebug_ranges0+0x90
 769 020a 01       		.byte	0x1
 770 020b 5C       		.byte	0x5c
 771 020c 10       		.uleb128 0x10
 772 020d E0000000 		.4byte	0xe0
 773 0211 02000000 		.4byte	.LBB45
 774 0215 A8000000 		.4byte	.Ldebug_ranges0+0xa8
 775 0219 01       		.byte	0x1
 776 021a 5F       		.byte	0x5f
 777 021b 38020000 		.4byte	0x238
 778 021f 16       		.uleb128 0x16
 779 0220 EE000000 		.4byte	0xee
 780 0224 56000000 		.4byte	.LLST2
 781 0228 12       		.uleb128 0x12
 782 0229 C8000000 		.4byte	.Ldebug_ranges0+0xc8
 783 022d 13       		.uleb128 0x13
 784 022e F9000000 		.4byte	0xf9
 785 0232 89000000 		.4byte	.LLST3
 786 0236 00       		.byte	0
 787 0237 00       		.byte	0
 788 0238 10       		.uleb128 0x10
 789 0239 0B010000 		.4byte	0x10b
 790 023d 0A000000 		.4byte	.LBB51
 791 0241 E8000000 		.4byte	.Ldebug_ranges0+0xe8
 792 0245 01       		.byte	0x1
 793 0246 62       		.byte	0x62
 794 0247 52020000 		.4byte	0x252
 795 024b 14       		.uleb128 0x14
 796 024c 19010000 		.4byte	0x119
 797 0250 07       		.byte	0x7
 798 0251 00       		.byte	0
 799 0252 0F       		.uleb128 0xf
 800 0253 25010000 		.4byte	0x125
ARM GAS  C:\Users\Graziano\AppData\Local\Temp\ccECyNQc.s 			page 22


 801 0257 10000000 		.4byte	.LBB57
 802 025b 08010000 		.4byte	.Ldebug_ranges0+0x108
 803 025f 01       		.byte	0x1
 804 0260 65       		.byte	0x65
 805 0261 00       		.byte	0
 806 0262 0D       		.uleb128 0xd
 807 0263 01       		.byte	0x1
 808 0264 36020000 		.4byte	.LASF27
 809 0268 01       		.byte	0x1
 810 0269 76       		.byte	0x76
 811 026a 01       		.byte	0x1
 812 026b 00000000 		.4byte	.LFB2
 813 026f 1C000000 		.4byte	.LFE2
 814 0273 02       		.byte	0x2
 815 0274 7D       		.byte	0x7d
 816 0275 00       		.sleb128 0
 817 0276 01       		.byte	0x1
 818 0277 AD020000 		.4byte	0x2ad
 819 027b 0F       		.uleb128 0xf
 820 027c D5000000 		.4byte	0xd5
 821 0280 00000000 		.4byte	.LBB62
 822 0284 20010000 		.4byte	.Ldebug_ranges0+0x120
 823 0288 01       		.byte	0x1
 824 0289 79       		.byte	0x79
 825 028a 17       		.uleb128 0x17
 826 028b E0000000 		.4byte	0xe0
 827 028f 02000000 		.4byte	.LBB65
 828 0293 38010000 		.4byte	.Ldebug_ranges0+0x138
 829 0297 01       		.byte	0x1
 830 0298 7C       		.byte	0x7c
 831 0299 18       		.uleb128 0x18
 832 029a EE000000 		.4byte	0xee
 833 029e 12       		.uleb128 0x12
 834 029f 50010000 		.4byte	.Ldebug_ranges0+0x150
 835 02a3 19       		.uleb128 0x19
 836 02a4 F9000000 		.4byte	0xf9
 837 02a8 01       		.byte	0x1
 838 02a9 51       		.byte	0x51
 839 02aa 00       		.byte	0
 840 02ab 00       		.byte	0
 841 02ac 00       		.byte	0
 842 02ad 1A       		.uleb128 0x1a
 843 02ae E0000000 		.4byte	0xe0
 844 02b2 00000000 		.4byte	.LFB4
 845 02b6 0C000000 		.4byte	.LFE4
 846 02ba 02       		.byte	0x2
 847 02bb 7D       		.byte	0x7d
 848 02bc 00       		.sleb128 0
 849 02bd 01       		.byte	0x1
 850 02be D1020000 		.4byte	0x2d1
 851 02c2 11       		.uleb128 0x11
 852 02c3 EE000000 		.4byte	0xee
 853 02c7 01       		.byte	0x1
 854 02c8 50       		.byte	0x50
 855 02c9 19       		.uleb128 0x19
 856 02ca F9000000 		.4byte	0xf9
 857 02ce 01       		.byte	0x1
ARM GAS  C:\Users\Graziano\AppData\Local\Temp\ccECyNQc.s 			page 23


 858 02cf 51       		.byte	0x51
 859 02d0 00       		.byte	0
 860 02d1 1B       		.uleb128 0x1b
 861 02d2 01       		.byte	0x1
 862 02d3 51000000 		.4byte	.LASF28
 863 02d7 01       		.byte	0x1
 864 02d8 C4       		.byte	0xc4
 865 02d9 01       		.byte	0x1
 866 02da C9000000 		.4byte	0xc9
 867 02de 00000000 		.4byte	.LFB5
 868 02e2 0C000000 		.4byte	.LFE5
 869 02e6 02       		.byte	0x2
 870 02e7 7D       		.byte	0x7d
 871 02e8 00       		.sleb128 0
 872 02e9 01       		.byte	0x1
 873 02ea FE020000 		.4byte	0x2fe
 874 02ee 1C       		.uleb128 0x1c
 875 02ef ED010000 		.4byte	.LASF30
 876 02f3 01       		.byte	0x1
 877 02f4 C6       		.byte	0xc6
 878 02f5 05010000 		.4byte	0x105
 879 02f9 AC000000 		.4byte	.LLST4
 880 02fd 00       		.byte	0
 881 02fe 1A       		.uleb128 0x1a
 882 02ff 0B010000 		.4byte	0x10b
 883 0303 00000000 		.4byte	.LFB6
 884 0307 10000000 		.4byte	.LFE6
 885 030b 02       		.byte	0x2
 886 030c 7D       		.byte	0x7d
 887 030d 00       		.sleb128 0
 888 030e 01       		.byte	0x1
 889 030f 1D030000 		.4byte	0x31d
 890 0313 16       		.uleb128 0x16
 891 0314 19010000 		.4byte	0x119
 892 0318 D0000000 		.4byte	.LLST5
 893 031c 00       		.byte	0
 894 031d 1B       		.uleb128 0x1b
 895 031e 01       		.byte	0x1
 896 031f AA000000 		.4byte	.LASF29
 897 0323 01       		.byte	0x1
 898 0324 F4       		.byte	0xf4
 899 0325 01       		.byte	0x1
 900 0326 85000000 		.4byte	0x85
 901 032a 00000000 		.4byte	.LFB7
 902 032e 0C000000 		.4byte	.LFE7
 903 0332 02       		.byte	0x2
 904 0333 7D       		.byte	0x7d
 905 0334 00       		.sleb128 0
 906 0335 01       		.byte	0x1
 907 0336 4A030000 		.4byte	0x34a
 908 033a 1C       		.uleb128 0x1c
 909 033b 2C010000 		.4byte	.LASF21
 910 033f 01       		.byte	0x1
 911 0340 F6       		.byte	0xf6
 912 0341 85000000 		.4byte	0x85
 913 0345 F1000000 		.4byte	.LLST6
 914 0349 00       		.byte	0
ARM GAS  C:\Users\Graziano\AppData\Local\Temp\ccECyNQc.s 			page 24


 915 034a 1D       		.uleb128 0x1d
 916 034b 25010000 		.4byte	0x125
 917 034f 00000000 		.4byte	.LFB8
 918 0353 0C000000 		.4byte	.LFE8
 919 0357 02       		.byte	0x2
 920 0358 7D       		.byte	0x7d
 921 0359 00       		.sleb128 0
 922 035a 01       		.byte	0x1
 923 035b 1E       		.uleb128 0x1e
 924 035c 01       		.byte	0x1
 925 035d 1C020000 		.4byte	.LASF37
 926 0361 01       		.byte	0x1
 927 0362 2201     		.2byte	0x122
 928 0364 01       		.byte	0x1
 929 0365 85000000 		.4byte	0x85
 930 0369 00000000 		.4byte	.LFB9
 931 036d 10000000 		.4byte	.LFE9
 932 0371 02       		.byte	0x2
 933 0372 7D       		.byte	0x7d
 934 0373 00       		.sleb128 0
 935 0374 01       		.byte	0x1
 936 0375 1D       		.uleb128 0x1d
 937 0376 D5000000 		.4byte	0xd5
 938 037a 00000000 		.4byte	.LFB10
 939 037e 0C000000 		.4byte	.LFE10
 940 0382 02       		.byte	0x2
 941 0383 7D       		.byte	0x7d
 942 0384 00       		.sleb128 0
 943 0385 01       		.byte	0x1
 944 0386 1F       		.uleb128 0x1f
 945 0387 01       		.byte	0x1
 946 0388 5E010000 		.4byte	.LASF31
 947 038c 01       		.byte	0x1
 948 038d 4D01     		.2byte	0x14d
 949 038f 01       		.byte	0x1
 950 0390 00000000 		.4byte	.LFB11
 951 0394 0C000000 		.4byte	.LFE11
 952 0398 02       		.byte	0x2
 953 0399 7D       		.byte	0x7d
 954 039a 00       		.sleb128 0
 955 039b 01       		.byte	0x1
 956 039c 1F       		.uleb128 0x1f
 957 039d 01       		.byte	0x1
 958 039e 83000000 		.4byte	.LASF32
 959 03a2 01       		.byte	0x1
 960 03a3 6101     		.2byte	0x161
 961 03a5 01       		.byte	0x1
 962 03a6 00000000 		.4byte	.LFB12
 963 03aa 0C000000 		.4byte	.LFE12
 964 03ae 02       		.byte	0x2
 965 03af 7D       		.byte	0x7d
 966 03b0 00       		.sleb128 0
 967 03b1 01       		.byte	0x1
 968 03b2 20       		.uleb128 0x20
 969 03b3 01       		.byte	0x1
 970 03b4 9D010000 		.4byte	.LASF33
 971 03b8 03       		.byte	0x3
ARM GAS  C:\Users\Graziano\AppData\Local\Temp\ccECyNQc.s 			page 25


 972 03b9 61       		.byte	0x61
 973 03ba 01       		.byte	0x1
 974 03bb 01       		.byte	0x1
 975 03bc 00       		.byte	0
 976              		.section	.debug_abbrev,"",%progbits
 977              	.Ldebug_abbrev0:
 978 0000 01       		.uleb128 0x1
 979 0001 11       		.uleb128 0x11
 980 0002 01       		.byte	0x1
 981 0003 25       		.uleb128 0x25
 982 0004 0E       		.uleb128 0xe
 983 0005 13       		.uleb128 0x13
 984 0006 0B       		.uleb128 0xb
 985 0007 03       		.uleb128 0x3
 986 0008 0E       		.uleb128 0xe
 987 0009 1B       		.uleb128 0x1b
 988 000a 0E       		.uleb128 0xe
 989 000b 55       		.uleb128 0x55
 990 000c 06       		.uleb128 0x6
 991 000d 11       		.uleb128 0x11
 992 000e 01       		.uleb128 0x1
 993 000f 52       		.uleb128 0x52
 994 0010 01       		.uleb128 0x1
 995 0011 10       		.uleb128 0x10
 996 0012 06       		.uleb128 0x6
 997 0013 00       		.byte	0
 998 0014 00       		.byte	0
 999 0015 02       		.uleb128 0x2
 1000 0016 24       		.uleb128 0x24
 1001 0017 00       		.byte	0
 1002 0018 0B       		.uleb128 0xb
 1003 0019 0B       		.uleb128 0xb
 1004 001a 3E       		.uleb128 0x3e
 1005 001b 0B       		.uleb128 0xb
 1006 001c 03       		.uleb128 0x3
 1007 001d 0E       		.uleb128 0xe
 1008 001e 00       		.byte	0
 1009 001f 00       		.byte	0
 1010 0020 03       		.uleb128 0x3
 1011 0021 24       		.uleb128 0x24
 1012 0022 00       		.byte	0
 1013 0023 0B       		.uleb128 0xb
 1014 0024 0B       		.uleb128 0xb
 1015 0025 3E       		.uleb128 0x3e
 1016 0026 0B       		.uleb128 0xb
 1017 0027 03       		.uleb128 0x3
 1018 0028 08       		.uleb128 0x8
 1019 0029 00       		.byte	0
 1020 002a 00       		.byte	0
 1021 002b 04       		.uleb128 0x4
 1022 002c 15       		.uleb128 0x15
 1023 002d 00       		.byte	0
 1024 002e 27       		.uleb128 0x27
 1025 002f 0C       		.uleb128 0xc
 1026 0030 00       		.byte	0
 1027 0031 00       		.byte	0
 1028 0032 05       		.uleb128 0x5
ARM GAS  C:\Users\Graziano\AppData\Local\Temp\ccECyNQc.s 			page 26


 1029 0033 0F       		.uleb128 0xf
 1030 0034 00       		.byte	0
 1031 0035 0B       		.uleb128 0xb
 1032 0036 0B       		.uleb128 0xb
 1033 0037 49       		.uleb128 0x49
 1034 0038 13       		.uleb128 0x13
 1035 0039 00       		.byte	0
 1036 003a 00       		.byte	0
 1037 003b 06       		.uleb128 0x6
 1038 003c 16       		.uleb128 0x16
 1039 003d 00       		.byte	0
 1040 003e 03       		.uleb128 0x3
 1041 003f 0E       		.uleb128 0xe
 1042 0040 3A       		.uleb128 0x3a
 1043 0041 0B       		.uleb128 0xb
 1044 0042 3B       		.uleb128 0x3b
 1045 0043 0B       		.uleb128 0xb
 1046 0044 49       		.uleb128 0x49
 1047 0045 13       		.uleb128 0x13
 1048 0046 00       		.byte	0
 1049 0047 00       		.byte	0
 1050 0048 07       		.uleb128 0x7
 1051 0049 35       		.uleb128 0x35
 1052 004a 00       		.byte	0
 1053 004b 49       		.uleb128 0x49
 1054 004c 13       		.uleb128 0x13
 1055 004d 00       		.byte	0
 1056 004e 00       		.byte	0
 1057 004f 08       		.uleb128 0x8
 1058 0050 16       		.uleb128 0x16
 1059 0051 00       		.byte	0
 1060 0052 03       		.uleb128 0x3
 1061 0053 0E       		.uleb128 0xe
 1062 0054 3A       		.uleb128 0x3a
 1063 0055 0B       		.uleb128 0xb
 1064 0056 3B       		.uleb128 0x3b
 1065 0057 05       		.uleb128 0x5
 1066 0058 49       		.uleb128 0x49
 1067 0059 13       		.uleb128 0x13
 1068 005a 00       		.byte	0
 1069 005b 00       		.byte	0
 1070 005c 09       		.uleb128 0x9
 1071 005d 2E       		.uleb128 0x2e
 1072 005e 00       		.byte	0
 1073 005f 3F       		.uleb128 0x3f
 1074 0060 0C       		.uleb128 0xc
 1075 0061 03       		.uleb128 0x3
 1076 0062 0E       		.uleb128 0xe
 1077 0063 3A       		.uleb128 0x3a
 1078 0064 0B       		.uleb128 0xb
 1079 0065 3B       		.uleb128 0x3b
 1080 0066 05       		.uleb128 0x5
 1081 0067 27       		.uleb128 0x27
 1082 0068 0C       		.uleb128 0xc
 1083 0069 20       		.uleb128 0x20
 1084 006a 0B       		.uleb128 0xb
 1085 006b 00       		.byte	0
ARM GAS  C:\Users\Graziano\AppData\Local\Temp\ccECyNQc.s 			page 27


 1086 006c 00       		.byte	0
 1087 006d 0A       		.uleb128 0xa
 1088 006e 2E       		.uleb128 0x2e
 1089 006f 01       		.byte	0x1
 1090 0070 3F       		.uleb128 0x3f
 1091 0071 0C       		.uleb128 0xc
 1092 0072 03       		.uleb128 0x3
 1093 0073 0E       		.uleb128 0xe
 1094 0074 3A       		.uleb128 0x3a
 1095 0075 0B       		.uleb128 0xb
 1096 0076 3B       		.uleb128 0x3b
 1097 0077 0B       		.uleb128 0xb
 1098 0078 27       		.uleb128 0x27
 1099 0079 0C       		.uleb128 0xc
 1100 007a 20       		.uleb128 0x20
 1101 007b 0B       		.uleb128 0xb
 1102 007c 01       		.uleb128 0x1
 1103 007d 13       		.uleb128 0x13
 1104 007e 00       		.byte	0
 1105 007f 00       		.byte	0
 1106 0080 0B       		.uleb128 0xb
 1107 0081 05       		.uleb128 0x5
 1108 0082 00       		.byte	0
 1109 0083 03       		.uleb128 0x3
 1110 0084 0E       		.uleb128 0xe
 1111 0085 3A       		.uleb128 0x3a
 1112 0086 0B       		.uleb128 0xb
 1113 0087 3B       		.uleb128 0x3b
 1114 0088 0B       		.uleb128 0xb
 1115 0089 49       		.uleb128 0x49
 1116 008a 13       		.uleb128 0x13
 1117 008b 00       		.byte	0
 1118 008c 00       		.byte	0
 1119 008d 0C       		.uleb128 0xc
 1120 008e 34       		.uleb128 0x34
 1121 008f 00       		.byte	0
 1122 0090 03       		.uleb128 0x3
 1123 0091 0E       		.uleb128 0xe
 1124 0092 3A       		.uleb128 0x3a
 1125 0093 0B       		.uleb128 0xb
 1126 0094 3B       		.uleb128 0x3b
 1127 0095 0B       		.uleb128 0xb
 1128 0096 49       		.uleb128 0x49
 1129 0097 13       		.uleb128 0x13
 1130 0098 00       		.byte	0
 1131 0099 00       		.byte	0
 1132 009a 0D       		.uleb128 0xd
 1133 009b 2E       		.uleb128 0x2e
 1134 009c 01       		.byte	0x1
 1135 009d 3F       		.uleb128 0x3f
 1136 009e 0C       		.uleb128 0xc
 1137 009f 03       		.uleb128 0x3
 1138 00a0 0E       		.uleb128 0xe
 1139 00a1 3A       		.uleb128 0x3a
 1140 00a2 0B       		.uleb128 0xb
 1141 00a3 3B       		.uleb128 0x3b
 1142 00a4 0B       		.uleb128 0xb
ARM GAS  C:\Users\Graziano\AppData\Local\Temp\ccECyNQc.s 			page 28


 1143 00a5 27       		.uleb128 0x27
 1144 00a6 0C       		.uleb128 0xc
 1145 00a7 11       		.uleb128 0x11
 1146 00a8 01       		.uleb128 0x1
 1147 00a9 12       		.uleb128 0x12
 1148 00aa 01       		.uleb128 0x1
 1149 00ab 40       		.uleb128 0x40
 1150 00ac 0A       		.uleb128 0xa
 1151 00ad 9742     		.uleb128 0x2117
 1152 00af 0C       		.uleb128 0xc
 1153 00b0 01       		.uleb128 0x1
 1154 00b1 13       		.uleb128 0x13
 1155 00b2 00       		.byte	0
 1156 00b3 00       		.byte	0
 1157 00b4 0E       		.uleb128 0xe
 1158 00b5 898201   		.uleb128 0x4109
 1159 00b8 00       		.byte	0
 1160 00b9 11       		.uleb128 0x11
 1161 00ba 01       		.uleb128 0x1
 1162 00bb 9542     		.uleb128 0x2115
 1163 00bd 0C       		.uleb128 0xc
 1164 00be 31       		.uleb128 0x31
 1165 00bf 13       		.uleb128 0x13
 1166 00c0 00       		.byte	0
 1167 00c1 00       		.byte	0
 1168 00c2 0F       		.uleb128 0xf
 1169 00c3 1D       		.uleb128 0x1d
 1170 00c4 00       		.byte	0
 1171 00c5 31       		.uleb128 0x31
 1172 00c6 13       		.uleb128 0x13
 1173 00c7 52       		.uleb128 0x52
 1174 00c8 01       		.uleb128 0x1
 1175 00c9 55       		.uleb128 0x55
 1176 00ca 06       		.uleb128 0x6
 1177 00cb 58       		.uleb128 0x58
 1178 00cc 0B       		.uleb128 0xb
 1179 00cd 59       		.uleb128 0x59
 1180 00ce 0B       		.uleb128 0xb
 1181 00cf 00       		.byte	0
 1182 00d0 00       		.byte	0
 1183 00d1 10       		.uleb128 0x10
 1184 00d2 1D       		.uleb128 0x1d
 1185 00d3 01       		.byte	0x1
 1186 00d4 31       		.uleb128 0x31
 1187 00d5 13       		.uleb128 0x13
 1188 00d6 52       		.uleb128 0x52
 1189 00d7 01       		.uleb128 0x1
 1190 00d8 55       		.uleb128 0x55
 1191 00d9 06       		.uleb128 0x6
 1192 00da 58       		.uleb128 0x58
 1193 00db 0B       		.uleb128 0xb
 1194 00dc 59       		.uleb128 0x59
 1195 00dd 0B       		.uleb128 0xb
 1196 00de 01       		.uleb128 0x1
 1197 00df 13       		.uleb128 0x13
 1198 00e0 00       		.byte	0
 1199 00e1 00       		.byte	0
ARM GAS  C:\Users\Graziano\AppData\Local\Temp\ccECyNQc.s 			page 29


 1200 00e2 11       		.uleb128 0x11
 1201 00e3 05       		.uleb128 0x5
 1202 00e4 00       		.byte	0
 1203 00e5 31       		.uleb128 0x31
 1204 00e6 13       		.uleb128 0x13
 1205 00e7 02       		.uleb128 0x2
 1206 00e8 0A       		.uleb128 0xa
 1207 00e9 00       		.byte	0
 1208 00ea 00       		.byte	0
 1209 00eb 12       		.uleb128 0x12
 1210 00ec 0B       		.uleb128 0xb
 1211 00ed 01       		.byte	0x1
 1212 00ee 55       		.uleb128 0x55
 1213 00ef 06       		.uleb128 0x6
 1214 00f0 00       		.byte	0
 1215 00f1 00       		.byte	0
 1216 00f2 13       		.uleb128 0x13
 1217 00f3 34       		.uleb128 0x34
 1218 00f4 00       		.byte	0
 1219 00f5 31       		.uleb128 0x31
 1220 00f6 13       		.uleb128 0x13
 1221 00f7 02       		.uleb128 0x2
 1222 00f8 06       		.uleb128 0x6
 1223 00f9 00       		.byte	0
 1224 00fa 00       		.byte	0
 1225 00fb 14       		.uleb128 0x14
 1226 00fc 05       		.uleb128 0x5
 1227 00fd 00       		.byte	0
 1228 00fe 31       		.uleb128 0x31
 1229 00ff 13       		.uleb128 0x13
 1230 0100 1C       		.uleb128 0x1c
 1231 0101 0B       		.uleb128 0xb
 1232 0102 00       		.byte	0
 1233 0103 00       		.byte	0
 1234 0104 15       		.uleb128 0x15
 1235 0105 05       		.uleb128 0x5
 1236 0106 00       		.byte	0
 1237 0107 03       		.uleb128 0x3
 1238 0108 0E       		.uleb128 0xe
 1239 0109 3A       		.uleb128 0x3a
 1240 010a 0B       		.uleb128 0xb
 1241 010b 3B       		.uleb128 0x3b
 1242 010c 0B       		.uleb128 0xb
 1243 010d 49       		.uleb128 0x49
 1244 010e 13       		.uleb128 0x13
 1245 010f 02       		.uleb128 0x2
 1246 0110 06       		.uleb128 0x6
 1247 0111 00       		.byte	0
 1248 0112 00       		.byte	0
 1249 0113 16       		.uleb128 0x16
 1250 0114 05       		.uleb128 0x5
 1251 0115 00       		.byte	0
 1252 0116 31       		.uleb128 0x31
 1253 0117 13       		.uleb128 0x13
 1254 0118 02       		.uleb128 0x2
 1255 0119 06       		.uleb128 0x6
 1256 011a 00       		.byte	0
ARM GAS  C:\Users\Graziano\AppData\Local\Temp\ccECyNQc.s 			page 30


 1257 011b 00       		.byte	0
 1258 011c 17       		.uleb128 0x17
 1259 011d 1D       		.uleb128 0x1d
 1260 011e 01       		.byte	0x1
 1261 011f 31       		.uleb128 0x31
 1262 0120 13       		.uleb128 0x13
 1263 0121 52       		.uleb128 0x52
 1264 0122 01       		.uleb128 0x1
 1265 0123 55       		.uleb128 0x55
 1266 0124 06       		.uleb128 0x6
 1267 0125 58       		.uleb128 0x58
 1268 0126 0B       		.uleb128 0xb
 1269 0127 59       		.uleb128 0x59
 1270 0128 0B       		.uleb128 0xb
 1271 0129 00       		.byte	0
 1272 012a 00       		.byte	0
 1273 012b 18       		.uleb128 0x18
 1274 012c 05       		.uleb128 0x5
 1275 012d 00       		.byte	0
 1276 012e 31       		.uleb128 0x31
 1277 012f 13       		.uleb128 0x13
 1278 0130 00       		.byte	0
 1279 0131 00       		.byte	0
 1280 0132 19       		.uleb128 0x19
 1281 0133 34       		.uleb128 0x34
 1282 0134 00       		.byte	0
 1283 0135 31       		.uleb128 0x31
 1284 0136 13       		.uleb128 0x13
 1285 0137 02       		.uleb128 0x2
 1286 0138 0A       		.uleb128 0xa
 1287 0139 00       		.byte	0
 1288 013a 00       		.byte	0
 1289 013b 1A       		.uleb128 0x1a
 1290 013c 2E       		.uleb128 0x2e
 1291 013d 01       		.byte	0x1
 1292 013e 31       		.uleb128 0x31
 1293 013f 13       		.uleb128 0x13
 1294 0140 11       		.uleb128 0x11
 1295 0141 01       		.uleb128 0x1
 1296 0142 12       		.uleb128 0x12
 1297 0143 01       		.uleb128 0x1
 1298 0144 40       		.uleb128 0x40
 1299 0145 0A       		.uleb128 0xa
 1300 0146 9742     		.uleb128 0x2117
 1301 0148 0C       		.uleb128 0xc
 1302 0149 01       		.uleb128 0x1
 1303 014a 13       		.uleb128 0x13
 1304 014b 00       		.byte	0
 1305 014c 00       		.byte	0
 1306 014d 1B       		.uleb128 0x1b
 1307 014e 2E       		.uleb128 0x2e
 1308 014f 01       		.byte	0x1
 1309 0150 3F       		.uleb128 0x3f
 1310 0151 0C       		.uleb128 0xc
 1311 0152 03       		.uleb128 0x3
 1312 0153 0E       		.uleb128 0xe
 1313 0154 3A       		.uleb128 0x3a
ARM GAS  C:\Users\Graziano\AppData\Local\Temp\ccECyNQc.s 			page 31


 1314 0155 0B       		.uleb128 0xb
 1315 0156 3B       		.uleb128 0x3b
 1316 0157 0B       		.uleb128 0xb
 1317 0158 27       		.uleb128 0x27
 1318 0159 0C       		.uleb128 0xc
 1319 015a 49       		.uleb128 0x49
 1320 015b 13       		.uleb128 0x13
 1321 015c 11       		.uleb128 0x11
 1322 015d 01       		.uleb128 0x1
 1323 015e 12       		.uleb128 0x12
 1324 015f 01       		.uleb128 0x1
 1325 0160 40       		.uleb128 0x40
 1326 0161 0A       		.uleb128 0xa
 1327 0162 9742     		.uleb128 0x2117
 1328 0164 0C       		.uleb128 0xc
 1329 0165 01       		.uleb128 0x1
 1330 0166 13       		.uleb128 0x13
 1331 0167 00       		.byte	0
 1332 0168 00       		.byte	0
 1333 0169 1C       		.uleb128 0x1c
 1334 016a 34       		.uleb128 0x34
 1335 016b 00       		.byte	0
 1336 016c 03       		.uleb128 0x3
 1337 016d 0E       		.uleb128 0xe
 1338 016e 3A       		.uleb128 0x3a
 1339 016f 0B       		.uleb128 0xb
 1340 0170 3B       		.uleb128 0x3b
 1341 0171 0B       		.uleb128 0xb
 1342 0172 49       		.uleb128 0x49
 1343 0173 13       		.uleb128 0x13
 1344 0174 02       		.uleb128 0x2
 1345 0175 06       		.uleb128 0x6
 1346 0176 00       		.byte	0
 1347 0177 00       		.byte	0
 1348 0178 1D       		.uleb128 0x1d
 1349 0179 2E       		.uleb128 0x2e
 1350 017a 00       		.byte	0
 1351 017b 31       		.uleb128 0x31
 1352 017c 13       		.uleb128 0x13
 1353 017d 11       		.uleb128 0x11
 1354 017e 01       		.uleb128 0x1
 1355 017f 12       		.uleb128 0x12
 1356 0180 01       		.uleb128 0x1
 1357 0181 40       		.uleb128 0x40
 1358 0182 0A       		.uleb128 0xa
 1359 0183 9742     		.uleb128 0x2117
 1360 0185 0C       		.uleb128 0xc
 1361 0186 00       		.byte	0
 1362 0187 00       		.byte	0
 1363 0188 1E       		.uleb128 0x1e
 1364 0189 2E       		.uleb128 0x2e
 1365 018a 00       		.byte	0
 1366 018b 3F       		.uleb128 0x3f
 1367 018c 0C       		.uleb128 0xc
 1368 018d 03       		.uleb128 0x3
 1369 018e 0E       		.uleb128 0xe
 1370 018f 3A       		.uleb128 0x3a
ARM GAS  C:\Users\Graziano\AppData\Local\Temp\ccECyNQc.s 			page 32


 1371 0190 0B       		.uleb128 0xb
 1372 0191 3B       		.uleb128 0x3b
 1373 0192 05       		.uleb128 0x5
 1374 0193 27       		.uleb128 0x27
 1375 0194 0C       		.uleb128 0xc
 1376 0195 49       		.uleb128 0x49
 1377 0196 13       		.uleb128 0x13
 1378 0197 11       		.uleb128 0x11
 1379 0198 01       		.uleb128 0x1
 1380 0199 12       		.uleb128 0x12
 1381 019a 01       		.uleb128 0x1
 1382 019b 40       		.uleb128 0x40
 1383 019c 0A       		.uleb128 0xa
 1384 019d 9742     		.uleb128 0x2117
 1385 019f 0C       		.uleb128 0xc
 1386 01a0 00       		.byte	0
 1387 01a1 00       		.byte	0
 1388 01a2 1F       		.uleb128 0x1f
 1389 01a3 2E       		.uleb128 0x2e
 1390 01a4 00       		.byte	0
 1391 01a5 3F       		.uleb128 0x3f
 1392 01a6 0C       		.uleb128 0xc
 1393 01a7 03       		.uleb128 0x3
 1394 01a8 0E       		.uleb128 0xe
 1395 01a9 3A       		.uleb128 0x3a
 1396 01aa 0B       		.uleb128 0xb
 1397 01ab 3B       		.uleb128 0x3b
 1398 01ac 05       		.uleb128 0x5
 1399 01ad 27       		.uleb128 0x27
 1400 01ae 0C       		.uleb128 0xc
 1401 01af 11       		.uleb128 0x11
 1402 01b0 01       		.uleb128 0x1
 1403 01b1 12       		.uleb128 0x12
 1404 01b2 01       		.uleb128 0x1
 1405 01b3 40       		.uleb128 0x40
 1406 01b4 0A       		.uleb128 0xa
 1407 01b5 9742     		.uleb128 0x2117
 1408 01b7 0C       		.uleb128 0xc
 1409 01b8 00       		.byte	0
 1410 01b9 00       		.byte	0
 1411 01ba 20       		.uleb128 0x20
 1412 01bb 2E       		.uleb128 0x2e
 1413 01bc 00       		.byte	0
 1414 01bd 3F       		.uleb128 0x3f
 1415 01be 0C       		.uleb128 0xc
 1416 01bf 03       		.uleb128 0x3
 1417 01c0 0E       		.uleb128 0xe
 1418 01c1 3A       		.uleb128 0x3a
 1419 01c2 0B       		.uleb128 0xb
 1420 01c3 3B       		.uleb128 0x3b
 1421 01c4 0B       		.uleb128 0xb
 1422 01c5 27       		.uleb128 0x27
 1423 01c6 0C       		.uleb128 0xc
 1424 01c7 3C       		.uleb128 0x3c
 1425 01c8 0C       		.uleb128 0xc
 1426 01c9 00       		.byte	0
 1427 01ca 00       		.byte	0
ARM GAS  C:\Users\Graziano\AppData\Local\Temp\ccECyNQc.s 			page 33


 1428 01cb 00       		.byte	0
 1429              		.section	.debug_loc,"",%progbits
 1430              	.Ldebug_loc0:
 1431              	.LLST0:
 1432 0000 0C000000 		.4byte	.LVL2
 1433 0004 12000000 		.4byte	.LVL4
 1434 0008 0100     		.2byte	0x1
 1435 000a 52       		.byte	0x52
 1436 000b 12000000 		.4byte	.LVL4
 1437 000f 2C000000 		.4byte	.LFE0
 1438 0013 0600     		.2byte	0x6
 1439 0015 11       		.byte	0x11
 1440 0016 88DA8380 		.sleb128 -536810232
 1440      7E
 1441 001b 00000000 		.4byte	0
 1442 001f 00000000 		.4byte	0
 1443              	.LLST1:
 1444 0023 00000000 		.4byte	.LVL5
 1445 0027 10000000 		.4byte	.LVL9
 1446 002b 0100     		.2byte	0x1
 1447 002d 50       		.byte	0x50
 1448 002e 10000000 		.4byte	.LVL9
 1449 0032 14000000 		.4byte	.LVL10
 1450 0036 0300     		.2byte	0x3
 1451 0038 72       		.byte	0x72
 1452 0039 D000     		.sleb128 80
 1453 003b 14000000 		.4byte	.LVL10
 1454 003f 28000000 		.4byte	.LFE1
 1455 0043 0900     		.2byte	0x9
 1456 0045 11       		.byte	0x11
 1457 0046 88DA8380 		.sleb128 -536810232
 1457      7E
 1458 004b 06       		.byte	0x6
 1459 004c 23       		.byte	0x23
 1460 004d 50       		.uleb128 0x50
 1461 004e 00000000 		.4byte	0
 1462 0052 00000000 		.4byte	0
 1463              	.LLST2:
 1464 0056 08000000 		.4byte	.LVL6
 1465 005a 10000000 		.4byte	.LVL9
 1466 005e 0100     		.2byte	0x1
 1467 0060 50       		.byte	0x50
 1468 0061 10000000 		.4byte	.LVL9
 1469 0065 14000000 		.4byte	.LVL10
 1470 0069 0300     		.2byte	0x3
 1471 006b 72       		.byte	0x72
 1472 006c D000     		.sleb128 80
 1473 006e 14000000 		.4byte	.LVL10
 1474 0072 28000000 		.4byte	.LFE1
 1475 0076 0900     		.2byte	0x9
 1476 0078 11       		.byte	0x11
 1477 0079 88DA8380 		.sleb128 -536810232
 1477      7E
 1478 007e 06       		.byte	0x6
 1479 007f 23       		.byte	0x23
 1480 0080 50       		.uleb128 0x50
 1481 0081 00000000 		.4byte	0
ARM GAS  C:\Users\Graziano\AppData\Local\Temp\ccECyNQc.s 			page 34


 1482 0085 00000000 		.4byte	0
 1483              	.LLST3:
 1484 0089 0A000000 		.4byte	.LVL7
 1485 008d 14000000 		.4byte	.LVL10
 1486 0091 0100     		.2byte	0x1
 1487 0093 52       		.byte	0x52
 1488 0094 14000000 		.4byte	.LVL10
 1489 0098 28000000 		.4byte	.LFE1
 1490 009c 0600     		.2byte	0x6
 1491 009e 11       		.byte	0x11
 1492 009f 88DA8380 		.sleb128 -536810232
 1492      7E
 1493 00a4 00000000 		.4byte	0
 1494 00a8 00000000 		.4byte	0
 1495              	.LLST4:
 1496 00ac 00000000 		.4byte	.LVL15
 1497 00b0 02000000 		.4byte	.LVL16
 1498 00b4 0600     		.2byte	0x6
 1499 00b6 11       		.byte	0x11
 1500 00b7 88DA8380 		.sleb128 -536810232
 1500      7E
 1501 00bc 02000000 		.4byte	.LVL16
 1502 00c0 0C000000 		.4byte	.LFE5
 1503 00c4 0200     		.2byte	0x2
 1504 00c6 73       		.byte	0x73
 1505 00c7 00       		.sleb128 0
 1506 00c8 00000000 		.4byte	0
 1507 00cc 00000000 		.4byte	0
 1508              	.LLST5:
 1509 00d0 00000000 		.4byte	.LVL17
 1510 00d4 02000000 		.4byte	.LVL18
 1511 00d8 0100     		.2byte	0x1
 1512 00da 50       		.byte	0x50
 1513 00db 02000000 		.4byte	.LVL18
 1514 00df 10000000 		.4byte	.LFE6
 1515 00e3 0400     		.2byte	0x4
 1516 00e5 F3       		.byte	0xf3
 1517 00e6 01       		.uleb128 0x1
 1518 00e7 50       		.byte	0x50
 1519 00e8 9F       		.byte	0x9f
 1520 00e9 00000000 		.4byte	0
 1521 00ed 00000000 		.4byte	0
 1522              	.LLST6:
 1523 00f1 04000000 		.4byte	.LVL19
 1524 00f5 06000000 		.4byte	.LVL20
 1525 00f9 0500     		.2byte	0x5
 1526 00fb 70       		.byte	0x70
 1527 00fc 00       		.sleb128 0
 1528 00fd 35       		.byte	0x35
 1529 00fe 25       		.byte	0x25
 1530 00ff 9F       		.byte	0x9f
 1531 0100 00000000 		.4byte	0
 1532 0104 00000000 		.4byte	0
 1533              		.section	.debug_aranges,"",%progbits
 1534 0000 7C000000 		.4byte	0x7c
 1535 0004 0200     		.2byte	0x2
 1536 0006 00000000 		.4byte	.Ldebug_info0
ARM GAS  C:\Users\Graziano\AppData\Local\Temp\ccECyNQc.s 			page 35


 1537 000a 04       		.byte	0x4
 1538 000b 00       		.byte	0
 1539 000c 0000     		.2byte	0
 1540 000e 0000     		.2byte	0
 1541 0010 00000000 		.4byte	.LFB3
 1542 0014 04000000 		.4byte	.LFE3-.LFB3
 1543 0018 00000000 		.4byte	.LFB0
 1544 001c 2C000000 		.4byte	.LFE0-.LFB0
 1545 0020 00000000 		.4byte	.LFB1
 1546 0024 28000000 		.4byte	.LFE1-.LFB1
 1547 0028 00000000 		.4byte	.LFB2
 1548 002c 1C000000 		.4byte	.LFE2-.LFB2
 1549 0030 00000000 		.4byte	.LFB4
 1550 0034 0C000000 		.4byte	.LFE4-.LFB4
 1551 0038 00000000 		.4byte	.LFB5
 1552 003c 0C000000 		.4byte	.LFE5-.LFB5
 1553 0040 00000000 		.4byte	.LFB6
 1554 0044 10000000 		.4byte	.LFE6-.LFB6
 1555 0048 00000000 		.4byte	.LFB7
 1556 004c 0C000000 		.4byte	.LFE7-.LFB7
 1557 0050 00000000 		.4byte	.LFB8
 1558 0054 0C000000 		.4byte	.LFE8-.LFB8
 1559 0058 00000000 		.4byte	.LFB9
 1560 005c 10000000 		.4byte	.LFE9-.LFB9
 1561 0060 00000000 		.4byte	.LFB10
 1562 0064 0C000000 		.4byte	.LFE10-.LFB10
 1563 0068 00000000 		.4byte	.LFB11
 1564 006c 0C000000 		.4byte	.LFE11-.LFB11
 1565 0070 00000000 		.4byte	.LFB12
 1566 0074 0C000000 		.4byte	.LFE12-.LFB12
 1567 0078 00000000 		.4byte	0
 1568 007c 00000000 		.4byte	0
 1569              		.section	.debug_ranges,"",%progbits
 1570              	.Ldebug_ranges0:
 1571 0000 00000000 		.4byte	.LBB22
 1572 0004 02000000 		.4byte	.LBE22
 1573 0008 04000000 		.4byte	.LBB29
 1574 000c 08000000 		.4byte	.LBE29
 1575 0010 00000000 		.4byte	0
 1576 0014 00000000 		.4byte	0
 1577 0018 02000000 		.4byte	.LBB25
 1578 001c 04000000 		.4byte	.LBE25
 1579 0020 08000000 		.4byte	.LBB30
 1580 0024 0C000000 		.4byte	.LBE30
 1581 0028 0E000000 		.4byte	.LBB35
 1582 002c 10000000 		.4byte	.LBE35
 1583 0030 00000000 		.4byte	0
 1584 0034 00000000 		.4byte	0
 1585 0038 02000000 		.4byte	.LBB26
 1586 003c 04000000 		.4byte	.LBE26
 1587 0040 08000000 		.4byte	.LBB27
 1588 0044 0C000000 		.4byte	.LBE27
 1589 0048 0E000000 		.4byte	.LBB28
 1590 004c 10000000 		.4byte	.LBE28
 1591 0050 00000000 		.4byte	0
 1592 0054 00000000 		.4byte	0
 1593 0058 0C000000 		.4byte	.LBB31
ARM GAS  C:\Users\Graziano\AppData\Local\Temp\ccECyNQc.s 			page 36


 1594 005c 0E000000 		.4byte	.LBE31
 1595 0060 10000000 		.4byte	.LBB36
 1596 0064 12000000 		.4byte	.LBE36
 1597 0068 16000000 		.4byte	.LBB40
 1598 006c 18000000 		.4byte	.LBE40
 1599 0070 00000000 		.4byte	0
 1600 0074 00000000 		.4byte	0
 1601 0078 12000000 		.4byte	.LBB37
 1602 007c 16000000 		.4byte	.LBE37
 1603 0080 18000000 		.4byte	.LBB41
 1604 0084 2C000000 		.4byte	.LBE41
 1605 0088 00000000 		.4byte	0
 1606 008c 00000000 		.4byte	0
 1607 0090 00000000 		.4byte	.LBB42
 1608 0094 02000000 		.4byte	.LBE42
 1609 0098 04000000 		.4byte	.LBB49
 1610 009c 08000000 		.4byte	.LBE49
 1611 00a0 00000000 		.4byte	0
 1612 00a4 00000000 		.4byte	0
 1613 00a8 02000000 		.4byte	.LBB45
 1614 00ac 04000000 		.4byte	.LBE45
 1615 00b0 08000000 		.4byte	.LBB50
 1616 00b4 0A000000 		.4byte	.LBE50
 1617 00b8 0C000000 		.4byte	.LBB55
 1618 00bc 0E000000 		.4byte	.LBE55
 1619 00c0 00000000 		.4byte	0
 1620 00c4 00000000 		.4byte	0
 1621 00c8 02000000 		.4byte	.LBB46
 1622 00cc 04000000 		.4byte	.LBE46
 1623 00d0 08000000 		.4byte	.LBB47
 1624 00d4 0A000000 		.4byte	.LBE47
 1625 00d8 0C000000 		.4byte	.LBB48
 1626 00dc 0E000000 		.4byte	.LBE48
 1627 00e0 00000000 		.4byte	0
 1628 00e4 00000000 		.4byte	0
 1629 00e8 0A000000 		.4byte	.LBB51
 1630 00ec 0C000000 		.4byte	.LBE51
 1631 00f0 0E000000 		.4byte	.LBB56
 1632 00f4 10000000 		.4byte	.LBE56
 1633 00f8 14000000 		.4byte	.LBB60
 1634 00fc 16000000 		.4byte	.LBE60
 1635 0100 00000000 		.4byte	0
 1636 0104 00000000 		.4byte	0
 1637 0108 10000000 		.4byte	.LBB57
 1638 010c 14000000 		.4byte	.LBE57
 1639 0110 16000000 		.4byte	.LBB61
 1640 0114 28000000 		.4byte	.LBE61
 1641 0118 00000000 		.4byte	0
 1642 011c 00000000 		.4byte	0
 1643 0120 00000000 		.4byte	.LBB62
 1644 0124 02000000 		.4byte	.LBE62
 1645 0128 04000000 		.4byte	.LBB68
 1646 012c 08000000 		.4byte	.LBE68
 1647 0130 00000000 		.4byte	0
 1648 0134 00000000 		.4byte	0
 1649 0138 02000000 		.4byte	.LBB65
 1650 013c 04000000 		.4byte	.LBE65
ARM GAS  C:\Users\Graziano\AppData\Local\Temp\ccECyNQc.s 			page 37


 1651 0140 08000000 		.4byte	.LBB69
 1652 0144 1C000000 		.4byte	.LBE69
 1653 0148 00000000 		.4byte	0
 1654 014c 00000000 		.4byte	0
 1655 0150 02000000 		.4byte	.LBB66
 1656 0154 04000000 		.4byte	.LBE66
 1657 0158 08000000 		.4byte	.LBB67
 1658 015c 1C000000 		.4byte	.LBE67
 1659 0160 00000000 		.4byte	0
 1660 0164 00000000 		.4byte	0
 1661 0168 00000000 		.4byte	.LFB3
 1662 016c 04000000 		.4byte	.LFE3
 1663 0170 00000000 		.4byte	.LFB0
 1664 0174 2C000000 		.4byte	.LFE0
 1665 0178 00000000 		.4byte	.LFB1
 1666 017c 28000000 		.4byte	.LFE1
 1667 0180 00000000 		.4byte	.LFB2
 1668 0184 1C000000 		.4byte	.LFE2
 1669 0188 00000000 		.4byte	.LFB4
 1670 018c 0C000000 		.4byte	.LFE4
 1671 0190 00000000 		.4byte	.LFB5
 1672 0194 0C000000 		.4byte	.LFE5
 1673 0198 00000000 		.4byte	.LFB6
 1674 019c 10000000 		.4byte	.LFE6
 1675 01a0 00000000 		.4byte	.LFB7
 1676 01a4 0C000000 		.4byte	.LFE7
 1677 01a8 00000000 		.4byte	.LFB8
 1678 01ac 0C000000 		.4byte	.LFE8
 1679 01b0 00000000 		.4byte	.LFB9
 1680 01b4 10000000 		.4byte	.LFE9
 1681 01b8 00000000 		.4byte	.LFB10
 1682 01bc 0C000000 		.4byte	.LFE10
 1683 01c0 00000000 		.4byte	.LFB11
 1684 01c4 0C000000 		.4byte	.LFE11
 1685 01c8 00000000 		.4byte	.LFB12
 1686 01cc 0C000000 		.4byte	.LFE12
 1687 01d0 00000000 		.4byte	0
 1688 01d4 00000000 		.4byte	0
 1689              		.section	.debug_line,"",%progbits
 1690              	.Ldebug_line0:
 1691 0000 8C010000 		.section	.debug_str,"MS",%progbits,1
 1691      02005100 
 1691      00000201 
 1691      FB0E0D00 
 1691      01010101 
 1692              	.LASF16:
 1693 0000 72656733 		.ascii	"reg32\000"
 1693      3200
 1694              	.LASF23:
 1695 0006 6973725F 		.ascii	"isr_DAS_Enable\000"
 1695      4441535F 
 1695      456E6162 
 1695      6C6500
 1696              	.LASF35:
 1697 0015 2E5C4765 		.ascii	".\\Generated_Source\\PSoC5\\isr_DAS.c\000"
 1697      6E657261 
 1697      7465645F 
ARM GAS  C:\Users\Graziano\AppData\Local\Temp\ccECyNQc.s 			page 38


 1697      536F7572 
 1697      63655C50 
 1698              	.LASF3:
 1699 0038 73686F72 		.ascii	"short unsigned int\000"
 1699      7420756E 
 1699      7369676E 
 1699      65642069 
 1699      6E7400
 1700              	.LASF13:
 1701 004b 666C6F61 		.ascii	"float\000"
 1701      7400
 1702              	.LASF28:
 1703 0051 6973725F 		.ascii	"isr_DAS_GetVector\000"
 1703      4441535F 
 1703      47657456 
 1703      6563746F 
 1703      7200
 1704              	.LASF1:
 1705 0063 756E7369 		.ascii	"unsigned char\000"
 1705      676E6564 
 1705      20636861 
 1705      7200
 1706              	.LASF24:
 1707 0071 6973725F 		.ascii	"isr_DAS_Interrupt\000"
 1707      4441535F 
 1707      496E7465 
 1707      72727570 
 1707      7400
 1708              	.LASF32:
 1709 0083 6973725F 		.ascii	"isr_DAS_ClearPending\000"
 1709      4441535F 
 1709      436C6561 
 1709      7250656E 
 1709      64696E67 
 1710              	.LASF9:
 1711 0098 6C6F6E67 		.ascii	"long unsigned int\000"
 1711      20756E73 
 1711      69676E65 
 1711      6420696E 
 1711      7400
 1712              	.LASF29:
 1713 00aa 6973725F 		.ascii	"isr_DAS_GetPriority\000"
 1713      4441535F 
 1713      47657450 
 1713      72696F72 
 1713      69747900 
 1714              	.LASF36:
 1715 00be 433A5C55 		.ascii	"C:\\Users\\Graziano\\Desktop\\PSOC CODES\\GOBEE DIR"
 1715      73657273 
 1715      5C477261 
 1715      7A69616E 
 1715      6F5C4465 
 1716 00ec 4543544F 		.ascii	"ECTOR\\Vers.0.0-T05 2017-0201 C3.0 (test board V)\\"
 1716      525C5665 
 1716      72732E30 
 1716      2E302D54 
 1716      30352032 
ARM GAS  C:\Users\Graziano\AppData\Local\Temp\ccECyNQc.s 			page 39


 1717 011d 476F6265 		.ascii	"GobeeDir.cydsn\000"
 1717      65446972 
 1717      2E637964 
 1717      736E00
 1718              	.LASF21:
 1719 012c 7072696F 		.ascii	"priority\000"
 1719      72697479 
 1719      00
 1720              	.LASF25:
 1721 0135 6973725F 		.ascii	"isr_DAS_Start\000"
 1721      4441535F 
 1721      53746172 
 1721      7400
 1722              	.LASF14:
 1723 0143 646F7562 		.ascii	"double\000"
 1723      6C6500
 1724              	.LASF17:
 1725 014a 63796973 		.ascii	"cyisraddress\000"
 1725      72616464 
 1725      72657373 
 1725      00
 1726              	.LASF12:
 1727 0157 75696E74 		.ascii	"uint32\000"
 1727      333200
 1728              	.LASF31:
 1729 015e 6973725F 		.ascii	"isr_DAS_SetPending\000"
 1729      4441535F 
 1729      53657450 
 1729      656E6469 
 1729      6E6700
 1730              	.LASF4:
 1731 0171 756E7369 		.ascii	"unsigned int\000"
 1731      676E6564 
 1731      20696E74 
 1731      00
 1732              	.LASF20:
 1733 017e 61646472 		.ascii	"address\000"
 1733      65737300 
 1734              	.LASF6:
 1735 0186 6C6F6E67 		.ascii	"long long unsigned int\000"
 1735      206C6F6E 
 1735      6720756E 
 1735      7369676E 
 1735      65642069 
 1736              	.LASF33:
 1737 019d 4441535F 		.ascii	"DAS_printf\000"
 1737      7072696E 
 1737      746600
 1738              	.LASF26:
 1739 01a8 6973725F 		.ascii	"isr_DAS_StartEx\000"
 1739      4441535F 
 1739      53746172 
 1739      74457800 
 1740              	.LASF19:
 1741 01b8 6973725F 		.ascii	"isr_DAS_SetPriority\000"
 1741      4441535F 
 1741      53657450 
ARM GAS  C:\Users\Graziano\AppData\Local\Temp\ccECyNQc.s 			page 40


 1741      72696F72 
 1741      69747900 
 1742              	.LASF15:
 1743 01cc 72656738 		.ascii	"reg8\000"
 1743      00
 1744              	.LASF8:
 1745 01d1 73697A65 		.ascii	"sizetype\000"
 1745      74797065 
 1745      00
 1746              	.LASF5:
 1747 01da 6C6F6E67 		.ascii	"long long int\000"
 1747      206C6F6E 
 1747      6720696E 
 1747      7400
 1748              	.LASF10:
 1749 01e8 63686172 		.ascii	"char\000"
 1749      00
 1750              	.LASF30:
 1751 01ed 72616D56 		.ascii	"ramVectorTable\000"
 1751      6563746F 
 1751      72546162 
 1751      6C6500
 1752              	.LASF22:
 1753 01fc 6973725F 		.ascii	"isr_DAS_Disable\000"
 1753      4441535F 
 1753      44697361 
 1753      626C6500 
 1754              	.LASF2:
 1755 020c 73686F72 		.ascii	"short int\000"
 1755      7420696E 
 1755      7400
 1756              	.LASF11:
 1757 0216 75696E74 		.ascii	"uint8\000"
 1757      3800
 1758              	.LASF37:
 1759 021c 6973725F 		.ascii	"isr_DAS_GetState\000"
 1759      4441535F 
 1759      47657453 
 1759      74617465 
 1759      00
 1760              	.LASF7:
 1761 022d 6C6F6E67 		.ascii	"long int\000"
 1761      20696E74 
 1761      00
 1762              	.LASF27:
 1763 0236 6973725F 		.ascii	"isr_DAS_Stop\000"
 1763      4441535F 
 1763      53746F70 
 1763      00
 1764              	.LASF0:
 1765 0243 7369676E 		.ascii	"signed char\000"
 1765      65642063 
 1765      68617200 
 1766              	.LASF18:
 1767 024f 6973725F 		.ascii	"isr_DAS_SetVector\000"
 1767      4441535F 
 1767      53657456 
ARM GAS  C:\Users\Graziano\AppData\Local\Temp\ccECyNQc.s 			page 41


 1767      6563746F 
 1767      7200
 1768              	.LASF34:
 1769 0261 474E5520 		.ascii	"GNU C 4.7.3 20130312 (release) [ARM/embedded-4_7-br"
 1769      4320342E 
 1769      372E3320 
 1769      32303133 
 1769      30333132 
 1770 0294 616E6368 		.ascii	"anch revision 196615]\000"
 1770      20726576 
 1770      6973696F 
 1770      6E203139 
 1770      36363135 
 1771              		.ident	"GCC: (GNU Tools for ARM Embedded Processors) 4.7.3 20130312 (release) [ARM/embedded-4_7-br
