ARM GAS  C:\Users\Graziano\AppData\Local\Temp\ccZ74eHv.s 			page 1


   1              		.syntax unified
   2              		.cpu cortex-m3
   3              		.fpu softvfp
   4              		.eabi_attribute 20, 1
   5              		.eabi_attribute 21, 1
   6              		.eabi_attribute 23, 3
   7              		.eabi_attribute 24, 1
   8              		.eabi_attribute 25, 1
   9              		.eabi_attribute 26, 1
  10              		.eabi_attribute 30, 4
  11              		.eabi_attribute 34, 1
  12              		.eabi_attribute 18, 4
  13              		.thumb
  14              		.file	"My_I2C_lib.c"
  15              		.text
  16              	.Ltext0:
  17              		.cfi_sections	.debug_frame
  18              		.section	.text.My_I2C_COULOMB_ReadByte,"ax",%progbits
  19              		.align	1
  20              		.global	My_I2C_COULOMB_ReadByte
  21              		.thumb
  22              		.thumb_func
  23              		.type	My_I2C_COULOMB_ReadByte, %function
  24              	My_I2C_COULOMB_ReadByte:
  25              	.LFB56:
  26              		.file 1 ".\\My_I2C_lib.c"
   1:.\My_I2C_lib.c **** /* ========================================
   2:.\My_I2C_lib.c ****  *
   3:.\My_I2C_lib.c ****  * Copyright YOUR COMPANY, THE YEAR
   4:.\My_I2C_lib.c ****  * All Rights Reserved
   5:.\My_I2C_lib.c ****  * UNPUBLISHED, LICENSED SOFTWARE.
   6:.\My_I2C_lib.c ****  *
   7:.\My_I2C_lib.c ****  * CONFIDENTIAL AND PROPRIETARY INFORMATION
   8:.\My_I2C_lib.c ****  * WHICH IS THE PROPERTY OF your company.
   9:.\My_I2C_lib.c ****  *
  10:.\My_I2C_lib.c ****  * ========================================
  11:.\My_I2C_lib.c **** */
  12:.\My_I2C_lib.c **** 
  13:.\My_I2C_lib.c **** /* Include files */
  14:.\My_I2C_lib.c **** #include <device.h>
  15:.\My_I2C_lib.c **** #include <stdio.h>
  16:.\My_I2C_lib.c **** #include <gobee.h>
  17:.\My_I2C_lib.c **** 
  18:.\My_I2C_lib.c **** 
  19:.\My_I2C_lib.c **** //Reads a single Byte from I2C device at address slaveAddress
  20:.\My_I2C_lib.c **** //  slaveAddress = Right-justified 7-bit slave address (valid range 0 to 127)
  21:.\My_I2C_lib.c **** //  This function performs complete transfer for Start to Stop
  22:.\My_I2C_lib.c **** //  Non Blocking
  23:.\My_I2C_lib.c **** uint8 My_I2C_COULOMB_ReadByte(uint8 slaveAddress)
  24:.\My_I2C_lib.c **** {
  27              		.loc 1 24 0
  28              		.cfi_startproc
  29              		@ args = 0, pretend = 0, frame = 8
  30              		@ frame_needed = 0, uses_anonymous_args = 0
  31              	.LVL0:
  32 0000 07B5     		push	{r0, r1, r2, lr}
  33              	.LCFI0:
ARM GAS  C:\Users\Graziano\AppData\Local\Temp\ccZ74eHv.s 			page 2


  34              		.cfi_def_cfa_offset 16
  35              		.cfi_offset 0, -16
  36              		.cfi_offset 1, -12
  37              		.cfi_offset 2, -8
  38              		.cfi_offset 14, -4
  25:.\My_I2C_lib.c **** 	uint8 result;
  26:.\My_I2C_lib.c **** 	uint8 status __attribute__ ((unused));
  27:.\My_I2C_lib.c **** 
  28:.\My_I2C_lib.c **** 	status = I2C_COULOMB_MasterReadBuf(slaveAddress, &result, sizeof(uint8), I2C_COULOMB_MODE_COMPLETE
  39              		.loc 1 28 0
  40 0002 0023     		movs	r3, #0
  41 0004 0DF10701 		add	r1, sp, #7
  42 0008 0122     		movs	r2, #1
  43 000a FFF7FEFF 		bl	I2C_COULOMB_MasterReadBuf
  44              	.LVL1:
  29:.\My_I2C_lib.c **** 	//status = I2C_COULOMB_MasterReadBuf(slaveAddress, &result, sizeof(uint8),I2C_COULOMB_MODE_REPEAT_
  30:.\My_I2C_lib.c **** 	// error handling
  31:.\My_I2C_lib.c **** 
  32:.\My_I2C_lib.c **** 	return result;
  33:.\My_I2C_lib.c **** }
  45              		.loc 1 33 0
  46 000e 9DF80700 		ldrb	r0, [sp, #7]	@ zero_extendqisi2
  47 0012 0EBD     		pop	{r1, r2, r3, pc}
  48              		.cfi_endproc
  49              	.LFE56:
  50              		.size	My_I2C_COULOMB_ReadByte, .-My_I2C_COULOMB_ReadByte
  51              		.section	.text.My_I2C_COULOMB_Read2Bytes,"ax",%progbits
  52              		.align	1
  53              		.global	My_I2C_COULOMB_Read2Bytes
  54              		.thumb
  55              		.thumb_func
  56              		.type	My_I2C_COULOMB_Read2Bytes, %function
  57              	My_I2C_COULOMB_Read2Bytes:
  58              	.LFB57:
  34:.\My_I2C_lib.c **** 
  35:.\My_I2C_lib.c **** //Reads 2 Bytes from I2C device at address slaveAddress
  36:.\My_I2C_lib.c **** //  slaveAddress = Right-justified 7-bit slave address (valid range 0 to 127)
  37:.\My_I2C_lib.c **** //  This function performs complete transfer for Start to Stop
  38:.\My_I2C_lib.c **** //  Non Blocking
  39:.\My_I2C_lib.c **** uint16 My_I2C_COULOMB_Read2Bytes(uint8 slaveAddress)
  40:.\My_I2C_lib.c **** {
  59              		.loc 1 40 0
  60              		.cfi_startproc
  61              		@ args = 0, pretend = 0, frame = 8
  62              		@ frame_needed = 0, uses_anonymous_args = 0
  63              	.LVL2:
  64 0000 07B5     		push	{r0, r1, r2, lr}
  65              	.LCFI1:
  66              		.cfi_def_cfa_offset 16
  67              		.cfi_offset 0, -16
  68              		.cfi_offset 1, -12
  69              		.cfi_offset 2, -8
  70              		.cfi_offset 14, -4
  41:.\My_I2C_lib.c **** 	uint16a result;
  42:.\My_I2C_lib.c **** 	uint8 status __attribute__ ((unused));
  43:.\My_I2C_lib.c **** 
  44:.\My_I2C_lib.c **** 	status = I2C_COULOMB_MasterReadBuf(slaveAddress, &result.byte[0], sizeof(uint16), I2C_COULOMB_MODE
ARM GAS  C:\Users\Graziano\AppData\Local\Temp\ccZ74eHv.s 			page 3


  71              		.loc 1 44 0
  72 0002 0023     		movs	r3, #0
  73 0004 01A9     		add	r1, sp, #4
  74 0006 0222     		movs	r2, #2
  75 0008 FFF7FEFF 		bl	I2C_COULOMB_MasterReadBuf
  76              	.LVL3:
  45:.\My_I2C_lib.c **** 	// error handling
  46:.\My_I2C_lib.c **** 
  47:.\My_I2C_lib.c **** return result.word;
  48:.\My_I2C_lib.c **** }
  77              		.loc 1 48 0
  78 000c BDF80400 		ldrh	r0, [sp, #4]
  79 0010 0EBD     		pop	{r1, r2, r3, pc}
  80              		.cfi_endproc
  81              	.LFE57:
  82              		.size	My_I2C_COULOMB_Read2Bytes, .-My_I2C_COULOMB_Read2Bytes
  83              		.section	.text.My_I2C_COULOMB_ReadSlaveRegister,"ax",%progbits
  84              		.align	1
  85              		.global	My_I2C_COULOMB_ReadSlaveRegister
  86              		.thumb
  87              		.thumb_func
  88              		.type	My_I2C_COULOMB_ReadSlaveRegister, %function
  89              	My_I2C_COULOMB_ReadSlaveRegister:
  90              	.LFB58:
  49:.\My_I2C_lib.c **** 
  50:.\My_I2C_lib.c **** 
  51:.\My_I2C_lib.c **** 
  52:.\My_I2C_lib.c **** //Reads a single Byte from slaveRegisterAddress of I2C device at address slaveAddress
  53:.\My_I2C_lib.c **** //  slaveAddress = Right-justified 7-bit slave address (valid range 0 to 127)
  54:.\My_I2C_lib.c **** //  This function performs complete transfer for Start to Stop
  55:.\My_I2C_lib.c **** //  Non Blocking
  56:.\My_I2C_lib.c **** uint8 My_I2C_COULOMB_ReadSlaveRegister(uint8 slaveAddress, uint8 slaveRegisterAddress)
  57:.\My_I2C_lib.c **** {
  91              		.loc 1 57 0
  92              		.cfi_startproc
  93              		@ args = 0, pretend = 0, frame = 16
  94              		@ frame_needed = 0, uses_anonymous_args = 0
  95              	.LVL4:
  96 0000 1FB5     		push	{r0, r1, r2, r3, r4, lr}
  97              	.LCFI2:
  98              		.cfi_def_cfa_offset 24
  99              		.cfi_offset 0, -24
 100              		.cfi_offset 1, -20
 101              		.cfi_offset 2, -16
 102              		.cfi_offset 3, -12
 103              		.cfi_offset 4, -8
 104              		.cfi_offset 14, -4
 105              	.LVL5:
 106              		.loc 1 57 0
 107 0002 04AB     		add	r3, sp, #16
 108              	.LVL6:
 109 0004 03F8091D 		strb	r1, [r3, #-9]!
  58:.\My_I2C_lib.c **** 	uint8 result;
  59:.\My_I2C_lib.c **** 	uint8 status __attribute__ ((unused));
  60:.\My_I2C_lib.c **** 
  61:.\My_I2C_lib.c **** 	status = I2C_COULOMB_MasterWriteBuf(slaveAddress, &slaveRegisterAddress, sizeof(uint8), I2C_COULOM
 110              		.loc 1 61 0
ARM GAS  C:\Users\Graziano\AppData\Local\Temp\ccZ74eHv.s 			page 4


 111 0008 1946     		mov	r1, r3
 112              	.LVL7:
 113 000a 0122     		movs	r2, #1
 114 000c 0223     		movs	r3, #2
  57:.\My_I2C_lib.c **** {
 115              		.loc 1 57 0
 116 000e 0446     		mov	r4, r0
 117              		.loc 1 61 0
 118 0010 FFF7FEFF 		bl	I2C_COULOMB_MasterWriteBuf
 119              	.LVL8:
  62:.\My_I2C_lib.c **** 	// error handling
  63:.\My_I2C_lib.c **** 
  64:.\My_I2C_lib.c **** 	status = I2C_COULOMB_MasterReadBuf(slaveAddress, &result, sizeof(uint8), I2C_COULOMB_MODE_REPEAT_S
 120              		.loc 1 64 0
 121 0014 0122     		movs	r2, #1
 122 0016 2046     		mov	r0, r4
 123 0018 0DF10F01 		add	r1, sp, #15
 124 001c 1346     		mov	r3, r2
 125 001e FFF7FEFF 		bl	I2C_COULOMB_MasterReadBuf
 126              	.LVL9:
  65:.\My_I2C_lib.c **** 	// error handling
  66:.\My_I2C_lib.c **** 
  67:.\My_I2C_lib.c **** 	return result;
  68:.\My_I2C_lib.c **** }
 127              		.loc 1 68 0
 128 0022 9DF80F00 		ldrb	r0, [sp, #15]	@ zero_extendqisi2
 129 0026 04B0     		add	sp, sp, #16
 130 0028 10BD     		pop	{r4, pc}
 131              		.cfi_endproc
 132              	.LFE58:
 133              		.size	My_I2C_COULOMB_ReadSlaveRegister, .-My_I2C_COULOMB_ReadSlaveRegister
 134              		.comm	gobee_vparam,0,1
 135              		.text
 136              	.Letext0:
 137              		.file 2 "c:\\program files (x86)\\cypress\\psoc creator\\3.0\\psoc creator\\import\\gnu_cs\\arm\\4
 138              		.file 3 "./Generated_Source/PSoC5/cytypes.h"
 139              		.file 4 "./gobee.h"
 140              		.file 5 "./Generated_Source/PSoC5/core_cm3.h"
 141              		.file 6 "./Generated_Source/PSoC5/I2C_COULOMB.h"
 142              		.section	.debug_info,"",%progbits
 143              	.Ldebug_info0:
 144 0000 BC020000 		.4byte	0x2bc
 145 0004 0200     		.2byte	0x2
 146 0006 00000000 		.4byte	.Ldebug_abbrev0
 147 000a 04       		.byte	0x4
 148 000b 01       		.uleb128 0x1
 149 000c DF010000 		.4byte	.LASF28
 150 0010 01       		.byte	0x1
 151 0011 05000000 		.4byte	.LASF29
 152 0015 81000000 		.4byte	.LASF30
 153 0019 00000000 		.4byte	.Ldebug_ranges0+0
 154 001d 00000000 		.4byte	0
 155 0021 00000000 		.4byte	0
 156 0025 00000000 		.4byte	.Ldebug_line0
 157 0029 02       		.uleb128 0x2
 158 002a 01       		.byte	0x1
 159 002b 06       		.byte	0x6
ARM GAS  C:\Users\Graziano\AppData\Local\Temp\ccZ74eHv.s 			page 5


 160 002c 31020000 		.4byte	.LASF0
 161 0030 02       		.uleb128 0x2
 162 0031 01       		.byte	0x1
 163 0032 08       		.byte	0x8
 164 0033 61000000 		.4byte	.LASF1
 165 0037 02       		.uleb128 0x2
 166 0038 02       		.byte	0x2
 167 0039 05       		.byte	0x5
 168 003a BB010000 		.4byte	.LASF2
 169 003e 02       		.uleb128 0x2
 170 003f 02       		.byte	0x2
 171 0040 07       		.byte	0x7
 172 0041 14000000 		.4byte	.LASF3
 173 0045 03       		.uleb128 0x3
 174 0046 97010000 		.4byte	.LASF9
 175 004a 02       		.byte	0x2
 176 004b 4F       		.byte	0x4f
 177 004c 50000000 		.4byte	0x50
 178 0050 02       		.uleb128 0x2
 179 0051 04       		.byte	0x4
 180 0052 05       		.byte	0x5
 181 0053 28020000 		.4byte	.LASF4
 182 0057 02       		.uleb128 0x2
 183 0058 04       		.byte	0x4
 184 0059 07       		.byte	0x7
 185 005a 6F000000 		.4byte	.LASF5
 186 005e 02       		.uleb128 0x2
 187 005f 08       		.byte	0x8
 188 0060 05       		.byte	0x5
 189 0061 A8010000 		.4byte	.LASF6
 190 0065 02       		.uleb128 0x2
 191 0066 08       		.byte	0x8
 192 0067 07       		.byte	0x7
 193 0068 6C010000 		.4byte	.LASF7
 194 006c 04       		.uleb128 0x4
 195 006d 04       		.byte	0x4
 196 006e 05       		.byte	0x5
 197 006f 696E7400 		.ascii	"int\000"
 198 0073 02       		.uleb128 0x2
 199 0074 04       		.byte	0x4
 200 0075 07       		.byte	0x7
 201 0076 5F010000 		.4byte	.LASF8
 202 007a 03       		.uleb128 0x3
 203 007b 5B000000 		.4byte	.LASF10
 204 007f 03       		.byte	0x3
 205 0080 5B       		.byte	0x5b
 206 0081 30000000 		.4byte	0x30
 207 0085 03       		.uleb128 0x3
 208 0086 3D010000 		.4byte	.LASF11
 209 008a 03       		.byte	0x3
 210 008b 5C       		.byte	0x5c
 211 008c 3E000000 		.4byte	0x3e
 212 0090 02       		.uleb128 0x2
 213 0091 04       		.byte	0x4
 214 0092 04       		.byte	0x4
 215 0093 55000000 		.4byte	.LASF12
 216 0097 02       		.uleb128 0x2
ARM GAS  C:\Users\Graziano\AppData\Local\Temp\ccZ74eHv.s 			page 6


 217 0098 08       		.byte	0x8
 218 0099 04       		.byte	0x4
 219 009a 04010000 		.4byte	.LASF13
 220 009e 02       		.uleb128 0x2
 221 009f 01       		.byte	0x1
 222 00a0 08       		.byte	0x8
 223 00a1 B6010000 		.4byte	.LASF14
 224 00a5 02       		.uleb128 0x2
 225 00a6 04       		.byte	0x4
 226 00a7 07       		.byte	0x7
 227 00a8 9F010000 		.4byte	.LASF15
 228 00ac 05       		.uleb128 0x5
 229 00ad 02       		.byte	0x2
 230 00ae 04       		.byte	0x4
 231 00af D5       		.byte	0xd5
 232 00b0 CB000000 		.4byte	0xcb
 233 00b4 06       		.uleb128 0x6
 234 00b5 3C000000 		.4byte	.LASF16
 235 00b9 04       		.byte	0x4
 236 00ba D7       		.byte	0xd7
 237 00bb CB000000 		.4byte	0xcb
 238 00bf 06       		.uleb128 0x6
 239 00c0 00000000 		.4byte	.LASF17
 240 00c4 04       		.byte	0x4
 241 00c5 D8       		.byte	0xd8
 242 00c6 85000000 		.4byte	0x85
 243 00ca 00       		.byte	0
 244 00cb 07       		.uleb128 0x7
 245 00cc 7A000000 		.4byte	0x7a
 246 00d0 DB000000 		.4byte	0xdb
 247 00d4 08       		.uleb128 0x8
 248 00d5 A5000000 		.4byte	0xa5
 249 00d9 01       		.byte	0x1
 250 00da 00       		.byte	0
 251 00db 03       		.uleb128 0x3
 252 00dc EF000000 		.4byte	.LASF18
 253 00e0 04       		.byte	0x4
 254 00e1 D9       		.byte	0xd9
 255 00e2 AC000000 		.4byte	0xac
 256 00e6 09       		.uleb128 0x9
 257 00e7 5E020000 		.4byte	.LASF31
 258 00eb 00       		.byte	0
 259 00ec 04       		.byte	0x4
 260 00ed DD       		.byte	0xdd
 261 00ee 0A       		.uleb128 0xa
 262 00ef 01       		.byte	0x1
 263 00f0 0B010000 		.4byte	.LASF19
 264 00f4 01       		.byte	0x1
 265 00f5 17       		.byte	0x17
 266 00f6 01       		.byte	0x1
 267 00f7 7A000000 		.4byte	0x7a
 268 00fb 00000000 		.4byte	.LFB56
 269 00ff 14000000 		.4byte	.LFE56
 270 0103 00000000 		.4byte	.LLST0
 271 0107 01       		.byte	0x1
 272 0108 4F010000 		.4byte	0x14f
 273 010c 0B       		.uleb128 0xb
ARM GAS  C:\Users\Graziano\AppData\Local\Temp\ccZ74eHv.s 			page 7


 274 010d 8A010000 		.4byte	.LASF21
 275 0111 01       		.byte	0x1
 276 0112 17       		.byte	0x17
 277 0113 7A000000 		.4byte	0x7a
 278 0117 20000000 		.4byte	.LLST1
 279 011b 0C       		.uleb128 0xc
 280 011c 83010000 		.4byte	.LASF22
 281 0120 01       		.byte	0x1
 282 0121 19       		.byte	0x19
 283 0122 7A000000 		.4byte	0x7a
 284 0126 02       		.byte	0x2
 285 0127 91       		.byte	0x91
 286 0128 77       		.sleb128 -9
 287 0129 0D       		.uleb128 0xd
 288 012a 41000000 		.4byte	.LASF23
 289 012e 01       		.byte	0x1
 290 012f 1A       		.byte	0x1a
 291 0130 7A000000 		.4byte	0x7a
 292 0134 0E       		.uleb128 0xe
 293 0135 0E000000 		.4byte	.LVL1
 294 0139 6F020000 		.4byte	0x26f
 295 013d 0F       		.uleb128 0xf
 296 013e 01       		.byte	0x1
 297 013f 53       		.byte	0x53
 298 0140 01       		.byte	0x1
 299 0141 30       		.byte	0x30
 300 0142 0F       		.uleb128 0xf
 301 0143 01       		.byte	0x1
 302 0144 52       		.byte	0x52
 303 0145 01       		.byte	0x1
 304 0146 31       		.byte	0x31
 305 0147 0F       		.uleb128 0xf
 306 0148 01       		.byte	0x1
 307 0149 51       		.byte	0x51
 308 014a 02       		.byte	0x2
 309 014b 91       		.byte	0x91
 310 014c 77       		.sleb128 -9
 311 014d 00       		.byte	0
 312 014e 00       		.byte	0
 313 014f 0A       		.uleb128 0xa
 314 0150 01       		.byte	0x1
 315 0151 23010000 		.4byte	.LASF20
 316 0155 01       		.byte	0x1
 317 0156 27       		.byte	0x27
 318 0157 01       		.byte	0x1
 319 0158 85000000 		.4byte	0x85
 320 015c 00000000 		.4byte	.LFB57
 321 0160 12000000 		.4byte	.LFE57
 322 0164 41000000 		.4byte	.LLST2
 323 0168 01       		.byte	0x1
 324 0169 B0010000 		.4byte	0x1b0
 325 016d 0B       		.uleb128 0xb
 326 016e 8A010000 		.4byte	.LASF21
 327 0172 01       		.byte	0x1
 328 0173 27       		.byte	0x27
 329 0174 7A000000 		.4byte	0x7a
 330 0178 61000000 		.4byte	.LLST3
ARM GAS  C:\Users\Graziano\AppData\Local\Temp\ccZ74eHv.s 			page 8


 331 017c 0C       		.uleb128 0xc
 332 017d 83010000 		.4byte	.LASF22
 333 0181 01       		.byte	0x1
 334 0182 29       		.byte	0x29
 335 0183 DB000000 		.4byte	0xdb
 336 0187 02       		.byte	0x2
 337 0188 91       		.byte	0x91
 338 0189 74       		.sleb128 -12
 339 018a 0D       		.uleb128 0xd
 340 018b 41000000 		.4byte	.LASF23
 341 018f 01       		.byte	0x1
 342 0190 2A       		.byte	0x2a
 343 0191 7A000000 		.4byte	0x7a
 344 0195 0E       		.uleb128 0xe
 345 0196 0C000000 		.4byte	.LVL3
 346 019a 6F020000 		.4byte	0x26f
 347 019e 0F       		.uleb128 0xf
 348 019f 01       		.byte	0x1
 349 01a0 53       		.byte	0x53
 350 01a1 01       		.byte	0x1
 351 01a2 30       		.byte	0x30
 352 01a3 0F       		.uleb128 0xf
 353 01a4 01       		.byte	0x1
 354 01a5 52       		.byte	0x52
 355 01a6 01       		.byte	0x1
 356 01a7 32       		.byte	0x32
 357 01a8 0F       		.uleb128 0xf
 358 01a9 01       		.byte	0x1
 359 01aa 51       		.byte	0x51
 360 01ab 02       		.byte	0x2
 361 01ac 91       		.byte	0x91
 362 01ad 74       		.sleb128 -12
 363 01ae 00       		.byte	0
 364 01af 00       		.byte	0
 365 01b0 0A       		.uleb128 0xa
 366 01b1 01       		.byte	0x1
 367 01b2 3D020000 		.4byte	.LASF24
 368 01b6 01       		.byte	0x1
 369 01b7 38       		.byte	0x38
 370 01b8 01       		.byte	0x1
 371 01b9 7A000000 		.4byte	0x7a
 372 01bd 00000000 		.4byte	.LFB58
 373 01c1 2A000000 		.4byte	.LFE58
 374 01c5 82000000 		.4byte	.LLST4
 375 01c9 01       		.byte	0x1
 376 01ca 4A020000 		.4byte	0x24a
 377 01ce 0B       		.uleb128 0xb
 378 01cf 8A010000 		.4byte	.LASF21
 379 01d3 01       		.byte	0x1
 380 01d4 38       		.byte	0x38
 381 01d5 7A000000 		.4byte	0x7a
 382 01d9 A2000000 		.4byte	.LLST5
 383 01dd 0B       		.uleb128 0xb
 384 01de 27000000 		.4byte	.LASF25
 385 01e2 01       		.byte	0x1
 386 01e3 38       		.byte	0x38
 387 01e4 7A000000 		.4byte	0x7a
ARM GAS  C:\Users\Graziano\AppData\Local\Temp\ccZ74eHv.s 			page 9


 388 01e8 C3000000 		.4byte	.LLST6
 389 01ec 0C       		.uleb128 0xc
 390 01ed 83010000 		.4byte	.LASF22
 391 01f1 01       		.byte	0x1
 392 01f2 3A       		.byte	0x3a
 393 01f3 7A000000 		.4byte	0x7a
 394 01f7 02       		.byte	0x2
 395 01f8 91       		.byte	0x91
 396 01f9 77       		.sleb128 -9
 397 01fa 0D       		.uleb128 0xd
 398 01fb 41000000 		.4byte	.LASF23
 399 01ff 01       		.byte	0x1
 400 0200 3B       		.byte	0x3b
 401 0201 7A000000 		.4byte	0x7a
 402 0205 10       		.uleb128 0x10
 403 0206 14000000 		.4byte	.LVL8
 404 020a 9C020000 		.4byte	0x29c
 405 020e 29020000 		.4byte	0x229
 406 0212 0F       		.uleb128 0xf
 407 0213 01       		.byte	0x1
 408 0214 53       		.byte	0x53
 409 0215 01       		.byte	0x1
 410 0216 32       		.byte	0x32
 411 0217 0F       		.uleb128 0xf
 412 0218 01       		.byte	0x1
 413 0219 52       		.byte	0x52
 414 021a 01       		.byte	0x1
 415 021b 31       		.byte	0x31
 416 021c 0F       		.uleb128 0xf
 417 021d 01       		.byte	0x1
 418 021e 51       		.byte	0x51
 419 021f 02       		.byte	0x2
 420 0220 91       		.byte	0x91
 421 0221 6F       		.sleb128 -17
 422 0222 0F       		.uleb128 0xf
 423 0223 01       		.byte	0x1
 424 0224 50       		.byte	0x50
 425 0225 02       		.byte	0x2
 426 0226 74       		.byte	0x74
 427 0227 00       		.sleb128 0
 428 0228 00       		.byte	0
 429 0229 0E       		.uleb128 0xe
 430 022a 22000000 		.4byte	.LVL9
 431 022e 6F020000 		.4byte	0x26f
 432 0232 0F       		.uleb128 0xf
 433 0233 01       		.byte	0x1
 434 0234 53       		.byte	0x53
 435 0235 01       		.byte	0x1
 436 0236 31       		.byte	0x31
 437 0237 0F       		.uleb128 0xf
 438 0238 01       		.byte	0x1
 439 0239 52       		.byte	0x52
 440 023a 01       		.byte	0x1
 441 023b 31       		.byte	0x31
 442 023c 0F       		.uleb128 0xf
 443 023d 01       		.byte	0x1
 444 023e 51       		.byte	0x51
ARM GAS  C:\Users\Graziano\AppData\Local\Temp\ccZ74eHv.s 			page 10


 445 023f 02       		.byte	0x2
 446 0240 91       		.byte	0x91
 447 0241 77       		.sleb128 -9
 448 0242 0F       		.uleb128 0xf
 449 0243 01       		.byte	0x1
 450 0244 50       		.byte	0x50
 451 0245 02       		.byte	0x2
 452 0246 74       		.byte	0x74
 453 0247 00       		.sleb128 0
 454 0248 00       		.byte	0
 455 0249 00       		.byte	0
 456 024a 11       		.uleb128 0x11
 457 024b F7000000 		.4byte	.LASF26
 458 024f 05       		.byte	0x5
 459 0250 1606     		.2byte	0x616
 460 0252 58020000 		.4byte	0x258
 461 0256 01       		.byte	0x1
 462 0257 01       		.byte	0x1
 463 0258 12       		.uleb128 0x12
 464 0259 45000000 		.4byte	0x45
 465 025d 13       		.uleb128 0x13
 466 025e 48000000 		.4byte	.LASF27
 467 0262 04       		.byte	0x4
 468 0263 E2       		.byte	0xe2
 469 0264 E6000000 		.4byte	0xe6
 470 0268 01       		.byte	0x1
 471 0269 05       		.byte	0x5
 472 026a 03       		.byte	0x3
 473 026b 00000000 		.4byte	gobee_vparam
 474 026f 14       		.uleb128 0x14
 475 0270 01       		.byte	0x1
 476 0271 C5010000 		.4byte	.LASF32
 477 0275 06       		.byte	0x6
 478 0276 C2       		.byte	0xc2
 479 0277 01       		.byte	0x1
 480 0278 7A000000 		.4byte	0x7a
 481 027c 01       		.byte	0x1
 482 027d 96020000 		.4byte	0x296
 483 0281 15       		.uleb128 0x15
 484 0282 7A000000 		.4byte	0x7a
 485 0286 15       		.uleb128 0x15
 486 0287 96020000 		.4byte	0x296
 487 028b 15       		.uleb128 0x15
 488 028c 7A000000 		.4byte	0x7a
 489 0290 15       		.uleb128 0x15
 490 0291 7A000000 		.4byte	0x7a
 491 0295 00       		.byte	0
 492 0296 16       		.uleb128 0x16
 493 0297 04       		.byte	0x4
 494 0298 7A000000 		.4byte	0x7a
 495 029c 17       		.uleb128 0x17
 496 029d 01       		.byte	0x1
 497 029e 44010000 		.4byte	.LASF33
 498 02a2 06       		.byte	0x6
 499 02a3 C0       		.byte	0xc0
 500 02a4 01       		.byte	0x1
 501 02a5 7A000000 		.4byte	0x7a
ARM GAS  C:\Users\Graziano\AppData\Local\Temp\ccZ74eHv.s 			page 11


 502 02a9 01       		.byte	0x1
 503 02aa 15       		.uleb128 0x15
 504 02ab 7A000000 		.4byte	0x7a
 505 02af 15       		.uleb128 0x15
 506 02b0 96020000 		.4byte	0x296
 507 02b4 15       		.uleb128 0x15
 508 02b5 7A000000 		.4byte	0x7a
 509 02b9 15       		.uleb128 0x15
 510 02ba 7A000000 		.4byte	0x7a
 511 02be 00       		.byte	0
 512 02bf 00       		.byte	0
 513              		.section	.debug_abbrev,"",%progbits
 514              	.Ldebug_abbrev0:
 515 0000 01       		.uleb128 0x1
 516 0001 11       		.uleb128 0x11
 517 0002 01       		.byte	0x1
 518 0003 25       		.uleb128 0x25
 519 0004 0E       		.uleb128 0xe
 520 0005 13       		.uleb128 0x13
 521 0006 0B       		.uleb128 0xb
 522 0007 03       		.uleb128 0x3
 523 0008 0E       		.uleb128 0xe
 524 0009 1B       		.uleb128 0x1b
 525 000a 0E       		.uleb128 0xe
 526 000b 55       		.uleb128 0x55
 527 000c 06       		.uleb128 0x6
 528 000d 11       		.uleb128 0x11
 529 000e 01       		.uleb128 0x1
 530 000f 52       		.uleb128 0x52
 531 0010 01       		.uleb128 0x1
 532 0011 10       		.uleb128 0x10
 533 0012 06       		.uleb128 0x6
 534 0013 00       		.byte	0
 535 0014 00       		.byte	0
 536 0015 02       		.uleb128 0x2
 537 0016 24       		.uleb128 0x24
 538 0017 00       		.byte	0
 539 0018 0B       		.uleb128 0xb
 540 0019 0B       		.uleb128 0xb
 541 001a 3E       		.uleb128 0x3e
 542 001b 0B       		.uleb128 0xb
 543 001c 03       		.uleb128 0x3
 544 001d 0E       		.uleb128 0xe
 545 001e 00       		.byte	0
 546 001f 00       		.byte	0
 547 0020 03       		.uleb128 0x3
 548 0021 16       		.uleb128 0x16
 549 0022 00       		.byte	0
 550 0023 03       		.uleb128 0x3
 551 0024 0E       		.uleb128 0xe
 552 0025 3A       		.uleb128 0x3a
 553 0026 0B       		.uleb128 0xb
 554 0027 3B       		.uleb128 0x3b
 555 0028 0B       		.uleb128 0xb
 556 0029 49       		.uleb128 0x49
 557 002a 13       		.uleb128 0x13
 558 002b 00       		.byte	0
ARM GAS  C:\Users\Graziano\AppData\Local\Temp\ccZ74eHv.s 			page 12


 559 002c 00       		.byte	0
 560 002d 04       		.uleb128 0x4
 561 002e 24       		.uleb128 0x24
 562 002f 00       		.byte	0
 563 0030 0B       		.uleb128 0xb
 564 0031 0B       		.uleb128 0xb
 565 0032 3E       		.uleb128 0x3e
 566 0033 0B       		.uleb128 0xb
 567 0034 03       		.uleb128 0x3
 568 0035 08       		.uleb128 0x8
 569 0036 00       		.byte	0
 570 0037 00       		.byte	0
 571 0038 05       		.uleb128 0x5
 572 0039 17       		.uleb128 0x17
 573 003a 01       		.byte	0x1
 574 003b 0B       		.uleb128 0xb
 575 003c 0B       		.uleb128 0xb
 576 003d 3A       		.uleb128 0x3a
 577 003e 0B       		.uleb128 0xb
 578 003f 3B       		.uleb128 0x3b
 579 0040 0B       		.uleb128 0xb
 580 0041 01       		.uleb128 0x1
 581 0042 13       		.uleb128 0x13
 582 0043 00       		.byte	0
 583 0044 00       		.byte	0
 584 0045 06       		.uleb128 0x6
 585 0046 0D       		.uleb128 0xd
 586 0047 00       		.byte	0
 587 0048 03       		.uleb128 0x3
 588 0049 0E       		.uleb128 0xe
 589 004a 3A       		.uleb128 0x3a
 590 004b 0B       		.uleb128 0xb
 591 004c 3B       		.uleb128 0x3b
 592 004d 0B       		.uleb128 0xb
 593 004e 49       		.uleb128 0x49
 594 004f 13       		.uleb128 0x13
 595 0050 00       		.byte	0
 596 0051 00       		.byte	0
 597 0052 07       		.uleb128 0x7
 598 0053 01       		.uleb128 0x1
 599 0054 01       		.byte	0x1
 600 0055 49       		.uleb128 0x49
 601 0056 13       		.uleb128 0x13
 602 0057 01       		.uleb128 0x1
 603 0058 13       		.uleb128 0x13
 604 0059 00       		.byte	0
 605 005a 00       		.byte	0
 606 005b 08       		.uleb128 0x8
 607 005c 21       		.uleb128 0x21
 608 005d 00       		.byte	0
 609 005e 49       		.uleb128 0x49
 610 005f 13       		.uleb128 0x13
 611 0060 2F       		.uleb128 0x2f
 612 0061 0B       		.uleb128 0xb
 613 0062 00       		.byte	0
 614 0063 00       		.byte	0
 615 0064 09       		.uleb128 0x9
ARM GAS  C:\Users\Graziano\AppData\Local\Temp\ccZ74eHv.s 			page 13


 616 0065 13       		.uleb128 0x13
 617 0066 00       		.byte	0
 618 0067 03       		.uleb128 0x3
 619 0068 0E       		.uleb128 0xe
 620 0069 0B       		.uleb128 0xb
 621 006a 0B       		.uleb128 0xb
 622 006b 3A       		.uleb128 0x3a
 623 006c 0B       		.uleb128 0xb
 624 006d 3B       		.uleb128 0x3b
 625 006e 0B       		.uleb128 0xb
 626 006f 00       		.byte	0
 627 0070 00       		.byte	0
 628 0071 0A       		.uleb128 0xa
 629 0072 2E       		.uleb128 0x2e
 630 0073 01       		.byte	0x1
 631 0074 3F       		.uleb128 0x3f
 632 0075 0C       		.uleb128 0xc
 633 0076 03       		.uleb128 0x3
 634 0077 0E       		.uleb128 0xe
 635 0078 3A       		.uleb128 0x3a
 636 0079 0B       		.uleb128 0xb
 637 007a 3B       		.uleb128 0x3b
 638 007b 0B       		.uleb128 0xb
 639 007c 27       		.uleb128 0x27
 640 007d 0C       		.uleb128 0xc
 641 007e 49       		.uleb128 0x49
 642 007f 13       		.uleb128 0x13
 643 0080 11       		.uleb128 0x11
 644 0081 01       		.uleb128 0x1
 645 0082 12       		.uleb128 0x12
 646 0083 01       		.uleb128 0x1
 647 0084 40       		.uleb128 0x40
 648 0085 06       		.uleb128 0x6
 649 0086 9742     		.uleb128 0x2117
 650 0088 0C       		.uleb128 0xc
 651 0089 01       		.uleb128 0x1
 652 008a 13       		.uleb128 0x13
 653 008b 00       		.byte	0
 654 008c 00       		.byte	0
 655 008d 0B       		.uleb128 0xb
 656 008e 05       		.uleb128 0x5
 657 008f 00       		.byte	0
 658 0090 03       		.uleb128 0x3
 659 0091 0E       		.uleb128 0xe
 660 0092 3A       		.uleb128 0x3a
 661 0093 0B       		.uleb128 0xb
 662 0094 3B       		.uleb128 0x3b
 663 0095 0B       		.uleb128 0xb
 664 0096 49       		.uleb128 0x49
 665 0097 13       		.uleb128 0x13
 666 0098 02       		.uleb128 0x2
 667 0099 06       		.uleb128 0x6
 668 009a 00       		.byte	0
 669 009b 00       		.byte	0
 670 009c 0C       		.uleb128 0xc
 671 009d 34       		.uleb128 0x34
 672 009e 00       		.byte	0
ARM GAS  C:\Users\Graziano\AppData\Local\Temp\ccZ74eHv.s 			page 14


 673 009f 03       		.uleb128 0x3
 674 00a0 0E       		.uleb128 0xe
 675 00a1 3A       		.uleb128 0x3a
 676 00a2 0B       		.uleb128 0xb
 677 00a3 3B       		.uleb128 0x3b
 678 00a4 0B       		.uleb128 0xb
 679 00a5 49       		.uleb128 0x49
 680 00a6 13       		.uleb128 0x13
 681 00a7 02       		.uleb128 0x2
 682 00a8 0A       		.uleb128 0xa
 683 00a9 00       		.byte	0
 684 00aa 00       		.byte	0
 685 00ab 0D       		.uleb128 0xd
 686 00ac 34       		.uleb128 0x34
 687 00ad 00       		.byte	0
 688 00ae 03       		.uleb128 0x3
 689 00af 0E       		.uleb128 0xe
 690 00b0 3A       		.uleb128 0x3a
 691 00b1 0B       		.uleb128 0xb
 692 00b2 3B       		.uleb128 0x3b
 693 00b3 0B       		.uleb128 0xb
 694 00b4 49       		.uleb128 0x49
 695 00b5 13       		.uleb128 0x13
 696 00b6 00       		.byte	0
 697 00b7 00       		.byte	0
 698 00b8 0E       		.uleb128 0xe
 699 00b9 898201   		.uleb128 0x4109
 700 00bc 01       		.byte	0x1
 701 00bd 11       		.uleb128 0x11
 702 00be 01       		.uleb128 0x1
 703 00bf 31       		.uleb128 0x31
 704 00c0 13       		.uleb128 0x13
 705 00c1 00       		.byte	0
 706 00c2 00       		.byte	0
 707 00c3 0F       		.uleb128 0xf
 708 00c4 8A8201   		.uleb128 0x410a
 709 00c7 00       		.byte	0
 710 00c8 02       		.uleb128 0x2
 711 00c9 0A       		.uleb128 0xa
 712 00ca 9142     		.uleb128 0x2111
 713 00cc 0A       		.uleb128 0xa
 714 00cd 00       		.byte	0
 715 00ce 00       		.byte	0
 716 00cf 10       		.uleb128 0x10
 717 00d0 898201   		.uleb128 0x4109
 718 00d3 01       		.byte	0x1
 719 00d4 11       		.uleb128 0x11
 720 00d5 01       		.uleb128 0x1
 721 00d6 31       		.uleb128 0x31
 722 00d7 13       		.uleb128 0x13
 723 00d8 01       		.uleb128 0x1
 724 00d9 13       		.uleb128 0x13
 725 00da 00       		.byte	0
 726 00db 00       		.byte	0
 727 00dc 11       		.uleb128 0x11
 728 00dd 34       		.uleb128 0x34
 729 00de 00       		.byte	0
ARM GAS  C:\Users\Graziano\AppData\Local\Temp\ccZ74eHv.s 			page 15


 730 00df 03       		.uleb128 0x3
 731 00e0 0E       		.uleb128 0xe
 732 00e1 3A       		.uleb128 0x3a
 733 00e2 0B       		.uleb128 0xb
 734 00e3 3B       		.uleb128 0x3b
 735 00e4 05       		.uleb128 0x5
 736 00e5 49       		.uleb128 0x49
 737 00e6 13       		.uleb128 0x13
 738 00e7 3F       		.uleb128 0x3f
 739 00e8 0C       		.uleb128 0xc
 740 00e9 3C       		.uleb128 0x3c
 741 00ea 0C       		.uleb128 0xc
 742 00eb 00       		.byte	0
 743 00ec 00       		.byte	0
 744 00ed 12       		.uleb128 0x12
 745 00ee 35       		.uleb128 0x35
 746 00ef 00       		.byte	0
 747 00f0 49       		.uleb128 0x49
 748 00f1 13       		.uleb128 0x13
 749 00f2 00       		.byte	0
 750 00f3 00       		.byte	0
 751 00f4 13       		.uleb128 0x13
 752 00f5 34       		.uleb128 0x34
 753 00f6 00       		.byte	0
 754 00f7 03       		.uleb128 0x3
 755 00f8 0E       		.uleb128 0xe
 756 00f9 3A       		.uleb128 0x3a
 757 00fa 0B       		.uleb128 0xb
 758 00fb 3B       		.uleb128 0x3b
 759 00fc 0B       		.uleb128 0xb
 760 00fd 49       		.uleb128 0x49
 761 00fe 13       		.uleb128 0x13
 762 00ff 3F       		.uleb128 0x3f
 763 0100 0C       		.uleb128 0xc
 764 0101 02       		.uleb128 0x2
 765 0102 0A       		.uleb128 0xa
 766 0103 00       		.byte	0
 767 0104 00       		.byte	0
 768 0105 14       		.uleb128 0x14
 769 0106 2E       		.uleb128 0x2e
 770 0107 01       		.byte	0x1
 771 0108 3F       		.uleb128 0x3f
 772 0109 0C       		.uleb128 0xc
 773 010a 03       		.uleb128 0x3
 774 010b 0E       		.uleb128 0xe
 775 010c 3A       		.uleb128 0x3a
 776 010d 0B       		.uleb128 0xb
 777 010e 3B       		.uleb128 0x3b
 778 010f 0B       		.uleb128 0xb
 779 0110 27       		.uleb128 0x27
 780 0111 0C       		.uleb128 0xc
 781 0112 49       		.uleb128 0x49
 782 0113 13       		.uleb128 0x13
 783 0114 3C       		.uleb128 0x3c
 784 0115 0C       		.uleb128 0xc
 785 0116 01       		.uleb128 0x1
 786 0117 13       		.uleb128 0x13
ARM GAS  C:\Users\Graziano\AppData\Local\Temp\ccZ74eHv.s 			page 16


 787 0118 00       		.byte	0
 788 0119 00       		.byte	0
 789 011a 15       		.uleb128 0x15
 790 011b 05       		.uleb128 0x5
 791 011c 00       		.byte	0
 792 011d 49       		.uleb128 0x49
 793 011e 13       		.uleb128 0x13
 794 011f 00       		.byte	0
 795 0120 00       		.byte	0
 796 0121 16       		.uleb128 0x16
 797 0122 0F       		.uleb128 0xf
 798 0123 00       		.byte	0
 799 0124 0B       		.uleb128 0xb
 800 0125 0B       		.uleb128 0xb
 801 0126 49       		.uleb128 0x49
 802 0127 13       		.uleb128 0x13
 803 0128 00       		.byte	0
 804 0129 00       		.byte	0
 805 012a 17       		.uleb128 0x17
 806 012b 2E       		.uleb128 0x2e
 807 012c 01       		.byte	0x1
 808 012d 3F       		.uleb128 0x3f
 809 012e 0C       		.uleb128 0xc
 810 012f 03       		.uleb128 0x3
 811 0130 0E       		.uleb128 0xe
 812 0131 3A       		.uleb128 0x3a
 813 0132 0B       		.uleb128 0xb
 814 0133 3B       		.uleb128 0x3b
 815 0134 0B       		.uleb128 0xb
 816 0135 27       		.uleb128 0x27
 817 0136 0C       		.uleb128 0xc
 818 0137 49       		.uleb128 0x49
 819 0138 13       		.uleb128 0x13
 820 0139 3C       		.uleb128 0x3c
 821 013a 0C       		.uleb128 0xc
 822 013b 00       		.byte	0
 823 013c 00       		.byte	0
 824 013d 00       		.byte	0
 825              		.section	.debug_loc,"",%progbits
 826              	.Ldebug_loc0:
 827              	.LLST0:
 828 0000 00000000 		.4byte	.LFB56
 829 0004 02000000 		.4byte	.LCFI0
 830 0008 0200     		.2byte	0x2
 831 000a 7D       		.byte	0x7d
 832 000b 00       		.sleb128 0
 833 000c 02000000 		.4byte	.LCFI0
 834 0010 14000000 		.4byte	.LFE56
 835 0014 0200     		.2byte	0x2
 836 0016 7D       		.byte	0x7d
 837 0017 10       		.sleb128 16
 838 0018 00000000 		.4byte	0
 839 001c 00000000 		.4byte	0
 840              	.LLST1:
 841 0020 00000000 		.4byte	.LVL0
 842 0024 0D000000 		.4byte	.LVL1-1
 843 0028 0100     		.2byte	0x1
ARM GAS  C:\Users\Graziano\AppData\Local\Temp\ccZ74eHv.s 			page 17


 844 002a 50       		.byte	0x50
 845 002b 0D000000 		.4byte	.LVL1-1
 846 002f 14000000 		.4byte	.LFE56
 847 0033 0400     		.2byte	0x4
 848 0035 F3       		.byte	0xf3
 849 0036 01       		.uleb128 0x1
 850 0037 50       		.byte	0x50
 851 0038 9F       		.byte	0x9f
 852 0039 00000000 		.4byte	0
 853 003d 00000000 		.4byte	0
 854              	.LLST2:
 855 0041 00000000 		.4byte	.LFB57
 856 0045 02000000 		.4byte	.LCFI1
 857 0049 0200     		.2byte	0x2
 858 004b 7D       		.byte	0x7d
 859 004c 00       		.sleb128 0
 860 004d 02000000 		.4byte	.LCFI1
 861 0051 12000000 		.4byte	.LFE57
 862 0055 0200     		.2byte	0x2
 863 0057 7D       		.byte	0x7d
 864 0058 10       		.sleb128 16
 865 0059 00000000 		.4byte	0
 866 005d 00000000 		.4byte	0
 867              	.LLST3:
 868 0061 00000000 		.4byte	.LVL2
 869 0065 0B000000 		.4byte	.LVL3-1
 870 0069 0100     		.2byte	0x1
 871 006b 50       		.byte	0x50
 872 006c 0B000000 		.4byte	.LVL3-1
 873 0070 12000000 		.4byte	.LFE57
 874 0074 0400     		.2byte	0x4
 875 0076 F3       		.byte	0xf3
 876 0077 01       		.uleb128 0x1
 877 0078 50       		.byte	0x50
 878 0079 9F       		.byte	0x9f
 879 007a 00000000 		.4byte	0
 880 007e 00000000 		.4byte	0
 881              	.LLST4:
 882 0082 00000000 		.4byte	.LFB58
 883 0086 02000000 		.4byte	.LCFI2
 884 008a 0200     		.2byte	0x2
 885 008c 7D       		.byte	0x7d
 886 008d 00       		.sleb128 0
 887 008e 02000000 		.4byte	.LCFI2
 888 0092 2A000000 		.4byte	.LFE58
 889 0096 0200     		.2byte	0x2
 890 0098 7D       		.byte	0x7d
 891 0099 18       		.sleb128 24
 892 009a 00000000 		.4byte	0
 893 009e 00000000 		.4byte	0
 894              	.LLST5:
 895 00a2 00000000 		.4byte	.LVL4
 896 00a6 13000000 		.4byte	.LVL8-1
 897 00aa 0100     		.2byte	0x1
 898 00ac 50       		.byte	0x50
 899 00ad 13000000 		.4byte	.LVL8-1
 900 00b1 2A000000 		.4byte	.LFE58
ARM GAS  C:\Users\Graziano\AppData\Local\Temp\ccZ74eHv.s 			page 18


 901 00b5 0400     		.2byte	0x4
 902 00b7 F3       		.byte	0xf3
 903 00b8 01       		.uleb128 0x1
 904 00b9 50       		.byte	0x50
 905 00ba 9F       		.byte	0x9f
 906 00bb 00000000 		.4byte	0
 907 00bf 00000000 		.4byte	0
 908              	.LLST6:
 909 00c3 00000000 		.4byte	.LVL4
 910 00c7 02000000 		.4byte	.LVL5
 911 00cb 0100     		.2byte	0x1
 912 00cd 51       		.byte	0x51
 913 00ce 04000000 		.4byte	.LVL6
 914 00d2 0A000000 		.4byte	.LVL7
 915 00d6 0100     		.2byte	0x1
 916 00d8 51       		.byte	0x51
 917 00d9 0A000000 		.4byte	.LVL7
 918 00dd 2A000000 		.4byte	.LFE58
 919 00e1 0200     		.2byte	0x2
 920 00e3 73       		.byte	0x73
 921 00e4 77       		.sleb128 -9
 922 00e5 00000000 		.4byte	0
 923 00e9 00000000 		.4byte	0
 924              		.section	.debug_aranges,"",%progbits
 925 0000 2C000000 		.4byte	0x2c
 926 0004 0200     		.2byte	0x2
 927 0006 00000000 		.4byte	.Ldebug_info0
 928 000a 04       		.byte	0x4
 929 000b 00       		.byte	0
 930 000c 0000     		.2byte	0
 931 000e 0000     		.2byte	0
 932 0010 00000000 		.4byte	.LFB56
 933 0014 14000000 		.4byte	.LFE56-.LFB56
 934 0018 00000000 		.4byte	.LFB57
 935 001c 12000000 		.4byte	.LFE57-.LFB57
 936 0020 00000000 		.4byte	.LFB58
 937 0024 2A000000 		.4byte	.LFE58-.LFB58
 938 0028 00000000 		.4byte	0
 939 002c 00000000 		.4byte	0
 940              		.section	.debug_ranges,"",%progbits
 941              	.Ldebug_ranges0:
 942 0000 00000000 		.4byte	.LFB56
 943 0004 14000000 		.4byte	.LFE56
 944 0008 00000000 		.4byte	.LFB57
 945 000c 12000000 		.4byte	.LFE57
 946 0010 00000000 		.4byte	.LFB58
 947 0014 2A000000 		.4byte	.LFE58
 948 0018 00000000 		.4byte	0
 949 001c 00000000 		.4byte	0
 950              		.section	.debug_line,"",%progbits
 951              	.Ldebug_line0:
 952 0000 5A010000 		.section	.debug_str,"MS",%progbits,1
 952      02001D01 
 952      00000201 
 952      FB0E0D00 
 952      01010101 
 953              	.LASF17:
ARM GAS  C:\Users\Graziano\AppData\Local\Temp\ccZ74eHv.s 			page 19


 954 0000 776F7264 		.ascii	"word\000"
 954      00
 955              	.LASF29:
 956 0005 2E5C4D79 		.ascii	".\\My_I2C_lib.c\000"
 956      5F493243 
 956      5F6C6962 
 956      2E6300
 957              	.LASF3:
 958 0014 73686F72 		.ascii	"short unsigned int\000"
 958      7420756E 
 958      7369676E 
 958      65642069 
 958      6E7400
 959              	.LASF25:
 960 0027 736C6176 		.ascii	"slaveRegisterAddress\000"
 960      65526567 
 960      69737465 
 960      72416464 
 960      72657373 
 961              	.LASF16:
 962 003c 62797465 		.ascii	"byte\000"
 962      00
 963              	.LASF23:
 964 0041 73746174 		.ascii	"status\000"
 964      757300
 965              	.LASF27:
 966 0048 676F6265 		.ascii	"gobee_vparam\000"
 966      655F7670 
 966      6172616D 
 966      00
 967              	.LASF12:
 968 0055 666C6F61 		.ascii	"float\000"
 968      7400
 969              	.LASF10:
 970 005b 75696E74 		.ascii	"uint8\000"
 970      3800
 971              	.LASF1:
 972 0061 756E7369 		.ascii	"unsigned char\000"
 972      676E6564 
 972      20636861 
 972      7200
 973              	.LASF5:
 974 006f 6C6F6E67 		.ascii	"long unsigned int\000"
 974      20756E73 
 974      69676E65 
 974      6420696E 
 974      7400
 975              	.LASF30:
 976 0081 433A5C55 		.ascii	"C:\\Users\\Graziano\\Desktop\\PSOC CODES\\GOBEE DIR"
 976      73657273 
 976      5C477261 
 976      7A69616E 
 976      6F5C4465 
 977 00af 4543544F 		.ascii	"ECTOR\\Vers.0.0-T05 2017-0201 C3.0 (test board V)\\"
 977      525C5665 
 977      72732E30 
 977      2E302D54 
ARM GAS  C:\Users\Graziano\AppData\Local\Temp\ccZ74eHv.s 			page 20


 977      30352032 
 978 00e0 476F6265 		.ascii	"GobeeDir.cydsn\000"
 978      65446972 
 978      2E637964 
 978      736E00
 979              	.LASF18:
 980 00ef 75696E74 		.ascii	"uint16a\000"
 980      31366100 
 981              	.LASF26:
 982 00f7 49544D5F 		.ascii	"ITM_RxBuffer\000"
 982      52784275 
 982      66666572 
 982      00
 983              	.LASF13:
 984 0104 646F7562 		.ascii	"double\000"
 984      6C6500
 985              	.LASF19:
 986 010b 4D795F49 		.ascii	"My_I2C_COULOMB_ReadByte\000"
 986      32435F43 
 986      4F554C4F 
 986      4D425F52 
 986      65616442 
 987              	.LASF20:
 988 0123 4D795F49 		.ascii	"My_I2C_COULOMB_Read2Bytes\000"
 988      32435F43 
 988      4F554C4F 
 988      4D425F52 
 988      65616432 
 989              	.LASF11:
 990 013d 75696E74 		.ascii	"uint16\000"
 990      313600
 991              	.LASF33:
 992 0144 4932435F 		.ascii	"I2C_COULOMB_MasterWriteBuf\000"
 992      434F554C 
 992      4F4D425F 
 992      4D617374 
 992      65725772 
 993              	.LASF8:
 994 015f 756E7369 		.ascii	"unsigned int\000"
 994      676E6564 
 994      20696E74 
 994      00
 995              	.LASF7:
 996 016c 6C6F6E67 		.ascii	"long long unsigned int\000"
 996      206C6F6E 
 996      6720756E 
 996      7369676E 
 996      65642069 
 997              	.LASF22:
 998 0183 72657375 		.ascii	"result\000"
 998      6C7400
 999              	.LASF21:
 1000 018a 736C6176 		.ascii	"slaveAddress\000"
 1000      65416464 
 1000      72657373 
 1000      00
 1001              	.LASF9:
ARM GAS  C:\Users\Graziano\AppData\Local\Temp\ccZ74eHv.s 			page 21


 1002 0197 696E7433 		.ascii	"int32_t\000"
 1002      325F7400 
 1003              	.LASF15:
 1004 019f 73697A65 		.ascii	"sizetype\000"
 1004      74797065 
 1004      00
 1005              	.LASF6:
 1006 01a8 6C6F6E67 		.ascii	"long long int\000"
 1006      206C6F6E 
 1006      6720696E 
 1006      7400
 1007              	.LASF14:
 1008 01b6 63686172 		.ascii	"char\000"
 1008      00
 1009              	.LASF2:
 1010 01bb 73686F72 		.ascii	"short int\000"
 1010      7420696E 
 1010      7400
 1011              	.LASF32:
 1012 01c5 4932435F 		.ascii	"I2C_COULOMB_MasterReadBuf\000"
 1012      434F554C 
 1012      4F4D425F 
 1012      4D617374 
 1012      65725265 
 1013              	.LASF28:
 1014 01df 474E5520 		.ascii	"GNU C 4.7.3 20130312 (release) [ARM/embedded-4_7-br"
 1014      4320342E 
 1014      372E3320 
 1014      32303133 
 1014      30333132 
 1015 0212 616E6368 		.ascii	"anch revision 196615]\000"
 1015      20726576 
 1015      6973696F 
 1015      6E203139 
 1015      36363135 
 1016              	.LASF4:
 1017 0228 6C6F6E67 		.ascii	"long int\000"
 1017      20696E74 
 1017      00
 1018              	.LASF0:
 1019 0231 7369676E 		.ascii	"signed char\000"
 1019      65642063 
 1019      68617200 
 1020              	.LASF24:
 1021 023d 4D795F49 		.ascii	"My_I2C_COULOMB_ReadSlaveRegister\000"
 1021      32435F43 
 1021      4F554C4F 
 1021      4D425F52 
 1021      65616453 
 1022              	.LASF31:
 1023 025e 474F4245 		.ascii	"GOBEE_VPARAMS\000"
 1023      455F5650 
 1023      4152414D 
 1023      5300
 1024              		.ident	"GCC: (GNU Tools for ARM Embedded Processors) 4.7.3 20130312 (release) [ARM/embedded-4_7-br
