ARM GAS  C:\Users\Graziano\AppData\Local\Temp\cccuPw7k.s 			page 1


   1              		.syntax unified
   2              		.cpu cortex-m3
   3              		.fpu softvfp
   4              		.eabi_attribute 20, 1
   5              		.eabi_attribute 21, 1
   6              		.eabi_attribute 23, 3
   7              		.eabi_attribute 24, 1
   8              		.eabi_attribute 25, 1
   9              		.eabi_attribute 26, 1
  10              		.eabi_attribute 30, 4
  11              		.eabi_attribute 34, 1
  12              		.eabi_attribute 18, 4
  13              		.thumb
  14              		.file	"QuadDec_TILT.c"
  15              		.text
  16              	.Ltext0:
  17              		.cfi_sections	.debug_frame
  18              		.section	.text.QuadDec_TILT_Init,"ax",%progbits
  19              		.align	1
  20              		.global	QuadDec_TILT_Init
  21              		.thumb
  22              		.thumb_func
  23              		.type	QuadDec_TILT_Init, %function
  24              	QuadDec_TILT_Init:
  25              	.LFB0:
  26              		.file 1 ".\\Generated_Source\\PSoC5\\QuadDec_TILT.c"
   1:.\Generated_Source\PSoC5/QuadDec_TILT.c **** /*******************************************************************************
   2:.\Generated_Source\PSoC5/QuadDec_TILT.c **** * File Name: QuadDec_TILT.c  
   3:.\Generated_Source\PSoC5/QuadDec_TILT.c **** * Version 2.40
   4:.\Generated_Source\PSoC5/QuadDec_TILT.c **** *
   5:.\Generated_Source\PSoC5/QuadDec_TILT.c **** * Description:
   6:.\Generated_Source\PSoC5/QuadDec_TILT.c **** *  This file provides the source code to the API for the Quadrature Decoder
   7:.\Generated_Source\PSoC5/QuadDec_TILT.c **** *  component.
   8:.\Generated_Source\PSoC5/QuadDec_TILT.c **** *
   9:.\Generated_Source\PSoC5/QuadDec_TILT.c **** * Note:
  10:.\Generated_Source\PSoC5/QuadDec_TILT.c **** *  None.
  11:.\Generated_Source\PSoC5/QuadDec_TILT.c **** *   
  12:.\Generated_Source\PSoC5/QuadDec_TILT.c **** ********************************************************************************
  13:.\Generated_Source\PSoC5/QuadDec_TILT.c **** * Copyright 2008-2014, Cypress Semiconductor Corporation.  All rights reserved.
  14:.\Generated_Source\PSoC5/QuadDec_TILT.c **** * You may use this file only in accordance with the license, terms, conditions, 
  15:.\Generated_Source\PSoC5/QuadDec_TILT.c **** * disclaimers, and limitations in the end user license agreement accompanying 
  16:.\Generated_Source\PSoC5/QuadDec_TILT.c **** * the software package with which this file was provided.
  17:.\Generated_Source\PSoC5/QuadDec_TILT.c **** *******************************************************************************/
  18:.\Generated_Source\PSoC5/QuadDec_TILT.c **** 
  19:.\Generated_Source\PSoC5/QuadDec_TILT.c **** #include "QuadDec_TILT.h"
  20:.\Generated_Source\PSoC5/QuadDec_TILT.c **** 
  21:.\Generated_Source\PSoC5/QuadDec_TILT.c **** #if (QuadDec_TILT_COUNTER_SIZE == QuadDec_TILT_COUNTER_SIZE_32_BIT)
  22:.\Generated_Source\PSoC5/QuadDec_TILT.c ****     #include "QuadDec_TILT_PVT.h"
  23:.\Generated_Source\PSoC5/QuadDec_TILT.c **** #endif /* QuadDec_TILT_COUNTER_SIZE == QuadDec_TILT_COUNTER_SIZE_32_BIT */
  24:.\Generated_Source\PSoC5/QuadDec_TILT.c **** 
  25:.\Generated_Source\PSoC5/QuadDec_TILT.c **** uint8 QuadDec_TILT_initVar = 0u;
  26:.\Generated_Source\PSoC5/QuadDec_TILT.c **** 
  27:.\Generated_Source\PSoC5/QuadDec_TILT.c **** 
  28:.\Generated_Source\PSoC5/QuadDec_TILT.c **** /*******************************************************************************
  29:.\Generated_Source\PSoC5/QuadDec_TILT.c **** * Function Name: QuadDec_TILT_Init
  30:.\Generated_Source\PSoC5/QuadDec_TILT.c **** ********************************************************************************
  31:.\Generated_Source\PSoC5/QuadDec_TILT.c **** *
ARM GAS  C:\Users\Graziano\AppData\Local\Temp\cccuPw7k.s 			page 2


  32:.\Generated_Source\PSoC5/QuadDec_TILT.c **** * Summary:
  33:.\Generated_Source\PSoC5/QuadDec_TILT.c **** *  Inits/Restores default QuadDec configuration provided with customizer.
  34:.\Generated_Source\PSoC5/QuadDec_TILT.c **** *
  35:.\Generated_Source\PSoC5/QuadDec_TILT.c **** * Parameters:
  36:.\Generated_Source\PSoC5/QuadDec_TILT.c **** *  None.
  37:.\Generated_Source\PSoC5/QuadDec_TILT.c **** *
  38:.\Generated_Source\PSoC5/QuadDec_TILT.c **** * Return:
  39:.\Generated_Source\PSoC5/QuadDec_TILT.c **** *  None.
  40:.\Generated_Source\PSoC5/QuadDec_TILT.c **** *
  41:.\Generated_Source\PSoC5/QuadDec_TILT.c **** *******************************************************************************/
  42:.\Generated_Source\PSoC5/QuadDec_TILT.c **** void QuadDec_TILT_Init(void) 
  43:.\Generated_Source\PSoC5/QuadDec_TILT.c **** {
  27              		.loc 1 43 0
  28              		.cfi_startproc
  29              		@ args = 0, pretend = 0, frame = 0
  30              		@ frame_needed = 0, uses_anonymous_args = 0
  31 0000 08B5     		push	{r3, lr}
  32              	.LCFI0:
  33              		.cfi_def_cfa_offset 8
  34              		.cfi_offset 3, -8
  35              		.cfi_offset 14, -4
  44:.\Generated_Source\PSoC5/QuadDec_TILT.c ****     #if (QuadDec_TILT_COUNTER_SIZE == QuadDec_TILT_COUNTER_SIZE_32_BIT)
  45:.\Generated_Source\PSoC5/QuadDec_TILT.c ****         /* Disable Interrupt. */
  46:.\Generated_Source\PSoC5/QuadDec_TILT.c ****         CyIntDisable(QuadDec_TILT_ISR_NUMBER);
  36              		.loc 1 46 0
  37 0002 064B     		ldr	r3, .L2
  38 0004 0222     		movs	r2, #2
  39 0006 1A60     		str	r2, [r3, #0]
  47:.\Generated_Source\PSoC5/QuadDec_TILT.c ****         /* Set the ISR to point to the QuadDec_TILT_isr Interrupt. */
  48:.\Generated_Source\PSoC5/QuadDec_TILT.c ****         (void) CyIntSetVector(QuadDec_TILT_ISR_NUMBER, & QuadDec_TILT_ISR);
  40              		.loc 1 48 0
  41 0008 0120     		movs	r0, #1
  42 000a 0549     		ldr	r1, .L2+4
  43 000c FFF7FEFF 		bl	CyIntSetVector
  44              	.LVL0:
  49:.\Generated_Source\PSoC5/QuadDec_TILT.c ****         /* Set the priority. */
  50:.\Generated_Source\PSoC5/QuadDec_TILT.c ****         CyIntSetPriority(QuadDec_TILT_ISR_NUMBER, QuadDec_TILT_ISR_PRIORITY);
  45              		.loc 1 50 0
  46 0010 0120     		movs	r0, #1
  47 0012 0721     		movs	r1, #7
  51:.\Generated_Source\PSoC5/QuadDec_TILT.c ****     #endif /* QuadDec_TILT_COUNTER_SIZE == QuadDec_TILT_COUNTER_SIZE_32_BIT */
  52:.\Generated_Source\PSoC5/QuadDec_TILT.c **** }
  48              		.loc 1 52 0
  49 0014 BDE80840 		pop	{r3, lr}
  50:.\Generated_Source\PSoC5/QuadDec_TILT.c ****         CyIntSetPriority(QuadDec_TILT_ISR_NUMBER, QuadDec_TILT_ISR_PRIORITY);
  50              		.loc 1 50 0
  51 0018 FFF7FEBF 		b	CyIntSetPriority
  52              	.LVL1:
  53              	.L3:
  54              		.align	2
  55              	.L2:
  56 001c 80E100E0 		.word	-536813184
  57 0020 00000000 		.word	QuadDec_TILT_ISR
  58              		.cfi_endproc
  59              	.LFE0:
  60              		.size	QuadDec_TILT_Init, .-QuadDec_TILT_Init
  61              		.section	.text.QuadDec_TILT_Stop,"ax",%progbits
ARM GAS  C:\Users\Graziano\AppData\Local\Temp\cccuPw7k.s 			page 3


  62              		.align	1
  63              		.global	QuadDec_TILT_Stop
  64              		.thumb
  65              		.thumb_func
  66              		.type	QuadDec_TILT_Stop, %function
  67              	QuadDec_TILT_Stop:
  68              	.LFB3:
  53:.\Generated_Source\PSoC5/QuadDec_TILT.c **** 
  54:.\Generated_Source\PSoC5/QuadDec_TILT.c **** 
  55:.\Generated_Source\PSoC5/QuadDec_TILT.c **** /*******************************************************************************
  56:.\Generated_Source\PSoC5/QuadDec_TILT.c **** * Function Name: QuadDec_TILT_Enable
  57:.\Generated_Source\PSoC5/QuadDec_TILT.c **** ********************************************************************************
  58:.\Generated_Source\PSoC5/QuadDec_TILT.c **** *
  59:.\Generated_Source\PSoC5/QuadDec_TILT.c **** * Summary:
  60:.\Generated_Source\PSoC5/QuadDec_TILT.c **** *  This function enable interrupts from Component and also enable Component's
  61:.\Generated_Source\PSoC5/QuadDec_TILT.c **** *  ISR in case of 32-bit counter.
  62:.\Generated_Source\PSoC5/QuadDec_TILT.c **** *
  63:.\Generated_Source\PSoC5/QuadDec_TILT.c **** * Parameters:
  64:.\Generated_Source\PSoC5/QuadDec_TILT.c **** *  None.
  65:.\Generated_Source\PSoC5/QuadDec_TILT.c **** *
  66:.\Generated_Source\PSoC5/QuadDec_TILT.c **** * Return:
  67:.\Generated_Source\PSoC5/QuadDec_TILT.c **** *  None.
  68:.\Generated_Source\PSoC5/QuadDec_TILT.c **** *
  69:.\Generated_Source\PSoC5/QuadDec_TILT.c **** *******************************************************************************/
  70:.\Generated_Source\PSoC5/QuadDec_TILT.c **** void QuadDec_TILT_Enable(void) 
  71:.\Generated_Source\PSoC5/QuadDec_TILT.c **** {
  72:.\Generated_Source\PSoC5/QuadDec_TILT.c ****     uint8 enableInterrupts;
  73:.\Generated_Source\PSoC5/QuadDec_TILT.c **** 
  74:.\Generated_Source\PSoC5/QuadDec_TILT.c ****     QuadDec_TILT_SetInterruptMask(QuadDec_TILT_INIT_INT_MASK);
  75:.\Generated_Source\PSoC5/QuadDec_TILT.c **** 
  76:.\Generated_Source\PSoC5/QuadDec_TILT.c ****     /* Clear pending interrupts. */
  77:.\Generated_Source\PSoC5/QuadDec_TILT.c ****     (void) QuadDec_TILT_GetEvents();
  78:.\Generated_Source\PSoC5/QuadDec_TILT.c ****     
  79:.\Generated_Source\PSoC5/QuadDec_TILT.c ****     enableInterrupts = CyEnterCriticalSection();
  80:.\Generated_Source\PSoC5/QuadDec_TILT.c **** 
  81:.\Generated_Source\PSoC5/QuadDec_TILT.c ****     /* Enable interrupts from Statusi register */
  82:.\Generated_Source\PSoC5/QuadDec_TILT.c ****     QuadDec_TILT_SR_AUX_CONTROL |= QuadDec_TILT_INTERRUPTS_ENABLE;
  83:.\Generated_Source\PSoC5/QuadDec_TILT.c **** 
  84:.\Generated_Source\PSoC5/QuadDec_TILT.c ****     CyExitCriticalSection(enableInterrupts);        
  85:.\Generated_Source\PSoC5/QuadDec_TILT.c **** 
  86:.\Generated_Source\PSoC5/QuadDec_TILT.c ****     #if (QuadDec_TILT_COUNTER_SIZE == QuadDec_TILT_COUNTER_SIZE_32_BIT)
  87:.\Generated_Source\PSoC5/QuadDec_TILT.c ****         /* Enable Component interrupts */
  88:.\Generated_Source\PSoC5/QuadDec_TILT.c ****         CyIntEnable(QuadDec_TILT_ISR_NUMBER);
  89:.\Generated_Source\PSoC5/QuadDec_TILT.c ****     #endif /* QuadDec_TILT_COUNTER_SIZE == QuadDec_TILT_COUNTER_SIZE_32_BIT */
  90:.\Generated_Source\PSoC5/QuadDec_TILT.c **** }
  91:.\Generated_Source\PSoC5/QuadDec_TILT.c **** 
  92:.\Generated_Source\PSoC5/QuadDec_TILT.c **** 
  93:.\Generated_Source\PSoC5/QuadDec_TILT.c **** /*******************************************************************************
  94:.\Generated_Source\PSoC5/QuadDec_TILT.c **** * Function Name: QuadDec_TILT_Start
  95:.\Generated_Source\PSoC5/QuadDec_TILT.c **** ********************************************************************************
  96:.\Generated_Source\PSoC5/QuadDec_TILT.c **** *
  97:.\Generated_Source\PSoC5/QuadDec_TILT.c **** * Summary:
  98:.\Generated_Source\PSoC5/QuadDec_TILT.c **** *  Initializes UDBs and other relevant hardware.
  99:.\Generated_Source\PSoC5/QuadDec_TILT.c **** *  Resets counter, enables or disables all relevant interrupts.
 100:.\Generated_Source\PSoC5/QuadDec_TILT.c **** *  Starts monitoring the inputs and counting.
 101:.\Generated_Source\PSoC5/QuadDec_TILT.c **** *
 102:.\Generated_Source\PSoC5/QuadDec_TILT.c **** * Parameters:
ARM GAS  C:\Users\Graziano\AppData\Local\Temp\cccuPw7k.s 			page 4


 103:.\Generated_Source\PSoC5/QuadDec_TILT.c **** *  None.
 104:.\Generated_Source\PSoC5/QuadDec_TILT.c **** *
 105:.\Generated_Source\PSoC5/QuadDec_TILT.c **** * Return:
 106:.\Generated_Source\PSoC5/QuadDec_TILT.c **** *  None.
 107:.\Generated_Source\PSoC5/QuadDec_TILT.c **** *
 108:.\Generated_Source\PSoC5/QuadDec_TILT.c **** * Global variables:
 109:.\Generated_Source\PSoC5/QuadDec_TILT.c **** *  QuadDec_TILT_initVar - used to check initial configuration, modified on
 110:.\Generated_Source\PSoC5/QuadDec_TILT.c **** *  first function call.
 111:.\Generated_Source\PSoC5/QuadDec_TILT.c **** *
 112:.\Generated_Source\PSoC5/QuadDec_TILT.c **** * Reentrant:
 113:.\Generated_Source\PSoC5/QuadDec_TILT.c **** *  No.
 114:.\Generated_Source\PSoC5/QuadDec_TILT.c **** *
 115:.\Generated_Source\PSoC5/QuadDec_TILT.c **** *******************************************************************************/
 116:.\Generated_Source\PSoC5/QuadDec_TILT.c **** void QuadDec_TILT_Start(void) 
 117:.\Generated_Source\PSoC5/QuadDec_TILT.c **** {
 118:.\Generated_Source\PSoC5/QuadDec_TILT.c ****     #if (QuadDec_TILT_COUNTER_SIZE == QuadDec_TILT_COUNTER_SIZE_8_BIT)
 119:.\Generated_Source\PSoC5/QuadDec_TILT.c ****         QuadDec_TILT_Cnt8_Start();
 120:.\Generated_Source\PSoC5/QuadDec_TILT.c ****         QuadDec_TILT_Cnt8_WriteCounter(QuadDec_TILT_COUNTER_INIT_VALUE);
 121:.\Generated_Source\PSoC5/QuadDec_TILT.c ****     #else
 122:.\Generated_Source\PSoC5/QuadDec_TILT.c ****         /* (QuadDec_TILT_COUNTER_SIZE == QuadDec_TILT_COUNTER_SIZE_16_BIT) || 
 123:.\Generated_Source\PSoC5/QuadDec_TILT.c ****         *  (QuadDec_TILT_COUNTER_SIZE == QuadDec_TILT_COUNTER_SIZE_32_BIT) 
 124:.\Generated_Source\PSoC5/QuadDec_TILT.c ****         */
 125:.\Generated_Source\PSoC5/QuadDec_TILT.c ****         QuadDec_TILT_Cnt16_Start();
 126:.\Generated_Source\PSoC5/QuadDec_TILT.c ****         QuadDec_TILT_Cnt16_WriteCounter(QuadDec_TILT_COUNTER_INIT_VALUE);
 127:.\Generated_Source\PSoC5/QuadDec_TILT.c ****     #endif /* QuadDec_TILT_COUNTER_SIZE == QuadDec_TILT_COUNTER_SIZE_8_BIT */
 128:.\Generated_Source\PSoC5/QuadDec_TILT.c ****     
 129:.\Generated_Source\PSoC5/QuadDec_TILT.c ****     #if (QuadDec_TILT_COUNTER_SIZE == QuadDec_TILT_COUNTER_SIZE_32_BIT)        
 130:.\Generated_Source\PSoC5/QuadDec_TILT.c ****        QuadDec_TILT_count32SoftPart = 0;
 131:.\Generated_Source\PSoC5/QuadDec_TILT.c ****     #endif /* QuadDec_TILT_COUNTER_SIZE == QuadDec_TILT_COUNTER_SIZE_32_BIT */
 132:.\Generated_Source\PSoC5/QuadDec_TILT.c **** 
 133:.\Generated_Source\PSoC5/QuadDec_TILT.c ****     if (QuadDec_TILT_initVar == 0u)
 134:.\Generated_Source\PSoC5/QuadDec_TILT.c ****     {
 135:.\Generated_Source\PSoC5/QuadDec_TILT.c ****         QuadDec_TILT_Init();
 136:.\Generated_Source\PSoC5/QuadDec_TILT.c ****         QuadDec_TILT_initVar = 1u;
 137:.\Generated_Source\PSoC5/QuadDec_TILT.c ****     }
 138:.\Generated_Source\PSoC5/QuadDec_TILT.c **** 
 139:.\Generated_Source\PSoC5/QuadDec_TILT.c ****     QuadDec_TILT_Enable();
 140:.\Generated_Source\PSoC5/QuadDec_TILT.c **** }
 141:.\Generated_Source\PSoC5/QuadDec_TILT.c **** 
 142:.\Generated_Source\PSoC5/QuadDec_TILT.c **** 
 143:.\Generated_Source\PSoC5/QuadDec_TILT.c **** /*******************************************************************************
 144:.\Generated_Source\PSoC5/QuadDec_TILT.c **** * Function Name: QuadDec_TILT_Stop
 145:.\Generated_Source\PSoC5/QuadDec_TILT.c **** ********************************************************************************
 146:.\Generated_Source\PSoC5/QuadDec_TILT.c **** *
 147:.\Generated_Source\PSoC5/QuadDec_TILT.c **** * Summary:
 148:.\Generated_Source\PSoC5/QuadDec_TILT.c **** *  Turns off UDBs and other relevant hardware.
 149:.\Generated_Source\PSoC5/QuadDec_TILT.c **** *
 150:.\Generated_Source\PSoC5/QuadDec_TILT.c **** * Parameters:
 151:.\Generated_Source\PSoC5/QuadDec_TILT.c **** *  None.
 152:.\Generated_Source\PSoC5/QuadDec_TILT.c **** *
 153:.\Generated_Source\PSoC5/QuadDec_TILT.c **** * Return:
 154:.\Generated_Source\PSoC5/QuadDec_TILT.c **** *  None.
 155:.\Generated_Source\PSoC5/QuadDec_TILT.c **** *
 156:.\Generated_Source\PSoC5/QuadDec_TILT.c **** *******************************************************************************/
 157:.\Generated_Source\PSoC5/QuadDec_TILT.c **** void QuadDec_TILT_Stop(void) 
 158:.\Generated_Source\PSoC5/QuadDec_TILT.c **** {
  69              		.loc 1 158 0
ARM GAS  C:\Users\Graziano\AppData\Local\Temp\cccuPw7k.s 			page 5


  70              		.cfi_startproc
  71              		@ args = 0, pretend = 0, frame = 0
  72              		@ frame_needed = 0, uses_anonymous_args = 0
  73 0000 08B5     		push	{r3, lr}
  74              	.LCFI1:
  75              		.cfi_def_cfa_offset 8
  76              		.cfi_offset 3, -8
  77              		.cfi_offset 14, -4
 159:.\Generated_Source\PSoC5/QuadDec_TILT.c ****     uint8 enableInterrupts;
 160:.\Generated_Source\PSoC5/QuadDec_TILT.c **** 
 161:.\Generated_Source\PSoC5/QuadDec_TILT.c ****     #if (QuadDec_TILT_COUNTER_SIZE == QuadDec_TILT_COUNTER_SIZE_8_BIT)
 162:.\Generated_Source\PSoC5/QuadDec_TILT.c ****         QuadDec_TILT_Cnt8_Stop();
 163:.\Generated_Source\PSoC5/QuadDec_TILT.c ****     #else 
 164:.\Generated_Source\PSoC5/QuadDec_TILT.c ****         /* (QuadDec_TILT_COUNTER_SIZE == QuadDec_TILT_COUNTER_SIZE_16_BIT) ||
 165:.\Generated_Source\PSoC5/QuadDec_TILT.c ****         *  (QuadDec_TILT_COUNTER_SIZE == QuadDec_TILT_COUNTER_SIZE_32_BIT)
 166:.\Generated_Source\PSoC5/QuadDec_TILT.c ****         */
 167:.\Generated_Source\PSoC5/QuadDec_TILT.c ****         QuadDec_TILT_Cnt16_Stop();    /* counter disable */
  78              		.loc 1 167 0
  79 0002 FFF7FEFF 		bl	QuadDec_TILT_Cnt16_Stop
  80              	.LVL2:
 168:.\Generated_Source\PSoC5/QuadDec_TILT.c ****     #endif /* (QuadDec_TILT_COUNTER_SIZE == QuadDec_TILT_COUNTER_SIZE_8_BIT) */
 169:.\Generated_Source\PSoC5/QuadDec_TILT.c ****  
 170:.\Generated_Source\PSoC5/QuadDec_TILT.c ****     enableInterrupts = CyEnterCriticalSection();
  81              		.loc 1 170 0
  82 0006 FFF7FEFF 		bl	CyEnterCriticalSection
  83              	.LVL3:
 171:.\Generated_Source\PSoC5/QuadDec_TILT.c **** 
 172:.\Generated_Source\PSoC5/QuadDec_TILT.c ****     /* Disable interrupts interrupts from Statusi register */
 173:.\Generated_Source\PSoC5/QuadDec_TILT.c ****     QuadDec_TILT_SR_AUX_CONTROL &= (uint8) (~QuadDec_TILT_INTERRUPTS_ENABLE);
  84              		.loc 1 173 0
  85 000a 054B     		ldr	r3, .L5
  86 000c 1A78     		ldrb	r2, [r3, #0]	@ zero_extendqisi2
  87 000e 02F0EF01 		and	r1, r2, #239
  88 0012 1970     		strb	r1, [r3, #0]
 174:.\Generated_Source\PSoC5/QuadDec_TILT.c **** 
 175:.\Generated_Source\PSoC5/QuadDec_TILT.c ****     CyExitCriticalSection(enableInterrupts);
  89              		.loc 1 175 0
  90 0014 FFF7FEFF 		bl	CyExitCriticalSection
  91              	.LVL4:
 176:.\Generated_Source\PSoC5/QuadDec_TILT.c **** 
 177:.\Generated_Source\PSoC5/QuadDec_TILT.c ****     #if (QuadDec_TILT_COUNTER_SIZE == QuadDec_TILT_COUNTER_SIZE_32_BIT)
 178:.\Generated_Source\PSoC5/QuadDec_TILT.c ****         CyIntDisable(QuadDec_TILT_ISR_NUMBER);    /* interrupt disable */
  92              		.loc 1 178 0
  93 0018 024B     		ldr	r3, .L5+4
  94 001a 0220     		movs	r0, #2
  95 001c 1860     		str	r0, [r3, #0]
  96 001e 08BD     		pop	{r3, pc}
  97              	.L6:
  98              		.align	2
  99              	.L5:
 100 0020 97640040 		.word	1073767575
 101 0024 80E100E0 		.word	-536813184
 102              		.cfi_endproc
 103              	.LFE3:
 104              		.size	QuadDec_TILT_Stop, .-QuadDec_TILT_Stop
 105              		.section	.text.QuadDec_TILT_GetCounter,"ax",%progbits
 106              		.align	1
ARM GAS  C:\Users\Graziano\AppData\Local\Temp\cccuPw7k.s 			page 6


 107              		.global	QuadDec_TILT_GetCounter
 108              		.thumb
 109              		.thumb_func
 110              		.type	QuadDec_TILT_GetCounter, %function
 111              	QuadDec_TILT_GetCounter:
 112              	.LFB4:
 179:.\Generated_Source\PSoC5/QuadDec_TILT.c ****     #endif /* QuadDec_TILT_COUNTER_SIZE == QuadDec_TILT_COUNTER_SIZE_32_BIT */
 180:.\Generated_Source\PSoC5/QuadDec_TILT.c **** }
 181:.\Generated_Source\PSoC5/QuadDec_TILT.c **** 
 182:.\Generated_Source\PSoC5/QuadDec_TILT.c **** 
 183:.\Generated_Source\PSoC5/QuadDec_TILT.c **** /*******************************************************************************
 184:.\Generated_Source\PSoC5/QuadDec_TILT.c **** * Function Name: QuadDec_TILT_GetCounter
 185:.\Generated_Source\PSoC5/QuadDec_TILT.c **** ********************************************************************************
 186:.\Generated_Source\PSoC5/QuadDec_TILT.c **** *
 187:.\Generated_Source\PSoC5/QuadDec_TILT.c **** * Summary:
 188:.\Generated_Source\PSoC5/QuadDec_TILT.c **** *  Reports the current value of the counter.
 189:.\Generated_Source\PSoC5/QuadDec_TILT.c **** *
 190:.\Generated_Source\PSoC5/QuadDec_TILT.c **** * Parameters:
 191:.\Generated_Source\PSoC5/QuadDec_TILT.c **** *  None.
 192:.\Generated_Source\PSoC5/QuadDec_TILT.c **** *
 193:.\Generated_Source\PSoC5/QuadDec_TILT.c **** * Return:
 194:.\Generated_Source\PSoC5/QuadDec_TILT.c **** *  The counter value. Return type is signed and per the counter size setting.
 195:.\Generated_Source\PSoC5/QuadDec_TILT.c **** *  A positive value indicates clockwise movement (B before A).
 196:.\Generated_Source\PSoC5/QuadDec_TILT.c **** *
 197:.\Generated_Source\PSoC5/QuadDec_TILT.c **** * Global variables:
 198:.\Generated_Source\PSoC5/QuadDec_TILT.c **** *  QuadDec_TILT_count32SoftPart - used to get hi 16 bit for current value
 199:.\Generated_Source\PSoC5/QuadDec_TILT.c **** *  of the 32-bit counter, when Counter size equal 32-bit.
 200:.\Generated_Source\PSoC5/QuadDec_TILT.c **** *
 201:.\Generated_Source\PSoC5/QuadDec_TILT.c **** *******************************************************************************/
 202:.\Generated_Source\PSoC5/QuadDec_TILT.c **** int32 QuadDec_TILT_GetCounter(void) 
 203:.\Generated_Source\PSoC5/QuadDec_TILT.c **** {
 113              		.loc 1 203 0
 114              		.cfi_startproc
 115              		@ args = 0, pretend = 0, frame = 0
 116              		@ frame_needed = 0, uses_anonymous_args = 0
 204:.\Generated_Source\PSoC5/QuadDec_TILT.c ****     int32 count;
 205:.\Generated_Source\PSoC5/QuadDec_TILT.c ****     uint16 tmpCnt;
 206:.\Generated_Source\PSoC5/QuadDec_TILT.c **** 
 207:.\Generated_Source\PSoC5/QuadDec_TILT.c ****     #if (QuadDec_TILT_COUNTER_SIZE == QuadDec_TILT_COUNTER_SIZE_32_BIT)
 208:.\Generated_Source\PSoC5/QuadDec_TILT.c ****         int16 hwCount;
 209:.\Generated_Source\PSoC5/QuadDec_TILT.c **** 
 210:.\Generated_Source\PSoC5/QuadDec_TILT.c ****         CyIntDisable(QuadDec_TILT_ISR_NUMBER);
 117              		.loc 1 210 0
 118 0000 074B     		ldr	r3, .L8
 203:.\Generated_Source\PSoC5/QuadDec_TILT.c **** {
 119              		.loc 1 203 0
 120 0002 10B5     		push	{r4, lr}
 121              	.LCFI2:
 122              		.cfi_def_cfa_offset 8
 123              		.cfi_offset 4, -8
 124              		.cfi_offset 14, -4
 125              		.loc 1 210 0
 126 0004 0224     		movs	r4, #2
 127 0006 1C60     		str	r4, [r3, #0]
 211:.\Generated_Source\PSoC5/QuadDec_TILT.c **** 
 212:.\Generated_Source\PSoC5/QuadDec_TILT.c ****         tmpCnt = QuadDec_TILT_Cnt16_ReadCounter();
 128              		.loc 1 212 0
ARM GAS  C:\Users\Graziano\AppData\Local\Temp\cccuPw7k.s 			page 7


 129 0008 FFF7FEFF 		bl	QuadDec_TILT_Cnt16_ReadCounter
 130              	.LVL5:
 213:.\Generated_Source\PSoC5/QuadDec_TILT.c ****         hwCount = (int16) ((int32) tmpCnt - (int32) QuadDec_TILT_COUNTER_INIT_VALUE);
 214:.\Generated_Source\PSoC5/QuadDec_TILT.c ****         count = QuadDec_TILT_count32SoftPart + hwCount;
 131              		.loc 1 214 0
 132 000c 0549     		ldr	r1, .L8+4
 215:.\Generated_Source\PSoC5/QuadDec_TILT.c **** 
 216:.\Generated_Source\PSoC5/QuadDec_TILT.c ****         CyIntEnable(QuadDec_TILT_ISR_NUMBER);
 133              		.loc 1 216 0
 134 000e 064A     		ldr	r2, .L8+8
 214:.\Generated_Source\PSoC5/QuadDec_TILT.c ****         count = QuadDec_TILT_count32SoftPart + hwCount;
 135              		.loc 1 214 0
 136 0010 0B68     		ldr	r3, [r1, #0]
 137              	.LVL6:
 213:.\Generated_Source\PSoC5/QuadDec_TILT.c ****         hwCount = (int16) ((int32) tmpCnt - (int32) QuadDec_TILT_COUNTER_INIT_VALUE);
 138              		.loc 1 213 0
 139 0012 A0F50040 		sub	r0, r0, #32768
 140              	.LVL7:
 214:.\Generated_Source\PSoC5/QuadDec_TILT.c ****         count = QuadDec_TILT_count32SoftPart + hwCount;
 141              		.loc 1 214 0
 142 0016 01B2     		sxth	r1, r0
 143              		.loc 1 216 0
 144 0018 1460     		str	r4, [r2, #0]
 217:.\Generated_Source\PSoC5/QuadDec_TILT.c ****     #else 
 218:.\Generated_Source\PSoC5/QuadDec_TILT.c ****         /* (QuadDec_TILT_COUNTER_SIZE == QuadDec_TILT_COUNTER_SIZE_8_BIT) || 
 219:.\Generated_Source\PSoC5/QuadDec_TILT.c ****         *  (QuadDec_TILT_COUNTER_SIZE == QuadDec_TILT_COUNTER_SIZE_16_BIT)
 220:.\Generated_Source\PSoC5/QuadDec_TILT.c ****         */
 221:.\Generated_Source\PSoC5/QuadDec_TILT.c ****         #if (QuadDec_TILT_COUNTER_SIZE == QuadDec_TILT_COUNTER_SIZE_8_BIT)
 222:.\Generated_Source\PSoC5/QuadDec_TILT.c ****             tmpCnt = QuadDec_TILT_Cnt8_ReadCounter();
 223:.\Generated_Source\PSoC5/QuadDec_TILT.c ****         #else /* (QuadDec_TILT_COUNTER_SIZE == QuadDec_TILT_COUNTER_SIZE_16_BIT) */
 224:.\Generated_Source\PSoC5/QuadDec_TILT.c ****             tmpCnt = QuadDec_TILT_Cnt16_ReadCounter();
 225:.\Generated_Source\PSoC5/QuadDec_TILT.c ****         #endif  /* QuadDec_TILT_COUNTER_SIZE == QuadDec_TILT_COUNTER_SIZE_8_BIT */
 226:.\Generated_Source\PSoC5/QuadDec_TILT.c **** 
 227:.\Generated_Source\PSoC5/QuadDec_TILT.c ****         count = (int32) ((int32) tmpCnt -
 228:.\Generated_Source\PSoC5/QuadDec_TILT.c ****                 (int32) QuadDec_TILT_COUNTER_INIT_VALUE);
 229:.\Generated_Source\PSoC5/QuadDec_TILT.c **** 
 230:.\Generated_Source\PSoC5/QuadDec_TILT.c ****     #endif /* QuadDec_TILT_COUNTER_SIZE == QuadDec_TILT_COUNTER_SIZE_32_BIT */ 
 231:.\Generated_Source\PSoC5/QuadDec_TILT.c **** 
 232:.\Generated_Source\PSoC5/QuadDec_TILT.c ****     return (count);
 233:.\Generated_Source\PSoC5/QuadDec_TILT.c **** }
 145              		.loc 1 233 0
 146 001a 5818     		adds	r0, r3, r1
 147 001c 10BD     		pop	{r4, pc}
 148              	.L9:
 149 001e 00BF     		.align	2
 150              	.L8:
 151 0020 80E100E0 		.word	-536813184
 152 0024 00000000 		.word	QuadDec_TILT_count32SoftPart
 153 0028 00E100E0 		.word	-536813312
 154              		.cfi_endproc
 155              	.LFE4:
 156              		.size	QuadDec_TILT_GetCounter, .-QuadDec_TILT_GetCounter
 157              		.section	.text.QuadDec_TILT_SetCounter,"ax",%progbits
 158              		.align	1
 159              		.global	QuadDec_TILT_SetCounter
 160              		.thumb
 161              		.thumb_func
ARM GAS  C:\Users\Graziano\AppData\Local\Temp\cccuPw7k.s 			page 8


 162              		.type	QuadDec_TILT_SetCounter, %function
 163              	QuadDec_TILT_SetCounter:
 164              	.LFB5:
 234:.\Generated_Source\PSoC5/QuadDec_TILT.c **** 
 235:.\Generated_Source\PSoC5/QuadDec_TILT.c **** 
 236:.\Generated_Source\PSoC5/QuadDec_TILT.c **** /*******************************************************************************
 237:.\Generated_Source\PSoC5/QuadDec_TILT.c **** * Function Name: QuadDec_TILT_SetCounter
 238:.\Generated_Source\PSoC5/QuadDec_TILT.c **** ********************************************************************************
 239:.\Generated_Source\PSoC5/QuadDec_TILT.c **** *
 240:.\Generated_Source\PSoC5/QuadDec_TILT.c **** * Summary:
 241:.\Generated_Source\PSoC5/QuadDec_TILT.c **** *  Sets the current value of the counter.
 242:.\Generated_Source\PSoC5/QuadDec_TILT.c **** *
 243:.\Generated_Source\PSoC5/QuadDec_TILT.c **** * Parameters:
 244:.\Generated_Source\PSoC5/QuadDec_TILT.c **** *  value:  The new value. Parameter type is signed and per the counter size
 245:.\Generated_Source\PSoC5/QuadDec_TILT.c **** *  setting.
 246:.\Generated_Source\PSoC5/QuadDec_TILT.c **** *
 247:.\Generated_Source\PSoC5/QuadDec_TILT.c **** * Return:
 248:.\Generated_Source\PSoC5/QuadDec_TILT.c **** *  None.
 249:.\Generated_Source\PSoC5/QuadDec_TILT.c **** *
 250:.\Generated_Source\PSoC5/QuadDec_TILT.c **** * Global variables:
 251:.\Generated_Source\PSoC5/QuadDec_TILT.c **** *  QuadDec_TILT_count32SoftPart - modified to set hi 16 bit for current
 252:.\Generated_Source\PSoC5/QuadDec_TILT.c **** *  value of the 32-bit counter, when Counter size equal 32-bit.
 253:.\Generated_Source\PSoC5/QuadDec_TILT.c **** *
 254:.\Generated_Source\PSoC5/QuadDec_TILT.c **** * Reentrant:
 255:.\Generated_Source\PSoC5/QuadDec_TILT.c **** *  No.
 256:.\Generated_Source\PSoC5/QuadDec_TILT.c **** *
 257:.\Generated_Source\PSoC5/QuadDec_TILT.c **** *******************************************************************************/
 258:.\Generated_Source\PSoC5/QuadDec_TILT.c **** void QuadDec_TILT_SetCounter(int32 value) 
 259:.\Generated_Source\PSoC5/QuadDec_TILT.c **** {
 165              		.loc 1 259 0
 166              		.cfi_startproc
 167              		@ args = 0, pretend = 0, frame = 0
 168              		@ frame_needed = 0, uses_anonymous_args = 0
 169              	.LVL8:
 170 0000 38B5     		push	{r3, r4, r5, lr}
 171              	.LCFI3:
 172              		.cfi_def_cfa_offset 16
 173              		.cfi_offset 3, -16
 174              		.cfi_offset 4, -12
 175              		.cfi_offset 5, -8
 176              		.cfi_offset 14, -4
 260:.\Generated_Source\PSoC5/QuadDec_TILT.c ****     #if ((QuadDec_TILT_COUNTER_SIZE == QuadDec_TILT_COUNTER_SIZE_8_BIT) || \
 261:.\Generated_Source\PSoC5/QuadDec_TILT.c ****          (QuadDec_TILT_COUNTER_SIZE == QuadDec_TILT_COUNTER_SIZE_16_BIT))
 262:.\Generated_Source\PSoC5/QuadDec_TILT.c ****         uint16 count;
 263:.\Generated_Source\PSoC5/QuadDec_TILT.c ****         
 264:.\Generated_Source\PSoC5/QuadDec_TILT.c ****         if (value >= 0)
 265:.\Generated_Source\PSoC5/QuadDec_TILT.c ****         {
 266:.\Generated_Source\PSoC5/QuadDec_TILT.c ****             count = (uint16) value + QuadDec_TILT_COUNTER_INIT_VALUE;
 267:.\Generated_Source\PSoC5/QuadDec_TILT.c ****         }
 268:.\Generated_Source\PSoC5/QuadDec_TILT.c ****         else
 269:.\Generated_Source\PSoC5/QuadDec_TILT.c ****         {
 270:.\Generated_Source\PSoC5/QuadDec_TILT.c ****             count = QuadDec_TILT_COUNTER_INIT_VALUE - (uint16)(-value);
 271:.\Generated_Source\PSoC5/QuadDec_TILT.c ****         }
 272:.\Generated_Source\PSoC5/QuadDec_TILT.c ****         #if (QuadDec_TILT_COUNTER_SIZE == QuadDec_TILT_COUNTER_SIZE_8_BIT)
 273:.\Generated_Source\PSoC5/QuadDec_TILT.c ****             QuadDec_TILT_Cnt8_WriteCounter(count);
 274:.\Generated_Source\PSoC5/QuadDec_TILT.c ****         #else /* (QuadDec_TILT_COUNTER_SIZE == QuadDec_TILT_COUNTER_SIZE_16_BIT) */
 275:.\Generated_Source\PSoC5/QuadDec_TILT.c ****             QuadDec_TILT_Cnt16_WriteCounter(count);
ARM GAS  C:\Users\Graziano\AppData\Local\Temp\cccuPw7k.s 			page 9


 276:.\Generated_Source\PSoC5/QuadDec_TILT.c ****         #endif  /* QuadDec_TILT_COUNTER_SIZE == QuadDec_TILT_COUNTER_SIZE_8_BIT */
 277:.\Generated_Source\PSoC5/QuadDec_TILT.c ****     #else /* (QuadDec_TILT_COUNTER_SIZE == QuadDec_TILT_COUNTER_SIZE_32_BIT) */
 278:.\Generated_Source\PSoC5/QuadDec_TILT.c ****         CyIntDisable(QuadDec_TILT_ISR_NUMBER);
 177              		.loc 1 278 0
 178 0002 064B     		ldr	r3, .L11
 179 0004 0224     		movs	r4, #2
 259:.\Generated_Source\PSoC5/QuadDec_TILT.c **** {
 180              		.loc 1 259 0
 181 0006 0546     		mov	r5, r0
 182              		.loc 1 278 0
 183 0008 1C60     		str	r4, [r3, #0]
 279:.\Generated_Source\PSoC5/QuadDec_TILT.c **** 
 280:.\Generated_Source\PSoC5/QuadDec_TILT.c ****         QuadDec_TILT_Cnt16_WriteCounter(QuadDec_TILT_COUNTER_INIT_VALUE);
 184              		.loc 1 280 0
 185 000a 4FF40040 		mov	r0, #32768
 186              	.LVL9:
 187 000e FFF7FEFF 		bl	QuadDec_TILT_Cnt16_WriteCounter
 188              	.LVL10:
 281:.\Generated_Source\PSoC5/QuadDec_TILT.c ****         QuadDec_TILT_count32SoftPart = value;
 189              		.loc 1 281 0
 190 0012 0348     		ldr	r0, .L11+4
 282:.\Generated_Source\PSoC5/QuadDec_TILT.c **** 
 283:.\Generated_Source\PSoC5/QuadDec_TILT.c ****         CyIntEnable(QuadDec_TILT_ISR_NUMBER);
 191              		.loc 1 283 0
 192 0014 0349     		ldr	r1, .L11+8
 281:.\Generated_Source\PSoC5/QuadDec_TILT.c ****         QuadDec_TILT_count32SoftPart = value;
 193              		.loc 1 281 0
 194 0016 0560     		str	r5, [r0, #0]
 195              		.loc 1 283 0
 196 0018 0C60     		str	r4, [r1, #0]
 197 001a 38BD     		pop	{r3, r4, r5, pc}
 198              	.L12:
 199              		.align	2
 200              	.L11:
 201 001c 80E100E0 		.word	-536813184
 202 0020 00000000 		.word	QuadDec_TILT_count32SoftPart
 203 0024 00E100E0 		.word	-536813312
 204              		.cfi_endproc
 205              	.LFE5:
 206              		.size	QuadDec_TILT_SetCounter, .-QuadDec_TILT_SetCounter
 207              		.section	.text.QuadDec_TILT_GetEvents,"ax",%progbits
 208              		.align	1
 209              		.global	QuadDec_TILT_GetEvents
 210              		.thumb
 211              		.thumb_func
 212              		.type	QuadDec_TILT_GetEvents, %function
 213              	QuadDec_TILT_GetEvents:
 214              	.LFB6:
 284:.\Generated_Source\PSoC5/QuadDec_TILT.c ****     #endif  /* (QuadDec_TILT_COUNTER_SIZE == QuadDec_TILT_COUNTER_SIZE_8_BIT) ||
 285:.\Generated_Source\PSoC5/QuadDec_TILT.c ****              * (QuadDec_TILT_COUNTER_SIZE == QuadDec_TILT_COUNTER_SIZE_16_BIT)
 286:.\Generated_Source\PSoC5/QuadDec_TILT.c ****              */
 287:.\Generated_Source\PSoC5/QuadDec_TILT.c **** }
 288:.\Generated_Source\PSoC5/QuadDec_TILT.c **** 
 289:.\Generated_Source\PSoC5/QuadDec_TILT.c **** 
 290:.\Generated_Source\PSoC5/QuadDec_TILT.c **** /*******************************************************************************
 291:.\Generated_Source\PSoC5/QuadDec_TILT.c **** * Function Name: QuadDec_TILT_GetEvents
 292:.\Generated_Source\PSoC5/QuadDec_TILT.c **** ********************************************************************************
ARM GAS  C:\Users\Graziano\AppData\Local\Temp\cccuPw7k.s 			page 10


 293:.\Generated_Source\PSoC5/QuadDec_TILT.c **** * 
 294:.\Generated_Source\PSoC5/QuadDec_TILT.c **** * Summary:
 295:.\Generated_Source\PSoC5/QuadDec_TILT.c **** *   Reports the current status of events. This function clears the bits of the 
 296:.\Generated_Source\PSoC5/QuadDec_TILT.c **** *   status register.
 297:.\Generated_Source\PSoC5/QuadDec_TILT.c **** *
 298:.\Generated_Source\PSoC5/QuadDec_TILT.c **** * Parameters:
 299:.\Generated_Source\PSoC5/QuadDec_TILT.c **** *  None.
 300:.\Generated_Source\PSoC5/QuadDec_TILT.c **** *
 301:.\Generated_Source\PSoC5/QuadDec_TILT.c **** * Return:
 302:.\Generated_Source\PSoC5/QuadDec_TILT.c **** *  The events, as bits in an unsigned 8-bit value:
 303:.\Generated_Source\PSoC5/QuadDec_TILT.c **** *    Bit      Description
 304:.\Generated_Source\PSoC5/QuadDec_TILT.c **** *     0        Counter overflow.
 305:.\Generated_Source\PSoC5/QuadDec_TILT.c **** *     1        Counter underflow.
 306:.\Generated_Source\PSoC5/QuadDec_TILT.c **** *     2        Counter reset due to index, if index input is used.
 307:.\Generated_Source\PSoC5/QuadDec_TILT.c **** *     3        Invalid A, B inputs state transition.
 308:.\Generated_Source\PSoC5/QuadDec_TILT.c **** *
 309:.\Generated_Source\PSoC5/QuadDec_TILT.c **** *******************************************************************************/
 310:.\Generated_Source\PSoC5/QuadDec_TILT.c **** uint8 QuadDec_TILT_GetEvents(void) 
 311:.\Generated_Source\PSoC5/QuadDec_TILT.c **** {
 215              		.loc 1 311 0
 216              		.cfi_startproc
 217              		@ args = 0, pretend = 0, frame = 0
 218              		@ frame_needed = 0, uses_anonymous_args = 0
 219              		@ link register save eliminated.
 312:.\Generated_Source\PSoC5/QuadDec_TILT.c ****     return (QuadDec_TILT_STATUS_REG & QuadDec_TILT_INIT_INT_MASK);
 220              		.loc 1 312 0
 221 0000 024B     		ldr	r3, .L14
 222 0002 1878     		ldrb	r0, [r3, #0]	@ zero_extendqisi2
 313:.\Generated_Source\PSoC5/QuadDec_TILT.c **** }
 223              		.loc 1 313 0
 224 0004 00F00F00 		and	r0, r0, #15
 225 0008 7047     		bx	lr
 226              	.L15:
 227 000a 00BF     		.align	2
 228              	.L14:
 229 000c 67640040 		.word	1073767527
 230              		.cfi_endproc
 231              	.LFE6:
 232              		.size	QuadDec_TILT_GetEvents, .-QuadDec_TILT_GetEvents
 233              		.section	.text.QuadDec_TILT_Enable,"ax",%progbits
 234              		.align	1
 235              		.global	QuadDec_TILT_Enable
 236              		.thumb
 237              		.thumb_func
 238              		.type	QuadDec_TILT_Enable, %function
 239              	QuadDec_TILT_Enable:
 240              	.LFB1:
  71:.\Generated_Source\PSoC5/QuadDec_TILT.c **** {
 241              		.loc 1 71 0
 242              		.cfi_startproc
 243              		@ args = 0, pretend = 0, frame = 0
 244              		@ frame_needed = 0, uses_anonymous_args = 0
 245              	.LVL11:
 246 0000 08B5     		push	{r3, lr}
 247              	.LCFI4:
 248              		.cfi_def_cfa_offset 8
 249              		.cfi_offset 3, -8
ARM GAS  C:\Users\Graziano\AppData\Local\Temp\cccuPw7k.s 			page 11


 250              		.cfi_offset 14, -4
 251              	.LBB4:
 252              	.LBB5:
 314:.\Generated_Source\PSoC5/QuadDec_TILT.c **** 
 315:.\Generated_Source\PSoC5/QuadDec_TILT.c **** 
 316:.\Generated_Source\PSoC5/QuadDec_TILT.c **** /*******************************************************************************
 317:.\Generated_Source\PSoC5/QuadDec_TILT.c **** * Function Name: QuadDec_TILT_SetInterruptMask
 318:.\Generated_Source\PSoC5/QuadDec_TILT.c **** ********************************************************************************
 319:.\Generated_Source\PSoC5/QuadDec_TILT.c **** *
 320:.\Generated_Source\PSoC5/QuadDec_TILT.c **** * Summary:
 321:.\Generated_Source\PSoC5/QuadDec_TILT.c **** *  Enables / disables interrupts due to the events.
 322:.\Generated_Source\PSoC5/QuadDec_TILT.c **** *  For the 32-bit counter, the overflow, underflow and reset interrupts cannot
 323:.\Generated_Source\PSoC5/QuadDec_TILT.c **** *  be disabled, these bits are ignored.
 324:.\Generated_Source\PSoC5/QuadDec_TILT.c **** *
 325:.\Generated_Source\PSoC5/QuadDec_TILT.c **** * Parameters:
 326:.\Generated_Source\PSoC5/QuadDec_TILT.c **** *  mask: Enable / disable bits in an 8-bit value, where 1 enables the interrupt.
 327:.\Generated_Source\PSoC5/QuadDec_TILT.c **** *
 328:.\Generated_Source\PSoC5/QuadDec_TILT.c **** * Return:
 329:.\Generated_Source\PSoC5/QuadDec_TILT.c **** *  None.
 330:.\Generated_Source\PSoC5/QuadDec_TILT.c **** *
 331:.\Generated_Source\PSoC5/QuadDec_TILT.c **** *******************************************************************************/
 332:.\Generated_Source\PSoC5/QuadDec_TILT.c **** void QuadDec_TILT_SetInterruptMask(uint8 mask) 
 333:.\Generated_Source\PSoC5/QuadDec_TILT.c **** {
 334:.\Generated_Source\PSoC5/QuadDec_TILT.c ****     #if (QuadDec_TILT_COUNTER_SIZE == QuadDec_TILT_COUNTER_SIZE_32_BIT)
 335:.\Generated_Source\PSoC5/QuadDec_TILT.c ****         /* Underflow, Overflow and Reset interrupts for 32-bit Counter are always enable */
 336:.\Generated_Source\PSoC5/QuadDec_TILT.c ****         mask |= (QuadDec_TILT_COUNTER_OVERFLOW | QuadDec_TILT_COUNTER_UNDERFLOW |
 337:.\Generated_Source\PSoC5/QuadDec_TILT.c ****                  QuadDec_TILT_COUNTER_RESET);
 338:.\Generated_Source\PSoC5/QuadDec_TILT.c ****     #endif /* QuadDec_TILT_COUNTER_SIZE == QuadDec_TILT_COUNTER_SIZE_32_BIT */
 339:.\Generated_Source\PSoC5/QuadDec_TILT.c **** 
 340:.\Generated_Source\PSoC5/QuadDec_TILT.c ****     QuadDec_TILT_STATUS_MASK = mask;
 253              		.loc 1 340 0
 254 0002 094B     		ldr	r3, .L17
 255 0004 0F22     		movs	r2, #15
 256 0006 1A70     		strb	r2, [r3, #0]
 257              	.LBE5:
 258              	.LBE4:
  77:.\Generated_Source\PSoC5/QuadDec_TILT.c ****     (void) QuadDec_TILT_GetEvents();
 259              		.loc 1 77 0
 260 0008 FFF7FEFF 		bl	QuadDec_TILT_GetEvents
 261              	.LVL12:
  79:.\Generated_Source\PSoC5/QuadDec_TILT.c ****     enableInterrupts = CyEnterCriticalSection();
 262              		.loc 1 79 0
 263 000c FFF7FEFF 		bl	CyEnterCriticalSection
 264              	.LVL13:
  82:.\Generated_Source\PSoC5/QuadDec_TILT.c ****     QuadDec_TILT_SR_AUX_CONTROL |= QuadDec_TILT_INTERRUPTS_ENABLE;
 265              		.loc 1 82 0
 266 0010 0649     		ldr	r1, .L17+4
 267 0012 0A78     		ldrb	r2, [r1, #0]	@ zero_extendqisi2
 268 0014 42F01003 		orr	r3, r2, #16
 269 0018 0B70     		strb	r3, [r1, #0]
  84:.\Generated_Source\PSoC5/QuadDec_TILT.c ****     CyExitCriticalSection(enableInterrupts);        
 270              		.loc 1 84 0
 271 001a FFF7FEFF 		bl	CyExitCriticalSection
 272              	.LVL14:
  88:.\Generated_Source\PSoC5/QuadDec_TILT.c ****         CyIntEnable(QuadDec_TILT_ISR_NUMBER);
 273              		.loc 1 88 0
 274 001e 0449     		ldr	r1, .L17+8
ARM GAS  C:\Users\Graziano\AppData\Local\Temp\cccuPw7k.s 			page 12


 275 0020 0220     		movs	r0, #2
 276 0022 0860     		str	r0, [r1, #0]
 277 0024 08BD     		pop	{r3, pc}
 278              	.L18:
 279 0026 00BF     		.align	2
 280              	.L17:
 281 0028 87640040 		.word	1073767559
 282 002c 97640040 		.word	1073767575
 283 0030 00E100E0 		.word	-536813312
 284              		.cfi_endproc
 285              	.LFE1:
 286              		.size	QuadDec_TILT_Enable, .-QuadDec_TILT_Enable
 287              		.section	.text.QuadDec_TILT_Start,"ax",%progbits
 288              		.align	1
 289              		.global	QuadDec_TILT_Start
 290              		.thumb
 291              		.thumb_func
 292              		.type	QuadDec_TILT_Start, %function
 293              	QuadDec_TILT_Start:
 294              	.LFB2:
 117:.\Generated_Source\PSoC5/QuadDec_TILT.c **** {
 295              		.loc 1 117 0
 296              		.cfi_startproc
 297              		@ args = 0, pretend = 0, frame = 0
 298              		@ frame_needed = 0, uses_anonymous_args = 0
 299 0000 10B5     		push	{r4, lr}
 300              	.LCFI5:
 301              		.cfi_def_cfa_offset 8
 302              		.cfi_offset 4, -8
 303              		.cfi_offset 14, -4
 133:.\Generated_Source\PSoC5/QuadDec_TILT.c ****     if (QuadDec_TILT_initVar == 0u)
 304              		.loc 1 133 0
 305 0002 0A4C     		ldr	r4, .L22
 125:.\Generated_Source\PSoC5/QuadDec_TILT.c ****         QuadDec_TILT_Cnt16_Start();
 306              		.loc 1 125 0
 307 0004 FFF7FEFF 		bl	QuadDec_TILT_Cnt16_Start
 308              	.LVL15:
 126:.\Generated_Source\PSoC5/QuadDec_TILT.c ****         QuadDec_TILT_Cnt16_WriteCounter(QuadDec_TILT_COUNTER_INIT_VALUE);
 309              		.loc 1 126 0
 310 0008 4FF40040 		mov	r0, #32768
 311 000c FFF7FEFF 		bl	QuadDec_TILT_Cnt16_WriteCounter
 312              	.LVL16:
 130:.\Generated_Source\PSoC5/QuadDec_TILT.c ****        QuadDec_TILT_count32SoftPart = 0;
 313              		.loc 1 130 0
 314 0010 074B     		ldr	r3, .L22+4
 133:.\Generated_Source\PSoC5/QuadDec_TILT.c ****     if (QuadDec_TILT_initVar == 0u)
 315              		.loc 1 133 0
 316 0012 2078     		ldrb	r0, [r4, #0]	@ zero_extendqisi2
 130:.\Generated_Source\PSoC5/QuadDec_TILT.c ****        QuadDec_TILT_count32SoftPart = 0;
 317              		.loc 1 130 0
 318 0014 0022     		movs	r2, #0
 319 0016 1A60     		str	r2, [r3, #0]
 133:.\Generated_Source\PSoC5/QuadDec_TILT.c ****     if (QuadDec_TILT_initVar == 0u)
 320              		.loc 1 133 0
 321 0018 18B9     		cbnz	r0, .L20
 135:.\Generated_Source\PSoC5/QuadDec_TILT.c ****         QuadDec_TILT_Init();
 322              		.loc 1 135 0
ARM GAS  C:\Users\Graziano\AppData\Local\Temp\cccuPw7k.s 			page 13


 323 001a FFF7FEFF 		bl	QuadDec_TILT_Init
 324              	.LVL17:
 136:.\Generated_Source\PSoC5/QuadDec_TILT.c ****         QuadDec_TILT_initVar = 1u;
 325              		.loc 1 136 0
 326 001e 0121     		movs	r1, #1
 327 0020 2170     		strb	r1, [r4, #0]
 328              	.L20:
 140:.\Generated_Source\PSoC5/QuadDec_TILT.c **** }
 329              		.loc 1 140 0
 330 0022 BDE81040 		pop	{r4, lr}
 139:.\Generated_Source\PSoC5/QuadDec_TILT.c ****     QuadDec_TILT_Enable();
 331              		.loc 1 139 0
 332 0026 FFF7FEBF 		b	QuadDec_TILT_Enable
 333              	.LVL18:
 334              	.L23:
 335 002a 00BF     		.align	2
 336              	.L22:
 337 002c 00000000 		.word	.LANCHOR0
 338 0030 00000000 		.word	QuadDec_TILT_count32SoftPart
 339              		.cfi_endproc
 340              	.LFE2:
 341              		.size	QuadDec_TILT_Start, .-QuadDec_TILT_Start
 342              		.section	.text.QuadDec_TILT_SetInterruptMask,"ax",%progbits
 343              		.align	1
 344              		.global	QuadDec_TILT_SetInterruptMask
 345              		.thumb
 346              		.thumb_func
 347              		.type	QuadDec_TILT_SetInterruptMask, %function
 348              	QuadDec_TILT_SetInterruptMask:
 349              	.LFB7:
 333:.\Generated_Source\PSoC5/QuadDec_TILT.c **** {
 350              		.loc 1 333 0
 351              		.cfi_startproc
 352              		@ args = 0, pretend = 0, frame = 0
 353              		@ frame_needed = 0, uses_anonymous_args = 0
 354              		@ link register save eliminated.
 355              	.LVL19:
 356              		.loc 1 340 0
 357 0000 024B     		ldr	r3, .L25
 336:.\Generated_Source\PSoC5/QuadDec_TILT.c ****         mask |= (QuadDec_TILT_COUNTER_OVERFLOW | QuadDec_TILT_COUNTER_UNDERFLOW |
 358              		.loc 1 336 0
 359 0002 40F00700 		orr	r0, r0, #7
 360              	.LVL20:
 361              		.loc 1 340 0
 362 0006 1870     		strb	r0, [r3, #0]
 363 0008 7047     		bx	lr
 364              	.L26:
 365 000a 00BF     		.align	2
 366              	.L25:
 367 000c 87640040 		.word	1073767559
 368              		.cfi_endproc
 369              	.LFE7:
 370              		.size	QuadDec_TILT_SetInterruptMask, .-QuadDec_TILT_SetInterruptMask
 371              		.section	.text.QuadDec_TILT_GetInterruptMask,"ax",%progbits
 372              		.align	1
 373              		.global	QuadDec_TILT_GetInterruptMask
 374              		.thumb
ARM GAS  C:\Users\Graziano\AppData\Local\Temp\cccuPw7k.s 			page 14


 375              		.thumb_func
 376              		.type	QuadDec_TILT_GetInterruptMask, %function
 377              	QuadDec_TILT_GetInterruptMask:
 378              	.LFB8:
 341:.\Generated_Source\PSoC5/QuadDec_TILT.c **** }
 342:.\Generated_Source\PSoC5/QuadDec_TILT.c **** 
 343:.\Generated_Source\PSoC5/QuadDec_TILT.c **** 
 344:.\Generated_Source\PSoC5/QuadDec_TILT.c **** /*******************************************************************************
 345:.\Generated_Source\PSoC5/QuadDec_TILT.c **** * Function Name: QuadDec_TILT_GetInterruptMask
 346:.\Generated_Source\PSoC5/QuadDec_TILT.c **** ********************************************************************************
 347:.\Generated_Source\PSoC5/QuadDec_TILT.c **** *
 348:.\Generated_Source\PSoC5/QuadDec_TILT.c **** * Summary:
 349:.\Generated_Source\PSoC5/QuadDec_TILT.c **** *  Reports the current interrupt mask settings.
 350:.\Generated_Source\PSoC5/QuadDec_TILT.c **** *
 351:.\Generated_Source\PSoC5/QuadDec_TILT.c **** * Parameters:
 352:.\Generated_Source\PSoC5/QuadDec_TILT.c **** *  None.
 353:.\Generated_Source\PSoC5/QuadDec_TILT.c **** *
 354:.\Generated_Source\PSoC5/QuadDec_TILT.c **** * Return:
 355:.\Generated_Source\PSoC5/QuadDec_TILT.c **** *  Enable / disable bits in an 8-bit value, where 1 enables the interrupt.
 356:.\Generated_Source\PSoC5/QuadDec_TILT.c **** *  For the 32-bit counter, the overflow, underflow and reset enable bits are
 357:.\Generated_Source\PSoC5/QuadDec_TILT.c **** *  always set.
 358:.\Generated_Source\PSoC5/QuadDec_TILT.c **** *
 359:.\Generated_Source\PSoC5/QuadDec_TILT.c **** *******************************************************************************/
 360:.\Generated_Source\PSoC5/QuadDec_TILT.c **** uint8 QuadDec_TILT_GetInterruptMask(void) 
 361:.\Generated_Source\PSoC5/QuadDec_TILT.c **** {
 379              		.loc 1 361 0
 380              		.cfi_startproc
 381              		@ args = 0, pretend = 0, frame = 0
 382              		@ frame_needed = 0, uses_anonymous_args = 0
 383              		@ link register save eliminated.
 362:.\Generated_Source\PSoC5/QuadDec_TILT.c ****     return (QuadDec_TILT_STATUS_MASK & QuadDec_TILT_INIT_INT_MASK);
 384              		.loc 1 362 0
 385 0000 024B     		ldr	r3, .L28
 386 0002 1878     		ldrb	r0, [r3, #0]	@ zero_extendqisi2
 363:.\Generated_Source\PSoC5/QuadDec_TILT.c **** }
 387              		.loc 1 363 0
 388 0004 00F00F00 		and	r0, r0, #15
 389 0008 7047     		bx	lr
 390              	.L29:
 391 000a 00BF     		.align	2
 392              	.L28:
 393 000c 87640040 		.word	1073767559
 394              		.cfi_endproc
 395              	.LFE8:
 396              		.size	QuadDec_TILT_GetInterruptMask, .-QuadDec_TILT_GetInterruptMask
 397              		.global	QuadDec_TILT_initVar
 398              		.bss
 399              		.set	.LANCHOR0,. + 0
 400              		.type	QuadDec_TILT_initVar, %object
 401              		.size	QuadDec_TILT_initVar, 1
 402              	QuadDec_TILT_initVar:
 403 0000 00       		.space	1
 404              		.text
 405              	.Letext0:
 406              		.file 2 ".\\Generated_Source\\PSoC5\\cytypes.h"
 407              		.file 3 ".\\Generated_Source\\PSoC5\\QuadDec_TILT_PVT.h"
 408              		.file 4 ".\\Generated_Source\\PSoC5\\CyLib.h"
ARM GAS  C:\Users\Graziano\AppData\Local\Temp\cccuPw7k.s 			page 15


 409              		.file 5 ".\\Generated_Source\\PSoC5\\QuadDec_TILT_Cnt16.h"
 410              		.section	.debug_info,"",%progbits
 411              	.Ldebug_info0:
 412 0000 D9030000 		.4byte	0x3d9
 413 0004 0200     		.2byte	0x2
 414 0006 00000000 		.4byte	.Ldebug_abbrev0
 415 000a 04       		.byte	0x4
 416 000b 01       		.uleb128 0x1
 417 000c FB020000 		.4byte	.LASF42
 418 0010 01       		.byte	0x1
 419 0011 8D000000 		.4byte	.LASF43
 420 0015 5F020000 		.4byte	.LASF44
 421 0019 00000000 		.4byte	.Ldebug_ranges0+0
 422 001d 00000000 		.4byte	0
 423 0021 00000000 		.4byte	0
 424 0025 00000000 		.4byte	.Ldebug_line0
 425 0029 02       		.uleb128 0x2
 426 002a 01       		.byte	0x1
 427 002b 06       		.byte	0x6
 428 002c 5F030000 		.4byte	.LASF0
 429 0030 02       		.uleb128 0x2
 430 0031 01       		.byte	0x1
 431 0032 08       		.byte	0x8
 432 0033 EA000000 		.4byte	.LASF1
 433 0037 02       		.uleb128 0x2
 434 0038 02       		.byte	0x2
 435 0039 05       		.byte	0x5
 436 003a CD020000 		.4byte	.LASF2
 437 003e 02       		.uleb128 0x2
 438 003f 02       		.byte	0x2
 439 0040 07       		.byte	0x7
 440 0041 62000000 		.4byte	.LASF3
 441 0045 03       		.uleb128 0x3
 442 0046 04       		.byte	0x4
 443 0047 05       		.byte	0x5
 444 0048 696E7400 		.ascii	"int\000"
 445 004c 02       		.uleb128 0x2
 446 004d 04       		.byte	0x4
 447 004e 07       		.byte	0x7
 448 004f AF010000 		.4byte	.LASF4
 449 0053 02       		.uleb128 0x2
 450 0054 08       		.byte	0x8
 451 0055 05       		.byte	0x5
 452 0056 2D020000 		.4byte	.LASF5
 453 005a 02       		.uleb128 0x2
 454 005b 08       		.byte	0x8
 455 005c 07       		.byte	0x7
 456 005d D3000000 		.4byte	.LASF6
 457 0061 02       		.uleb128 0x2
 458 0062 04       		.byte	0x4
 459 0063 05       		.byte	0x5
 460 0064 44030000 		.4byte	.LASF7
 461 0068 02       		.uleb128 0x2
 462 0069 04       		.byte	0x4
 463 006a 07       		.byte	0x7
 464 006b 0D020000 		.4byte	.LASF8
 465 006f 02       		.uleb128 0x2
ARM GAS  C:\Users\Graziano\AppData\Local\Temp\cccuPw7k.s 			page 16


 466 0070 04       		.byte	0x4
 467 0071 07       		.byte	0x7
 468 0072 0B010000 		.4byte	.LASF9
 469 0076 04       		.uleb128 0x4
 470 0077 01       		.byte	0x1
 471 0078 05       		.uleb128 0x5
 472 0079 04       		.byte	0x4
 473 007a 76000000 		.4byte	0x76
 474 007e 02       		.uleb128 0x2
 475 007f 01       		.byte	0x1
 476 0080 08       		.byte	0x8
 477 0081 88000000 		.4byte	.LASF10
 478 0085 06       		.uleb128 0x6
 479 0086 F5020000 		.4byte	.LASF11
 480 008a 02       		.byte	0x2
 481 008b 5B       		.byte	0x5b
 482 008c 30000000 		.4byte	0x30
 483 0090 06       		.uleb128 0x6
 484 0091 5A010000 		.4byte	.LASF12
 485 0095 02       		.byte	0x2
 486 0096 5C       		.byte	0x5c
 487 0097 3E000000 		.4byte	0x3e
 488 009b 06       		.uleb128 0x6
 489 009c 61010000 		.4byte	.LASF13
 490 00a0 02       		.byte	0x2
 491 00a1 5D       		.byte	0x5d
 492 00a2 6F000000 		.4byte	0x6f
 493 00a6 06       		.uleb128 0x6
 494 00a7 05010000 		.4byte	.LASF14
 495 00ab 02       		.byte	0x2
 496 00ac 5F       		.byte	0x5f
 497 00ad 37000000 		.4byte	0x37
 498 00b1 06       		.uleb128 0x6
 499 00b2 1D010000 		.4byte	.LASF15
 500 00b6 02       		.byte	0x2
 501 00b7 60       		.byte	0x60
 502 00b8 61000000 		.4byte	0x61
 503 00bc 02       		.uleb128 0x2
 504 00bd 04       		.byte	0x4
 505 00be 04       		.byte	0x4
 506 00bf CD000000 		.4byte	.LASF16
 507 00c3 02       		.uleb128 0x2
 508 00c4 08       		.byte	0x8
 509 00c5 04       		.byte	0x4
 510 00c6 53010000 		.4byte	.LASF17
 511 00ca 06       		.uleb128 0x6
 512 00cb 00010000 		.4byte	.LASF18
 513 00cf 02       		.byte	0x2
 514 00d0 F0       		.byte	0xf0
 515 00d1 D5000000 		.4byte	0xd5
 516 00d5 07       		.uleb128 0x7
 517 00d6 85000000 		.4byte	0x85
 518 00da 06       		.uleb128 0x6
 519 00db 15000000 		.4byte	.LASF19
 520 00df 02       		.byte	0x2
 521 00e0 F2       		.byte	0xf2
 522 00e1 E5000000 		.4byte	0xe5
ARM GAS  C:\Users\Graziano\AppData\Local\Temp\cccuPw7k.s 			page 17


 523 00e5 07       		.uleb128 0x7
 524 00e6 9B000000 		.4byte	0x9b
 525 00ea 08       		.uleb128 0x8
 526 00eb E3010000 		.4byte	.LASF20
 527 00ef 02       		.byte	0x2
 528 00f0 0201     		.2byte	0x102
 529 00f2 78000000 		.4byte	0x78
 530 00f6 09       		.uleb128 0x9
 531 00f7 01       		.byte	0x1
 532 00f8 91010000 		.4byte	.LASF34
 533 00fc 01       		.byte	0x1
 534 00fd 4C01     		.2byte	0x14c
 535 00ff 01       		.byte	0x1
 536 0100 01       		.byte	0x1
 537 0101 12010000 		.4byte	0x112
 538 0105 0A       		.uleb128 0xa
 539 0106 3B020000 		.4byte	.LASF45
 540 010a 01       		.byte	0x1
 541 010b 4C01     		.2byte	0x14c
 542 010d 85000000 		.4byte	0x85
 543 0111 00       		.byte	0
 544 0112 0B       		.uleb128 0xb
 545 0113 01       		.byte	0x1
 546 0114 68010000 		.4byte	.LASF21
 547 0118 01       		.byte	0x1
 548 0119 2A       		.byte	0x2a
 549 011a 01       		.byte	0x1
 550 011b 00000000 		.4byte	.LFB0
 551 011f 24000000 		.4byte	.LFE0
 552 0123 00000000 		.4byte	.LLST0
 553 0127 01       		.byte	0x1
 554 0128 55010000 		.4byte	0x155
 555 012c 0C       		.uleb128 0xc
 556 012d 10000000 		.4byte	.LVL0
 557 0131 4E030000 		.4byte	0x34e
 558 0135 3F010000 		.4byte	0x13f
 559 0139 0D       		.uleb128 0xd
 560 013a 01       		.byte	0x1
 561 013b 50       		.byte	0x50
 562 013c 01       		.byte	0x1
 563 013d 31       		.byte	0x31
 564 013e 00       		.byte	0
 565 013f 0E       		.uleb128 0xe
 566 0140 1C000000 		.4byte	.LVL1
 567 0144 01       		.byte	0x1
 568 0145 6B030000 		.4byte	0x36b
 569 0149 0D       		.uleb128 0xd
 570 014a 01       		.byte	0x1
 571 014b 51       		.byte	0x51
 572 014c 01       		.byte	0x1
 573 014d 37       		.byte	0x37
 574 014e 0D       		.uleb128 0xd
 575 014f 01       		.byte	0x1
 576 0150 50       		.byte	0x50
 577 0151 01       		.byte	0x1
 578 0152 31       		.byte	0x31
 579 0153 00       		.byte	0
ARM GAS  C:\Users\Graziano\AppData\Local\Temp\cccuPw7k.s 			page 18


 580 0154 00       		.byte	0
 581 0155 0B       		.uleb128 0xb
 582 0156 01       		.byte	0x1
 583 0157 4D030000 		.4byte	.LASF22
 584 015b 01       		.byte	0x1
 585 015c 9D       		.byte	0x9d
 586 015d 01       		.byte	0x1
 587 015e 00000000 		.4byte	.LFB3
 588 0162 28000000 		.4byte	.LFE3
 589 0166 20000000 		.4byte	.LLST1
 590 016a 01       		.byte	0x1
 591 016b 9A010000 		.4byte	0x19a
 592 016f 0F       		.uleb128 0xf
 593 0170 42010000 		.4byte	.LASF23
 594 0174 01       		.byte	0x1
 595 0175 9F       		.byte	0x9f
 596 0176 85000000 		.4byte	0x85
 597 017a 40000000 		.4byte	.LLST2
 598 017e 10       		.uleb128 0x10
 599 017f 06000000 		.4byte	.LVL2
 600 0183 84030000 		.4byte	0x384
 601 0187 10       		.uleb128 0x10
 602 0188 0A000000 		.4byte	.LVL3
 603 018c 8E030000 		.4byte	0x38e
 604 0190 10       		.uleb128 0x10
 605 0191 18000000 		.4byte	.LVL4
 606 0195 9C030000 		.4byte	0x39c
 607 0199 00       		.byte	0
 608 019a 11       		.uleb128 0x11
 609 019b 01       		.byte	0x1
 610 019c B5000000 		.4byte	.LASF46
 611 01a0 01       		.byte	0x1
 612 01a1 CA       		.byte	0xca
 613 01a2 01       		.byte	0x1
 614 01a3 B1000000 		.4byte	0xb1
 615 01a7 00000000 		.4byte	.LFB4
 616 01ab 2C000000 		.4byte	.LFE4
 617 01af 53000000 		.4byte	.LLST3
 618 01b3 01       		.byte	0x1
 619 01b4 EF010000 		.4byte	0x1ef
 620 01b8 0F       		.uleb128 0xf
 621 01b9 44000000 		.4byte	.LASF24
 622 01bd 01       		.byte	0x1
 623 01be CC       		.byte	0xcc
 624 01bf B1000000 		.4byte	0xb1
 625 01c3 73000000 		.4byte	.LLST4
 626 01c7 0F       		.uleb128 0xf
 627 01c8 23010000 		.4byte	.LASF25
 628 01cc 01       		.byte	0x1
 629 01cd CD       		.byte	0xcd
 630 01ce 90000000 		.4byte	0x90
 631 01d2 91000000 		.4byte	.LLST5
 632 01d6 0F       		.uleb128 0xf
 633 01d7 F8000000 		.4byte	.LASF26
 634 01db 01       		.byte	0x1
 635 01dc D0       		.byte	0xd0
 636 01dd A6000000 		.4byte	0xa6
ARM GAS  C:\Users\Graziano\AppData\Local\Temp\cccuPw7k.s 			page 19


 637 01e1 A4000000 		.4byte	.LLST6
 638 01e5 10       		.uleb128 0x10
 639 01e6 0C000000 		.4byte	.LVL5
 640 01ea B0030000 		.4byte	0x3b0
 641 01ee 00       		.byte	0
 642 01ef 12       		.uleb128 0x12
 643 01f0 01       		.byte	0x1
 644 01f1 4A000000 		.4byte	.LASF27
 645 01f5 01       		.byte	0x1
 646 01f6 0201     		.2byte	0x102
 647 01f8 01       		.byte	0x1
 648 01f9 00000000 		.4byte	.LFB5
 649 01fd 28000000 		.4byte	.LFE5
 650 0201 BB000000 		.4byte	.LLST7
 651 0205 01       		.byte	0x1
 652 0206 2C020000 		.4byte	0x22c
 653 020a 13       		.uleb128 0x13
 654 020b 3E000000 		.4byte	.LASF47
 655 020f 01       		.byte	0x1
 656 0210 0201     		.2byte	0x102
 657 0212 B1000000 		.4byte	0xb1
 658 0216 DB000000 		.4byte	.LLST8
 659 021a 14       		.uleb128 0x14
 660 021b 12000000 		.4byte	.LVL10
 661 021f BE030000 		.4byte	0x3be
 662 0223 0D       		.uleb128 0xd
 663 0224 01       		.byte	0x1
 664 0225 50       		.byte	0x50
 665 0226 03       		.byte	0x3
 666 0227 0B       		.byte	0xb
 667 0228 0080     		.2byte	0x8000
 668 022a 00       		.byte	0
 669 022b 00       		.byte	0
 670 022c 15       		.uleb128 0x15
 671 022d 01       		.byte	0x1
 672 022e 16020000 		.4byte	.LASF30
 673 0232 01       		.byte	0x1
 674 0233 3601     		.2byte	0x136
 675 0235 01       		.byte	0x1
 676 0236 85000000 		.4byte	0x85
 677 023a 00000000 		.4byte	.LFB6
 678 023e 10000000 		.4byte	.LFE6
 679 0242 02       		.byte	0x2
 680 0243 7D       		.byte	0x7d
 681 0244 00       		.sleb128 0
 682 0245 01       		.byte	0x1
 683 0246 0B       		.uleb128 0xb
 684 0247 01       		.byte	0x1
 685 0248 2A000000 		.4byte	.LASF28
 686 024c 01       		.byte	0x1
 687 024d 46       		.byte	0x46
 688 024e 01       		.byte	0x1
 689 024f 00000000 		.4byte	.LFB1
 690 0253 34000000 		.4byte	.LFE1
 691 0257 F9000000 		.4byte	.LLST9
 692 025b 01       		.byte	0x1
 693 025c A5020000 		.4byte	0x2a5
ARM GAS  C:\Users\Graziano\AppData\Local\Temp\cccuPw7k.s 			page 20


 694 0260 0F       		.uleb128 0xf
 695 0261 42010000 		.4byte	.LASF23
 696 0265 01       		.byte	0x1
 697 0266 48       		.byte	0x48
 698 0267 85000000 		.4byte	0x85
 699 026b 19010000 		.4byte	.LLST10
 700 026f 16       		.uleb128 0x16
 701 0270 F6000000 		.4byte	0xf6
 702 0274 02000000 		.4byte	.LBB4
 703 0278 08000000 		.4byte	.LBE4
 704 027c 01       		.byte	0x1
 705 027d 4A       		.byte	0x4a
 706 027e 89020000 		.4byte	0x289
 707 0282 17       		.uleb128 0x17
 708 0283 05010000 		.4byte	0x105
 709 0287 0F       		.byte	0xf
 710 0288 00       		.byte	0
 711 0289 10       		.uleb128 0x10
 712 028a 0C000000 		.4byte	.LVL12
 713 028e 2C020000 		.4byte	0x22c
 714 0292 10       		.uleb128 0x10
 715 0293 10000000 		.4byte	.LVL13
 716 0297 8E030000 		.4byte	0x38e
 717 029b 10       		.uleb128 0x10
 718 029c 1E000000 		.4byte	.LVL14
 719 02a0 9C030000 		.4byte	0x39c
 720 02a4 00       		.byte	0
 721 02a5 0B       		.uleb128 0xb
 722 02a6 01       		.byte	0x1
 723 02a7 75000000 		.4byte	.LASF29
 724 02ab 01       		.byte	0x1
 725 02ac 74       		.byte	0x74
 726 02ad 01       		.byte	0x1
 727 02ae 00000000 		.4byte	.LFB2
 728 02b2 34000000 		.4byte	.LFE2
 729 02b6 2C010000 		.4byte	.LLST11
 730 02ba 01       		.byte	0x1
 731 02bb F1020000 		.4byte	0x2f1
 732 02bf 10       		.uleb128 0x10
 733 02c0 08000000 		.4byte	.LVL15
 734 02c4 D2030000 		.4byte	0x3d2
 735 02c8 0C       		.uleb128 0xc
 736 02c9 10000000 		.4byte	.LVL16
 737 02cd BE030000 		.4byte	0x3be
 738 02d1 DD020000 		.4byte	0x2dd
 739 02d5 0D       		.uleb128 0xd
 740 02d6 01       		.byte	0x1
 741 02d7 50       		.byte	0x50
 742 02d8 03       		.byte	0x3
 743 02d9 0B       		.byte	0xb
 744 02da 0080     		.2byte	0x8000
 745 02dc 00       		.byte	0
 746 02dd 10       		.uleb128 0x10
 747 02de 1E000000 		.4byte	.LVL17
 748 02e2 12010000 		.4byte	0x112
 749 02e6 18       		.uleb128 0x18
 750 02e7 2A000000 		.4byte	.LVL18
ARM GAS  C:\Users\Graziano\AppData\Local\Temp\cccuPw7k.s 			page 21


 751 02eb 01       		.byte	0x1
 752 02ec 46020000 		.4byte	0x246
 753 02f0 00       		.byte	0
 754 02f1 19       		.uleb128 0x19
 755 02f2 F6000000 		.4byte	0xf6
 756 02f6 00000000 		.4byte	.LFB7
 757 02fa 10000000 		.4byte	.LFE7
 758 02fe 02       		.byte	0x2
 759 02ff 7D       		.byte	0x7d
 760 0300 00       		.sleb128 0
 761 0301 01       		.byte	0x1
 762 0302 10030000 		.4byte	0x310
 763 0306 1A       		.uleb128 0x1a
 764 0307 05010000 		.4byte	0x105
 765 030b 4C010000 		.4byte	.LLST12
 766 030f 00       		.byte	0
 767 0310 15       		.uleb128 0x15
 768 0311 01       		.byte	0x1
 769 0312 D7020000 		.4byte	.LASF31
 770 0316 01       		.byte	0x1
 771 0317 6801     		.2byte	0x168
 772 0319 01       		.byte	0x1
 773 031a 85000000 		.4byte	0x85
 774 031e 00000000 		.4byte	.LFB8
 775 0322 10000000 		.4byte	.LFE8
 776 0326 02       		.byte	0x2
 777 0327 7D       		.byte	0x7d
 778 0328 00       		.sleb128 0
 779 0329 01       		.byte	0x1
 780 032a 1B       		.uleb128 0x1b
 781 032b 00000000 		.4byte	.LASF32
 782 032f 01       		.byte	0x1
 783 0330 19       		.byte	0x19
 784 0331 85000000 		.4byte	0x85
 785 0335 01       		.byte	0x1
 786 0336 05       		.byte	0x5
 787 0337 03       		.byte	0x3
 788 0338 00000000 		.4byte	QuadDec_TILT_initVar
 789 033c 1C       		.uleb128 0x1c
 790 033d F0010000 		.4byte	.LASF33
 791 0341 03       		.byte	0x3
 792 0342 18       		.byte	0x18
 793 0343 49030000 		.4byte	0x349
 794 0347 01       		.byte	0x1
 795 0348 01       		.byte	0x1
 796 0349 07       		.uleb128 0x7
 797 034a B1000000 		.4byte	0xb1
 798 034e 1D       		.uleb128 0x1d
 799 034f 01       		.byte	0x1
 800 0350 1B000000 		.4byte	.LASF48
 801 0354 04       		.byte	0x4
 802 0355 89       		.byte	0x89
 803 0356 01       		.byte	0x1
 804 0357 EA000000 		.4byte	0xea
 805 035b 01       		.byte	0x1
 806 035c 6B030000 		.4byte	0x36b
 807 0360 1E       		.uleb128 0x1e
ARM GAS  C:\Users\Graziano\AppData\Local\Temp\cccuPw7k.s 			page 22


 808 0361 85000000 		.4byte	0x85
 809 0365 1E       		.uleb128 0x1e
 810 0366 EA000000 		.4byte	0xea
 811 036a 00       		.byte	0
 812 036b 1F       		.uleb128 0x1f
 813 036c 01       		.byte	0x1
 814 036d D2010000 		.4byte	.LASF35
 815 0371 04       		.byte	0x4
 816 0372 8C       		.byte	0x8c
 817 0373 01       		.byte	0x1
 818 0374 01       		.byte	0x1
 819 0375 84030000 		.4byte	0x384
 820 0379 1E       		.uleb128 0x1e
 821 037a 85000000 		.4byte	0x85
 822 037e 1E       		.uleb128 0x1e
 823 037f 85000000 		.4byte	0x85
 824 0383 00       		.byte	0
 825 0384 20       		.uleb128 0x20
 826 0385 01       		.byte	0x1
 827 0386 2A010000 		.4byte	.LASF40
 828 038a 05       		.byte	0x5
 829 038b 4E       		.byte	0x4e
 830 038c 01       		.byte	0x1
 831 038d 01       		.byte	0x1
 832 038e 21       		.uleb128 0x21
 833 038f 01       		.byte	0x1
 834 0390 7A010000 		.4byte	.LASF37
 835 0394 04       		.byte	0x4
 836 0395 7E       		.byte	0x7e
 837 0396 01       		.byte	0x1
 838 0397 85000000 		.4byte	0x85
 839 039b 01       		.byte	0x1
 840 039c 1F       		.uleb128 0x1f
 841 039d 01       		.byte	0x1
 842 039e BC010000 		.4byte	.LASF36
 843 03a2 04       		.byte	0x4
 844 03a3 7F       		.byte	0x7f
 845 03a4 01       		.byte	0x1
 846 03a5 01       		.byte	0x1
 847 03a6 B0030000 		.4byte	0x3b0
 848 03aa 1E       		.uleb128 0x1e
 849 03ab 85000000 		.4byte	0x85
 850 03af 00       		.byte	0
 851 03b0 21       		.uleb128 0x21
 852 03b1 01       		.byte	0x1
 853 03b2 40020000 		.4byte	.LASF38
 854 03b6 05       		.byte	0x5
 855 03b7 5B       		.byte	0x5b
 856 03b8 01       		.byte	0x1
 857 03b9 90000000 		.4byte	0x90
 858 03bd 01       		.byte	0x1
 859 03be 1F       		.uleb128 0x1f
 860 03bf 01       		.byte	0x1
 861 03c0 6B030000 		.4byte	.LASF39
 862 03c4 05       		.byte	0x5
 863 03c5 58       		.byte	0x58
 864 03c6 01       		.byte	0x1
ARM GAS  C:\Users\Graziano\AppData\Local\Temp\cccuPw7k.s 			page 23


 865 03c7 01       		.byte	0x1
 866 03c8 D2030000 		.4byte	0x3d2
 867 03cc 1E       		.uleb128 0x1e
 868 03cd 90000000 		.4byte	0x90
 869 03d1 00       		.byte	0
 870 03d2 20       		.uleb128 0x20
 871 03d3 01       		.byte	0x1
 872 03d4 8B030000 		.4byte	.LASF41
 873 03d8 05       		.byte	0x5
 874 03d9 4D       		.byte	0x4d
 875 03da 01       		.byte	0x1
 876 03db 01       		.byte	0x1
 877 03dc 00       		.byte	0
 878              		.section	.debug_abbrev,"",%progbits
 879              	.Ldebug_abbrev0:
 880 0000 01       		.uleb128 0x1
 881 0001 11       		.uleb128 0x11
 882 0002 01       		.byte	0x1
 883 0003 25       		.uleb128 0x25
 884 0004 0E       		.uleb128 0xe
 885 0005 13       		.uleb128 0x13
 886 0006 0B       		.uleb128 0xb
 887 0007 03       		.uleb128 0x3
 888 0008 0E       		.uleb128 0xe
 889 0009 1B       		.uleb128 0x1b
 890 000a 0E       		.uleb128 0xe
 891 000b 55       		.uleb128 0x55
 892 000c 06       		.uleb128 0x6
 893 000d 11       		.uleb128 0x11
 894 000e 01       		.uleb128 0x1
 895 000f 52       		.uleb128 0x52
 896 0010 01       		.uleb128 0x1
 897 0011 10       		.uleb128 0x10
 898 0012 06       		.uleb128 0x6
 899 0013 00       		.byte	0
 900 0014 00       		.byte	0
 901 0015 02       		.uleb128 0x2
 902 0016 24       		.uleb128 0x24
 903 0017 00       		.byte	0
 904 0018 0B       		.uleb128 0xb
 905 0019 0B       		.uleb128 0xb
 906 001a 3E       		.uleb128 0x3e
 907 001b 0B       		.uleb128 0xb
 908 001c 03       		.uleb128 0x3
 909 001d 0E       		.uleb128 0xe
 910 001e 00       		.byte	0
 911 001f 00       		.byte	0
 912 0020 03       		.uleb128 0x3
 913 0021 24       		.uleb128 0x24
 914 0022 00       		.byte	0
 915 0023 0B       		.uleb128 0xb
 916 0024 0B       		.uleb128 0xb
 917 0025 3E       		.uleb128 0x3e
 918 0026 0B       		.uleb128 0xb
 919 0027 03       		.uleb128 0x3
 920 0028 08       		.uleb128 0x8
 921 0029 00       		.byte	0
ARM GAS  C:\Users\Graziano\AppData\Local\Temp\cccuPw7k.s 			page 24


 922 002a 00       		.byte	0
 923 002b 04       		.uleb128 0x4
 924 002c 15       		.uleb128 0x15
 925 002d 00       		.byte	0
 926 002e 27       		.uleb128 0x27
 927 002f 0C       		.uleb128 0xc
 928 0030 00       		.byte	0
 929 0031 00       		.byte	0
 930 0032 05       		.uleb128 0x5
 931 0033 0F       		.uleb128 0xf
 932 0034 00       		.byte	0
 933 0035 0B       		.uleb128 0xb
 934 0036 0B       		.uleb128 0xb
 935 0037 49       		.uleb128 0x49
 936 0038 13       		.uleb128 0x13
 937 0039 00       		.byte	0
 938 003a 00       		.byte	0
 939 003b 06       		.uleb128 0x6
 940 003c 16       		.uleb128 0x16
 941 003d 00       		.byte	0
 942 003e 03       		.uleb128 0x3
 943 003f 0E       		.uleb128 0xe
 944 0040 3A       		.uleb128 0x3a
 945 0041 0B       		.uleb128 0xb
 946 0042 3B       		.uleb128 0x3b
 947 0043 0B       		.uleb128 0xb
 948 0044 49       		.uleb128 0x49
 949 0045 13       		.uleb128 0x13
 950 0046 00       		.byte	0
 951 0047 00       		.byte	0
 952 0048 07       		.uleb128 0x7
 953 0049 35       		.uleb128 0x35
 954 004a 00       		.byte	0
 955 004b 49       		.uleb128 0x49
 956 004c 13       		.uleb128 0x13
 957 004d 00       		.byte	0
 958 004e 00       		.byte	0
 959 004f 08       		.uleb128 0x8
 960 0050 16       		.uleb128 0x16
 961 0051 00       		.byte	0
 962 0052 03       		.uleb128 0x3
 963 0053 0E       		.uleb128 0xe
 964 0054 3A       		.uleb128 0x3a
 965 0055 0B       		.uleb128 0xb
 966 0056 3B       		.uleb128 0x3b
 967 0057 05       		.uleb128 0x5
 968 0058 49       		.uleb128 0x49
 969 0059 13       		.uleb128 0x13
 970 005a 00       		.byte	0
 971 005b 00       		.byte	0
 972 005c 09       		.uleb128 0x9
 973 005d 2E       		.uleb128 0x2e
 974 005e 01       		.byte	0x1
 975 005f 3F       		.uleb128 0x3f
 976 0060 0C       		.uleb128 0xc
 977 0061 03       		.uleb128 0x3
 978 0062 0E       		.uleb128 0xe
ARM GAS  C:\Users\Graziano\AppData\Local\Temp\cccuPw7k.s 			page 25


 979 0063 3A       		.uleb128 0x3a
 980 0064 0B       		.uleb128 0xb
 981 0065 3B       		.uleb128 0x3b
 982 0066 05       		.uleb128 0x5
 983 0067 27       		.uleb128 0x27
 984 0068 0C       		.uleb128 0xc
 985 0069 20       		.uleb128 0x20
 986 006a 0B       		.uleb128 0xb
 987 006b 01       		.uleb128 0x1
 988 006c 13       		.uleb128 0x13
 989 006d 00       		.byte	0
 990 006e 00       		.byte	0
 991 006f 0A       		.uleb128 0xa
 992 0070 05       		.uleb128 0x5
 993 0071 00       		.byte	0
 994 0072 03       		.uleb128 0x3
 995 0073 0E       		.uleb128 0xe
 996 0074 3A       		.uleb128 0x3a
 997 0075 0B       		.uleb128 0xb
 998 0076 3B       		.uleb128 0x3b
 999 0077 05       		.uleb128 0x5
 1000 0078 49       		.uleb128 0x49
 1001 0079 13       		.uleb128 0x13
 1002 007a 00       		.byte	0
 1003 007b 00       		.byte	0
 1004 007c 0B       		.uleb128 0xb
 1005 007d 2E       		.uleb128 0x2e
 1006 007e 01       		.byte	0x1
 1007 007f 3F       		.uleb128 0x3f
 1008 0080 0C       		.uleb128 0xc
 1009 0081 03       		.uleb128 0x3
 1010 0082 0E       		.uleb128 0xe
 1011 0083 3A       		.uleb128 0x3a
 1012 0084 0B       		.uleb128 0xb
 1013 0085 3B       		.uleb128 0x3b
 1014 0086 0B       		.uleb128 0xb
 1015 0087 27       		.uleb128 0x27
 1016 0088 0C       		.uleb128 0xc
 1017 0089 11       		.uleb128 0x11
 1018 008a 01       		.uleb128 0x1
 1019 008b 12       		.uleb128 0x12
 1020 008c 01       		.uleb128 0x1
 1021 008d 40       		.uleb128 0x40
 1022 008e 06       		.uleb128 0x6
 1023 008f 9742     		.uleb128 0x2117
 1024 0091 0C       		.uleb128 0xc
 1025 0092 01       		.uleb128 0x1
 1026 0093 13       		.uleb128 0x13
 1027 0094 00       		.byte	0
 1028 0095 00       		.byte	0
 1029 0096 0C       		.uleb128 0xc
 1030 0097 898201   		.uleb128 0x4109
 1031 009a 01       		.byte	0x1
 1032 009b 11       		.uleb128 0x11
 1033 009c 01       		.uleb128 0x1
 1034 009d 31       		.uleb128 0x31
 1035 009e 13       		.uleb128 0x13
ARM GAS  C:\Users\Graziano\AppData\Local\Temp\cccuPw7k.s 			page 26


 1036 009f 01       		.uleb128 0x1
 1037 00a0 13       		.uleb128 0x13
 1038 00a1 00       		.byte	0
 1039 00a2 00       		.byte	0
 1040 00a3 0D       		.uleb128 0xd
 1041 00a4 8A8201   		.uleb128 0x410a
 1042 00a7 00       		.byte	0
 1043 00a8 02       		.uleb128 0x2
 1044 00a9 0A       		.uleb128 0xa
 1045 00aa 9142     		.uleb128 0x2111
 1046 00ac 0A       		.uleb128 0xa
 1047 00ad 00       		.byte	0
 1048 00ae 00       		.byte	0
 1049 00af 0E       		.uleb128 0xe
 1050 00b0 898201   		.uleb128 0x4109
 1051 00b3 01       		.byte	0x1
 1052 00b4 11       		.uleb128 0x11
 1053 00b5 01       		.uleb128 0x1
 1054 00b6 9542     		.uleb128 0x2115
 1055 00b8 0C       		.uleb128 0xc
 1056 00b9 31       		.uleb128 0x31
 1057 00ba 13       		.uleb128 0x13
 1058 00bb 00       		.byte	0
 1059 00bc 00       		.byte	0
 1060 00bd 0F       		.uleb128 0xf
 1061 00be 34       		.uleb128 0x34
 1062 00bf 00       		.byte	0
 1063 00c0 03       		.uleb128 0x3
 1064 00c1 0E       		.uleb128 0xe
 1065 00c2 3A       		.uleb128 0x3a
 1066 00c3 0B       		.uleb128 0xb
 1067 00c4 3B       		.uleb128 0x3b
 1068 00c5 0B       		.uleb128 0xb
 1069 00c6 49       		.uleb128 0x49
 1070 00c7 13       		.uleb128 0x13
 1071 00c8 02       		.uleb128 0x2
 1072 00c9 06       		.uleb128 0x6
 1073 00ca 00       		.byte	0
 1074 00cb 00       		.byte	0
 1075 00cc 10       		.uleb128 0x10
 1076 00cd 898201   		.uleb128 0x4109
 1077 00d0 00       		.byte	0
 1078 00d1 11       		.uleb128 0x11
 1079 00d2 01       		.uleb128 0x1
 1080 00d3 31       		.uleb128 0x31
 1081 00d4 13       		.uleb128 0x13
 1082 00d5 00       		.byte	0
 1083 00d6 00       		.byte	0
 1084 00d7 11       		.uleb128 0x11
 1085 00d8 2E       		.uleb128 0x2e
 1086 00d9 01       		.byte	0x1
 1087 00da 3F       		.uleb128 0x3f
 1088 00db 0C       		.uleb128 0xc
 1089 00dc 03       		.uleb128 0x3
 1090 00dd 0E       		.uleb128 0xe
 1091 00de 3A       		.uleb128 0x3a
 1092 00df 0B       		.uleb128 0xb
ARM GAS  C:\Users\Graziano\AppData\Local\Temp\cccuPw7k.s 			page 27


 1093 00e0 3B       		.uleb128 0x3b
 1094 00e1 0B       		.uleb128 0xb
 1095 00e2 27       		.uleb128 0x27
 1096 00e3 0C       		.uleb128 0xc
 1097 00e4 49       		.uleb128 0x49
 1098 00e5 13       		.uleb128 0x13
 1099 00e6 11       		.uleb128 0x11
 1100 00e7 01       		.uleb128 0x1
 1101 00e8 12       		.uleb128 0x12
 1102 00e9 01       		.uleb128 0x1
 1103 00ea 40       		.uleb128 0x40
 1104 00eb 06       		.uleb128 0x6
 1105 00ec 9742     		.uleb128 0x2117
 1106 00ee 0C       		.uleb128 0xc
 1107 00ef 01       		.uleb128 0x1
 1108 00f0 13       		.uleb128 0x13
 1109 00f1 00       		.byte	0
 1110 00f2 00       		.byte	0
 1111 00f3 12       		.uleb128 0x12
 1112 00f4 2E       		.uleb128 0x2e
 1113 00f5 01       		.byte	0x1
 1114 00f6 3F       		.uleb128 0x3f
 1115 00f7 0C       		.uleb128 0xc
 1116 00f8 03       		.uleb128 0x3
 1117 00f9 0E       		.uleb128 0xe
 1118 00fa 3A       		.uleb128 0x3a
 1119 00fb 0B       		.uleb128 0xb
 1120 00fc 3B       		.uleb128 0x3b
 1121 00fd 05       		.uleb128 0x5
 1122 00fe 27       		.uleb128 0x27
 1123 00ff 0C       		.uleb128 0xc
 1124 0100 11       		.uleb128 0x11
 1125 0101 01       		.uleb128 0x1
 1126 0102 12       		.uleb128 0x12
 1127 0103 01       		.uleb128 0x1
 1128 0104 40       		.uleb128 0x40
 1129 0105 06       		.uleb128 0x6
 1130 0106 9742     		.uleb128 0x2117
 1131 0108 0C       		.uleb128 0xc
 1132 0109 01       		.uleb128 0x1
 1133 010a 13       		.uleb128 0x13
 1134 010b 00       		.byte	0
 1135 010c 00       		.byte	0
 1136 010d 13       		.uleb128 0x13
 1137 010e 05       		.uleb128 0x5
 1138 010f 00       		.byte	0
 1139 0110 03       		.uleb128 0x3
 1140 0111 0E       		.uleb128 0xe
 1141 0112 3A       		.uleb128 0x3a
 1142 0113 0B       		.uleb128 0xb
 1143 0114 3B       		.uleb128 0x3b
 1144 0115 05       		.uleb128 0x5
 1145 0116 49       		.uleb128 0x49
 1146 0117 13       		.uleb128 0x13
 1147 0118 02       		.uleb128 0x2
 1148 0119 06       		.uleb128 0x6
 1149 011a 00       		.byte	0
ARM GAS  C:\Users\Graziano\AppData\Local\Temp\cccuPw7k.s 			page 28


 1150 011b 00       		.byte	0
 1151 011c 14       		.uleb128 0x14
 1152 011d 898201   		.uleb128 0x4109
 1153 0120 01       		.byte	0x1
 1154 0121 11       		.uleb128 0x11
 1155 0122 01       		.uleb128 0x1
 1156 0123 31       		.uleb128 0x31
 1157 0124 13       		.uleb128 0x13
 1158 0125 00       		.byte	0
 1159 0126 00       		.byte	0
 1160 0127 15       		.uleb128 0x15
 1161 0128 2E       		.uleb128 0x2e
 1162 0129 00       		.byte	0
 1163 012a 3F       		.uleb128 0x3f
 1164 012b 0C       		.uleb128 0xc
 1165 012c 03       		.uleb128 0x3
 1166 012d 0E       		.uleb128 0xe
 1167 012e 3A       		.uleb128 0x3a
 1168 012f 0B       		.uleb128 0xb
 1169 0130 3B       		.uleb128 0x3b
 1170 0131 05       		.uleb128 0x5
 1171 0132 27       		.uleb128 0x27
 1172 0133 0C       		.uleb128 0xc
 1173 0134 49       		.uleb128 0x49
 1174 0135 13       		.uleb128 0x13
 1175 0136 11       		.uleb128 0x11
 1176 0137 01       		.uleb128 0x1
 1177 0138 12       		.uleb128 0x12
 1178 0139 01       		.uleb128 0x1
 1179 013a 40       		.uleb128 0x40
 1180 013b 0A       		.uleb128 0xa
 1181 013c 9742     		.uleb128 0x2117
 1182 013e 0C       		.uleb128 0xc
 1183 013f 00       		.byte	0
 1184 0140 00       		.byte	0
 1185 0141 16       		.uleb128 0x16
 1186 0142 1D       		.uleb128 0x1d
 1187 0143 01       		.byte	0x1
 1188 0144 31       		.uleb128 0x31
 1189 0145 13       		.uleb128 0x13
 1190 0146 11       		.uleb128 0x11
 1191 0147 01       		.uleb128 0x1
 1192 0148 12       		.uleb128 0x12
 1193 0149 01       		.uleb128 0x1
 1194 014a 58       		.uleb128 0x58
 1195 014b 0B       		.uleb128 0xb
 1196 014c 59       		.uleb128 0x59
 1197 014d 0B       		.uleb128 0xb
 1198 014e 01       		.uleb128 0x1
 1199 014f 13       		.uleb128 0x13
 1200 0150 00       		.byte	0
 1201 0151 00       		.byte	0
 1202 0152 17       		.uleb128 0x17
 1203 0153 05       		.uleb128 0x5
 1204 0154 00       		.byte	0
 1205 0155 31       		.uleb128 0x31
 1206 0156 13       		.uleb128 0x13
ARM GAS  C:\Users\Graziano\AppData\Local\Temp\cccuPw7k.s 			page 29


 1207 0157 1C       		.uleb128 0x1c
 1208 0158 0B       		.uleb128 0xb
 1209 0159 00       		.byte	0
 1210 015a 00       		.byte	0
 1211 015b 18       		.uleb128 0x18
 1212 015c 898201   		.uleb128 0x4109
 1213 015f 00       		.byte	0
 1214 0160 11       		.uleb128 0x11
 1215 0161 01       		.uleb128 0x1
 1216 0162 9542     		.uleb128 0x2115
 1217 0164 0C       		.uleb128 0xc
 1218 0165 31       		.uleb128 0x31
 1219 0166 13       		.uleb128 0x13
 1220 0167 00       		.byte	0
 1221 0168 00       		.byte	0
 1222 0169 19       		.uleb128 0x19
 1223 016a 2E       		.uleb128 0x2e
 1224 016b 01       		.byte	0x1
 1225 016c 31       		.uleb128 0x31
 1226 016d 13       		.uleb128 0x13
 1227 016e 11       		.uleb128 0x11
 1228 016f 01       		.uleb128 0x1
 1229 0170 12       		.uleb128 0x12
 1230 0171 01       		.uleb128 0x1
 1231 0172 40       		.uleb128 0x40
 1232 0173 0A       		.uleb128 0xa
 1233 0174 9742     		.uleb128 0x2117
 1234 0176 0C       		.uleb128 0xc
 1235 0177 01       		.uleb128 0x1
 1236 0178 13       		.uleb128 0x13
 1237 0179 00       		.byte	0
 1238 017a 00       		.byte	0
 1239 017b 1A       		.uleb128 0x1a
 1240 017c 05       		.uleb128 0x5
 1241 017d 00       		.byte	0
 1242 017e 31       		.uleb128 0x31
 1243 017f 13       		.uleb128 0x13
 1244 0180 02       		.uleb128 0x2
 1245 0181 06       		.uleb128 0x6
 1246 0182 00       		.byte	0
 1247 0183 00       		.byte	0
 1248 0184 1B       		.uleb128 0x1b
 1249 0185 34       		.uleb128 0x34
 1250 0186 00       		.byte	0
 1251 0187 03       		.uleb128 0x3
 1252 0188 0E       		.uleb128 0xe
 1253 0189 3A       		.uleb128 0x3a
 1254 018a 0B       		.uleb128 0xb
 1255 018b 3B       		.uleb128 0x3b
 1256 018c 0B       		.uleb128 0xb
 1257 018d 49       		.uleb128 0x49
 1258 018e 13       		.uleb128 0x13
 1259 018f 3F       		.uleb128 0x3f
 1260 0190 0C       		.uleb128 0xc
 1261 0191 02       		.uleb128 0x2
 1262 0192 0A       		.uleb128 0xa
 1263 0193 00       		.byte	0
ARM GAS  C:\Users\Graziano\AppData\Local\Temp\cccuPw7k.s 			page 30


 1264 0194 00       		.byte	0
 1265 0195 1C       		.uleb128 0x1c
 1266 0196 34       		.uleb128 0x34
 1267 0197 00       		.byte	0
 1268 0198 03       		.uleb128 0x3
 1269 0199 0E       		.uleb128 0xe
 1270 019a 3A       		.uleb128 0x3a
 1271 019b 0B       		.uleb128 0xb
 1272 019c 3B       		.uleb128 0x3b
 1273 019d 0B       		.uleb128 0xb
 1274 019e 49       		.uleb128 0x49
 1275 019f 13       		.uleb128 0x13
 1276 01a0 3F       		.uleb128 0x3f
 1277 01a1 0C       		.uleb128 0xc
 1278 01a2 3C       		.uleb128 0x3c
 1279 01a3 0C       		.uleb128 0xc
 1280 01a4 00       		.byte	0
 1281 01a5 00       		.byte	0
 1282 01a6 1D       		.uleb128 0x1d
 1283 01a7 2E       		.uleb128 0x2e
 1284 01a8 01       		.byte	0x1
 1285 01a9 3F       		.uleb128 0x3f
 1286 01aa 0C       		.uleb128 0xc
 1287 01ab 03       		.uleb128 0x3
 1288 01ac 0E       		.uleb128 0xe
 1289 01ad 3A       		.uleb128 0x3a
 1290 01ae 0B       		.uleb128 0xb
 1291 01af 3B       		.uleb128 0x3b
 1292 01b0 0B       		.uleb128 0xb
 1293 01b1 27       		.uleb128 0x27
 1294 01b2 0C       		.uleb128 0xc
 1295 01b3 49       		.uleb128 0x49
 1296 01b4 13       		.uleb128 0x13
 1297 01b5 3C       		.uleb128 0x3c
 1298 01b6 0C       		.uleb128 0xc
 1299 01b7 01       		.uleb128 0x1
 1300 01b8 13       		.uleb128 0x13
 1301 01b9 00       		.byte	0
 1302 01ba 00       		.byte	0
 1303 01bb 1E       		.uleb128 0x1e
 1304 01bc 05       		.uleb128 0x5
 1305 01bd 00       		.byte	0
 1306 01be 49       		.uleb128 0x49
 1307 01bf 13       		.uleb128 0x13
 1308 01c0 00       		.byte	0
 1309 01c1 00       		.byte	0
 1310 01c2 1F       		.uleb128 0x1f
 1311 01c3 2E       		.uleb128 0x2e
 1312 01c4 01       		.byte	0x1
 1313 01c5 3F       		.uleb128 0x3f
 1314 01c6 0C       		.uleb128 0xc
 1315 01c7 03       		.uleb128 0x3
 1316 01c8 0E       		.uleb128 0xe
 1317 01c9 3A       		.uleb128 0x3a
 1318 01ca 0B       		.uleb128 0xb
 1319 01cb 3B       		.uleb128 0x3b
 1320 01cc 0B       		.uleb128 0xb
ARM GAS  C:\Users\Graziano\AppData\Local\Temp\cccuPw7k.s 			page 31


 1321 01cd 27       		.uleb128 0x27
 1322 01ce 0C       		.uleb128 0xc
 1323 01cf 3C       		.uleb128 0x3c
 1324 01d0 0C       		.uleb128 0xc
 1325 01d1 01       		.uleb128 0x1
 1326 01d2 13       		.uleb128 0x13
 1327 01d3 00       		.byte	0
 1328 01d4 00       		.byte	0
 1329 01d5 20       		.uleb128 0x20
 1330 01d6 2E       		.uleb128 0x2e
 1331 01d7 00       		.byte	0
 1332 01d8 3F       		.uleb128 0x3f
 1333 01d9 0C       		.uleb128 0xc
 1334 01da 03       		.uleb128 0x3
 1335 01db 0E       		.uleb128 0xe
 1336 01dc 3A       		.uleb128 0x3a
 1337 01dd 0B       		.uleb128 0xb
 1338 01de 3B       		.uleb128 0x3b
 1339 01df 0B       		.uleb128 0xb
 1340 01e0 27       		.uleb128 0x27
 1341 01e1 0C       		.uleb128 0xc
 1342 01e2 3C       		.uleb128 0x3c
 1343 01e3 0C       		.uleb128 0xc
 1344 01e4 00       		.byte	0
 1345 01e5 00       		.byte	0
 1346 01e6 21       		.uleb128 0x21
 1347 01e7 2E       		.uleb128 0x2e
 1348 01e8 00       		.byte	0
 1349 01e9 3F       		.uleb128 0x3f
 1350 01ea 0C       		.uleb128 0xc
 1351 01eb 03       		.uleb128 0x3
 1352 01ec 0E       		.uleb128 0xe
 1353 01ed 3A       		.uleb128 0x3a
 1354 01ee 0B       		.uleb128 0xb
 1355 01ef 3B       		.uleb128 0x3b
 1356 01f0 0B       		.uleb128 0xb
 1357 01f1 27       		.uleb128 0x27
 1358 01f2 0C       		.uleb128 0xc
 1359 01f3 49       		.uleb128 0x49
 1360 01f4 13       		.uleb128 0x13
 1361 01f5 3C       		.uleb128 0x3c
 1362 01f6 0C       		.uleb128 0xc
 1363 01f7 00       		.byte	0
 1364 01f8 00       		.byte	0
 1365 01f9 00       		.byte	0
 1366              		.section	.debug_loc,"",%progbits
 1367              	.Ldebug_loc0:
 1368              	.LLST0:
 1369 0000 00000000 		.4byte	.LFB0
 1370 0004 02000000 		.4byte	.LCFI0
 1371 0008 0200     		.2byte	0x2
 1372 000a 7D       		.byte	0x7d
 1373 000b 00       		.sleb128 0
 1374 000c 02000000 		.4byte	.LCFI0
 1375 0010 24000000 		.4byte	.LFE0
 1376 0014 0200     		.2byte	0x2
 1377 0016 7D       		.byte	0x7d
ARM GAS  C:\Users\Graziano\AppData\Local\Temp\cccuPw7k.s 			page 32


 1378 0017 08       		.sleb128 8
 1379 0018 00000000 		.4byte	0
 1380 001c 00000000 		.4byte	0
 1381              	.LLST1:
 1382 0020 00000000 		.4byte	.LFB3
 1383 0024 02000000 		.4byte	.LCFI1
 1384 0028 0200     		.2byte	0x2
 1385 002a 7D       		.byte	0x7d
 1386 002b 00       		.sleb128 0
 1387 002c 02000000 		.4byte	.LCFI1
 1388 0030 28000000 		.4byte	.LFE3
 1389 0034 0200     		.2byte	0x2
 1390 0036 7D       		.byte	0x7d
 1391 0037 08       		.sleb128 8
 1392 0038 00000000 		.4byte	0
 1393 003c 00000000 		.4byte	0
 1394              	.LLST2:
 1395 0040 0A000000 		.4byte	.LVL3
 1396 0044 17000000 		.4byte	.LVL4-1
 1397 0048 0100     		.2byte	0x1
 1398 004a 50       		.byte	0x50
 1399 004b 00000000 		.4byte	0
 1400 004f 00000000 		.4byte	0
 1401              	.LLST3:
 1402 0053 00000000 		.4byte	.LFB4
 1403 0057 04000000 		.4byte	.LCFI2
 1404 005b 0200     		.2byte	0x2
 1405 005d 7D       		.byte	0x7d
 1406 005e 00       		.sleb128 0
 1407 005f 04000000 		.4byte	.LCFI2
 1408 0063 2C000000 		.4byte	.LFE4
 1409 0067 0200     		.2byte	0x2
 1410 0069 7D       		.byte	0x7d
 1411 006a 08       		.sleb128 8
 1412 006b 00000000 		.4byte	0
 1413 006f 00000000 		.4byte	0
 1414              	.LLST4:
 1415 0073 12000000 		.4byte	.LVL6
 1416 0077 16000000 		.4byte	.LVL7
 1417 007b 0C00     		.2byte	0xc
 1418 007d 70       		.byte	0x70
 1419 007e 80807E   		.sleb128 -32768
 1420 0081 40       		.byte	0x40
 1421 0082 24       		.byte	0x24
 1422 0083 40       		.byte	0x40
 1423 0084 26       		.byte	0x26
 1424 0085 73       		.byte	0x73
 1425 0086 00       		.sleb128 0
 1426 0087 22       		.byte	0x22
 1427 0088 9F       		.byte	0x9f
 1428 0089 00000000 		.4byte	0
 1429 008d 00000000 		.4byte	0
 1430              	.LLST5:
 1431 0091 0C000000 		.4byte	.LVL5
 1432 0095 16000000 		.4byte	.LVL7
 1433 0099 0100     		.2byte	0x1
 1434 009b 50       		.byte	0x50
ARM GAS  C:\Users\Graziano\AppData\Local\Temp\cccuPw7k.s 			page 33


 1435 009c 00000000 		.4byte	0
 1436 00a0 00000000 		.4byte	0
 1437              	.LLST6:
 1438 00a4 0C000000 		.4byte	.LVL5
 1439 00a8 16000000 		.4byte	.LVL7
 1440 00ac 0500     		.2byte	0x5
 1441 00ae 70       		.byte	0x70
 1442 00af 80807E   		.sleb128 -32768
 1443 00b2 9F       		.byte	0x9f
 1444 00b3 00000000 		.4byte	0
 1445 00b7 00000000 		.4byte	0
 1446              	.LLST7:
 1447 00bb 00000000 		.4byte	.LFB5
 1448 00bf 02000000 		.4byte	.LCFI3
 1449 00c3 0200     		.2byte	0x2
 1450 00c5 7D       		.byte	0x7d
 1451 00c6 00       		.sleb128 0
 1452 00c7 02000000 		.4byte	.LCFI3
 1453 00cb 28000000 		.4byte	.LFE5
 1454 00cf 0200     		.2byte	0x2
 1455 00d1 7D       		.byte	0x7d
 1456 00d2 10       		.sleb128 16
 1457 00d3 00000000 		.4byte	0
 1458 00d7 00000000 		.4byte	0
 1459              	.LLST8:
 1460 00db 00000000 		.4byte	.LVL8
 1461 00df 0E000000 		.4byte	.LVL9
 1462 00e3 0100     		.2byte	0x1
 1463 00e5 50       		.byte	0x50
 1464 00e6 0E000000 		.4byte	.LVL9
 1465 00ea 28000000 		.4byte	.LFE5
 1466 00ee 0100     		.2byte	0x1
 1467 00f0 55       		.byte	0x55
 1468 00f1 00000000 		.4byte	0
 1469 00f5 00000000 		.4byte	0
 1470              	.LLST9:
 1471 00f9 00000000 		.4byte	.LFB1
 1472 00fd 02000000 		.4byte	.LCFI4
 1473 0101 0200     		.2byte	0x2
 1474 0103 7D       		.byte	0x7d
 1475 0104 00       		.sleb128 0
 1476 0105 02000000 		.4byte	.LCFI4
 1477 0109 34000000 		.4byte	.LFE1
 1478 010d 0200     		.2byte	0x2
 1479 010f 7D       		.byte	0x7d
 1480 0110 08       		.sleb128 8
 1481 0111 00000000 		.4byte	0
 1482 0115 00000000 		.4byte	0
 1483              	.LLST10:
 1484 0119 10000000 		.4byte	.LVL13
 1485 011d 1D000000 		.4byte	.LVL14-1
 1486 0121 0100     		.2byte	0x1
 1487 0123 50       		.byte	0x50
 1488 0124 00000000 		.4byte	0
 1489 0128 00000000 		.4byte	0
 1490              	.LLST11:
 1491 012c 00000000 		.4byte	.LFB2
ARM GAS  C:\Users\Graziano\AppData\Local\Temp\cccuPw7k.s 			page 34


 1492 0130 02000000 		.4byte	.LCFI5
 1493 0134 0200     		.2byte	0x2
 1494 0136 7D       		.byte	0x7d
 1495 0137 00       		.sleb128 0
 1496 0138 02000000 		.4byte	.LCFI5
 1497 013c 34000000 		.4byte	.LFE2
 1498 0140 0200     		.2byte	0x2
 1499 0142 7D       		.byte	0x7d
 1500 0143 08       		.sleb128 8
 1501 0144 00000000 		.4byte	0
 1502 0148 00000000 		.4byte	0
 1503              	.LLST12:
 1504 014c 00000000 		.4byte	.LVL19
 1505 0150 06000000 		.4byte	.LVL20
 1506 0154 0100     		.2byte	0x1
 1507 0156 50       		.byte	0x50
 1508 0157 06000000 		.4byte	.LVL20
 1509 015b 10000000 		.4byte	.LFE7
 1510 015f 0100     		.2byte	0x1
 1511 0161 50       		.byte	0x50
 1512 0162 00000000 		.4byte	0
 1513 0166 00000000 		.4byte	0
 1514              		.section	.debug_aranges,"",%progbits
 1515 0000 5C000000 		.4byte	0x5c
 1516 0004 0200     		.2byte	0x2
 1517 0006 00000000 		.4byte	.Ldebug_info0
 1518 000a 04       		.byte	0x4
 1519 000b 00       		.byte	0
 1520 000c 0000     		.2byte	0
 1521 000e 0000     		.2byte	0
 1522 0010 00000000 		.4byte	.LFB0
 1523 0014 24000000 		.4byte	.LFE0-.LFB0
 1524 0018 00000000 		.4byte	.LFB3
 1525 001c 28000000 		.4byte	.LFE3-.LFB3
 1526 0020 00000000 		.4byte	.LFB4
 1527 0024 2C000000 		.4byte	.LFE4-.LFB4
 1528 0028 00000000 		.4byte	.LFB5
 1529 002c 28000000 		.4byte	.LFE5-.LFB5
 1530 0030 00000000 		.4byte	.LFB6
 1531 0034 10000000 		.4byte	.LFE6-.LFB6
 1532 0038 00000000 		.4byte	.LFB1
 1533 003c 34000000 		.4byte	.LFE1-.LFB1
 1534 0040 00000000 		.4byte	.LFB2
 1535 0044 34000000 		.4byte	.LFE2-.LFB2
 1536 0048 00000000 		.4byte	.LFB7
 1537 004c 10000000 		.4byte	.LFE7-.LFB7
 1538 0050 00000000 		.4byte	.LFB8
 1539 0054 10000000 		.4byte	.LFE8-.LFB8
 1540 0058 00000000 		.4byte	0
 1541 005c 00000000 		.4byte	0
 1542              		.section	.debug_ranges,"",%progbits
 1543              	.Ldebug_ranges0:
 1544 0000 00000000 		.4byte	.LFB0
 1545 0004 24000000 		.4byte	.LFE0
 1546 0008 00000000 		.4byte	.LFB3
 1547 000c 28000000 		.4byte	.LFE3
 1548 0010 00000000 		.4byte	.LFB4
ARM GAS  C:\Users\Graziano\AppData\Local\Temp\cccuPw7k.s 			page 35


 1549 0014 2C000000 		.4byte	.LFE4
 1550 0018 00000000 		.4byte	.LFB5
 1551 001c 28000000 		.4byte	.LFE5
 1552 0020 00000000 		.4byte	.LFB6
 1553 0024 10000000 		.4byte	.LFE6
 1554 0028 00000000 		.4byte	.LFB1
 1555 002c 34000000 		.4byte	.LFE1
 1556 0030 00000000 		.4byte	.LFB2
 1557 0034 34000000 		.4byte	.LFE2
 1558 0038 00000000 		.4byte	.LFB7
 1559 003c 10000000 		.4byte	.LFE7
 1560 0040 00000000 		.4byte	.LFB8
 1561 0044 10000000 		.4byte	.LFE8
 1562 0048 00000000 		.4byte	0
 1563 004c 00000000 		.4byte	0
 1564              		.section	.debug_line,"",%progbits
 1565              	.Ldebug_line0:
 1566 0000 64010000 		.section	.debug_str,"MS",%progbits,1
 1566      02008400 
 1566      00000201 
 1566      FB0E0D00 
 1566      01010101 
 1567              	.LASF32:
 1568 0000 51756164 		.ascii	"QuadDec_TILT_initVar\000"
 1568      4465635F 
 1568      54494C54 
 1568      5F696E69 
 1568      74566172 
 1569              	.LASF19:
 1570 0015 72656733 		.ascii	"reg32\000"
 1570      3200
 1571              	.LASF48:
 1572 001b 4379496E 		.ascii	"CyIntSetVector\000"
 1572      74536574 
 1572      56656374 
 1572      6F7200
 1573              	.LASF28:
 1574 002a 51756164 		.ascii	"QuadDec_TILT_Enable\000"
 1574      4465635F 
 1574      54494C54 
 1574      5F456E61 
 1574      626C6500 
 1575              	.LASF47:
 1576 003e 76616C75 		.ascii	"value\000"
 1576      6500
 1577              	.LASF24:
 1578 0044 636F756E 		.ascii	"count\000"
 1578      7400
 1579              	.LASF27:
 1580 004a 51756164 		.ascii	"QuadDec_TILT_SetCounter\000"
 1580      4465635F 
 1580      54494C54 
 1580      5F536574 
 1580      436F756E 
 1581              	.LASF3:
 1582 0062 73686F72 		.ascii	"short unsigned int\000"
 1582      7420756E 
ARM GAS  C:\Users\Graziano\AppData\Local\Temp\cccuPw7k.s 			page 36


 1582      7369676E 
 1582      65642069 
 1582      6E7400
 1583              	.LASF29:
 1584 0075 51756164 		.ascii	"QuadDec_TILT_Start\000"
 1584      4465635F 
 1584      54494C54 
 1584      5F537461 
 1584      727400
 1585              	.LASF10:
 1586 0088 63686172 		.ascii	"char\000"
 1586      00
 1587              	.LASF43:
 1588 008d 2E5C4765 		.ascii	".\\Generated_Source\\PSoC5\\QuadDec_TILT.c\000"
 1588      6E657261 
 1588      7465645F 
 1588      536F7572 
 1588      63655C50 
 1589              	.LASF46:
 1590 00b5 51756164 		.ascii	"QuadDec_TILT_GetCounter\000"
 1590      4465635F 
 1590      54494C54 
 1590      5F476574 
 1590      436F756E 
 1591              	.LASF16:
 1592 00cd 666C6F61 		.ascii	"float\000"
 1592      7400
 1593              	.LASF6:
 1594 00d3 6C6F6E67 		.ascii	"long long unsigned int\000"
 1594      206C6F6E 
 1594      6720756E 
 1594      7369676E 
 1594      65642069 
 1595              	.LASF1:
 1596 00ea 756E7369 		.ascii	"unsigned char\000"
 1596      676E6564 
 1596      20636861 
 1596      7200
 1597              	.LASF26:
 1598 00f8 6877436F 		.ascii	"hwCount\000"
 1598      756E7400 
 1599              	.LASF18:
 1600 0100 72656738 		.ascii	"reg8\000"
 1600      00
 1601              	.LASF14:
 1602 0105 696E7431 		.ascii	"int16\000"
 1602      3600
 1603              	.LASF9:
 1604 010b 6C6F6E67 		.ascii	"long unsigned int\000"
 1604      20756E73 
 1604      69676E65 
 1604      6420696E 
 1604      7400
 1605              	.LASF15:
 1606 011d 696E7433 		.ascii	"int32\000"
 1606      3200
 1607              	.LASF25:
ARM GAS  C:\Users\Graziano\AppData\Local\Temp\cccuPw7k.s 			page 37


 1608 0123 746D7043 		.ascii	"tmpCnt\000"
 1608      6E7400
 1609              	.LASF40:
 1610 012a 51756164 		.ascii	"QuadDec_TILT_Cnt16_Stop\000"
 1610      4465635F 
 1610      54494C54 
 1610      5F436E74 
 1610      31365F53 
 1611              	.LASF23:
 1612 0142 656E6162 		.ascii	"enableInterrupts\000"
 1612      6C65496E 
 1612      74657272 
 1612      75707473 
 1612      00
 1613              	.LASF17:
 1614 0153 646F7562 		.ascii	"double\000"
 1614      6C6500
 1615              	.LASF12:
 1616 015a 75696E74 		.ascii	"uint16\000"
 1616      313600
 1617              	.LASF13:
 1618 0161 75696E74 		.ascii	"uint32\000"
 1618      333200
 1619              	.LASF21:
 1620 0168 51756164 		.ascii	"QuadDec_TILT_Init\000"
 1620      4465635F 
 1620      54494C54 
 1620      5F496E69 
 1620      7400
 1621              	.LASF37:
 1622 017a 4379456E 		.ascii	"CyEnterCriticalSection\000"
 1622      74657243 
 1622      72697469 
 1622      63616C53 
 1622      65637469 
 1623              	.LASF34:
 1624 0191 51756164 		.ascii	"QuadDec_TILT_SetInterruptMask\000"
 1624      4465635F 
 1624      54494C54 
 1624      5F536574 
 1624      496E7465 
 1625              	.LASF4:
 1626 01af 756E7369 		.ascii	"unsigned int\000"
 1626      676E6564 
 1626      20696E74 
 1626      00
 1627              	.LASF36:
 1628 01bc 43794578 		.ascii	"CyExitCriticalSection\000"
 1628      69744372 
 1628      69746963 
 1628      616C5365 
 1628      6374696F 
 1629              	.LASF35:
 1630 01d2 4379496E 		.ascii	"CyIntSetPriority\000"
 1630      74536574 
 1630      5072696F 
 1630      72697479 
ARM GAS  C:\Users\Graziano\AppData\Local\Temp\cccuPw7k.s 			page 38


 1630      00
 1631              	.LASF20:
 1632 01e3 63796973 		.ascii	"cyisraddress\000"
 1632      72616464 
 1632      72657373 
 1632      00
 1633              	.LASF33:
 1634 01f0 51756164 		.ascii	"QuadDec_TILT_count32SoftPart\000"
 1634      4465635F 
 1634      54494C54 
 1634      5F636F75 
 1634      6E743332 
 1635              	.LASF8:
 1636 020d 73697A65 		.ascii	"sizetype\000"
 1636      74797065 
 1636      00
 1637              	.LASF30:
 1638 0216 51756164 		.ascii	"QuadDec_TILT_GetEvents\000"
 1638      4465635F 
 1638      54494C54 
 1638      5F476574 
 1638      4576656E 
 1639              	.LASF5:
 1640 022d 6C6F6E67 		.ascii	"long long int\000"
 1640      206C6F6E 
 1640      6720696E 
 1640      7400
 1641              	.LASF45:
 1642 023b 6D61736B 		.ascii	"mask\000"
 1642      00
 1643              	.LASF38:
 1644 0240 51756164 		.ascii	"QuadDec_TILT_Cnt16_ReadCounter\000"
 1644      4465635F 
 1644      54494C54 
 1644      5F436E74 
 1644      31365F52 
 1645              	.LASF44:
 1646 025f 433A5C55 		.ascii	"C:\\Users\\Graziano\\Desktop\\PSOC CODES\\GOBEE DIR"
 1646      73657273 
 1646      5C477261 
 1646      7A69616E 
 1646      6F5C4465 
 1647 028d 4543544F 		.ascii	"ECTOR\\Vers.0.0-T05 2017-0201 C3.0 (test board V)\\"
 1647      525C5665 
 1647      72732E30 
 1647      2E302D54 
 1647      30352032 
 1648 02be 476F6265 		.ascii	"GobeeDir.cydsn\000"
 1648      65446972 
 1648      2E637964 
 1648      736E00
 1649              	.LASF2:
 1650 02cd 73686F72 		.ascii	"short int\000"
 1650      7420696E 
 1650      7400
 1651              	.LASF31:
 1652 02d7 51756164 		.ascii	"QuadDec_TILT_GetInterruptMask\000"
ARM GAS  C:\Users\Graziano\AppData\Local\Temp\cccuPw7k.s 			page 39


 1652      4465635F 
 1652      54494C54 
 1652      5F476574 
 1652      496E7465 
 1653              	.LASF11:
 1654 02f5 75696E74 		.ascii	"uint8\000"
 1654      3800
 1655              	.LASF42:
 1656 02fb 474E5520 		.ascii	"GNU C 4.7.3 20130312 (release) [ARM/embedded-4_7-br"
 1656      4320342E 
 1656      372E3320 
 1656      32303133 
 1656      30333132 
 1657 032e 616E6368 		.ascii	"anch revision 196615]\000"
 1657      20726576 
 1657      6973696F 
 1657      6E203139 
 1657      36363135 
 1658              	.LASF7:
 1659 0344 6C6F6E67 		.ascii	"long int\000"
 1659      20696E74 
 1659      00
 1660              	.LASF22:
 1661 034d 51756164 		.ascii	"QuadDec_TILT_Stop\000"
 1661      4465635F 
 1661      54494C54 
 1661      5F53746F 
 1661      7000
 1662              	.LASF0:
 1663 035f 7369676E 		.ascii	"signed char\000"
 1663      65642063 
 1663      68617200 
 1664              	.LASF39:
 1665 036b 51756164 		.ascii	"QuadDec_TILT_Cnt16_WriteCounter\000"
 1665      4465635F 
 1665      54494C54 
 1665      5F436E74 
 1665      31365F57 
 1666              	.LASF41:
 1667 038b 51756164 		.ascii	"QuadDec_TILT_Cnt16_Start\000"
 1667      4465635F 
 1667      54494C54 
 1667      5F436E74 
 1667      31365F53 
 1668              		.ident	"GCC: (GNU Tools for ARM Embedded Processors) 4.7.3 20130312 (release) [ARM/embedded-4_7-br
