ARM GAS  C:\Users\Graziano\AppData\Local\Temp\ccIvQEOk.s 			page 1


   1              		.syntax unified
   2              		.cpu cortex-m3
   3              		.fpu softvfp
   4              		.eabi_attribute 20, 1
   5              		.eabi_attribute 21, 1
   6              		.eabi_attribute 23, 3
   7              		.eabi_attribute 24, 1
   8              		.eabi_attribute 25, 1
   9              		.eabi_attribute 26, 1
  10              		.eabi_attribute 30, 4
  11              		.eabi_attribute 34, 1
  12              		.eabi_attribute 18, 4
  13              		.thumb
  14              		.file	"V3_nSHDN.c"
  15              		.text
  16              	.Ltext0:
  17              		.cfi_sections	.debug_frame
  18              		.section	.text.V3_nSHDN_Write,"ax",%progbits
  19              		.align	1
  20              		.global	V3_nSHDN_Write
  21              		.thumb
  22              		.thumb_func
  23              		.type	V3_nSHDN_Write, %function
  24              	V3_nSHDN_Write:
  25              	.LFB0:
  26              		.file 1 ".\\Generated_Source\\PSoC5\\V3_nSHDN.c"
   1:.\Generated_Source\PSoC5/V3_nSHDN.c **** /*******************************************************************************
   2:.\Generated_Source\PSoC5/V3_nSHDN.c **** * File Name: V3_nSHDN.c  
   3:.\Generated_Source\PSoC5/V3_nSHDN.c **** * Version 2.5
   4:.\Generated_Source\PSoC5/V3_nSHDN.c **** *
   5:.\Generated_Source\PSoC5/V3_nSHDN.c **** * Description:
   6:.\Generated_Source\PSoC5/V3_nSHDN.c **** *  This file contains API to enable firmware control of a Pins component.
   7:.\Generated_Source\PSoC5/V3_nSHDN.c **** *
   8:.\Generated_Source\PSoC5/V3_nSHDN.c **** * Note:
   9:.\Generated_Source\PSoC5/V3_nSHDN.c **** *
  10:.\Generated_Source\PSoC5/V3_nSHDN.c **** ********************************************************************************
  11:.\Generated_Source\PSoC5/V3_nSHDN.c **** * Copyright 2008-2014, Cypress Semiconductor Corporation.  All rights reserved.
  12:.\Generated_Source\PSoC5/V3_nSHDN.c **** * You may use this file only in accordance with the license, terms, conditions, 
  13:.\Generated_Source\PSoC5/V3_nSHDN.c **** * disclaimers, and limitations in the end user license agreement accompanying 
  14:.\Generated_Source\PSoC5/V3_nSHDN.c **** * the software package with which this file was provided.
  15:.\Generated_Source\PSoC5/V3_nSHDN.c **** *******************************************************************************/
  16:.\Generated_Source\PSoC5/V3_nSHDN.c **** 
  17:.\Generated_Source\PSoC5/V3_nSHDN.c **** #include "cytypes.h"
  18:.\Generated_Source\PSoC5/V3_nSHDN.c **** #include "V3_nSHDN.h"
  19:.\Generated_Source\PSoC5/V3_nSHDN.c **** 
  20:.\Generated_Source\PSoC5/V3_nSHDN.c **** /* APIs are not generated for P15[7:6] on PSoC 5 */
  21:.\Generated_Source\PSoC5/V3_nSHDN.c **** #if !(CY_PSOC5A &&\
  22:.\Generated_Source\PSoC5/V3_nSHDN.c **** 	 V3_nSHDN__PORT == 15 && ((V3_nSHDN__MASK & 0xC0) != 0))
  23:.\Generated_Source\PSoC5/V3_nSHDN.c **** 
  24:.\Generated_Source\PSoC5/V3_nSHDN.c **** 
  25:.\Generated_Source\PSoC5/V3_nSHDN.c **** /*******************************************************************************
  26:.\Generated_Source\PSoC5/V3_nSHDN.c **** * Function Name: V3_nSHDN_Write
  27:.\Generated_Source\PSoC5/V3_nSHDN.c **** ********************************************************************************
  28:.\Generated_Source\PSoC5/V3_nSHDN.c **** *
  29:.\Generated_Source\PSoC5/V3_nSHDN.c **** * Summary:
  30:.\Generated_Source\PSoC5/V3_nSHDN.c **** *  Assign a new value to the digital port's data output register.  
  31:.\Generated_Source\PSoC5/V3_nSHDN.c **** *
ARM GAS  C:\Users\Graziano\AppData\Local\Temp\ccIvQEOk.s 			page 2


  32:.\Generated_Source\PSoC5/V3_nSHDN.c **** * Parameters:  
  33:.\Generated_Source\PSoC5/V3_nSHDN.c **** *  prtValue:  The value to be assigned to the Digital Port. 
  34:.\Generated_Source\PSoC5/V3_nSHDN.c **** *
  35:.\Generated_Source\PSoC5/V3_nSHDN.c **** * Return: 
  36:.\Generated_Source\PSoC5/V3_nSHDN.c **** *  None
  37:.\Generated_Source\PSoC5/V3_nSHDN.c **** *  
  38:.\Generated_Source\PSoC5/V3_nSHDN.c **** *******************************************************************************/
  39:.\Generated_Source\PSoC5/V3_nSHDN.c **** void V3_nSHDN_Write(uint8 value) 
  40:.\Generated_Source\PSoC5/V3_nSHDN.c **** {
  27              		.loc 1 40 0
  28              		.cfi_startproc
  29              		@ args = 0, pretend = 0, frame = 0
  30              		@ frame_needed = 0, uses_anonymous_args = 0
  31              		@ link register save eliminated.
  32              	.LVL0:
  41:.\Generated_Source\PSoC5/V3_nSHDN.c ****     uint8 staticBits = (V3_nSHDN_DR & (uint8)(~V3_nSHDN_MASK));
  33              		.loc 1 41 0
  34 0000 054B     		ldr	r3, .L2
  42:.\Generated_Source\PSoC5/V3_nSHDN.c ****     V3_nSHDN_DR = staticBits | ((uint8)(value << V3_nSHDN_SHIFT) & V3_nSHDN_MASK);
  35              		.loc 1 42 0
  36 0002 4001     		lsls	r0, r0, #5
  37              	.LVL1:
  41:.\Generated_Source\PSoC5/V3_nSHDN.c ****     uint8 staticBits = (V3_nSHDN_DR & (uint8)(~V3_nSHDN_MASK));
  38              		.loc 1 41 0
  39 0004 1A78     		ldrb	r2, [r3, #0]	@ zero_extendqisi2
  40              	.LVL2:
  41              		.loc 1 42 0
  42 0006 00F02001 		and	r1, r0, #32
  41:.\Generated_Source\PSoC5/V3_nSHDN.c ****     uint8 staticBits = (V3_nSHDN_DR & (uint8)(~V3_nSHDN_MASK));
  43              		.loc 1 41 0
  44 000a 02F0DF02 		and	r2, r2, #223
  45              	.LVL3:
  46              		.loc 1 42 0
  47 000e 41EA0200 		orr	r0, r1, r2
  48 0012 1870     		strb	r0, [r3, #0]
  49 0014 7047     		bx	lr
  50              	.L3:
  51 0016 00BF     		.align	2
  52              	.L2:
  53 0018 50510040 		.word	1073762640
  54              		.cfi_endproc
  55              	.LFE0:
  56              		.size	V3_nSHDN_Write, .-V3_nSHDN_Write
  57              		.section	.text.V3_nSHDN_SetDriveMode,"ax",%progbits
  58              		.align	1
  59              		.global	V3_nSHDN_SetDriveMode
  60              		.thumb
  61              		.thumb_func
  62              		.type	V3_nSHDN_SetDriveMode, %function
  63              	V3_nSHDN_SetDriveMode:
  64              	.LFB1:
  43:.\Generated_Source\PSoC5/V3_nSHDN.c **** }
  44:.\Generated_Source\PSoC5/V3_nSHDN.c **** 
  45:.\Generated_Source\PSoC5/V3_nSHDN.c **** 
  46:.\Generated_Source\PSoC5/V3_nSHDN.c **** /*******************************************************************************
  47:.\Generated_Source\PSoC5/V3_nSHDN.c **** * Function Name: V3_nSHDN_SetDriveMode
  48:.\Generated_Source\PSoC5/V3_nSHDN.c **** ********************************************************************************
ARM GAS  C:\Users\Graziano\AppData\Local\Temp\ccIvQEOk.s 			page 3


  49:.\Generated_Source\PSoC5/V3_nSHDN.c **** *
  50:.\Generated_Source\PSoC5/V3_nSHDN.c **** * Summary:
  51:.\Generated_Source\PSoC5/V3_nSHDN.c **** *  Change the drive mode on the pins of the port.
  52:.\Generated_Source\PSoC5/V3_nSHDN.c **** * 
  53:.\Generated_Source\PSoC5/V3_nSHDN.c **** * Parameters:  
  54:.\Generated_Source\PSoC5/V3_nSHDN.c **** *  mode:  Change the pins to one of the following drive modes.
  55:.\Generated_Source\PSoC5/V3_nSHDN.c **** *
  56:.\Generated_Source\PSoC5/V3_nSHDN.c **** *  V3_nSHDN_DM_STRONG     Strong Drive 
  57:.\Generated_Source\PSoC5/V3_nSHDN.c **** *  V3_nSHDN_DM_OD_HI      Open Drain, Drives High 
  58:.\Generated_Source\PSoC5/V3_nSHDN.c **** *  V3_nSHDN_DM_OD_LO      Open Drain, Drives Low 
  59:.\Generated_Source\PSoC5/V3_nSHDN.c **** *  V3_nSHDN_DM_RES_UP     Resistive Pull Up 
  60:.\Generated_Source\PSoC5/V3_nSHDN.c **** *  V3_nSHDN_DM_RES_DWN    Resistive Pull Down 
  61:.\Generated_Source\PSoC5/V3_nSHDN.c **** *  V3_nSHDN_DM_RES_UPDWN  Resistive Pull Up/Down 
  62:.\Generated_Source\PSoC5/V3_nSHDN.c **** *  V3_nSHDN_DM_DIG_HIZ    High Impedance Digital 
  63:.\Generated_Source\PSoC5/V3_nSHDN.c **** *  V3_nSHDN_DM_ALG_HIZ    High Impedance Analog 
  64:.\Generated_Source\PSoC5/V3_nSHDN.c **** *
  65:.\Generated_Source\PSoC5/V3_nSHDN.c **** * Return: 
  66:.\Generated_Source\PSoC5/V3_nSHDN.c **** *  None
  67:.\Generated_Source\PSoC5/V3_nSHDN.c **** *
  68:.\Generated_Source\PSoC5/V3_nSHDN.c **** *******************************************************************************/
  69:.\Generated_Source\PSoC5/V3_nSHDN.c **** void V3_nSHDN_SetDriveMode(uint8 mode) 
  70:.\Generated_Source\PSoC5/V3_nSHDN.c **** {
  65              		.loc 1 70 0
  66              		.cfi_startproc
  67              		@ args = 0, pretend = 0, frame = 0
  68              		@ frame_needed = 0, uses_anonymous_args = 0
  69              		@ link register save eliminated.
  70              	.LVL4:
  71:.\Generated_Source\PSoC5/V3_nSHDN.c **** 	CyPins_SetPinDriveMode(V3_nSHDN_0, mode);
  71              		.loc 1 71 0
  72 0000 044B     		ldr	r3, .L5
  73 0002 00F00E00 		and	r0, r0, #14
  74              	.LVL5:
  75 0006 1A78     		ldrb	r2, [r3, #0]	@ zero_extendqisi2
  76 0008 22F00E01 		bic	r1, r2, #14
  77 000c 40EA0102 		orr	r2, r0, r1
  78 0010 1A70     		strb	r2, [r3, #0]
  79 0012 7047     		bx	lr
  80              	.L6:
  81              		.align	2
  82              	.L5:
  83 0014 2D500040 		.word	1073762349
  84              		.cfi_endproc
  85              	.LFE1:
  86              		.size	V3_nSHDN_SetDriveMode, .-V3_nSHDN_SetDriveMode
  87              		.section	.text.V3_nSHDN_Read,"ax",%progbits
  88              		.align	1
  89              		.global	V3_nSHDN_Read
  90              		.thumb
  91              		.thumb_func
  92              		.type	V3_nSHDN_Read, %function
  93              	V3_nSHDN_Read:
  94              	.LFB2:
  72:.\Generated_Source\PSoC5/V3_nSHDN.c **** }
  73:.\Generated_Source\PSoC5/V3_nSHDN.c **** 
  74:.\Generated_Source\PSoC5/V3_nSHDN.c **** 
  75:.\Generated_Source\PSoC5/V3_nSHDN.c **** /*******************************************************************************
ARM GAS  C:\Users\Graziano\AppData\Local\Temp\ccIvQEOk.s 			page 4


  76:.\Generated_Source\PSoC5/V3_nSHDN.c **** * Function Name: V3_nSHDN_Read
  77:.\Generated_Source\PSoC5/V3_nSHDN.c **** ********************************************************************************
  78:.\Generated_Source\PSoC5/V3_nSHDN.c **** *
  79:.\Generated_Source\PSoC5/V3_nSHDN.c **** * Summary:
  80:.\Generated_Source\PSoC5/V3_nSHDN.c **** *  Read the current value on the pins of the Digital Port in right justified 
  81:.\Generated_Source\PSoC5/V3_nSHDN.c **** *  form.
  82:.\Generated_Source\PSoC5/V3_nSHDN.c **** *
  83:.\Generated_Source\PSoC5/V3_nSHDN.c **** * Parameters:  
  84:.\Generated_Source\PSoC5/V3_nSHDN.c **** *  None
  85:.\Generated_Source\PSoC5/V3_nSHDN.c **** *
  86:.\Generated_Source\PSoC5/V3_nSHDN.c **** * Return: 
  87:.\Generated_Source\PSoC5/V3_nSHDN.c **** *  Returns the current value of the Digital Port as a right justified number
  88:.\Generated_Source\PSoC5/V3_nSHDN.c **** *  
  89:.\Generated_Source\PSoC5/V3_nSHDN.c **** * Note:
  90:.\Generated_Source\PSoC5/V3_nSHDN.c **** *  Macro V3_nSHDN_ReadPS calls this function. 
  91:.\Generated_Source\PSoC5/V3_nSHDN.c **** *  
  92:.\Generated_Source\PSoC5/V3_nSHDN.c **** *******************************************************************************/
  93:.\Generated_Source\PSoC5/V3_nSHDN.c **** uint8 V3_nSHDN_Read(void) 
  94:.\Generated_Source\PSoC5/V3_nSHDN.c **** {
  95              		.loc 1 94 0
  96              		.cfi_startproc
  97              		@ args = 0, pretend = 0, frame = 0
  98              		@ frame_needed = 0, uses_anonymous_args = 0
  99              		@ link register save eliminated.
  95:.\Generated_Source\PSoC5/V3_nSHDN.c ****     return (V3_nSHDN_PS & V3_nSHDN_MASK) >> V3_nSHDN_SHIFT;
 100              		.loc 1 95 0
 101 0000 024B     		ldr	r3, .L8
 102 0002 1878     		ldrb	r0, [r3, #0]	@ zero_extendqisi2
  96:.\Generated_Source\PSoC5/V3_nSHDN.c **** }
 103              		.loc 1 96 0
 104 0004 C0F34010 		ubfx	r0, r0, #5, #1
 105 0008 7047     		bx	lr
 106              	.L9:
 107 000a 00BF     		.align	2
 108              	.L8:
 109 000c 51510040 		.word	1073762641
 110              		.cfi_endproc
 111              	.LFE2:
 112              		.size	V3_nSHDN_Read, .-V3_nSHDN_Read
 113              		.section	.text.V3_nSHDN_ReadDataReg,"ax",%progbits
 114              		.align	1
 115              		.global	V3_nSHDN_ReadDataReg
 116              		.thumb
 117              		.thumb_func
 118              		.type	V3_nSHDN_ReadDataReg, %function
 119              	V3_nSHDN_ReadDataReg:
 120              	.LFB3:
  97:.\Generated_Source\PSoC5/V3_nSHDN.c **** 
  98:.\Generated_Source\PSoC5/V3_nSHDN.c **** 
  99:.\Generated_Source\PSoC5/V3_nSHDN.c **** /*******************************************************************************
 100:.\Generated_Source\PSoC5/V3_nSHDN.c **** * Function Name: V3_nSHDN_ReadDataReg
 101:.\Generated_Source\PSoC5/V3_nSHDN.c **** ********************************************************************************
 102:.\Generated_Source\PSoC5/V3_nSHDN.c **** *
 103:.\Generated_Source\PSoC5/V3_nSHDN.c **** * Summary:
 104:.\Generated_Source\PSoC5/V3_nSHDN.c **** *  Read the current value assigned to a Digital Port's data output register
 105:.\Generated_Source\PSoC5/V3_nSHDN.c **** *
 106:.\Generated_Source\PSoC5/V3_nSHDN.c **** * Parameters:  
ARM GAS  C:\Users\Graziano\AppData\Local\Temp\ccIvQEOk.s 			page 5


 107:.\Generated_Source\PSoC5/V3_nSHDN.c **** *  None 
 108:.\Generated_Source\PSoC5/V3_nSHDN.c **** *
 109:.\Generated_Source\PSoC5/V3_nSHDN.c **** * Return: 
 110:.\Generated_Source\PSoC5/V3_nSHDN.c **** *  Returns the current value assigned to the Digital Port's data output register
 111:.\Generated_Source\PSoC5/V3_nSHDN.c **** *  
 112:.\Generated_Source\PSoC5/V3_nSHDN.c **** *******************************************************************************/
 113:.\Generated_Source\PSoC5/V3_nSHDN.c **** uint8 V3_nSHDN_ReadDataReg(void) 
 114:.\Generated_Source\PSoC5/V3_nSHDN.c **** {
 121              		.loc 1 114 0
 122              		.cfi_startproc
 123              		@ args = 0, pretend = 0, frame = 0
 124              		@ frame_needed = 0, uses_anonymous_args = 0
 125              		@ link register save eliminated.
 115:.\Generated_Source\PSoC5/V3_nSHDN.c ****     return (V3_nSHDN_DR & V3_nSHDN_MASK) >> V3_nSHDN_SHIFT;
 126              		.loc 1 115 0
 127 0000 024B     		ldr	r3, .L11
 128 0002 1878     		ldrb	r0, [r3, #0]	@ zero_extendqisi2
 116:.\Generated_Source\PSoC5/V3_nSHDN.c **** }
 129              		.loc 1 116 0
 130 0004 C0F34010 		ubfx	r0, r0, #5, #1
 131 0008 7047     		bx	lr
 132              	.L12:
 133 000a 00BF     		.align	2
 134              	.L11:
 135 000c 50510040 		.word	1073762640
 136              		.cfi_endproc
 137              	.LFE3:
 138              		.size	V3_nSHDN_ReadDataReg, .-V3_nSHDN_ReadDataReg
 139              		.text
 140              	.Letext0:
 141              		.file 2 ".\\Generated_Source\\PSoC5\\cytypes.h"
 142              		.section	.debug_info,"",%progbits
 143              	.Ldebug_info0:
 144 0000 2F010000 		.4byte	0x12f
 145 0004 0200     		.2byte	0x2
 146 0006 00000000 		.4byte	.Ldebug_abbrev0
 147 000a 04       		.byte	0x4
 148 000b 01       		.uleb128 0x1
 149 000c 7C010000 		.4byte	.LASF20
 150 0010 01       		.byte	0x1
 151 0011 1A010000 		.4byte	.LASF21
 152 0015 5E000000 		.4byte	.LASF22
 153 0019 00000000 		.4byte	.Ldebug_ranges0+0
 154 001d 00000000 		.4byte	0
 155 0021 00000000 		.4byte	0
 156 0025 00000000 		.4byte	.Ldebug_line0
 157 0029 02       		.uleb128 0x2
 158 002a 01       		.byte	0x1
 159 002b 06       		.byte	0x6
 160 002c CE010000 		.4byte	.LASF0
 161 0030 02       		.uleb128 0x2
 162 0031 01       		.byte	0x1
 163 0032 08       		.byte	0x8
 164 0033 39000000 		.4byte	.LASF1
 165 0037 02       		.uleb128 0x2
 166 0038 02       		.byte	0x2
 167 0039 05       		.byte	0x5
ARM GAS  C:\Users\Graziano\AppData\Local\Temp\ccIvQEOk.s 			page 6


 168 003a 6C010000 		.4byte	.LASF2
 169 003e 02       		.uleb128 0x2
 170 003f 02       		.byte	0x2
 171 0040 07       		.byte	0x7
 172 0041 20000000 		.4byte	.LASF3
 173 0045 02       		.uleb128 0x2
 174 0046 04       		.byte	0x4
 175 0047 05       		.byte	0x5
 176 0048 C5010000 		.4byte	.LASF4
 177 004c 02       		.uleb128 0x2
 178 004d 04       		.byte	0x4
 179 004e 07       		.byte	0x7
 180 004f 4C000000 		.4byte	.LASF5
 181 0053 02       		.uleb128 0x2
 182 0054 08       		.byte	0x8
 183 0055 05       		.byte	0x5
 184 0056 59010000 		.4byte	.LASF6
 185 005a 02       		.uleb128 0x2
 186 005b 08       		.byte	0x8
 187 005c 07       		.byte	0x7
 188 005d 03010000 		.4byte	.LASF7
 189 0061 03       		.uleb128 0x3
 190 0062 04       		.byte	0x4
 191 0063 05       		.byte	0x5
 192 0064 696E7400 		.ascii	"int\000"
 193 0068 02       		.uleb128 0x2
 194 0069 04       		.byte	0x4
 195 006a 07       		.byte	0x7
 196 006b E8000000 		.4byte	.LASF8
 197 006f 04       		.uleb128 0x4
 198 0070 76010000 		.4byte	.LASF12
 199 0074 02       		.byte	0x2
 200 0075 5B       		.byte	0x5b
 201 0076 30000000 		.4byte	0x30
 202 007a 02       		.uleb128 0x2
 203 007b 04       		.byte	0x4
 204 007c 04       		.byte	0x4
 205 007d 33000000 		.4byte	.LASF9
 206 0081 02       		.uleb128 0x2
 207 0082 08       		.byte	0x8
 208 0083 04       		.byte	0x4
 209 0084 E1000000 		.4byte	.LASF10
 210 0088 02       		.uleb128 0x2
 211 0089 01       		.byte	0x1
 212 008a 08       		.byte	0x8
 213 008b 67010000 		.4byte	.LASF11
 214 008f 04       		.uleb128 0x4
 215 0090 47000000 		.4byte	.LASF13
 216 0094 02       		.byte	0x2
 217 0095 F0       		.byte	0xf0
 218 0096 9A000000 		.4byte	0x9a
 219 009a 05       		.uleb128 0x5
 220 009b 6F000000 		.4byte	0x6f
 221 009f 06       		.uleb128 0x6
 222 00a0 01       		.byte	0x1
 223 00a1 00000000 		.4byte	.LASF14
 224 00a5 01       		.byte	0x1
ARM GAS  C:\Users\Graziano\AppData\Local\Temp\ccIvQEOk.s 			page 7


 225 00a6 27       		.byte	0x27
 226 00a7 01       		.byte	0x1
 227 00a8 00000000 		.4byte	.LFB0
 228 00ac 1C000000 		.4byte	.LFE0
 229 00b0 02       		.byte	0x2
 230 00b1 7D       		.byte	0x7d
 231 00b2 00       		.sleb128 0
 232 00b3 01       		.byte	0x1
 233 00b4 D7000000 		.4byte	0xd7
 234 00b8 07       		.uleb128 0x7
 235 00b9 0F000000 		.4byte	.LASF16
 236 00bd 01       		.byte	0x1
 237 00be 27       		.byte	0x27
 238 00bf 6F000000 		.4byte	0x6f
 239 00c3 00000000 		.4byte	.LLST0
 240 00c7 08       		.uleb128 0x8
 241 00c8 15000000 		.4byte	.LASF23
 242 00cc 01       		.byte	0x1
 243 00cd 29       		.byte	0x29
 244 00ce 6F000000 		.4byte	0x6f
 245 00d2 21000000 		.4byte	.LLST1
 246 00d6 00       		.byte	0
 247 00d7 06       		.uleb128 0x6
 248 00d8 01       		.byte	0x1
 249 00d9 43010000 		.4byte	.LASF15
 250 00dd 01       		.byte	0x1
 251 00de 45       		.byte	0x45
 252 00df 01       		.byte	0x1
 253 00e0 00000000 		.4byte	.LFB1
 254 00e4 18000000 		.4byte	.LFE1
 255 00e8 02       		.byte	0x2
 256 00e9 7D       		.byte	0x7d
 257 00ea 00       		.sleb128 0
 258 00eb 01       		.byte	0x1
 259 00ec 00010000 		.4byte	0x100
 260 00f0 07       		.uleb128 0x7
 261 00f1 3E010000 		.4byte	.LASF17
 262 00f5 01       		.byte	0x1
 263 00f6 45       		.byte	0x45
 264 00f7 6F000000 		.4byte	0x6f
 265 00fb 39000000 		.4byte	.LLST2
 266 00ff 00       		.byte	0
 267 0100 09       		.uleb128 0x9
 268 0101 01       		.byte	0x1
 269 0102 F5000000 		.4byte	.LASF18
 270 0106 01       		.byte	0x1
 271 0107 5D       		.byte	0x5d
 272 0108 01       		.byte	0x1
 273 0109 6F000000 		.4byte	0x6f
 274 010d 00000000 		.4byte	.LFB2
 275 0111 10000000 		.4byte	.LFE2
 276 0115 02       		.byte	0x2
 277 0116 7D       		.byte	0x7d
 278 0117 00       		.sleb128 0
 279 0118 01       		.byte	0x1
 280 0119 09       		.uleb128 0x9
 281 011a 01       		.byte	0x1
ARM GAS  C:\Users\Graziano\AppData\Local\Temp\ccIvQEOk.s 			page 8


 282 011b CC000000 		.4byte	.LASF19
 283 011f 01       		.byte	0x1
 284 0120 71       		.byte	0x71
 285 0121 01       		.byte	0x1
 286 0122 6F000000 		.4byte	0x6f
 287 0126 00000000 		.4byte	.LFB3
 288 012a 10000000 		.4byte	.LFE3
 289 012e 02       		.byte	0x2
 290 012f 7D       		.byte	0x7d
 291 0130 00       		.sleb128 0
 292 0131 01       		.byte	0x1
 293 0132 00       		.byte	0
 294              		.section	.debug_abbrev,"",%progbits
 295              	.Ldebug_abbrev0:
 296 0000 01       		.uleb128 0x1
 297 0001 11       		.uleb128 0x11
 298 0002 01       		.byte	0x1
 299 0003 25       		.uleb128 0x25
 300 0004 0E       		.uleb128 0xe
 301 0005 13       		.uleb128 0x13
 302 0006 0B       		.uleb128 0xb
 303 0007 03       		.uleb128 0x3
 304 0008 0E       		.uleb128 0xe
 305 0009 1B       		.uleb128 0x1b
 306 000a 0E       		.uleb128 0xe
 307 000b 55       		.uleb128 0x55
 308 000c 06       		.uleb128 0x6
 309 000d 11       		.uleb128 0x11
 310 000e 01       		.uleb128 0x1
 311 000f 52       		.uleb128 0x52
 312 0010 01       		.uleb128 0x1
 313 0011 10       		.uleb128 0x10
 314 0012 06       		.uleb128 0x6
 315 0013 00       		.byte	0
 316 0014 00       		.byte	0
 317 0015 02       		.uleb128 0x2
 318 0016 24       		.uleb128 0x24
 319 0017 00       		.byte	0
 320 0018 0B       		.uleb128 0xb
 321 0019 0B       		.uleb128 0xb
 322 001a 3E       		.uleb128 0x3e
 323 001b 0B       		.uleb128 0xb
 324 001c 03       		.uleb128 0x3
 325 001d 0E       		.uleb128 0xe
 326 001e 00       		.byte	0
 327 001f 00       		.byte	0
 328 0020 03       		.uleb128 0x3
 329 0021 24       		.uleb128 0x24
 330 0022 00       		.byte	0
 331 0023 0B       		.uleb128 0xb
 332 0024 0B       		.uleb128 0xb
 333 0025 3E       		.uleb128 0x3e
 334 0026 0B       		.uleb128 0xb
 335 0027 03       		.uleb128 0x3
 336 0028 08       		.uleb128 0x8
 337 0029 00       		.byte	0
 338 002a 00       		.byte	0
ARM GAS  C:\Users\Graziano\AppData\Local\Temp\ccIvQEOk.s 			page 9


 339 002b 04       		.uleb128 0x4
 340 002c 16       		.uleb128 0x16
 341 002d 00       		.byte	0
 342 002e 03       		.uleb128 0x3
 343 002f 0E       		.uleb128 0xe
 344 0030 3A       		.uleb128 0x3a
 345 0031 0B       		.uleb128 0xb
 346 0032 3B       		.uleb128 0x3b
 347 0033 0B       		.uleb128 0xb
 348 0034 49       		.uleb128 0x49
 349 0035 13       		.uleb128 0x13
 350 0036 00       		.byte	0
 351 0037 00       		.byte	0
 352 0038 05       		.uleb128 0x5
 353 0039 35       		.uleb128 0x35
 354 003a 00       		.byte	0
 355 003b 49       		.uleb128 0x49
 356 003c 13       		.uleb128 0x13
 357 003d 00       		.byte	0
 358 003e 00       		.byte	0
 359 003f 06       		.uleb128 0x6
 360 0040 2E       		.uleb128 0x2e
 361 0041 01       		.byte	0x1
 362 0042 3F       		.uleb128 0x3f
 363 0043 0C       		.uleb128 0xc
 364 0044 03       		.uleb128 0x3
 365 0045 0E       		.uleb128 0xe
 366 0046 3A       		.uleb128 0x3a
 367 0047 0B       		.uleb128 0xb
 368 0048 3B       		.uleb128 0x3b
 369 0049 0B       		.uleb128 0xb
 370 004a 27       		.uleb128 0x27
 371 004b 0C       		.uleb128 0xc
 372 004c 11       		.uleb128 0x11
 373 004d 01       		.uleb128 0x1
 374 004e 12       		.uleb128 0x12
 375 004f 01       		.uleb128 0x1
 376 0050 40       		.uleb128 0x40
 377 0051 0A       		.uleb128 0xa
 378 0052 9742     		.uleb128 0x2117
 379 0054 0C       		.uleb128 0xc
 380 0055 01       		.uleb128 0x1
 381 0056 13       		.uleb128 0x13
 382 0057 00       		.byte	0
 383 0058 00       		.byte	0
 384 0059 07       		.uleb128 0x7
 385 005a 05       		.uleb128 0x5
 386 005b 00       		.byte	0
 387 005c 03       		.uleb128 0x3
 388 005d 0E       		.uleb128 0xe
 389 005e 3A       		.uleb128 0x3a
 390 005f 0B       		.uleb128 0xb
 391 0060 3B       		.uleb128 0x3b
 392 0061 0B       		.uleb128 0xb
 393 0062 49       		.uleb128 0x49
 394 0063 13       		.uleb128 0x13
 395 0064 02       		.uleb128 0x2
ARM GAS  C:\Users\Graziano\AppData\Local\Temp\ccIvQEOk.s 			page 10


 396 0065 06       		.uleb128 0x6
 397 0066 00       		.byte	0
 398 0067 00       		.byte	0
 399 0068 08       		.uleb128 0x8
 400 0069 34       		.uleb128 0x34
 401 006a 00       		.byte	0
 402 006b 03       		.uleb128 0x3
 403 006c 0E       		.uleb128 0xe
 404 006d 3A       		.uleb128 0x3a
 405 006e 0B       		.uleb128 0xb
 406 006f 3B       		.uleb128 0x3b
 407 0070 0B       		.uleb128 0xb
 408 0071 49       		.uleb128 0x49
 409 0072 13       		.uleb128 0x13
 410 0073 02       		.uleb128 0x2
 411 0074 06       		.uleb128 0x6
 412 0075 00       		.byte	0
 413 0076 00       		.byte	0
 414 0077 09       		.uleb128 0x9
 415 0078 2E       		.uleb128 0x2e
 416 0079 00       		.byte	0
 417 007a 3F       		.uleb128 0x3f
 418 007b 0C       		.uleb128 0xc
 419 007c 03       		.uleb128 0x3
 420 007d 0E       		.uleb128 0xe
 421 007e 3A       		.uleb128 0x3a
 422 007f 0B       		.uleb128 0xb
 423 0080 3B       		.uleb128 0x3b
 424 0081 0B       		.uleb128 0xb
 425 0082 27       		.uleb128 0x27
 426 0083 0C       		.uleb128 0xc
 427 0084 49       		.uleb128 0x49
 428 0085 13       		.uleb128 0x13
 429 0086 11       		.uleb128 0x11
 430 0087 01       		.uleb128 0x1
 431 0088 12       		.uleb128 0x12
 432 0089 01       		.uleb128 0x1
 433 008a 40       		.uleb128 0x40
 434 008b 0A       		.uleb128 0xa
 435 008c 9742     		.uleb128 0x2117
 436 008e 0C       		.uleb128 0xc
 437 008f 00       		.byte	0
 438 0090 00       		.byte	0
 439 0091 00       		.byte	0
 440              		.section	.debug_loc,"",%progbits
 441              	.Ldebug_loc0:
 442              	.LLST0:
 443 0000 00000000 		.4byte	.LVL0
 444 0004 04000000 		.4byte	.LVL1
 445 0008 0100     		.2byte	0x1
 446 000a 50       		.byte	0x50
 447 000b 04000000 		.4byte	.LVL1
 448 000f 1C000000 		.4byte	.LFE0
 449 0013 0400     		.2byte	0x4
 450 0015 F3       		.byte	0xf3
 451 0016 01       		.uleb128 0x1
 452 0017 50       		.byte	0x50
ARM GAS  C:\Users\Graziano\AppData\Local\Temp\ccIvQEOk.s 			page 11


 453 0018 9F       		.byte	0x9f
 454 0019 00000000 		.4byte	0
 455 001d 00000000 		.4byte	0
 456              	.LLST1:
 457 0021 06000000 		.4byte	.LVL2
 458 0025 0E000000 		.4byte	.LVL3
 459 0029 0600     		.2byte	0x6
 460 002b 72       		.byte	0x72
 461 002c 00       		.sleb128 0
 462 002d 09       		.byte	0x9
 463 002e DF       		.byte	0xdf
 464 002f 1A       		.byte	0x1a
 465 0030 9F       		.byte	0x9f
 466 0031 00000000 		.4byte	0
 467 0035 00000000 		.4byte	0
 468              	.LLST2:
 469 0039 00000000 		.4byte	.LVL4
 470 003d 06000000 		.4byte	.LVL5
 471 0041 0100     		.2byte	0x1
 472 0043 50       		.byte	0x50
 473 0044 06000000 		.4byte	.LVL5
 474 0048 18000000 		.4byte	.LFE1
 475 004c 0400     		.2byte	0x4
 476 004e F3       		.byte	0xf3
 477 004f 01       		.uleb128 0x1
 478 0050 50       		.byte	0x50
 479 0051 9F       		.byte	0x9f
 480 0052 00000000 		.4byte	0
 481 0056 00000000 		.4byte	0
 482              		.section	.debug_aranges,"",%progbits
 483 0000 34000000 		.4byte	0x34
 484 0004 0200     		.2byte	0x2
 485 0006 00000000 		.4byte	.Ldebug_info0
 486 000a 04       		.byte	0x4
 487 000b 00       		.byte	0
 488 000c 0000     		.2byte	0
 489 000e 0000     		.2byte	0
 490 0010 00000000 		.4byte	.LFB0
 491 0014 1C000000 		.4byte	.LFE0-.LFB0
 492 0018 00000000 		.4byte	.LFB1
 493 001c 18000000 		.4byte	.LFE1-.LFB1
 494 0020 00000000 		.4byte	.LFB2
 495 0024 10000000 		.4byte	.LFE2-.LFB2
 496 0028 00000000 		.4byte	.LFB3
 497 002c 10000000 		.4byte	.LFE3-.LFB3
 498 0030 00000000 		.4byte	0
 499 0034 00000000 		.4byte	0
 500              		.section	.debug_ranges,"",%progbits
 501              	.Ldebug_ranges0:
 502 0000 00000000 		.4byte	.LFB0
 503 0004 1C000000 		.4byte	.LFE0
 504 0008 00000000 		.4byte	.LFB1
 505 000c 18000000 		.4byte	.LFE1
 506 0010 00000000 		.4byte	.LFB2
 507 0014 10000000 		.4byte	.LFE2
 508 0018 00000000 		.4byte	.LFB3
 509 001c 10000000 		.4byte	.LFE3
ARM GAS  C:\Users\Graziano\AppData\Local\Temp\ccIvQEOk.s 			page 12


 510 0020 00000000 		.4byte	0
 511 0024 00000000 		.4byte	0
 512              		.section	.debug_line,"",%progbits
 513              	.Ldebug_line0:
 514 0000 97000000 		.section	.debug_str,"MS",%progbits,1
 514      02004700 
 514      00000201 
 514      FB0E0D00 
 514      01010101 
 515              	.LASF14:
 516 0000 56335F6E 		.ascii	"V3_nSHDN_Write\000"
 516      5348444E 
 516      5F577269 
 516      746500
 517              	.LASF16:
 518 000f 76616C75 		.ascii	"value\000"
 518      6500
 519              	.LASF23:
 520 0015 73746174 		.ascii	"staticBits\000"
 520      69634269 
 520      747300
 521              	.LASF3:
 522 0020 73686F72 		.ascii	"short unsigned int\000"
 522      7420756E 
 522      7369676E 
 522      65642069 
 522      6E7400
 523              	.LASF9:
 524 0033 666C6F61 		.ascii	"float\000"
 524      7400
 525              	.LASF1:
 526 0039 756E7369 		.ascii	"unsigned char\000"
 526      676E6564 
 526      20636861 
 526      7200
 527              	.LASF13:
 528 0047 72656738 		.ascii	"reg8\000"
 528      00
 529              	.LASF5:
 530 004c 6C6F6E67 		.ascii	"long unsigned int\000"
 530      20756E73 
 530      69676E65 
 530      6420696E 
 530      7400
 531              	.LASF22:
 532 005e 433A5C55 		.ascii	"C:\\Users\\Graziano\\Desktop\\PSOC CODES\\GOBEE DIR"
 532      73657273 
 532      5C477261 
 532      7A69616E 
 532      6F5C4465 
 533 008c 4543544F 		.ascii	"ECTOR\\Vers.0.0-T05 2017-0201 C3.0 (test board V)\\"
 533      525C5665 
 533      72732E30 
 533      2E302D54 
 533      30352032 
 534 00bd 476F6265 		.ascii	"GobeeDir.cydsn\000"
 534      65446972 
ARM GAS  C:\Users\Graziano\AppData\Local\Temp\ccIvQEOk.s 			page 13


 534      2E637964 
 534      736E00
 535              	.LASF19:
 536 00cc 56335F6E 		.ascii	"V3_nSHDN_ReadDataReg\000"
 536      5348444E 
 536      5F526561 
 536      64446174 
 536      61526567 
 537              	.LASF10:
 538 00e1 646F7562 		.ascii	"double\000"
 538      6C6500
 539              	.LASF8:
 540 00e8 756E7369 		.ascii	"unsigned int\000"
 540      676E6564 
 540      20696E74 
 540      00
 541              	.LASF18:
 542 00f5 56335F6E 		.ascii	"V3_nSHDN_Read\000"
 542      5348444E 
 542      5F526561 
 542      6400
 543              	.LASF7:
 544 0103 6C6F6E67 		.ascii	"long long unsigned int\000"
 544      206C6F6E 
 544      6720756E 
 544      7369676E 
 544      65642069 
 545              	.LASF21:
 546 011a 2E5C4765 		.ascii	".\\Generated_Source\\PSoC5\\V3_nSHDN.c\000"
 546      6E657261 
 546      7465645F 
 546      536F7572 
 546      63655C50 
 547              	.LASF17:
 548 013e 6D6F6465 		.ascii	"mode\000"
 548      00
 549              	.LASF15:
 550 0143 56335F6E 		.ascii	"V3_nSHDN_SetDriveMode\000"
 550      5348444E 
 550      5F536574 
 550      44726976 
 550      654D6F64 
 551              	.LASF6:
 552 0159 6C6F6E67 		.ascii	"long long int\000"
 552      206C6F6E 
 552      6720696E 
 552      7400
 553              	.LASF11:
 554 0167 63686172 		.ascii	"char\000"
 554      00
 555              	.LASF2:
 556 016c 73686F72 		.ascii	"short int\000"
 556      7420696E 
 556      7400
 557              	.LASF12:
 558 0176 75696E74 		.ascii	"uint8\000"
 558      3800
ARM GAS  C:\Users\Graziano\AppData\Local\Temp\ccIvQEOk.s 			page 14


 559              	.LASF20:
 560 017c 474E5520 		.ascii	"GNU C 4.7.3 20130312 (release) [ARM/embedded-4_7-br"
 560      4320342E 
 560      372E3320 
 560      32303133 
 560      30333132 
 561 01af 616E6368 		.ascii	"anch revision 196615]\000"
 561      20726576 
 561      6973696F 
 561      6E203139 
 561      36363135 
 562              	.LASF4:
 563 01c5 6C6F6E67 		.ascii	"long int\000"
 563      20696E74 
 563      00
 564              	.LASF0:
 565 01ce 7369676E 		.ascii	"signed char\000"
 565      65642063 
 565      68617200 
 566              		.ident	"GCC: (GNU Tools for ARM Embedded Processors) 4.7.3 20130312 (release) [ARM/embedded-4_7-br
