ARM GAS  C:\Users\Graziano\AppData\Local\Temp\ccut805H.s 			page 1


   1              		.syntax unified
   2              		.cpu cortex-m3
   3              		.fpu softvfp
   4              		.eabi_attribute 20, 1
   5              		.eabi_attribute 21, 1
   6              		.eabi_attribute 23, 3
   7              		.eabi_attribute 24, 1
   8              		.eabi_attribute 25, 1
   9              		.eabi_attribute 26, 1
  10              		.eabi_attribute 30, 4
  11              		.eabi_attribute 34, 1
  12              		.eabi_attribute 18, 4
  13              		.thumb
  14              		.file	"VDAC8_ANAPOS.c"
  15              		.text
  16              	.Ltext0:
  17              		.cfi_sections	.debug_frame
  18              		.section	.text.VDAC8_ANAPOS_Enable,"ax",%progbits
  19              		.align	1
  20              		.global	VDAC8_ANAPOS_Enable
  21              		.thumb
  22              		.thumb_func
  23              		.type	VDAC8_ANAPOS_Enable, %function
  24              	VDAC8_ANAPOS_Enable:
  25              	.LFB1:
  26              		.file 1 ".\\Generated_Source\\PSoC5\\VDAC8_ANAPOS.c"
   1:.\Generated_Source\PSoC5/VDAC8_ANAPOS.c **** /*******************************************************************************
   2:.\Generated_Source\PSoC5/VDAC8_ANAPOS.c **** * File Name: VDAC8_ANAPOS.c  
   3:.\Generated_Source\PSoC5/VDAC8_ANAPOS.c **** * Version 1.90
   4:.\Generated_Source\PSoC5/VDAC8_ANAPOS.c **** *
   5:.\Generated_Source\PSoC5/VDAC8_ANAPOS.c **** * Description:
   6:.\Generated_Source\PSoC5/VDAC8_ANAPOS.c **** *  This file provides the source code to the API for the 8-bit Voltage DAC 
   7:.\Generated_Source\PSoC5/VDAC8_ANAPOS.c **** *  (VDAC8) User Module.
   8:.\Generated_Source\PSoC5/VDAC8_ANAPOS.c **** *
   9:.\Generated_Source\PSoC5/VDAC8_ANAPOS.c **** * Note:
  10:.\Generated_Source\PSoC5/VDAC8_ANAPOS.c **** *  Any unusual or non-standard behavior should be noted here. Other-
  11:.\Generated_Source\PSoC5/VDAC8_ANAPOS.c **** *  wise, this section should remain blank.
  12:.\Generated_Source\PSoC5/VDAC8_ANAPOS.c **** *
  13:.\Generated_Source\PSoC5/VDAC8_ANAPOS.c **** ********************************************************************************
  14:.\Generated_Source\PSoC5/VDAC8_ANAPOS.c **** * Copyright 2008-2012, Cypress Semiconductor Corporation.  All rights reserved.
  15:.\Generated_Source\PSoC5/VDAC8_ANAPOS.c **** * You may use this file only in accordance with the license, terms, conditions, 
  16:.\Generated_Source\PSoC5/VDAC8_ANAPOS.c **** * disclaimers, and limitations in the end user license agreement accompanying 
  17:.\Generated_Source\PSoC5/VDAC8_ANAPOS.c **** * the software package with which this file was provided.
  18:.\Generated_Source\PSoC5/VDAC8_ANAPOS.c **** *******************************************************************************/
  19:.\Generated_Source\PSoC5/VDAC8_ANAPOS.c **** 
  20:.\Generated_Source\PSoC5/VDAC8_ANAPOS.c **** #include "cytypes.h"
  21:.\Generated_Source\PSoC5/VDAC8_ANAPOS.c **** #include "VDAC8_ANAPOS.h"
  22:.\Generated_Source\PSoC5/VDAC8_ANAPOS.c **** 
  23:.\Generated_Source\PSoC5/VDAC8_ANAPOS.c **** #if (CY_PSOC5A)
  24:.\Generated_Source\PSoC5/VDAC8_ANAPOS.c **** #include <CyLib.h>
  25:.\Generated_Source\PSoC5/VDAC8_ANAPOS.c **** #endif /* CY_PSOC5A */
  26:.\Generated_Source\PSoC5/VDAC8_ANAPOS.c **** 
  27:.\Generated_Source\PSoC5/VDAC8_ANAPOS.c **** uint8 VDAC8_ANAPOS_initVar = 0u;
  28:.\Generated_Source\PSoC5/VDAC8_ANAPOS.c **** 
  29:.\Generated_Source\PSoC5/VDAC8_ANAPOS.c **** #if (CY_PSOC5A)
  30:.\Generated_Source\PSoC5/VDAC8_ANAPOS.c ****     static uint8 VDAC8_ANAPOS_restoreVal = 0u;
  31:.\Generated_Source\PSoC5/VDAC8_ANAPOS.c **** #endif /* CY_PSOC5A */
ARM GAS  C:\Users\Graziano\AppData\Local\Temp\ccut805H.s 			page 2


  32:.\Generated_Source\PSoC5/VDAC8_ANAPOS.c **** 
  33:.\Generated_Source\PSoC5/VDAC8_ANAPOS.c **** #if (CY_PSOC5A)
  34:.\Generated_Source\PSoC5/VDAC8_ANAPOS.c ****     static VDAC8_ANAPOS_backupStruct VDAC8_ANAPOS_backup;
  35:.\Generated_Source\PSoC5/VDAC8_ANAPOS.c **** #endif /* CY_PSOC5A */
  36:.\Generated_Source\PSoC5/VDAC8_ANAPOS.c **** 
  37:.\Generated_Source\PSoC5/VDAC8_ANAPOS.c **** 
  38:.\Generated_Source\PSoC5/VDAC8_ANAPOS.c **** /*******************************************************************************
  39:.\Generated_Source\PSoC5/VDAC8_ANAPOS.c **** * Function Name: VDAC8_ANAPOS_Init
  40:.\Generated_Source\PSoC5/VDAC8_ANAPOS.c **** ********************************************************************************
  41:.\Generated_Source\PSoC5/VDAC8_ANAPOS.c **** * Summary:
  42:.\Generated_Source\PSoC5/VDAC8_ANAPOS.c **** *  Initialize to the schematic state.
  43:.\Generated_Source\PSoC5/VDAC8_ANAPOS.c **** * 
  44:.\Generated_Source\PSoC5/VDAC8_ANAPOS.c **** * Parameters:
  45:.\Generated_Source\PSoC5/VDAC8_ANAPOS.c **** *  void:
  46:.\Generated_Source\PSoC5/VDAC8_ANAPOS.c **** *
  47:.\Generated_Source\PSoC5/VDAC8_ANAPOS.c **** * Return:
  48:.\Generated_Source\PSoC5/VDAC8_ANAPOS.c **** *  void
  49:.\Generated_Source\PSoC5/VDAC8_ANAPOS.c **** *
  50:.\Generated_Source\PSoC5/VDAC8_ANAPOS.c **** * Theory:
  51:.\Generated_Source\PSoC5/VDAC8_ANAPOS.c **** *
  52:.\Generated_Source\PSoC5/VDAC8_ANAPOS.c **** * Side Effects:
  53:.\Generated_Source\PSoC5/VDAC8_ANAPOS.c **** *
  54:.\Generated_Source\PSoC5/VDAC8_ANAPOS.c **** *******************************************************************************/
  55:.\Generated_Source\PSoC5/VDAC8_ANAPOS.c **** void VDAC8_ANAPOS_Init(void) 
  56:.\Generated_Source\PSoC5/VDAC8_ANAPOS.c **** {
  57:.\Generated_Source\PSoC5/VDAC8_ANAPOS.c ****     VDAC8_ANAPOS_CR0 = (VDAC8_ANAPOS_MODE_V );
  58:.\Generated_Source\PSoC5/VDAC8_ANAPOS.c **** 
  59:.\Generated_Source\PSoC5/VDAC8_ANAPOS.c ****     /* Set default data source */
  60:.\Generated_Source\PSoC5/VDAC8_ANAPOS.c ****     #if(VDAC8_ANAPOS_DEFAULT_DATA_SRC != 0 )
  61:.\Generated_Source\PSoC5/VDAC8_ANAPOS.c ****         VDAC8_ANAPOS_CR1 = (VDAC8_ANAPOS_DEFAULT_CNTL | VDAC8_ANAPOS_DACBUS_ENABLE) ;
  62:.\Generated_Source\PSoC5/VDAC8_ANAPOS.c ****     #else
  63:.\Generated_Source\PSoC5/VDAC8_ANAPOS.c ****         VDAC8_ANAPOS_CR1 = (VDAC8_ANAPOS_DEFAULT_CNTL | VDAC8_ANAPOS_DACBUS_DISABLE) ;
  64:.\Generated_Source\PSoC5/VDAC8_ANAPOS.c ****     #endif /* (VDAC8_ANAPOS_DEFAULT_DATA_SRC != 0 ) */
  65:.\Generated_Source\PSoC5/VDAC8_ANAPOS.c **** 
  66:.\Generated_Source\PSoC5/VDAC8_ANAPOS.c ****     /* Set default strobe mode */
  67:.\Generated_Source\PSoC5/VDAC8_ANAPOS.c ****     #if(VDAC8_ANAPOS_DEFAULT_STRB != 0)
  68:.\Generated_Source\PSoC5/VDAC8_ANAPOS.c ****         VDAC8_ANAPOS_Strobe |= VDAC8_ANAPOS_STRB_EN ;
  69:.\Generated_Source\PSoC5/VDAC8_ANAPOS.c ****     #endif/* (VDAC8_ANAPOS_DEFAULT_STRB != 0) */
  70:.\Generated_Source\PSoC5/VDAC8_ANAPOS.c **** 
  71:.\Generated_Source\PSoC5/VDAC8_ANAPOS.c ****     /* Set default range */
  72:.\Generated_Source\PSoC5/VDAC8_ANAPOS.c ****     VDAC8_ANAPOS_SetRange(VDAC8_ANAPOS_DEFAULT_RANGE); 
  73:.\Generated_Source\PSoC5/VDAC8_ANAPOS.c **** 
  74:.\Generated_Source\PSoC5/VDAC8_ANAPOS.c ****     /* Set default speed */
  75:.\Generated_Source\PSoC5/VDAC8_ANAPOS.c ****     VDAC8_ANAPOS_SetSpeed(VDAC8_ANAPOS_DEFAULT_SPEED);
  76:.\Generated_Source\PSoC5/VDAC8_ANAPOS.c **** }
  77:.\Generated_Source\PSoC5/VDAC8_ANAPOS.c **** 
  78:.\Generated_Source\PSoC5/VDAC8_ANAPOS.c **** 
  79:.\Generated_Source\PSoC5/VDAC8_ANAPOS.c **** /*******************************************************************************
  80:.\Generated_Source\PSoC5/VDAC8_ANAPOS.c **** * Function Name: VDAC8_ANAPOS_Enable
  81:.\Generated_Source\PSoC5/VDAC8_ANAPOS.c **** ********************************************************************************
  82:.\Generated_Source\PSoC5/VDAC8_ANAPOS.c **** * Summary:
  83:.\Generated_Source\PSoC5/VDAC8_ANAPOS.c **** *  Enable the VDAC8
  84:.\Generated_Source\PSoC5/VDAC8_ANAPOS.c **** * 
  85:.\Generated_Source\PSoC5/VDAC8_ANAPOS.c **** * Parameters:
  86:.\Generated_Source\PSoC5/VDAC8_ANAPOS.c **** *  void
  87:.\Generated_Source\PSoC5/VDAC8_ANAPOS.c **** *
  88:.\Generated_Source\PSoC5/VDAC8_ANAPOS.c **** * Return:
ARM GAS  C:\Users\Graziano\AppData\Local\Temp\ccut805H.s 			page 3


  89:.\Generated_Source\PSoC5/VDAC8_ANAPOS.c **** *  void
  90:.\Generated_Source\PSoC5/VDAC8_ANAPOS.c **** *
  91:.\Generated_Source\PSoC5/VDAC8_ANAPOS.c **** * Theory:
  92:.\Generated_Source\PSoC5/VDAC8_ANAPOS.c **** *
  93:.\Generated_Source\PSoC5/VDAC8_ANAPOS.c **** * Side Effects:
  94:.\Generated_Source\PSoC5/VDAC8_ANAPOS.c **** *
  95:.\Generated_Source\PSoC5/VDAC8_ANAPOS.c **** *******************************************************************************/
  96:.\Generated_Source\PSoC5/VDAC8_ANAPOS.c **** void VDAC8_ANAPOS_Enable(void) 
  97:.\Generated_Source\PSoC5/VDAC8_ANAPOS.c **** {
  27              		.loc 1 97 0
  28              		.cfi_startproc
  29              		@ args = 0, pretend = 0, frame = 0
  30              		@ frame_needed = 0, uses_anonymous_args = 0
  31              		@ link register save eliminated.
  98:.\Generated_Source\PSoC5/VDAC8_ANAPOS.c ****     VDAC8_ANAPOS_PWRMGR |= VDAC8_ANAPOS_ACT_PWR_EN;
  32              		.loc 1 98 0
  33 0000 044B     		ldr	r3, .L2
  34 0002 1A78     		ldrb	r2, [r3, #0]	@ zero_extendqisi2
  35 0004 42F00200 		orr	r0, r2, #2
  36 0008 1870     		strb	r0, [r3, #0]
  99:.\Generated_Source\PSoC5/VDAC8_ANAPOS.c ****     VDAC8_ANAPOS_STBY_PWRMGR |= VDAC8_ANAPOS_STBY_PWR_EN;
  37              		.loc 1 99 0
  38 000a 197C     		ldrb	r1, [r3, #16]	@ zero_extendqisi2
  39 000c 41F00202 		orr	r2, r1, #2
  40 0010 1A74     		strb	r2, [r3, #16]
  41 0012 7047     		bx	lr
  42              	.L3:
  43              		.align	2
  44              	.L2:
  45 0014 A8430040 		.word	1073759144
  46              		.cfi_endproc
  47              	.LFE1:
  48              		.size	VDAC8_ANAPOS_Enable, .-VDAC8_ANAPOS_Enable
  49              		.section	.text.VDAC8_ANAPOS_Stop,"ax",%progbits
  50              		.align	1
  51              		.global	VDAC8_ANAPOS_Stop
  52              		.thumb
  53              		.thumb_func
  54              		.type	VDAC8_ANAPOS_Stop, %function
  55              	VDAC8_ANAPOS_Stop:
  56              	.LFB3:
 100:.\Generated_Source\PSoC5/VDAC8_ANAPOS.c **** 
 101:.\Generated_Source\PSoC5/VDAC8_ANAPOS.c ****     /*This is to restore the value of register CR0 ,
 102:.\Generated_Source\PSoC5/VDAC8_ANAPOS.c ****     which is modified  in Stop API , this prevents misbehaviour of VDAC */
 103:.\Generated_Source\PSoC5/VDAC8_ANAPOS.c ****     #if (CY_PSOC5A)
 104:.\Generated_Source\PSoC5/VDAC8_ANAPOS.c ****         if(VDAC8_ANAPOS_restoreVal == 1u) 
 105:.\Generated_Source\PSoC5/VDAC8_ANAPOS.c ****         {
 106:.\Generated_Source\PSoC5/VDAC8_ANAPOS.c ****              VDAC8_ANAPOS_CR0 = VDAC8_ANAPOS_backup.data_value;
 107:.\Generated_Source\PSoC5/VDAC8_ANAPOS.c ****              VDAC8_ANAPOS_restoreVal = 0u;
 108:.\Generated_Source\PSoC5/VDAC8_ANAPOS.c ****         }
 109:.\Generated_Source\PSoC5/VDAC8_ANAPOS.c ****     #endif /* CY_PSOC5A */
 110:.\Generated_Source\PSoC5/VDAC8_ANAPOS.c **** }
 111:.\Generated_Source\PSoC5/VDAC8_ANAPOS.c **** 
 112:.\Generated_Source\PSoC5/VDAC8_ANAPOS.c **** 
 113:.\Generated_Source\PSoC5/VDAC8_ANAPOS.c **** /*******************************************************************************
 114:.\Generated_Source\PSoC5/VDAC8_ANAPOS.c **** * Function Name: VDAC8_ANAPOS_Start
 115:.\Generated_Source\PSoC5/VDAC8_ANAPOS.c **** ********************************************************************************
ARM GAS  C:\Users\Graziano\AppData\Local\Temp\ccut805H.s 			page 4


 116:.\Generated_Source\PSoC5/VDAC8_ANAPOS.c **** *
 117:.\Generated_Source\PSoC5/VDAC8_ANAPOS.c **** * Summary:
 118:.\Generated_Source\PSoC5/VDAC8_ANAPOS.c **** *  The start function initializes the voltage DAC with the default values, 
 119:.\Generated_Source\PSoC5/VDAC8_ANAPOS.c **** *  and sets the power to the given level.  A power level of 0, is the same as
 120:.\Generated_Source\PSoC5/VDAC8_ANAPOS.c **** *  executing the stop function.
 121:.\Generated_Source\PSoC5/VDAC8_ANAPOS.c **** *
 122:.\Generated_Source\PSoC5/VDAC8_ANAPOS.c **** * Parameters:
 123:.\Generated_Source\PSoC5/VDAC8_ANAPOS.c **** *  Power: Sets power level between off (0) and (3) high power
 124:.\Generated_Source\PSoC5/VDAC8_ANAPOS.c **** *
 125:.\Generated_Source\PSoC5/VDAC8_ANAPOS.c **** * Return:
 126:.\Generated_Source\PSoC5/VDAC8_ANAPOS.c **** *  void 
 127:.\Generated_Source\PSoC5/VDAC8_ANAPOS.c **** *
 128:.\Generated_Source\PSoC5/VDAC8_ANAPOS.c **** * Global variables:
 129:.\Generated_Source\PSoC5/VDAC8_ANAPOS.c **** *  VDAC8_ANAPOS_initVar: Is modified when this function is called for the 
 130:.\Generated_Source\PSoC5/VDAC8_ANAPOS.c **** *  first time. Is used to ensure that initialization happens only once.
 131:.\Generated_Source\PSoC5/VDAC8_ANAPOS.c **** *
 132:.\Generated_Source\PSoC5/VDAC8_ANAPOS.c **** *******************************************************************************/
 133:.\Generated_Source\PSoC5/VDAC8_ANAPOS.c **** void VDAC8_ANAPOS_Start(void)  
 134:.\Generated_Source\PSoC5/VDAC8_ANAPOS.c **** {
 135:.\Generated_Source\PSoC5/VDAC8_ANAPOS.c ****     /* Hardware initiazation only needs to occure the first time */
 136:.\Generated_Source\PSoC5/VDAC8_ANAPOS.c ****     if(VDAC8_ANAPOS_initVar == 0u)
 137:.\Generated_Source\PSoC5/VDAC8_ANAPOS.c ****     { 
 138:.\Generated_Source\PSoC5/VDAC8_ANAPOS.c ****         VDAC8_ANAPOS_Init();
 139:.\Generated_Source\PSoC5/VDAC8_ANAPOS.c ****         VDAC8_ANAPOS_initVar = 1u;
 140:.\Generated_Source\PSoC5/VDAC8_ANAPOS.c ****     }
 141:.\Generated_Source\PSoC5/VDAC8_ANAPOS.c **** 
 142:.\Generated_Source\PSoC5/VDAC8_ANAPOS.c ****     /* Enable power to DAC */
 143:.\Generated_Source\PSoC5/VDAC8_ANAPOS.c ****     VDAC8_ANAPOS_Enable();
 144:.\Generated_Source\PSoC5/VDAC8_ANAPOS.c **** 
 145:.\Generated_Source\PSoC5/VDAC8_ANAPOS.c ****     /* Set default value */
 146:.\Generated_Source\PSoC5/VDAC8_ANAPOS.c ****     VDAC8_ANAPOS_SetValue(VDAC8_ANAPOS_DEFAULT_DATA); 
 147:.\Generated_Source\PSoC5/VDAC8_ANAPOS.c **** }
 148:.\Generated_Source\PSoC5/VDAC8_ANAPOS.c **** 
 149:.\Generated_Source\PSoC5/VDAC8_ANAPOS.c **** 
 150:.\Generated_Source\PSoC5/VDAC8_ANAPOS.c **** /*******************************************************************************
 151:.\Generated_Source\PSoC5/VDAC8_ANAPOS.c **** * Function Name: VDAC8_ANAPOS_Stop
 152:.\Generated_Source\PSoC5/VDAC8_ANAPOS.c **** ********************************************************************************
 153:.\Generated_Source\PSoC5/VDAC8_ANAPOS.c **** *
 154:.\Generated_Source\PSoC5/VDAC8_ANAPOS.c **** * Summary:
 155:.\Generated_Source\PSoC5/VDAC8_ANAPOS.c **** *  Powers down DAC to lowest power state.
 156:.\Generated_Source\PSoC5/VDAC8_ANAPOS.c **** *
 157:.\Generated_Source\PSoC5/VDAC8_ANAPOS.c **** * Parameters:
 158:.\Generated_Source\PSoC5/VDAC8_ANAPOS.c **** *  void
 159:.\Generated_Source\PSoC5/VDAC8_ANAPOS.c **** *
 160:.\Generated_Source\PSoC5/VDAC8_ANAPOS.c **** * Return:
 161:.\Generated_Source\PSoC5/VDAC8_ANAPOS.c **** *  void
 162:.\Generated_Source\PSoC5/VDAC8_ANAPOS.c **** *
 163:.\Generated_Source\PSoC5/VDAC8_ANAPOS.c **** * Theory:
 164:.\Generated_Source\PSoC5/VDAC8_ANAPOS.c **** *
 165:.\Generated_Source\PSoC5/VDAC8_ANAPOS.c **** * Side Effects:
 166:.\Generated_Source\PSoC5/VDAC8_ANAPOS.c **** *
 167:.\Generated_Source\PSoC5/VDAC8_ANAPOS.c **** *******************************************************************************/
 168:.\Generated_Source\PSoC5/VDAC8_ANAPOS.c **** void VDAC8_ANAPOS_Stop(void) 
 169:.\Generated_Source\PSoC5/VDAC8_ANAPOS.c **** {
  57              		.loc 1 169 0
  58              		.cfi_startproc
  59              		@ args = 0, pretend = 0, frame = 0
ARM GAS  C:\Users\Graziano\AppData\Local\Temp\ccut805H.s 			page 5


  60              		@ frame_needed = 0, uses_anonymous_args = 0
  61              		@ link register save eliminated.
 170:.\Generated_Source\PSoC5/VDAC8_ANAPOS.c ****     /* Disble power to DAC */
 171:.\Generated_Source\PSoC5/VDAC8_ANAPOS.c ****     VDAC8_ANAPOS_PWRMGR &= (uint8)(~VDAC8_ANAPOS_ACT_PWR_EN);
  62              		.loc 1 171 0
  63 0000 044B     		ldr	r3, .L5
  64 0002 1A78     		ldrb	r2, [r3, #0]	@ zero_extendqisi2
  65 0004 02F0FD00 		and	r0, r2, #253
  66 0008 1870     		strb	r0, [r3, #0]
 172:.\Generated_Source\PSoC5/VDAC8_ANAPOS.c ****     VDAC8_ANAPOS_STBY_PWRMGR &= (uint8)(~VDAC8_ANAPOS_STBY_PWR_EN);
  67              		.loc 1 172 0
  68 000a 197C     		ldrb	r1, [r3, #16]	@ zero_extendqisi2
  69 000c 01F0FD02 		and	r2, r1, #253
  70 0010 1A74     		strb	r2, [r3, #16]
  71 0012 7047     		bx	lr
  72              	.L6:
  73              		.align	2
  74              	.L5:
  75 0014 A8430040 		.word	1073759144
  76              		.cfi_endproc
  77              	.LFE3:
  78              		.size	VDAC8_ANAPOS_Stop, .-VDAC8_ANAPOS_Stop
  79              		.section	.text.VDAC8_ANAPOS_SetSpeed,"ax",%progbits
  80              		.align	1
  81              		.global	VDAC8_ANAPOS_SetSpeed
  82              		.thumb
  83              		.thumb_func
  84              		.type	VDAC8_ANAPOS_SetSpeed, %function
  85              	VDAC8_ANAPOS_SetSpeed:
  86              	.LFB4:
 173:.\Generated_Source\PSoC5/VDAC8_ANAPOS.c **** 
 174:.\Generated_Source\PSoC5/VDAC8_ANAPOS.c ****     /* This is a work around for PSoC5A  ,
 175:.\Generated_Source\PSoC5/VDAC8_ANAPOS.c ****     this sets VDAC to current mode with output off */
 176:.\Generated_Source\PSoC5/VDAC8_ANAPOS.c ****     #if (CY_PSOC5A)
 177:.\Generated_Source\PSoC5/VDAC8_ANAPOS.c ****         VDAC8_ANAPOS_backup.data_value = VDAC8_ANAPOS_CR0;
 178:.\Generated_Source\PSoC5/VDAC8_ANAPOS.c ****         VDAC8_ANAPOS_CR0 = VDAC8_ANAPOS_CUR_MODE_OUT_OFF;
 179:.\Generated_Source\PSoC5/VDAC8_ANAPOS.c ****         VDAC8_ANAPOS_restoreVal = 1u;
 180:.\Generated_Source\PSoC5/VDAC8_ANAPOS.c ****     #endif /* CY_PSOC5A */
 181:.\Generated_Source\PSoC5/VDAC8_ANAPOS.c **** }
 182:.\Generated_Source\PSoC5/VDAC8_ANAPOS.c **** 
 183:.\Generated_Source\PSoC5/VDAC8_ANAPOS.c **** 
 184:.\Generated_Source\PSoC5/VDAC8_ANAPOS.c **** /*******************************************************************************
 185:.\Generated_Source\PSoC5/VDAC8_ANAPOS.c **** * Function Name: VDAC8_ANAPOS_SetSpeed
 186:.\Generated_Source\PSoC5/VDAC8_ANAPOS.c **** ********************************************************************************
 187:.\Generated_Source\PSoC5/VDAC8_ANAPOS.c **** *
 188:.\Generated_Source\PSoC5/VDAC8_ANAPOS.c **** * Summary:
 189:.\Generated_Source\PSoC5/VDAC8_ANAPOS.c **** *  Set DAC speed
 190:.\Generated_Source\PSoC5/VDAC8_ANAPOS.c **** *
 191:.\Generated_Source\PSoC5/VDAC8_ANAPOS.c **** * Parameters:
 192:.\Generated_Source\PSoC5/VDAC8_ANAPOS.c **** *  power: Sets speed value
 193:.\Generated_Source\PSoC5/VDAC8_ANAPOS.c **** *
 194:.\Generated_Source\PSoC5/VDAC8_ANAPOS.c **** * Return:
 195:.\Generated_Source\PSoC5/VDAC8_ANAPOS.c **** *  void
 196:.\Generated_Source\PSoC5/VDAC8_ANAPOS.c **** *
 197:.\Generated_Source\PSoC5/VDAC8_ANAPOS.c **** * Theory:
 198:.\Generated_Source\PSoC5/VDAC8_ANAPOS.c **** *
 199:.\Generated_Source\PSoC5/VDAC8_ANAPOS.c **** * Side Effects:
ARM GAS  C:\Users\Graziano\AppData\Local\Temp\ccut805H.s 			page 6


 200:.\Generated_Source\PSoC5/VDAC8_ANAPOS.c **** *
 201:.\Generated_Source\PSoC5/VDAC8_ANAPOS.c **** *******************************************************************************/
 202:.\Generated_Source\PSoC5/VDAC8_ANAPOS.c **** void VDAC8_ANAPOS_SetSpeed(uint8 speed) 
 203:.\Generated_Source\PSoC5/VDAC8_ANAPOS.c **** {
  87              		.loc 1 203 0
  88              		.cfi_startproc
  89              		@ args = 0, pretend = 0, frame = 0
  90              		@ frame_needed = 0, uses_anonymous_args = 0
  91              		@ link register save eliminated.
  92              	.LVL0:
 204:.\Generated_Source\PSoC5/VDAC8_ANAPOS.c ****     /* Clear power mask then write in new value */
 205:.\Generated_Source\PSoC5/VDAC8_ANAPOS.c ****     VDAC8_ANAPOS_CR0 &= (uint8)(~VDAC8_ANAPOS_HS_MASK);
  93              		.loc 1 205 0
  94 0000 054B     		ldr	r3, .L8
 206:.\Generated_Source\PSoC5/VDAC8_ANAPOS.c ****     VDAC8_ANAPOS_CR0 |=  (speed & VDAC8_ANAPOS_HS_MASK);
  95              		.loc 1 206 0
  96 0002 00F00200 		and	r0, r0, #2
  97              	.LVL1:
 205:.\Generated_Source\PSoC5/VDAC8_ANAPOS.c ****     VDAC8_ANAPOS_CR0 &= (uint8)(~VDAC8_ANAPOS_HS_MASK);
  98              		.loc 1 205 0
  99 0006 1A78     		ldrb	r2, [r3, #0]	@ zero_extendqisi2
 100 0008 02F0FD01 		and	r1, r2, #253
 101 000c 1970     		strb	r1, [r3, #0]
 102              		.loc 1 206 0
 103 000e 1A78     		ldrb	r2, [r3, #0]	@ zero_extendqisi2
 104 0010 0243     		orrs	r2, r2, r0
 105 0012 1A70     		strb	r2, [r3, #0]
 106 0014 7047     		bx	lr
 107              	.L9:
 108 0016 00BF     		.align	2
 109              	.L8:
 110 0018 24580040 		.word	1073764388
 111              		.cfi_endproc
 112              	.LFE4:
 113              		.size	VDAC8_ANAPOS_SetSpeed, .-VDAC8_ANAPOS_SetSpeed
 114              		.section	.text.VDAC8_ANAPOS_SetValue,"ax",%progbits
 115              		.align	1
 116              		.global	VDAC8_ANAPOS_SetValue
 117              		.thumb
 118              		.thumb_func
 119              		.type	VDAC8_ANAPOS_SetValue, %function
 120              	VDAC8_ANAPOS_SetValue:
 121              	.LFB6:
 207:.\Generated_Source\PSoC5/VDAC8_ANAPOS.c **** }
 208:.\Generated_Source\PSoC5/VDAC8_ANAPOS.c **** 
 209:.\Generated_Source\PSoC5/VDAC8_ANAPOS.c **** 
 210:.\Generated_Source\PSoC5/VDAC8_ANAPOS.c **** /*******************************************************************************
 211:.\Generated_Source\PSoC5/VDAC8_ANAPOS.c **** * Function Name: VDAC8_ANAPOS_SetRange
 212:.\Generated_Source\PSoC5/VDAC8_ANAPOS.c **** ********************************************************************************
 213:.\Generated_Source\PSoC5/VDAC8_ANAPOS.c **** *
 214:.\Generated_Source\PSoC5/VDAC8_ANAPOS.c **** * Summary:
 215:.\Generated_Source\PSoC5/VDAC8_ANAPOS.c **** *  Set one of three current ranges.
 216:.\Generated_Source\PSoC5/VDAC8_ANAPOS.c **** *
 217:.\Generated_Source\PSoC5/VDAC8_ANAPOS.c **** * Parameters:
 218:.\Generated_Source\PSoC5/VDAC8_ANAPOS.c **** *  Range: Sets one of Three valid ranges.
 219:.\Generated_Source\PSoC5/VDAC8_ANAPOS.c **** *
 220:.\Generated_Source\PSoC5/VDAC8_ANAPOS.c **** * Return:
ARM GAS  C:\Users\Graziano\AppData\Local\Temp\ccut805H.s 			page 7


 221:.\Generated_Source\PSoC5/VDAC8_ANAPOS.c **** *  void 
 222:.\Generated_Source\PSoC5/VDAC8_ANAPOS.c **** *
 223:.\Generated_Source\PSoC5/VDAC8_ANAPOS.c **** * Theory:
 224:.\Generated_Source\PSoC5/VDAC8_ANAPOS.c **** *
 225:.\Generated_Source\PSoC5/VDAC8_ANAPOS.c **** * Side Effects:
 226:.\Generated_Source\PSoC5/VDAC8_ANAPOS.c **** *
 227:.\Generated_Source\PSoC5/VDAC8_ANAPOS.c **** *******************************************************************************/
 228:.\Generated_Source\PSoC5/VDAC8_ANAPOS.c **** void VDAC8_ANAPOS_SetRange(uint8 range) 
 229:.\Generated_Source\PSoC5/VDAC8_ANAPOS.c **** {
 230:.\Generated_Source\PSoC5/VDAC8_ANAPOS.c ****     VDAC8_ANAPOS_CR0 &= (uint8)(~VDAC8_ANAPOS_RANGE_MASK);      /* Clear existing mode */
 231:.\Generated_Source\PSoC5/VDAC8_ANAPOS.c ****     VDAC8_ANAPOS_CR0 |= (range & VDAC8_ANAPOS_RANGE_MASK);      /*  Set Range  */
 232:.\Generated_Source\PSoC5/VDAC8_ANAPOS.c ****     VDAC8_ANAPOS_DacTrim();
 233:.\Generated_Source\PSoC5/VDAC8_ANAPOS.c **** }
 234:.\Generated_Source\PSoC5/VDAC8_ANAPOS.c **** 
 235:.\Generated_Source\PSoC5/VDAC8_ANAPOS.c **** 
 236:.\Generated_Source\PSoC5/VDAC8_ANAPOS.c **** /*******************************************************************************
 237:.\Generated_Source\PSoC5/VDAC8_ANAPOS.c **** * Function Name: VDAC8_ANAPOS_SetValue
 238:.\Generated_Source\PSoC5/VDAC8_ANAPOS.c **** ********************************************************************************
 239:.\Generated_Source\PSoC5/VDAC8_ANAPOS.c **** *
 240:.\Generated_Source\PSoC5/VDAC8_ANAPOS.c **** * Summary:
 241:.\Generated_Source\PSoC5/VDAC8_ANAPOS.c **** *  Set 8-bit DAC value
 242:.\Generated_Source\PSoC5/VDAC8_ANAPOS.c **** *
 243:.\Generated_Source\PSoC5/VDAC8_ANAPOS.c **** * Parameters:  
 244:.\Generated_Source\PSoC5/VDAC8_ANAPOS.c **** *  value:  Sets DAC value between 0 and 255.
 245:.\Generated_Source\PSoC5/VDAC8_ANAPOS.c **** *
 246:.\Generated_Source\PSoC5/VDAC8_ANAPOS.c **** * Return: 
 247:.\Generated_Source\PSoC5/VDAC8_ANAPOS.c **** *  void 
 248:.\Generated_Source\PSoC5/VDAC8_ANAPOS.c **** *
 249:.\Generated_Source\PSoC5/VDAC8_ANAPOS.c **** * Theory: 
 250:.\Generated_Source\PSoC5/VDAC8_ANAPOS.c **** *
 251:.\Generated_Source\PSoC5/VDAC8_ANAPOS.c **** * Side Effects:
 252:.\Generated_Source\PSoC5/VDAC8_ANAPOS.c **** *
 253:.\Generated_Source\PSoC5/VDAC8_ANAPOS.c **** *******************************************************************************/
 254:.\Generated_Source\PSoC5/VDAC8_ANAPOS.c **** void VDAC8_ANAPOS_SetValue(uint8 value) 
 255:.\Generated_Source\PSoC5/VDAC8_ANAPOS.c **** {
 122              		.loc 1 255 0
 123              		.cfi_startproc
 124              		@ args = 0, pretend = 0, frame = 0
 125              		@ frame_needed = 0, uses_anonymous_args = 0
 126              		@ link register save eliminated.
 127              	.LVL2:
 256:.\Generated_Source\PSoC5/VDAC8_ANAPOS.c ****     #if (CY_PSOC5A)
 257:.\Generated_Source\PSoC5/VDAC8_ANAPOS.c ****         uint8 VDAC8_ANAPOS_intrStatus = CyEnterCriticalSection();
 258:.\Generated_Source\PSoC5/VDAC8_ANAPOS.c ****     #endif /* CY_PSOC5A */
 259:.\Generated_Source\PSoC5/VDAC8_ANAPOS.c **** 
 260:.\Generated_Source\PSoC5/VDAC8_ANAPOS.c ****     VDAC8_ANAPOS_Data = value;                /*  Set Value  */
 128              		.loc 1 260 0
 129 0000 014B     		ldr	r3, .L11
 130 0002 1870     		strb	r0, [r3, #0]
 131 0004 7047     		bx	lr
 132              	.L12:
 133 0006 00BF     		.align	2
 134              	.L11:
 135 0008 815B0040 		.word	1073765249
 136              		.cfi_endproc
 137              	.LFE6:
 138              		.size	VDAC8_ANAPOS_SetValue, .-VDAC8_ANAPOS_SetValue
ARM GAS  C:\Users\Graziano\AppData\Local\Temp\ccut805H.s 			page 8


 139              		.section	.text.VDAC8_ANAPOS_DacTrim,"ax",%progbits
 140              		.align	1
 141              		.global	VDAC8_ANAPOS_DacTrim
 142              		.thumb
 143              		.thumb_func
 144              		.type	VDAC8_ANAPOS_DacTrim, %function
 145              	VDAC8_ANAPOS_DacTrim:
 146              	.LFB7:
 261:.\Generated_Source\PSoC5/VDAC8_ANAPOS.c **** 
 262:.\Generated_Source\PSoC5/VDAC8_ANAPOS.c ****     /* PSOC5A requires a double write */
 263:.\Generated_Source\PSoC5/VDAC8_ANAPOS.c ****     /* Exit Critical Section */
 264:.\Generated_Source\PSoC5/VDAC8_ANAPOS.c ****     #if (CY_PSOC5A)
 265:.\Generated_Source\PSoC5/VDAC8_ANAPOS.c ****         VDAC8_ANAPOS_Data = value;
 266:.\Generated_Source\PSoC5/VDAC8_ANAPOS.c ****         CyExitCriticalSection(VDAC8_ANAPOS_intrStatus);
 267:.\Generated_Source\PSoC5/VDAC8_ANAPOS.c ****     #endif /* CY_PSOC5A */
 268:.\Generated_Source\PSoC5/VDAC8_ANAPOS.c **** }
 269:.\Generated_Source\PSoC5/VDAC8_ANAPOS.c **** 
 270:.\Generated_Source\PSoC5/VDAC8_ANAPOS.c **** 
 271:.\Generated_Source\PSoC5/VDAC8_ANAPOS.c **** /*******************************************************************************
 272:.\Generated_Source\PSoC5/VDAC8_ANAPOS.c **** * Function Name: VDAC8_ANAPOS_DacTrim
 273:.\Generated_Source\PSoC5/VDAC8_ANAPOS.c **** ********************************************************************************
 274:.\Generated_Source\PSoC5/VDAC8_ANAPOS.c **** *
 275:.\Generated_Source\PSoC5/VDAC8_ANAPOS.c **** * Summary:
 276:.\Generated_Source\PSoC5/VDAC8_ANAPOS.c **** *  Set the trim value for the given range.
 277:.\Generated_Source\PSoC5/VDAC8_ANAPOS.c **** *
 278:.\Generated_Source\PSoC5/VDAC8_ANAPOS.c **** * Parameters:
 279:.\Generated_Source\PSoC5/VDAC8_ANAPOS.c **** *  range:  1V or 4V range.  See constants.
 280:.\Generated_Source\PSoC5/VDAC8_ANAPOS.c **** *
 281:.\Generated_Source\PSoC5/VDAC8_ANAPOS.c **** * Return:
 282:.\Generated_Source\PSoC5/VDAC8_ANAPOS.c **** *  void
 283:.\Generated_Source\PSoC5/VDAC8_ANAPOS.c **** *
 284:.\Generated_Source\PSoC5/VDAC8_ANAPOS.c **** * Theory: 
 285:.\Generated_Source\PSoC5/VDAC8_ANAPOS.c **** *
 286:.\Generated_Source\PSoC5/VDAC8_ANAPOS.c **** * Side Effects:
 287:.\Generated_Source\PSoC5/VDAC8_ANAPOS.c **** *
 288:.\Generated_Source\PSoC5/VDAC8_ANAPOS.c **** *******************************************************************************/
 289:.\Generated_Source\PSoC5/VDAC8_ANAPOS.c **** void VDAC8_ANAPOS_DacTrim(void) 
 290:.\Generated_Source\PSoC5/VDAC8_ANAPOS.c **** {
 147              		.loc 1 290 0
 148              		.cfi_startproc
 149              		@ args = 0, pretend = 0, frame = 0
 150              		@ frame_needed = 0, uses_anonymous_args = 0
 151              		@ link register save eliminated.
 291:.\Generated_Source\PSoC5/VDAC8_ANAPOS.c ****     uint8 mode;
 292:.\Generated_Source\PSoC5/VDAC8_ANAPOS.c **** 
 293:.\Generated_Source\PSoC5/VDAC8_ANAPOS.c ****     mode = (uint8)((VDAC8_ANAPOS_CR0 & VDAC8_ANAPOS_RANGE_MASK) >> 2) + VDAC8_ANAPOS_TRIM_M7_1V_RNG
 152              		.loc 1 293 0
 153 0000 054B     		ldr	r3, .L14
 154 0002 1878     		ldrb	r0, [r3, #0]	@ zero_extendqisi2
 155              	.LVL3:
 156 0004 C0F38101 		ubfx	r1, r0, #2, #2
 294:.\Generated_Source\PSoC5/VDAC8_ANAPOS.c ****     VDAC8_ANAPOS_TR = CY_GET_XTND_REG8((uint8 *)(VDAC8_ANAPOS_DAC_TRIM_BASE + mode));
 157              		.loc 1 294 0
 158 0008 8A1D     		adds	r2, r1, #6
 159 000a 02F19243 		add	r3, r2, #1224736768
 160 000e 93F83001 		ldrb	r0, [r3, #304]	@ zero_extendqisi2
 161              	.LVL4:
ARM GAS  C:\Users\Graziano\AppData\Local\Temp\ccut805H.s 			page 9


 162 0012 0249     		ldr	r1, .L14+4
 163 0014 0870     		strb	r0, [r1, #0]
 164 0016 7047     		bx	lr
 165              	.L15:
 166              		.align	2
 167              	.L14:
 168 0018 24580040 		.word	1073764388
 169 001c 09460040 		.word	1073759753
 170              		.cfi_endproc
 171              	.LFE7:
 172              		.size	VDAC8_ANAPOS_DacTrim, .-VDAC8_ANAPOS_DacTrim
 173              		.section	.text.VDAC8_ANAPOS_SetRange,"ax",%progbits
 174              		.align	1
 175              		.global	VDAC8_ANAPOS_SetRange
 176              		.thumb
 177              		.thumb_func
 178              		.type	VDAC8_ANAPOS_SetRange, %function
 179              	VDAC8_ANAPOS_SetRange:
 180              	.LFB5:
 229:.\Generated_Source\PSoC5/VDAC8_ANAPOS.c **** {
 181              		.loc 1 229 0
 182              		.cfi_startproc
 183              		@ args = 0, pretend = 0, frame = 0
 184              		@ frame_needed = 0, uses_anonymous_args = 0
 185              		@ link register save eliminated.
 186              	.LVL5:
 230:.\Generated_Source\PSoC5/VDAC8_ANAPOS.c ****     VDAC8_ANAPOS_CR0 &= (uint8)(~VDAC8_ANAPOS_RANGE_MASK);      /* Clear existing mode */
 187              		.loc 1 230 0
 188 0000 054B     		ldr	r3, .L17
 231:.\Generated_Source\PSoC5/VDAC8_ANAPOS.c ****     VDAC8_ANAPOS_CR0 |= (range & VDAC8_ANAPOS_RANGE_MASK);      /*  Set Range  */
 189              		.loc 1 231 0
 190 0002 00F00C00 		and	r0, r0, #12
 191              	.LVL6:
 230:.\Generated_Source\PSoC5/VDAC8_ANAPOS.c ****     VDAC8_ANAPOS_CR0 &= (uint8)(~VDAC8_ANAPOS_RANGE_MASK);      /* Clear existing mode */
 192              		.loc 1 230 0
 193 0006 1A78     		ldrb	r2, [r3, #0]	@ zero_extendqisi2
 194 0008 02F0F301 		and	r1, r2, #243
 195 000c 1970     		strb	r1, [r3, #0]
 231:.\Generated_Source\PSoC5/VDAC8_ANAPOS.c ****     VDAC8_ANAPOS_CR0 |= (range & VDAC8_ANAPOS_RANGE_MASK);      /*  Set Range  */
 196              		.loc 1 231 0
 197 000e 1A78     		ldrb	r2, [r3, #0]	@ zero_extendqisi2
 198 0010 0243     		orrs	r2, r2, r0
 199 0012 1A70     		strb	r2, [r3, #0]
 233:.\Generated_Source\PSoC5/VDAC8_ANAPOS.c **** }
 200              		.loc 1 233 0
 232:.\Generated_Source\PSoC5/VDAC8_ANAPOS.c ****     VDAC8_ANAPOS_DacTrim();
 201              		.loc 1 232 0
 202 0014 FFF7FEBF 		b	VDAC8_ANAPOS_DacTrim
 203              	.LVL7:
 204              	.L18:
 205              		.align	2
 206              	.L17:
 207 0018 24580040 		.word	1073764388
 208              		.cfi_endproc
 209              	.LFE5:
 210              		.size	VDAC8_ANAPOS_SetRange, .-VDAC8_ANAPOS_SetRange
 211              		.section	.text.VDAC8_ANAPOS_Init,"ax",%progbits
ARM GAS  C:\Users\Graziano\AppData\Local\Temp\ccut805H.s 			page 10


 212              		.align	1
 213              		.global	VDAC8_ANAPOS_Init
 214              		.thumb
 215              		.thumb_func
 216              		.type	VDAC8_ANAPOS_Init, %function
 217              	VDAC8_ANAPOS_Init:
 218              	.LFB0:
  56:.\Generated_Source\PSoC5/VDAC8_ANAPOS.c **** {
 219              		.loc 1 56 0
 220              		.cfi_startproc
 221              		@ args = 0, pretend = 0, frame = 0
 222              		@ frame_needed = 0, uses_anonymous_args = 0
  57:.\Generated_Source\PSoC5/VDAC8_ANAPOS.c ****     VDAC8_ANAPOS_CR0 = (VDAC8_ANAPOS_MODE_V );
 223              		.loc 1 57 0
 224 0000 064A     		ldr	r2, .L20
  56:.\Generated_Source\PSoC5/VDAC8_ANAPOS.c **** {
 225              		.loc 1 56 0
 226 0002 08B5     		push	{r3, lr}
 227              	.LCFI0:
 228              		.cfi_def_cfa_offset 8
 229              		.cfi_offset 3, -8
 230              		.cfi_offset 14, -4
  57:.\Generated_Source\PSoC5/VDAC8_ANAPOS.c ****     VDAC8_ANAPOS_CR0 = (VDAC8_ANAPOS_MODE_V );
 231              		.loc 1 57 0
 232 0004 0023     		movs	r3, #0
 233 0006 1370     		strb	r3, [r2, #0]
  72:.\Generated_Source\PSoC5/VDAC8_ANAPOS.c ****     VDAC8_ANAPOS_SetRange(VDAC8_ANAPOS_DEFAULT_RANGE); 
 234              		.loc 1 72 0
 235 0008 0420     		movs	r0, #4
  63:.\Generated_Source\PSoC5/VDAC8_ANAPOS.c ****         VDAC8_ANAPOS_CR1 = (VDAC8_ANAPOS_DEFAULT_CNTL | VDAC8_ANAPOS_DACBUS_DISABLE) ;
 236              		.loc 1 63 0
 237 000a 5370     		strb	r3, [r2, #1]
  72:.\Generated_Source\PSoC5/VDAC8_ANAPOS.c ****     VDAC8_ANAPOS_SetRange(VDAC8_ANAPOS_DEFAULT_RANGE); 
 238              		.loc 1 72 0
 239 000c FFF7FEFF 		bl	VDAC8_ANAPOS_SetRange
 240              	.LVL8:
  75:.\Generated_Source\PSoC5/VDAC8_ANAPOS.c ****     VDAC8_ANAPOS_SetSpeed(VDAC8_ANAPOS_DEFAULT_SPEED);
 241              		.loc 1 75 0
 242 0010 0220     		movs	r0, #2
  76:.\Generated_Source\PSoC5/VDAC8_ANAPOS.c **** }
 243              		.loc 1 76 0
 244 0012 BDE80840 		pop	{r3, lr}
  75:.\Generated_Source\PSoC5/VDAC8_ANAPOS.c ****     VDAC8_ANAPOS_SetSpeed(VDAC8_ANAPOS_DEFAULT_SPEED);
 245              		.loc 1 75 0
 246 0016 FFF7FEBF 		b	VDAC8_ANAPOS_SetSpeed
 247              	.LVL9:
 248              	.L21:
 249 001a 00BF     		.align	2
 250              	.L20:
 251 001c 24580040 		.word	1073764388
 252              		.cfi_endproc
 253              	.LFE0:
 254              		.size	VDAC8_ANAPOS_Init, .-VDAC8_ANAPOS_Init
 255              		.section	.text.VDAC8_ANAPOS_Start,"ax",%progbits
 256              		.align	1
 257              		.global	VDAC8_ANAPOS_Start
 258              		.thumb
ARM GAS  C:\Users\Graziano\AppData\Local\Temp\ccut805H.s 			page 11


 259              		.thumb_func
 260              		.type	VDAC8_ANAPOS_Start, %function
 261              	VDAC8_ANAPOS_Start:
 262              	.LFB2:
 134:.\Generated_Source\PSoC5/VDAC8_ANAPOS.c **** {
 263              		.loc 1 134 0
 264              		.cfi_startproc
 265              		@ args = 0, pretend = 0, frame = 0
 266              		@ frame_needed = 0, uses_anonymous_args = 0
 267 0000 10B5     		push	{r4, lr}
 268              	.LCFI1:
 269              		.cfi_def_cfa_offset 8
 270              		.cfi_offset 4, -8
 271              		.cfi_offset 14, -4
 136:.\Generated_Source\PSoC5/VDAC8_ANAPOS.c ****     if(VDAC8_ANAPOS_initVar == 0u)
 272              		.loc 1 136 0
 273 0002 064C     		ldr	r4, .L25
 274 0004 2378     		ldrb	r3, [r4, #0]	@ zero_extendqisi2
 275 0006 1BB9     		cbnz	r3, .L23
 138:.\Generated_Source\PSoC5/VDAC8_ANAPOS.c ****         VDAC8_ANAPOS_Init();
 276              		.loc 1 138 0
 277 0008 FFF7FEFF 		bl	VDAC8_ANAPOS_Init
 278              	.LVL10:
 139:.\Generated_Source\PSoC5/VDAC8_ANAPOS.c ****         VDAC8_ANAPOS_initVar = 1u;
 279              		.loc 1 139 0
 280 000c 0120     		movs	r0, #1
 281 000e 2070     		strb	r0, [r4, #0]
 282              	.L23:
 143:.\Generated_Source\PSoC5/VDAC8_ANAPOS.c ****     VDAC8_ANAPOS_Enable();
 283              		.loc 1 143 0
 284 0010 FFF7FEFF 		bl	VDAC8_ANAPOS_Enable
 285              	.LVL11:
 286              	.LBB4:
 287              	.LBB5:
 260:.\Generated_Source\PSoC5/VDAC8_ANAPOS.c ****     VDAC8_ANAPOS_Data = value;                /*  Set Value  */
 288              		.loc 1 260 0
 289 0014 0249     		ldr	r1, .L25+4
 290 0016 8022     		movs	r2, #128
 291 0018 0A70     		strb	r2, [r1, #0]
 292 001a 10BD     		pop	{r4, pc}
 293              	.L26:
 294              		.align	2
 295              	.L25:
 296 001c 00000000 		.word	.LANCHOR0
 297 0020 815B0040 		.word	1073765249
 298              	.LBE5:
 299              	.LBE4:
 300              		.cfi_endproc
 301              	.LFE2:
 302              		.size	VDAC8_ANAPOS_Start, .-VDAC8_ANAPOS_Start
 303              		.global	VDAC8_ANAPOS_initVar
 304              		.bss
 305              		.set	.LANCHOR0,. + 0
 306              		.type	VDAC8_ANAPOS_initVar, %object
 307              		.size	VDAC8_ANAPOS_initVar, 1
 308              	VDAC8_ANAPOS_initVar:
 309 0000 00       		.space	1
ARM GAS  C:\Users\Graziano\AppData\Local\Temp\ccut805H.s 			page 12


 310              		.text
 311              	.Letext0:
 312              		.file 2 ".\\Generated_Source\\PSoC5\\cytypes.h"
 313              		.section	.debug_info,"",%progbits
 314              	.Ldebug_info0:
 315 0000 1C020000 		.4byte	0x21c
 316 0004 0200     		.2byte	0x2
 317 0006 00000000 		.4byte	.Ldebug_abbrev0
 318 000a 04       		.byte	0x4
 319 000b 01       		.uleb128 0x1
 320 000c DA010000 		.4byte	.LASF23
 321 0010 01       		.byte	0x1
 322 0011 2F000000 		.4byte	.LASF24
 323 0015 BE000000 		.4byte	.LASF25
 324 0019 00000000 		.4byte	.Ldebug_ranges0+0
 325 001d 00000000 		.4byte	0
 326 0021 00000000 		.4byte	0
 327 0025 00000000 		.4byte	.Ldebug_line0
 328 0029 02       		.uleb128 0x2
 329 002a 01       		.byte	0x1
 330 002b 06       		.byte	0x6
 331 002c 2C020000 		.4byte	.LASF0
 332 0030 02       		.uleb128 0x2
 333 0031 01       		.byte	0x1
 334 0032 08       		.byte	0x8
 335 0033 85000000 		.4byte	.LASF1
 336 0037 02       		.uleb128 0x2
 337 0038 02       		.byte	0x2
 338 0039 05       		.byte	0x5
 339 003a B8010000 		.4byte	.LASF2
 340 003e 02       		.uleb128 0x2
 341 003f 02       		.byte	0x2
 342 0040 07       		.byte	0x7
 343 0041 1C000000 		.4byte	.LASF3
 344 0045 02       		.uleb128 0x2
 345 0046 04       		.byte	0x4
 346 0047 05       		.byte	0x5
 347 0048 23020000 		.4byte	.LASF4
 348 004c 02       		.uleb128 0x2
 349 004d 04       		.byte	0x4
 350 004e 07       		.byte	0x7
 351 004f AC000000 		.4byte	.LASF5
 352 0053 02       		.uleb128 0x2
 353 0054 08       		.byte	0x8
 354 0055 05       		.byte	0x5
 355 0056 90010000 		.4byte	.LASF6
 356 005a 02       		.uleb128 0x2
 357 005b 08       		.byte	0x8
 358 005c 07       		.byte	0x7
 359 005d 6E010000 		.4byte	.LASF7
 360 0061 03       		.uleb128 0x3
 361 0062 04       		.byte	0x4
 362 0063 05       		.byte	0x5
 363 0064 696E7400 		.ascii	"int\000"
 364 0068 02       		.uleb128 0x2
 365 0069 04       		.byte	0x4
 366 006a 07       		.byte	0x7
ARM GAS  C:\Users\Graziano\AppData\Local\Temp\ccut805H.s 			page 13


 367 006b 61010000 		.4byte	.LASF8
 368 006f 04       		.uleb128 0x4
 369 0070 D4010000 		.4byte	.LASF12
 370 0074 02       		.byte	0x2
 371 0075 5B       		.byte	0x5b
 372 0076 30000000 		.4byte	0x30
 373 007a 02       		.uleb128 0x2
 374 007b 04       		.byte	0x4
 375 007c 04       		.byte	0x4
 376 007d 7F000000 		.4byte	.LASF9
 377 0081 02       		.uleb128 0x2
 378 0082 08       		.byte	0x8
 379 0083 04       		.byte	0x4
 380 0084 48010000 		.4byte	.LASF10
 381 0088 02       		.uleb128 0x2
 382 0089 01       		.byte	0x1
 383 008a 08       		.byte	0x8
 384 008b 9E010000 		.4byte	.LASF11
 385 008f 04       		.uleb128 0x4
 386 0090 93000000 		.4byte	.LASF13
 387 0094 02       		.byte	0x2
 388 0095 F0       		.byte	0xf0
 389 0096 9A000000 		.4byte	0x9a
 390 009a 05       		.uleb128 0x5
 391 009b 6F000000 		.4byte	0x6f
 392 009f 06       		.uleb128 0x6
 393 00a0 01       		.byte	0x1
 394 00a1 38020000 		.4byte	.LASF26
 395 00a5 01       		.byte	0x1
 396 00a6 FE       		.byte	0xfe
 397 00a7 01       		.byte	0x1
 398 00a8 01       		.byte	0x1
 399 00a9 B9000000 		.4byte	0xb9
 400 00ad 07       		.uleb128 0x7
 401 00ae 00000000 		.4byte	.LASF27
 402 00b2 01       		.byte	0x1
 403 00b3 FE       		.byte	0xfe
 404 00b4 6F000000 		.4byte	0x6f
 405 00b8 00       		.byte	0
 406 00b9 08       		.uleb128 0x8
 407 00ba 01       		.byte	0x1
 408 00bb 98000000 		.4byte	.LASF14
 409 00bf 01       		.byte	0x1
 410 00c0 60       		.byte	0x60
 411 00c1 01       		.byte	0x1
 412 00c2 00000000 		.4byte	.LFB1
 413 00c6 18000000 		.4byte	.LFE1
 414 00ca 02       		.byte	0x2
 415 00cb 7D       		.byte	0x7d
 416 00cc 00       		.sleb128 0
 417 00cd 01       		.byte	0x1
 418 00ce 08       		.uleb128 0x8
 419 00cf 01       		.byte	0x1
 420 00d0 4F010000 		.4byte	.LASF15
 421 00d4 01       		.byte	0x1
 422 00d5 A8       		.byte	0xa8
 423 00d6 01       		.byte	0x1
ARM GAS  C:\Users\Graziano\AppData\Local\Temp\ccut805H.s 			page 14


 424 00d7 00000000 		.4byte	.LFB3
 425 00db 18000000 		.4byte	.LFE3
 426 00df 02       		.byte	0x2
 427 00e0 7D       		.byte	0x7d
 428 00e1 00       		.sleb128 0
 429 00e2 01       		.byte	0x1
 430 00e3 09       		.uleb128 0x9
 431 00e4 01       		.byte	0x1
 432 00e5 2C010000 		.4byte	.LASF16
 433 00e9 01       		.byte	0x1
 434 00ea CA       		.byte	0xca
 435 00eb 01       		.byte	0x1
 436 00ec 00000000 		.4byte	.LFB4
 437 00f0 1C000000 		.4byte	.LFE4
 438 00f4 02       		.byte	0x2
 439 00f5 7D       		.byte	0x7d
 440 00f6 00       		.sleb128 0
 441 00f7 01       		.byte	0x1
 442 00f8 0C010000 		.4byte	0x10c
 443 00fc 0A       		.uleb128 0xa
 444 00fd 8A010000 		.4byte	.LASF19
 445 0101 01       		.byte	0x1
 446 0102 CA       		.byte	0xca
 447 0103 6F000000 		.4byte	0x6f
 448 0107 00000000 		.4byte	.LLST0
 449 010b 00       		.byte	0
 450 010c 0B       		.uleb128 0xb
 451 010d 9F000000 		.4byte	0x9f
 452 0111 00000000 		.4byte	.LFB6
 453 0115 0C000000 		.4byte	.LFE6
 454 0119 02       		.byte	0x2
 455 011a 7D       		.byte	0x7d
 456 011b 00       		.sleb128 0
 457 011c 01       		.byte	0x1
 458 011d 29010000 		.4byte	0x129
 459 0121 0C       		.uleb128 0xc
 460 0122 AD000000 		.4byte	0xad
 461 0126 01       		.byte	0x1
 462 0127 50       		.byte	0x50
 463 0128 00       		.byte	0
 464 0129 0D       		.uleb128 0xd
 465 012a 01       		.byte	0x1
 466 012b 6A000000 		.4byte	.LASF17
 467 012f 01       		.byte	0x1
 468 0130 2101     		.2byte	0x121
 469 0132 01       		.byte	0x1
 470 0133 00000000 		.4byte	.LFB7
 471 0137 20000000 		.4byte	.LFE7
 472 013b 02       		.byte	0x2
 473 013c 7D       		.byte	0x7d
 474 013d 00       		.sleb128 0
 475 013e 01       		.byte	0x1
 476 013f 54010000 		.4byte	0x154
 477 0143 0E       		.uleb128 0xe
 478 0144 85010000 		.4byte	.LASF28
 479 0148 01       		.byte	0x1
 480 0149 2301     		.2byte	0x123
ARM GAS  C:\Users\Graziano\AppData\Local\Temp\ccut805H.s 			page 15


 481 014b 6F000000 		.4byte	0x6f
 482 014f 21000000 		.4byte	.LLST1
 483 0153 00       		.byte	0
 484 0154 09       		.uleb128 0x9
 485 0155 01       		.byte	0x1
 486 0156 06000000 		.4byte	.LASF18
 487 015a 01       		.byte	0x1
 488 015b E4       		.byte	0xe4
 489 015c 01       		.byte	0x1
 490 015d 00000000 		.4byte	.LFB5
 491 0161 1C000000 		.4byte	.LFE5
 492 0165 02       		.byte	0x2
 493 0166 7D       		.byte	0x7d
 494 0167 00       		.sleb128 0
 495 0168 01       		.byte	0x1
 496 0169 87010000 		.4byte	0x187
 497 016d 0A       		.uleb128 0xa
 498 016e 42010000 		.4byte	.LASF20
 499 0172 01       		.byte	0x1
 500 0173 E4       		.byte	0xe4
 501 0174 6F000000 		.4byte	0x6f
 502 0178 3C000000 		.4byte	.LLST2
 503 017c 0F       		.uleb128 0xf
 504 017d 18000000 		.4byte	.LVL7
 505 0181 01       		.byte	0x1
 506 0182 29010000 		.4byte	0x129
 507 0186 00       		.byte	0
 508 0187 10       		.uleb128 0x10
 509 0188 01       		.byte	0x1
 510 0189 C2010000 		.4byte	.LASF21
 511 018d 01       		.byte	0x1
 512 018e 37       		.byte	0x37
 513 018f 01       		.byte	0x1
 514 0190 00000000 		.4byte	.LFB0
 515 0194 20000000 		.4byte	.LFE0
 516 0198 5D000000 		.4byte	.LLST3
 517 019c 01       		.byte	0x1
 518 019d C5010000 		.4byte	0x1c5
 519 01a1 11       		.uleb128 0x11
 520 01a2 10000000 		.4byte	.LVL8
 521 01a6 54010000 		.4byte	0x154
 522 01aa B4010000 		.4byte	0x1b4
 523 01ae 12       		.uleb128 0x12
 524 01af 01       		.byte	0x1
 525 01b0 50       		.byte	0x50
 526 01b1 01       		.byte	0x1
 527 01b2 34       		.byte	0x34
 528 01b3 00       		.byte	0
 529 01b4 13       		.uleb128 0x13
 530 01b5 1A000000 		.4byte	.LVL9
 531 01b9 01       		.byte	0x1
 532 01ba E3000000 		.4byte	0xe3
 533 01be 12       		.uleb128 0x12
 534 01bf 01       		.byte	0x1
 535 01c0 50       		.byte	0x50
 536 01c1 01       		.byte	0x1
 537 01c2 32       		.byte	0x32
ARM GAS  C:\Users\Graziano\AppData\Local\Temp\ccut805H.s 			page 16


 538 01c3 00       		.byte	0
 539 01c4 00       		.byte	0
 540 01c5 10       		.uleb128 0x10
 541 01c6 01       		.byte	0x1
 542 01c7 57000000 		.4byte	.LASF22
 543 01cb 01       		.byte	0x1
 544 01cc 85       		.byte	0x85
 545 01cd 01       		.byte	0x1
 546 01ce 00000000 		.4byte	.LFB2
 547 01d2 24000000 		.4byte	.LFE2
 548 01d6 7D000000 		.4byte	.LLST4
 549 01da 01       		.byte	0x1
 550 01db 0D020000 		.4byte	0x20d
 551 01df 14       		.uleb128 0x14
 552 01e0 9F000000 		.4byte	0x9f
 553 01e4 14000000 		.4byte	.LBB4
 554 01e8 24000000 		.4byte	.LBE4
 555 01ec 01       		.byte	0x1
 556 01ed 92       		.byte	0x92
 557 01ee FA010000 		.4byte	0x1fa
 558 01f2 15       		.uleb128 0x15
 559 01f3 AD000000 		.4byte	0xad
 560 01f7 807F     		.sleb128 -128
 561 01f9 00       		.byte	0
 562 01fa 16       		.uleb128 0x16
 563 01fb 0C000000 		.4byte	.LVL10
 564 01ff 87010000 		.4byte	0x187
 565 0203 16       		.uleb128 0x16
 566 0204 14000000 		.4byte	.LVL11
 567 0208 B9000000 		.4byte	0xb9
 568 020c 00       		.byte	0
 569 020d 17       		.uleb128 0x17
 570 020e A3010000 		.4byte	.LASF29
 571 0212 01       		.byte	0x1
 572 0213 1B       		.byte	0x1b
 573 0214 6F000000 		.4byte	0x6f
 574 0218 01       		.byte	0x1
 575 0219 05       		.byte	0x5
 576 021a 03       		.byte	0x3
 577 021b 00000000 		.4byte	VDAC8_ANAPOS_initVar
 578 021f 00       		.byte	0
 579              		.section	.debug_abbrev,"",%progbits
 580              	.Ldebug_abbrev0:
 581 0000 01       		.uleb128 0x1
 582 0001 11       		.uleb128 0x11
 583 0002 01       		.byte	0x1
 584 0003 25       		.uleb128 0x25
 585 0004 0E       		.uleb128 0xe
 586 0005 13       		.uleb128 0x13
 587 0006 0B       		.uleb128 0xb
 588 0007 03       		.uleb128 0x3
 589 0008 0E       		.uleb128 0xe
 590 0009 1B       		.uleb128 0x1b
 591 000a 0E       		.uleb128 0xe
 592 000b 55       		.uleb128 0x55
 593 000c 06       		.uleb128 0x6
 594 000d 11       		.uleb128 0x11
ARM GAS  C:\Users\Graziano\AppData\Local\Temp\ccut805H.s 			page 17


 595 000e 01       		.uleb128 0x1
 596 000f 52       		.uleb128 0x52
 597 0010 01       		.uleb128 0x1
 598 0011 10       		.uleb128 0x10
 599 0012 06       		.uleb128 0x6
 600 0013 00       		.byte	0
 601 0014 00       		.byte	0
 602 0015 02       		.uleb128 0x2
 603 0016 24       		.uleb128 0x24
 604 0017 00       		.byte	0
 605 0018 0B       		.uleb128 0xb
 606 0019 0B       		.uleb128 0xb
 607 001a 3E       		.uleb128 0x3e
 608 001b 0B       		.uleb128 0xb
 609 001c 03       		.uleb128 0x3
 610 001d 0E       		.uleb128 0xe
 611 001e 00       		.byte	0
 612 001f 00       		.byte	0
 613 0020 03       		.uleb128 0x3
 614 0021 24       		.uleb128 0x24
 615 0022 00       		.byte	0
 616 0023 0B       		.uleb128 0xb
 617 0024 0B       		.uleb128 0xb
 618 0025 3E       		.uleb128 0x3e
 619 0026 0B       		.uleb128 0xb
 620 0027 03       		.uleb128 0x3
 621 0028 08       		.uleb128 0x8
 622 0029 00       		.byte	0
 623 002a 00       		.byte	0
 624 002b 04       		.uleb128 0x4
 625 002c 16       		.uleb128 0x16
 626 002d 00       		.byte	0
 627 002e 03       		.uleb128 0x3
 628 002f 0E       		.uleb128 0xe
 629 0030 3A       		.uleb128 0x3a
 630 0031 0B       		.uleb128 0xb
 631 0032 3B       		.uleb128 0x3b
 632 0033 0B       		.uleb128 0xb
 633 0034 49       		.uleb128 0x49
 634 0035 13       		.uleb128 0x13
 635 0036 00       		.byte	0
 636 0037 00       		.byte	0
 637 0038 05       		.uleb128 0x5
 638 0039 35       		.uleb128 0x35
 639 003a 00       		.byte	0
 640 003b 49       		.uleb128 0x49
 641 003c 13       		.uleb128 0x13
 642 003d 00       		.byte	0
 643 003e 00       		.byte	0
 644 003f 06       		.uleb128 0x6
 645 0040 2E       		.uleb128 0x2e
 646 0041 01       		.byte	0x1
 647 0042 3F       		.uleb128 0x3f
 648 0043 0C       		.uleb128 0xc
 649 0044 03       		.uleb128 0x3
 650 0045 0E       		.uleb128 0xe
 651 0046 3A       		.uleb128 0x3a
ARM GAS  C:\Users\Graziano\AppData\Local\Temp\ccut805H.s 			page 18


 652 0047 0B       		.uleb128 0xb
 653 0048 3B       		.uleb128 0x3b
 654 0049 0B       		.uleb128 0xb
 655 004a 27       		.uleb128 0x27
 656 004b 0C       		.uleb128 0xc
 657 004c 20       		.uleb128 0x20
 658 004d 0B       		.uleb128 0xb
 659 004e 01       		.uleb128 0x1
 660 004f 13       		.uleb128 0x13
 661 0050 00       		.byte	0
 662 0051 00       		.byte	0
 663 0052 07       		.uleb128 0x7
 664 0053 05       		.uleb128 0x5
 665 0054 00       		.byte	0
 666 0055 03       		.uleb128 0x3
 667 0056 0E       		.uleb128 0xe
 668 0057 3A       		.uleb128 0x3a
 669 0058 0B       		.uleb128 0xb
 670 0059 3B       		.uleb128 0x3b
 671 005a 0B       		.uleb128 0xb
 672 005b 49       		.uleb128 0x49
 673 005c 13       		.uleb128 0x13
 674 005d 00       		.byte	0
 675 005e 00       		.byte	0
 676 005f 08       		.uleb128 0x8
 677 0060 2E       		.uleb128 0x2e
 678 0061 00       		.byte	0
 679 0062 3F       		.uleb128 0x3f
 680 0063 0C       		.uleb128 0xc
 681 0064 03       		.uleb128 0x3
 682 0065 0E       		.uleb128 0xe
 683 0066 3A       		.uleb128 0x3a
 684 0067 0B       		.uleb128 0xb
 685 0068 3B       		.uleb128 0x3b
 686 0069 0B       		.uleb128 0xb
 687 006a 27       		.uleb128 0x27
 688 006b 0C       		.uleb128 0xc
 689 006c 11       		.uleb128 0x11
 690 006d 01       		.uleb128 0x1
 691 006e 12       		.uleb128 0x12
 692 006f 01       		.uleb128 0x1
 693 0070 40       		.uleb128 0x40
 694 0071 0A       		.uleb128 0xa
 695 0072 9742     		.uleb128 0x2117
 696 0074 0C       		.uleb128 0xc
 697 0075 00       		.byte	0
 698 0076 00       		.byte	0
 699 0077 09       		.uleb128 0x9
 700 0078 2E       		.uleb128 0x2e
 701 0079 01       		.byte	0x1
 702 007a 3F       		.uleb128 0x3f
 703 007b 0C       		.uleb128 0xc
 704 007c 03       		.uleb128 0x3
 705 007d 0E       		.uleb128 0xe
 706 007e 3A       		.uleb128 0x3a
 707 007f 0B       		.uleb128 0xb
 708 0080 3B       		.uleb128 0x3b
ARM GAS  C:\Users\Graziano\AppData\Local\Temp\ccut805H.s 			page 19


 709 0081 0B       		.uleb128 0xb
 710 0082 27       		.uleb128 0x27
 711 0083 0C       		.uleb128 0xc
 712 0084 11       		.uleb128 0x11
 713 0085 01       		.uleb128 0x1
 714 0086 12       		.uleb128 0x12
 715 0087 01       		.uleb128 0x1
 716 0088 40       		.uleb128 0x40
 717 0089 0A       		.uleb128 0xa
 718 008a 9742     		.uleb128 0x2117
 719 008c 0C       		.uleb128 0xc
 720 008d 01       		.uleb128 0x1
 721 008e 13       		.uleb128 0x13
 722 008f 00       		.byte	0
 723 0090 00       		.byte	0
 724 0091 0A       		.uleb128 0xa
 725 0092 05       		.uleb128 0x5
 726 0093 00       		.byte	0
 727 0094 03       		.uleb128 0x3
 728 0095 0E       		.uleb128 0xe
 729 0096 3A       		.uleb128 0x3a
 730 0097 0B       		.uleb128 0xb
 731 0098 3B       		.uleb128 0x3b
 732 0099 0B       		.uleb128 0xb
 733 009a 49       		.uleb128 0x49
 734 009b 13       		.uleb128 0x13
 735 009c 02       		.uleb128 0x2
 736 009d 06       		.uleb128 0x6
 737 009e 00       		.byte	0
 738 009f 00       		.byte	0
 739 00a0 0B       		.uleb128 0xb
 740 00a1 2E       		.uleb128 0x2e
 741 00a2 01       		.byte	0x1
 742 00a3 31       		.uleb128 0x31
 743 00a4 13       		.uleb128 0x13
 744 00a5 11       		.uleb128 0x11
 745 00a6 01       		.uleb128 0x1
 746 00a7 12       		.uleb128 0x12
 747 00a8 01       		.uleb128 0x1
 748 00a9 40       		.uleb128 0x40
 749 00aa 0A       		.uleb128 0xa
 750 00ab 9742     		.uleb128 0x2117
 751 00ad 0C       		.uleb128 0xc
 752 00ae 01       		.uleb128 0x1
 753 00af 13       		.uleb128 0x13
 754 00b0 00       		.byte	0
 755 00b1 00       		.byte	0
 756 00b2 0C       		.uleb128 0xc
 757 00b3 05       		.uleb128 0x5
 758 00b4 00       		.byte	0
 759 00b5 31       		.uleb128 0x31
 760 00b6 13       		.uleb128 0x13
 761 00b7 02       		.uleb128 0x2
 762 00b8 0A       		.uleb128 0xa
 763 00b9 00       		.byte	0
 764 00ba 00       		.byte	0
 765 00bb 0D       		.uleb128 0xd
ARM GAS  C:\Users\Graziano\AppData\Local\Temp\ccut805H.s 			page 20


 766 00bc 2E       		.uleb128 0x2e
 767 00bd 01       		.byte	0x1
 768 00be 3F       		.uleb128 0x3f
 769 00bf 0C       		.uleb128 0xc
 770 00c0 03       		.uleb128 0x3
 771 00c1 0E       		.uleb128 0xe
 772 00c2 3A       		.uleb128 0x3a
 773 00c3 0B       		.uleb128 0xb
 774 00c4 3B       		.uleb128 0x3b
 775 00c5 05       		.uleb128 0x5
 776 00c6 27       		.uleb128 0x27
 777 00c7 0C       		.uleb128 0xc
 778 00c8 11       		.uleb128 0x11
 779 00c9 01       		.uleb128 0x1
 780 00ca 12       		.uleb128 0x12
 781 00cb 01       		.uleb128 0x1
 782 00cc 40       		.uleb128 0x40
 783 00cd 0A       		.uleb128 0xa
 784 00ce 9742     		.uleb128 0x2117
 785 00d0 0C       		.uleb128 0xc
 786 00d1 01       		.uleb128 0x1
 787 00d2 13       		.uleb128 0x13
 788 00d3 00       		.byte	0
 789 00d4 00       		.byte	0
 790 00d5 0E       		.uleb128 0xe
 791 00d6 34       		.uleb128 0x34
 792 00d7 00       		.byte	0
 793 00d8 03       		.uleb128 0x3
 794 00d9 0E       		.uleb128 0xe
 795 00da 3A       		.uleb128 0x3a
 796 00db 0B       		.uleb128 0xb
 797 00dc 3B       		.uleb128 0x3b
 798 00dd 05       		.uleb128 0x5
 799 00de 49       		.uleb128 0x49
 800 00df 13       		.uleb128 0x13
 801 00e0 02       		.uleb128 0x2
 802 00e1 06       		.uleb128 0x6
 803 00e2 00       		.byte	0
 804 00e3 00       		.byte	0
 805 00e4 0F       		.uleb128 0xf
 806 00e5 898201   		.uleb128 0x4109
 807 00e8 00       		.byte	0
 808 00e9 11       		.uleb128 0x11
 809 00ea 01       		.uleb128 0x1
 810 00eb 9542     		.uleb128 0x2115
 811 00ed 0C       		.uleb128 0xc
 812 00ee 31       		.uleb128 0x31
 813 00ef 13       		.uleb128 0x13
 814 00f0 00       		.byte	0
 815 00f1 00       		.byte	0
 816 00f2 10       		.uleb128 0x10
 817 00f3 2E       		.uleb128 0x2e
 818 00f4 01       		.byte	0x1
 819 00f5 3F       		.uleb128 0x3f
 820 00f6 0C       		.uleb128 0xc
 821 00f7 03       		.uleb128 0x3
 822 00f8 0E       		.uleb128 0xe
ARM GAS  C:\Users\Graziano\AppData\Local\Temp\ccut805H.s 			page 21


 823 00f9 3A       		.uleb128 0x3a
 824 00fa 0B       		.uleb128 0xb
 825 00fb 3B       		.uleb128 0x3b
 826 00fc 0B       		.uleb128 0xb
 827 00fd 27       		.uleb128 0x27
 828 00fe 0C       		.uleb128 0xc
 829 00ff 11       		.uleb128 0x11
 830 0100 01       		.uleb128 0x1
 831 0101 12       		.uleb128 0x12
 832 0102 01       		.uleb128 0x1
 833 0103 40       		.uleb128 0x40
 834 0104 06       		.uleb128 0x6
 835 0105 9742     		.uleb128 0x2117
 836 0107 0C       		.uleb128 0xc
 837 0108 01       		.uleb128 0x1
 838 0109 13       		.uleb128 0x13
 839 010a 00       		.byte	0
 840 010b 00       		.byte	0
 841 010c 11       		.uleb128 0x11
 842 010d 898201   		.uleb128 0x4109
 843 0110 01       		.byte	0x1
 844 0111 11       		.uleb128 0x11
 845 0112 01       		.uleb128 0x1
 846 0113 31       		.uleb128 0x31
 847 0114 13       		.uleb128 0x13
 848 0115 01       		.uleb128 0x1
 849 0116 13       		.uleb128 0x13
 850 0117 00       		.byte	0
 851 0118 00       		.byte	0
 852 0119 12       		.uleb128 0x12
 853 011a 8A8201   		.uleb128 0x410a
 854 011d 00       		.byte	0
 855 011e 02       		.uleb128 0x2
 856 011f 0A       		.uleb128 0xa
 857 0120 9142     		.uleb128 0x2111
 858 0122 0A       		.uleb128 0xa
 859 0123 00       		.byte	0
 860 0124 00       		.byte	0
 861 0125 13       		.uleb128 0x13
 862 0126 898201   		.uleb128 0x4109
 863 0129 01       		.byte	0x1
 864 012a 11       		.uleb128 0x11
 865 012b 01       		.uleb128 0x1
 866 012c 9542     		.uleb128 0x2115
 867 012e 0C       		.uleb128 0xc
 868 012f 31       		.uleb128 0x31
 869 0130 13       		.uleb128 0x13
 870 0131 00       		.byte	0
 871 0132 00       		.byte	0
 872 0133 14       		.uleb128 0x14
 873 0134 1D       		.uleb128 0x1d
 874 0135 01       		.byte	0x1
 875 0136 31       		.uleb128 0x31
 876 0137 13       		.uleb128 0x13
 877 0138 11       		.uleb128 0x11
 878 0139 01       		.uleb128 0x1
 879 013a 12       		.uleb128 0x12
ARM GAS  C:\Users\Graziano\AppData\Local\Temp\ccut805H.s 			page 22


 880 013b 01       		.uleb128 0x1
 881 013c 58       		.uleb128 0x58
 882 013d 0B       		.uleb128 0xb
 883 013e 59       		.uleb128 0x59
 884 013f 0B       		.uleb128 0xb
 885 0140 01       		.uleb128 0x1
 886 0141 13       		.uleb128 0x13
 887 0142 00       		.byte	0
 888 0143 00       		.byte	0
 889 0144 15       		.uleb128 0x15
 890 0145 05       		.uleb128 0x5
 891 0146 00       		.byte	0
 892 0147 31       		.uleb128 0x31
 893 0148 13       		.uleb128 0x13
 894 0149 1C       		.uleb128 0x1c
 895 014a 0D       		.uleb128 0xd
 896 014b 00       		.byte	0
 897 014c 00       		.byte	0
 898 014d 16       		.uleb128 0x16
 899 014e 898201   		.uleb128 0x4109
 900 0151 00       		.byte	0
 901 0152 11       		.uleb128 0x11
 902 0153 01       		.uleb128 0x1
 903 0154 31       		.uleb128 0x31
 904 0155 13       		.uleb128 0x13
 905 0156 00       		.byte	0
 906 0157 00       		.byte	0
 907 0158 17       		.uleb128 0x17
 908 0159 34       		.uleb128 0x34
 909 015a 00       		.byte	0
 910 015b 03       		.uleb128 0x3
 911 015c 0E       		.uleb128 0xe
 912 015d 3A       		.uleb128 0x3a
 913 015e 0B       		.uleb128 0xb
 914 015f 3B       		.uleb128 0x3b
 915 0160 0B       		.uleb128 0xb
 916 0161 49       		.uleb128 0x49
 917 0162 13       		.uleb128 0x13
 918 0163 3F       		.uleb128 0x3f
 919 0164 0C       		.uleb128 0xc
 920 0165 02       		.uleb128 0x2
 921 0166 0A       		.uleb128 0xa
 922 0167 00       		.byte	0
 923 0168 00       		.byte	0
 924 0169 00       		.byte	0
 925              		.section	.debug_loc,"",%progbits
 926              	.Ldebug_loc0:
 927              	.LLST0:
 928 0000 00000000 		.4byte	.LVL0
 929 0004 06000000 		.4byte	.LVL1
 930 0008 0100     		.2byte	0x1
 931 000a 50       		.byte	0x50
 932 000b 06000000 		.4byte	.LVL1
 933 000f 1C000000 		.4byte	.LFE4
 934 0013 0400     		.2byte	0x4
 935 0015 F3       		.byte	0xf3
 936 0016 01       		.uleb128 0x1
ARM GAS  C:\Users\Graziano\AppData\Local\Temp\ccut805H.s 			page 23


 937 0017 50       		.byte	0x50
 938 0018 9F       		.byte	0x9f
 939 0019 00000000 		.4byte	0
 940 001d 00000000 		.4byte	0
 941              	.LLST1:
 942 0021 04000000 		.4byte	.LVL3
 943 0025 12000000 		.4byte	.LVL4
 944 0029 0900     		.2byte	0x9
 945 002b 70       		.byte	0x70
 946 002c 00       		.sleb128 0
 947 002d 3C       		.byte	0x3c
 948 002e 1A       		.byte	0x1a
 949 002f 32       		.byte	0x32
 950 0030 25       		.byte	0x25
 951 0031 23       		.byte	0x23
 952 0032 06       		.uleb128 0x6
 953 0033 9F       		.byte	0x9f
 954 0034 00000000 		.4byte	0
 955 0038 00000000 		.4byte	0
 956              	.LLST2:
 957 003c 00000000 		.4byte	.LVL5
 958 0040 06000000 		.4byte	.LVL6
 959 0044 0100     		.2byte	0x1
 960 0046 50       		.byte	0x50
 961 0047 06000000 		.4byte	.LVL6
 962 004b 1C000000 		.4byte	.LFE5
 963 004f 0400     		.2byte	0x4
 964 0051 F3       		.byte	0xf3
 965 0052 01       		.uleb128 0x1
 966 0053 50       		.byte	0x50
 967 0054 9F       		.byte	0x9f
 968 0055 00000000 		.4byte	0
 969 0059 00000000 		.4byte	0
 970              	.LLST3:
 971 005d 00000000 		.4byte	.LFB0
 972 0061 04000000 		.4byte	.LCFI0
 973 0065 0200     		.2byte	0x2
 974 0067 7D       		.byte	0x7d
 975 0068 00       		.sleb128 0
 976 0069 04000000 		.4byte	.LCFI0
 977 006d 20000000 		.4byte	.LFE0
 978 0071 0200     		.2byte	0x2
 979 0073 7D       		.byte	0x7d
 980 0074 08       		.sleb128 8
 981 0075 00000000 		.4byte	0
 982 0079 00000000 		.4byte	0
 983              	.LLST4:
 984 007d 00000000 		.4byte	.LFB2
 985 0081 02000000 		.4byte	.LCFI1
 986 0085 0200     		.2byte	0x2
 987 0087 7D       		.byte	0x7d
 988 0088 00       		.sleb128 0
 989 0089 02000000 		.4byte	.LCFI1
 990 008d 24000000 		.4byte	.LFE2
 991 0091 0200     		.2byte	0x2
 992 0093 7D       		.byte	0x7d
 993 0094 08       		.sleb128 8
ARM GAS  C:\Users\Graziano\AppData\Local\Temp\ccut805H.s 			page 24


 994 0095 00000000 		.4byte	0
 995 0099 00000000 		.4byte	0
 996              		.section	.debug_aranges,"",%progbits
 997 0000 54000000 		.4byte	0x54
 998 0004 0200     		.2byte	0x2
 999 0006 00000000 		.4byte	.Ldebug_info0
 1000 000a 04       		.byte	0x4
 1001 000b 00       		.byte	0
 1002 000c 0000     		.2byte	0
 1003 000e 0000     		.2byte	0
 1004 0010 00000000 		.4byte	.LFB1
 1005 0014 18000000 		.4byte	.LFE1-.LFB1
 1006 0018 00000000 		.4byte	.LFB3
 1007 001c 18000000 		.4byte	.LFE3-.LFB3
 1008 0020 00000000 		.4byte	.LFB4
 1009 0024 1C000000 		.4byte	.LFE4-.LFB4
 1010 0028 00000000 		.4byte	.LFB6
 1011 002c 0C000000 		.4byte	.LFE6-.LFB6
 1012 0030 00000000 		.4byte	.LFB7
 1013 0034 20000000 		.4byte	.LFE7-.LFB7
 1014 0038 00000000 		.4byte	.LFB5
 1015 003c 1C000000 		.4byte	.LFE5-.LFB5
 1016 0040 00000000 		.4byte	.LFB0
 1017 0044 20000000 		.4byte	.LFE0-.LFB0
 1018 0048 00000000 		.4byte	.LFB2
 1019 004c 24000000 		.4byte	.LFE2-.LFB2
 1020 0050 00000000 		.4byte	0
 1021 0054 00000000 		.4byte	0
 1022              		.section	.debug_ranges,"",%progbits
 1023              	.Ldebug_ranges0:
 1024 0000 00000000 		.4byte	.LFB1
 1025 0004 18000000 		.4byte	.LFE1
 1026 0008 00000000 		.4byte	.LFB3
 1027 000c 18000000 		.4byte	.LFE3
 1028 0010 00000000 		.4byte	.LFB4
 1029 0014 1C000000 		.4byte	.LFE4
 1030 0018 00000000 		.4byte	.LFB6
 1031 001c 0C000000 		.4byte	.LFE6
 1032 0020 00000000 		.4byte	.LFB7
 1033 0024 20000000 		.4byte	.LFE7
 1034 0028 00000000 		.4byte	.LFB5
 1035 002c 1C000000 		.4byte	.LFE5
 1036 0030 00000000 		.4byte	.LFB0
 1037 0034 20000000 		.4byte	.LFE0
 1038 0038 00000000 		.4byte	.LFB2
 1039 003c 24000000 		.4byte	.LFE2
 1040 0040 00000000 		.4byte	0
 1041 0044 00000000 		.4byte	0
 1042              		.section	.debug_line,"",%progbits
 1043              	.Ldebug_line0:
 1044 0000 F8000000 		.section	.debug_str,"MS",%progbits,1
 1044      02004B00 
 1044      00000201 
 1044      FB0E0D00 
 1044      01010101 
 1045              	.LASF27:
 1046 0000 76616C75 		.ascii	"value\000"
ARM GAS  C:\Users\Graziano\AppData\Local\Temp\ccut805H.s 			page 25


 1046      6500
 1047              	.LASF18:
 1048 0006 56444143 		.ascii	"VDAC8_ANAPOS_SetRange\000"
 1048      385F414E 
 1048      41504F53 
 1048      5F536574 
 1048      52616E67 
 1049              	.LASF3:
 1050 001c 73686F72 		.ascii	"short unsigned int\000"
 1050      7420756E 
 1050      7369676E 
 1050      65642069 
 1050      6E7400
 1051              	.LASF24:
 1052 002f 2E5C4765 		.ascii	".\\Generated_Source\\PSoC5\\VDAC8_ANAPOS.c\000"
 1052      6E657261 
 1052      7465645F 
 1052      536F7572 
 1052      63655C50 
 1053              	.LASF22:
 1054 0057 56444143 		.ascii	"VDAC8_ANAPOS_Start\000"
 1054      385F414E 
 1054      41504F53 
 1054      5F537461 
 1054      727400
 1055              	.LASF17:
 1056 006a 56444143 		.ascii	"VDAC8_ANAPOS_DacTrim\000"
 1056      385F414E 
 1056      41504F53 
 1056      5F446163 
 1056      5472696D 
 1057              	.LASF9:
 1058 007f 666C6F61 		.ascii	"float\000"
 1058      7400
 1059              	.LASF1:
 1060 0085 756E7369 		.ascii	"unsigned char\000"
 1060      676E6564 
 1060      20636861 
 1060      7200
 1061              	.LASF13:
 1062 0093 72656738 		.ascii	"reg8\000"
 1062      00
 1063              	.LASF14:
 1064 0098 56444143 		.ascii	"VDAC8_ANAPOS_Enable\000"
 1064      385F414E 
 1064      41504F53 
 1064      5F456E61 
 1064      626C6500 
 1065              	.LASF5:
 1066 00ac 6C6F6E67 		.ascii	"long unsigned int\000"
 1066      20756E73 
 1066      69676E65 
 1066      6420696E 
 1066      7400
 1067              	.LASF25:
 1068 00be 433A5C55 		.ascii	"C:\\Users\\Graziano\\Desktop\\PSOC CODES\\GOBEE DIR"
 1068      73657273 
ARM GAS  C:\Users\Graziano\AppData\Local\Temp\ccut805H.s 			page 26


 1068      5C477261 
 1068      7A69616E 
 1068      6F5C4465 
 1069 00ec 4543544F 		.ascii	"ECTOR\\Vers.0.0-T05 2017-0201 C3.0 (test board V)\\"
 1069      525C5665 
 1069      72732E30 
 1069      2E302D54 
 1069      30352032 
 1070 011d 476F6265 		.ascii	"GobeeDir.cydsn\000"
 1070      65446972 
 1070      2E637964 
 1070      736E00
 1071              	.LASF16:
 1072 012c 56444143 		.ascii	"VDAC8_ANAPOS_SetSpeed\000"
 1072      385F414E 
 1072      41504F53 
 1072      5F536574 
 1072      53706565 
 1073              	.LASF20:
 1074 0142 72616E67 		.ascii	"range\000"
 1074      6500
 1075              	.LASF10:
 1076 0148 646F7562 		.ascii	"double\000"
 1076      6C6500
 1077              	.LASF15:
 1078 014f 56444143 		.ascii	"VDAC8_ANAPOS_Stop\000"
 1078      385F414E 
 1078      41504F53 
 1078      5F53746F 
 1078      7000
 1079              	.LASF8:
 1080 0161 756E7369 		.ascii	"unsigned int\000"
 1080      676E6564 
 1080      20696E74 
 1080      00
 1081              	.LASF7:
 1082 016e 6C6F6E67 		.ascii	"long long unsigned int\000"
 1082      206C6F6E 
 1082      6720756E 
 1082      7369676E 
 1082      65642069 
 1083              	.LASF28:
 1084 0185 6D6F6465 		.ascii	"mode\000"
 1084      00
 1085              	.LASF19:
 1086 018a 73706565 		.ascii	"speed\000"
 1086      6400
 1087              	.LASF6:
 1088 0190 6C6F6E67 		.ascii	"long long int\000"
 1088      206C6F6E 
 1088      6720696E 
 1088      7400
 1089              	.LASF11:
 1090 019e 63686172 		.ascii	"char\000"
 1090      00
 1091              	.LASF29:
 1092 01a3 56444143 		.ascii	"VDAC8_ANAPOS_initVar\000"
ARM GAS  C:\Users\Graziano\AppData\Local\Temp\ccut805H.s 			page 27


 1092      385F414E 
 1092      41504F53 
 1092      5F696E69 
 1092      74566172 
 1093              	.LASF2:
 1094 01b8 73686F72 		.ascii	"short int\000"
 1094      7420696E 
 1094      7400
 1095              	.LASF21:
 1096 01c2 56444143 		.ascii	"VDAC8_ANAPOS_Init\000"
 1096      385F414E 
 1096      41504F53 
 1096      5F496E69 
 1096      7400
 1097              	.LASF12:
 1098 01d4 75696E74 		.ascii	"uint8\000"
 1098      3800
 1099              	.LASF23:
 1100 01da 474E5520 		.ascii	"GNU C 4.7.3 20130312 (release) [ARM/embedded-4_7-br"
 1100      4320342E 
 1100      372E3320 
 1100      32303133 
 1100      30333132 
 1101 020d 616E6368 		.ascii	"anch revision 196615]\000"
 1101      20726576 
 1101      6973696F 
 1101      6E203139 
 1101      36363135 
 1102              	.LASF4:
 1103 0223 6C6F6E67 		.ascii	"long int\000"
 1103      20696E74 
 1103      00
 1104              	.LASF0:
 1105 022c 7369676E 		.ascii	"signed char\000"
 1105      65642063 
 1105      68617200 
 1106              	.LASF26:
 1107 0238 56444143 		.ascii	"VDAC8_ANAPOS_SetValue\000"
 1107      385F414E 
 1107      41504F53 
 1107      5F536574 
 1107      56616C75 
 1108              		.ident	"GCC: (GNU Tools for ARM Embedded Processors) 4.7.3 20130312 (release) [ARM/embedded-4_7-br
