ARM GAS  C:\Users\Graziano\AppData\Local\Temp\cc2goHHV.s 			page 1


   1              		.syntax unified
   2              		.cpu cortex-m3
   3              		.fpu softvfp
   4              		.eabi_attribute 20, 1
   5              		.eabi_attribute 21, 1
   6              		.eabi_attribute 23, 3
   7              		.eabi_attribute 24, 1
   8              		.eabi_attribute 25, 1
   9              		.eabi_attribute 26, 1
  10              		.eabi_attribute 30, 4
  11              		.eabi_attribute 34, 1
  12              		.eabi_attribute 18, 4
  13              		.thumb
  14              		.file	"VDAC8_ANAPOS_PM.c"
  15              		.text
  16              	.Ltext0:
  17              		.cfi_sections	.debug_frame
  18              		.section	.text.VDAC8_ANAPOS_SaveConfig,"ax",%progbits
  19              		.align	1
  20              		.global	VDAC8_ANAPOS_SaveConfig
  21              		.thumb
  22              		.thumb_func
  23              		.type	VDAC8_ANAPOS_SaveConfig, %function
  24              	VDAC8_ANAPOS_SaveConfig:
  25              	.LFB0:
  26              		.file 1 ".\\Generated_Source\\PSoC5\\VDAC8_ANAPOS_PM.c"
   1:.\Generated_Source\PSoC5/VDAC8_ANAPOS_PM.c **** /*******************************************************************************
   2:.\Generated_Source\PSoC5/VDAC8_ANAPOS_PM.c **** * File Name: VDAC8_ANAPOS_PM.c  
   3:.\Generated_Source\PSoC5/VDAC8_ANAPOS_PM.c **** * Version 1.90
   4:.\Generated_Source\PSoC5/VDAC8_ANAPOS_PM.c **** *
   5:.\Generated_Source\PSoC5/VDAC8_ANAPOS_PM.c **** * Description:
   6:.\Generated_Source\PSoC5/VDAC8_ANAPOS_PM.c **** *  This file provides the power management source code to API for the
   7:.\Generated_Source\PSoC5/VDAC8_ANAPOS_PM.c **** *  VDAC8.  
   8:.\Generated_Source\PSoC5/VDAC8_ANAPOS_PM.c **** *
   9:.\Generated_Source\PSoC5/VDAC8_ANAPOS_PM.c **** * Note:
  10:.\Generated_Source\PSoC5/VDAC8_ANAPOS_PM.c **** *  None
  11:.\Generated_Source\PSoC5/VDAC8_ANAPOS_PM.c **** *
  12:.\Generated_Source\PSoC5/VDAC8_ANAPOS_PM.c **** ********************************************************************************
  13:.\Generated_Source\PSoC5/VDAC8_ANAPOS_PM.c **** * Copyright 2008-2012, Cypress Semiconductor Corporation.  All rights reserved.
  14:.\Generated_Source\PSoC5/VDAC8_ANAPOS_PM.c **** * You may use this file only in accordance with the license, terms, conditions, 
  15:.\Generated_Source\PSoC5/VDAC8_ANAPOS_PM.c **** * disclaimers, and limitations in the end user license agreement accompanying 
  16:.\Generated_Source\PSoC5/VDAC8_ANAPOS_PM.c **** * the software package with which this file was provided.
  17:.\Generated_Source\PSoC5/VDAC8_ANAPOS_PM.c **** *******************************************************************************/
  18:.\Generated_Source\PSoC5/VDAC8_ANAPOS_PM.c **** 
  19:.\Generated_Source\PSoC5/VDAC8_ANAPOS_PM.c **** #include "VDAC8_ANAPOS.h"
  20:.\Generated_Source\PSoC5/VDAC8_ANAPOS_PM.c **** 
  21:.\Generated_Source\PSoC5/VDAC8_ANAPOS_PM.c **** static VDAC8_ANAPOS_backupStruct VDAC8_ANAPOS_backup;
  22:.\Generated_Source\PSoC5/VDAC8_ANAPOS_PM.c **** 
  23:.\Generated_Source\PSoC5/VDAC8_ANAPOS_PM.c **** 
  24:.\Generated_Source\PSoC5/VDAC8_ANAPOS_PM.c **** /*******************************************************************************
  25:.\Generated_Source\PSoC5/VDAC8_ANAPOS_PM.c **** * Function Name: VDAC8_ANAPOS_SaveConfig
  26:.\Generated_Source\PSoC5/VDAC8_ANAPOS_PM.c **** ********************************************************************************
  27:.\Generated_Source\PSoC5/VDAC8_ANAPOS_PM.c **** * Summary:
  28:.\Generated_Source\PSoC5/VDAC8_ANAPOS_PM.c **** *  Save the current user configuration
  29:.\Generated_Source\PSoC5/VDAC8_ANAPOS_PM.c **** *
  30:.\Generated_Source\PSoC5/VDAC8_ANAPOS_PM.c **** * Parameters:  
  31:.\Generated_Source\PSoC5/VDAC8_ANAPOS_PM.c **** *  void  
ARM GAS  C:\Users\Graziano\AppData\Local\Temp\cc2goHHV.s 			page 2


  32:.\Generated_Source\PSoC5/VDAC8_ANAPOS_PM.c **** *
  33:.\Generated_Source\PSoC5/VDAC8_ANAPOS_PM.c **** * Return: 
  34:.\Generated_Source\PSoC5/VDAC8_ANAPOS_PM.c **** *  void
  35:.\Generated_Source\PSoC5/VDAC8_ANAPOS_PM.c **** *
  36:.\Generated_Source\PSoC5/VDAC8_ANAPOS_PM.c **** *******************************************************************************/
  37:.\Generated_Source\PSoC5/VDAC8_ANAPOS_PM.c **** void VDAC8_ANAPOS_SaveConfig(void) 
  38:.\Generated_Source\PSoC5/VDAC8_ANAPOS_PM.c **** {
  27              		.loc 1 38 0
  28              		.cfi_startproc
  29              		@ args = 0, pretend = 0, frame = 0
  30              		@ frame_needed = 0, uses_anonymous_args = 0
  31              		@ link register save eliminated.
  39:.\Generated_Source\PSoC5/VDAC8_ANAPOS_PM.c ****     if (!((VDAC8_ANAPOS_CR1 & VDAC8_ANAPOS_SRC_MASK) == VDAC8_ANAPOS_SRC_UDB))
  32              		.loc 1 39 0
  33 0000 054B     		ldr	r3, .L4
  34 0002 1878     		ldrb	r0, [r3, #0]	@ zero_extendqisi2
  35 0004 00F02001 		and	r1, r0, #32
  36 0008 CAB2     		uxtb	r2, r1
  37 000a 1AB9     		cbnz	r2, .L1
  40:.\Generated_Source\PSoC5/VDAC8_ANAPOS_PM.c ****     {
  41:.\Generated_Source\PSoC5/VDAC8_ANAPOS_PM.c ****         VDAC8_ANAPOS_backup.data_value = VDAC8_ANAPOS_Data;
  38              		.loc 1 41 0
  39 000c 034B     		ldr	r3, .L4+4
  40 000e 0449     		ldr	r1, .L4+8
  41 0010 1878     		ldrb	r0, [r3, #0]	@ zero_extendqisi2
  42 0012 4870     		strb	r0, [r1, #1]
  43              	.L1:
  44 0014 7047     		bx	lr
  45              	.L5:
  46 0016 00BF     		.align	2
  47              	.L4:
  48 0018 25580040 		.word	1073764389
  49 001c 815B0040 		.word	1073765249
  50 0020 00000000 		.word	.LANCHOR0
  51              		.cfi_endproc
  52              	.LFE0:
  53              		.size	VDAC8_ANAPOS_SaveConfig, .-VDAC8_ANAPOS_SaveConfig
  54              		.section	.text.VDAC8_ANAPOS_RestoreConfig,"ax",%progbits
  55              		.align	1
  56              		.global	VDAC8_ANAPOS_RestoreConfig
  57              		.thumb
  58              		.thumb_func
  59              		.type	VDAC8_ANAPOS_RestoreConfig, %function
  60              	VDAC8_ANAPOS_RestoreConfig:
  61              	.LFB1:
  42:.\Generated_Source\PSoC5/VDAC8_ANAPOS_PM.c ****     }
  43:.\Generated_Source\PSoC5/VDAC8_ANAPOS_PM.c **** }
  44:.\Generated_Source\PSoC5/VDAC8_ANAPOS_PM.c **** 
  45:.\Generated_Source\PSoC5/VDAC8_ANAPOS_PM.c **** 
  46:.\Generated_Source\PSoC5/VDAC8_ANAPOS_PM.c **** /*******************************************************************************
  47:.\Generated_Source\PSoC5/VDAC8_ANAPOS_PM.c **** * Function Name: VDAC8_ANAPOS_RestoreConfig
  48:.\Generated_Source\PSoC5/VDAC8_ANAPOS_PM.c **** ********************************************************************************
  49:.\Generated_Source\PSoC5/VDAC8_ANAPOS_PM.c **** *
  50:.\Generated_Source\PSoC5/VDAC8_ANAPOS_PM.c **** * Summary:
  51:.\Generated_Source\PSoC5/VDAC8_ANAPOS_PM.c **** *  Restores the current user configuration.
  52:.\Generated_Source\PSoC5/VDAC8_ANAPOS_PM.c **** *
  53:.\Generated_Source\PSoC5/VDAC8_ANAPOS_PM.c **** * Parameters:  
ARM GAS  C:\Users\Graziano\AppData\Local\Temp\cc2goHHV.s 			page 3


  54:.\Generated_Source\PSoC5/VDAC8_ANAPOS_PM.c **** *  void
  55:.\Generated_Source\PSoC5/VDAC8_ANAPOS_PM.c **** *
  56:.\Generated_Source\PSoC5/VDAC8_ANAPOS_PM.c **** * Return: 
  57:.\Generated_Source\PSoC5/VDAC8_ANAPOS_PM.c **** *  void
  58:.\Generated_Source\PSoC5/VDAC8_ANAPOS_PM.c **** *
  59:.\Generated_Source\PSoC5/VDAC8_ANAPOS_PM.c **** *******************************************************************************/
  60:.\Generated_Source\PSoC5/VDAC8_ANAPOS_PM.c **** void VDAC8_ANAPOS_RestoreConfig(void) 
  61:.\Generated_Source\PSoC5/VDAC8_ANAPOS_PM.c **** {
  62              		.loc 1 61 0
  63              		.cfi_startproc
  64              		@ args = 0, pretend = 0, frame = 0
  65              		@ frame_needed = 0, uses_anonymous_args = 0
  66              		@ link register save eliminated.
  62:.\Generated_Source\PSoC5/VDAC8_ANAPOS_PM.c ****     if (!((VDAC8_ANAPOS_CR1 & VDAC8_ANAPOS_SRC_MASK) == VDAC8_ANAPOS_SRC_UDB))
  67              		.loc 1 62 0
  68 0000 0D4B     		ldr	r3, .L10
  69 0002 1878     		ldrb	r0, [r3, #0]	@ zero_extendqisi2
  70 0004 00F02001 		and	r1, r0, #32
  71 0008 CAB2     		uxtb	r2, r1
  72 000a A2B9     		cbnz	r2, .L6
  63:.\Generated_Source\PSoC5/VDAC8_ANAPOS_PM.c ****     {
  64:.\Generated_Source\PSoC5/VDAC8_ANAPOS_PM.c ****         if((VDAC8_ANAPOS_Strobe & VDAC8_ANAPOS_STRB_MASK) == VDAC8_ANAPOS_STRB_EN)
  73              		.loc 1 64 0
  74 000c 0B4B     		ldr	r3, .L10+4
  75 000e 0C4A     		ldr	r2, .L10+8
  76 0010 1878     		ldrb	r0, [r3, #0]	@ zero_extendqisi2
  77 0012 00F00801 		and	r1, r0, #8
  78 0016 C8B2     		uxtb	r0, r1
  79 0018 50B1     		cbz	r0, .L8
  65:.\Generated_Source\PSoC5/VDAC8_ANAPOS_PM.c ****         {
  66:.\Generated_Source\PSoC5/VDAC8_ANAPOS_PM.c ****             VDAC8_ANAPOS_Strobe &= (uint8)(~VDAC8_ANAPOS_STRB_MASK);
  80              		.loc 1 66 0
  81 001a 1878     		ldrb	r0, [r3, #0]	@ zero_extendqisi2
  82 001c 00F0F701 		and	r1, r0, #247
  83 0020 1970     		strb	r1, [r3, #0]
  67:.\Generated_Source\PSoC5/VDAC8_ANAPOS_PM.c ****             VDAC8_ANAPOS_Data = VDAC8_ANAPOS_backup.data_value;
  84              		.loc 1 67 0
  85 0022 5078     		ldrb	r0, [r2, #1]	@ zero_extendqisi2
  86 0024 074A     		ldr	r2, .L10+12
  87 0026 1070     		strb	r0, [r2, #0]
  68:.\Generated_Source\PSoC5/VDAC8_ANAPOS_PM.c ****             VDAC8_ANAPOS_Strobe |= VDAC8_ANAPOS_STRB_EN;
  88              		.loc 1 68 0
  89 0028 1978     		ldrb	r1, [r3, #0]	@ zero_extendqisi2
  90 002a 41F00801 		orr	r1, r1, #8
  91 002e 01E0     		b	.L9
  92              	.L8:
  69:.\Generated_Source\PSoC5/VDAC8_ANAPOS_PM.c ****         }
  70:.\Generated_Source\PSoC5/VDAC8_ANAPOS_PM.c ****         else
  71:.\Generated_Source\PSoC5/VDAC8_ANAPOS_PM.c ****         {
  72:.\Generated_Source\PSoC5/VDAC8_ANAPOS_PM.c ****             VDAC8_ANAPOS_Data = VDAC8_ANAPOS_backup.data_value;
  93              		.loc 1 72 0
  94 0030 5178     		ldrb	r1, [r2, #1]	@ zero_extendqisi2
  95 0032 044B     		ldr	r3, .L10+12
  96              	.L9:
  97 0034 1970     		strb	r1, [r3, #0]
  98              	.L6:
  99 0036 7047     		bx	lr
ARM GAS  C:\Users\Graziano\AppData\Local\Temp\cc2goHHV.s 			page 4


 100              	.L11:
 101              		.align	2
 102              	.L10:
 103 0038 25580040 		.word	1073764389
 104 003c 8F5A0040 		.word	1073765007
 105 0040 00000000 		.word	.LANCHOR0
 106 0044 815B0040 		.word	1073765249
 107              		.cfi_endproc
 108              	.LFE1:
 109              		.size	VDAC8_ANAPOS_RestoreConfig, .-VDAC8_ANAPOS_RestoreConfig
 110              		.section	.text.VDAC8_ANAPOS_Sleep,"ax",%progbits
 111              		.align	1
 112              		.global	VDAC8_ANAPOS_Sleep
 113              		.thumb
 114              		.thumb_func
 115              		.type	VDAC8_ANAPOS_Sleep, %function
 116              	VDAC8_ANAPOS_Sleep:
 117              	.LFB2:
  73:.\Generated_Source\PSoC5/VDAC8_ANAPOS_PM.c ****         }
  74:.\Generated_Source\PSoC5/VDAC8_ANAPOS_PM.c ****     }
  75:.\Generated_Source\PSoC5/VDAC8_ANAPOS_PM.c **** }
  76:.\Generated_Source\PSoC5/VDAC8_ANAPOS_PM.c **** 
  77:.\Generated_Source\PSoC5/VDAC8_ANAPOS_PM.c **** 
  78:.\Generated_Source\PSoC5/VDAC8_ANAPOS_PM.c **** /*******************************************************************************
  79:.\Generated_Source\PSoC5/VDAC8_ANAPOS_PM.c **** * Function Name: VDAC8_ANAPOS_Sleep
  80:.\Generated_Source\PSoC5/VDAC8_ANAPOS_PM.c **** ********************************************************************************
  81:.\Generated_Source\PSoC5/VDAC8_ANAPOS_PM.c **** * Summary:
  82:.\Generated_Source\PSoC5/VDAC8_ANAPOS_PM.c **** *  Stop and Save the user configuration
  83:.\Generated_Source\PSoC5/VDAC8_ANAPOS_PM.c **** *
  84:.\Generated_Source\PSoC5/VDAC8_ANAPOS_PM.c **** * Parameters:  
  85:.\Generated_Source\PSoC5/VDAC8_ANAPOS_PM.c **** *  void:  
  86:.\Generated_Source\PSoC5/VDAC8_ANAPOS_PM.c **** *
  87:.\Generated_Source\PSoC5/VDAC8_ANAPOS_PM.c **** * Return: 
  88:.\Generated_Source\PSoC5/VDAC8_ANAPOS_PM.c **** *  void
  89:.\Generated_Source\PSoC5/VDAC8_ANAPOS_PM.c **** *
  90:.\Generated_Source\PSoC5/VDAC8_ANAPOS_PM.c **** * Global variables:
  91:.\Generated_Source\PSoC5/VDAC8_ANAPOS_PM.c **** *  VDAC8_ANAPOS_backup.enableState:  Is modified depending on the enable 
  92:.\Generated_Source\PSoC5/VDAC8_ANAPOS_PM.c **** *  state  of the block before entering sleep mode.
  93:.\Generated_Source\PSoC5/VDAC8_ANAPOS_PM.c **** *
  94:.\Generated_Source\PSoC5/VDAC8_ANAPOS_PM.c **** *******************************************************************************/
  95:.\Generated_Source\PSoC5/VDAC8_ANAPOS_PM.c **** void VDAC8_ANAPOS_Sleep(void) 
  96:.\Generated_Source\PSoC5/VDAC8_ANAPOS_PM.c **** {
 118              		.loc 1 96 0
 119              		.cfi_startproc
 120              		@ args = 0, pretend = 0, frame = 0
 121              		@ frame_needed = 0, uses_anonymous_args = 0
 122 0000 08B5     		push	{r3, lr}
 123              	.LCFI0:
 124              		.cfi_def_cfa_offset 8
 125              		.cfi_offset 3, -8
 126              		.cfi_offset 14, -4
  97:.\Generated_Source\PSoC5/VDAC8_ANAPOS_PM.c ****     /* Save VDAC8's enable state */    
  98:.\Generated_Source\PSoC5/VDAC8_ANAPOS_PM.c ****     if(VDAC8_ANAPOS_ACT_PWR_EN == (VDAC8_ANAPOS_PWRMGR & VDAC8_ANAPOS_ACT_PWR_EN))
 127              		.loc 1 98 0
 128 0002 074B     		ldr	r3, .L15
 129 0004 0749     		ldr	r1, .L15+4
 130 0006 1878     		ldrb	r0, [r3, #0]	@ zero_extendqisi2
ARM GAS  C:\Users\Graziano\AppData\Local\Temp\cc2goHHV.s 			page 5


 131 0008 10F00202 		ands	r2, r0, #2
  99:.\Generated_Source\PSoC5/VDAC8_ANAPOS_PM.c ****     {
 100:.\Generated_Source\PSoC5/VDAC8_ANAPOS_PM.c ****         /* VDAC8 is enabled */
 101:.\Generated_Source\PSoC5/VDAC8_ANAPOS_PM.c ****         VDAC8_ANAPOS_backup.enableState = 1u;
 132              		.loc 1 101 0
 133 000c 18BF     		it	ne
 134 000e 0122     		movne	r2, #1
 102:.\Generated_Source\PSoC5/VDAC8_ANAPOS_PM.c ****     }
 103:.\Generated_Source\PSoC5/VDAC8_ANAPOS_PM.c ****     else
 104:.\Generated_Source\PSoC5/VDAC8_ANAPOS_PM.c ****     {
 105:.\Generated_Source\PSoC5/VDAC8_ANAPOS_PM.c ****         /* VDAC8 is disabled */
 106:.\Generated_Source\PSoC5/VDAC8_ANAPOS_PM.c ****         VDAC8_ANAPOS_backup.enableState = 0u;
 135              		.loc 1 106 0
 136 0010 0A70     		strb	r2, [r1, #0]
 107:.\Generated_Source\PSoC5/VDAC8_ANAPOS_PM.c ****     }
 108:.\Generated_Source\PSoC5/VDAC8_ANAPOS_PM.c ****     
 109:.\Generated_Source\PSoC5/VDAC8_ANAPOS_PM.c ****     VDAC8_ANAPOS_Stop();
 137              		.loc 1 109 0
 138 0012 FFF7FEFF 		bl	VDAC8_ANAPOS_Stop
 139              	.LVL0:
 110:.\Generated_Source\PSoC5/VDAC8_ANAPOS_PM.c ****     VDAC8_ANAPOS_SaveConfig();
 111:.\Generated_Source\PSoC5/VDAC8_ANAPOS_PM.c **** }
 140              		.loc 1 111 0
 141 0016 BDE80840 		pop	{r3, lr}
 110:.\Generated_Source\PSoC5/VDAC8_ANAPOS_PM.c ****     VDAC8_ANAPOS_SaveConfig();
 142              		.loc 1 110 0
 143 001a FFF7FEBF 		b	VDAC8_ANAPOS_SaveConfig
 144              	.LVL1:
 145              	.L16:
 146 001e 00BF     		.align	2
 147              	.L15:
 148 0020 A8430040 		.word	1073759144
 149 0024 00000000 		.word	.LANCHOR0
 150              		.cfi_endproc
 151              	.LFE2:
 152              		.size	VDAC8_ANAPOS_Sleep, .-VDAC8_ANAPOS_Sleep
 153              		.section	.text.VDAC8_ANAPOS_Wakeup,"ax",%progbits
 154              		.align	1
 155              		.global	VDAC8_ANAPOS_Wakeup
 156              		.thumb
 157              		.thumb_func
 158              		.type	VDAC8_ANAPOS_Wakeup, %function
 159              	VDAC8_ANAPOS_Wakeup:
 160              	.LFB3:
 112:.\Generated_Source\PSoC5/VDAC8_ANAPOS_PM.c **** 
 113:.\Generated_Source\PSoC5/VDAC8_ANAPOS_PM.c **** 
 114:.\Generated_Source\PSoC5/VDAC8_ANAPOS_PM.c **** /*******************************************************************************
 115:.\Generated_Source\PSoC5/VDAC8_ANAPOS_PM.c **** * Function Name: VDAC8_ANAPOS_Wakeup
 116:.\Generated_Source\PSoC5/VDAC8_ANAPOS_PM.c **** ********************************************************************************
 117:.\Generated_Source\PSoC5/VDAC8_ANAPOS_PM.c **** *
 118:.\Generated_Source\PSoC5/VDAC8_ANAPOS_PM.c **** * Summary:
 119:.\Generated_Source\PSoC5/VDAC8_ANAPOS_PM.c **** *  Restores and enables the user configuration
 120:.\Generated_Source\PSoC5/VDAC8_ANAPOS_PM.c **** *  
 121:.\Generated_Source\PSoC5/VDAC8_ANAPOS_PM.c **** * Parameters:  
 122:.\Generated_Source\PSoC5/VDAC8_ANAPOS_PM.c **** *  void
 123:.\Generated_Source\PSoC5/VDAC8_ANAPOS_PM.c **** *
 124:.\Generated_Source\PSoC5/VDAC8_ANAPOS_PM.c **** * Return: 
ARM GAS  C:\Users\Graziano\AppData\Local\Temp\cc2goHHV.s 			page 6


 125:.\Generated_Source\PSoC5/VDAC8_ANAPOS_PM.c **** *  void
 126:.\Generated_Source\PSoC5/VDAC8_ANAPOS_PM.c **** *
 127:.\Generated_Source\PSoC5/VDAC8_ANAPOS_PM.c **** * Global variables:
 128:.\Generated_Source\PSoC5/VDAC8_ANAPOS_PM.c **** *  VDAC8_ANAPOS_backup.enableState:  Is used to restore the enable state of 
 129:.\Generated_Source\PSoC5/VDAC8_ANAPOS_PM.c **** *  block on wakeup from sleep mode.
 130:.\Generated_Source\PSoC5/VDAC8_ANAPOS_PM.c **** *
 131:.\Generated_Source\PSoC5/VDAC8_ANAPOS_PM.c **** *******************************************************************************/
 132:.\Generated_Source\PSoC5/VDAC8_ANAPOS_PM.c **** void VDAC8_ANAPOS_Wakeup(void) 
 133:.\Generated_Source\PSoC5/VDAC8_ANAPOS_PM.c **** {
 161              		.loc 1 133 0
 162              		.cfi_startproc
 163              		@ args = 0, pretend = 0, frame = 0
 164              		@ frame_needed = 0, uses_anonymous_args = 0
 165 0000 08B5     		push	{r3, lr}
 166              	.LCFI1:
 167              		.cfi_def_cfa_offset 8
 168              		.cfi_offset 3, -8
 169              		.cfi_offset 14, -4
 134:.\Generated_Source\PSoC5/VDAC8_ANAPOS_PM.c ****     VDAC8_ANAPOS_RestoreConfig();
 170              		.loc 1 134 0
 171 0002 FFF7FEFF 		bl	VDAC8_ANAPOS_RestoreConfig
 172              	.LVL2:
 135:.\Generated_Source\PSoC5/VDAC8_ANAPOS_PM.c ****     
 136:.\Generated_Source\PSoC5/VDAC8_ANAPOS_PM.c ****     if(VDAC8_ANAPOS_backup.enableState == 1u)
 173              		.loc 1 136 0
 174 0006 064B     		ldr	r3, .L19
 175 0008 1878     		ldrb	r0, [r3, #0]	@ zero_extendqisi2
 176 000a 0128     		cmp	r0, #1
 177 000c 07D1     		bne	.L17
 137:.\Generated_Source\PSoC5/VDAC8_ANAPOS_PM.c ****     {
 138:.\Generated_Source\PSoC5/VDAC8_ANAPOS_PM.c ****         /* Enable VDAC8's operation */
 139:.\Generated_Source\PSoC5/VDAC8_ANAPOS_PM.c ****         VDAC8_ANAPOS_Enable();
 178              		.loc 1 139 0
 179 000e FFF7FEFF 		bl	VDAC8_ANAPOS_Enable
 180              	.LVL3:
 140:.\Generated_Source\PSoC5/VDAC8_ANAPOS_PM.c **** 
 141:.\Generated_Source\PSoC5/VDAC8_ANAPOS_PM.c ****         /* Restore the data register */
 142:.\Generated_Source\PSoC5/VDAC8_ANAPOS_PM.c ****         VDAC8_ANAPOS_SetValue(VDAC8_ANAPOS_Data);
 181              		.loc 1 142 0
 182 0012 0449     		ldr	r1, .L19+4
 183 0014 0878     		ldrb	r0, [r1, #0]	@ zero_extendqisi2
 143:.\Generated_Source\PSoC5/VDAC8_ANAPOS_PM.c ****     } /* Do nothing if VDAC8 was disabled before */    
 144:.\Generated_Source\PSoC5/VDAC8_ANAPOS_PM.c **** }
 184              		.loc 1 144 0
 185 0016 BDE80840 		pop	{r3, lr}
 142:.\Generated_Source\PSoC5/VDAC8_ANAPOS_PM.c ****         VDAC8_ANAPOS_SetValue(VDAC8_ANAPOS_Data);
 186              		.loc 1 142 0
 187 001a FFF7FEBF 		b	VDAC8_ANAPOS_SetValue
 188              	.LVL4:
 189              	.L17:
 190 001e 08BD     		pop	{r3, pc}
 191              	.L20:
 192              		.align	2
 193              	.L19:
 194 0020 00000000 		.word	.LANCHOR0
 195 0024 815B0040 		.word	1073765249
 196              		.cfi_endproc
ARM GAS  C:\Users\Graziano\AppData\Local\Temp\cc2goHHV.s 			page 7


 197              	.LFE3:
 198              		.size	VDAC8_ANAPOS_Wakeup, .-VDAC8_ANAPOS_Wakeup
 199              		.bss
 200              		.set	.LANCHOR0,. + 0
 201              		.type	VDAC8_ANAPOS_backup, %object
 202              		.size	VDAC8_ANAPOS_backup, 2
 203              	VDAC8_ANAPOS_backup:
 204 0000 0000     		.space	2
 205              		.text
 206              	.Letext0:
 207              		.file 2 ".\\Generated_Source\\PSoC5\\cytypes.h"
 208              		.file 3 ".\\Generated_Source\\PSoC5\\VDAC8_ANAPOS.h"
 209              		.section	.debug_info,"",%progbits
 210              	.Ldebug_info0:
 211 0000 90010000 		.4byte	0x190
 212 0004 0200     		.2byte	0x2
 213 0006 00000000 		.4byte	.Ldebug_abbrev0
 214 000a 04       		.byte	0x4
 215 000b 01       		.uleb128 0x1
 216 000c CB010000 		.4byte	.LASF23
 217 0010 01       		.byte	0x1
 218 0011 13000000 		.4byte	.LASF24
 219 0015 BB000000 		.4byte	.LASF25
 220 0019 00000000 		.4byte	.Ldebug_ranges0+0
 221 001d 00000000 		.4byte	0
 222 0021 00000000 		.4byte	0
 223 0025 00000000 		.4byte	.Ldebug_line0
 224 0029 02       		.uleb128 0x2
 225 002a 01       		.byte	0x1
 226 002b 06       		.byte	0x6
 227 002c 29020000 		.4byte	.LASF0
 228 0030 02       		.uleb128 0x2
 229 0031 01       		.byte	0x1
 230 0032 08       		.byte	0x8
 231 0033 82000000 		.4byte	.LASF1
 232 0037 02       		.uleb128 0x2
 233 0038 02       		.byte	0x2
 234 0039 05       		.byte	0x5
 235 003a BB010000 		.4byte	.LASF2
 236 003e 02       		.uleb128 0x2
 237 003f 02       		.byte	0x2
 238 0040 07       		.byte	0x7
 239 0041 4B020000 		.4byte	.LASF3
 240 0045 02       		.uleb128 0x2
 241 0046 04       		.byte	0x4
 242 0047 05       		.byte	0x5
 243 0048 14020000 		.4byte	.LASF4
 244 004c 02       		.uleb128 0x2
 245 004d 04       		.byte	0x4
 246 004e 07       		.byte	0x7
 247 004f A9000000 		.4byte	.LASF5
 248 0053 02       		.uleb128 0x2
 249 0054 08       		.byte	0x8
 250 0055 05       		.byte	0x5
 251 0056 7A010000 		.4byte	.LASF6
 252 005a 02       		.uleb128 0x2
 253 005b 08       		.byte	0x8
ARM GAS  C:\Users\Graziano\AppData\Local\Temp\cc2goHHV.s 			page 8


 254 005c 07       		.byte	0x7
 255 005d 4F010000 		.4byte	.LASF7
 256 0061 03       		.uleb128 0x3
 257 0062 04       		.byte	0x4
 258 0063 05       		.byte	0x5
 259 0064 696E7400 		.ascii	"int\000"
 260 0068 02       		.uleb128 0x2
 261 0069 04       		.byte	0x4
 262 006a 07       		.byte	0x7
 263 006b 42010000 		.4byte	.LASF8
 264 006f 04       		.uleb128 0x4
 265 0070 C5010000 		.4byte	.LASF12
 266 0074 02       		.byte	0x2
 267 0075 5B       		.byte	0x5b
 268 0076 30000000 		.4byte	0x30
 269 007a 02       		.uleb128 0x2
 270 007b 04       		.byte	0x4
 271 007c 04       		.byte	0x4
 272 007d 64000000 		.4byte	.LASF9
 273 0081 02       		.uleb128 0x2
 274 0082 08       		.byte	0x8
 275 0083 04       		.byte	0x4
 276 0084 29010000 		.4byte	.LASF10
 277 0088 02       		.uleb128 0x2
 278 0089 01       		.byte	0x1
 279 008a 08       		.byte	0x8
 280 008b 88010000 		.4byte	.LASF11
 281 008f 04       		.uleb128 0x4
 282 0090 90000000 		.4byte	.LASF13
 283 0094 02       		.byte	0x2
 284 0095 F0       		.byte	0xf0
 285 0096 9A000000 		.4byte	0x9a
 286 009a 05       		.uleb128 0x5
 287 009b 6F000000 		.4byte	0x6f
 288 009f 06       		.uleb128 0x6
 289 00a0 02       		.byte	0x2
 290 00a1 03       		.byte	0x3
 291 00a2 25       		.byte	0x25
 292 00a3 C4000000 		.4byte	0xc4
 293 00a7 07       		.uleb128 0x7
 294 00a8 1D020000 		.4byte	.LASF14
 295 00ac 03       		.byte	0x3
 296 00ad 27       		.byte	0x27
 297 00ae 6F000000 		.4byte	0x6f
 298 00b2 02       		.byte	0x2
 299 00b3 23       		.byte	0x23
 300 00b4 00       		.uleb128 0
 301 00b5 07       		.uleb128 0x7
 302 00b6 59000000 		.4byte	.LASF15
 303 00ba 03       		.byte	0x3
 304 00bb 28       		.byte	0x28
 305 00bc 6F000000 		.4byte	0x6f
 306 00c0 02       		.byte	0x2
 307 00c1 23       		.byte	0x23
 308 00c2 01       		.uleb128 0x1
 309 00c3 00       		.byte	0
 310 00c4 04       		.uleb128 0x4
ARM GAS  C:\Users\Graziano\AppData\Local\Temp\cc2goHHV.s 			page 9


 311 00c5 A1010000 		.4byte	.LASF16
 312 00c9 03       		.byte	0x3
 313 00ca 29       		.byte	0x29
 314 00cb 9F000000 		.4byte	0x9f
 315 00cf 08       		.uleb128 0x8
 316 00d0 01       		.byte	0x1
 317 00d1 6A000000 		.4byte	.LASF17
 318 00d5 01       		.byte	0x1
 319 00d6 25       		.byte	0x25
 320 00d7 01       		.byte	0x1
 321 00d8 00000000 		.4byte	.LFB0
 322 00dc 24000000 		.4byte	.LFE0
 323 00e0 02       		.byte	0x2
 324 00e1 7D       		.byte	0x7d
 325 00e2 00       		.sleb128 0
 326 00e3 01       		.byte	0x1
 327 00e4 08       		.uleb128 0x8
 328 00e5 01       		.byte	0x1
 329 00e6 3E000000 		.4byte	.LASF18
 330 00ea 01       		.byte	0x1
 331 00eb 3C       		.byte	0x3c
 332 00ec 01       		.byte	0x1
 333 00ed 00000000 		.4byte	.LFB1
 334 00f1 48000000 		.4byte	.LFE1
 335 00f5 02       		.byte	0x2
 336 00f6 7D       		.byte	0x7d
 337 00f7 00       		.sleb128 0
 338 00f8 01       		.byte	0x1
 339 00f9 09       		.uleb128 0x9
 340 00fa 01       		.byte	0x1
 341 00fb 00000000 		.4byte	.LASF19
 342 00ff 01       		.byte	0x1
 343 0100 5F       		.byte	0x5f
 344 0101 01       		.byte	0x1
 345 0102 00000000 		.4byte	.LFB2
 346 0106 28000000 		.4byte	.LFE2
 347 010a 00000000 		.4byte	.LLST0
 348 010e 01       		.byte	0x1
 349 010f 27010000 		.4byte	0x127
 350 0113 0A       		.uleb128 0xa
 351 0114 16000000 		.4byte	.LVL0
 352 0118 6F010000 		.4byte	0x16f
 353 011c 0B       		.uleb128 0xb
 354 011d 1E000000 		.4byte	.LVL1
 355 0121 01       		.byte	0x1
 356 0122 CF000000 		.4byte	0xcf
 357 0126 00       		.byte	0
 358 0127 09       		.uleb128 0x9
 359 0128 01       		.byte	0x1
 360 0129 8D010000 		.4byte	.LASF20
 361 012d 01       		.byte	0x1
 362 012e 84       		.byte	0x84
 363 012f 01       		.byte	0x1
 364 0130 00000000 		.4byte	.LFB3
 365 0134 28000000 		.4byte	.LFE3
 366 0138 20000000 		.4byte	.LLST1
 367 013c 01       		.byte	0x1
ARM GAS  C:\Users\Graziano\AppData\Local\Temp\cc2goHHV.s 			page 10


 368 013d 5E010000 		.4byte	0x15e
 369 0141 0A       		.uleb128 0xa
 370 0142 06000000 		.4byte	.LVL2
 371 0146 E4000000 		.4byte	0xe4
 372 014a 0A       		.uleb128 0xa
 373 014b 12000000 		.4byte	.LVL3
 374 014f 79010000 		.4byte	0x179
 375 0153 0B       		.uleb128 0xb
 376 0154 1E000000 		.4byte	.LVL4
 377 0158 01       		.byte	0x1
 378 0159 83010000 		.4byte	0x183
 379 015d 00       		.byte	0
 380 015e 0C       		.uleb128 0xc
 381 015f 66010000 		.4byte	.LASF26
 382 0163 01       		.byte	0x1
 383 0164 15       		.byte	0x15
 384 0165 C4000000 		.4byte	0xc4
 385 0169 05       		.byte	0x5
 386 016a 03       		.byte	0x3
 387 016b 00000000 		.4byte	VDAC8_ANAPOS_backup
 388 016f 0D       		.uleb128 0xd
 389 0170 01       		.byte	0x1
 390 0171 30010000 		.4byte	.LASF21
 391 0175 03       		.byte	0x3
 392 0176 34       		.byte	0x34
 393 0177 01       		.byte	0x1
 394 0178 01       		.byte	0x1
 395 0179 0D       		.uleb128 0xd
 396 017a 01       		.byte	0x1
 397 017b 95000000 		.4byte	.LASF22
 398 017f 03       		.byte	0x3
 399 0180 3A       		.byte	0x3a
 400 0181 01       		.byte	0x1
 401 0182 01       		.byte	0x1
 402 0183 0E       		.uleb128 0xe
 403 0184 01       		.byte	0x1
 404 0185 35020000 		.4byte	.LASF27
 405 0189 03       		.byte	0x3
 406 018a 37       		.byte	0x37
 407 018b 01       		.byte	0x1
 408 018c 01       		.byte	0x1
 409 018d 0F       		.uleb128 0xf
 410 018e 6F000000 		.4byte	0x6f
 411 0192 00       		.byte	0
 412 0193 00       		.byte	0
 413              		.section	.debug_abbrev,"",%progbits
 414              	.Ldebug_abbrev0:
 415 0000 01       		.uleb128 0x1
 416 0001 11       		.uleb128 0x11
 417 0002 01       		.byte	0x1
 418 0003 25       		.uleb128 0x25
 419 0004 0E       		.uleb128 0xe
 420 0005 13       		.uleb128 0x13
 421 0006 0B       		.uleb128 0xb
 422 0007 03       		.uleb128 0x3
 423 0008 0E       		.uleb128 0xe
 424 0009 1B       		.uleb128 0x1b
ARM GAS  C:\Users\Graziano\AppData\Local\Temp\cc2goHHV.s 			page 11


 425 000a 0E       		.uleb128 0xe
 426 000b 55       		.uleb128 0x55
 427 000c 06       		.uleb128 0x6
 428 000d 11       		.uleb128 0x11
 429 000e 01       		.uleb128 0x1
 430 000f 52       		.uleb128 0x52
 431 0010 01       		.uleb128 0x1
 432 0011 10       		.uleb128 0x10
 433 0012 06       		.uleb128 0x6
 434 0013 00       		.byte	0
 435 0014 00       		.byte	0
 436 0015 02       		.uleb128 0x2
 437 0016 24       		.uleb128 0x24
 438 0017 00       		.byte	0
 439 0018 0B       		.uleb128 0xb
 440 0019 0B       		.uleb128 0xb
 441 001a 3E       		.uleb128 0x3e
 442 001b 0B       		.uleb128 0xb
 443 001c 03       		.uleb128 0x3
 444 001d 0E       		.uleb128 0xe
 445 001e 00       		.byte	0
 446 001f 00       		.byte	0
 447 0020 03       		.uleb128 0x3
 448 0021 24       		.uleb128 0x24
 449 0022 00       		.byte	0
 450 0023 0B       		.uleb128 0xb
 451 0024 0B       		.uleb128 0xb
 452 0025 3E       		.uleb128 0x3e
 453 0026 0B       		.uleb128 0xb
 454 0027 03       		.uleb128 0x3
 455 0028 08       		.uleb128 0x8
 456 0029 00       		.byte	0
 457 002a 00       		.byte	0
 458 002b 04       		.uleb128 0x4
 459 002c 16       		.uleb128 0x16
 460 002d 00       		.byte	0
 461 002e 03       		.uleb128 0x3
 462 002f 0E       		.uleb128 0xe
 463 0030 3A       		.uleb128 0x3a
 464 0031 0B       		.uleb128 0xb
 465 0032 3B       		.uleb128 0x3b
 466 0033 0B       		.uleb128 0xb
 467 0034 49       		.uleb128 0x49
 468 0035 13       		.uleb128 0x13
 469 0036 00       		.byte	0
 470 0037 00       		.byte	0
 471 0038 05       		.uleb128 0x5
 472 0039 35       		.uleb128 0x35
 473 003a 00       		.byte	0
 474 003b 49       		.uleb128 0x49
 475 003c 13       		.uleb128 0x13
 476 003d 00       		.byte	0
 477 003e 00       		.byte	0
 478 003f 06       		.uleb128 0x6
 479 0040 13       		.uleb128 0x13
 480 0041 01       		.byte	0x1
 481 0042 0B       		.uleb128 0xb
ARM GAS  C:\Users\Graziano\AppData\Local\Temp\cc2goHHV.s 			page 12


 482 0043 0B       		.uleb128 0xb
 483 0044 3A       		.uleb128 0x3a
 484 0045 0B       		.uleb128 0xb
 485 0046 3B       		.uleb128 0x3b
 486 0047 0B       		.uleb128 0xb
 487 0048 01       		.uleb128 0x1
 488 0049 13       		.uleb128 0x13
 489 004a 00       		.byte	0
 490 004b 00       		.byte	0
 491 004c 07       		.uleb128 0x7
 492 004d 0D       		.uleb128 0xd
 493 004e 00       		.byte	0
 494 004f 03       		.uleb128 0x3
 495 0050 0E       		.uleb128 0xe
 496 0051 3A       		.uleb128 0x3a
 497 0052 0B       		.uleb128 0xb
 498 0053 3B       		.uleb128 0x3b
 499 0054 0B       		.uleb128 0xb
 500 0055 49       		.uleb128 0x49
 501 0056 13       		.uleb128 0x13
 502 0057 38       		.uleb128 0x38
 503 0058 0A       		.uleb128 0xa
 504 0059 00       		.byte	0
 505 005a 00       		.byte	0
 506 005b 08       		.uleb128 0x8
 507 005c 2E       		.uleb128 0x2e
 508 005d 00       		.byte	0
 509 005e 3F       		.uleb128 0x3f
 510 005f 0C       		.uleb128 0xc
 511 0060 03       		.uleb128 0x3
 512 0061 0E       		.uleb128 0xe
 513 0062 3A       		.uleb128 0x3a
 514 0063 0B       		.uleb128 0xb
 515 0064 3B       		.uleb128 0x3b
 516 0065 0B       		.uleb128 0xb
 517 0066 27       		.uleb128 0x27
 518 0067 0C       		.uleb128 0xc
 519 0068 11       		.uleb128 0x11
 520 0069 01       		.uleb128 0x1
 521 006a 12       		.uleb128 0x12
 522 006b 01       		.uleb128 0x1
 523 006c 40       		.uleb128 0x40
 524 006d 0A       		.uleb128 0xa
 525 006e 9742     		.uleb128 0x2117
 526 0070 0C       		.uleb128 0xc
 527 0071 00       		.byte	0
 528 0072 00       		.byte	0
 529 0073 09       		.uleb128 0x9
 530 0074 2E       		.uleb128 0x2e
 531 0075 01       		.byte	0x1
 532 0076 3F       		.uleb128 0x3f
 533 0077 0C       		.uleb128 0xc
 534 0078 03       		.uleb128 0x3
 535 0079 0E       		.uleb128 0xe
 536 007a 3A       		.uleb128 0x3a
 537 007b 0B       		.uleb128 0xb
 538 007c 3B       		.uleb128 0x3b
ARM GAS  C:\Users\Graziano\AppData\Local\Temp\cc2goHHV.s 			page 13


 539 007d 0B       		.uleb128 0xb
 540 007e 27       		.uleb128 0x27
 541 007f 0C       		.uleb128 0xc
 542 0080 11       		.uleb128 0x11
 543 0081 01       		.uleb128 0x1
 544 0082 12       		.uleb128 0x12
 545 0083 01       		.uleb128 0x1
 546 0084 40       		.uleb128 0x40
 547 0085 06       		.uleb128 0x6
 548 0086 9742     		.uleb128 0x2117
 549 0088 0C       		.uleb128 0xc
 550 0089 01       		.uleb128 0x1
 551 008a 13       		.uleb128 0x13
 552 008b 00       		.byte	0
 553 008c 00       		.byte	0
 554 008d 0A       		.uleb128 0xa
 555 008e 898201   		.uleb128 0x4109
 556 0091 00       		.byte	0
 557 0092 11       		.uleb128 0x11
 558 0093 01       		.uleb128 0x1
 559 0094 31       		.uleb128 0x31
 560 0095 13       		.uleb128 0x13
 561 0096 00       		.byte	0
 562 0097 00       		.byte	0
 563 0098 0B       		.uleb128 0xb
 564 0099 898201   		.uleb128 0x4109
 565 009c 00       		.byte	0
 566 009d 11       		.uleb128 0x11
 567 009e 01       		.uleb128 0x1
 568 009f 9542     		.uleb128 0x2115
 569 00a1 0C       		.uleb128 0xc
 570 00a2 31       		.uleb128 0x31
 571 00a3 13       		.uleb128 0x13
 572 00a4 00       		.byte	0
 573 00a5 00       		.byte	0
 574 00a6 0C       		.uleb128 0xc
 575 00a7 34       		.uleb128 0x34
 576 00a8 00       		.byte	0
 577 00a9 03       		.uleb128 0x3
 578 00aa 0E       		.uleb128 0xe
 579 00ab 3A       		.uleb128 0x3a
 580 00ac 0B       		.uleb128 0xb
 581 00ad 3B       		.uleb128 0x3b
 582 00ae 0B       		.uleb128 0xb
 583 00af 49       		.uleb128 0x49
 584 00b0 13       		.uleb128 0x13
 585 00b1 02       		.uleb128 0x2
 586 00b2 0A       		.uleb128 0xa
 587 00b3 00       		.byte	0
 588 00b4 00       		.byte	0
 589 00b5 0D       		.uleb128 0xd
 590 00b6 2E       		.uleb128 0x2e
 591 00b7 00       		.byte	0
 592 00b8 3F       		.uleb128 0x3f
 593 00b9 0C       		.uleb128 0xc
 594 00ba 03       		.uleb128 0x3
 595 00bb 0E       		.uleb128 0xe
ARM GAS  C:\Users\Graziano\AppData\Local\Temp\cc2goHHV.s 			page 14


 596 00bc 3A       		.uleb128 0x3a
 597 00bd 0B       		.uleb128 0xb
 598 00be 3B       		.uleb128 0x3b
 599 00bf 0B       		.uleb128 0xb
 600 00c0 27       		.uleb128 0x27
 601 00c1 0C       		.uleb128 0xc
 602 00c2 3C       		.uleb128 0x3c
 603 00c3 0C       		.uleb128 0xc
 604 00c4 00       		.byte	0
 605 00c5 00       		.byte	0
 606 00c6 0E       		.uleb128 0xe
 607 00c7 2E       		.uleb128 0x2e
 608 00c8 01       		.byte	0x1
 609 00c9 3F       		.uleb128 0x3f
 610 00ca 0C       		.uleb128 0xc
 611 00cb 03       		.uleb128 0x3
 612 00cc 0E       		.uleb128 0xe
 613 00cd 3A       		.uleb128 0x3a
 614 00ce 0B       		.uleb128 0xb
 615 00cf 3B       		.uleb128 0x3b
 616 00d0 0B       		.uleb128 0xb
 617 00d1 27       		.uleb128 0x27
 618 00d2 0C       		.uleb128 0xc
 619 00d3 3C       		.uleb128 0x3c
 620 00d4 0C       		.uleb128 0xc
 621 00d5 00       		.byte	0
 622 00d6 00       		.byte	0
 623 00d7 0F       		.uleb128 0xf
 624 00d8 05       		.uleb128 0x5
 625 00d9 00       		.byte	0
 626 00da 49       		.uleb128 0x49
 627 00db 13       		.uleb128 0x13
 628 00dc 00       		.byte	0
 629 00dd 00       		.byte	0
 630 00de 00       		.byte	0
 631              		.section	.debug_loc,"",%progbits
 632              	.Ldebug_loc0:
 633              	.LLST0:
 634 0000 00000000 		.4byte	.LFB2
 635 0004 02000000 		.4byte	.LCFI0
 636 0008 0200     		.2byte	0x2
 637 000a 7D       		.byte	0x7d
 638 000b 00       		.sleb128 0
 639 000c 02000000 		.4byte	.LCFI0
 640 0010 28000000 		.4byte	.LFE2
 641 0014 0200     		.2byte	0x2
 642 0016 7D       		.byte	0x7d
 643 0017 08       		.sleb128 8
 644 0018 00000000 		.4byte	0
 645 001c 00000000 		.4byte	0
 646              	.LLST1:
 647 0020 00000000 		.4byte	.LFB3
 648 0024 02000000 		.4byte	.LCFI1
 649 0028 0200     		.2byte	0x2
 650 002a 7D       		.byte	0x7d
 651 002b 00       		.sleb128 0
 652 002c 02000000 		.4byte	.LCFI1
ARM GAS  C:\Users\Graziano\AppData\Local\Temp\cc2goHHV.s 			page 15


 653 0030 28000000 		.4byte	.LFE3
 654 0034 0200     		.2byte	0x2
 655 0036 7D       		.byte	0x7d
 656 0037 08       		.sleb128 8
 657 0038 00000000 		.4byte	0
 658 003c 00000000 		.4byte	0
 659              		.section	.debug_aranges,"",%progbits
 660 0000 34000000 		.4byte	0x34
 661 0004 0200     		.2byte	0x2
 662 0006 00000000 		.4byte	.Ldebug_info0
 663 000a 04       		.byte	0x4
 664 000b 00       		.byte	0
 665 000c 0000     		.2byte	0
 666 000e 0000     		.2byte	0
 667 0010 00000000 		.4byte	.LFB0
 668 0014 24000000 		.4byte	.LFE0-.LFB0
 669 0018 00000000 		.4byte	.LFB1
 670 001c 48000000 		.4byte	.LFE1-.LFB1
 671 0020 00000000 		.4byte	.LFB2
 672 0024 28000000 		.4byte	.LFE2-.LFB2
 673 0028 00000000 		.4byte	.LFB3
 674 002c 28000000 		.4byte	.LFE3-.LFB3
 675 0030 00000000 		.4byte	0
 676 0034 00000000 		.4byte	0
 677              		.section	.debug_ranges,"",%progbits
 678              	.Ldebug_ranges0:
 679 0000 00000000 		.4byte	.LFB0
 680 0004 24000000 		.4byte	.LFE0
 681 0008 00000000 		.4byte	.LFB1
 682 000c 48000000 		.4byte	.LFE1
 683 0010 00000000 		.4byte	.LFB2
 684 0014 28000000 		.4byte	.LFE2
 685 0018 00000000 		.4byte	.LFB3
 686 001c 28000000 		.4byte	.LFE3
 687 0020 00000000 		.4byte	0
 688 0024 00000000 		.4byte	0
 689              		.section	.debug_line,"",%progbits
 690              	.Ldebug_line0:
 691 0000 B8000000 		.section	.debug_str,"MS",%progbits,1
 691      02006000 
 691      00000201 
 691      FB0E0D00 
 691      01010101 
 692              	.LASF19:
 693 0000 56444143 		.ascii	"VDAC8_ANAPOS_Sleep\000"
 693      385F414E 
 693      41504F53 
 693      5F536C65 
 693      657000
 694              	.LASF24:
 695 0013 2E5C4765 		.ascii	".\\Generated_Source\\PSoC5\\VDAC8_ANAPOS_PM.c\000"
 695      6E657261 
 695      7465645F 
 695      536F7572 
 695      63655C50 
 696              	.LASF18:
 697 003e 56444143 		.ascii	"VDAC8_ANAPOS_RestoreConfig\000"
ARM GAS  C:\Users\Graziano\AppData\Local\Temp\cc2goHHV.s 			page 16


 697      385F414E 
 697      41504F53 
 697      5F526573 
 697      746F7265 
 698              	.LASF15:
 699 0059 64617461 		.ascii	"data_value\000"
 699      5F76616C 
 699      756500
 700              	.LASF9:
 701 0064 666C6F61 		.ascii	"float\000"
 701      7400
 702              	.LASF17:
 703 006a 56444143 		.ascii	"VDAC8_ANAPOS_SaveConfig\000"
 703      385F414E 
 703      41504F53 
 703      5F536176 
 703      65436F6E 
 704              	.LASF1:
 705 0082 756E7369 		.ascii	"unsigned char\000"
 705      676E6564 
 705      20636861 
 705      7200
 706              	.LASF13:
 707 0090 72656738 		.ascii	"reg8\000"
 707      00
 708              	.LASF22:
 709 0095 56444143 		.ascii	"VDAC8_ANAPOS_Enable\000"
 709      385F414E 
 709      41504F53 
 709      5F456E61 
 709      626C6500 
 710              	.LASF5:
 711 00a9 6C6F6E67 		.ascii	"long unsigned int\000"
 711      20756E73 
 711      69676E65 
 711      6420696E 
 711      7400
 712              	.LASF25:
 713 00bb 433A5C55 		.ascii	"C:\\Users\\Graziano\\Desktop\\PSOC CODES\\GOBEE DIR"
 713      73657273 
 713      5C477261 
 713      7A69616E 
 713      6F5C4465 
 714 00e9 4543544F 		.ascii	"ECTOR\\Vers.0.0-T05 2017-0201 C3.0 (test board V)\\"
 714      525C5665 
 714      72732E30 
 714      2E302D54 
 714      30352032 
 715 011a 476F6265 		.ascii	"GobeeDir.cydsn\000"
 715      65446972 
 715      2E637964 
 715      736E00
 716              	.LASF10:
 717 0129 646F7562 		.ascii	"double\000"
 717      6C6500
 718              	.LASF21:
 719 0130 56444143 		.ascii	"VDAC8_ANAPOS_Stop\000"
ARM GAS  C:\Users\Graziano\AppData\Local\Temp\cc2goHHV.s 			page 17


 719      385F414E 
 719      41504F53 
 719      5F53746F 
 719      7000
 720              	.LASF8:
 721 0142 756E7369 		.ascii	"unsigned int\000"
 721      676E6564 
 721      20696E74 
 721      00
 722              	.LASF7:
 723 014f 6C6F6E67 		.ascii	"long long unsigned int\000"
 723      206C6F6E 
 723      6720756E 
 723      7369676E 
 723      65642069 
 724              	.LASF26:
 725 0166 56444143 		.ascii	"VDAC8_ANAPOS_backup\000"
 725      385F414E 
 725      41504F53 
 725      5F626163 
 725      6B757000 
 726              	.LASF6:
 727 017a 6C6F6E67 		.ascii	"long long int\000"
 727      206C6F6E 
 727      6720696E 
 727      7400
 728              	.LASF11:
 729 0188 63686172 		.ascii	"char\000"
 729      00
 730              	.LASF20:
 731 018d 56444143 		.ascii	"VDAC8_ANAPOS_Wakeup\000"
 731      385F414E 
 731      41504F53 
 731      5F57616B 
 731      65757000 
 732              	.LASF16:
 733 01a1 56444143 		.ascii	"VDAC8_ANAPOS_backupStruct\000"
 733      385F414E 
 733      41504F53 
 733      5F626163 
 733      6B757053 
 734              	.LASF2:
 735 01bb 73686F72 		.ascii	"short int\000"
 735      7420696E 
 735      7400
 736              	.LASF12:
 737 01c5 75696E74 		.ascii	"uint8\000"
 737      3800
 738              	.LASF23:
 739 01cb 474E5520 		.ascii	"GNU C 4.7.3 20130312 (release) [ARM/embedded-4_7-br"
 739      4320342E 
 739      372E3320 
 739      32303133 
 739      30333132 
 740 01fe 616E6368 		.ascii	"anch revision 196615]\000"
 740      20726576 
 740      6973696F 
ARM GAS  C:\Users\Graziano\AppData\Local\Temp\cc2goHHV.s 			page 18


 740      6E203139 
 740      36363135 
 741              	.LASF4:
 742 0214 6C6F6E67 		.ascii	"long int\000"
 742      20696E74 
 742      00
 743              	.LASF14:
 744 021d 656E6162 		.ascii	"enableState\000"
 744      6C655374 
 744      61746500 
 745              	.LASF0:
 746 0229 7369676E 		.ascii	"signed char\000"
 746      65642063 
 746      68617200 
 747              	.LASF27:
 748 0235 56444143 		.ascii	"VDAC8_ANAPOS_SetValue\000"
 748      385F414E 
 748      41504F53 
 748      5F536574 
 748      56616C75 
 749              	.LASF3:
 750 024b 73686F72 		.ascii	"short unsigned int\000"
 750      7420756E 
 750      7369676E 
 750      65642069 
 750      6E7400
 751              		.ident	"GCC: (GNU Tools for ARM Embedded Processors) 4.7.3 20130312 (release) [ARM/embedded-4_7-br
