ARM GAS  C:\Users\Graziano\AppData\Local\Temp\ccZb45zV.s 			page 1


   1              		.syntax unified
   2              		.cpu cortex-m3
   3              		.fpu softvfp
   4              		.eabi_attribute 20, 1
   5              		.eabi_attribute 21, 1
   6              		.eabi_attribute 23, 3
   7              		.eabi_attribute 24, 1
   8              		.eabi_attribute 25, 1
   9              		.eabi_attribute 26, 1
  10              		.eabi_attribute 30, 4
  11              		.eabi_attribute 34, 1
  12              		.eabi_attribute 18, 4
  13              		.thumb
  14              		.file	"WaveDAC8_VDAC8.c"
  15              		.text
  16              	.Ltext0:
  17              		.cfi_sections	.debug_frame
  18              		.section	.text.WaveDAC8_VDAC8_Enable,"ax",%progbits
  19              		.align	1
  20              		.global	WaveDAC8_VDAC8_Enable
  21              		.thumb
  22              		.thumb_func
  23              		.type	WaveDAC8_VDAC8_Enable, %function
  24              	WaveDAC8_VDAC8_Enable:
  25              	.LFB1:
  26              		.file 1 ".\\Generated_Source\\PSoC5\\WaveDAC8_VDAC8.c"
   1:.\Generated_Source\PSoC5/WaveDAC8_VDAC8.c **** /*******************************************************************************
   2:.\Generated_Source\PSoC5/WaveDAC8_VDAC8.c **** * File Name: WaveDAC8_VDAC8.c  
   3:.\Generated_Source\PSoC5/WaveDAC8_VDAC8.c **** * Version 1.90
   4:.\Generated_Source\PSoC5/WaveDAC8_VDAC8.c **** *
   5:.\Generated_Source\PSoC5/WaveDAC8_VDAC8.c **** * Description:
   6:.\Generated_Source\PSoC5/WaveDAC8_VDAC8.c **** *  This file provides the source code to the API for the 8-bit Voltage DAC 
   7:.\Generated_Source\PSoC5/WaveDAC8_VDAC8.c **** *  (VDAC8) User Module.
   8:.\Generated_Source\PSoC5/WaveDAC8_VDAC8.c **** *
   9:.\Generated_Source\PSoC5/WaveDAC8_VDAC8.c **** * Note:
  10:.\Generated_Source\PSoC5/WaveDAC8_VDAC8.c **** *  Any unusual or non-standard behavior should be noted here. Other-
  11:.\Generated_Source\PSoC5/WaveDAC8_VDAC8.c **** *  wise, this section should remain blank.
  12:.\Generated_Source\PSoC5/WaveDAC8_VDAC8.c **** *
  13:.\Generated_Source\PSoC5/WaveDAC8_VDAC8.c **** ********************************************************************************
  14:.\Generated_Source\PSoC5/WaveDAC8_VDAC8.c **** * Copyright 2008-2012, Cypress Semiconductor Corporation.  All rights reserved.
  15:.\Generated_Source\PSoC5/WaveDAC8_VDAC8.c **** * You may use this file only in accordance with the license, terms, conditions, 
  16:.\Generated_Source\PSoC5/WaveDAC8_VDAC8.c **** * disclaimers, and limitations in the end user license agreement accompanying 
  17:.\Generated_Source\PSoC5/WaveDAC8_VDAC8.c **** * the software package with which this file was provided.
  18:.\Generated_Source\PSoC5/WaveDAC8_VDAC8.c **** *******************************************************************************/
  19:.\Generated_Source\PSoC5/WaveDAC8_VDAC8.c **** 
  20:.\Generated_Source\PSoC5/WaveDAC8_VDAC8.c **** #include "cytypes.h"
  21:.\Generated_Source\PSoC5/WaveDAC8_VDAC8.c **** #include "WaveDAC8_VDAC8.h"
  22:.\Generated_Source\PSoC5/WaveDAC8_VDAC8.c **** 
  23:.\Generated_Source\PSoC5/WaveDAC8_VDAC8.c **** #if (CY_PSOC5A)
  24:.\Generated_Source\PSoC5/WaveDAC8_VDAC8.c **** #include <CyLib.h>
  25:.\Generated_Source\PSoC5/WaveDAC8_VDAC8.c **** #endif /* CY_PSOC5A */
  26:.\Generated_Source\PSoC5/WaveDAC8_VDAC8.c **** 
  27:.\Generated_Source\PSoC5/WaveDAC8_VDAC8.c **** uint8 WaveDAC8_VDAC8_initVar = 0u;
  28:.\Generated_Source\PSoC5/WaveDAC8_VDAC8.c **** 
  29:.\Generated_Source\PSoC5/WaveDAC8_VDAC8.c **** #if (CY_PSOC5A)
  30:.\Generated_Source\PSoC5/WaveDAC8_VDAC8.c ****     static uint8 WaveDAC8_VDAC8_restoreVal = 0u;
  31:.\Generated_Source\PSoC5/WaveDAC8_VDAC8.c **** #endif /* CY_PSOC5A */
ARM GAS  C:\Users\Graziano\AppData\Local\Temp\ccZb45zV.s 			page 2


  32:.\Generated_Source\PSoC5/WaveDAC8_VDAC8.c **** 
  33:.\Generated_Source\PSoC5/WaveDAC8_VDAC8.c **** #if (CY_PSOC5A)
  34:.\Generated_Source\PSoC5/WaveDAC8_VDAC8.c ****     static WaveDAC8_VDAC8_backupStruct WaveDAC8_VDAC8_backup;
  35:.\Generated_Source\PSoC5/WaveDAC8_VDAC8.c **** #endif /* CY_PSOC5A */
  36:.\Generated_Source\PSoC5/WaveDAC8_VDAC8.c **** 
  37:.\Generated_Source\PSoC5/WaveDAC8_VDAC8.c **** 
  38:.\Generated_Source\PSoC5/WaveDAC8_VDAC8.c **** /*******************************************************************************
  39:.\Generated_Source\PSoC5/WaveDAC8_VDAC8.c **** * Function Name: WaveDAC8_VDAC8_Init
  40:.\Generated_Source\PSoC5/WaveDAC8_VDAC8.c **** ********************************************************************************
  41:.\Generated_Source\PSoC5/WaveDAC8_VDAC8.c **** * Summary:
  42:.\Generated_Source\PSoC5/WaveDAC8_VDAC8.c **** *  Initialize to the schematic state.
  43:.\Generated_Source\PSoC5/WaveDAC8_VDAC8.c **** * 
  44:.\Generated_Source\PSoC5/WaveDAC8_VDAC8.c **** * Parameters:
  45:.\Generated_Source\PSoC5/WaveDAC8_VDAC8.c **** *  void:
  46:.\Generated_Source\PSoC5/WaveDAC8_VDAC8.c **** *
  47:.\Generated_Source\PSoC5/WaveDAC8_VDAC8.c **** * Return:
  48:.\Generated_Source\PSoC5/WaveDAC8_VDAC8.c **** *  void
  49:.\Generated_Source\PSoC5/WaveDAC8_VDAC8.c **** *
  50:.\Generated_Source\PSoC5/WaveDAC8_VDAC8.c **** * Theory:
  51:.\Generated_Source\PSoC5/WaveDAC8_VDAC8.c **** *
  52:.\Generated_Source\PSoC5/WaveDAC8_VDAC8.c **** * Side Effects:
  53:.\Generated_Source\PSoC5/WaveDAC8_VDAC8.c **** *
  54:.\Generated_Source\PSoC5/WaveDAC8_VDAC8.c **** *******************************************************************************/
  55:.\Generated_Source\PSoC5/WaveDAC8_VDAC8.c **** void WaveDAC8_VDAC8_Init(void) 
  56:.\Generated_Source\PSoC5/WaveDAC8_VDAC8.c **** {
  57:.\Generated_Source\PSoC5/WaveDAC8_VDAC8.c ****     WaveDAC8_VDAC8_CR0 = (WaveDAC8_VDAC8_MODE_V );
  58:.\Generated_Source\PSoC5/WaveDAC8_VDAC8.c **** 
  59:.\Generated_Source\PSoC5/WaveDAC8_VDAC8.c ****     /* Set default data source */
  60:.\Generated_Source\PSoC5/WaveDAC8_VDAC8.c ****     #if(WaveDAC8_VDAC8_DEFAULT_DATA_SRC != 0 )
  61:.\Generated_Source\PSoC5/WaveDAC8_VDAC8.c ****         WaveDAC8_VDAC8_CR1 = (WaveDAC8_VDAC8_DEFAULT_CNTL | WaveDAC8_VDAC8_DACBUS_ENABLE) ;
  62:.\Generated_Source\PSoC5/WaveDAC8_VDAC8.c ****     #else
  63:.\Generated_Source\PSoC5/WaveDAC8_VDAC8.c ****         WaveDAC8_VDAC8_CR1 = (WaveDAC8_VDAC8_DEFAULT_CNTL | WaveDAC8_VDAC8_DACBUS_DISABLE) ;
  64:.\Generated_Source\PSoC5/WaveDAC8_VDAC8.c ****     #endif /* (WaveDAC8_VDAC8_DEFAULT_DATA_SRC != 0 ) */
  65:.\Generated_Source\PSoC5/WaveDAC8_VDAC8.c **** 
  66:.\Generated_Source\PSoC5/WaveDAC8_VDAC8.c ****     /* Set default strobe mode */
  67:.\Generated_Source\PSoC5/WaveDAC8_VDAC8.c ****     #if(WaveDAC8_VDAC8_DEFAULT_STRB != 0)
  68:.\Generated_Source\PSoC5/WaveDAC8_VDAC8.c ****         WaveDAC8_VDAC8_Strobe |= WaveDAC8_VDAC8_STRB_EN ;
  69:.\Generated_Source\PSoC5/WaveDAC8_VDAC8.c ****     #endif/* (WaveDAC8_VDAC8_DEFAULT_STRB != 0) */
  70:.\Generated_Source\PSoC5/WaveDAC8_VDAC8.c **** 
  71:.\Generated_Source\PSoC5/WaveDAC8_VDAC8.c ****     /* Set default range */
  72:.\Generated_Source\PSoC5/WaveDAC8_VDAC8.c ****     WaveDAC8_VDAC8_SetRange(WaveDAC8_VDAC8_DEFAULT_RANGE); 
  73:.\Generated_Source\PSoC5/WaveDAC8_VDAC8.c **** 
  74:.\Generated_Source\PSoC5/WaveDAC8_VDAC8.c ****     /* Set default speed */
  75:.\Generated_Source\PSoC5/WaveDAC8_VDAC8.c ****     WaveDAC8_VDAC8_SetSpeed(WaveDAC8_VDAC8_DEFAULT_SPEED);
  76:.\Generated_Source\PSoC5/WaveDAC8_VDAC8.c **** }
  77:.\Generated_Source\PSoC5/WaveDAC8_VDAC8.c **** 
  78:.\Generated_Source\PSoC5/WaveDAC8_VDAC8.c **** 
  79:.\Generated_Source\PSoC5/WaveDAC8_VDAC8.c **** /*******************************************************************************
  80:.\Generated_Source\PSoC5/WaveDAC8_VDAC8.c **** * Function Name: WaveDAC8_VDAC8_Enable
  81:.\Generated_Source\PSoC5/WaveDAC8_VDAC8.c **** ********************************************************************************
  82:.\Generated_Source\PSoC5/WaveDAC8_VDAC8.c **** * Summary:
  83:.\Generated_Source\PSoC5/WaveDAC8_VDAC8.c **** *  Enable the VDAC8
  84:.\Generated_Source\PSoC5/WaveDAC8_VDAC8.c **** * 
  85:.\Generated_Source\PSoC5/WaveDAC8_VDAC8.c **** * Parameters:
  86:.\Generated_Source\PSoC5/WaveDAC8_VDAC8.c **** *  void
  87:.\Generated_Source\PSoC5/WaveDAC8_VDAC8.c **** *
  88:.\Generated_Source\PSoC5/WaveDAC8_VDAC8.c **** * Return:
ARM GAS  C:\Users\Graziano\AppData\Local\Temp\ccZb45zV.s 			page 3


  89:.\Generated_Source\PSoC5/WaveDAC8_VDAC8.c **** *  void
  90:.\Generated_Source\PSoC5/WaveDAC8_VDAC8.c **** *
  91:.\Generated_Source\PSoC5/WaveDAC8_VDAC8.c **** * Theory:
  92:.\Generated_Source\PSoC5/WaveDAC8_VDAC8.c **** *
  93:.\Generated_Source\PSoC5/WaveDAC8_VDAC8.c **** * Side Effects:
  94:.\Generated_Source\PSoC5/WaveDAC8_VDAC8.c **** *
  95:.\Generated_Source\PSoC5/WaveDAC8_VDAC8.c **** *******************************************************************************/
  96:.\Generated_Source\PSoC5/WaveDAC8_VDAC8.c **** void WaveDAC8_VDAC8_Enable(void) 
  97:.\Generated_Source\PSoC5/WaveDAC8_VDAC8.c **** {
  27              		.loc 1 97 0
  28              		.cfi_startproc
  29              		@ args = 0, pretend = 0, frame = 0
  30              		@ frame_needed = 0, uses_anonymous_args = 0
  31              		@ link register save eliminated.
  98:.\Generated_Source\PSoC5/WaveDAC8_VDAC8.c ****     WaveDAC8_VDAC8_PWRMGR |= WaveDAC8_VDAC8_ACT_PWR_EN;
  32              		.loc 1 98 0
  33 0000 044B     		ldr	r3, .L2
  34 0002 1A78     		ldrb	r2, [r3, #0]	@ zero_extendqisi2
  35 0004 42F00100 		orr	r0, r2, #1
  36 0008 1870     		strb	r0, [r3, #0]
  99:.\Generated_Source\PSoC5/WaveDAC8_VDAC8.c ****     WaveDAC8_VDAC8_STBY_PWRMGR |= WaveDAC8_VDAC8_STBY_PWR_EN;
  37              		.loc 1 99 0
  38 000a 197C     		ldrb	r1, [r3, #16]	@ zero_extendqisi2
  39 000c 41F00102 		orr	r2, r1, #1
  40 0010 1A74     		strb	r2, [r3, #16]
  41 0012 7047     		bx	lr
  42              	.L3:
  43              		.align	2
  44              	.L2:
  45 0014 A8430040 		.word	1073759144
  46              		.cfi_endproc
  47              	.LFE1:
  48              		.size	WaveDAC8_VDAC8_Enable, .-WaveDAC8_VDAC8_Enable
  49              		.section	.text.WaveDAC8_VDAC8_Stop,"ax",%progbits
  50              		.align	1
  51              		.global	WaveDAC8_VDAC8_Stop
  52              		.thumb
  53              		.thumb_func
  54              		.type	WaveDAC8_VDAC8_Stop, %function
  55              	WaveDAC8_VDAC8_Stop:
  56              	.LFB3:
 100:.\Generated_Source\PSoC5/WaveDAC8_VDAC8.c **** 
 101:.\Generated_Source\PSoC5/WaveDAC8_VDAC8.c ****     /*This is to restore the value of register CR0 ,
 102:.\Generated_Source\PSoC5/WaveDAC8_VDAC8.c ****     which is modified  in Stop API , this prevents misbehaviour of VDAC */
 103:.\Generated_Source\PSoC5/WaveDAC8_VDAC8.c ****     #if (CY_PSOC5A)
 104:.\Generated_Source\PSoC5/WaveDAC8_VDAC8.c ****         if(WaveDAC8_VDAC8_restoreVal == 1u) 
 105:.\Generated_Source\PSoC5/WaveDAC8_VDAC8.c ****         {
 106:.\Generated_Source\PSoC5/WaveDAC8_VDAC8.c ****              WaveDAC8_VDAC8_CR0 = WaveDAC8_VDAC8_backup.data_value;
 107:.\Generated_Source\PSoC5/WaveDAC8_VDAC8.c ****              WaveDAC8_VDAC8_restoreVal = 0u;
 108:.\Generated_Source\PSoC5/WaveDAC8_VDAC8.c ****         }
 109:.\Generated_Source\PSoC5/WaveDAC8_VDAC8.c ****     #endif /* CY_PSOC5A */
 110:.\Generated_Source\PSoC5/WaveDAC8_VDAC8.c **** }
 111:.\Generated_Source\PSoC5/WaveDAC8_VDAC8.c **** 
 112:.\Generated_Source\PSoC5/WaveDAC8_VDAC8.c **** 
 113:.\Generated_Source\PSoC5/WaveDAC8_VDAC8.c **** /*******************************************************************************
 114:.\Generated_Source\PSoC5/WaveDAC8_VDAC8.c **** * Function Name: WaveDAC8_VDAC8_Start
 115:.\Generated_Source\PSoC5/WaveDAC8_VDAC8.c **** ********************************************************************************
ARM GAS  C:\Users\Graziano\AppData\Local\Temp\ccZb45zV.s 			page 4


 116:.\Generated_Source\PSoC5/WaveDAC8_VDAC8.c **** *
 117:.\Generated_Source\PSoC5/WaveDAC8_VDAC8.c **** * Summary:
 118:.\Generated_Source\PSoC5/WaveDAC8_VDAC8.c **** *  The start function initializes the voltage DAC with the default values, 
 119:.\Generated_Source\PSoC5/WaveDAC8_VDAC8.c **** *  and sets the power to the given level.  A power level of 0, is the same as
 120:.\Generated_Source\PSoC5/WaveDAC8_VDAC8.c **** *  executing the stop function.
 121:.\Generated_Source\PSoC5/WaveDAC8_VDAC8.c **** *
 122:.\Generated_Source\PSoC5/WaveDAC8_VDAC8.c **** * Parameters:
 123:.\Generated_Source\PSoC5/WaveDAC8_VDAC8.c **** *  Power: Sets power level between off (0) and (3) high power
 124:.\Generated_Source\PSoC5/WaveDAC8_VDAC8.c **** *
 125:.\Generated_Source\PSoC5/WaveDAC8_VDAC8.c **** * Return:
 126:.\Generated_Source\PSoC5/WaveDAC8_VDAC8.c **** *  void 
 127:.\Generated_Source\PSoC5/WaveDAC8_VDAC8.c **** *
 128:.\Generated_Source\PSoC5/WaveDAC8_VDAC8.c **** * Global variables:
 129:.\Generated_Source\PSoC5/WaveDAC8_VDAC8.c **** *  WaveDAC8_VDAC8_initVar: Is modified when this function is called for the 
 130:.\Generated_Source\PSoC5/WaveDAC8_VDAC8.c **** *  first time. Is used to ensure that initialization happens only once.
 131:.\Generated_Source\PSoC5/WaveDAC8_VDAC8.c **** *
 132:.\Generated_Source\PSoC5/WaveDAC8_VDAC8.c **** *******************************************************************************/
 133:.\Generated_Source\PSoC5/WaveDAC8_VDAC8.c **** void WaveDAC8_VDAC8_Start(void)  
 134:.\Generated_Source\PSoC5/WaveDAC8_VDAC8.c **** {
 135:.\Generated_Source\PSoC5/WaveDAC8_VDAC8.c ****     /* Hardware initiazation only needs to occure the first time */
 136:.\Generated_Source\PSoC5/WaveDAC8_VDAC8.c ****     if(WaveDAC8_VDAC8_initVar == 0u)
 137:.\Generated_Source\PSoC5/WaveDAC8_VDAC8.c ****     { 
 138:.\Generated_Source\PSoC5/WaveDAC8_VDAC8.c ****         WaveDAC8_VDAC8_Init();
 139:.\Generated_Source\PSoC5/WaveDAC8_VDAC8.c ****         WaveDAC8_VDAC8_initVar = 1u;
 140:.\Generated_Source\PSoC5/WaveDAC8_VDAC8.c ****     }
 141:.\Generated_Source\PSoC5/WaveDAC8_VDAC8.c **** 
 142:.\Generated_Source\PSoC5/WaveDAC8_VDAC8.c ****     /* Enable power to DAC */
 143:.\Generated_Source\PSoC5/WaveDAC8_VDAC8.c ****     WaveDAC8_VDAC8_Enable();
 144:.\Generated_Source\PSoC5/WaveDAC8_VDAC8.c **** 
 145:.\Generated_Source\PSoC5/WaveDAC8_VDAC8.c ****     /* Set default value */
 146:.\Generated_Source\PSoC5/WaveDAC8_VDAC8.c ****     WaveDAC8_VDAC8_SetValue(WaveDAC8_VDAC8_DEFAULT_DATA); 
 147:.\Generated_Source\PSoC5/WaveDAC8_VDAC8.c **** }
 148:.\Generated_Source\PSoC5/WaveDAC8_VDAC8.c **** 
 149:.\Generated_Source\PSoC5/WaveDAC8_VDAC8.c **** 
 150:.\Generated_Source\PSoC5/WaveDAC8_VDAC8.c **** /*******************************************************************************
 151:.\Generated_Source\PSoC5/WaveDAC8_VDAC8.c **** * Function Name: WaveDAC8_VDAC8_Stop
 152:.\Generated_Source\PSoC5/WaveDAC8_VDAC8.c **** ********************************************************************************
 153:.\Generated_Source\PSoC5/WaveDAC8_VDAC8.c **** *
 154:.\Generated_Source\PSoC5/WaveDAC8_VDAC8.c **** * Summary:
 155:.\Generated_Source\PSoC5/WaveDAC8_VDAC8.c **** *  Powers down DAC to lowest power state.
 156:.\Generated_Source\PSoC5/WaveDAC8_VDAC8.c **** *
 157:.\Generated_Source\PSoC5/WaveDAC8_VDAC8.c **** * Parameters:
 158:.\Generated_Source\PSoC5/WaveDAC8_VDAC8.c **** *  void
 159:.\Generated_Source\PSoC5/WaveDAC8_VDAC8.c **** *
 160:.\Generated_Source\PSoC5/WaveDAC8_VDAC8.c **** * Return:
 161:.\Generated_Source\PSoC5/WaveDAC8_VDAC8.c **** *  void
 162:.\Generated_Source\PSoC5/WaveDAC8_VDAC8.c **** *
 163:.\Generated_Source\PSoC5/WaveDAC8_VDAC8.c **** * Theory:
 164:.\Generated_Source\PSoC5/WaveDAC8_VDAC8.c **** *
 165:.\Generated_Source\PSoC5/WaveDAC8_VDAC8.c **** * Side Effects:
 166:.\Generated_Source\PSoC5/WaveDAC8_VDAC8.c **** *
 167:.\Generated_Source\PSoC5/WaveDAC8_VDAC8.c **** *******************************************************************************/
 168:.\Generated_Source\PSoC5/WaveDAC8_VDAC8.c **** void WaveDAC8_VDAC8_Stop(void) 
 169:.\Generated_Source\PSoC5/WaveDAC8_VDAC8.c **** {
  57              		.loc 1 169 0
  58              		.cfi_startproc
  59              		@ args = 0, pretend = 0, frame = 0
ARM GAS  C:\Users\Graziano\AppData\Local\Temp\ccZb45zV.s 			page 5


  60              		@ frame_needed = 0, uses_anonymous_args = 0
  61              		@ link register save eliminated.
 170:.\Generated_Source\PSoC5/WaveDAC8_VDAC8.c ****     /* Disble power to DAC */
 171:.\Generated_Source\PSoC5/WaveDAC8_VDAC8.c ****     WaveDAC8_VDAC8_PWRMGR &= (uint8)(~WaveDAC8_VDAC8_ACT_PWR_EN);
  62              		.loc 1 171 0
  63 0000 044B     		ldr	r3, .L5
  64 0002 1A78     		ldrb	r2, [r3, #0]	@ zero_extendqisi2
  65 0004 02F0FE00 		and	r0, r2, #254
  66 0008 1870     		strb	r0, [r3, #0]
 172:.\Generated_Source\PSoC5/WaveDAC8_VDAC8.c ****     WaveDAC8_VDAC8_STBY_PWRMGR &= (uint8)(~WaveDAC8_VDAC8_STBY_PWR_EN);
  67              		.loc 1 172 0
  68 000a 197C     		ldrb	r1, [r3, #16]	@ zero_extendqisi2
  69 000c 01F0FE02 		and	r2, r1, #254
  70 0010 1A74     		strb	r2, [r3, #16]
  71 0012 7047     		bx	lr
  72              	.L6:
  73              		.align	2
  74              	.L5:
  75 0014 A8430040 		.word	1073759144
  76              		.cfi_endproc
  77              	.LFE3:
  78              		.size	WaveDAC8_VDAC8_Stop, .-WaveDAC8_VDAC8_Stop
  79              		.section	.text.WaveDAC8_VDAC8_SetSpeed,"ax",%progbits
  80              		.align	1
  81              		.global	WaveDAC8_VDAC8_SetSpeed
  82              		.thumb
  83              		.thumb_func
  84              		.type	WaveDAC8_VDAC8_SetSpeed, %function
  85              	WaveDAC8_VDAC8_SetSpeed:
  86              	.LFB4:
 173:.\Generated_Source\PSoC5/WaveDAC8_VDAC8.c **** 
 174:.\Generated_Source\PSoC5/WaveDAC8_VDAC8.c ****     /* This is a work around for PSoC5A  ,
 175:.\Generated_Source\PSoC5/WaveDAC8_VDAC8.c ****     this sets VDAC to current mode with output off */
 176:.\Generated_Source\PSoC5/WaveDAC8_VDAC8.c ****     #if (CY_PSOC5A)
 177:.\Generated_Source\PSoC5/WaveDAC8_VDAC8.c ****         WaveDAC8_VDAC8_backup.data_value = WaveDAC8_VDAC8_CR0;
 178:.\Generated_Source\PSoC5/WaveDAC8_VDAC8.c ****         WaveDAC8_VDAC8_CR0 = WaveDAC8_VDAC8_CUR_MODE_OUT_OFF;
 179:.\Generated_Source\PSoC5/WaveDAC8_VDAC8.c ****         WaveDAC8_VDAC8_restoreVal = 1u;
 180:.\Generated_Source\PSoC5/WaveDAC8_VDAC8.c ****     #endif /* CY_PSOC5A */
 181:.\Generated_Source\PSoC5/WaveDAC8_VDAC8.c **** }
 182:.\Generated_Source\PSoC5/WaveDAC8_VDAC8.c **** 
 183:.\Generated_Source\PSoC5/WaveDAC8_VDAC8.c **** 
 184:.\Generated_Source\PSoC5/WaveDAC8_VDAC8.c **** /*******************************************************************************
 185:.\Generated_Source\PSoC5/WaveDAC8_VDAC8.c **** * Function Name: WaveDAC8_VDAC8_SetSpeed
 186:.\Generated_Source\PSoC5/WaveDAC8_VDAC8.c **** ********************************************************************************
 187:.\Generated_Source\PSoC5/WaveDAC8_VDAC8.c **** *
 188:.\Generated_Source\PSoC5/WaveDAC8_VDAC8.c **** * Summary:
 189:.\Generated_Source\PSoC5/WaveDAC8_VDAC8.c **** *  Set DAC speed
 190:.\Generated_Source\PSoC5/WaveDAC8_VDAC8.c **** *
 191:.\Generated_Source\PSoC5/WaveDAC8_VDAC8.c **** * Parameters:
 192:.\Generated_Source\PSoC5/WaveDAC8_VDAC8.c **** *  power: Sets speed value
 193:.\Generated_Source\PSoC5/WaveDAC8_VDAC8.c **** *
 194:.\Generated_Source\PSoC5/WaveDAC8_VDAC8.c **** * Return:
 195:.\Generated_Source\PSoC5/WaveDAC8_VDAC8.c **** *  void
 196:.\Generated_Source\PSoC5/WaveDAC8_VDAC8.c **** *
 197:.\Generated_Source\PSoC5/WaveDAC8_VDAC8.c **** * Theory:
 198:.\Generated_Source\PSoC5/WaveDAC8_VDAC8.c **** *
 199:.\Generated_Source\PSoC5/WaveDAC8_VDAC8.c **** * Side Effects:
ARM GAS  C:\Users\Graziano\AppData\Local\Temp\ccZb45zV.s 			page 6


 200:.\Generated_Source\PSoC5/WaveDAC8_VDAC8.c **** *
 201:.\Generated_Source\PSoC5/WaveDAC8_VDAC8.c **** *******************************************************************************/
 202:.\Generated_Source\PSoC5/WaveDAC8_VDAC8.c **** void WaveDAC8_VDAC8_SetSpeed(uint8 speed) 
 203:.\Generated_Source\PSoC5/WaveDAC8_VDAC8.c **** {
  87              		.loc 1 203 0
  88              		.cfi_startproc
  89              		@ args = 0, pretend = 0, frame = 0
  90              		@ frame_needed = 0, uses_anonymous_args = 0
  91              		@ link register save eliminated.
  92              	.LVL0:
 204:.\Generated_Source\PSoC5/WaveDAC8_VDAC8.c ****     /* Clear power mask then write in new value */
 205:.\Generated_Source\PSoC5/WaveDAC8_VDAC8.c ****     WaveDAC8_VDAC8_CR0 &= (uint8)(~WaveDAC8_VDAC8_HS_MASK);
  93              		.loc 1 205 0
  94 0000 054B     		ldr	r3, .L8
 206:.\Generated_Source\PSoC5/WaveDAC8_VDAC8.c ****     WaveDAC8_VDAC8_CR0 |=  (speed & WaveDAC8_VDAC8_HS_MASK);
  95              		.loc 1 206 0
  96 0002 00F00200 		and	r0, r0, #2
  97              	.LVL1:
 205:.\Generated_Source\PSoC5/WaveDAC8_VDAC8.c ****     WaveDAC8_VDAC8_CR0 &= (uint8)(~WaveDAC8_VDAC8_HS_MASK);
  98              		.loc 1 205 0
  99 0006 1A78     		ldrb	r2, [r3, #0]	@ zero_extendqisi2
 100 0008 02F0FD01 		and	r1, r2, #253
 101 000c 1970     		strb	r1, [r3, #0]
 102              		.loc 1 206 0
 103 000e 1A78     		ldrb	r2, [r3, #0]	@ zero_extendqisi2
 104 0010 0243     		orrs	r2, r2, r0
 105 0012 1A70     		strb	r2, [r3, #0]
 106 0014 7047     		bx	lr
 107              	.L9:
 108 0016 00BF     		.align	2
 109              	.L8:
 110 0018 20580040 		.word	1073764384
 111              		.cfi_endproc
 112              	.LFE4:
 113              		.size	WaveDAC8_VDAC8_SetSpeed, .-WaveDAC8_VDAC8_SetSpeed
 114              		.section	.text.WaveDAC8_VDAC8_SetValue,"ax",%progbits
 115              		.align	1
 116              		.global	WaveDAC8_VDAC8_SetValue
 117              		.thumb
 118              		.thumb_func
 119              		.type	WaveDAC8_VDAC8_SetValue, %function
 120              	WaveDAC8_VDAC8_SetValue:
 121              	.LFB6:
 207:.\Generated_Source\PSoC5/WaveDAC8_VDAC8.c **** }
 208:.\Generated_Source\PSoC5/WaveDAC8_VDAC8.c **** 
 209:.\Generated_Source\PSoC5/WaveDAC8_VDAC8.c **** 
 210:.\Generated_Source\PSoC5/WaveDAC8_VDAC8.c **** /*******************************************************************************
 211:.\Generated_Source\PSoC5/WaveDAC8_VDAC8.c **** * Function Name: WaveDAC8_VDAC8_SetRange
 212:.\Generated_Source\PSoC5/WaveDAC8_VDAC8.c **** ********************************************************************************
 213:.\Generated_Source\PSoC5/WaveDAC8_VDAC8.c **** *
 214:.\Generated_Source\PSoC5/WaveDAC8_VDAC8.c **** * Summary:
 215:.\Generated_Source\PSoC5/WaveDAC8_VDAC8.c **** *  Set one of three current ranges.
 216:.\Generated_Source\PSoC5/WaveDAC8_VDAC8.c **** *
 217:.\Generated_Source\PSoC5/WaveDAC8_VDAC8.c **** * Parameters:
 218:.\Generated_Source\PSoC5/WaveDAC8_VDAC8.c **** *  Range: Sets one of Three valid ranges.
 219:.\Generated_Source\PSoC5/WaveDAC8_VDAC8.c **** *
 220:.\Generated_Source\PSoC5/WaveDAC8_VDAC8.c **** * Return:
ARM GAS  C:\Users\Graziano\AppData\Local\Temp\ccZb45zV.s 			page 7


 221:.\Generated_Source\PSoC5/WaveDAC8_VDAC8.c **** *  void 
 222:.\Generated_Source\PSoC5/WaveDAC8_VDAC8.c **** *
 223:.\Generated_Source\PSoC5/WaveDAC8_VDAC8.c **** * Theory:
 224:.\Generated_Source\PSoC5/WaveDAC8_VDAC8.c **** *
 225:.\Generated_Source\PSoC5/WaveDAC8_VDAC8.c **** * Side Effects:
 226:.\Generated_Source\PSoC5/WaveDAC8_VDAC8.c **** *
 227:.\Generated_Source\PSoC5/WaveDAC8_VDAC8.c **** *******************************************************************************/
 228:.\Generated_Source\PSoC5/WaveDAC8_VDAC8.c **** void WaveDAC8_VDAC8_SetRange(uint8 range) 
 229:.\Generated_Source\PSoC5/WaveDAC8_VDAC8.c **** {
 230:.\Generated_Source\PSoC5/WaveDAC8_VDAC8.c ****     WaveDAC8_VDAC8_CR0 &= (uint8)(~WaveDAC8_VDAC8_RANGE_MASK);      /* Clear existing mode */
 231:.\Generated_Source\PSoC5/WaveDAC8_VDAC8.c ****     WaveDAC8_VDAC8_CR0 |= (range & WaveDAC8_VDAC8_RANGE_MASK);      /*  Set Range  */
 232:.\Generated_Source\PSoC5/WaveDAC8_VDAC8.c ****     WaveDAC8_VDAC8_DacTrim();
 233:.\Generated_Source\PSoC5/WaveDAC8_VDAC8.c **** }
 234:.\Generated_Source\PSoC5/WaveDAC8_VDAC8.c **** 
 235:.\Generated_Source\PSoC5/WaveDAC8_VDAC8.c **** 
 236:.\Generated_Source\PSoC5/WaveDAC8_VDAC8.c **** /*******************************************************************************
 237:.\Generated_Source\PSoC5/WaveDAC8_VDAC8.c **** * Function Name: WaveDAC8_VDAC8_SetValue
 238:.\Generated_Source\PSoC5/WaveDAC8_VDAC8.c **** ********************************************************************************
 239:.\Generated_Source\PSoC5/WaveDAC8_VDAC8.c **** *
 240:.\Generated_Source\PSoC5/WaveDAC8_VDAC8.c **** * Summary:
 241:.\Generated_Source\PSoC5/WaveDAC8_VDAC8.c **** *  Set 8-bit DAC value
 242:.\Generated_Source\PSoC5/WaveDAC8_VDAC8.c **** *
 243:.\Generated_Source\PSoC5/WaveDAC8_VDAC8.c **** * Parameters:  
 244:.\Generated_Source\PSoC5/WaveDAC8_VDAC8.c **** *  value:  Sets DAC value between 0 and 255.
 245:.\Generated_Source\PSoC5/WaveDAC8_VDAC8.c **** *
 246:.\Generated_Source\PSoC5/WaveDAC8_VDAC8.c **** * Return: 
 247:.\Generated_Source\PSoC5/WaveDAC8_VDAC8.c **** *  void 
 248:.\Generated_Source\PSoC5/WaveDAC8_VDAC8.c **** *
 249:.\Generated_Source\PSoC5/WaveDAC8_VDAC8.c **** * Theory: 
 250:.\Generated_Source\PSoC5/WaveDAC8_VDAC8.c **** *
 251:.\Generated_Source\PSoC5/WaveDAC8_VDAC8.c **** * Side Effects:
 252:.\Generated_Source\PSoC5/WaveDAC8_VDAC8.c **** *
 253:.\Generated_Source\PSoC5/WaveDAC8_VDAC8.c **** *******************************************************************************/
 254:.\Generated_Source\PSoC5/WaveDAC8_VDAC8.c **** void WaveDAC8_VDAC8_SetValue(uint8 value) 
 255:.\Generated_Source\PSoC5/WaveDAC8_VDAC8.c **** {
 122              		.loc 1 255 0
 123              		.cfi_startproc
 124              		@ args = 0, pretend = 0, frame = 0
 125              		@ frame_needed = 0, uses_anonymous_args = 0
 126              		@ link register save eliminated.
 127              	.LVL2:
 256:.\Generated_Source\PSoC5/WaveDAC8_VDAC8.c ****     #if (CY_PSOC5A)
 257:.\Generated_Source\PSoC5/WaveDAC8_VDAC8.c ****         uint8 WaveDAC8_VDAC8_intrStatus = CyEnterCriticalSection();
 258:.\Generated_Source\PSoC5/WaveDAC8_VDAC8.c ****     #endif /* CY_PSOC5A */
 259:.\Generated_Source\PSoC5/WaveDAC8_VDAC8.c **** 
 260:.\Generated_Source\PSoC5/WaveDAC8_VDAC8.c ****     WaveDAC8_VDAC8_Data = value;                /*  Set Value  */
 128              		.loc 1 260 0
 129 0000 014B     		ldr	r3, .L11
 130 0002 1870     		strb	r0, [r3, #0]
 131 0004 7047     		bx	lr
 132              	.L12:
 133 0006 00BF     		.align	2
 134              	.L11:
 135 0008 805B0040 		.word	1073765248
 136              		.cfi_endproc
 137              	.LFE6:
 138              		.size	WaveDAC8_VDAC8_SetValue, .-WaveDAC8_VDAC8_SetValue
ARM GAS  C:\Users\Graziano\AppData\Local\Temp\ccZb45zV.s 			page 8


 139              		.section	.text.WaveDAC8_VDAC8_DacTrim,"ax",%progbits
 140              		.align	1
 141              		.global	WaveDAC8_VDAC8_DacTrim
 142              		.thumb
 143              		.thumb_func
 144              		.type	WaveDAC8_VDAC8_DacTrim, %function
 145              	WaveDAC8_VDAC8_DacTrim:
 146              	.LFB7:
 261:.\Generated_Source\PSoC5/WaveDAC8_VDAC8.c **** 
 262:.\Generated_Source\PSoC5/WaveDAC8_VDAC8.c ****     /* PSOC5A requires a double write */
 263:.\Generated_Source\PSoC5/WaveDAC8_VDAC8.c ****     /* Exit Critical Section */
 264:.\Generated_Source\PSoC5/WaveDAC8_VDAC8.c ****     #if (CY_PSOC5A)
 265:.\Generated_Source\PSoC5/WaveDAC8_VDAC8.c ****         WaveDAC8_VDAC8_Data = value;
 266:.\Generated_Source\PSoC5/WaveDAC8_VDAC8.c ****         CyExitCriticalSection(WaveDAC8_VDAC8_intrStatus);
 267:.\Generated_Source\PSoC5/WaveDAC8_VDAC8.c ****     #endif /* CY_PSOC5A */
 268:.\Generated_Source\PSoC5/WaveDAC8_VDAC8.c **** }
 269:.\Generated_Source\PSoC5/WaveDAC8_VDAC8.c **** 
 270:.\Generated_Source\PSoC5/WaveDAC8_VDAC8.c **** 
 271:.\Generated_Source\PSoC5/WaveDAC8_VDAC8.c **** /*******************************************************************************
 272:.\Generated_Source\PSoC5/WaveDAC8_VDAC8.c **** * Function Name: WaveDAC8_VDAC8_DacTrim
 273:.\Generated_Source\PSoC5/WaveDAC8_VDAC8.c **** ********************************************************************************
 274:.\Generated_Source\PSoC5/WaveDAC8_VDAC8.c **** *
 275:.\Generated_Source\PSoC5/WaveDAC8_VDAC8.c **** * Summary:
 276:.\Generated_Source\PSoC5/WaveDAC8_VDAC8.c **** *  Set the trim value for the given range.
 277:.\Generated_Source\PSoC5/WaveDAC8_VDAC8.c **** *
 278:.\Generated_Source\PSoC5/WaveDAC8_VDAC8.c **** * Parameters:
 279:.\Generated_Source\PSoC5/WaveDAC8_VDAC8.c **** *  range:  1V or 4V range.  See constants.
 280:.\Generated_Source\PSoC5/WaveDAC8_VDAC8.c **** *
 281:.\Generated_Source\PSoC5/WaveDAC8_VDAC8.c **** * Return:
 282:.\Generated_Source\PSoC5/WaveDAC8_VDAC8.c **** *  void
 283:.\Generated_Source\PSoC5/WaveDAC8_VDAC8.c **** *
 284:.\Generated_Source\PSoC5/WaveDAC8_VDAC8.c **** * Theory: 
 285:.\Generated_Source\PSoC5/WaveDAC8_VDAC8.c **** *
 286:.\Generated_Source\PSoC5/WaveDAC8_VDAC8.c **** * Side Effects:
 287:.\Generated_Source\PSoC5/WaveDAC8_VDAC8.c **** *
 288:.\Generated_Source\PSoC5/WaveDAC8_VDAC8.c **** *******************************************************************************/
 289:.\Generated_Source\PSoC5/WaveDAC8_VDAC8.c **** void WaveDAC8_VDAC8_DacTrim(void) 
 290:.\Generated_Source\PSoC5/WaveDAC8_VDAC8.c **** {
 147              		.loc 1 290 0
 148              		.cfi_startproc
 149              		@ args = 0, pretend = 0, frame = 0
 150              		@ frame_needed = 0, uses_anonymous_args = 0
 151              		@ link register save eliminated.
 291:.\Generated_Source\PSoC5/WaveDAC8_VDAC8.c ****     uint8 mode;
 292:.\Generated_Source\PSoC5/WaveDAC8_VDAC8.c **** 
 293:.\Generated_Source\PSoC5/WaveDAC8_VDAC8.c ****     mode = (uint8)((WaveDAC8_VDAC8_CR0 & WaveDAC8_VDAC8_RANGE_MASK) >> 2) + WaveDAC8_VDAC8_TRIM_M7_
 152              		.loc 1 293 0
 153 0000 054B     		ldr	r3, .L14
 154 0002 1878     		ldrb	r0, [r3, #0]	@ zero_extendqisi2
 155              	.LVL3:
 156 0004 C0F38101 		ubfx	r1, r0, #2, #2
 294:.\Generated_Source\PSoC5/WaveDAC8_VDAC8.c ****     WaveDAC8_VDAC8_TR = CY_GET_XTND_REG8((uint8 *)(WaveDAC8_VDAC8_DAC_TRIM_BASE + mode));
 157              		.loc 1 294 0
 158 0008 8A1D     		adds	r2, r1, #6
 159 000a 02F19243 		add	r3, r2, #1224736768
 160 000e 93F82001 		ldrb	r0, [r3, #288]	@ zero_extendqisi2
 161              	.LVL4:
ARM GAS  C:\Users\Graziano\AppData\Local\Temp\ccZb45zV.s 			page 9


 162 0012 0249     		ldr	r1, .L14+4
 163 0014 0870     		strb	r0, [r1, #0]
 164 0016 7047     		bx	lr
 165              	.L15:
 166              		.align	2
 167              	.L14:
 168 0018 20580040 		.word	1073764384
 169 001c 08460040 		.word	1073759752
 170              		.cfi_endproc
 171              	.LFE7:
 172              		.size	WaveDAC8_VDAC8_DacTrim, .-WaveDAC8_VDAC8_DacTrim
 173              		.section	.text.WaveDAC8_VDAC8_SetRange,"ax",%progbits
 174              		.align	1
 175              		.global	WaveDAC8_VDAC8_SetRange
 176              		.thumb
 177              		.thumb_func
 178              		.type	WaveDAC8_VDAC8_SetRange, %function
 179              	WaveDAC8_VDAC8_SetRange:
 180              	.LFB5:
 229:.\Generated_Source\PSoC5/WaveDAC8_VDAC8.c **** {
 181              		.loc 1 229 0
 182              		.cfi_startproc
 183              		@ args = 0, pretend = 0, frame = 0
 184              		@ frame_needed = 0, uses_anonymous_args = 0
 185              		@ link register save eliminated.
 186              	.LVL5:
 230:.\Generated_Source\PSoC5/WaveDAC8_VDAC8.c ****     WaveDAC8_VDAC8_CR0 &= (uint8)(~WaveDAC8_VDAC8_RANGE_MASK);      /* Clear existing mode */
 187              		.loc 1 230 0
 188 0000 054B     		ldr	r3, .L17
 231:.\Generated_Source\PSoC5/WaveDAC8_VDAC8.c ****     WaveDAC8_VDAC8_CR0 |= (range & WaveDAC8_VDAC8_RANGE_MASK);      /*  Set Range  */
 189              		.loc 1 231 0
 190 0002 00F00C00 		and	r0, r0, #12
 191              	.LVL6:
 230:.\Generated_Source\PSoC5/WaveDAC8_VDAC8.c ****     WaveDAC8_VDAC8_CR0 &= (uint8)(~WaveDAC8_VDAC8_RANGE_MASK);      /* Clear existing mode */
 192              		.loc 1 230 0
 193 0006 1A78     		ldrb	r2, [r3, #0]	@ zero_extendqisi2
 194 0008 02F0F301 		and	r1, r2, #243
 195 000c 1970     		strb	r1, [r3, #0]
 231:.\Generated_Source\PSoC5/WaveDAC8_VDAC8.c ****     WaveDAC8_VDAC8_CR0 |= (range & WaveDAC8_VDAC8_RANGE_MASK);      /*  Set Range  */
 196              		.loc 1 231 0
 197 000e 1A78     		ldrb	r2, [r3, #0]	@ zero_extendqisi2
 198 0010 0243     		orrs	r2, r2, r0
 199 0012 1A70     		strb	r2, [r3, #0]
 233:.\Generated_Source\PSoC5/WaveDAC8_VDAC8.c **** }
 200              		.loc 1 233 0
 232:.\Generated_Source\PSoC5/WaveDAC8_VDAC8.c ****     WaveDAC8_VDAC8_DacTrim();
 201              		.loc 1 232 0
 202 0014 FFF7FEBF 		b	WaveDAC8_VDAC8_DacTrim
 203              	.LVL7:
 204              	.L18:
 205              		.align	2
 206              	.L17:
 207 0018 20580040 		.word	1073764384
 208              		.cfi_endproc
 209              	.LFE5:
 210              		.size	WaveDAC8_VDAC8_SetRange, .-WaveDAC8_VDAC8_SetRange
 211              		.section	.text.WaveDAC8_VDAC8_Init,"ax",%progbits
ARM GAS  C:\Users\Graziano\AppData\Local\Temp\ccZb45zV.s 			page 10


 212              		.align	1
 213              		.global	WaveDAC8_VDAC8_Init
 214              		.thumb
 215              		.thumb_func
 216              		.type	WaveDAC8_VDAC8_Init, %function
 217              	WaveDAC8_VDAC8_Init:
 218              	.LFB0:
  56:.\Generated_Source\PSoC5/WaveDAC8_VDAC8.c **** {
 219              		.loc 1 56 0
 220              		.cfi_startproc
 221              		@ args = 0, pretend = 0, frame = 0
 222              		@ frame_needed = 0, uses_anonymous_args = 0
 223 0000 08B5     		push	{r3, lr}
 224              	.LCFI0:
 225              		.cfi_def_cfa_offset 8
 226              		.cfi_offset 3, -8
 227              		.cfi_offset 14, -4
  57:.\Generated_Source\PSoC5/WaveDAC8_VDAC8.c ****     WaveDAC8_VDAC8_CR0 = (WaveDAC8_VDAC8_MODE_V );
 228              		.loc 1 57 0
 229 0002 084B     		ldr	r3, .L20
 230 0004 0020     		movs	r0, #0
  68:.\Generated_Source\PSoC5/WaveDAC8_VDAC8.c ****         WaveDAC8_VDAC8_Strobe |= WaveDAC8_VDAC8_STRB_EN ;
 231              		.loc 1 68 0
 232 0006 0849     		ldr	r1, .L20+4
  57:.\Generated_Source\PSoC5/WaveDAC8_VDAC8.c ****     WaveDAC8_VDAC8_CR0 = (WaveDAC8_VDAC8_MODE_V );
 233              		.loc 1 57 0
 234 0008 1870     		strb	r0, [r3, #0]
  63:.\Generated_Source\PSoC5/WaveDAC8_VDAC8.c ****         WaveDAC8_VDAC8_CR1 = (WaveDAC8_VDAC8_DEFAULT_CNTL | WaveDAC8_VDAC8_DACBUS_DISABLE) ;
 235              		.loc 1 63 0
 236 000a 5870     		strb	r0, [r3, #1]
  68:.\Generated_Source\PSoC5/WaveDAC8_VDAC8.c ****         WaveDAC8_VDAC8_Strobe |= WaveDAC8_VDAC8_STRB_EN ;
 237              		.loc 1 68 0
 238 000c 0A78     		ldrb	r2, [r1, #0]	@ zero_extendqisi2
 239 000e 42F00803 		orr	r3, r2, #8
 240 0012 0B70     		strb	r3, [r1, #0]
  72:.\Generated_Source\PSoC5/WaveDAC8_VDAC8.c ****     WaveDAC8_VDAC8_SetRange(WaveDAC8_VDAC8_DEFAULT_RANGE); 
 241              		.loc 1 72 0
 242 0014 FFF7FEFF 		bl	WaveDAC8_VDAC8_SetRange
 243              	.LVL8:
  75:.\Generated_Source\PSoC5/WaveDAC8_VDAC8.c ****     WaveDAC8_VDAC8_SetSpeed(WaveDAC8_VDAC8_DEFAULT_SPEED);
 244              		.loc 1 75 0
 245 0018 0220     		movs	r0, #2
  76:.\Generated_Source\PSoC5/WaveDAC8_VDAC8.c **** }
 246              		.loc 1 76 0
 247 001a BDE80840 		pop	{r3, lr}
  75:.\Generated_Source\PSoC5/WaveDAC8_VDAC8.c ****     WaveDAC8_VDAC8_SetSpeed(WaveDAC8_VDAC8_DEFAULT_SPEED);
 248              		.loc 1 75 0
 249 001e FFF7FEBF 		b	WaveDAC8_VDAC8_SetSpeed
 250              	.LVL9:
 251              	.L21:
 252 0022 00BF     		.align	2
 253              	.L20:
 254 0024 20580040 		.word	1073764384
 255 0028 875A0040 		.word	1073764999
 256              		.cfi_endproc
 257              	.LFE0:
 258              		.size	WaveDAC8_VDAC8_Init, .-WaveDAC8_VDAC8_Init
ARM GAS  C:\Users\Graziano\AppData\Local\Temp\ccZb45zV.s 			page 11


 259              		.section	.text.WaveDAC8_VDAC8_Start,"ax",%progbits
 260              		.align	1
 261              		.global	WaveDAC8_VDAC8_Start
 262              		.thumb
 263              		.thumb_func
 264              		.type	WaveDAC8_VDAC8_Start, %function
 265              	WaveDAC8_VDAC8_Start:
 266              	.LFB2:
 134:.\Generated_Source\PSoC5/WaveDAC8_VDAC8.c **** {
 267              		.loc 1 134 0
 268              		.cfi_startproc
 269              		@ args = 0, pretend = 0, frame = 0
 270              		@ frame_needed = 0, uses_anonymous_args = 0
 271 0000 10B5     		push	{r4, lr}
 272              	.LCFI1:
 273              		.cfi_def_cfa_offset 8
 274              		.cfi_offset 4, -8
 275              		.cfi_offset 14, -4
 136:.\Generated_Source\PSoC5/WaveDAC8_VDAC8.c ****     if(WaveDAC8_VDAC8_initVar == 0u)
 276              		.loc 1 136 0
 277 0002 064C     		ldr	r4, .L25
 278 0004 2378     		ldrb	r3, [r4, #0]	@ zero_extendqisi2
 279 0006 1BB9     		cbnz	r3, .L23
 138:.\Generated_Source\PSoC5/WaveDAC8_VDAC8.c ****         WaveDAC8_VDAC8_Init();
 280              		.loc 1 138 0
 281 0008 FFF7FEFF 		bl	WaveDAC8_VDAC8_Init
 282              	.LVL10:
 139:.\Generated_Source\PSoC5/WaveDAC8_VDAC8.c ****         WaveDAC8_VDAC8_initVar = 1u;
 283              		.loc 1 139 0
 284 000c 0120     		movs	r0, #1
 285 000e 2070     		strb	r0, [r4, #0]
 286              	.L23:
 143:.\Generated_Source\PSoC5/WaveDAC8_VDAC8.c ****     WaveDAC8_VDAC8_Enable();
 287              		.loc 1 143 0
 288 0010 FFF7FEFF 		bl	WaveDAC8_VDAC8_Enable
 289              	.LVL11:
 290              	.LBB4:
 291              	.LBB5:
 260:.\Generated_Source\PSoC5/WaveDAC8_VDAC8.c ****     WaveDAC8_VDAC8_Data = value;                /*  Set Value  */
 292              		.loc 1 260 0
 293 0014 0249     		ldr	r1, .L25+4
 294 0016 6422     		movs	r2, #100
 295 0018 0A70     		strb	r2, [r1, #0]
 296 001a 10BD     		pop	{r4, pc}
 297              	.L26:
 298              		.align	2
 299              	.L25:
 300 001c 00000000 		.word	.LANCHOR0
 301 0020 805B0040 		.word	1073765248
 302              	.LBE5:
 303              	.LBE4:
 304              		.cfi_endproc
 305              	.LFE2:
 306              		.size	WaveDAC8_VDAC8_Start, .-WaveDAC8_VDAC8_Start
 307              		.global	WaveDAC8_VDAC8_initVar
 308              		.bss
 309              		.set	.LANCHOR0,. + 0
ARM GAS  C:\Users\Graziano\AppData\Local\Temp\ccZb45zV.s 			page 12


 310              		.type	WaveDAC8_VDAC8_initVar, %object
 311              		.size	WaveDAC8_VDAC8_initVar, 1
 312              	WaveDAC8_VDAC8_initVar:
 313 0000 00       		.space	1
 314              		.text
 315              	.Letext0:
 316              		.file 2 ".\\Generated_Source\\PSoC5\\cytypes.h"
 317              		.section	.debug_info,"",%progbits
 318              	.Ldebug_info0:
 319 0000 1B020000 		.4byte	0x21b
 320 0004 0200     		.2byte	0x2
 321 0006 00000000 		.4byte	.Ldebug_abbrev0
 322 000a 04       		.byte	0x4
 323 000b 01       		.uleb128 0x1
 324 000c A6010000 		.4byte	.LASF23
 325 0010 01       		.byte	0x1
 326 0011 4B000000 		.4byte	.LASF24
 327 0015 AE000000 		.4byte	.LASF25
 328 0019 00000000 		.4byte	.Ldebug_ranges0+0
 329 001d 00000000 		.4byte	0
 330 0021 00000000 		.4byte	0
 331 0025 00000000 		.4byte	.Ldebug_line0
 332 0029 02       		.uleb128 0x2
 333 002a 01       		.byte	0x1
 334 002b 06       		.byte	0x6
 335 002c 3F020000 		.4byte	.LASF0
 336 0030 02       		.uleb128 0x2
 337 0031 01       		.byte	0x1
 338 0032 08       		.byte	0x8
 339 0033 75000000 		.4byte	.LASF1
 340 0037 02       		.uleb128 0x2
 341 0038 02       		.byte	0x2
 342 0039 05       		.byte	0x5
 343 003a 96010000 		.4byte	.LASF2
 344 003e 02       		.uleb128 0x2
 345 003f 02       		.byte	0x2
 346 0040 07       		.byte	0x7
 347 0041 32000000 		.4byte	.LASF3
 348 0045 02       		.uleb128 0x2
 349 0046 04       		.byte	0x4
 350 0047 05       		.byte	0x5
 351 0048 1F020000 		.4byte	.LASF4
 352 004c 02       		.uleb128 0x2
 353 004d 04       		.byte	0x4
 354 004e 07       		.byte	0x7
 355 004f 9C000000 		.4byte	.LASF5
 356 0053 02       		.uleb128 0x2
 357 0054 08       		.byte	0x8
 358 0055 05       		.byte	0x5
 359 0056 6D010000 		.4byte	.LASF6
 360 005a 02       		.uleb128 0x2
 361 005b 08       		.byte	0x8
 362 005c 07       		.byte	0x7
 363 005d 4B010000 		.4byte	.LASF7
 364 0061 03       		.uleb128 0x3
 365 0062 04       		.byte	0x4
 366 0063 05       		.byte	0x5
ARM GAS  C:\Users\Graziano\AppData\Local\Temp\ccZb45zV.s 			page 13


 367 0064 696E7400 		.ascii	"int\000"
 368 0068 02       		.uleb128 0x2
 369 0069 04       		.byte	0x4
 370 006a 07       		.byte	0x7
 371 006b 3E010000 		.4byte	.LASF8
 372 006f 04       		.uleb128 0x4
 373 0070 A0010000 		.4byte	.LASF12
 374 0074 02       		.byte	0x2
 375 0075 5B       		.byte	0x5b
 376 0076 30000000 		.4byte	0x30
 377 007a 02       		.uleb128 0x2
 378 007b 04       		.byte	0x4
 379 007c 04       		.byte	0x4
 380 007d 45000000 		.4byte	.LASF9
 381 0081 02       		.uleb128 0x2
 382 0082 08       		.byte	0x8
 383 0083 04       		.byte	0x4
 384 0084 37010000 		.4byte	.LASF10
 385 0088 02       		.uleb128 0x2
 386 0089 01       		.byte	0x1
 387 008a 08       		.byte	0x8
 388 008b 7B010000 		.4byte	.LASF11
 389 008f 04       		.uleb128 0x4
 390 0090 83000000 		.4byte	.LASF13
 391 0094 02       		.byte	0x2
 392 0095 F0       		.byte	0xf0
 393 0096 9A000000 		.4byte	0x9a
 394 009a 05       		.uleb128 0x5
 395 009b 6F000000 		.4byte	0x6f
 396 009f 06       		.uleb128 0x6
 397 00a0 01       		.byte	0x1
 398 00a1 14000000 		.4byte	.LASF26
 399 00a5 01       		.byte	0x1
 400 00a6 FE       		.byte	0xfe
 401 00a7 01       		.byte	0x1
 402 00a8 01       		.byte	0x1
 403 00a9 B9000000 		.4byte	0xb9
 404 00ad 07       		.uleb128 0x7
 405 00ae 2C000000 		.4byte	.LASF27
 406 00b2 01       		.byte	0x1
 407 00b3 FE       		.byte	0xfe
 408 00b4 6F000000 		.4byte	0x6f
 409 00b8 00       		.byte	0
 410 00b9 08       		.uleb128 0x8
 411 00ba 01       		.byte	0x1
 412 00bb 80010000 		.4byte	.LASF14
 413 00bf 01       		.byte	0x1
 414 00c0 60       		.byte	0x60
 415 00c1 01       		.byte	0x1
 416 00c2 00000000 		.4byte	.LFB1
 417 00c6 18000000 		.4byte	.LFE1
 418 00ca 02       		.byte	0x2
 419 00cb 7D       		.byte	0x7d
 420 00cc 00       		.sleb128 0
 421 00cd 01       		.byte	0x1
 422 00ce 08       		.uleb128 0x8
 423 00cf 01       		.byte	0x1
ARM GAS  C:\Users\Graziano\AppData\Local\Temp\ccZb45zV.s 			page 14


 424 00d0 88000000 		.4byte	.LASF15
 425 00d4 01       		.byte	0x1
 426 00d5 A8       		.byte	0xa8
 427 00d6 01       		.byte	0x1
 428 00d7 00000000 		.4byte	.LFB3
 429 00db 18000000 		.4byte	.LFE3
 430 00df 02       		.byte	0x2
 431 00e0 7D       		.byte	0x7d
 432 00e1 00       		.sleb128 0
 433 00e2 01       		.byte	0x1
 434 00e3 09       		.uleb128 0x9
 435 00e4 01       		.byte	0x1
 436 00e5 EF010000 		.4byte	.LASF16
 437 00e9 01       		.byte	0x1
 438 00ea CA       		.byte	0xca
 439 00eb 01       		.byte	0x1
 440 00ec 00000000 		.4byte	.LFB4
 441 00f0 1C000000 		.4byte	.LFE4
 442 00f4 02       		.byte	0x2
 443 00f5 7D       		.byte	0x7d
 444 00f6 00       		.sleb128 0
 445 00f7 01       		.byte	0x1
 446 00f8 0C010000 		.4byte	0x10c
 447 00fc 0A       		.uleb128 0xa
 448 00fd 67010000 		.4byte	.LASF19
 449 0101 01       		.byte	0x1
 450 0102 CA       		.byte	0xca
 451 0103 6F000000 		.4byte	0x6f
 452 0107 00000000 		.4byte	.LLST0
 453 010b 00       		.byte	0
 454 010c 0B       		.uleb128 0xb
 455 010d 9F000000 		.4byte	0x9f
 456 0111 00000000 		.4byte	.LFB6
 457 0115 0C000000 		.4byte	.LFE6
 458 0119 02       		.byte	0x2
 459 011a 7D       		.byte	0x7d
 460 011b 00       		.sleb128 0
 461 011c 01       		.byte	0x1
 462 011d 29010000 		.4byte	0x129
 463 0121 0C       		.uleb128 0xc
 464 0122 AD000000 		.4byte	0xad
 465 0126 01       		.byte	0x1
 466 0127 50       		.byte	0x50
 467 0128 00       		.byte	0
 468 0129 0D       		.uleb128 0xd
 469 012a 01       		.byte	0x1
 470 012b 28020000 		.4byte	.LASF17
 471 012f 01       		.byte	0x1
 472 0130 2101     		.2byte	0x121
 473 0132 01       		.byte	0x1
 474 0133 00000000 		.4byte	.LFB7
 475 0137 20000000 		.4byte	.LFE7
 476 013b 02       		.byte	0x2
 477 013c 7D       		.byte	0x7d
 478 013d 00       		.sleb128 0
 479 013e 01       		.byte	0x1
 480 013f 54010000 		.4byte	0x154
ARM GAS  C:\Users\Graziano\AppData\Local\Temp\ccZb45zV.s 			page 15


 481 0143 0E       		.uleb128 0xe
 482 0144 62010000 		.4byte	.LASF28
 483 0148 01       		.byte	0x1
 484 0149 2301     		.2byte	0x123
 485 014b 6F000000 		.4byte	0x6f
 486 014f 21000000 		.4byte	.LLST1
 487 0153 00       		.byte	0
 488 0154 09       		.uleb128 0x9
 489 0155 01       		.byte	0x1
 490 0156 07020000 		.4byte	.LASF18
 491 015a 01       		.byte	0x1
 492 015b E4       		.byte	0xe4
 493 015c 01       		.byte	0x1
 494 015d 00000000 		.4byte	.LFB5
 495 0161 1C000000 		.4byte	.LFE5
 496 0165 02       		.byte	0x2
 497 0166 7D       		.byte	0x7d
 498 0167 00       		.sleb128 0
 499 0168 01       		.byte	0x1
 500 0169 87010000 		.4byte	0x187
 501 016d 0A       		.uleb128 0xa
 502 016e 31010000 		.4byte	.LASF20
 503 0172 01       		.byte	0x1
 504 0173 E4       		.byte	0xe4
 505 0174 6F000000 		.4byte	0x6f
 506 0178 3C000000 		.4byte	.LLST2
 507 017c 0F       		.uleb128 0xf
 508 017d 18000000 		.4byte	.LVL7
 509 0181 01       		.byte	0x1
 510 0182 29010000 		.4byte	0x129
 511 0186 00       		.byte	0
 512 0187 10       		.uleb128 0x10
 513 0188 01       		.byte	0x1
 514 0189 00000000 		.4byte	.LASF21
 515 018d 01       		.byte	0x1
 516 018e 37       		.byte	0x37
 517 018f 01       		.byte	0x1
 518 0190 00000000 		.4byte	.LFB0
 519 0194 2C000000 		.4byte	.LFE0
 520 0198 5D000000 		.4byte	.LLST3
 521 019c 01       		.byte	0x1
 522 019d C5010000 		.4byte	0x1c5
 523 01a1 11       		.uleb128 0x11
 524 01a2 18000000 		.4byte	.LVL8
 525 01a6 54010000 		.4byte	0x154
 526 01aa B4010000 		.4byte	0x1b4
 527 01ae 12       		.uleb128 0x12
 528 01af 01       		.byte	0x1
 529 01b0 50       		.byte	0x50
 530 01b1 01       		.byte	0x1
 531 01b2 30       		.byte	0x30
 532 01b3 00       		.byte	0
 533 01b4 13       		.uleb128 0x13
 534 01b5 22000000 		.4byte	.LVL9
 535 01b9 01       		.byte	0x1
 536 01ba E3000000 		.4byte	0xe3
 537 01be 12       		.uleb128 0x12
ARM GAS  C:\Users\Graziano\AppData\Local\Temp\ccZb45zV.s 			page 16


 538 01bf 01       		.byte	0x1
 539 01c0 50       		.byte	0x50
 540 01c1 01       		.byte	0x1
 541 01c2 32       		.byte	0x32
 542 01c3 00       		.byte	0
 543 01c4 00       		.byte	0
 544 01c5 10       		.uleb128 0x10
 545 01c6 01       		.byte	0x1
 546 01c7 1C010000 		.4byte	.LASF22
 547 01cb 01       		.byte	0x1
 548 01cc 85       		.byte	0x85
 549 01cd 01       		.byte	0x1
 550 01ce 00000000 		.4byte	.LFB2
 551 01d2 24000000 		.4byte	.LFE2
 552 01d6 7D000000 		.4byte	.LLST4
 553 01da 01       		.byte	0x1
 554 01db 0C020000 		.4byte	0x20c
 555 01df 14       		.uleb128 0x14
 556 01e0 9F000000 		.4byte	0x9f
 557 01e4 14000000 		.4byte	.LBB4
 558 01e8 24000000 		.4byte	.LBE4
 559 01ec 01       		.byte	0x1
 560 01ed 92       		.byte	0x92
 561 01ee F9010000 		.4byte	0x1f9
 562 01f2 15       		.uleb128 0x15
 563 01f3 AD000000 		.4byte	0xad
 564 01f7 64       		.byte	0x64
 565 01f8 00       		.byte	0
 566 01f9 16       		.uleb128 0x16
 567 01fa 0C000000 		.4byte	.LVL10
 568 01fe 87010000 		.4byte	0x187
 569 0202 16       		.uleb128 0x16
 570 0203 14000000 		.4byte	.LVL11
 571 0207 B9000000 		.4byte	0xb9
 572 020b 00       		.byte	0
 573 020c 17       		.uleb128 0x17
 574 020d 4B020000 		.4byte	.LASF29
 575 0211 01       		.byte	0x1
 576 0212 1B       		.byte	0x1b
 577 0213 6F000000 		.4byte	0x6f
 578 0217 01       		.byte	0x1
 579 0218 05       		.byte	0x5
 580 0219 03       		.byte	0x3
 581 021a 00000000 		.4byte	WaveDAC8_VDAC8_initVar
 582 021e 00       		.byte	0
 583              		.section	.debug_abbrev,"",%progbits
 584              	.Ldebug_abbrev0:
 585 0000 01       		.uleb128 0x1
 586 0001 11       		.uleb128 0x11
 587 0002 01       		.byte	0x1
 588 0003 25       		.uleb128 0x25
 589 0004 0E       		.uleb128 0xe
 590 0005 13       		.uleb128 0x13
 591 0006 0B       		.uleb128 0xb
 592 0007 03       		.uleb128 0x3
 593 0008 0E       		.uleb128 0xe
 594 0009 1B       		.uleb128 0x1b
ARM GAS  C:\Users\Graziano\AppData\Local\Temp\ccZb45zV.s 			page 17


 595 000a 0E       		.uleb128 0xe
 596 000b 55       		.uleb128 0x55
 597 000c 06       		.uleb128 0x6
 598 000d 11       		.uleb128 0x11
 599 000e 01       		.uleb128 0x1
 600 000f 52       		.uleb128 0x52
 601 0010 01       		.uleb128 0x1
 602 0011 10       		.uleb128 0x10
 603 0012 06       		.uleb128 0x6
 604 0013 00       		.byte	0
 605 0014 00       		.byte	0
 606 0015 02       		.uleb128 0x2
 607 0016 24       		.uleb128 0x24
 608 0017 00       		.byte	0
 609 0018 0B       		.uleb128 0xb
 610 0019 0B       		.uleb128 0xb
 611 001a 3E       		.uleb128 0x3e
 612 001b 0B       		.uleb128 0xb
 613 001c 03       		.uleb128 0x3
 614 001d 0E       		.uleb128 0xe
 615 001e 00       		.byte	0
 616 001f 00       		.byte	0
 617 0020 03       		.uleb128 0x3
 618 0021 24       		.uleb128 0x24
 619 0022 00       		.byte	0
 620 0023 0B       		.uleb128 0xb
 621 0024 0B       		.uleb128 0xb
 622 0025 3E       		.uleb128 0x3e
 623 0026 0B       		.uleb128 0xb
 624 0027 03       		.uleb128 0x3
 625 0028 08       		.uleb128 0x8
 626 0029 00       		.byte	0
 627 002a 00       		.byte	0
 628 002b 04       		.uleb128 0x4
 629 002c 16       		.uleb128 0x16
 630 002d 00       		.byte	0
 631 002e 03       		.uleb128 0x3
 632 002f 0E       		.uleb128 0xe
 633 0030 3A       		.uleb128 0x3a
 634 0031 0B       		.uleb128 0xb
 635 0032 3B       		.uleb128 0x3b
 636 0033 0B       		.uleb128 0xb
 637 0034 49       		.uleb128 0x49
 638 0035 13       		.uleb128 0x13
 639 0036 00       		.byte	0
 640 0037 00       		.byte	0
 641 0038 05       		.uleb128 0x5
 642 0039 35       		.uleb128 0x35
 643 003a 00       		.byte	0
 644 003b 49       		.uleb128 0x49
 645 003c 13       		.uleb128 0x13
 646 003d 00       		.byte	0
 647 003e 00       		.byte	0
 648 003f 06       		.uleb128 0x6
 649 0040 2E       		.uleb128 0x2e
 650 0041 01       		.byte	0x1
 651 0042 3F       		.uleb128 0x3f
ARM GAS  C:\Users\Graziano\AppData\Local\Temp\ccZb45zV.s 			page 18


 652 0043 0C       		.uleb128 0xc
 653 0044 03       		.uleb128 0x3
 654 0045 0E       		.uleb128 0xe
 655 0046 3A       		.uleb128 0x3a
 656 0047 0B       		.uleb128 0xb
 657 0048 3B       		.uleb128 0x3b
 658 0049 0B       		.uleb128 0xb
 659 004a 27       		.uleb128 0x27
 660 004b 0C       		.uleb128 0xc
 661 004c 20       		.uleb128 0x20
 662 004d 0B       		.uleb128 0xb
 663 004e 01       		.uleb128 0x1
 664 004f 13       		.uleb128 0x13
 665 0050 00       		.byte	0
 666 0051 00       		.byte	0
 667 0052 07       		.uleb128 0x7
 668 0053 05       		.uleb128 0x5
 669 0054 00       		.byte	0
 670 0055 03       		.uleb128 0x3
 671 0056 0E       		.uleb128 0xe
 672 0057 3A       		.uleb128 0x3a
 673 0058 0B       		.uleb128 0xb
 674 0059 3B       		.uleb128 0x3b
 675 005a 0B       		.uleb128 0xb
 676 005b 49       		.uleb128 0x49
 677 005c 13       		.uleb128 0x13
 678 005d 00       		.byte	0
 679 005e 00       		.byte	0
 680 005f 08       		.uleb128 0x8
 681 0060 2E       		.uleb128 0x2e
 682 0061 00       		.byte	0
 683 0062 3F       		.uleb128 0x3f
 684 0063 0C       		.uleb128 0xc
 685 0064 03       		.uleb128 0x3
 686 0065 0E       		.uleb128 0xe
 687 0066 3A       		.uleb128 0x3a
 688 0067 0B       		.uleb128 0xb
 689 0068 3B       		.uleb128 0x3b
 690 0069 0B       		.uleb128 0xb
 691 006a 27       		.uleb128 0x27
 692 006b 0C       		.uleb128 0xc
 693 006c 11       		.uleb128 0x11
 694 006d 01       		.uleb128 0x1
 695 006e 12       		.uleb128 0x12
 696 006f 01       		.uleb128 0x1
 697 0070 40       		.uleb128 0x40
 698 0071 0A       		.uleb128 0xa
 699 0072 9742     		.uleb128 0x2117
 700 0074 0C       		.uleb128 0xc
 701 0075 00       		.byte	0
 702 0076 00       		.byte	0
 703 0077 09       		.uleb128 0x9
 704 0078 2E       		.uleb128 0x2e
 705 0079 01       		.byte	0x1
 706 007a 3F       		.uleb128 0x3f
 707 007b 0C       		.uleb128 0xc
 708 007c 03       		.uleb128 0x3
ARM GAS  C:\Users\Graziano\AppData\Local\Temp\ccZb45zV.s 			page 19


 709 007d 0E       		.uleb128 0xe
 710 007e 3A       		.uleb128 0x3a
 711 007f 0B       		.uleb128 0xb
 712 0080 3B       		.uleb128 0x3b
 713 0081 0B       		.uleb128 0xb
 714 0082 27       		.uleb128 0x27
 715 0083 0C       		.uleb128 0xc
 716 0084 11       		.uleb128 0x11
 717 0085 01       		.uleb128 0x1
 718 0086 12       		.uleb128 0x12
 719 0087 01       		.uleb128 0x1
 720 0088 40       		.uleb128 0x40
 721 0089 0A       		.uleb128 0xa
 722 008a 9742     		.uleb128 0x2117
 723 008c 0C       		.uleb128 0xc
 724 008d 01       		.uleb128 0x1
 725 008e 13       		.uleb128 0x13
 726 008f 00       		.byte	0
 727 0090 00       		.byte	0
 728 0091 0A       		.uleb128 0xa
 729 0092 05       		.uleb128 0x5
 730 0093 00       		.byte	0
 731 0094 03       		.uleb128 0x3
 732 0095 0E       		.uleb128 0xe
 733 0096 3A       		.uleb128 0x3a
 734 0097 0B       		.uleb128 0xb
 735 0098 3B       		.uleb128 0x3b
 736 0099 0B       		.uleb128 0xb
 737 009a 49       		.uleb128 0x49
 738 009b 13       		.uleb128 0x13
 739 009c 02       		.uleb128 0x2
 740 009d 06       		.uleb128 0x6
 741 009e 00       		.byte	0
 742 009f 00       		.byte	0
 743 00a0 0B       		.uleb128 0xb
 744 00a1 2E       		.uleb128 0x2e
 745 00a2 01       		.byte	0x1
 746 00a3 31       		.uleb128 0x31
 747 00a4 13       		.uleb128 0x13
 748 00a5 11       		.uleb128 0x11
 749 00a6 01       		.uleb128 0x1
 750 00a7 12       		.uleb128 0x12
 751 00a8 01       		.uleb128 0x1
 752 00a9 40       		.uleb128 0x40
 753 00aa 0A       		.uleb128 0xa
 754 00ab 9742     		.uleb128 0x2117
 755 00ad 0C       		.uleb128 0xc
 756 00ae 01       		.uleb128 0x1
 757 00af 13       		.uleb128 0x13
 758 00b0 00       		.byte	0
 759 00b1 00       		.byte	0
 760 00b2 0C       		.uleb128 0xc
 761 00b3 05       		.uleb128 0x5
 762 00b4 00       		.byte	0
 763 00b5 31       		.uleb128 0x31
 764 00b6 13       		.uleb128 0x13
 765 00b7 02       		.uleb128 0x2
ARM GAS  C:\Users\Graziano\AppData\Local\Temp\ccZb45zV.s 			page 20


 766 00b8 0A       		.uleb128 0xa
 767 00b9 00       		.byte	0
 768 00ba 00       		.byte	0
 769 00bb 0D       		.uleb128 0xd
 770 00bc 2E       		.uleb128 0x2e
 771 00bd 01       		.byte	0x1
 772 00be 3F       		.uleb128 0x3f
 773 00bf 0C       		.uleb128 0xc
 774 00c0 03       		.uleb128 0x3
 775 00c1 0E       		.uleb128 0xe
 776 00c2 3A       		.uleb128 0x3a
 777 00c3 0B       		.uleb128 0xb
 778 00c4 3B       		.uleb128 0x3b
 779 00c5 05       		.uleb128 0x5
 780 00c6 27       		.uleb128 0x27
 781 00c7 0C       		.uleb128 0xc
 782 00c8 11       		.uleb128 0x11
 783 00c9 01       		.uleb128 0x1
 784 00ca 12       		.uleb128 0x12
 785 00cb 01       		.uleb128 0x1
 786 00cc 40       		.uleb128 0x40
 787 00cd 0A       		.uleb128 0xa
 788 00ce 9742     		.uleb128 0x2117
 789 00d0 0C       		.uleb128 0xc
 790 00d1 01       		.uleb128 0x1
 791 00d2 13       		.uleb128 0x13
 792 00d3 00       		.byte	0
 793 00d4 00       		.byte	0
 794 00d5 0E       		.uleb128 0xe
 795 00d6 34       		.uleb128 0x34
 796 00d7 00       		.byte	0
 797 00d8 03       		.uleb128 0x3
 798 00d9 0E       		.uleb128 0xe
 799 00da 3A       		.uleb128 0x3a
 800 00db 0B       		.uleb128 0xb
 801 00dc 3B       		.uleb128 0x3b
 802 00dd 05       		.uleb128 0x5
 803 00de 49       		.uleb128 0x49
 804 00df 13       		.uleb128 0x13
 805 00e0 02       		.uleb128 0x2
 806 00e1 06       		.uleb128 0x6
 807 00e2 00       		.byte	0
 808 00e3 00       		.byte	0
 809 00e4 0F       		.uleb128 0xf
 810 00e5 898201   		.uleb128 0x4109
 811 00e8 00       		.byte	0
 812 00e9 11       		.uleb128 0x11
 813 00ea 01       		.uleb128 0x1
 814 00eb 9542     		.uleb128 0x2115
 815 00ed 0C       		.uleb128 0xc
 816 00ee 31       		.uleb128 0x31
 817 00ef 13       		.uleb128 0x13
 818 00f0 00       		.byte	0
 819 00f1 00       		.byte	0
 820 00f2 10       		.uleb128 0x10
 821 00f3 2E       		.uleb128 0x2e
 822 00f4 01       		.byte	0x1
ARM GAS  C:\Users\Graziano\AppData\Local\Temp\ccZb45zV.s 			page 21


 823 00f5 3F       		.uleb128 0x3f
 824 00f6 0C       		.uleb128 0xc
 825 00f7 03       		.uleb128 0x3
 826 00f8 0E       		.uleb128 0xe
 827 00f9 3A       		.uleb128 0x3a
 828 00fa 0B       		.uleb128 0xb
 829 00fb 3B       		.uleb128 0x3b
 830 00fc 0B       		.uleb128 0xb
 831 00fd 27       		.uleb128 0x27
 832 00fe 0C       		.uleb128 0xc
 833 00ff 11       		.uleb128 0x11
 834 0100 01       		.uleb128 0x1
 835 0101 12       		.uleb128 0x12
 836 0102 01       		.uleb128 0x1
 837 0103 40       		.uleb128 0x40
 838 0104 06       		.uleb128 0x6
 839 0105 9742     		.uleb128 0x2117
 840 0107 0C       		.uleb128 0xc
 841 0108 01       		.uleb128 0x1
 842 0109 13       		.uleb128 0x13
 843 010a 00       		.byte	0
 844 010b 00       		.byte	0
 845 010c 11       		.uleb128 0x11
 846 010d 898201   		.uleb128 0x4109
 847 0110 01       		.byte	0x1
 848 0111 11       		.uleb128 0x11
 849 0112 01       		.uleb128 0x1
 850 0113 31       		.uleb128 0x31
 851 0114 13       		.uleb128 0x13
 852 0115 01       		.uleb128 0x1
 853 0116 13       		.uleb128 0x13
 854 0117 00       		.byte	0
 855 0118 00       		.byte	0
 856 0119 12       		.uleb128 0x12
 857 011a 8A8201   		.uleb128 0x410a
 858 011d 00       		.byte	0
 859 011e 02       		.uleb128 0x2
 860 011f 0A       		.uleb128 0xa
 861 0120 9142     		.uleb128 0x2111
 862 0122 0A       		.uleb128 0xa
 863 0123 00       		.byte	0
 864 0124 00       		.byte	0
 865 0125 13       		.uleb128 0x13
 866 0126 898201   		.uleb128 0x4109
 867 0129 01       		.byte	0x1
 868 012a 11       		.uleb128 0x11
 869 012b 01       		.uleb128 0x1
 870 012c 9542     		.uleb128 0x2115
 871 012e 0C       		.uleb128 0xc
 872 012f 31       		.uleb128 0x31
 873 0130 13       		.uleb128 0x13
 874 0131 00       		.byte	0
 875 0132 00       		.byte	0
 876 0133 14       		.uleb128 0x14
 877 0134 1D       		.uleb128 0x1d
 878 0135 01       		.byte	0x1
 879 0136 31       		.uleb128 0x31
ARM GAS  C:\Users\Graziano\AppData\Local\Temp\ccZb45zV.s 			page 22


 880 0137 13       		.uleb128 0x13
 881 0138 11       		.uleb128 0x11
 882 0139 01       		.uleb128 0x1
 883 013a 12       		.uleb128 0x12
 884 013b 01       		.uleb128 0x1
 885 013c 58       		.uleb128 0x58
 886 013d 0B       		.uleb128 0xb
 887 013e 59       		.uleb128 0x59
 888 013f 0B       		.uleb128 0xb
 889 0140 01       		.uleb128 0x1
 890 0141 13       		.uleb128 0x13
 891 0142 00       		.byte	0
 892 0143 00       		.byte	0
 893 0144 15       		.uleb128 0x15
 894 0145 05       		.uleb128 0x5
 895 0146 00       		.byte	0
 896 0147 31       		.uleb128 0x31
 897 0148 13       		.uleb128 0x13
 898 0149 1C       		.uleb128 0x1c
 899 014a 0B       		.uleb128 0xb
 900 014b 00       		.byte	0
 901 014c 00       		.byte	0
 902 014d 16       		.uleb128 0x16
 903 014e 898201   		.uleb128 0x4109
 904 0151 00       		.byte	0
 905 0152 11       		.uleb128 0x11
 906 0153 01       		.uleb128 0x1
 907 0154 31       		.uleb128 0x31
 908 0155 13       		.uleb128 0x13
 909 0156 00       		.byte	0
 910 0157 00       		.byte	0
 911 0158 17       		.uleb128 0x17
 912 0159 34       		.uleb128 0x34
 913 015a 00       		.byte	0
 914 015b 03       		.uleb128 0x3
 915 015c 0E       		.uleb128 0xe
 916 015d 3A       		.uleb128 0x3a
 917 015e 0B       		.uleb128 0xb
 918 015f 3B       		.uleb128 0x3b
 919 0160 0B       		.uleb128 0xb
 920 0161 49       		.uleb128 0x49
 921 0162 13       		.uleb128 0x13
 922 0163 3F       		.uleb128 0x3f
 923 0164 0C       		.uleb128 0xc
 924 0165 02       		.uleb128 0x2
 925 0166 0A       		.uleb128 0xa
 926 0167 00       		.byte	0
 927 0168 00       		.byte	0
 928 0169 00       		.byte	0
 929              		.section	.debug_loc,"",%progbits
 930              	.Ldebug_loc0:
 931              	.LLST0:
 932 0000 00000000 		.4byte	.LVL0
 933 0004 06000000 		.4byte	.LVL1
 934 0008 0100     		.2byte	0x1
 935 000a 50       		.byte	0x50
 936 000b 06000000 		.4byte	.LVL1
ARM GAS  C:\Users\Graziano\AppData\Local\Temp\ccZb45zV.s 			page 23


 937 000f 1C000000 		.4byte	.LFE4
 938 0013 0400     		.2byte	0x4
 939 0015 F3       		.byte	0xf3
 940 0016 01       		.uleb128 0x1
 941 0017 50       		.byte	0x50
 942 0018 9F       		.byte	0x9f
 943 0019 00000000 		.4byte	0
 944 001d 00000000 		.4byte	0
 945              	.LLST1:
 946 0021 04000000 		.4byte	.LVL3
 947 0025 12000000 		.4byte	.LVL4
 948 0029 0900     		.2byte	0x9
 949 002b 70       		.byte	0x70
 950 002c 00       		.sleb128 0
 951 002d 3C       		.byte	0x3c
 952 002e 1A       		.byte	0x1a
 953 002f 32       		.byte	0x32
 954 0030 25       		.byte	0x25
 955 0031 23       		.byte	0x23
 956 0032 06       		.uleb128 0x6
 957 0033 9F       		.byte	0x9f
 958 0034 00000000 		.4byte	0
 959 0038 00000000 		.4byte	0
 960              	.LLST2:
 961 003c 00000000 		.4byte	.LVL5
 962 0040 06000000 		.4byte	.LVL6
 963 0044 0100     		.2byte	0x1
 964 0046 50       		.byte	0x50
 965 0047 06000000 		.4byte	.LVL6
 966 004b 1C000000 		.4byte	.LFE5
 967 004f 0400     		.2byte	0x4
 968 0051 F3       		.byte	0xf3
 969 0052 01       		.uleb128 0x1
 970 0053 50       		.byte	0x50
 971 0054 9F       		.byte	0x9f
 972 0055 00000000 		.4byte	0
 973 0059 00000000 		.4byte	0
 974              	.LLST3:
 975 005d 00000000 		.4byte	.LFB0
 976 0061 02000000 		.4byte	.LCFI0
 977 0065 0200     		.2byte	0x2
 978 0067 7D       		.byte	0x7d
 979 0068 00       		.sleb128 0
 980 0069 02000000 		.4byte	.LCFI0
 981 006d 2C000000 		.4byte	.LFE0
 982 0071 0200     		.2byte	0x2
 983 0073 7D       		.byte	0x7d
 984 0074 08       		.sleb128 8
 985 0075 00000000 		.4byte	0
 986 0079 00000000 		.4byte	0
 987              	.LLST4:
 988 007d 00000000 		.4byte	.LFB2
 989 0081 02000000 		.4byte	.LCFI1
 990 0085 0200     		.2byte	0x2
 991 0087 7D       		.byte	0x7d
 992 0088 00       		.sleb128 0
 993 0089 02000000 		.4byte	.LCFI1
ARM GAS  C:\Users\Graziano\AppData\Local\Temp\ccZb45zV.s 			page 24


 994 008d 24000000 		.4byte	.LFE2
 995 0091 0200     		.2byte	0x2
 996 0093 7D       		.byte	0x7d
 997 0094 08       		.sleb128 8
 998 0095 00000000 		.4byte	0
 999 0099 00000000 		.4byte	0
 1000              		.section	.debug_aranges,"",%progbits
 1001 0000 54000000 		.4byte	0x54
 1002 0004 0200     		.2byte	0x2
 1003 0006 00000000 		.4byte	.Ldebug_info0
 1004 000a 04       		.byte	0x4
 1005 000b 00       		.byte	0
 1006 000c 0000     		.2byte	0
 1007 000e 0000     		.2byte	0
 1008 0010 00000000 		.4byte	.LFB1
 1009 0014 18000000 		.4byte	.LFE1-.LFB1
 1010 0018 00000000 		.4byte	.LFB3
 1011 001c 18000000 		.4byte	.LFE3-.LFB3
 1012 0020 00000000 		.4byte	.LFB4
 1013 0024 1C000000 		.4byte	.LFE4-.LFB4
 1014 0028 00000000 		.4byte	.LFB6
 1015 002c 0C000000 		.4byte	.LFE6-.LFB6
 1016 0030 00000000 		.4byte	.LFB7
 1017 0034 20000000 		.4byte	.LFE7-.LFB7
 1018 0038 00000000 		.4byte	.LFB5
 1019 003c 1C000000 		.4byte	.LFE5-.LFB5
 1020 0040 00000000 		.4byte	.LFB0
 1021 0044 2C000000 		.4byte	.LFE0-.LFB0
 1022 0048 00000000 		.4byte	.LFB2
 1023 004c 24000000 		.4byte	.LFE2-.LFB2
 1024 0050 00000000 		.4byte	0
 1025 0054 00000000 		.4byte	0
 1026              		.section	.debug_ranges,"",%progbits
 1027              	.Ldebug_ranges0:
 1028 0000 00000000 		.4byte	.LFB1
 1029 0004 18000000 		.4byte	.LFE1
 1030 0008 00000000 		.4byte	.LFB3
 1031 000c 18000000 		.4byte	.LFE3
 1032 0010 00000000 		.4byte	.LFB4
 1033 0014 1C000000 		.4byte	.LFE4
 1034 0018 00000000 		.4byte	.LFB6
 1035 001c 0C000000 		.4byte	.LFE6
 1036 0020 00000000 		.4byte	.LFB7
 1037 0024 20000000 		.4byte	.LFE7
 1038 0028 00000000 		.4byte	.LFB5
 1039 002c 1C000000 		.4byte	.LFE5
 1040 0030 00000000 		.4byte	.LFB0
 1041 0034 2C000000 		.4byte	.LFE0
 1042 0038 00000000 		.4byte	.LFB2
 1043 003c 24000000 		.4byte	.LFE2
 1044 0040 00000000 		.4byte	0
 1045 0044 00000000 		.4byte	0
 1046              		.section	.debug_line,"",%progbits
 1047              	.Ldebug_line0:
 1048 0000 F8000000 		.section	.debug_str,"MS",%progbits,1
 1048      02004D00 
 1048      00000201 
ARM GAS  C:\Users\Graziano\AppData\Local\Temp\ccZb45zV.s 			page 25


 1048      FB0E0D00 
 1048      01010101 
 1049              	.LASF21:
 1050 0000 57617665 		.ascii	"WaveDAC8_VDAC8_Init\000"
 1050      44414338 
 1050      5F564441 
 1050      43385F49 
 1050      6E697400 
 1051              	.LASF26:
 1052 0014 57617665 		.ascii	"WaveDAC8_VDAC8_SetValue\000"
 1052      44414338 
 1052      5F564441 
 1052      43385F53 
 1052      65745661 
 1053              	.LASF27:
 1054 002c 76616C75 		.ascii	"value\000"
 1054      6500
 1055              	.LASF3:
 1056 0032 73686F72 		.ascii	"short unsigned int\000"
 1056      7420756E 
 1056      7369676E 
 1056      65642069 
 1056      6E7400
 1057              	.LASF9:
 1058 0045 666C6F61 		.ascii	"float\000"
 1058      7400
 1059              	.LASF24:
 1060 004b 2E5C4765 		.ascii	".\\Generated_Source\\PSoC5\\WaveDAC8_VDAC8.c\000"
 1060      6E657261 
 1060      7465645F 
 1060      536F7572 
 1060      63655C50 
 1061              	.LASF1:
 1062 0075 756E7369 		.ascii	"unsigned char\000"
 1062      676E6564 
 1062      20636861 
 1062      7200
 1063              	.LASF13:
 1064 0083 72656738 		.ascii	"reg8\000"
 1064      00
 1065              	.LASF15:
 1066 0088 57617665 		.ascii	"WaveDAC8_VDAC8_Stop\000"
 1066      44414338 
 1066      5F564441 
 1066      43385F53 
 1066      746F7000 
 1067              	.LASF5:
 1068 009c 6C6F6E67 		.ascii	"long unsigned int\000"
 1068      20756E73 
 1068      69676E65 
 1068      6420696E 
 1068      7400
 1069              	.LASF25:
 1070 00ae 433A5C55 		.ascii	"C:\\Users\\Graziano\\Desktop\\PSOC CODES\\GOBEE DIR"
 1070      73657273 
 1070      5C477261 
 1070      7A69616E 
ARM GAS  C:\Users\Graziano\AppData\Local\Temp\ccZb45zV.s 			page 26


 1070      6F5C4465 
 1071 00dc 4543544F 		.ascii	"ECTOR\\Vers.0.0-T05 2017-0201 C3.0 (test board V)\\"
 1071      525C5665 
 1071      72732E30 
 1071      2E302D54 
 1071      30352032 
 1072 010d 476F6265 		.ascii	"GobeeDir.cydsn\000"
 1072      65446972 
 1072      2E637964 
 1072      736E00
 1073              	.LASF22:
 1074 011c 57617665 		.ascii	"WaveDAC8_VDAC8_Start\000"
 1074      44414338 
 1074      5F564441 
 1074      43385F53 
 1074      74617274 
 1075              	.LASF20:
 1076 0131 72616E67 		.ascii	"range\000"
 1076      6500
 1077              	.LASF10:
 1078 0137 646F7562 		.ascii	"double\000"
 1078      6C6500
 1079              	.LASF8:
 1080 013e 756E7369 		.ascii	"unsigned int\000"
 1080      676E6564 
 1080      20696E74 
 1080      00
 1081              	.LASF7:
 1082 014b 6C6F6E67 		.ascii	"long long unsigned int\000"
 1082      206C6F6E 
 1082      6720756E 
 1082      7369676E 
 1082      65642069 
 1083              	.LASF28:
 1084 0162 6D6F6465 		.ascii	"mode\000"
 1084      00
 1085              	.LASF19:
 1086 0167 73706565 		.ascii	"speed\000"
 1086      6400
 1087              	.LASF6:
 1088 016d 6C6F6E67 		.ascii	"long long int\000"
 1088      206C6F6E 
 1088      6720696E 
 1088      7400
 1089              	.LASF11:
 1090 017b 63686172 		.ascii	"char\000"
 1090      00
 1091              	.LASF14:
 1092 0180 57617665 		.ascii	"WaveDAC8_VDAC8_Enable\000"
 1092      44414338 
 1092      5F564441 
 1092      43385F45 
 1092      6E61626C 
 1093              	.LASF2:
 1094 0196 73686F72 		.ascii	"short int\000"
 1094      7420696E 
 1094      7400
ARM GAS  C:\Users\Graziano\AppData\Local\Temp\ccZb45zV.s 			page 27


 1095              	.LASF12:
 1096 01a0 75696E74 		.ascii	"uint8\000"
 1096      3800
 1097              	.LASF23:
 1098 01a6 474E5520 		.ascii	"GNU C 4.7.3 20130312 (release) [ARM/embedded-4_7-br"
 1098      4320342E 
 1098      372E3320 
 1098      32303133 
 1098      30333132 
 1099 01d9 616E6368 		.ascii	"anch revision 196615]\000"
 1099      20726576 
 1099      6973696F 
 1099      6E203139 
 1099      36363135 
 1100              	.LASF16:
 1101 01ef 57617665 		.ascii	"WaveDAC8_VDAC8_SetSpeed\000"
 1101      44414338 
 1101      5F564441 
 1101      43385F53 
 1101      65745370 
 1102              	.LASF18:
 1103 0207 57617665 		.ascii	"WaveDAC8_VDAC8_SetRange\000"
 1103      44414338 
 1103      5F564441 
 1103      43385F53 
 1103      65745261 
 1104              	.LASF4:
 1105 021f 6C6F6E67 		.ascii	"long int\000"
 1105      20696E74 
 1105      00
 1106              	.LASF17:
 1107 0228 57617665 		.ascii	"WaveDAC8_VDAC8_DacTrim\000"
 1107      44414338 
 1107      5F564441 
 1107      43385F44 
 1107      61635472 
 1108              	.LASF0:
 1109 023f 7369676E 		.ascii	"signed char\000"
 1109      65642063 
 1109      68617200 
 1110              	.LASF29:
 1111 024b 57617665 		.ascii	"WaveDAC8_VDAC8_initVar\000"
 1111      44414338 
 1111      5F564441 
 1111      43385F69 
 1111      6E697456 
 1112              		.ident	"GCC: (GNU Tools for ARM Embedded Processors) 4.7.3 20130312 (release) [ARM/embedded-4_7-br
