ARM GAS  C:\Users\Graziano\AppData\Local\Temp\ccwceOOg.s 			page 1


   1              		.syntax unified
   2              		.cpu cortex-m3
   3              		.fpu softvfp
   4              		.eabi_attribute 20, 1
   5              		.eabi_attribute 21, 1
   6              		.eabi_attribute 23, 3
   7              		.eabi_attribute 24, 1
   8              		.eabi_attribute 25, 1
   9              		.eabi_attribute 26, 1
  10              		.eabi_attribute 30, 4
  11              		.eabi_attribute 34, 1
  12              		.eabi_attribute 18, 4
  13              		.thumb
  14              		.file	"WaveDAC8_BuffAmp.c"
  15              		.text
  16              	.Ltext0:
  17              		.cfi_sections	.debug_frame
  18              		.section	.text.WaveDAC8_BuffAmp_Enable,"ax",%progbits
  19              		.align	1
  20              		.global	WaveDAC8_BuffAmp_Enable
  21              		.thumb
  22              		.thumb_func
  23              		.type	WaveDAC8_BuffAmp_Enable, %function
  24              	WaveDAC8_BuffAmp_Enable:
  25              	.LFB1:
  26              		.file 1 ".\\Generated_Source\\PSoC5\\WaveDAC8_BuffAmp.c"
   1:.\Generated_Source\PSoC5/WaveDAC8_BuffAmp.c **** /*******************************************************************************
   2:.\Generated_Source\PSoC5/WaveDAC8_BuffAmp.c **** * File Name: WaveDAC8_BuffAmp.c
   3:.\Generated_Source\PSoC5/WaveDAC8_BuffAmp.c **** * Version 1.90
   4:.\Generated_Source\PSoC5/WaveDAC8_BuffAmp.c **** *
   5:.\Generated_Source\PSoC5/WaveDAC8_BuffAmp.c **** * Description:
   6:.\Generated_Source\PSoC5/WaveDAC8_BuffAmp.c **** *  This file provides the source code to the API for OpAmp (Analog Buffer) 
   7:.\Generated_Source\PSoC5/WaveDAC8_BuffAmp.c **** *  Component.
   8:.\Generated_Source\PSoC5/WaveDAC8_BuffAmp.c **** *
   9:.\Generated_Source\PSoC5/WaveDAC8_BuffAmp.c **** * Note:
  10:.\Generated_Source\PSoC5/WaveDAC8_BuffAmp.c **** *
  11:.\Generated_Source\PSoC5/WaveDAC8_BuffAmp.c **** ********************************************************************************
  12:.\Generated_Source\PSoC5/WaveDAC8_BuffAmp.c **** * Copyright 2008-2012, Cypress Semiconductor Corporation.  All rights reserved.
  13:.\Generated_Source\PSoC5/WaveDAC8_BuffAmp.c **** * You may use this file only in accordance with the license, terms, conditions, 
  14:.\Generated_Source\PSoC5/WaveDAC8_BuffAmp.c **** * disclaimers, and limitations in the end user license agreement accompanying 
  15:.\Generated_Source\PSoC5/WaveDAC8_BuffAmp.c **** * the software package with which this file was provided.
  16:.\Generated_Source\PSoC5/WaveDAC8_BuffAmp.c **** *******************************************************************************/
  17:.\Generated_Source\PSoC5/WaveDAC8_BuffAmp.c **** 
  18:.\Generated_Source\PSoC5/WaveDAC8_BuffAmp.c **** #include "WaveDAC8_BuffAmp.h"
  19:.\Generated_Source\PSoC5/WaveDAC8_BuffAmp.c **** 
  20:.\Generated_Source\PSoC5/WaveDAC8_BuffAmp.c **** uint8 WaveDAC8_BuffAmp_initVar = 0u;
  21:.\Generated_Source\PSoC5/WaveDAC8_BuffAmp.c **** 
  22:.\Generated_Source\PSoC5/WaveDAC8_BuffAmp.c **** 
  23:.\Generated_Source\PSoC5/WaveDAC8_BuffAmp.c **** /*******************************************************************************   
  24:.\Generated_Source\PSoC5/WaveDAC8_BuffAmp.c **** * Function Name: WaveDAC8_BuffAmp_Init
  25:.\Generated_Source\PSoC5/WaveDAC8_BuffAmp.c **** ********************************************************************************
  26:.\Generated_Source\PSoC5/WaveDAC8_BuffAmp.c **** *
  27:.\Generated_Source\PSoC5/WaveDAC8_BuffAmp.c **** * Summary:
  28:.\Generated_Source\PSoC5/WaveDAC8_BuffAmp.c **** *  Initialize component's parameters to the parameters set by user in the 
  29:.\Generated_Source\PSoC5/WaveDAC8_BuffAmp.c **** *  customizer of the component placed onto schematic. Usually called in 
  30:.\Generated_Source\PSoC5/WaveDAC8_BuffAmp.c **** *  WaveDAC8_BuffAmp_Start().
  31:.\Generated_Source\PSoC5/WaveDAC8_BuffAmp.c **** *
ARM GAS  C:\Users\Graziano\AppData\Local\Temp\ccwceOOg.s 			page 2


  32:.\Generated_Source\PSoC5/WaveDAC8_BuffAmp.c **** * Parameters:
  33:.\Generated_Source\PSoC5/WaveDAC8_BuffAmp.c **** *  void
  34:.\Generated_Source\PSoC5/WaveDAC8_BuffAmp.c **** *
  35:.\Generated_Source\PSoC5/WaveDAC8_BuffAmp.c **** * Return:
  36:.\Generated_Source\PSoC5/WaveDAC8_BuffAmp.c **** *  void
  37:.\Generated_Source\PSoC5/WaveDAC8_BuffAmp.c **** *
  38:.\Generated_Source\PSoC5/WaveDAC8_BuffAmp.c **** *******************************************************************************/
  39:.\Generated_Source\PSoC5/WaveDAC8_BuffAmp.c **** void WaveDAC8_BuffAmp_Init(void) 
  40:.\Generated_Source\PSoC5/WaveDAC8_BuffAmp.c **** {
  41:.\Generated_Source\PSoC5/WaveDAC8_BuffAmp.c ****     WaveDAC8_BuffAmp_SetPower(WaveDAC8_BuffAmp_DEFAULT_POWER);
  42:.\Generated_Source\PSoC5/WaveDAC8_BuffAmp.c **** }
  43:.\Generated_Source\PSoC5/WaveDAC8_BuffAmp.c **** 
  44:.\Generated_Source\PSoC5/WaveDAC8_BuffAmp.c **** 
  45:.\Generated_Source\PSoC5/WaveDAC8_BuffAmp.c **** /*******************************************************************************   
  46:.\Generated_Source\PSoC5/WaveDAC8_BuffAmp.c **** * Function Name: WaveDAC8_BuffAmp_Enable
  47:.\Generated_Source\PSoC5/WaveDAC8_BuffAmp.c **** ********************************************************************************
  48:.\Generated_Source\PSoC5/WaveDAC8_BuffAmp.c **** *
  49:.\Generated_Source\PSoC5/WaveDAC8_BuffAmp.c **** * Summary:
  50:.\Generated_Source\PSoC5/WaveDAC8_BuffAmp.c **** *  Enables the OpAmp block operation
  51:.\Generated_Source\PSoC5/WaveDAC8_BuffAmp.c **** *
  52:.\Generated_Source\PSoC5/WaveDAC8_BuffAmp.c **** * Parameters:
  53:.\Generated_Source\PSoC5/WaveDAC8_BuffAmp.c **** *  void
  54:.\Generated_Source\PSoC5/WaveDAC8_BuffAmp.c **** *
  55:.\Generated_Source\PSoC5/WaveDAC8_BuffAmp.c **** * Return:
  56:.\Generated_Source\PSoC5/WaveDAC8_BuffAmp.c **** *  void
  57:.\Generated_Source\PSoC5/WaveDAC8_BuffAmp.c **** *
  58:.\Generated_Source\PSoC5/WaveDAC8_BuffAmp.c **** *******************************************************************************/
  59:.\Generated_Source\PSoC5/WaveDAC8_BuffAmp.c **** void WaveDAC8_BuffAmp_Enable(void) 
  60:.\Generated_Source\PSoC5/WaveDAC8_BuffAmp.c **** {
  27              		.loc 1 60 0
  28              		.cfi_startproc
  29              		@ args = 0, pretend = 0, frame = 0
  30              		@ frame_needed = 0, uses_anonymous_args = 0
  31              		@ link register save eliminated.
  61:.\Generated_Source\PSoC5/WaveDAC8_BuffAmp.c ****     /* Enable negative charge pumps in ANIF */
  62:.\Generated_Source\PSoC5/WaveDAC8_BuffAmp.c ****     WaveDAC8_BuffAmp_PUMP_CR1_REG  |= (WaveDAC8_BuffAmp_PUMP_CR1_CLKSEL | WaveDAC8_BuffAmp_PUMP_CR1
  32              		.loc 1 62 0
  33 0000 074B     		ldr	r3, .L2
  63:.\Generated_Source\PSoC5/WaveDAC8_BuffAmp.c **** 
  64:.\Generated_Source\PSoC5/WaveDAC8_BuffAmp.c ****     /* Enable power to buffer in active mode */
  65:.\Generated_Source\PSoC5/WaveDAC8_BuffAmp.c ****     WaveDAC8_BuffAmp_PM_ACT_CFG_REG |= WaveDAC8_BuffAmp_ACT_PWR_EN;
  34              		.loc 1 65 0
  35 0002 0849     		ldr	r1, .L2+4
  62:.\Generated_Source\PSoC5/WaveDAC8_BuffAmp.c ****     WaveDAC8_BuffAmp_PUMP_CR1_REG  |= (WaveDAC8_BuffAmp_PUMP_CR1_CLKSEL | WaveDAC8_BuffAmp_PUMP_CR1
  36              		.loc 1 62 0
  37 0004 1A78     		ldrb	r2, [r3, #0]	@ zero_extendqisi2
  38 0006 42F06000 		orr	r0, r2, #96
  39 000a 1870     		strb	r0, [r3, #0]
  40              		.loc 1 65 0
  41 000c 0B78     		ldrb	r3, [r1, #0]	@ zero_extendqisi2
  42 000e 43F00102 		orr	r2, r3, #1
  43 0012 0A70     		strb	r2, [r1, #0]
  66:.\Generated_Source\PSoC5/WaveDAC8_BuffAmp.c **** 
  67:.\Generated_Source\PSoC5/WaveDAC8_BuffAmp.c ****     /* Enable power to buffer in alternative active mode */
  68:.\Generated_Source\PSoC5/WaveDAC8_BuffAmp.c ****     WaveDAC8_BuffAmp_PM_STBY_CFG_REG |= WaveDAC8_BuffAmp_STBY_PWR_EN;
  44              		.loc 1 68 0
  45 0014 087C     		ldrb	r0, [r1, #16]	@ zero_extendqisi2
ARM GAS  C:\Users\Graziano\AppData\Local\Temp\ccwceOOg.s 			page 3


  46 0016 40F00103 		orr	r3, r0, #1
  47 001a 0B74     		strb	r3, [r1, #16]
  48 001c 7047     		bx	lr
  49              	.L3:
  50 001e 00BF     		.align	2
  51              	.L2:
  52 0020 77580040 		.word	1073764471
  53 0024 A4430040 		.word	1073759140
  54              		.cfi_endproc
  55              	.LFE1:
  56              		.size	WaveDAC8_BuffAmp_Enable, .-WaveDAC8_BuffAmp_Enable
  57              		.section	.text.WaveDAC8_BuffAmp_Stop,"ax",%progbits
  58              		.align	1
  59              		.global	WaveDAC8_BuffAmp_Stop
  60              		.thumb
  61              		.thumb_func
  62              		.type	WaveDAC8_BuffAmp_Stop, %function
  63              	WaveDAC8_BuffAmp_Stop:
  64              	.LFB3:
  69:.\Generated_Source\PSoC5/WaveDAC8_BuffAmp.c **** }
  70:.\Generated_Source\PSoC5/WaveDAC8_BuffAmp.c **** 
  71:.\Generated_Source\PSoC5/WaveDAC8_BuffAmp.c **** 
  72:.\Generated_Source\PSoC5/WaveDAC8_BuffAmp.c **** /*******************************************************************************
  73:.\Generated_Source\PSoC5/WaveDAC8_BuffAmp.c **** * Function Name:   WaveDAC8_BuffAmp_Start
  74:.\Generated_Source\PSoC5/WaveDAC8_BuffAmp.c **** ********************************************************************************
  75:.\Generated_Source\PSoC5/WaveDAC8_BuffAmp.c **** *
  76:.\Generated_Source\PSoC5/WaveDAC8_BuffAmp.c **** * Summary:
  77:.\Generated_Source\PSoC5/WaveDAC8_BuffAmp.c **** *  The start function initializes the Analog Buffer with the default values and 
  78:.\Generated_Source\PSoC5/WaveDAC8_BuffAmp.c **** *  sets the power to the given level. A power level of 0, is same as 
  79:.\Generated_Source\PSoC5/WaveDAC8_BuffAmp.c **** *  executing the stop function.
  80:.\Generated_Source\PSoC5/WaveDAC8_BuffAmp.c **** *
  81:.\Generated_Source\PSoC5/WaveDAC8_BuffAmp.c **** * Parameters:
  82:.\Generated_Source\PSoC5/WaveDAC8_BuffAmp.c **** *  void
  83:.\Generated_Source\PSoC5/WaveDAC8_BuffAmp.c **** *
  84:.\Generated_Source\PSoC5/WaveDAC8_BuffAmp.c **** * Return:
  85:.\Generated_Source\PSoC5/WaveDAC8_BuffAmp.c **** *  void
  86:.\Generated_Source\PSoC5/WaveDAC8_BuffAmp.c **** *
  87:.\Generated_Source\PSoC5/WaveDAC8_BuffAmp.c **** * Global variables:
  88:.\Generated_Source\PSoC5/WaveDAC8_BuffAmp.c **** *  WaveDAC8_BuffAmp_initVar: Used to check the initial configuration, modified 
  89:.\Generated_Source\PSoC5/WaveDAC8_BuffAmp.c **** *  when this function is called for the first time.
  90:.\Generated_Source\PSoC5/WaveDAC8_BuffAmp.c **** *
  91:.\Generated_Source\PSoC5/WaveDAC8_BuffAmp.c **** *******************************************************************************/
  92:.\Generated_Source\PSoC5/WaveDAC8_BuffAmp.c **** void WaveDAC8_BuffAmp_Start(void) 
  93:.\Generated_Source\PSoC5/WaveDAC8_BuffAmp.c **** {
  94:.\Generated_Source\PSoC5/WaveDAC8_BuffAmp.c ****     if(WaveDAC8_BuffAmp_initVar == 0u)
  95:.\Generated_Source\PSoC5/WaveDAC8_BuffAmp.c ****     {
  96:.\Generated_Source\PSoC5/WaveDAC8_BuffAmp.c ****         WaveDAC8_BuffAmp_initVar = 1u;
  97:.\Generated_Source\PSoC5/WaveDAC8_BuffAmp.c ****         WaveDAC8_BuffAmp_Init();
  98:.\Generated_Source\PSoC5/WaveDAC8_BuffAmp.c ****     }
  99:.\Generated_Source\PSoC5/WaveDAC8_BuffAmp.c **** 
 100:.\Generated_Source\PSoC5/WaveDAC8_BuffAmp.c ****     WaveDAC8_BuffAmp_Enable();
 101:.\Generated_Source\PSoC5/WaveDAC8_BuffAmp.c **** }
 102:.\Generated_Source\PSoC5/WaveDAC8_BuffAmp.c **** 
 103:.\Generated_Source\PSoC5/WaveDAC8_BuffAmp.c **** 
 104:.\Generated_Source\PSoC5/WaveDAC8_BuffAmp.c **** /*******************************************************************************
 105:.\Generated_Source\PSoC5/WaveDAC8_BuffAmp.c **** * Function Name: WaveDAC8_BuffAmp_Stop
 106:.\Generated_Source\PSoC5/WaveDAC8_BuffAmp.c **** ********************************************************************************
ARM GAS  C:\Users\Graziano\AppData\Local\Temp\ccwceOOg.s 			page 4


 107:.\Generated_Source\PSoC5/WaveDAC8_BuffAmp.c **** *
 108:.\Generated_Source\PSoC5/WaveDAC8_BuffAmp.c **** * Summary:
 109:.\Generated_Source\PSoC5/WaveDAC8_BuffAmp.c **** *  Powers down amplifier to lowest power state.
 110:.\Generated_Source\PSoC5/WaveDAC8_BuffAmp.c **** *
 111:.\Generated_Source\PSoC5/WaveDAC8_BuffAmp.c **** * Parameters:
 112:.\Generated_Source\PSoC5/WaveDAC8_BuffAmp.c **** *  void
 113:.\Generated_Source\PSoC5/WaveDAC8_BuffAmp.c **** *
 114:.\Generated_Source\PSoC5/WaveDAC8_BuffAmp.c **** * Return:
 115:.\Generated_Source\PSoC5/WaveDAC8_BuffAmp.c **** *  void
 116:.\Generated_Source\PSoC5/WaveDAC8_BuffAmp.c **** *
 117:.\Generated_Source\PSoC5/WaveDAC8_BuffAmp.c **** *******************************************************************************/
 118:.\Generated_Source\PSoC5/WaveDAC8_BuffAmp.c **** void WaveDAC8_BuffAmp_Stop(void) 
 119:.\Generated_Source\PSoC5/WaveDAC8_BuffAmp.c **** {
  65              		.loc 1 119 0
  66              		.cfi_startproc
  67              		@ args = 0, pretend = 0, frame = 0
  68              		@ frame_needed = 0, uses_anonymous_args = 0
  69              		@ link register save eliminated.
 120:.\Generated_Source\PSoC5/WaveDAC8_BuffAmp.c ****     /* Disable power to buffer in active mode template */
 121:.\Generated_Source\PSoC5/WaveDAC8_BuffAmp.c ****     WaveDAC8_BuffAmp_PM_ACT_CFG_REG &= (uint8)(~WaveDAC8_BuffAmp_ACT_PWR_EN);
  70              		.loc 1 121 0
  71 0000 084B     		ldr	r3, .L7
  72 0002 1A78     		ldrb	r2, [r3, #0]	@ zero_extendqisi2
  73 0004 02F0FE00 		and	r0, r2, #254
 122:.\Generated_Source\PSoC5/WaveDAC8_BuffAmp.c **** 
 123:.\Generated_Source\PSoC5/WaveDAC8_BuffAmp.c ****     /* Disable power to buffer in alternative active mode template */
 124:.\Generated_Source\PSoC5/WaveDAC8_BuffAmp.c ****     WaveDAC8_BuffAmp_PM_STBY_CFG_REG &= (uint8)(~WaveDAC8_BuffAmp_STBY_PWR_EN);
  74              		.loc 1 124 0
  75 0008 074A     		ldr	r2, .L7+4
 121:.\Generated_Source\PSoC5/WaveDAC8_BuffAmp.c ****     WaveDAC8_BuffAmp_PM_ACT_CFG_REG &= (uint8)(~WaveDAC8_BuffAmp_ACT_PWR_EN);
  76              		.loc 1 121 0
  77 000a 1870     		strb	r0, [r3, #0]
  78              		.loc 1 124 0
  79 000c 1178     		ldrb	r1, [r2, #0]	@ zero_extendqisi2
  80 000e 01F0FE00 		and	r0, r1, #254
  81 0012 1070     		strb	r0, [r2, #0]
 125:.\Generated_Source\PSoC5/WaveDAC8_BuffAmp.c ****     
 126:.\Generated_Source\PSoC5/WaveDAC8_BuffAmp.c ****     /* Disable negative charge pumps for ANIF only if all ABuf is turned OFF */
 127:.\Generated_Source\PSoC5/WaveDAC8_BuffAmp.c ****     if(WaveDAC8_BuffAmp_PM_ACT_CFG_REG == 0u)
  82              		.loc 1 127 0
  83 0014 1B78     		ldrb	r3, [r3, #0]	@ zero_extendqisi2
  84 0016 23B9     		cbnz	r3, .L4
 128:.\Generated_Source\PSoC5/WaveDAC8_BuffAmp.c ****     {
 129:.\Generated_Source\PSoC5/WaveDAC8_BuffAmp.c ****         WaveDAC8_BuffAmp_PUMP_CR1_REG &= (uint8)(~(WaveDAC8_BuffAmp_PUMP_CR1_CLKSEL | WaveDAC8_Buff
  85              		.loc 1 129 0
  86 0018 0449     		ldr	r1, .L7+8
  87 001a 0A78     		ldrb	r2, [r1, #0]	@ zero_extendqisi2
  88 001c 02F09F00 		and	r0, r2, #159
  89 0020 0870     		strb	r0, [r1, #0]
  90              	.L4:
  91 0022 7047     		bx	lr
  92              	.L8:
  93              		.align	2
  94              	.L7:
  95 0024 A4430040 		.word	1073759140
  96 0028 B4430040 		.word	1073759156
  97 002c 77580040 		.word	1073764471
ARM GAS  C:\Users\Graziano\AppData\Local\Temp\ccwceOOg.s 			page 5


  98              		.cfi_endproc
  99              	.LFE3:
 100              		.size	WaveDAC8_BuffAmp_Stop, .-WaveDAC8_BuffAmp_Stop
 101              		.section	.text.WaveDAC8_BuffAmp_SetPower,"ax",%progbits
 102              		.align	1
 103              		.global	WaveDAC8_BuffAmp_SetPower
 104              		.thumb
 105              		.thumb_func
 106              		.type	WaveDAC8_BuffAmp_SetPower, %function
 107              	WaveDAC8_BuffAmp_SetPower:
 108              	.LFB4:
 130:.\Generated_Source\PSoC5/WaveDAC8_BuffAmp.c ****     }
 131:.\Generated_Source\PSoC5/WaveDAC8_BuffAmp.c **** }
 132:.\Generated_Source\PSoC5/WaveDAC8_BuffAmp.c **** 
 133:.\Generated_Source\PSoC5/WaveDAC8_BuffAmp.c **** 
 134:.\Generated_Source\PSoC5/WaveDAC8_BuffAmp.c **** /*******************************************************************************
 135:.\Generated_Source\PSoC5/WaveDAC8_BuffAmp.c **** * Function Name: WaveDAC8_BuffAmp_SetPower
 136:.\Generated_Source\PSoC5/WaveDAC8_BuffAmp.c **** ********************************************************************************
 137:.\Generated_Source\PSoC5/WaveDAC8_BuffAmp.c **** *
 138:.\Generated_Source\PSoC5/WaveDAC8_BuffAmp.c **** * Summary:
 139:.\Generated_Source\PSoC5/WaveDAC8_BuffAmp.c **** *  Sets power level of Analog buffer.
 140:.\Generated_Source\PSoC5/WaveDAC8_BuffAmp.c **** *
 141:.\Generated_Source\PSoC5/WaveDAC8_BuffAmp.c **** * Parameters: 
 142:.\Generated_Source\PSoC5/WaveDAC8_BuffAmp.c **** *  power: PSoC3: Sets power level between low (1) and high power (3).
 143:.\Generated_Source\PSoC5/WaveDAC8_BuffAmp.c **** *         PSoC5: Sets power level High (0)
 144:.\Generated_Source\PSoC5/WaveDAC8_BuffAmp.c **** *
 145:.\Generated_Source\PSoC5/WaveDAC8_BuffAmp.c **** * Return:
 146:.\Generated_Source\PSoC5/WaveDAC8_BuffAmp.c **** *  void
 147:.\Generated_Source\PSoC5/WaveDAC8_BuffAmp.c **** *
 148:.\Generated_Source\PSoC5/WaveDAC8_BuffAmp.c **** **********************************************************************************/
 149:.\Generated_Source\PSoC5/WaveDAC8_BuffAmp.c **** void WaveDAC8_BuffAmp_SetPower(uint8 power) 
 150:.\Generated_Source\PSoC5/WaveDAC8_BuffAmp.c **** {
 109              		.loc 1 150 0
 110              		.cfi_startproc
 111              		@ args = 0, pretend = 0, frame = 0
 112              		@ frame_needed = 0, uses_anonymous_args = 0
 113              		@ link register save eliminated.
 114              	.LVL0:
 151:.\Generated_Source\PSoC5/WaveDAC8_BuffAmp.c ****     #if (CY_PSOC3 || CY_PSOC5LP)
 152:.\Generated_Source\PSoC5/WaveDAC8_BuffAmp.c ****         WaveDAC8_BuffAmp_CR_REG &= (uint8)(~WaveDAC8_BuffAmp_PWR_MASK);
 115              		.loc 1 152 0
 116 0000 054B     		ldr	r3, .L10
 153:.\Generated_Source\PSoC5/WaveDAC8_BuffAmp.c ****         WaveDAC8_BuffAmp_CR_REG |= power & WaveDAC8_BuffAmp_PWR_MASK;      /* Set device power */
 117              		.loc 1 153 0
 118 0002 00F00300 		and	r0, r0, #3
 119              	.LVL1:
 152:.\Generated_Source\PSoC5/WaveDAC8_BuffAmp.c ****         WaveDAC8_BuffAmp_CR_REG &= (uint8)(~WaveDAC8_BuffAmp_PWR_MASK);
 120              		.loc 1 152 0
 121 0006 1A78     		ldrb	r2, [r3, #0]	@ zero_extendqisi2
 122 0008 02F0FC01 		and	r1, r2, #252
 123 000c 1970     		strb	r1, [r3, #0]
 124              		.loc 1 153 0
 125 000e 1A78     		ldrb	r2, [r3, #0]	@ zero_extendqisi2
 126 0010 0243     		orrs	r2, r2, r0
 127 0012 1A70     		strb	r2, [r3, #0]
 128 0014 7047     		bx	lr
 129              	.L11:
ARM GAS  C:\Users\Graziano\AppData\Local\Temp\ccwceOOg.s 			page 6


 130 0016 00BF     		.align	2
 131              	.L10:
 132 0018 58580040 		.word	1073764440
 133              		.cfi_endproc
 134              	.LFE4:
 135              		.size	WaveDAC8_BuffAmp_SetPower, .-WaveDAC8_BuffAmp_SetPower
 136              		.section	.text.WaveDAC8_BuffAmp_Init,"ax",%progbits
 137              		.align	1
 138              		.global	WaveDAC8_BuffAmp_Init
 139              		.thumb
 140              		.thumb_func
 141              		.type	WaveDAC8_BuffAmp_Init, %function
 142              	WaveDAC8_BuffAmp_Init:
 143              	.LFB0:
  40:.\Generated_Source\PSoC5/WaveDAC8_BuffAmp.c **** {
 144              		.loc 1 40 0
 145              		.cfi_startproc
 146              		@ args = 0, pretend = 0, frame = 0
 147              		@ frame_needed = 0, uses_anonymous_args = 0
 148              		@ link register save eliminated.
  41:.\Generated_Source\PSoC5/WaveDAC8_BuffAmp.c ****     WaveDAC8_BuffAmp_SetPower(WaveDAC8_BuffAmp_DEFAULT_POWER);
 149              		.loc 1 41 0
 150 0000 0220     		movs	r0, #2
  42:.\Generated_Source\PSoC5/WaveDAC8_BuffAmp.c **** }
 151              		.loc 1 42 0
  41:.\Generated_Source\PSoC5/WaveDAC8_BuffAmp.c ****     WaveDAC8_BuffAmp_SetPower(WaveDAC8_BuffAmp_DEFAULT_POWER);
 152              		.loc 1 41 0
 153 0002 FFF7FEBF 		b	WaveDAC8_BuffAmp_SetPower
 154              	.LVL2:
 155              		.cfi_endproc
 156              	.LFE0:
 157              		.size	WaveDAC8_BuffAmp_Init, .-WaveDAC8_BuffAmp_Init
 158              		.section	.text.WaveDAC8_BuffAmp_Start,"ax",%progbits
 159              		.align	1
 160              		.global	WaveDAC8_BuffAmp_Start
 161              		.thumb
 162              		.thumb_func
 163              		.type	WaveDAC8_BuffAmp_Start, %function
 164              	WaveDAC8_BuffAmp_Start:
 165              	.LFB2:
  93:.\Generated_Source\PSoC5/WaveDAC8_BuffAmp.c **** {
 166              		.loc 1 93 0
 167              		.cfi_startproc
 168              		@ args = 0, pretend = 0, frame = 0
 169              		@ frame_needed = 0, uses_anonymous_args = 0
 170 0000 08B5     		push	{r3, lr}
 171              	.LCFI0:
 172              		.cfi_def_cfa_offset 8
 173              		.cfi_offset 3, -8
 174              		.cfi_offset 14, -4
  94:.\Generated_Source\PSoC5/WaveDAC8_BuffAmp.c ****     if(WaveDAC8_BuffAmp_initVar == 0u)
 175              		.loc 1 94 0
 176 0002 054B     		ldr	r3, .L15
 177 0004 1A78     		ldrb	r2, [r3, #0]	@ zero_extendqisi2
 178 0006 1AB9     		cbnz	r2, .L14
  96:.\Generated_Source\PSoC5/WaveDAC8_BuffAmp.c ****         WaveDAC8_BuffAmp_initVar = 1u;
 179              		.loc 1 96 0
ARM GAS  C:\Users\Graziano\AppData\Local\Temp\ccwceOOg.s 			page 7


 180 0008 0120     		movs	r0, #1
 181 000a 1870     		strb	r0, [r3, #0]
  97:.\Generated_Source\PSoC5/WaveDAC8_BuffAmp.c ****         WaveDAC8_BuffAmp_Init();
 182              		.loc 1 97 0
 183 000c FFF7FEFF 		bl	WaveDAC8_BuffAmp_Init
 184              	.LVL3:
 185              	.L14:
 101:.\Generated_Source\PSoC5/WaveDAC8_BuffAmp.c **** }
 186              		.loc 1 101 0
 187 0010 BDE80840 		pop	{r3, lr}
 100:.\Generated_Source\PSoC5/WaveDAC8_BuffAmp.c ****     WaveDAC8_BuffAmp_Enable();
 188              		.loc 1 100 0
 189 0014 FFF7FEBF 		b	WaveDAC8_BuffAmp_Enable
 190              	.LVL4:
 191              	.L16:
 192              		.align	2
 193              	.L15:
 194 0018 00000000 		.word	.LANCHOR0
 195              		.cfi_endproc
 196              	.LFE2:
 197              		.size	WaveDAC8_BuffAmp_Start, .-WaveDAC8_BuffAmp_Start
 198              		.global	WaveDAC8_BuffAmp_initVar
 199              		.bss
 200              		.set	.LANCHOR0,. + 0
 201              		.type	WaveDAC8_BuffAmp_initVar, %object
 202              		.size	WaveDAC8_BuffAmp_initVar, 1
 203              	WaveDAC8_BuffAmp_initVar:
 204 0000 00       		.space	1
 205              		.text
 206              	.Letext0:
 207              		.file 2 ".\\Generated_Source\\PSoC5\\cytypes.h"
 208              		.section	.debug_info,"",%progbits
 209              	.Ldebug_info0:
 210 0000 60010000 		.4byte	0x160
 211 0004 0200     		.2byte	0x2
 212 0006 00000000 		.4byte	.Ldebug_abbrev0
 213 000a 04       		.byte	0x4
 214 000b 01       		.uleb128 0x1
 215 000c 31000000 		.4byte	.LASF20
 216 0010 01       		.byte	0x1
 217 0011 E6010000 		.4byte	.LASF21
 218 0015 C0000000 		.4byte	.LASF22
 219 0019 00000000 		.4byte	.Ldebug_ranges0+0
 220 001d 00000000 		.4byte	0
 221 0021 00000000 		.4byte	0
 222 0025 00000000 		.4byte	.Ldebug_line0
 223 0029 02       		.uleb128 0x2
 224 002a 01       		.byte	0x1
 225 002b 06       		.byte	0x6
 226 002c 93010000 		.4byte	.LASF0
 227 0030 02       		.uleb128 0x2
 228 0031 01       		.byte	0x1
 229 0032 08       		.byte	0x8
 230 0033 2E010000 		.4byte	.LASF1
 231 0037 02       		.uleb128 0x2
 232 0038 02       		.byte	0x2
 233 0039 05       		.byte	0x5
ARM GAS  C:\Users\Graziano\AppData\Local\Temp\ccwceOOg.s 			page 8


 234 003a D7010000 		.4byte	.LASF2
 235 003e 02       		.uleb128 0x2
 236 003f 02       		.byte	0x2
 237 0040 07       		.byte	0x7
 238 0041 80010000 		.4byte	.LASF3
 239 0045 02       		.uleb128 0x2
 240 0046 04       		.byte	0x4
 241 0047 05       		.byte	0x5
 242 0048 5A010000 		.4byte	.LASF4
 243 004c 02       		.uleb128 0x2
 244 004d 04       		.byte	0x4
 245 004e 07       		.byte	0x7
 246 004f 80000000 		.4byte	.LASF5
 247 0053 02       		.uleb128 0x2
 248 0054 08       		.byte	0x8
 249 0055 05       		.byte	0x5
 250 0056 00000000 		.4byte	.LASF6
 251 005a 02       		.uleb128 0x2
 252 005b 08       		.byte	0x8
 253 005c 07       		.byte	0x7
 254 005d 92000000 		.4byte	.LASF7
 255 0061 03       		.uleb128 0x3
 256 0062 04       		.byte	0x4
 257 0063 05       		.byte	0x5
 258 0064 696E7400 		.ascii	"int\000"
 259 0068 02       		.uleb128 0x2
 260 0069 04       		.byte	0x4
 261 006a 07       		.byte	0x7
 262 006b 0E000000 		.4byte	.LASF8
 263 006f 04       		.uleb128 0x4
 264 0070 7A000000 		.4byte	.LASF12
 265 0074 02       		.byte	0x2
 266 0075 5B       		.byte	0x5b
 267 0076 30000000 		.4byte	0x30
 268 007a 02       		.uleb128 0x2
 269 007b 04       		.byte	0x4
 270 007c 04       		.byte	0x4
 271 007d D1010000 		.4byte	.LASF9
 272 0081 02       		.uleb128 0x2
 273 0082 08       		.byte	0x8
 274 0083 04       		.byte	0x4
 275 0084 63010000 		.4byte	.LASF10
 276 0088 02       		.uleb128 0x2
 277 0089 01       		.byte	0x1
 278 008a 08       		.byte	0x8
 279 008b 3C010000 		.4byte	.LASF11
 280 008f 04       		.uleb128 0x4
 281 0090 E1010000 		.4byte	.LASF13
 282 0094 02       		.byte	0x2
 283 0095 F0       		.byte	0xf0
 284 0096 9A000000 		.4byte	0x9a
 285 009a 05       		.uleb128 0x5
 286 009b 6F000000 		.4byte	0x6f
 287 009f 02       		.uleb128 0x2
 288 00a0 04       		.byte	0x4
 289 00a1 07       		.byte	0x7
 290 00a2 12020000 		.4byte	.LASF14
ARM GAS  C:\Users\Graziano\AppData\Local\Temp\ccwceOOg.s 			page 9


 291 00a6 06       		.uleb128 0x6
 292 00a7 01       		.byte	0x1
 293 00a8 B9010000 		.4byte	.LASF15
 294 00ac 01       		.byte	0x1
 295 00ad 3B       		.byte	0x3b
 296 00ae 01       		.byte	0x1
 297 00af 00000000 		.4byte	.LFB1
 298 00b3 28000000 		.4byte	.LFE1
 299 00b7 02       		.byte	0x2
 300 00b8 7D       		.byte	0x7d
 301 00b9 00       		.sleb128 0
 302 00ba 01       		.byte	0x1
 303 00bb 06       		.uleb128 0x6
 304 00bc 01       		.byte	0x1
 305 00bd 6A010000 		.4byte	.LASF16
 306 00c1 01       		.byte	0x1
 307 00c2 76       		.byte	0x76
 308 00c3 01       		.byte	0x1
 309 00c4 00000000 		.4byte	.LFB3
 310 00c8 30000000 		.4byte	.LFE3
 311 00cc 02       		.byte	0x2
 312 00cd 7D       		.byte	0x7d
 313 00ce 00       		.sleb128 0
 314 00cf 01       		.byte	0x1
 315 00d0 07       		.uleb128 0x7
 316 00d1 01       		.byte	0x1
 317 00d2 9F010000 		.4byte	.LASF17
 318 00d6 01       		.byte	0x1
 319 00d7 95       		.byte	0x95
 320 00d8 01       		.byte	0x1
 321 00d9 00000000 		.4byte	.LFB4
 322 00dd 1C000000 		.4byte	.LFE4
 323 00e1 02       		.byte	0x2
 324 00e2 7D       		.byte	0x7d
 325 00e3 00       		.sleb128 0
 326 00e4 01       		.byte	0x1
 327 00e5 F9000000 		.4byte	0xf9
 328 00e9 08       		.uleb128 0x8
 329 00ea 1B020000 		.4byte	.LASF23
 330 00ee 01       		.byte	0x1
 331 00ef 95       		.byte	0x95
 332 00f0 6F000000 		.4byte	0x6f
 333 00f4 00000000 		.4byte	.LLST0
 334 00f8 00       		.byte	0
 335 00f9 07       		.uleb128 0x7
 336 00fa 01       		.byte	0x1
 337 00fb 1B000000 		.4byte	.LASF18
 338 00ff 01       		.byte	0x1
 339 0100 27       		.byte	0x27
 340 0101 01       		.byte	0x1
 341 0102 00000000 		.4byte	.LFB0
 342 0106 06000000 		.4byte	.LFE0
 343 010a 02       		.byte	0x2
 344 010b 7D       		.byte	0x7d
 345 010c 00       		.sleb128 0
 346 010d 01       		.byte	0x1
 347 010e 23010000 		.4byte	0x123
ARM GAS  C:\Users\Graziano\AppData\Local\Temp\ccwceOOg.s 			page 10


 348 0112 09       		.uleb128 0x9
 349 0113 06000000 		.4byte	.LVL2
 350 0117 01       		.byte	0x1
 351 0118 D0000000 		.4byte	0xd0
 352 011c 0A       		.uleb128 0xa
 353 011d 01       		.byte	0x1
 354 011e 50       		.byte	0x50
 355 011f 01       		.byte	0x1
 356 0120 32       		.byte	0x32
 357 0121 00       		.byte	0
 358 0122 00       		.byte	0
 359 0123 0B       		.uleb128 0xb
 360 0124 01       		.byte	0x1
 361 0125 A9000000 		.4byte	.LASF19
 362 0129 01       		.byte	0x1
 363 012a 5C       		.byte	0x5c
 364 012b 01       		.byte	0x1
 365 012c 00000000 		.4byte	.LFB2
 366 0130 1C000000 		.4byte	.LFE2
 367 0134 21000000 		.4byte	.LLST1
 368 0138 01       		.byte	0x1
 369 0139 51010000 		.4byte	0x151
 370 013d 0C       		.uleb128 0xc
 371 013e 10000000 		.4byte	.LVL3
 372 0142 F9000000 		.4byte	0xf9
 373 0146 0D       		.uleb128 0xd
 374 0147 18000000 		.4byte	.LVL4
 375 014b 01       		.byte	0x1
 376 014c A6000000 		.4byte	0xa6
 377 0150 00       		.byte	0
 378 0151 0E       		.uleb128 0xe
 379 0152 41010000 		.4byte	.LASF24
 380 0156 01       		.byte	0x1
 381 0157 14       		.byte	0x14
 382 0158 6F000000 		.4byte	0x6f
 383 015c 01       		.byte	0x1
 384 015d 05       		.byte	0x5
 385 015e 03       		.byte	0x3
 386 015f 00000000 		.4byte	WaveDAC8_BuffAmp_initVar
 387 0163 00       		.byte	0
 388              		.section	.debug_abbrev,"",%progbits
 389              	.Ldebug_abbrev0:
 390 0000 01       		.uleb128 0x1
 391 0001 11       		.uleb128 0x11
 392 0002 01       		.byte	0x1
 393 0003 25       		.uleb128 0x25
 394 0004 0E       		.uleb128 0xe
 395 0005 13       		.uleb128 0x13
 396 0006 0B       		.uleb128 0xb
 397 0007 03       		.uleb128 0x3
 398 0008 0E       		.uleb128 0xe
 399 0009 1B       		.uleb128 0x1b
 400 000a 0E       		.uleb128 0xe
 401 000b 55       		.uleb128 0x55
 402 000c 06       		.uleb128 0x6
 403 000d 11       		.uleb128 0x11
 404 000e 01       		.uleb128 0x1
ARM GAS  C:\Users\Graziano\AppData\Local\Temp\ccwceOOg.s 			page 11


 405 000f 52       		.uleb128 0x52
 406 0010 01       		.uleb128 0x1
 407 0011 10       		.uleb128 0x10
 408 0012 06       		.uleb128 0x6
 409 0013 00       		.byte	0
 410 0014 00       		.byte	0
 411 0015 02       		.uleb128 0x2
 412 0016 24       		.uleb128 0x24
 413 0017 00       		.byte	0
 414 0018 0B       		.uleb128 0xb
 415 0019 0B       		.uleb128 0xb
 416 001a 3E       		.uleb128 0x3e
 417 001b 0B       		.uleb128 0xb
 418 001c 03       		.uleb128 0x3
 419 001d 0E       		.uleb128 0xe
 420 001e 00       		.byte	0
 421 001f 00       		.byte	0
 422 0020 03       		.uleb128 0x3
 423 0021 24       		.uleb128 0x24
 424 0022 00       		.byte	0
 425 0023 0B       		.uleb128 0xb
 426 0024 0B       		.uleb128 0xb
 427 0025 3E       		.uleb128 0x3e
 428 0026 0B       		.uleb128 0xb
 429 0027 03       		.uleb128 0x3
 430 0028 08       		.uleb128 0x8
 431 0029 00       		.byte	0
 432 002a 00       		.byte	0
 433 002b 04       		.uleb128 0x4
 434 002c 16       		.uleb128 0x16
 435 002d 00       		.byte	0
 436 002e 03       		.uleb128 0x3
 437 002f 0E       		.uleb128 0xe
 438 0030 3A       		.uleb128 0x3a
 439 0031 0B       		.uleb128 0xb
 440 0032 3B       		.uleb128 0x3b
 441 0033 0B       		.uleb128 0xb
 442 0034 49       		.uleb128 0x49
 443 0035 13       		.uleb128 0x13
 444 0036 00       		.byte	0
 445 0037 00       		.byte	0
 446 0038 05       		.uleb128 0x5
 447 0039 35       		.uleb128 0x35
 448 003a 00       		.byte	0
 449 003b 49       		.uleb128 0x49
 450 003c 13       		.uleb128 0x13
 451 003d 00       		.byte	0
 452 003e 00       		.byte	0
 453 003f 06       		.uleb128 0x6
 454 0040 2E       		.uleb128 0x2e
 455 0041 00       		.byte	0
 456 0042 3F       		.uleb128 0x3f
 457 0043 0C       		.uleb128 0xc
 458 0044 03       		.uleb128 0x3
 459 0045 0E       		.uleb128 0xe
 460 0046 3A       		.uleb128 0x3a
 461 0047 0B       		.uleb128 0xb
ARM GAS  C:\Users\Graziano\AppData\Local\Temp\ccwceOOg.s 			page 12


 462 0048 3B       		.uleb128 0x3b
 463 0049 0B       		.uleb128 0xb
 464 004a 27       		.uleb128 0x27
 465 004b 0C       		.uleb128 0xc
 466 004c 11       		.uleb128 0x11
 467 004d 01       		.uleb128 0x1
 468 004e 12       		.uleb128 0x12
 469 004f 01       		.uleb128 0x1
 470 0050 40       		.uleb128 0x40
 471 0051 0A       		.uleb128 0xa
 472 0052 9742     		.uleb128 0x2117
 473 0054 0C       		.uleb128 0xc
 474 0055 00       		.byte	0
 475 0056 00       		.byte	0
 476 0057 07       		.uleb128 0x7
 477 0058 2E       		.uleb128 0x2e
 478 0059 01       		.byte	0x1
 479 005a 3F       		.uleb128 0x3f
 480 005b 0C       		.uleb128 0xc
 481 005c 03       		.uleb128 0x3
 482 005d 0E       		.uleb128 0xe
 483 005e 3A       		.uleb128 0x3a
 484 005f 0B       		.uleb128 0xb
 485 0060 3B       		.uleb128 0x3b
 486 0061 0B       		.uleb128 0xb
 487 0062 27       		.uleb128 0x27
 488 0063 0C       		.uleb128 0xc
 489 0064 11       		.uleb128 0x11
 490 0065 01       		.uleb128 0x1
 491 0066 12       		.uleb128 0x12
 492 0067 01       		.uleb128 0x1
 493 0068 40       		.uleb128 0x40
 494 0069 0A       		.uleb128 0xa
 495 006a 9742     		.uleb128 0x2117
 496 006c 0C       		.uleb128 0xc
 497 006d 01       		.uleb128 0x1
 498 006e 13       		.uleb128 0x13
 499 006f 00       		.byte	0
 500 0070 00       		.byte	0
 501 0071 08       		.uleb128 0x8
 502 0072 05       		.uleb128 0x5
 503 0073 00       		.byte	0
 504 0074 03       		.uleb128 0x3
 505 0075 0E       		.uleb128 0xe
 506 0076 3A       		.uleb128 0x3a
 507 0077 0B       		.uleb128 0xb
 508 0078 3B       		.uleb128 0x3b
 509 0079 0B       		.uleb128 0xb
 510 007a 49       		.uleb128 0x49
 511 007b 13       		.uleb128 0x13
 512 007c 02       		.uleb128 0x2
 513 007d 06       		.uleb128 0x6
 514 007e 00       		.byte	0
 515 007f 00       		.byte	0
 516 0080 09       		.uleb128 0x9
 517 0081 898201   		.uleb128 0x4109
 518 0084 01       		.byte	0x1
ARM GAS  C:\Users\Graziano\AppData\Local\Temp\ccwceOOg.s 			page 13


 519 0085 11       		.uleb128 0x11
 520 0086 01       		.uleb128 0x1
 521 0087 9542     		.uleb128 0x2115
 522 0089 0C       		.uleb128 0xc
 523 008a 31       		.uleb128 0x31
 524 008b 13       		.uleb128 0x13
 525 008c 00       		.byte	0
 526 008d 00       		.byte	0
 527 008e 0A       		.uleb128 0xa
 528 008f 8A8201   		.uleb128 0x410a
 529 0092 00       		.byte	0
 530 0093 02       		.uleb128 0x2
 531 0094 0A       		.uleb128 0xa
 532 0095 9142     		.uleb128 0x2111
 533 0097 0A       		.uleb128 0xa
 534 0098 00       		.byte	0
 535 0099 00       		.byte	0
 536 009a 0B       		.uleb128 0xb
 537 009b 2E       		.uleb128 0x2e
 538 009c 01       		.byte	0x1
 539 009d 3F       		.uleb128 0x3f
 540 009e 0C       		.uleb128 0xc
 541 009f 03       		.uleb128 0x3
 542 00a0 0E       		.uleb128 0xe
 543 00a1 3A       		.uleb128 0x3a
 544 00a2 0B       		.uleb128 0xb
 545 00a3 3B       		.uleb128 0x3b
 546 00a4 0B       		.uleb128 0xb
 547 00a5 27       		.uleb128 0x27
 548 00a6 0C       		.uleb128 0xc
 549 00a7 11       		.uleb128 0x11
 550 00a8 01       		.uleb128 0x1
 551 00a9 12       		.uleb128 0x12
 552 00aa 01       		.uleb128 0x1
 553 00ab 40       		.uleb128 0x40
 554 00ac 06       		.uleb128 0x6
 555 00ad 9742     		.uleb128 0x2117
 556 00af 0C       		.uleb128 0xc
 557 00b0 01       		.uleb128 0x1
 558 00b1 13       		.uleb128 0x13
 559 00b2 00       		.byte	0
 560 00b3 00       		.byte	0
 561 00b4 0C       		.uleb128 0xc
 562 00b5 898201   		.uleb128 0x4109
 563 00b8 00       		.byte	0
 564 00b9 11       		.uleb128 0x11
 565 00ba 01       		.uleb128 0x1
 566 00bb 31       		.uleb128 0x31
 567 00bc 13       		.uleb128 0x13
 568 00bd 00       		.byte	0
 569 00be 00       		.byte	0
 570 00bf 0D       		.uleb128 0xd
 571 00c0 898201   		.uleb128 0x4109
 572 00c3 00       		.byte	0
 573 00c4 11       		.uleb128 0x11
 574 00c5 01       		.uleb128 0x1
 575 00c6 9542     		.uleb128 0x2115
ARM GAS  C:\Users\Graziano\AppData\Local\Temp\ccwceOOg.s 			page 14


 576 00c8 0C       		.uleb128 0xc
 577 00c9 31       		.uleb128 0x31
 578 00ca 13       		.uleb128 0x13
 579 00cb 00       		.byte	0
 580 00cc 00       		.byte	0
 581 00cd 0E       		.uleb128 0xe
 582 00ce 34       		.uleb128 0x34
 583 00cf 00       		.byte	0
 584 00d0 03       		.uleb128 0x3
 585 00d1 0E       		.uleb128 0xe
 586 00d2 3A       		.uleb128 0x3a
 587 00d3 0B       		.uleb128 0xb
 588 00d4 3B       		.uleb128 0x3b
 589 00d5 0B       		.uleb128 0xb
 590 00d6 49       		.uleb128 0x49
 591 00d7 13       		.uleb128 0x13
 592 00d8 3F       		.uleb128 0x3f
 593 00d9 0C       		.uleb128 0xc
 594 00da 02       		.uleb128 0x2
 595 00db 0A       		.uleb128 0xa
 596 00dc 00       		.byte	0
 597 00dd 00       		.byte	0
 598 00de 00       		.byte	0
 599              		.section	.debug_loc,"",%progbits
 600              	.Ldebug_loc0:
 601              	.LLST0:
 602 0000 00000000 		.4byte	.LVL0
 603 0004 06000000 		.4byte	.LVL1
 604 0008 0100     		.2byte	0x1
 605 000a 50       		.byte	0x50
 606 000b 06000000 		.4byte	.LVL1
 607 000f 1C000000 		.4byte	.LFE4
 608 0013 0400     		.2byte	0x4
 609 0015 F3       		.byte	0xf3
 610 0016 01       		.uleb128 0x1
 611 0017 50       		.byte	0x50
 612 0018 9F       		.byte	0x9f
 613 0019 00000000 		.4byte	0
 614 001d 00000000 		.4byte	0
 615              	.LLST1:
 616 0021 00000000 		.4byte	.LFB2
 617 0025 02000000 		.4byte	.LCFI0
 618 0029 0200     		.2byte	0x2
 619 002b 7D       		.byte	0x7d
 620 002c 00       		.sleb128 0
 621 002d 02000000 		.4byte	.LCFI0
 622 0031 1C000000 		.4byte	.LFE2
 623 0035 0200     		.2byte	0x2
 624 0037 7D       		.byte	0x7d
 625 0038 08       		.sleb128 8
 626 0039 00000000 		.4byte	0
 627 003d 00000000 		.4byte	0
 628              		.section	.debug_aranges,"",%progbits
 629 0000 3C000000 		.4byte	0x3c
 630 0004 0200     		.2byte	0x2
 631 0006 00000000 		.4byte	.Ldebug_info0
 632 000a 04       		.byte	0x4
ARM GAS  C:\Users\Graziano\AppData\Local\Temp\ccwceOOg.s 			page 15


 633 000b 00       		.byte	0
 634 000c 0000     		.2byte	0
 635 000e 0000     		.2byte	0
 636 0010 00000000 		.4byte	.LFB1
 637 0014 28000000 		.4byte	.LFE1-.LFB1
 638 0018 00000000 		.4byte	.LFB3
 639 001c 30000000 		.4byte	.LFE3-.LFB3
 640 0020 00000000 		.4byte	.LFB4
 641 0024 1C000000 		.4byte	.LFE4-.LFB4
 642 0028 00000000 		.4byte	.LFB0
 643 002c 06000000 		.4byte	.LFE0-.LFB0
 644 0030 00000000 		.4byte	.LFB2
 645 0034 1C000000 		.4byte	.LFE2-.LFB2
 646 0038 00000000 		.4byte	0
 647 003c 00000000 		.4byte	0
 648              		.section	.debug_ranges,"",%progbits
 649              	.Ldebug_ranges0:
 650 0000 00000000 		.4byte	.LFB1
 651 0004 28000000 		.4byte	.LFE1
 652 0008 00000000 		.4byte	.LFB3
 653 000c 30000000 		.4byte	.LFE3
 654 0010 00000000 		.4byte	.LFB4
 655 0014 1C000000 		.4byte	.LFE4
 656 0018 00000000 		.4byte	.LFB0
 657 001c 06000000 		.4byte	.LFE0
 658 0020 00000000 		.4byte	.LFB2
 659 0024 1C000000 		.4byte	.LFE2
 660 0028 00000000 		.4byte	0
 661 002c 00000000 		.4byte	0
 662              		.section	.debug_line,"",%progbits
 663              	.Ldebug_line0:
 664 0000 BA000000 		.section	.debug_str,"MS",%progbits,1
 664      02004F00 
 664      00000201 
 664      FB0E0D00 
 664      01010101 
 665              	.LASF6:
 666 0000 6C6F6E67 		.ascii	"long long int\000"
 666      206C6F6E 
 666      6720696E 
 666      7400
 667              	.LASF8:
 668 000e 756E7369 		.ascii	"unsigned int\000"
 668      676E6564 
 668      20696E74 
 668      00
 669              	.LASF18:
 670 001b 57617665 		.ascii	"WaveDAC8_BuffAmp_Init\000"
 670      44414338 
 670      5F427566 
 670      66416D70 
 670      5F496E69 
 671              	.LASF20:
 672 0031 474E5520 		.ascii	"GNU C 4.7.3 20130312 (release) [ARM/embedded-4_7-br"
 672      4320342E 
 672      372E3320 
 672      32303133 
ARM GAS  C:\Users\Graziano\AppData\Local\Temp\ccwceOOg.s 			page 16


 672      30333132 
 673 0064 616E6368 		.ascii	"anch revision 196615]\000"
 673      20726576 
 673      6973696F 
 673      6E203139 
 673      36363135 
 674              	.LASF12:
 675 007a 75696E74 		.ascii	"uint8\000"
 675      3800
 676              	.LASF5:
 677 0080 6C6F6E67 		.ascii	"long unsigned int\000"
 677      20756E73 
 677      69676E65 
 677      6420696E 
 677      7400
 678              	.LASF7:
 679 0092 6C6F6E67 		.ascii	"long long unsigned int\000"
 679      206C6F6E 
 679      6720756E 
 679      7369676E 
 679      65642069 
 680              	.LASF19:
 681 00a9 57617665 		.ascii	"WaveDAC8_BuffAmp_Start\000"
 681      44414338 
 681      5F427566 
 681      66416D70 
 681      5F537461 
 682              	.LASF22:
 683 00c0 433A5C55 		.ascii	"C:\\Users\\Graziano\\Desktop\\PSOC CODES\\GOBEE DIR"
 683      73657273 
 683      5C477261 
 683      7A69616E 
 683      6F5C4465 
 684 00ee 4543544F 		.ascii	"ECTOR\\Vers.0.0-T05 2017-0201 C3.0 (test board V)\\"
 684      525C5665 
 684      72732E30 
 684      2E302D54 
 684      30352032 
 685 011f 476F6265 		.ascii	"GobeeDir.cydsn\000"
 685      65446972 
 685      2E637964 
 685      736E00
 686              	.LASF1:
 687 012e 756E7369 		.ascii	"unsigned char\000"
 687      676E6564 
 687      20636861 
 687      7200
 688              	.LASF11:
 689 013c 63686172 		.ascii	"char\000"
 689      00
 690              	.LASF24:
 691 0141 57617665 		.ascii	"WaveDAC8_BuffAmp_initVar\000"
 691      44414338 
 691      5F427566 
 691      66416D70 
 691      5F696E69 
 692              	.LASF4:
ARM GAS  C:\Users\Graziano\AppData\Local\Temp\ccwceOOg.s 			page 17


 693 015a 6C6F6E67 		.ascii	"long int\000"
 693      20696E74 
 693      00
 694              	.LASF10:
 695 0163 646F7562 		.ascii	"double\000"
 695      6C6500
 696              	.LASF16:
 697 016a 57617665 		.ascii	"WaveDAC8_BuffAmp_Stop\000"
 697      44414338 
 697      5F427566 
 697      66416D70 
 697      5F53746F 
 698              	.LASF3:
 699 0180 73686F72 		.ascii	"short unsigned int\000"
 699      7420756E 
 699      7369676E 
 699      65642069 
 699      6E7400
 700              	.LASF0:
 701 0193 7369676E 		.ascii	"signed char\000"
 701      65642063 
 701      68617200 
 702              	.LASF17:
 703 019f 57617665 		.ascii	"WaveDAC8_BuffAmp_SetPower\000"
 703      44414338 
 703      5F427566 
 703      66416D70 
 703      5F536574 
 704              	.LASF15:
 705 01b9 57617665 		.ascii	"WaveDAC8_BuffAmp_Enable\000"
 705      44414338 
 705      5F427566 
 705      66416D70 
 705      5F456E61 
 706              	.LASF9:
 707 01d1 666C6F61 		.ascii	"float\000"
 707      7400
 708              	.LASF2:
 709 01d7 73686F72 		.ascii	"short int\000"
 709      7420696E 
 709      7400
 710              	.LASF13:
 711 01e1 72656738 		.ascii	"reg8\000"
 711      00
 712              	.LASF21:
 713 01e6 2E5C4765 		.ascii	".\\Generated_Source\\PSoC5\\WaveDAC8_BuffAmp.c\000"
 713      6E657261 
 713      7465645F 
 713      536F7572 
 713      63655C50 
 714              	.LASF14:
 715 0212 73697A65 		.ascii	"sizetype\000"
 715      74797065 
 715      00
 716              	.LASF23:
 717 021b 706F7765 		.ascii	"power\000"
 717      7200
ARM GAS  C:\Users\Graziano\AppData\Local\Temp\ccwceOOg.s 			page 18


 718              		.ident	"GCC: (GNU Tools for ARM Embedded Processors) 4.7.3 20130312 (release) [ARM/embedded-4_7-br
