ARM GAS  C:\Users\GRAZIA~1.RAV\AppData\Local\Temp\ccq3yXYr.s 			page 1


   1              		.syntax unified
   2              		.cpu cortex-m3
   3              		.fpu softvfp
   4              		.eabi_attribute 20, 1
   5              		.eabi_attribute 21, 1
   6              		.eabi_attribute 23, 3
   7              		.eabi_attribute 24, 1
   8              		.eabi_attribute 25, 1
   9              		.eabi_attribute 26, 1
  10              		.eabi_attribute 30, 6
  11              		.eabi_attribute 34, 1
  12              		.eabi_attribute 18, 4
  13              		.thumb
  14              		.file	"ADC_INT.c"
  15              		.text
  16              	.Ltext0:
  17              		.cfi_sections	.debug_frame
  18              		.global	iIndex
  19              		.bss
  20              		.type	iIndex, %object
  21              		.size	iIndex, 1
  22              	iIndex:
  23 0000 00       		.space	1
  24              		.global	Conversion
  25 0001 00       		.align	1
  26              		.type	Conversion, %object
  27              		.size	Conversion, 2
  28              	Conversion:
  29 0002 0000     		.space	2
  30              		.section	.text.ADC_ISR1,"ax",%progbits
  31              		.align	2
  32              		.global	ADC_ISR1
  33              		.thumb
  34              		.thumb_func
  35              		.type	ADC_ISR1, %function
  36              	ADC_ISR1:
  37              	.LFB56:
  38              		.file 1 ".\\Generated_Source\\PSoC5\\ADC_INT.c"
   1:.\Generated_Source\PSoC5/ADC_INT.c **** /*******************************************************************************
   2:.\Generated_Source\PSoC5/ADC_INT.c **** * File Name: ADC_INT.c
   3:.\Generated_Source\PSoC5/ADC_INT.c **** * Version 3.10
   4:.\Generated_Source\PSoC5/ADC_INT.c **** *
   5:.\Generated_Source\PSoC5/ADC_INT.c **** * Description:
   6:.\Generated_Source\PSoC5/ADC_INT.c **** *  This file contains the code that operates during the ADC_DelSig interrupt
   7:.\Generated_Source\PSoC5/ADC_INT.c **** *  service routine.
   8:.\Generated_Source\PSoC5/ADC_INT.c **** *
   9:.\Generated_Source\PSoC5/ADC_INT.c **** * Note:
  10:.\Generated_Source\PSoC5/ADC_INT.c **** *
  11:.\Generated_Source\PSoC5/ADC_INT.c **** ********************************************************************************
  12:.\Generated_Source\PSoC5/ADC_INT.c **** * Copyright 2008-2013, Cypress Semiconductor Corporation.  All rights reserved.
  13:.\Generated_Source\PSoC5/ADC_INT.c **** * You may use this file only in accordance with the license, terms, conditions,
  14:.\Generated_Source\PSoC5/ADC_INT.c **** * disclaimers, and limitations in the end user license agreement accompanying
  15:.\Generated_Source\PSoC5/ADC_INT.c **** * the software package with which this file was provided.
  16:.\Generated_Source\PSoC5/ADC_INT.c **** *******************************************************************************/
  17:.\Generated_Source\PSoC5/ADC_INT.c **** 
  18:.\Generated_Source\PSoC5/ADC_INT.c **** #include "ADC.h"
  19:.\Generated_Source\PSoC5/ADC_INT.c **** 
ARM GAS  C:\Users\GRAZIA~1.RAV\AppData\Local\Temp\ccq3yXYr.s 			page 2


  20:.\Generated_Source\PSoC5/ADC_INT.c **** 
  21:.\Generated_Source\PSoC5/ADC_INT.c **** /*******************************************************************************
  22:.\Generated_Source\PSoC5/ADC_INT.c **** * Custom Declarations and Variables
  23:.\Generated_Source\PSoC5/ADC_INT.c **** * - add user include files, prototypes and variables between the following
  24:.\Generated_Source\PSoC5/ADC_INT.c **** *   #START and #END tags
  25:.\Generated_Source\PSoC5/ADC_INT.c **** *******************************************************************************/
  26:.\Generated_Source\PSoC5/ADC_INT.c **** /* `#START ADC_SYS_VAR`  */
  27:.\Generated_Source\PSoC5/ADC_INT.c **** #include "AMuxSeq.h"
  28:.\Generated_Source\PSoC5/ADC_INT.c **** #include <device.h>
  29:.\Generated_Source\PSoC5/ADC_INT.c **** #include <gobee.h>
  30:.\Generated_Source\PSoC5/ADC_INT.c **** #include <gobeelib.h>
  31:.\Generated_Source\PSoC5/ADC_INT.c **** 
  32:.\Generated_Source\PSoC5/ADC_INT.c **** uint8 iIndex=0;
  33:.\Generated_Source\PSoC5/ADC_INT.c **** uint16 Conversion=0;
  34:.\Generated_Source\PSoC5/ADC_INT.c **** extern int16 AdcValue[ADC_MUX_LENGHT];
  35:.\Generated_Source\PSoC5/ADC_INT.c **** /* `#END`  */
  36:.\Generated_Source\PSoC5/ADC_INT.c **** 
  37:.\Generated_Source\PSoC5/ADC_INT.c **** 
  38:.\Generated_Source\PSoC5/ADC_INT.c **** #if(ADC_IRQ_REMOVE == 0u)
  39:.\Generated_Source\PSoC5/ADC_INT.c **** 
  40:.\Generated_Source\PSoC5/ADC_INT.c **** 
  41:.\Generated_Source\PSoC5/ADC_INT.c ****     /*****************************************************************************
  42:.\Generated_Source\PSoC5/ADC_INT.c ****     * Function Name: ADC_ISR1
  43:.\Generated_Source\PSoC5/ADC_INT.c ****     ******************************************************************************
  44:.\Generated_Source\PSoC5/ADC_INT.c ****     *
  45:.\Generated_Source\PSoC5/ADC_INT.c ****     * Summary:
  46:.\Generated_Source\PSoC5/ADC_INT.c ****     *  Handle Interrupt Service Routine.
  47:.\Generated_Source\PSoC5/ADC_INT.c ****     *
  48:.\Generated_Source\PSoC5/ADC_INT.c ****     * Parameters:
  49:.\Generated_Source\PSoC5/ADC_INT.c ****     *  None
  50:.\Generated_Source\PSoC5/ADC_INT.c ****     *
  51:.\Generated_Source\PSoC5/ADC_INT.c ****     * Return:
  52:.\Generated_Source\PSoC5/ADC_INT.c ****     *  None
  53:.\Generated_Source\PSoC5/ADC_INT.c ****     *
  54:.\Generated_Source\PSoC5/ADC_INT.c ****     * Reentrant:
  55:.\Generated_Source\PSoC5/ADC_INT.c ****     *  No
  56:.\Generated_Source\PSoC5/ADC_INT.c ****     *
  57:.\Generated_Source\PSoC5/ADC_INT.c ****     *****************************************************************************/
  58:.\Generated_Source\PSoC5/ADC_INT.c ****     CY_ISR( ADC_ISR1)
  59:.\Generated_Source\PSoC5/ADC_INT.c ****     {
  39              		.loc 1 59 0
  40              		.cfi_startproc
  41              		@ args = 0, pretend = 0, frame = 0
  42              		@ frame_needed = 1, uses_anonymous_args = 0
  43 0000 80B5     		push	{r7, lr}
  44              	.LCFI0:
  45              		.cfi_def_cfa_offset 8
  46              		.cfi_offset 7, -8
  47              		.cfi_offset 14, -4
  48 0002 00AF     		add	r7, sp, #0
  49              	.LCFI1:
  50              		.cfi_def_cfa_register 7
  60:.\Generated_Source\PSoC5/ADC_INT.c ****         /**************************************************************************
  61:.\Generated_Source\PSoC5/ADC_INT.c ****         *  Custom Code
  62:.\Generated_Source\PSoC5/ADC_INT.c ****         *  - add user ISR code between the following #START and #END tags
  63:.\Generated_Source\PSoC5/ADC_INT.c ****         **************************************************************************/
  64:.\Generated_Source\PSoC5/ADC_INT.c ****         /* `#START MAIN_ADC_ISR1`  */
ARM GAS  C:\Users\GRAZIA~1.RAV\AppData\Local\Temp\ccq3yXYr.s 			page 3


  65:.\Generated_Source\PSoC5/ADC_INT.c **** #if MEASURE_ADC_ISR
  66:.\Generated_Source\PSoC5/ADC_INT.c **** Control_Reg_LED_Write(0x01);
  67:.\Generated_Source\PSoC5/ADC_INT.c **** #endif
  68:.\Generated_Source\PSoC5/ADC_INT.c **** 	
  69:.\Generated_Source\PSoC5/ADC_INT.c **** 		ADC_StopConvert();						//The ADC is stopped after every conversion. This is to reduce the crosst
  51              		.loc 1 69 0
  52 0004 FFF7FEFF 		bl	ADC_StopConvert
  70:.\Generated_Source\PSoC5/ADC_INT.c **** 		
  71:.\Generated_Source\PSoC5/ADC_INT.c **** 		Conversion = ADC_GetResult16();			//Get the ADC result for the present channel
  53              		.loc 1 71 0
  54 0008 FFF7FEFF 		bl	ADC_GetResult16
  55 000c 0346     		mov	r3, r0
  56 000e 9AB2     		uxth	r2, r3
  57 0010 40F20003 		movw	r3, #:lower16:Conversion
  58 0014 C0F20003 		movt	r3, #:upper16:Conversion
  59 0018 1A80     		strh	r2, [r3, #0]	@ movhi
  72:.\Generated_Source\PSoC5/ADC_INT.c **** 		
  73:.\Generated_Source\PSoC5/ADC_INT.c **** 		AMuxSeq_Next();							// Connect next channel.
  60              		.loc 1 73 0
  61 001a FFF7FEFF 		bl	AMuxSeq_Next
  74:.\Generated_Source\PSoC5/ADC_INT.c **** 		
  75:.\Generated_Source\PSoC5/ADC_INT.c **** 		AdcValue[iIndex] = Conversion;			// Store Conversion into the array
  62              		.loc 1 75 0
  63 001e 40F20003 		movw	r3, #:lower16:iIndex
  64 0022 C0F20003 		movt	r3, #:upper16:iIndex
  65 0026 1B78     		ldrb	r3, [r3, #0]	@ zero_extendqisi2
  66 0028 1A46     		mov	r2, r3
  67 002a 40F20003 		movw	r3, #:lower16:Conversion
  68 002e C0F20003 		movt	r3, #:upper16:Conversion
  69 0032 1B88     		ldrh	r3, [r3, #0]
  70 0034 99B2     		uxth	r1, r3
  71 0036 40F20003 		movw	r3, #:lower16:AdcValue
  72 003a C0F20003 		movt	r3, #:upper16:AdcValue
  73 003e 23F81210 		strh	r1, [r3, r2, lsl #1]	@ movhi
  76:.\Generated_Source\PSoC5/ADC_INT.c **** 		
  77:.\Generated_Source\PSoC5/ADC_INT.c **** 		iIndex=(iIndex+1)%ADC_MUX_LENGHT;		//Increment the channel index for the next channel
  74              		.loc 1 77 0
  75 0042 40F20003 		movw	r3, #:lower16:iIndex
  76 0046 C0F20003 		movt	r3, #:upper16:iIndex
  77 004a 1B78     		ldrb	r3, [r3, #0]	@ zero_extendqisi2
  78 004c 03F10101 		add	r1, r3, #1
  79 0050 48F63963 		movw	r3, #36409
  80 0054 C3F6E303 		movt	r3, 14563
  81 0058 83FB0123 		smull	r2, r3, r3, r1
  82 005c 4FEA6302 		asr	r2, r3, #1
  83 0060 4FEAE173 		asr	r3, r1, #31
  84 0064 D21A     		subs	r2, r2, r3
  85 0066 1346     		mov	r3, r2
  86 0068 4FEAC303 		lsl	r3, r3, #3
  87 006c 9B18     		adds	r3, r3, r2
  88 006e CA1A     		subs	r2, r1, r3
  89 0070 D2B2     		uxtb	r2, r2
  90 0072 40F20003 		movw	r3, #:lower16:iIndex
  91 0076 C0F20003 		movt	r3, #:upper16:iIndex
  92 007a 1A70     		strb	r2, [r3, #0]
  78:.\Generated_Source\PSoC5/ADC_INT.c **** 		
  79:.\Generated_Source\PSoC5/ADC_INT.c **** 		ADC_StartConvert();	
ARM GAS  C:\Users\GRAZIA~1.RAV\AppData\Local\Temp\ccq3yXYr.s 			page 4


  93              		.loc 1 79 0
  94 007c FFF7FEFF 		bl	ADC_StartConvert
  80:.\Generated_Source\PSoC5/ADC_INT.c **** 	
  81:.\Generated_Source\PSoC5/ADC_INT.c **** #if MEASURE_ADC_ISR
  82:.\Generated_Source\PSoC5/ADC_INT.c **** Control_Reg_LED_Write(0x00);
  83:.\Generated_Source\PSoC5/ADC_INT.c **** #endif
  84:.\Generated_Source\PSoC5/ADC_INT.c ****         /* `#END`  */
  85:.\Generated_Source\PSoC5/ADC_INT.c **** 
  86:.\Generated_Source\PSoC5/ADC_INT.c ****         /* Stop the conversion if conversion mode is single sample and resolution
  87:.\Generated_Source\PSoC5/ADC_INT.c ****         *  is above 16 bits.
  88:.\Generated_Source\PSoC5/ADC_INT.c ****         */
  89:.\Generated_Source\PSoC5/ADC_INT.c ****         #if(ADC_CFG1_RESOLUTION > 16 && \
  90:.\Generated_Source\PSoC5/ADC_INT.c ****             ADC_CFG1_CONV_MODE == ADC_MODE_SINGLE_SAMPLE)
  91:.\Generated_Source\PSoC5/ADC_INT.c ****             ADC_StopConvert();
  92:.\Generated_Source\PSoC5/ADC_INT.c ****             /* Software flag for checking conversion complete or not. Will be used when
  93:.\Generated_Source\PSoC5/ADC_INT.c ****             *  resolution is above 16 bits and conversion mode is single sample 
  94:.\Generated_Source\PSoC5/ADC_INT.c **** 			*/
  95:.\Generated_Source\PSoC5/ADC_INT.c ****             ADC_convDone = ADC_DEC_CONV_DONE;
  96:.\Generated_Source\PSoC5/ADC_INT.c ****         #endif /* Single sample conversion mode with resolution above 16 bits */
  97:.\Generated_Source\PSoC5/ADC_INT.c **** 
  98:.\Generated_Source\PSoC5/ADC_INT.c ****     }
  95              		.loc 1 98 0
  96 0080 80BD     		pop	{r7, pc}
  97              		.cfi_endproc
  98              	.LFE56:
  99              		.size	ADC_ISR1, .-ADC_ISR1
 100 0082 00BF     		.section	.text.ADC_ISR2,"ax",%progbits
 101              		.align	2
 102              		.global	ADC_ISR2
 103              		.thumb
 104              		.thumb_func
 105              		.type	ADC_ISR2, %function
 106              	ADC_ISR2:
 107              	.LFB57:
  99:.\Generated_Source\PSoC5/ADC_INT.c **** 
 100:.\Generated_Source\PSoC5/ADC_INT.c **** 
 101:.\Generated_Source\PSoC5/ADC_INT.c ****     /*****************************************************************************
 102:.\Generated_Source\PSoC5/ADC_INT.c ****     * Function Name: ADC_ISR2
 103:.\Generated_Source\PSoC5/ADC_INT.c ****     ******************************************************************************
 104:.\Generated_Source\PSoC5/ADC_INT.c ****     *
 105:.\Generated_Source\PSoC5/ADC_INT.c ****     * Summary:
 106:.\Generated_Source\PSoC5/ADC_INT.c ****     *  Handle Interrupt Service Routine.
 107:.\Generated_Source\PSoC5/ADC_INT.c ****     *
 108:.\Generated_Source\PSoC5/ADC_INT.c ****     * Parameters:
 109:.\Generated_Source\PSoC5/ADC_INT.c ****     *  None
 110:.\Generated_Source\PSoC5/ADC_INT.c ****     *
 111:.\Generated_Source\PSoC5/ADC_INT.c ****     * Return:
 112:.\Generated_Source\PSoC5/ADC_INT.c ****     *  None
 113:.\Generated_Source\PSoC5/ADC_INT.c ****     *
 114:.\Generated_Source\PSoC5/ADC_INT.c ****     * Reentrant:
 115:.\Generated_Source\PSoC5/ADC_INT.c ****     *  No
 116:.\Generated_Source\PSoC5/ADC_INT.c ****     *
 117:.\Generated_Source\PSoC5/ADC_INT.c ****     *****************************************************************************/
 118:.\Generated_Source\PSoC5/ADC_INT.c ****     CY_ISR( ADC_ISR2)
 119:.\Generated_Source\PSoC5/ADC_INT.c ****     {
 108              		.loc 1 119 0
 109              		.cfi_startproc
ARM GAS  C:\Users\GRAZIA~1.RAV\AppData\Local\Temp\ccq3yXYr.s 			page 5


 110              		@ args = 0, pretend = 0, frame = 0
 111              		@ frame_needed = 1, uses_anonymous_args = 0
 112              		@ link register save eliminated.
 113 0000 80B4     		push	{r7}
 114              	.LCFI2:
 115              		.cfi_def_cfa_offset 4
 116              		.cfi_offset 7, -4
 117 0002 00AF     		add	r7, sp, #0
 118              	.LCFI3:
 119              		.cfi_def_cfa_register 7
 120:.\Generated_Source\PSoC5/ADC_INT.c ****         /***************************************************************************
 121:.\Generated_Source\PSoC5/ADC_INT.c ****         *  Custom Code
 122:.\Generated_Source\PSoC5/ADC_INT.c ****         *  - add user ISR code between the following #START and #END tags
 123:.\Generated_Source\PSoC5/ADC_INT.c ****         **************************************************************************/
 124:.\Generated_Source\PSoC5/ADC_INT.c ****         /* `#START MAIN_ADC_ISR2`  */
 125:.\Generated_Source\PSoC5/ADC_INT.c **** 
 126:.\Generated_Source\PSoC5/ADC_INT.c ****         /* `#END`  */
 127:.\Generated_Source\PSoC5/ADC_INT.c **** 
 128:.\Generated_Source\PSoC5/ADC_INT.c ****         /* Stop the conversion conversion mode is single sample and resolution
 129:.\Generated_Source\PSoC5/ADC_INT.c ****         *  is above 16 bits.
 130:.\Generated_Source\PSoC5/ADC_INT.c ****         */
 131:.\Generated_Source\PSoC5/ADC_INT.c ****         #if(ADC_CFG2_RESOLUTION > 16 && \
 132:.\Generated_Source\PSoC5/ADC_INT.c ****             ADC_CFG2_CONVMODE == ADC_MODE_SINGLE_SAMPLE)
 133:.\Generated_Source\PSoC5/ADC_INT.c ****             ADC_StopConvert();
 134:.\Generated_Source\PSoC5/ADC_INT.c ****             /* Software flag for checking conversion complete or not. Will be used when
 135:.\Generated_Source\PSoC5/ADC_INT.c ****             *   resolution is above 16 bits and conversion mode is single sample 
 136:.\Generated_Source\PSoC5/ADC_INT.c **** 			*/
 137:.\Generated_Source\PSoC5/ADC_INT.c ****             ADC_convDone = ADC_DEC_CONV_DONE;
 138:.\Generated_Source\PSoC5/ADC_INT.c ****         #endif /* Single sample conversion mode with resolution above 16 bits */
 139:.\Generated_Source\PSoC5/ADC_INT.c **** 
 140:.\Generated_Source\PSoC5/ADC_INT.c ****     }
 120              		.loc 1 140 0
 121 0004 BD46     		mov	sp, r7
 122 0006 80BC     		pop	{r7}
 123 0008 7047     		bx	lr
 124              		.cfi_endproc
 125              	.LFE57:
 126              		.size	ADC_ISR2, .-ADC_ISR2
 127 000a 00BF     		.section	.text.ADC_ISR3,"ax",%progbits
 128              		.align	2
 129              		.global	ADC_ISR3
 130              		.thumb
 131              		.thumb_func
 132              		.type	ADC_ISR3, %function
 133              	ADC_ISR3:
 134              	.LFB58:
 141:.\Generated_Source\PSoC5/ADC_INT.c **** 
 142:.\Generated_Source\PSoC5/ADC_INT.c **** 
 143:.\Generated_Source\PSoC5/ADC_INT.c ****     /*****************************************************************************
 144:.\Generated_Source\PSoC5/ADC_INT.c ****     * Function Name: ADC_ISR3
 145:.\Generated_Source\PSoC5/ADC_INT.c ****     ******************************************************************************
 146:.\Generated_Source\PSoC5/ADC_INT.c ****     *
 147:.\Generated_Source\PSoC5/ADC_INT.c ****     * Summary:
 148:.\Generated_Source\PSoC5/ADC_INT.c ****     *  Handle Interrupt Service Routine.
 149:.\Generated_Source\PSoC5/ADC_INT.c ****     *
 150:.\Generated_Source\PSoC5/ADC_INT.c ****     * Parameters:
 151:.\Generated_Source\PSoC5/ADC_INT.c ****     *  None
ARM GAS  C:\Users\GRAZIA~1.RAV\AppData\Local\Temp\ccq3yXYr.s 			page 6


 152:.\Generated_Source\PSoC5/ADC_INT.c ****     *
 153:.\Generated_Source\PSoC5/ADC_INT.c ****     * Return:
 154:.\Generated_Source\PSoC5/ADC_INT.c ****     *  None
 155:.\Generated_Source\PSoC5/ADC_INT.c ****     *
 156:.\Generated_Source\PSoC5/ADC_INT.c ****     * Reentrant:
 157:.\Generated_Source\PSoC5/ADC_INT.c ****     *  No
 158:.\Generated_Source\PSoC5/ADC_INT.c ****     *
 159:.\Generated_Source\PSoC5/ADC_INT.c ****     *****************************************************************************/
 160:.\Generated_Source\PSoC5/ADC_INT.c ****     CY_ISR( ADC_ISR3)
 161:.\Generated_Source\PSoC5/ADC_INT.c ****     {
 135              		.loc 1 161 0
 136              		.cfi_startproc
 137              		@ args = 0, pretend = 0, frame = 0
 138              		@ frame_needed = 1, uses_anonymous_args = 0
 139              		@ link register save eliminated.
 140 0000 80B4     		push	{r7}
 141              	.LCFI4:
 142              		.cfi_def_cfa_offset 4
 143              		.cfi_offset 7, -4
 144 0002 00AF     		add	r7, sp, #0
 145              	.LCFI5:
 146              		.cfi_def_cfa_register 7
 162:.\Generated_Source\PSoC5/ADC_INT.c ****         /***************************************************************************
 163:.\Generated_Source\PSoC5/ADC_INT.c ****         *  Custom Code
 164:.\Generated_Source\PSoC5/ADC_INT.c ****         *  - add user ISR code between the following #START and #END tags
 165:.\Generated_Source\PSoC5/ADC_INT.c ****         **************************************************************************/
 166:.\Generated_Source\PSoC5/ADC_INT.c ****         /* `#START MAIN_ADC_ISR3`  */
 167:.\Generated_Source\PSoC5/ADC_INT.c **** 
 168:.\Generated_Source\PSoC5/ADC_INT.c ****         /* `#END`  */
 169:.\Generated_Source\PSoC5/ADC_INT.c **** 
 170:.\Generated_Source\PSoC5/ADC_INT.c ****         /* Stop the conversion if conversion mode is set to single sample and
 171:.\Generated_Source\PSoC5/ADC_INT.c ****         *  resolution is above 16 bits.
 172:.\Generated_Source\PSoC5/ADC_INT.c ****         */
 173:.\Generated_Source\PSoC5/ADC_INT.c ****         #if(ADC_CFG3_RESOLUTION > 16 && \
 174:.\Generated_Source\PSoC5/ADC_INT.c ****             ADC_CFG3_CONVMODE == ADC_MODE_SINGLE_SAMPLE)
 175:.\Generated_Source\PSoC5/ADC_INT.c ****             ADC_StopConvert();
 176:.\Generated_Source\PSoC5/ADC_INT.c ****             /* Software flag for checking conversion complete or not. Will be used when
 177:.\Generated_Source\PSoC5/ADC_INT.c ****             *  resolution is above 16 bits and conversion mode is single sample 
 178:.\Generated_Source\PSoC5/ADC_INT.c **** 			*/
 179:.\Generated_Source\PSoC5/ADC_INT.c ****             ADC_convDone = ADC_DEC_CONV_DONE;
 180:.\Generated_Source\PSoC5/ADC_INT.c ****         #endif /* Single sample conversion mode with resolution above 16 bits */
 181:.\Generated_Source\PSoC5/ADC_INT.c ****     }
 147              		.loc 1 181 0
 148 0004 BD46     		mov	sp, r7
 149 0006 80BC     		pop	{r7}
 150 0008 7047     		bx	lr
 151              		.cfi_endproc
 152              	.LFE58:
 153              		.size	ADC_ISR3, .-ADC_ISR3
 154 000a 00BF     		.section	.text.ADC_ISR4,"ax",%progbits
 155              		.align	2
 156              		.global	ADC_ISR4
 157              		.thumb
 158              		.thumb_func
 159              		.type	ADC_ISR4, %function
 160              	ADC_ISR4:
 161              	.LFB59:
ARM GAS  C:\Users\GRAZIA~1.RAV\AppData\Local\Temp\ccq3yXYr.s 			page 7


 182:.\Generated_Source\PSoC5/ADC_INT.c **** 
 183:.\Generated_Source\PSoC5/ADC_INT.c **** 
 184:.\Generated_Source\PSoC5/ADC_INT.c ****     /*****************************************************************************
 185:.\Generated_Source\PSoC5/ADC_INT.c ****     * Function Name: ADC_ISR4
 186:.\Generated_Source\PSoC5/ADC_INT.c ****     ******************************************************************************
 187:.\Generated_Source\PSoC5/ADC_INT.c ****     *
 188:.\Generated_Source\PSoC5/ADC_INT.c ****     * Summary:
 189:.\Generated_Source\PSoC5/ADC_INT.c ****     *  Handle Interrupt Service Routine.
 190:.\Generated_Source\PSoC5/ADC_INT.c ****     *
 191:.\Generated_Source\PSoC5/ADC_INT.c ****     * Parameters:
 192:.\Generated_Source\PSoC5/ADC_INT.c ****     *  None
 193:.\Generated_Source\PSoC5/ADC_INT.c ****     *
 194:.\Generated_Source\PSoC5/ADC_INT.c ****     * Return:
 195:.\Generated_Source\PSoC5/ADC_INT.c ****     *  None
 196:.\Generated_Source\PSoC5/ADC_INT.c ****     *
 197:.\Generated_Source\PSoC5/ADC_INT.c ****     * Reentrant:
 198:.\Generated_Source\PSoC5/ADC_INT.c ****     *  No
 199:.\Generated_Source\PSoC5/ADC_INT.c ****     *
 200:.\Generated_Source\PSoC5/ADC_INT.c ****     *****************************************************************************/
 201:.\Generated_Source\PSoC5/ADC_INT.c ****     CY_ISR( ADC_ISR4)
 202:.\Generated_Source\PSoC5/ADC_INT.c ****     {
 162              		.loc 1 202 0
 163              		.cfi_startproc
 164              		@ args = 0, pretend = 0, frame = 0
 165              		@ frame_needed = 1, uses_anonymous_args = 0
 166              		@ link register save eliminated.
 167 0000 80B4     		push	{r7}
 168              	.LCFI6:
 169              		.cfi_def_cfa_offset 4
 170              		.cfi_offset 7, -4
 171 0002 00AF     		add	r7, sp, #0
 172              	.LCFI7:
 173              		.cfi_def_cfa_register 7
 203:.\Generated_Source\PSoC5/ADC_INT.c ****         /***************************************************************************
 204:.\Generated_Source\PSoC5/ADC_INT.c ****         *  Custom Code
 205:.\Generated_Source\PSoC5/ADC_INT.c ****         *  - add user ISR code between the following #START and #END tags
 206:.\Generated_Source\PSoC5/ADC_INT.c ****         **************************************************************************/
 207:.\Generated_Source\PSoC5/ADC_INT.c ****         /* `#START MAIN_ADC_ISR4`  */
 208:.\Generated_Source\PSoC5/ADC_INT.c **** 
 209:.\Generated_Source\PSoC5/ADC_INT.c ****         /* `#END`  */
 210:.\Generated_Source\PSoC5/ADC_INT.c **** 
 211:.\Generated_Source\PSoC5/ADC_INT.c ****         /* Stop the conversion if conversion mode is set to single sample and
 212:.\Generated_Source\PSoC5/ADC_INT.c ****         *  resolution is above 16 bits.
 213:.\Generated_Source\PSoC5/ADC_INT.c ****         */
 214:.\Generated_Source\PSoC5/ADC_INT.c ****         #if(ADC_CFG4_RESOLUTION > 16 && \
 215:.\Generated_Source\PSoC5/ADC_INT.c ****             ADC_CFG4_CONVMODE == ADC_MODE_SINGLE_SAMPLE)
 216:.\Generated_Source\PSoC5/ADC_INT.c ****             ADC_StopConvert();
 217:.\Generated_Source\PSoC5/ADC_INT.c ****             /* Software flag for checking conversion complete or not. Will be used when
 218:.\Generated_Source\PSoC5/ADC_INT.c ****             *  resolution is above 16 bits and conversion mode is single sample 
 219:.\Generated_Source\PSoC5/ADC_INT.c **** 			*/
 220:.\Generated_Source\PSoC5/ADC_INT.c ****             ADC_convDone = ADC_DEC_CONV_DONE;
 221:.\Generated_Source\PSoC5/ADC_INT.c ****         #endif /* Single sample conversion mode with resolution above 16 bits */
 222:.\Generated_Source\PSoC5/ADC_INT.c ****     }
 174              		.loc 1 222 0
 175 0004 BD46     		mov	sp, r7
 176 0006 80BC     		pop	{r7}
 177 0008 7047     		bx	lr
ARM GAS  C:\Users\GRAZIA~1.RAV\AppData\Local\Temp\ccq3yXYr.s 			page 8


 178              		.cfi_endproc
 179              	.LFE59:
 180              		.size	ADC_ISR4, .-ADC_ISR4
 181 000a 00BF     		.text
 182              	.Letext0:
 183              		.file 2 "c:\\program files (x86)\\cypress\\psoc creator\\3.0\\psoc creator\\import\\gnu_cs\\arm\\4
 184              		.file 3 ".\\Generated_Source\\PSoC5\\cytypes.h"
 185              		.file 4 "./Generated_Source/PSoC5/core_cm3.h"
 186              		.section	.debug_info,"",%progbits
 187              	.Ldebug_info0:
 188 0000 60010000 		.4byte	0x160
 189 0004 0200     		.2byte	0x2
 190 0006 00000000 		.4byte	.Ldebug_abbrev0
 191 000a 04       		.byte	0x4
 192 000b 01       		.uleb128 0x1
 193 000c C1000000 		.4byte	.LASF25
 194 0010 01       		.byte	0x1
 195 0011 9E000000 		.4byte	.LASF26
 196 0015 2E000000 		.4byte	.LASF27
 197 0019 00000000 		.4byte	.Ldebug_ranges0+0
 198 001d 00000000 		.4byte	0
 199 0021 00000000 		.4byte	0
 200 0025 00000000 		.4byte	.Ldebug_line0
 201 0029 02       		.uleb128 0x2
 202 002a 01       		.byte	0x1
 203 002b 06       		.byte	0x6
 204 002c 98010000 		.4byte	.LASF0
 205 0030 02       		.uleb128 0x2
 206 0031 01       		.byte	0x1
 207 0032 08       		.byte	0x8
 208 0033 39010000 		.4byte	.LASF1
 209 0037 02       		.uleb128 0x2
 210 0038 02       		.byte	0x2
 211 0039 05       		.byte	0x5
 212 003a C0010000 		.4byte	.LASF2
 213 003e 02       		.uleb128 0x2
 214 003f 02       		.byte	0x2
 215 0040 07       		.byte	0x7
 216 0041 0E000000 		.4byte	.LASF3
 217 0045 03       		.uleb128 0x3
 218 0046 D1010000 		.4byte	.LASF9
 219 004a 02       		.byte	0x2
 220 004b 4F       		.byte	0x4f
 221 004c 50000000 		.4byte	0x50
 222 0050 02       		.uleb128 0x2
 223 0051 04       		.byte	0x4
 224 0052 05       		.byte	0x5
 225 0053 5E010000 		.4byte	.LASF4
 226 0057 02       		.uleb128 0x2
 227 0058 04       		.byte	0x4
 228 0059 07       		.byte	0x7
 229 005a 10010000 		.4byte	.LASF5
 230 005e 02       		.uleb128 0x2
 231 005f 08       		.byte	0x8
 232 0060 05       		.byte	0x5
 233 0061 00000000 		.4byte	.LASF6
 234 0065 02       		.uleb128 0x2
ARM GAS  C:\Users\GRAZIA~1.RAV\AppData\Local\Temp\ccq3yXYr.s 			page 9


 235 0066 08       		.byte	0x8
 236 0067 07       		.byte	0x7
 237 0068 22010000 		.4byte	.LASF7
 238 006c 04       		.uleb128 0x4
 239 006d 04       		.byte	0x4
 240 006e 05       		.byte	0x5
 241 006f 696E7400 		.ascii	"int\000"
 242 0073 02       		.uleb128 0x2
 243 0074 04       		.byte	0x4
 244 0075 07       		.byte	0x7
 245 0076 21000000 		.4byte	.LASF8
 246 007a 03       		.uleb128 0x3
 247 007b 0A010000 		.4byte	.LASF10
 248 007f 03       		.byte	0x3
 249 0080 5B       		.byte	0x5b
 250 0081 30000000 		.4byte	0x30
 251 0085 03       		.uleb128 0x3
 252 0086 CA010000 		.4byte	.LASF11
 253 008a 03       		.byte	0x3
 254 008b 5C       		.byte	0x5c
 255 008c 3E000000 		.4byte	0x3e
 256 0090 03       		.uleb128 0x3
 257 0091 BA010000 		.4byte	.LASF12
 258 0095 03       		.byte	0x3
 259 0096 5F       		.byte	0x5f
 260 0097 37000000 		.4byte	0x37
 261 009b 02       		.uleb128 0x2
 262 009c 04       		.byte	0x4
 263 009d 04       		.byte	0x4
 264 009e AB010000 		.4byte	.LASF13
 265 00a2 02       		.uleb128 0x2
 266 00a3 08       		.byte	0x8
 267 00a4 04       		.byte	0x4
 268 00a5 67010000 		.4byte	.LASF14
 269 00a9 02       		.uleb128 0x2
 270 00aa 01       		.byte	0x1
 271 00ab 08       		.byte	0x8
 272 00ac 50010000 		.4byte	.LASF15
 273 00b0 02       		.uleb128 0x2
 274 00b1 04       		.byte	0x4
 275 00b2 07       		.byte	0x7
 276 00b3 D9010000 		.4byte	.LASF16
 277 00b7 05       		.uleb128 0x5
 278 00b8 01       		.byte	0x1
 279 00b9 79010000 		.4byte	.LASF17
 280 00bd 01       		.byte	0x1
 281 00be 3A       		.byte	0x3a
 282 00bf 01       		.byte	0x1
 283 00c0 00000000 		.4byte	.LFB56
 284 00c4 82000000 		.4byte	.LFE56
 285 00c8 00000000 		.4byte	.LLST0
 286 00cc 01       		.byte	0x1
 287 00cd 06       		.uleb128 0x6
 288 00ce 01       		.byte	0x1
 289 00cf 82010000 		.4byte	.LASF18
 290 00d3 01       		.byte	0x1
 291 00d4 76       		.byte	0x76
ARM GAS  C:\Users\GRAZIA~1.RAV\AppData\Local\Temp\ccq3yXYr.s 			page 10


 292 00d5 01       		.byte	0x1
 293 00d6 00000000 		.4byte	.LFB57
 294 00da 0A000000 		.4byte	.LFE57
 295 00de 2C000000 		.4byte	.LLST1
 296 00e2 01       		.byte	0x1
 297 00e3 06       		.uleb128 0x6
 298 00e4 01       		.byte	0x1
 299 00e5 47010000 		.4byte	.LASF19
 300 00e9 01       		.byte	0x1
 301 00ea A0       		.byte	0xa0
 302 00eb 01       		.byte	0x1
 303 00ec 00000000 		.4byte	.LFB58
 304 00f0 0A000000 		.4byte	.LFE58
 305 00f4 58000000 		.4byte	.LLST2
 306 00f8 01       		.byte	0x1
 307 00f9 06       		.uleb128 0x6
 308 00fa 01       		.byte	0x1
 309 00fb 55010000 		.4byte	.LASF20
 310 00ff 01       		.byte	0x1
 311 0100 C9       		.byte	0xc9
 312 0101 01       		.byte	0x1
 313 0102 00000000 		.4byte	.LFB59
 314 0106 0A000000 		.4byte	.LFE59
 315 010a 84000000 		.4byte	.LLST3
 316 010e 01       		.byte	0x1
 317 010f 07       		.uleb128 0x7
 318 0110 8B010000 		.4byte	.LASF21
 319 0114 04       		.byte	0x4
 320 0115 1606     		.2byte	0x616
 321 0117 1D010000 		.4byte	0x11d
 322 011b 01       		.byte	0x1
 323 011c 01       		.byte	0x1
 324 011d 08       		.uleb128 0x8
 325 011e 45000000 		.4byte	0x45
 326 0122 09       		.uleb128 0x9
 327 0123 A4010000 		.4byte	.LASF22
 328 0127 01       		.byte	0x1
 329 0128 20       		.byte	0x20
 330 0129 7A000000 		.4byte	0x7a
 331 012d 01       		.byte	0x1
 332 012e 05       		.byte	0x5
 333 012f 03       		.byte	0x3
 334 0130 00000000 		.4byte	iIndex
 335 0134 09       		.uleb128 0x9
 336 0135 6E010000 		.4byte	.LASF23
 337 0139 01       		.byte	0x1
 338 013a 21       		.byte	0x21
 339 013b 85000000 		.4byte	0x85
 340 013f 01       		.byte	0x1
 341 0140 05       		.byte	0x5
 342 0141 03       		.byte	0x3
 343 0142 00000000 		.4byte	Conversion
 344 0146 0A       		.uleb128 0xa
 345 0147 90000000 		.4byte	0x90
 346 014b 56010000 		.4byte	0x156
 347 014f 0B       		.uleb128 0xb
 348 0150 B0000000 		.4byte	0xb0
ARM GAS  C:\Users\GRAZIA~1.RAV\AppData\Local\Temp\ccq3yXYr.s 			page 11


 349 0154 08       		.byte	0x8
 350 0155 00       		.byte	0
 351 0156 0C       		.uleb128 0xc
 352 0157 B1010000 		.4byte	.LASF24
 353 015b 01       		.byte	0x1
 354 015c 22       		.byte	0x22
 355 015d 46010000 		.4byte	0x146
 356 0161 01       		.byte	0x1
 357 0162 01       		.byte	0x1
 358 0163 00       		.byte	0
 359              		.section	.debug_abbrev,"",%progbits
 360              	.Ldebug_abbrev0:
 361 0000 01       		.uleb128 0x1
 362 0001 11       		.uleb128 0x11
 363 0002 01       		.byte	0x1
 364 0003 25       		.uleb128 0x25
 365 0004 0E       		.uleb128 0xe
 366 0005 13       		.uleb128 0x13
 367 0006 0B       		.uleb128 0xb
 368 0007 03       		.uleb128 0x3
 369 0008 0E       		.uleb128 0xe
 370 0009 1B       		.uleb128 0x1b
 371 000a 0E       		.uleb128 0xe
 372 000b 55       		.uleb128 0x55
 373 000c 06       		.uleb128 0x6
 374 000d 11       		.uleb128 0x11
 375 000e 01       		.uleb128 0x1
 376 000f 52       		.uleb128 0x52
 377 0010 01       		.uleb128 0x1
 378 0011 10       		.uleb128 0x10
 379 0012 06       		.uleb128 0x6
 380 0013 00       		.byte	0
 381 0014 00       		.byte	0
 382 0015 02       		.uleb128 0x2
 383 0016 24       		.uleb128 0x24
 384 0017 00       		.byte	0
 385 0018 0B       		.uleb128 0xb
 386 0019 0B       		.uleb128 0xb
 387 001a 3E       		.uleb128 0x3e
 388 001b 0B       		.uleb128 0xb
 389 001c 03       		.uleb128 0x3
 390 001d 0E       		.uleb128 0xe
 391 001e 00       		.byte	0
 392 001f 00       		.byte	0
 393 0020 03       		.uleb128 0x3
 394 0021 16       		.uleb128 0x16
 395 0022 00       		.byte	0
 396 0023 03       		.uleb128 0x3
 397 0024 0E       		.uleb128 0xe
 398 0025 3A       		.uleb128 0x3a
 399 0026 0B       		.uleb128 0xb
 400 0027 3B       		.uleb128 0x3b
 401 0028 0B       		.uleb128 0xb
 402 0029 49       		.uleb128 0x49
 403 002a 13       		.uleb128 0x13
 404 002b 00       		.byte	0
 405 002c 00       		.byte	0
ARM GAS  C:\Users\GRAZIA~1.RAV\AppData\Local\Temp\ccq3yXYr.s 			page 12


 406 002d 04       		.uleb128 0x4
 407 002e 24       		.uleb128 0x24
 408 002f 00       		.byte	0
 409 0030 0B       		.uleb128 0xb
 410 0031 0B       		.uleb128 0xb
 411 0032 3E       		.uleb128 0x3e
 412 0033 0B       		.uleb128 0xb
 413 0034 03       		.uleb128 0x3
 414 0035 08       		.uleb128 0x8
 415 0036 00       		.byte	0
 416 0037 00       		.byte	0
 417 0038 05       		.uleb128 0x5
 418 0039 2E       		.uleb128 0x2e
 419 003a 00       		.byte	0
 420 003b 3F       		.uleb128 0x3f
 421 003c 0C       		.uleb128 0xc
 422 003d 03       		.uleb128 0x3
 423 003e 0E       		.uleb128 0xe
 424 003f 3A       		.uleb128 0x3a
 425 0040 0B       		.uleb128 0xb
 426 0041 3B       		.uleb128 0x3b
 427 0042 0B       		.uleb128 0xb
 428 0043 27       		.uleb128 0x27
 429 0044 0C       		.uleb128 0xc
 430 0045 11       		.uleb128 0x11
 431 0046 01       		.uleb128 0x1
 432 0047 12       		.uleb128 0x12
 433 0048 01       		.uleb128 0x1
 434 0049 40       		.uleb128 0x40
 435 004a 06       		.uleb128 0x6
 436 004b 9642     		.uleb128 0x2116
 437 004d 0C       		.uleb128 0xc
 438 004e 00       		.byte	0
 439 004f 00       		.byte	0
 440 0050 06       		.uleb128 0x6
 441 0051 2E       		.uleb128 0x2e
 442 0052 00       		.byte	0
 443 0053 3F       		.uleb128 0x3f
 444 0054 0C       		.uleb128 0xc
 445 0055 03       		.uleb128 0x3
 446 0056 0E       		.uleb128 0xe
 447 0057 3A       		.uleb128 0x3a
 448 0058 0B       		.uleb128 0xb
 449 0059 3B       		.uleb128 0x3b
 450 005a 0B       		.uleb128 0xb
 451 005b 27       		.uleb128 0x27
 452 005c 0C       		.uleb128 0xc
 453 005d 11       		.uleb128 0x11
 454 005e 01       		.uleb128 0x1
 455 005f 12       		.uleb128 0x12
 456 0060 01       		.uleb128 0x1
 457 0061 40       		.uleb128 0x40
 458 0062 06       		.uleb128 0x6
 459 0063 9742     		.uleb128 0x2117
 460 0065 0C       		.uleb128 0xc
 461 0066 00       		.byte	0
 462 0067 00       		.byte	0
ARM GAS  C:\Users\GRAZIA~1.RAV\AppData\Local\Temp\ccq3yXYr.s 			page 13


 463 0068 07       		.uleb128 0x7
 464 0069 34       		.uleb128 0x34
 465 006a 00       		.byte	0
 466 006b 03       		.uleb128 0x3
 467 006c 0E       		.uleb128 0xe
 468 006d 3A       		.uleb128 0x3a
 469 006e 0B       		.uleb128 0xb
 470 006f 3B       		.uleb128 0x3b
 471 0070 05       		.uleb128 0x5
 472 0071 49       		.uleb128 0x49
 473 0072 13       		.uleb128 0x13
 474 0073 3F       		.uleb128 0x3f
 475 0074 0C       		.uleb128 0xc
 476 0075 3C       		.uleb128 0x3c
 477 0076 0C       		.uleb128 0xc
 478 0077 00       		.byte	0
 479 0078 00       		.byte	0
 480 0079 08       		.uleb128 0x8
 481 007a 35       		.uleb128 0x35
 482 007b 00       		.byte	0
 483 007c 49       		.uleb128 0x49
 484 007d 13       		.uleb128 0x13
 485 007e 00       		.byte	0
 486 007f 00       		.byte	0
 487 0080 09       		.uleb128 0x9
 488 0081 34       		.uleb128 0x34
 489 0082 00       		.byte	0
 490 0083 03       		.uleb128 0x3
 491 0084 0E       		.uleb128 0xe
 492 0085 3A       		.uleb128 0x3a
 493 0086 0B       		.uleb128 0xb
 494 0087 3B       		.uleb128 0x3b
 495 0088 0B       		.uleb128 0xb
 496 0089 49       		.uleb128 0x49
 497 008a 13       		.uleb128 0x13
 498 008b 3F       		.uleb128 0x3f
 499 008c 0C       		.uleb128 0xc
 500 008d 02       		.uleb128 0x2
 501 008e 0A       		.uleb128 0xa
 502 008f 00       		.byte	0
 503 0090 00       		.byte	0
 504 0091 0A       		.uleb128 0xa
 505 0092 01       		.uleb128 0x1
 506 0093 01       		.byte	0x1
 507 0094 49       		.uleb128 0x49
 508 0095 13       		.uleb128 0x13
 509 0096 01       		.uleb128 0x1
 510 0097 13       		.uleb128 0x13
 511 0098 00       		.byte	0
 512 0099 00       		.byte	0
 513 009a 0B       		.uleb128 0xb
 514 009b 21       		.uleb128 0x21
 515 009c 00       		.byte	0
 516 009d 49       		.uleb128 0x49
 517 009e 13       		.uleb128 0x13
 518 009f 2F       		.uleb128 0x2f
 519 00a0 0B       		.uleb128 0xb
ARM GAS  C:\Users\GRAZIA~1.RAV\AppData\Local\Temp\ccq3yXYr.s 			page 14


 520 00a1 00       		.byte	0
 521 00a2 00       		.byte	0
 522 00a3 0C       		.uleb128 0xc
 523 00a4 34       		.uleb128 0x34
 524 00a5 00       		.byte	0
 525 00a6 03       		.uleb128 0x3
 526 00a7 0E       		.uleb128 0xe
 527 00a8 3A       		.uleb128 0x3a
 528 00a9 0B       		.uleb128 0xb
 529 00aa 3B       		.uleb128 0x3b
 530 00ab 0B       		.uleb128 0xb
 531 00ac 49       		.uleb128 0x49
 532 00ad 13       		.uleb128 0x13
 533 00ae 3F       		.uleb128 0x3f
 534 00af 0C       		.uleb128 0xc
 535 00b0 3C       		.uleb128 0x3c
 536 00b1 0C       		.uleb128 0xc
 537 00b2 00       		.byte	0
 538 00b3 00       		.byte	0
 539 00b4 00       		.byte	0
 540              		.section	.debug_loc,"",%progbits
 541              	.Ldebug_loc0:
 542              	.LLST0:
 543 0000 00000000 		.4byte	.LFB56
 544 0004 02000000 		.4byte	.LCFI0
 545 0008 0200     		.2byte	0x2
 546 000a 7D       		.byte	0x7d
 547 000b 00       		.sleb128 0
 548 000c 02000000 		.4byte	.LCFI0
 549 0010 04000000 		.4byte	.LCFI1
 550 0014 0200     		.2byte	0x2
 551 0016 7D       		.byte	0x7d
 552 0017 08       		.sleb128 8
 553 0018 04000000 		.4byte	.LCFI1
 554 001c 82000000 		.4byte	.LFE56
 555 0020 0200     		.2byte	0x2
 556 0022 77       		.byte	0x77
 557 0023 08       		.sleb128 8
 558 0024 00000000 		.4byte	0
 559 0028 00000000 		.4byte	0
 560              	.LLST1:
 561 002c 00000000 		.4byte	.LFB57
 562 0030 02000000 		.4byte	.LCFI2
 563 0034 0200     		.2byte	0x2
 564 0036 7D       		.byte	0x7d
 565 0037 00       		.sleb128 0
 566 0038 02000000 		.4byte	.LCFI2
 567 003c 04000000 		.4byte	.LCFI3
 568 0040 0200     		.2byte	0x2
 569 0042 7D       		.byte	0x7d
 570 0043 04       		.sleb128 4
 571 0044 04000000 		.4byte	.LCFI3
 572 0048 0A000000 		.4byte	.LFE57
 573 004c 0200     		.2byte	0x2
 574 004e 77       		.byte	0x77
 575 004f 04       		.sleb128 4
 576 0050 00000000 		.4byte	0
ARM GAS  C:\Users\GRAZIA~1.RAV\AppData\Local\Temp\ccq3yXYr.s 			page 15


 577 0054 00000000 		.4byte	0
 578              	.LLST2:
 579 0058 00000000 		.4byte	.LFB58
 580 005c 02000000 		.4byte	.LCFI4
 581 0060 0200     		.2byte	0x2
 582 0062 7D       		.byte	0x7d
 583 0063 00       		.sleb128 0
 584 0064 02000000 		.4byte	.LCFI4
 585 0068 04000000 		.4byte	.LCFI5
 586 006c 0200     		.2byte	0x2
 587 006e 7D       		.byte	0x7d
 588 006f 04       		.sleb128 4
 589 0070 04000000 		.4byte	.LCFI5
 590 0074 0A000000 		.4byte	.LFE58
 591 0078 0200     		.2byte	0x2
 592 007a 77       		.byte	0x77
 593 007b 04       		.sleb128 4
 594 007c 00000000 		.4byte	0
 595 0080 00000000 		.4byte	0
 596              	.LLST3:
 597 0084 00000000 		.4byte	.LFB59
 598 0088 02000000 		.4byte	.LCFI6
 599 008c 0200     		.2byte	0x2
 600 008e 7D       		.byte	0x7d
 601 008f 00       		.sleb128 0
 602 0090 02000000 		.4byte	.LCFI6
 603 0094 04000000 		.4byte	.LCFI7
 604 0098 0200     		.2byte	0x2
 605 009a 7D       		.byte	0x7d
 606 009b 04       		.sleb128 4
 607 009c 04000000 		.4byte	.LCFI7
 608 00a0 0A000000 		.4byte	.LFE59
 609 00a4 0200     		.2byte	0x2
 610 00a6 77       		.byte	0x77
 611 00a7 04       		.sleb128 4
 612 00a8 00000000 		.4byte	0
 613 00ac 00000000 		.4byte	0
 614              		.section	.debug_aranges,"",%progbits
 615 0000 34000000 		.4byte	0x34
 616 0004 0200     		.2byte	0x2
 617 0006 00000000 		.4byte	.Ldebug_info0
 618 000a 04       		.byte	0x4
 619 000b 00       		.byte	0
 620 000c 0000     		.2byte	0
 621 000e 0000     		.2byte	0
 622 0010 00000000 		.4byte	.LFB56
 623 0014 82000000 		.4byte	.LFE56-.LFB56
 624 0018 00000000 		.4byte	.LFB57
 625 001c 0A000000 		.4byte	.LFE57-.LFB57
 626 0020 00000000 		.4byte	.LFB58
 627 0024 0A000000 		.4byte	.LFE58-.LFB58
 628 0028 00000000 		.4byte	.LFB59
 629 002c 0A000000 		.4byte	.LFE59-.LFB59
 630 0030 00000000 		.4byte	0
 631 0034 00000000 		.4byte	0
 632              		.section	.debug_ranges,"",%progbits
 633              	.Ldebug_ranges0:
ARM GAS  C:\Users\GRAZIA~1.RAV\AppData\Local\Temp\ccq3yXYr.s 			page 16


 634 0000 00000000 		.4byte	.LFB56
 635 0004 82000000 		.4byte	.LFE56
 636 0008 00000000 		.4byte	.LFB57
 637 000c 0A000000 		.4byte	.LFE57
 638 0010 00000000 		.4byte	.LFB58
 639 0014 0A000000 		.4byte	.LFE58
 640 0018 00000000 		.4byte	.LFB59
 641 001c 0A000000 		.4byte	.LFE59
 642 0020 00000000 		.4byte	0
 643 0024 00000000 		.4byte	0
 644              		.section	.debug_line,"",%progbits
 645              	.Ldebug_line0:
 646 0000 55010000 		.section	.debug_str,"MS",%progbits,1
 646      0200FA00 
 646      00000201 
 646      FB0E0D00 
 646      01010101 
 647              	.LASF6:
 648 0000 6C6F6E67 		.ascii	"long long int\000"
 648      206C6F6E 
 648      6720696E 
 648      7400
 649              	.LASF3:
 650 000e 73686F72 		.ascii	"short unsigned int\000"
 650      7420756E 
 650      7369676E 
 650      65642069 
 650      6E7400
 651              	.LASF8:
 652 0021 756E7369 		.ascii	"unsigned int\000"
 652      676E6564 
 652      20696E74 
 652      00
 653              	.LASF27:
 654 002e 433A5C55 		.ascii	"C:\\Users\\Graziano G. Ravizza\\Documents\\PSoC Cre"
 654      73657273 
 654      5C477261 
 654      7A69616E 
 654      6F20472E 
 655 005d 61746F72 		.ascii	"ator\\SQUIT\\Vers.0.0-T00 2019-0208 C3.0 (start)\\S"
 655      5C535155 
 655      49545C56 
 655      6572732E 
 655      302E302D 
 656 008d 71756974 		.ascii	"quit-Proto.cydsn\000"
 656      2D50726F 
 656      746F2E63 
 656      7964736E 
 656      00
 657              	.LASF26:
 658 009e 2E5C4765 		.ascii	".\\Generated_Source\\PSoC5\\ADC_INT.c\000"
 658      6E657261 
 658      7465645F 
 658      536F7572 
 658      63655C50 
 659              	.LASF25:
 660 00c1 474E5520 		.ascii	"GNU C 4.7.3 20130312 (release) [ARM/embedded-4_7-br"
ARM GAS  C:\Users\GRAZIA~1.RAV\AppData\Local\Temp\ccq3yXYr.s 			page 17


 660      4320342E 
 660      372E3320 
 660      32303133 
 660      30333132 
 661 00f4 616E6368 		.ascii	"anch revision 196615]\000"
 661      20726576 
 661      6973696F 
 661      6E203139 
 661      36363135 
 662              	.LASF10:
 663 010a 75696E74 		.ascii	"uint8\000"
 663      3800
 664              	.LASF5:
 665 0110 6C6F6E67 		.ascii	"long unsigned int\000"
 665      20756E73 
 665      69676E65 
 665      6420696E 
 665      7400
 666              	.LASF7:
 667 0122 6C6F6E67 		.ascii	"long long unsigned int\000"
 667      206C6F6E 
 667      6720756E 
 667      7369676E 
 667      65642069 
 668              	.LASF1:
 669 0139 756E7369 		.ascii	"unsigned char\000"
 669      676E6564 
 669      20636861 
 669      7200
 670              	.LASF19:
 671 0147 4144435F 		.ascii	"ADC_ISR3\000"
 671      49535233 
 671      00
 672              	.LASF15:
 673 0150 63686172 		.ascii	"char\000"
 673      00
 674              	.LASF20:
 675 0155 4144435F 		.ascii	"ADC_ISR4\000"
 675      49535234 
 675      00
 676              	.LASF4:
 677 015e 6C6F6E67 		.ascii	"long int\000"
 677      20696E74 
 677      00
 678              	.LASF14:
 679 0167 646F7562 		.ascii	"double\000"
 679      6C6500
 680              	.LASF23:
 681 016e 436F6E76 		.ascii	"Conversion\000"
 681      65727369 
 681      6F6E00
 682              	.LASF17:
 683 0179 4144435F 		.ascii	"ADC_ISR1\000"
 683      49535231 
 683      00
 684              	.LASF18:
 685 0182 4144435F 		.ascii	"ADC_ISR2\000"
ARM GAS  C:\Users\GRAZIA~1.RAV\AppData\Local\Temp\ccq3yXYr.s 			page 18


 685      49535232 
 685      00
 686              	.LASF21:
 687 018b 49544D5F 		.ascii	"ITM_RxBuffer\000"
 687      52784275 
 687      66666572 
 687      00
 688              	.LASF0:
 689 0198 7369676E 		.ascii	"signed char\000"
 689      65642063 
 689      68617200 
 690              	.LASF22:
 691 01a4 69496E64 		.ascii	"iIndex\000"
 691      657800
 692              	.LASF13:
 693 01ab 666C6F61 		.ascii	"float\000"
 693      7400
 694              	.LASF24:
 695 01b1 41646356 		.ascii	"AdcValue\000"
 695      616C7565 
 695      00
 696              	.LASF12:
 697 01ba 696E7431 		.ascii	"int16\000"
 697      3600
 698              	.LASF2:
 699 01c0 73686F72 		.ascii	"short int\000"
 699      7420696E 
 699      7400
 700              	.LASF11:
 701 01ca 75696E74 		.ascii	"uint16\000"
 701      313600
 702              	.LASF9:
 703 01d1 696E7433 		.ascii	"int32_t\000"
 703      325F7400 
 704              	.LASF16:
 705 01d9 73697A65 		.ascii	"sizetype\000"
 705      74797065 
 705      00
 706              		.ident	"GCC: (GNU Tools for ARM Embedded Processors) 4.7.3 20130312 (release) [ARM/embedded-4_7-br
