ARM GAS  C:\Users\GRAZIA~1.RAV\AppData\Local\Temp\ccay0crN.s 			page 1


   1              		.syntax unified
   2              		.cpu cortex-m3
   3              		.fpu softvfp
   4              		.eabi_attribute 20, 1
   5              		.eabi_attribute 21, 1
   6              		.eabi_attribute 23, 3
   7              		.eabi_attribute 24, 1
   8              		.eabi_attribute 25, 1
   9              		.eabi_attribute 26, 1
  10              		.eabi_attribute 30, 6
  11              		.eabi_attribute 34, 1
  12              		.eabi_attribute 18, 4
  13              		.thumb
  14              		.file	"Counter_LED_PM.c"
  15              		.text
  16              	.Ltext0:
  17              		.cfi_sections	.debug_frame
  18              		.bss
  19              		.align	2
  20              	Counter_LED_backup:
  21 0000 000000   		.space	3
  22 0003 00       		.section	.text.Counter_LED_SaveConfig,"ax",%progbits
  23              		.align	2
  24              		.global	Counter_LED_SaveConfig
  25              		.thumb
  26              		.thumb_func
  27              		.type	Counter_LED_SaveConfig, %function
  28              	Counter_LED_SaveConfig:
  29              	.LFB0:
  30              		.file 1 ".\\Generated_Source\\PSoC5\\Counter_LED_PM.c"
   1:.\Generated_Source\PSoC5/Counter_LED_PM.c **** /*******************************************************************************
   2:.\Generated_Source\PSoC5/Counter_LED_PM.c **** * File Name: Counter_LED_PM.c  
   3:.\Generated_Source\PSoC5/Counter_LED_PM.c **** * Version 2.40
   4:.\Generated_Source\PSoC5/Counter_LED_PM.c **** *
   5:.\Generated_Source\PSoC5/Counter_LED_PM.c **** *  Description:
   6:.\Generated_Source\PSoC5/Counter_LED_PM.c **** *    This file provides the power management source code to API for the
   7:.\Generated_Source\PSoC5/Counter_LED_PM.c **** *    Counter.  
   8:.\Generated_Source\PSoC5/Counter_LED_PM.c **** *
   9:.\Generated_Source\PSoC5/Counter_LED_PM.c **** *   Note:
  10:.\Generated_Source\PSoC5/Counter_LED_PM.c **** *     None
  11:.\Generated_Source\PSoC5/Counter_LED_PM.c **** *
  12:.\Generated_Source\PSoC5/Counter_LED_PM.c **** *******************************************************************************
  13:.\Generated_Source\PSoC5/Counter_LED_PM.c **** * Copyright 2008-2012, Cypress Semiconductor Corporation.  All rights reserved.
  14:.\Generated_Source\PSoC5/Counter_LED_PM.c **** * You may use this file only in accordance with the license, terms, conditions, 
  15:.\Generated_Source\PSoC5/Counter_LED_PM.c **** * disclaimers, and limitations in the end user license agreement accompanying 
  16:.\Generated_Source\PSoC5/Counter_LED_PM.c **** * the software package with which this file was provided.
  17:.\Generated_Source\PSoC5/Counter_LED_PM.c **** ********************************************************************************/
  18:.\Generated_Source\PSoC5/Counter_LED_PM.c **** 
  19:.\Generated_Source\PSoC5/Counter_LED_PM.c **** #include "Counter_LED.h"
  20:.\Generated_Source\PSoC5/Counter_LED_PM.c **** 
  21:.\Generated_Source\PSoC5/Counter_LED_PM.c **** static Counter_LED_backupStruct Counter_LED_backup;
  22:.\Generated_Source\PSoC5/Counter_LED_PM.c **** 
  23:.\Generated_Source\PSoC5/Counter_LED_PM.c **** 
  24:.\Generated_Source\PSoC5/Counter_LED_PM.c **** /*******************************************************************************
  25:.\Generated_Source\PSoC5/Counter_LED_PM.c **** * Function Name: Counter_LED_SaveConfig
  26:.\Generated_Source\PSoC5/Counter_LED_PM.c **** ********************************************************************************
  27:.\Generated_Source\PSoC5/Counter_LED_PM.c **** * Summary:
ARM GAS  C:\Users\GRAZIA~1.RAV\AppData\Local\Temp\ccay0crN.s 			page 2


  28:.\Generated_Source\PSoC5/Counter_LED_PM.c **** *     Save the current user configuration
  29:.\Generated_Source\PSoC5/Counter_LED_PM.c **** *
  30:.\Generated_Source\PSoC5/Counter_LED_PM.c **** * Parameters:  
  31:.\Generated_Source\PSoC5/Counter_LED_PM.c **** *  void
  32:.\Generated_Source\PSoC5/Counter_LED_PM.c **** *
  33:.\Generated_Source\PSoC5/Counter_LED_PM.c **** * Return: 
  34:.\Generated_Source\PSoC5/Counter_LED_PM.c **** *  void
  35:.\Generated_Source\PSoC5/Counter_LED_PM.c **** *
  36:.\Generated_Source\PSoC5/Counter_LED_PM.c **** * Global variables:
  37:.\Generated_Source\PSoC5/Counter_LED_PM.c **** *  Counter_LED_backup:  Variables of this global structure are modified to 
  38:.\Generated_Source\PSoC5/Counter_LED_PM.c **** *  store the values of non retention configuration registers when Sleep() API is 
  39:.\Generated_Source\PSoC5/Counter_LED_PM.c **** *  called.
  40:.\Generated_Source\PSoC5/Counter_LED_PM.c **** *
  41:.\Generated_Source\PSoC5/Counter_LED_PM.c **** *******************************************************************************/
  42:.\Generated_Source\PSoC5/Counter_LED_PM.c **** void Counter_LED_SaveConfig(void) 
  43:.\Generated_Source\PSoC5/Counter_LED_PM.c **** {
  31              		.loc 1 43 0
  32              		.cfi_startproc
  33              		@ args = 0, pretend = 0, frame = 0
  34              		@ frame_needed = 1, uses_anonymous_args = 0
  35              		@ link register save eliminated.
  36 0000 80B4     		push	{r7}
  37              	.LCFI0:
  38              		.cfi_def_cfa_offset 4
  39              		.cfi_offset 7, -4
  40 0002 00AF     		add	r7, sp, #0
  41              	.LCFI1:
  42              		.cfi_def_cfa_register 7
  44:.\Generated_Source\PSoC5/Counter_LED_PM.c ****     #if (!Counter_LED_UsingFixedFunction)
  45:.\Generated_Source\PSoC5/Counter_LED_PM.c **** 
  46:.\Generated_Source\PSoC5/Counter_LED_PM.c ****         Counter_LED_backup.CounterUdb = Counter_LED_ReadCounter();
  47:.\Generated_Source\PSoC5/Counter_LED_PM.c **** 
  48:.\Generated_Source\PSoC5/Counter_LED_PM.c ****         #if (CY_UDB_V0)
  49:.\Generated_Source\PSoC5/Counter_LED_PM.c ****             Counter_LED_backup.CounterPeriod = Counter_LED_ReadPeriod();
  50:.\Generated_Source\PSoC5/Counter_LED_PM.c ****             Counter_LED_backup.CompareValue = Counter_LED_ReadCompare();
  51:.\Generated_Source\PSoC5/Counter_LED_PM.c ****             Counter_LED_backup.InterruptMaskValue = Counter_LED_STATUS_MASK;
  52:.\Generated_Source\PSoC5/Counter_LED_PM.c ****         #endif /* CY_UDB_V0 */
  53:.\Generated_Source\PSoC5/Counter_LED_PM.c **** 
  54:.\Generated_Source\PSoC5/Counter_LED_PM.c ****         #if(!Counter_LED_ControlRegRemoved)
  55:.\Generated_Source\PSoC5/Counter_LED_PM.c ****             Counter_LED_backup.CounterControlRegister = Counter_LED_ReadControlRegister();
  56:.\Generated_Source\PSoC5/Counter_LED_PM.c ****         #endif /* (!Counter_LED_ControlRegRemoved) */
  57:.\Generated_Source\PSoC5/Counter_LED_PM.c **** 
  58:.\Generated_Source\PSoC5/Counter_LED_PM.c ****     #endif /* (!Counter_LED_UsingFixedFunction) */
  59:.\Generated_Source\PSoC5/Counter_LED_PM.c **** }
  43              		.loc 1 59 0
  44 0004 BD46     		mov	sp, r7
  45 0006 80BC     		pop	{r7}
  46 0008 7047     		bx	lr
  47              		.cfi_endproc
  48              	.LFE0:
  49              		.size	Counter_LED_SaveConfig, .-Counter_LED_SaveConfig
  50 000a 00BF     		.section	.text.Counter_LED_RestoreConfig,"ax",%progbits
  51              		.align	2
  52              		.global	Counter_LED_RestoreConfig
  53              		.thumb
  54              		.thumb_func
  55              		.type	Counter_LED_RestoreConfig, %function
ARM GAS  C:\Users\GRAZIA~1.RAV\AppData\Local\Temp\ccay0crN.s 			page 3


  56              	Counter_LED_RestoreConfig:
  57              	.LFB1:
  60:.\Generated_Source\PSoC5/Counter_LED_PM.c **** 
  61:.\Generated_Source\PSoC5/Counter_LED_PM.c **** 
  62:.\Generated_Source\PSoC5/Counter_LED_PM.c **** /*******************************************************************************
  63:.\Generated_Source\PSoC5/Counter_LED_PM.c **** * Function Name: Counter_LED_RestoreConfig
  64:.\Generated_Source\PSoC5/Counter_LED_PM.c **** ********************************************************************************
  65:.\Generated_Source\PSoC5/Counter_LED_PM.c **** *
  66:.\Generated_Source\PSoC5/Counter_LED_PM.c **** * Summary:
  67:.\Generated_Source\PSoC5/Counter_LED_PM.c **** *  Restores the current user configuration.
  68:.\Generated_Source\PSoC5/Counter_LED_PM.c **** *
  69:.\Generated_Source\PSoC5/Counter_LED_PM.c **** * Parameters:  
  70:.\Generated_Source\PSoC5/Counter_LED_PM.c **** *  void
  71:.\Generated_Source\PSoC5/Counter_LED_PM.c **** *
  72:.\Generated_Source\PSoC5/Counter_LED_PM.c **** * Return: 
  73:.\Generated_Source\PSoC5/Counter_LED_PM.c **** *  void
  74:.\Generated_Source\PSoC5/Counter_LED_PM.c **** *
  75:.\Generated_Source\PSoC5/Counter_LED_PM.c **** * Global variables:
  76:.\Generated_Source\PSoC5/Counter_LED_PM.c **** *  Counter_LED_backup:  Variables of this global structure are used to 
  77:.\Generated_Source\PSoC5/Counter_LED_PM.c **** *  restore the values of non retention registers on wakeup from sleep mode.
  78:.\Generated_Source\PSoC5/Counter_LED_PM.c **** *
  79:.\Generated_Source\PSoC5/Counter_LED_PM.c **** *******************************************************************************/
  80:.\Generated_Source\PSoC5/Counter_LED_PM.c **** void Counter_LED_RestoreConfig(void) 
  81:.\Generated_Source\PSoC5/Counter_LED_PM.c **** {      
  58              		.loc 1 81 0
  59              		.cfi_startproc
  60              		@ args = 0, pretend = 0, frame = 0
  61              		@ frame_needed = 1, uses_anonymous_args = 0
  62              		@ link register save eliminated.
  63 0000 80B4     		push	{r7}
  64              	.LCFI2:
  65              		.cfi_def_cfa_offset 4
  66              		.cfi_offset 7, -4
  67 0002 00AF     		add	r7, sp, #0
  68              	.LCFI3:
  69              		.cfi_def_cfa_register 7
  82:.\Generated_Source\PSoC5/Counter_LED_PM.c ****     #if (!Counter_LED_UsingFixedFunction)
  83:.\Generated_Source\PSoC5/Counter_LED_PM.c **** 
  84:.\Generated_Source\PSoC5/Counter_LED_PM.c ****         #if (CY_UDB_V0)
  85:.\Generated_Source\PSoC5/Counter_LED_PM.c ****             uint8 Counter_LED_interruptState;
  86:.\Generated_Source\PSoC5/Counter_LED_PM.c ****         #endif  /* (CY_UDB_V0) */
  87:.\Generated_Source\PSoC5/Counter_LED_PM.c **** 
  88:.\Generated_Source\PSoC5/Counter_LED_PM.c ****        Counter_LED_WriteCounter(Counter_LED_backup.CounterUdb);
  89:.\Generated_Source\PSoC5/Counter_LED_PM.c **** 
  90:.\Generated_Source\PSoC5/Counter_LED_PM.c ****         #if (CY_UDB_V0)
  91:.\Generated_Source\PSoC5/Counter_LED_PM.c ****             Counter_LED_WritePeriod(Counter_LED_backup.CounterPeriod);
  92:.\Generated_Source\PSoC5/Counter_LED_PM.c ****             Counter_LED_WriteCompare(Counter_LED_backup.CompareValue);
  93:.\Generated_Source\PSoC5/Counter_LED_PM.c **** 
  94:.\Generated_Source\PSoC5/Counter_LED_PM.c ****             Counter_LED_interruptState = CyEnterCriticalSection();
  95:.\Generated_Source\PSoC5/Counter_LED_PM.c ****             Counter_LED_STATUS_AUX_CTRL |= Counter_LED_STATUS_ACTL_INT_EN_MASK;
  96:.\Generated_Source\PSoC5/Counter_LED_PM.c ****             CyExitCriticalSection(Counter_LED_interruptState);
  97:.\Generated_Source\PSoC5/Counter_LED_PM.c **** 
  98:.\Generated_Source\PSoC5/Counter_LED_PM.c ****             Counter_LED_STATUS_MASK = Counter_LED_backup.InterruptMaskValue;
  99:.\Generated_Source\PSoC5/Counter_LED_PM.c ****         #endif  /* (CY_UDB_V0) */
 100:.\Generated_Source\PSoC5/Counter_LED_PM.c **** 
 101:.\Generated_Source\PSoC5/Counter_LED_PM.c ****         #if(!Counter_LED_ControlRegRemoved)
 102:.\Generated_Source\PSoC5/Counter_LED_PM.c ****             Counter_LED_WriteControlRegister(Counter_LED_backup.CounterControlRegister);
ARM GAS  C:\Users\GRAZIA~1.RAV\AppData\Local\Temp\ccay0crN.s 			page 4


 103:.\Generated_Source\PSoC5/Counter_LED_PM.c ****         #endif /* (!Counter_LED_ControlRegRemoved) */
 104:.\Generated_Source\PSoC5/Counter_LED_PM.c **** 
 105:.\Generated_Source\PSoC5/Counter_LED_PM.c ****     #endif /* (!Counter_LED_UsingFixedFunction) */
 106:.\Generated_Source\PSoC5/Counter_LED_PM.c **** }
  70              		.loc 1 106 0
  71 0004 BD46     		mov	sp, r7
  72 0006 80BC     		pop	{r7}
  73 0008 7047     		bx	lr
  74              		.cfi_endproc
  75              	.LFE1:
  76              		.size	Counter_LED_RestoreConfig, .-Counter_LED_RestoreConfig
  77 000a 00BF     		.section	.text.Counter_LED_Sleep,"ax",%progbits
  78              		.align	2
  79              		.global	Counter_LED_Sleep
  80              		.thumb
  81              		.thumb_func
  82              		.type	Counter_LED_Sleep, %function
  83              	Counter_LED_Sleep:
  84              	.LFB2:
 107:.\Generated_Source\PSoC5/Counter_LED_PM.c **** 
 108:.\Generated_Source\PSoC5/Counter_LED_PM.c **** 
 109:.\Generated_Source\PSoC5/Counter_LED_PM.c **** /*******************************************************************************
 110:.\Generated_Source\PSoC5/Counter_LED_PM.c **** * Function Name: Counter_LED_Sleep
 111:.\Generated_Source\PSoC5/Counter_LED_PM.c **** ********************************************************************************
 112:.\Generated_Source\PSoC5/Counter_LED_PM.c **** * Summary:
 113:.\Generated_Source\PSoC5/Counter_LED_PM.c **** *     Stop and Save the user configuration
 114:.\Generated_Source\PSoC5/Counter_LED_PM.c **** *
 115:.\Generated_Source\PSoC5/Counter_LED_PM.c **** * Parameters:  
 116:.\Generated_Source\PSoC5/Counter_LED_PM.c **** *  void
 117:.\Generated_Source\PSoC5/Counter_LED_PM.c **** *
 118:.\Generated_Source\PSoC5/Counter_LED_PM.c **** * Return: 
 119:.\Generated_Source\PSoC5/Counter_LED_PM.c **** *  void
 120:.\Generated_Source\PSoC5/Counter_LED_PM.c **** *
 121:.\Generated_Source\PSoC5/Counter_LED_PM.c **** * Global variables:
 122:.\Generated_Source\PSoC5/Counter_LED_PM.c **** *  Counter_LED_backup.enableState:  Is modified depending on the enable 
 123:.\Generated_Source\PSoC5/Counter_LED_PM.c **** *  state of the block before entering sleep mode.
 124:.\Generated_Source\PSoC5/Counter_LED_PM.c **** *
 125:.\Generated_Source\PSoC5/Counter_LED_PM.c **** *******************************************************************************/
 126:.\Generated_Source\PSoC5/Counter_LED_PM.c **** void Counter_LED_Sleep(void) 
 127:.\Generated_Source\PSoC5/Counter_LED_PM.c **** {
  85              		.loc 1 127 0
  86              		.cfi_startproc
  87              		@ args = 0, pretend = 0, frame = 0
  88              		@ frame_needed = 1, uses_anonymous_args = 0
  89 0000 80B5     		push	{r7, lr}
  90              	.LCFI4:
  91              		.cfi_def_cfa_offset 8
  92              		.cfi_offset 7, -8
  93              		.cfi_offset 14, -4
  94 0002 00AF     		add	r7, sp, #0
  95              	.LCFI5:
  96              		.cfi_def_cfa_register 7
 128:.\Generated_Source\PSoC5/Counter_LED_PM.c ****     #if(!Counter_LED_ControlRegRemoved)
 129:.\Generated_Source\PSoC5/Counter_LED_PM.c ****         /* Save Counter's enable state */
 130:.\Generated_Source\PSoC5/Counter_LED_PM.c ****         if(Counter_LED_CTRL_ENABLE == (Counter_LED_CONTROL & Counter_LED_CTRL_ENABLE))
  97              		.loc 1 130 0
  98 0004 4FF49E43 		mov	r3, #20224
ARM GAS  C:\Users\GRAZIA~1.RAV\AppData\Local\Temp\ccay0crN.s 			page 5


  99 0008 C4F20003 		movt	r3, 16384
 100 000c 1B78     		ldrb	r3, [r3, #0]
 101 000e DBB2     		uxtb	r3, r3
 102 0010 03F00103 		and	r3, r3, #1
 103 0014 002B     		cmp	r3, #0
 104 0016 07D0     		beq	.L4
 131:.\Generated_Source\PSoC5/Counter_LED_PM.c ****         {
 132:.\Generated_Source\PSoC5/Counter_LED_PM.c ****             /* Counter is enabled */
 133:.\Generated_Source\PSoC5/Counter_LED_PM.c ****             Counter_LED_backup.CounterEnableState = 1u;
 105              		.loc 1 133 0
 106 0018 40F20003 		movw	r3, #:lower16:Counter_LED_backup
 107 001c C0F20003 		movt	r3, #:upper16:Counter_LED_backup
 108 0020 4FF00102 		mov	r2, #1
 109 0024 1A70     		strb	r2, [r3, #0]
 110 0026 06E0     		b	.L5
 111              	.L4:
 134:.\Generated_Source\PSoC5/Counter_LED_PM.c ****         }
 135:.\Generated_Source\PSoC5/Counter_LED_PM.c ****         else
 136:.\Generated_Source\PSoC5/Counter_LED_PM.c ****         {
 137:.\Generated_Source\PSoC5/Counter_LED_PM.c ****             /* Counter is disabled */
 138:.\Generated_Source\PSoC5/Counter_LED_PM.c ****             Counter_LED_backup.CounterEnableState = 0u;
 112              		.loc 1 138 0
 113 0028 40F20003 		movw	r3, #:lower16:Counter_LED_backup
 114 002c C0F20003 		movt	r3, #:upper16:Counter_LED_backup
 115 0030 4FF00002 		mov	r2, #0
 116 0034 1A70     		strb	r2, [r3, #0]
 117              	.L5:
 139:.\Generated_Source\PSoC5/Counter_LED_PM.c ****         }
 140:.\Generated_Source\PSoC5/Counter_LED_PM.c ****     #else
 141:.\Generated_Source\PSoC5/Counter_LED_PM.c ****         Counter_LED_backup.CounterEnableState = 1u;
 142:.\Generated_Source\PSoC5/Counter_LED_PM.c ****         if(Counter_LED_backup.CounterEnableState != 0u)
 143:.\Generated_Source\PSoC5/Counter_LED_PM.c ****         {
 144:.\Generated_Source\PSoC5/Counter_LED_PM.c ****             Counter_LED_backup.CounterEnableState = 0u;
 145:.\Generated_Source\PSoC5/Counter_LED_PM.c ****         }
 146:.\Generated_Source\PSoC5/Counter_LED_PM.c ****     #endif /* (!Counter_LED_ControlRegRemoved) */
 147:.\Generated_Source\PSoC5/Counter_LED_PM.c ****     
 148:.\Generated_Source\PSoC5/Counter_LED_PM.c ****     Counter_LED_Stop();
 118              		.loc 1 148 0
 119 0036 FFF7FEFF 		bl	Counter_LED_Stop
 149:.\Generated_Source\PSoC5/Counter_LED_PM.c ****     Counter_LED_SaveConfig();
 120              		.loc 1 149 0
 121 003a FFF7FEFF 		bl	Counter_LED_SaveConfig
 150:.\Generated_Source\PSoC5/Counter_LED_PM.c **** }
 122              		.loc 1 150 0
 123 003e 80BD     		pop	{r7, pc}
 124              		.cfi_endproc
 125              	.LFE2:
 126              		.size	Counter_LED_Sleep, .-Counter_LED_Sleep
 127              		.section	.text.Counter_LED_Wakeup,"ax",%progbits
 128              		.align	2
 129              		.global	Counter_LED_Wakeup
 130              		.thumb
 131              		.thumb_func
 132              		.type	Counter_LED_Wakeup, %function
 133              	Counter_LED_Wakeup:
 134              	.LFB3:
 151:.\Generated_Source\PSoC5/Counter_LED_PM.c **** 
ARM GAS  C:\Users\GRAZIA~1.RAV\AppData\Local\Temp\ccay0crN.s 			page 6


 152:.\Generated_Source\PSoC5/Counter_LED_PM.c **** 
 153:.\Generated_Source\PSoC5/Counter_LED_PM.c **** /*******************************************************************************
 154:.\Generated_Source\PSoC5/Counter_LED_PM.c **** * Function Name: Counter_LED_Wakeup
 155:.\Generated_Source\PSoC5/Counter_LED_PM.c **** ********************************************************************************
 156:.\Generated_Source\PSoC5/Counter_LED_PM.c **** *
 157:.\Generated_Source\PSoC5/Counter_LED_PM.c **** * Summary:
 158:.\Generated_Source\PSoC5/Counter_LED_PM.c **** *  Restores and enables the user configuration
 159:.\Generated_Source\PSoC5/Counter_LED_PM.c **** *  
 160:.\Generated_Source\PSoC5/Counter_LED_PM.c **** * Parameters:  
 161:.\Generated_Source\PSoC5/Counter_LED_PM.c **** *  void
 162:.\Generated_Source\PSoC5/Counter_LED_PM.c **** *
 163:.\Generated_Source\PSoC5/Counter_LED_PM.c **** * Return: 
 164:.\Generated_Source\PSoC5/Counter_LED_PM.c **** *  void
 165:.\Generated_Source\PSoC5/Counter_LED_PM.c **** *
 166:.\Generated_Source\PSoC5/Counter_LED_PM.c **** * Global variables:
 167:.\Generated_Source\PSoC5/Counter_LED_PM.c **** *  Counter_LED_backup.enableState:  Is used to restore the enable state of 
 168:.\Generated_Source\PSoC5/Counter_LED_PM.c **** *  block on wakeup from sleep mode.
 169:.\Generated_Source\PSoC5/Counter_LED_PM.c **** *
 170:.\Generated_Source\PSoC5/Counter_LED_PM.c **** *******************************************************************************/
 171:.\Generated_Source\PSoC5/Counter_LED_PM.c **** void Counter_LED_Wakeup(void) 
 172:.\Generated_Source\PSoC5/Counter_LED_PM.c **** {
 135              		.loc 1 172 0
 136              		.cfi_startproc
 137              		@ args = 0, pretend = 0, frame = 0
 138              		@ frame_needed = 1, uses_anonymous_args = 0
 139 0000 80B5     		push	{r7, lr}
 140              	.LCFI6:
 141              		.cfi_def_cfa_offset 8
 142              		.cfi_offset 7, -8
 143              		.cfi_offset 14, -4
 144 0002 00AF     		add	r7, sp, #0
 145              	.LCFI7:
 146              		.cfi_def_cfa_register 7
 173:.\Generated_Source\PSoC5/Counter_LED_PM.c ****     Counter_LED_RestoreConfig();
 147              		.loc 1 173 0
 148 0004 FFF7FEFF 		bl	Counter_LED_RestoreConfig
 174:.\Generated_Source\PSoC5/Counter_LED_PM.c ****     #if(!Counter_LED_ControlRegRemoved)
 175:.\Generated_Source\PSoC5/Counter_LED_PM.c ****         if(Counter_LED_backup.CounterEnableState == 1u)
 149              		.loc 1 175 0
 150 0008 40F20003 		movw	r3, #:lower16:Counter_LED_backup
 151 000c C0F20003 		movt	r3, #:upper16:Counter_LED_backup
 152 0010 1B78     		ldrb	r3, [r3, #0]	@ zero_extendqisi2
 153 0012 012B     		cmp	r3, #1
 154 0014 01D1     		bne	.L6
 176:.\Generated_Source\PSoC5/Counter_LED_PM.c ****         {
 177:.\Generated_Source\PSoC5/Counter_LED_PM.c ****             /* Enable Counter's operation */
 178:.\Generated_Source\PSoC5/Counter_LED_PM.c ****             Counter_LED_Enable();
 155              		.loc 1 178 0
 156 0016 FFF7FEFF 		bl	Counter_LED_Enable
 157              	.L6:
 179:.\Generated_Source\PSoC5/Counter_LED_PM.c ****         } /* Do nothing if Counter was disabled before */    
 180:.\Generated_Source\PSoC5/Counter_LED_PM.c ****     #endif /* (!Counter_LED_ControlRegRemoved) */
 181:.\Generated_Source\PSoC5/Counter_LED_PM.c ****     
 182:.\Generated_Source\PSoC5/Counter_LED_PM.c **** }
 158              		.loc 1 182 0
 159 001a 80BD     		pop	{r7, pc}
 160              		.cfi_endproc
ARM GAS  C:\Users\GRAZIA~1.RAV\AppData\Local\Temp\ccay0crN.s 			page 7


 161              	.LFE3:
 162              		.size	Counter_LED_Wakeup, .-Counter_LED_Wakeup
 163              		.text
 164              	.Letext0:
 165              		.file 2 ".\\Generated_Source\\PSoC5\\cytypes.h"
 166              		.file 3 ".\\Generated_Source\\PSoC5\\Counter_LED.h"
 167              		.section	.debug_info,"",%progbits
 168              	.Ldebug_info0:
 169 0000 4A010000 		.4byte	0x14a
 170 0004 0200     		.2byte	0x2
 171 0006 00000000 		.4byte	.Ldebug_abbrev0
 172 000a 04       		.byte	0x4
 173 000b 01       		.uleb128 0x1
 174 000c F1000000 		.4byte	.LASF23
 175 0010 01       		.byte	0x1
 176 0011 1A020000 		.4byte	.LASF24
 177 0015 1B000000 		.4byte	.LASF25
 178 0019 00000000 		.4byte	.Ldebug_ranges0+0
 179 001d 00000000 		.4byte	0
 180 0021 00000000 		.4byte	0
 181 0025 00000000 		.4byte	.Ldebug_line0
 182 0029 02       		.uleb128 0x2
 183 002a 01       		.byte	0x1
 184 002b 06       		.byte	0x6
 185 002c C1010000 		.4byte	.LASF0
 186 0030 02       		.uleb128 0x2
 187 0031 01       		.byte	0x1
 188 0032 08       		.byte	0x8
 189 0033 8B000000 		.4byte	.LASF1
 190 0037 02       		.uleb128 0x2
 191 0038 02       		.byte	0x2
 192 0039 05       		.byte	0x5
 193 003a F7010000 		.4byte	.LASF2
 194 003e 02       		.uleb128 0x2
 195 003f 02       		.byte	0x2
 196 0040 07       		.byte	0x7
 197 0041 AE010000 		.4byte	.LASF3
 198 0045 02       		.uleb128 0x2
 199 0046 04       		.byte	0x4
 200 0047 05       		.byte	0x5
 201 0048 71010000 		.4byte	.LASF4
 202 004c 02       		.uleb128 0x2
 203 004d 04       		.byte	0x4
 204 004e 07       		.byte	0x7
 205 004f C8000000 		.4byte	.LASF5
 206 0053 02       		.uleb128 0x2
 207 0054 08       		.byte	0x8
 208 0055 05       		.byte	0x5
 209 0056 00000000 		.4byte	.LASF6
 210 005a 02       		.uleb128 0x2
 211 005b 08       		.byte	0x8
 212 005c 07       		.byte	0x7
 213 005d DA000000 		.4byte	.LASF7
 214 0061 03       		.uleb128 0x3
 215 0062 04       		.byte	0x4
 216 0063 05       		.byte	0x5
 217 0064 696E7400 		.ascii	"int\000"
ARM GAS  C:\Users\GRAZIA~1.RAV\AppData\Local\Temp\ccay0crN.s 			page 8


 218 0068 02       		.uleb128 0x2
 219 0069 04       		.byte	0x4
 220 006a 07       		.byte	0x7
 221 006b 0E000000 		.4byte	.LASF8
 222 006f 04       		.uleb128 0x4
 223 0070 C2000000 		.4byte	.LASF12
 224 0074 02       		.byte	0x2
 225 0075 5B       		.byte	0x5b
 226 0076 30000000 		.4byte	0x30
 227 007a 02       		.uleb128 0x2
 228 007b 04       		.byte	0x4
 229 007c 04       		.byte	0x4
 230 007d 3A010000 		.4byte	.LASF9
 231 0081 02       		.uleb128 0x2
 232 0082 08       		.byte	0x8
 233 0083 04       		.byte	0x4
 234 0084 8D010000 		.4byte	.LASF10
 235 0088 02       		.uleb128 0x2
 236 0089 01       		.byte	0x1
 237 008a 08       		.byte	0x8
 238 008b 6C010000 		.4byte	.LASF11
 239 008f 04       		.uleb128 0x4
 240 0090 01020000 		.4byte	.LASF13
 241 0094 02       		.byte	0x2
 242 0095 F0       		.byte	0xf0
 243 0096 9A000000 		.4byte	0x9a
 244 009a 05       		.uleb128 0x5
 245 009b 6F000000 		.4byte	0x6f
 246 009f 02       		.uleb128 0x2
 247 00a0 04       		.byte	0x4
 248 00a1 07       		.byte	0x7
 249 00a2 11020000 		.4byte	.LASF14
 250 00a6 06       		.uleb128 0x6
 251 00a7 03       		.byte	0x3
 252 00a8 03       		.byte	0x3
 253 00a9 38       		.byte	0x38
 254 00aa D9000000 		.4byte	0xd9
 255 00ae 07       		.uleb128 0x7
 256 00af 7A010000 		.4byte	.LASF15
 257 00b3 03       		.byte	0x3
 258 00b4 3A       		.byte	0x3a
 259 00b5 6F000000 		.4byte	0x6f
 260 00b9 02       		.byte	0x2
 261 00ba 23       		.byte	0x23
 262 00bb 00       		.uleb128 0
 263 00bc 07       		.uleb128 0x7
 264 00bd 06020000 		.4byte	.LASF16
 265 00c1 03       		.byte	0x3
 266 00c2 3B       		.byte	0x3b
 267 00c3 6F000000 		.4byte	0x6f
 268 00c7 02       		.byte	0x2
 269 00c8 23       		.byte	0x23
 270 00c9 01       		.uleb128 0x1
 271 00ca 07       		.uleb128 0x7
 272 00cb CD010000 		.4byte	.LASF17
 273 00cf 03       		.byte	0x3
 274 00d0 44       		.byte	0x44
ARM GAS  C:\Users\GRAZIA~1.RAV\AppData\Local\Temp\ccay0crN.s 			page 9


 275 00d1 6F000000 		.4byte	0x6f
 276 00d5 02       		.byte	0x2
 277 00d6 23       		.byte	0x23
 278 00d7 02       		.uleb128 0x2
 279 00d8 00       		.byte	0
 280 00d9 04       		.uleb128 0x4
 281 00da 40010000 		.4byte	.LASF18
 282 00de 03       		.byte	0x3
 283 00df 47       		.byte	0x47
 284 00e0 A6000000 		.4byte	0xa6
 285 00e4 08       		.uleb128 0x8
 286 00e5 01       		.byte	0x1
 287 00e6 AB000000 		.4byte	.LASF19
 288 00ea 01       		.byte	0x1
 289 00eb 2A       		.byte	0x2a
 290 00ec 01       		.byte	0x1
 291 00ed 00000000 		.4byte	.LFB0
 292 00f1 0A000000 		.4byte	.LFE0
 293 00f5 00000000 		.4byte	.LLST0
 294 00f9 01       		.byte	0x1
 295 00fa 08       		.uleb128 0x8
 296 00fb 01       		.byte	0x1
 297 00fc 94010000 		.4byte	.LASF20
 298 0100 01       		.byte	0x1
 299 0101 50       		.byte	0x50
 300 0102 01       		.byte	0x1
 301 0103 00000000 		.4byte	.LFB1
 302 0107 0A000000 		.4byte	.LFE1
 303 010b 2C000000 		.4byte	.LLST1
 304 010f 01       		.byte	0x1
 305 0110 09       		.uleb128 0x9
 306 0111 01       		.byte	0x1
 307 0112 99000000 		.4byte	.LASF21
 308 0116 01       		.byte	0x1
 309 0117 7E       		.byte	0x7e
 310 0118 01       		.byte	0x1
 311 0119 00000000 		.4byte	.LFB2
 312 011d 40000000 		.4byte	.LFE2
 313 0121 58000000 		.4byte	.LLST2
 314 0125 01       		.byte	0x1
 315 0126 09       		.uleb128 0x9
 316 0127 01       		.byte	0x1
 317 0128 E4010000 		.4byte	.LASF22
 318 012c 01       		.byte	0x1
 319 012d AB       		.byte	0xab
 320 012e 01       		.byte	0x1
 321 012f 00000000 		.4byte	.LFB3
 322 0133 1C000000 		.4byte	.LFE3
 323 0137 84000000 		.4byte	.LLST3
 324 013b 01       		.byte	0x1
 325 013c 0A       		.uleb128 0xa
 326 013d 59010000 		.4byte	.LASF26
 327 0141 01       		.byte	0x1
 328 0142 15       		.byte	0x15
 329 0143 D9000000 		.4byte	0xd9
 330 0147 05       		.byte	0x5
 331 0148 03       		.byte	0x3
ARM GAS  C:\Users\GRAZIA~1.RAV\AppData\Local\Temp\ccay0crN.s 			page 10


 332 0149 00000000 		.4byte	Counter_LED_backup
 333 014d 00       		.byte	0
 334              		.section	.debug_abbrev,"",%progbits
 335              	.Ldebug_abbrev0:
 336 0000 01       		.uleb128 0x1
 337 0001 11       		.uleb128 0x11
 338 0002 01       		.byte	0x1
 339 0003 25       		.uleb128 0x25
 340 0004 0E       		.uleb128 0xe
 341 0005 13       		.uleb128 0x13
 342 0006 0B       		.uleb128 0xb
 343 0007 03       		.uleb128 0x3
 344 0008 0E       		.uleb128 0xe
 345 0009 1B       		.uleb128 0x1b
 346 000a 0E       		.uleb128 0xe
 347 000b 55       		.uleb128 0x55
 348 000c 06       		.uleb128 0x6
 349 000d 11       		.uleb128 0x11
 350 000e 01       		.uleb128 0x1
 351 000f 52       		.uleb128 0x52
 352 0010 01       		.uleb128 0x1
 353 0011 10       		.uleb128 0x10
 354 0012 06       		.uleb128 0x6
 355 0013 00       		.byte	0
 356 0014 00       		.byte	0
 357 0015 02       		.uleb128 0x2
 358 0016 24       		.uleb128 0x24
 359 0017 00       		.byte	0
 360 0018 0B       		.uleb128 0xb
 361 0019 0B       		.uleb128 0xb
 362 001a 3E       		.uleb128 0x3e
 363 001b 0B       		.uleb128 0xb
 364 001c 03       		.uleb128 0x3
 365 001d 0E       		.uleb128 0xe
 366 001e 00       		.byte	0
 367 001f 00       		.byte	0
 368 0020 03       		.uleb128 0x3
 369 0021 24       		.uleb128 0x24
 370 0022 00       		.byte	0
 371 0023 0B       		.uleb128 0xb
 372 0024 0B       		.uleb128 0xb
 373 0025 3E       		.uleb128 0x3e
 374 0026 0B       		.uleb128 0xb
 375 0027 03       		.uleb128 0x3
 376 0028 08       		.uleb128 0x8
 377 0029 00       		.byte	0
 378 002a 00       		.byte	0
 379 002b 04       		.uleb128 0x4
 380 002c 16       		.uleb128 0x16
 381 002d 00       		.byte	0
 382 002e 03       		.uleb128 0x3
 383 002f 0E       		.uleb128 0xe
 384 0030 3A       		.uleb128 0x3a
 385 0031 0B       		.uleb128 0xb
 386 0032 3B       		.uleb128 0x3b
 387 0033 0B       		.uleb128 0xb
 388 0034 49       		.uleb128 0x49
ARM GAS  C:\Users\GRAZIA~1.RAV\AppData\Local\Temp\ccay0crN.s 			page 11


 389 0035 13       		.uleb128 0x13
 390 0036 00       		.byte	0
 391 0037 00       		.byte	0
 392 0038 05       		.uleb128 0x5
 393 0039 35       		.uleb128 0x35
 394 003a 00       		.byte	0
 395 003b 49       		.uleb128 0x49
 396 003c 13       		.uleb128 0x13
 397 003d 00       		.byte	0
 398 003e 00       		.byte	0
 399 003f 06       		.uleb128 0x6
 400 0040 13       		.uleb128 0x13
 401 0041 01       		.byte	0x1
 402 0042 0B       		.uleb128 0xb
 403 0043 0B       		.uleb128 0xb
 404 0044 3A       		.uleb128 0x3a
 405 0045 0B       		.uleb128 0xb
 406 0046 3B       		.uleb128 0x3b
 407 0047 0B       		.uleb128 0xb
 408 0048 01       		.uleb128 0x1
 409 0049 13       		.uleb128 0x13
 410 004a 00       		.byte	0
 411 004b 00       		.byte	0
 412 004c 07       		.uleb128 0x7
 413 004d 0D       		.uleb128 0xd
 414 004e 00       		.byte	0
 415 004f 03       		.uleb128 0x3
 416 0050 0E       		.uleb128 0xe
 417 0051 3A       		.uleb128 0x3a
 418 0052 0B       		.uleb128 0xb
 419 0053 3B       		.uleb128 0x3b
 420 0054 0B       		.uleb128 0xb
 421 0055 49       		.uleb128 0x49
 422 0056 13       		.uleb128 0x13
 423 0057 38       		.uleb128 0x38
 424 0058 0A       		.uleb128 0xa
 425 0059 00       		.byte	0
 426 005a 00       		.byte	0
 427 005b 08       		.uleb128 0x8
 428 005c 2E       		.uleb128 0x2e
 429 005d 00       		.byte	0
 430 005e 3F       		.uleb128 0x3f
 431 005f 0C       		.uleb128 0xc
 432 0060 03       		.uleb128 0x3
 433 0061 0E       		.uleb128 0xe
 434 0062 3A       		.uleb128 0x3a
 435 0063 0B       		.uleb128 0xb
 436 0064 3B       		.uleb128 0x3b
 437 0065 0B       		.uleb128 0xb
 438 0066 27       		.uleb128 0x27
 439 0067 0C       		.uleb128 0xc
 440 0068 11       		.uleb128 0x11
 441 0069 01       		.uleb128 0x1
 442 006a 12       		.uleb128 0x12
 443 006b 01       		.uleb128 0x1
 444 006c 40       		.uleb128 0x40
 445 006d 06       		.uleb128 0x6
ARM GAS  C:\Users\GRAZIA~1.RAV\AppData\Local\Temp\ccay0crN.s 			page 12


 446 006e 9742     		.uleb128 0x2117
 447 0070 0C       		.uleb128 0xc
 448 0071 00       		.byte	0
 449 0072 00       		.byte	0
 450 0073 09       		.uleb128 0x9
 451 0074 2E       		.uleb128 0x2e
 452 0075 00       		.byte	0
 453 0076 3F       		.uleb128 0x3f
 454 0077 0C       		.uleb128 0xc
 455 0078 03       		.uleb128 0x3
 456 0079 0E       		.uleb128 0xe
 457 007a 3A       		.uleb128 0x3a
 458 007b 0B       		.uleb128 0xb
 459 007c 3B       		.uleb128 0x3b
 460 007d 0B       		.uleb128 0xb
 461 007e 27       		.uleb128 0x27
 462 007f 0C       		.uleb128 0xc
 463 0080 11       		.uleb128 0x11
 464 0081 01       		.uleb128 0x1
 465 0082 12       		.uleb128 0x12
 466 0083 01       		.uleb128 0x1
 467 0084 40       		.uleb128 0x40
 468 0085 06       		.uleb128 0x6
 469 0086 9642     		.uleb128 0x2116
 470 0088 0C       		.uleb128 0xc
 471 0089 00       		.byte	0
 472 008a 00       		.byte	0
 473 008b 0A       		.uleb128 0xa
 474 008c 34       		.uleb128 0x34
 475 008d 00       		.byte	0
 476 008e 03       		.uleb128 0x3
 477 008f 0E       		.uleb128 0xe
 478 0090 3A       		.uleb128 0x3a
 479 0091 0B       		.uleb128 0xb
 480 0092 3B       		.uleb128 0x3b
 481 0093 0B       		.uleb128 0xb
 482 0094 49       		.uleb128 0x49
 483 0095 13       		.uleb128 0x13
 484 0096 02       		.uleb128 0x2
 485 0097 0A       		.uleb128 0xa
 486 0098 00       		.byte	0
 487 0099 00       		.byte	0
 488 009a 00       		.byte	0
 489              		.section	.debug_loc,"",%progbits
 490              	.Ldebug_loc0:
 491              	.LLST0:
 492 0000 00000000 		.4byte	.LFB0
 493 0004 02000000 		.4byte	.LCFI0
 494 0008 0200     		.2byte	0x2
 495 000a 7D       		.byte	0x7d
 496 000b 00       		.sleb128 0
 497 000c 02000000 		.4byte	.LCFI0
 498 0010 04000000 		.4byte	.LCFI1
 499 0014 0200     		.2byte	0x2
 500 0016 7D       		.byte	0x7d
 501 0017 04       		.sleb128 4
 502 0018 04000000 		.4byte	.LCFI1
ARM GAS  C:\Users\GRAZIA~1.RAV\AppData\Local\Temp\ccay0crN.s 			page 13


 503 001c 0A000000 		.4byte	.LFE0
 504 0020 0200     		.2byte	0x2
 505 0022 77       		.byte	0x77
 506 0023 04       		.sleb128 4
 507 0024 00000000 		.4byte	0
 508 0028 00000000 		.4byte	0
 509              	.LLST1:
 510 002c 00000000 		.4byte	.LFB1
 511 0030 02000000 		.4byte	.LCFI2
 512 0034 0200     		.2byte	0x2
 513 0036 7D       		.byte	0x7d
 514 0037 00       		.sleb128 0
 515 0038 02000000 		.4byte	.LCFI2
 516 003c 04000000 		.4byte	.LCFI3
 517 0040 0200     		.2byte	0x2
 518 0042 7D       		.byte	0x7d
 519 0043 04       		.sleb128 4
 520 0044 04000000 		.4byte	.LCFI3
 521 0048 0A000000 		.4byte	.LFE1
 522 004c 0200     		.2byte	0x2
 523 004e 77       		.byte	0x77
 524 004f 04       		.sleb128 4
 525 0050 00000000 		.4byte	0
 526 0054 00000000 		.4byte	0
 527              	.LLST2:
 528 0058 00000000 		.4byte	.LFB2
 529 005c 02000000 		.4byte	.LCFI4
 530 0060 0200     		.2byte	0x2
 531 0062 7D       		.byte	0x7d
 532 0063 00       		.sleb128 0
 533 0064 02000000 		.4byte	.LCFI4
 534 0068 04000000 		.4byte	.LCFI5
 535 006c 0200     		.2byte	0x2
 536 006e 7D       		.byte	0x7d
 537 006f 08       		.sleb128 8
 538 0070 04000000 		.4byte	.LCFI5
 539 0074 40000000 		.4byte	.LFE2
 540 0078 0200     		.2byte	0x2
 541 007a 77       		.byte	0x77
 542 007b 08       		.sleb128 8
 543 007c 00000000 		.4byte	0
 544 0080 00000000 		.4byte	0
 545              	.LLST3:
 546 0084 00000000 		.4byte	.LFB3
 547 0088 02000000 		.4byte	.LCFI6
 548 008c 0200     		.2byte	0x2
 549 008e 7D       		.byte	0x7d
 550 008f 00       		.sleb128 0
 551 0090 02000000 		.4byte	.LCFI6
 552 0094 04000000 		.4byte	.LCFI7
 553 0098 0200     		.2byte	0x2
 554 009a 7D       		.byte	0x7d
 555 009b 08       		.sleb128 8
 556 009c 04000000 		.4byte	.LCFI7
 557 00a0 1C000000 		.4byte	.LFE3
 558 00a4 0200     		.2byte	0x2
 559 00a6 77       		.byte	0x77
ARM GAS  C:\Users\GRAZIA~1.RAV\AppData\Local\Temp\ccay0crN.s 			page 14


 560 00a7 08       		.sleb128 8
 561 00a8 00000000 		.4byte	0
 562 00ac 00000000 		.4byte	0
 563              		.section	.debug_aranges,"",%progbits
 564 0000 34000000 		.4byte	0x34
 565 0004 0200     		.2byte	0x2
 566 0006 00000000 		.4byte	.Ldebug_info0
 567 000a 04       		.byte	0x4
 568 000b 00       		.byte	0
 569 000c 0000     		.2byte	0
 570 000e 0000     		.2byte	0
 571 0010 00000000 		.4byte	.LFB0
 572 0014 0A000000 		.4byte	.LFE0-.LFB0
 573 0018 00000000 		.4byte	.LFB1
 574 001c 0A000000 		.4byte	.LFE1-.LFB1
 575 0020 00000000 		.4byte	.LFB2
 576 0024 40000000 		.4byte	.LFE2-.LFB2
 577 0028 00000000 		.4byte	.LFB3
 578 002c 1C000000 		.4byte	.LFE3-.LFB3
 579 0030 00000000 		.4byte	0
 580 0034 00000000 		.4byte	0
 581              		.section	.debug_ranges,"",%progbits
 582              	.Ldebug_ranges0:
 583 0000 00000000 		.4byte	.LFB0
 584 0004 0A000000 		.4byte	.LFE0
 585 0008 00000000 		.4byte	.LFB1
 586 000c 0A000000 		.4byte	.LFE1
 587 0010 00000000 		.4byte	.LFB2
 588 0014 40000000 		.4byte	.LFE2
 589 0018 00000000 		.4byte	.LFB3
 590 001c 1C000000 		.4byte	.LFE3
 591 0020 00000000 		.4byte	0
 592 0024 00000000 		.4byte	0
 593              		.section	.debug_line,"",%progbits
 594              	.Ldebug_line0:
 595 0000 B5000000 		.section	.debug_str,"MS",%progbits,1
 595      02005E00 
 595      00000201 
 595      FB0E0D00 
 595      01010101 
 596              	.LASF6:
 597 0000 6C6F6E67 		.ascii	"long long int\000"
 597      206C6F6E 
 597      6720696E 
 597      7400
 598              	.LASF8:
 599 000e 756E7369 		.ascii	"unsigned int\000"
 599      676E6564 
 599      20696E74 
 599      00
 600              	.LASF25:
 601 001b 433A5C55 		.ascii	"C:\\Users\\Graziano G. Ravizza\\Documents\\PSoC Cre"
 601      73657273 
 601      5C477261 
 601      7A69616E 
 601      6F20472E 
 602 004a 61746F72 		.ascii	"ator\\SQUIT\\Vers.0.0-T00 2019-0208 C3.0 (start)\\S"
ARM GAS  C:\Users\GRAZIA~1.RAV\AppData\Local\Temp\ccay0crN.s 			page 15


 602      5C535155 
 602      49545C56 
 602      6572732E 
 602      302E302D 
 603 007a 71756974 		.ascii	"quit-Proto.cydsn\000"
 603      2D50726F 
 603      746F2E63 
 603      7964736E 
 603      00
 604              	.LASF1:
 605 008b 756E7369 		.ascii	"unsigned char\000"
 605      676E6564 
 605      20636861 
 605      7200
 606              	.LASF21:
 607 0099 436F756E 		.ascii	"Counter_LED_Sleep\000"
 607      7465725F 
 607      4C45445F 
 607      536C6565 
 607      7000
 608              	.LASF19:
 609 00ab 436F756E 		.ascii	"Counter_LED_SaveConfig\000"
 609      7465725F 
 609      4C45445F 
 609      53617665 
 609      436F6E66 
 610              	.LASF12:
 611 00c2 75696E74 		.ascii	"uint8\000"
 611      3800
 612              	.LASF5:
 613 00c8 6C6F6E67 		.ascii	"long unsigned int\000"
 613      20756E73 
 613      69676E65 
 613      6420696E 
 613      7400
 614              	.LASF7:
 615 00da 6C6F6E67 		.ascii	"long long unsigned int\000"
 615      206C6F6E 
 615      6720756E 
 615      7369676E 
 615      65642069 
 616              	.LASF23:
 617 00f1 474E5520 		.ascii	"GNU C 4.7.3 20130312 (release) [ARM/embedded-4_7-br"
 617      4320342E 
 617      372E3320 
 617      32303133 
 617      30333132 
 618 0124 616E6368 		.ascii	"anch revision 196615]\000"
 618      20726576 
 618      6973696F 
 618      6E203139 
 618      36363135 
 619              	.LASF9:
 620 013a 666C6F61 		.ascii	"float\000"
 620      7400
 621              	.LASF18:
 622 0140 436F756E 		.ascii	"Counter_LED_backupStruct\000"
ARM GAS  C:\Users\GRAZIA~1.RAV\AppData\Local\Temp\ccay0crN.s 			page 16


 622      7465725F 
 622      4C45445F 
 622      6261636B 
 622      75705374 
 623              	.LASF26:
 624 0159 436F756E 		.ascii	"Counter_LED_backup\000"
 624      7465725F 
 624      4C45445F 
 624      6261636B 
 624      757000
 625              	.LASF11:
 626 016c 63686172 		.ascii	"char\000"
 626      00
 627              	.LASF4:
 628 0171 6C6F6E67 		.ascii	"long int\000"
 628      20696E74 
 628      00
 629              	.LASF15:
 630 017a 436F756E 		.ascii	"CounterEnableState\000"
 630      74657245 
 630      6E61626C 
 630      65537461 
 630      746500
 631              	.LASF10:
 632 018d 646F7562 		.ascii	"double\000"
 632      6C6500
 633              	.LASF20:
 634 0194 436F756E 		.ascii	"Counter_LED_RestoreConfig\000"
 634      7465725F 
 634      4C45445F 
 634      52657374 
 634      6F726543 
 635              	.LASF3:
 636 01ae 73686F72 		.ascii	"short unsigned int\000"
 636      7420756E 
 636      7369676E 
 636      65642069 
 636      6E7400
 637              	.LASF0:
 638 01c1 7369676E 		.ascii	"signed char\000"
 638      65642063 
 638      68617200 
 639              	.LASF17:
 640 01cd 436F756E 		.ascii	"CounterControlRegister\000"
 640      74657243 
 640      6F6E7472 
 640      6F6C5265 
 640      67697374 
 641              	.LASF22:
 642 01e4 436F756E 		.ascii	"Counter_LED_Wakeup\000"
 642      7465725F 
 642      4C45445F 
 642      57616B65 
 642      757000
 643              	.LASF2:
 644 01f7 73686F72 		.ascii	"short int\000"
 644      7420696E 
ARM GAS  C:\Users\GRAZIA~1.RAV\AppData\Local\Temp\ccay0crN.s 			page 17


 644      7400
 645              	.LASF13:
 646 0201 72656738 		.ascii	"reg8\000"
 646      00
 647              	.LASF16:
 648 0206 436F756E 		.ascii	"CounterUdb\000"
 648      74657255 
 648      646200
 649              	.LASF14:
 650 0211 73697A65 		.ascii	"sizetype\000"
 650      74797065 
 650      00
 651              	.LASF24:
 652 021a 2E5C4765 		.ascii	".\\Generated_Source\\PSoC5\\Counter_LED_PM.c\000"
 652      6E657261 
 652      7465645F 
 652      536F7572 
 652      63655C50 
 653              		.ident	"GCC: (GNU Tools for ARM Embedded Processors) 4.7.3 20130312 (release) [ARM/embedded-4_7-br
