--------------- Clean Started: 10/04/2018 16:35:14 Project: GobeeDir, Configuration: ARM GCC 4.7.3 Debug ---------------
Deleting file ".\CortexM3\ARM_GCC_473\Debug\main.o"
Deleting file ".\CortexM3\ARM_GCC_473\Debug\console.o"
Deleting file ".\CortexM3\ARM_GCC_473\Debug\gobeelib.o"
Deleting file ".\CortexM3\ARM_GCC_473\Debug\motor_CTRL.o"
Deleting file ".\CortexM3\ARM_GCC_473\Debug\sensor_CTRL.o"
Deleting file ".\CortexM3\ARM_GCC_473\Debug\pid_lib.o"
Deleting file ".\CortexM3\ARM_GCC_473\Debug\estimators.o"
Deleting file ".\CortexM3\ARM_GCC_473\Debug\ITG-3701.o"
Deleting file ".\CortexM3\ARM_GCC_473\Debug\My_I2C_lib.o"
Deleting file ".\CortexM3\ARM_GCC_473\Debug\mover.o"
Deleting file ".\CortexM3\ARM_GCC_473\Debug\clu.o"
Deleting file ".\CortexM3\ARM_GCC_473\Debug\gml.o"
Deleting file ".\CortexM3\ARM_GCC_473\Debug\torquestat.o"
Deleting file ".\CortexM3\ARM_GCC_473\Debug\cyfitter_cfg.o"
Deleting file ".\CortexM3\ARM_GCC_473\Debug\ADXL_X.o"
Deleting file ".\CortexM3\ARM_GCC_473\Debug\ADXL_Y.o"
Deleting file ".\CortexM3\ARM_GCC_473\Debug\ADC.o"
Deleting file ".\CortexM3\ARM_GCC_473\Debug\ADC_PM.o"
Deleting file ".\CortexM3\ARM_GCC_473\Debug\ADC_INT.o"
Deleting file ".\CortexM3\ARM_GCC_473\Debug\UART_USB.o"
Deleting file ".\CortexM3\ARM_GCC_473\Debug\UART_USB_PM.o"
Deleting file ".\CortexM3\ARM_GCC_473\Debug\UART_USB_INT.o"
Deleting file ".\CortexM3\ARM_GCC_473\Debug\UART_USB_BOOT.o"
Deleting file ".\CortexM3\ARM_GCC_473\Debug\VREF.o"
Deleting file ".\CortexM3\ARM_GCC_473\Debug\Control_Reg_LED.o"
Deleting file ".\CortexM3\ARM_GCC_473\Debug\LED_OK.o"
Deleting file ".\CortexM3\ARM_GCC_473\Debug\EEPROM.o"
Deleting file ".\CortexM3\ARM_GCC_473\Debug\AMuxSeq.o"
Deleting file ".\CortexM3\ARM_GCC_473\Debug\isr_CTRL.o"
Deleting file ".\CortexM3\ARM_GCC_473\Debug\Clock_CTRL.o"
Deleting file ".\CortexM3\ARM_GCC_473\Debug\Status_Reg_BUTTON.o"
Deleting file ".\CortexM3\ARM_GCC_473\Debug\Counter_LED.o"
Deleting file ".\CortexM3\ARM_GCC_473\Debug\Counter_LED_PM.o"
Deleting file ".\CortexM3\ARM_GCC_473\Debug\LED_FAULT.o"
Deleting file ".\CortexM3\ARM_GCC_473\Debug\ADC_theACLK.o"
Deleting file ".\CortexM3\ARM_GCC_473\Debug\ADC_Ext_CP_Clk.o"
Deleting file ".\CortexM3\ARM_GCC_473\Debug\UART_USB_IntClock.o"
Deleting file ".\CortexM3\ARM_GCC_473\Debug\Cm3Start.o"
Deleting file ".\CortexM3\ARM_GCC_473\Debug\CyBootAsmGnu.o"
Deleting file ".\CortexM3\ARM_GCC_473\Debug\CyDmac.o"
Deleting file ".\CortexM3\ARM_GCC_473\Debug\CyFlash.o"
Deleting file ".\CortexM3\ARM_GCC_473\Debug\CyLib.o"
Deleting file ".\CortexM3\ARM_GCC_473\Debug\cyPm.o"
Deleting file ".\CortexM3\ARM_GCC_473\Debug\CySpc.o"
Deleting file ".\CortexM3\ARM_GCC_473\Debug\cyutils.o"
Deleting file ".\CortexM3\ARM_GCC_473\Debug\nBUTTON_PUSH.o"
Deleting file ".\CortexM3\ARM_GCC_473\Debug\nBUTTON_CW.o"
Deleting file ".\CortexM3\ARM_GCC_473\Debug\SENSE_VCC.o"
Deleting file ".\CortexM3\ARM_GCC_473\Debug\ADXL_Z.o"
Deleting file ".\CortexM3\ARM_GCC_473\Debug\nBUTTON_CCW.o"
Deleting file ".\CortexM3\ARM_GCC_473\Debug\Control_Reg_BUZ.o"
Deleting file ".\CortexM3\ARM_GCC_473\Debug\BUZ.o"
Deleting file ".\CortexM3\ARM_GCC_473\Debug\Control_Reg_MOTOR.o"
Deleting file ".\CortexM3\ARM_GCC_473\Debug\QuadDec_PAN.o"
Deleting file ".\CortexM3\ARM_GCC_473\Debug\QuadDec_PAN_INT.o"
Deleting file ".\CortexM3\ARM_GCC_473\Debug\QuadDec_PAN_PM.o"
Deleting file ".\CortexM3\ARM_GCC_473\Debug\QuadDec_PAN_isr.o"
Deleting file ".\CortexM3\ARM_GCC_473\Debug\QuadDec_PAN_Cnt16.o"
Deleting file ".\CortexM3\ARM_GCC_473\Debug\QuadDec_PAN_Cnt16_PM.o"
Deleting file ".\CortexM3\ARM_GCC_473\Debug\MOT_SLEEPn.o"
Deleting file ".\CortexM3\ARM_GCC_473\Debug\ITG_INT.o"
Deleting file ".\CortexM3\ARM_GCC_473\Debug\Control_Reg_SYS.o"
Deleting file ".\CortexM3\ARM_GCC_473\Debug\V5_PHER_nSHDN.o"
Deleting file ".\CortexM3\ARM_GCC_473\Debug\V3_nSHDN.o"
Deleting file ".\CortexM3\ARM_GCC_473\Debug\ADXL_ST.o"
Deleting file ".\CortexM3\ARM_GCC_473\Debug\BAT_FAULTn.o"
Deleting file ".\CortexM3\ARM_GCC_473\Debug\BAT_CHRGn.o"
Deleting file ".\CortexM3\ARM_GCC_473\Debug\cymetadata.o"
Deleting file ".\CortexM3\ARM_GCC_473\Debug\ADC_IRQ.o"
Deleting file ".\CortexM3\ARM_GCC_473\Debug\isr_Ticks.o"
Deleting file ".\CortexM3\ARM_GCC_473\Debug\PWM_MOTOR_PAN.o"
Deleting file ".\CortexM3\ARM_GCC_473\Debug\PWM_MOTOR_PAN_PM.o"
Deleting file ".\CortexM3\ARM_GCC_473\Debug\isr_BUTTON.o"
Deleting file ".\CortexM3\ARM_GCC_473\Debug\WaveDAC8.o"
Deleting file ".\CortexM3\ARM_GCC_473\Debug\WaveDAC8_PM.o"
Deleting file ".\CortexM3\ARM_GCC_473\Debug\WaveDAC8_DacClk.o"
Deleting file ".\CortexM3\ARM_GCC_473\Debug\WaveDAC8_Wave1_DMA_dma.o"
Deleting file ".\CortexM3\ARM_GCC_473\Debug\WaveDAC8_Wave2_DMA_dma.o"
Deleting file ".\CortexM3\ARM_GCC_473\Debug\WaveDAC8_VDAC8.o"
Deleting file ".\CortexM3\ARM_GCC_473\Debug\WaveDAC8_VDAC8_PM.o"
Deleting file ".\CortexM3\ARM_GCC_473\Debug\WaveDAC8_BuffAmp.o"
Deleting file ".\CortexM3\ARM_GCC_473\Debug\WaveDAC8_BuffAmp_PM.o"
Deleting file ".\CortexM3\ARM_GCC_473\Debug\VDAC8_ANAPOS.o"
Deleting file ".\CortexM3\ARM_GCC_473\Debug\VDAC8_ANAPOS_PM.o"
Deleting file ".\CortexM3\ARM_GCC_473\Debug\isr_EVENTS_IDENTIF.o"
Deleting file ".\CortexM3\ARM_GCC_473\Debug\PAN_ENCA.o"
Deleting file ".\CortexM3\ARM_GCC_473\Debug\PAN_ENCB.o"
Deleting file ".\CortexM3\ARM_GCC_473\Debug\CC_SCL.o"
Deleting file ".\CortexM3\ARM_GCC_473\Debug\CC_SDA.o"
Deleting file ".\CortexM3\ARM_GCC_473\Debug\I2C_COULOMB.o"
Deleting file ".\CortexM3\ARM_GCC_473\Debug\I2C_COULOMB_BOOT.o"
Deleting file ".\CortexM3\ARM_GCC_473\Debug\I2C_COULOMB_INT.o"
Deleting file ".\CortexM3\ARM_GCC_473\Debug\I2C_COULOMB_PM.o"
Deleting file ".\CortexM3\ARM_GCC_473\Debug\I2C_COULOMB_SLAVE.o"
Deleting file ".\CortexM3\ARM_GCC_473\Debug\I2C_COULOMB_MASTER.o"
Deleting file ".\CortexM3\ARM_GCC_473\Debug\PAN_MOT_FL.o"
Deleting file ".\CortexM3\ARM_GCC_473\Debug\PAN_MOT_IN1.o"
Deleting file ".\CortexM3\ARM_GCC_473\Debug\PAN_MOT_IN2.o"
Deleting file ".\CortexM3\ARM_GCC_473\Debug\TILT_ENCA.o"
Deleting file ".\CortexM3\ARM_GCC_473\Debug\QuadDec_TILT.o"
Deleting file ".\CortexM3\ARM_GCC_473\Debug\QuadDec_TILT_INT.o"
Deleting file ".\CortexM3\ARM_GCC_473\Debug\QuadDec_TILT_PM.o"
Deleting file ".\CortexM3\ARM_GCC_473\Debug\Clock_2.o"
Deleting file ".\CortexM3\ARM_GCC_473\Debug\CC_nALCC.o"
Deleting file ".\CortexM3\ARM_GCC_473\Debug\TILT_MOT_FL.o"
Deleting file ".\CortexM3\ARM_GCC_473\Debug\TILT_ENCB.o"
Deleting file ".\CortexM3\ARM_GCC_473\Debug\PWM_MOTOR_TILT.o"
Deleting file ".\CortexM3\ARM_GCC_473\Debug\PWM_MOTOR_TILT_PM.o"
Deleting file ".\CortexM3\ARM_GCC_473\Debug\TILT_MOT_IN1.o"
Deleting file ".\CortexM3\ARM_GCC_473\Debug\TILT_MOT_IN2.o"
Deleting file ".\CortexM3\ARM_GCC_473\Debug\QuadDec_TILT_isr.o"
Deleting file ".\CortexM3\ARM_GCC_473\Debug\QuadDec_TILT_Cnt16.o"
Deleting file ".\CortexM3\ARM_GCC_473\Debug\QuadDec_TILT_Cnt16_PM.o"
Deleting file ".\CortexM3\ARM_GCC_473\Debug\Status_Reg_SYS.o"
Deleting file ".\CortexM3\ARM_GCC_473\Debug\SENSE_IPAN.o"
Deleting file ".\CortexM3\ARM_GCC_473\Debug\SENSE_ITILT.o"
Deleting file ".\CortexM3\ARM_GCC_473\Debug\ANAPOS_OUTPUT.o"
Deleting file ".\CortexM3\ARM_GCC_473\Debug\ASTIM_OUTPUT.o"
Deleting file ".\CortexM3\ARM_GCC_473\Debug\PGA_ASTIM.o"
Deleting file ".\CortexM3\ARM_GCC_473\Debug\PGA_ASTIM_PM.o"
Deleting file ".\CortexM3\ARM_GCC_473\Debug\HOME_PAN.o"
Deleting file ".\CortexM3\ARM_GCC_473\Debug\Clock_SYS.o"
Deleting file ".\CortexM3\ARM_GCC_473\Debug\HOME_TILT.o"
Deleting file ".\CortexM3\ARM_GCC_473\Debug\UART_IMU.o"
Deleting file ".\CortexM3\ARM_GCC_473\Debug\UART_IMU_PM.o"
Deleting file ".\CortexM3\ARM_GCC_473\Debug\UART_IMU_INT.o"
Deleting file ".\CortexM3\ARM_GCC_473\Debug\UART_IMU_BOOT.o"
Deleting file ".\CortexM3\ARM_GCC_473\Debug\UART_IMU_IntClock.o"
Deleting file ".\CortexM3\ARM_GCC_473\Debug\LED_WIFI_OK.o"
Deleting file ".\CortexM3\ARM_GCC_473\Debug\LED_WIFI_FAULT.o"
Deleting file ".\CortexM3\ARM_GCC_473\Debug\DEBUG_LED.o"
Deleting file ".\CortexM3\ARM_GCC_473\Debug\Status_Reg_MOTORS.o"
Deleting file ".\CortexM3\ARM_GCC_473\Debug\isr_CLU_EXEC.o"
Deleting file ".\CortexM3\ARM_GCC_473\Debug\UART_LORA.o"
Deleting file ".\CortexM3\ARM_GCC_473\Debug\UART_LORA_PM.o"
Deleting file ".\CortexM3\ARM_GCC_473\Debug\UART_LORA_INT.o"
Deleting file ".\CortexM3\ARM_GCC_473\Debug\UART_LORA_BOOT.o"
Deleting file ".\CortexM3\ARM_GCC_473\Debug\UART_LORA_IntClock.o"
Deleting file ".\CortexM3\ARM_GCC_473\Debug\UART_4D_DISPLAY.o"
Deleting file ".\CortexM3\ARM_GCC_473\Debug\UART_4D_DISPLAY_PM.o"
Deleting file ".\CortexM3\ARM_GCC_473\Debug\UART_4D_DISPLAY_INT.o"
Deleting file ".\CortexM3\ARM_GCC_473\Debug\UART_4D_DISPLAY_BOOT.o"
Deleting file ".\CortexM3\ARM_GCC_473\Debug\IMU_UM7_RX.o"
Deleting file ".\CortexM3\ARM_GCC_473\Debug\IMU_UM7_TX.o"
Deleting file ".\CortexM3\ARM_GCC_473\Debug\Control_Reg_LORA.o"
Deleting file ".\CortexM3\ARM_GCC_473\Debug\Control_Reg_4D_SEL.o"
Deleting file ".\CortexM3\ARM_GCC_473\Debug\UART_4D_DISPLAY_IntClock.o"
Deleting file ".\CortexM3\ARM_GCC_473\Debug\isr_1.o"
Deleting file ".\CortexM3\ARM_GCC_473\Debug\Control_Reg_LORA_RESET.o"
Deleting file ".\CortexM3\ARM_GCC_473\Debug\GobeeDir.hex"
Deleting file ".\CortexM3\ARM_GCC_473\Debug\GobeeDir.elf"
Deleting file ".\CortexM3\ARM_GCC_473\Debug\GobeeDir.map"
Deleting file ".\GobeeDir.cycdx"
Deleting file ".\GobeeDir.svd"
Deleting file ".\GobeeDir.rpt"
Deleting file ".\GobeeDir_timing.html"
Deleting file ".\CortexM3\ARM_GCC_473\Debug\.deps\C_FILE.P"
Deleting file ".\CortexM3\ARM_GCC_473\Debug\.deps\ARM_C_FILE.P"
Deleting file ".\CortexM3\ARM_GCC_473\Debug\.deps\GNU_ARM_ASM_FILE.P"
--------------- Clean Succeeded: 10/04/2018 16:35:16 ---------------
