ARM GAS  C:\Users\GRAZIA~1.RAV\AppData\Local\Temp\cccvCYIm.s 			page 1


   1              		.syntax unified
   2              		.cpu cortex-m3
   3              		.fpu softvfp
   4              		.eabi_attribute 20, 1
   5              		.eabi_attribute 21, 1
   6              		.eabi_attribute 23, 3
   7              		.eabi_attribute 24, 1
   8              		.eabi_attribute 25, 1
   9              		.eabi_attribute 26, 1
  10              		.eabi_attribute 30, 6
  11              		.eabi_attribute 34, 1
  12              		.eabi_attribute 18, 4
  13              		.thumb
  14              		.file	"IMU_UM7_CBUFFER.c"
  15              		.text
  16              	.Ltext0:
  17              		.cfi_sections	.debug_frame
  18              		.bss
  19              		.align	2
  20              	IMU_UM7_CBUFFER_data:
  21 0000 00000000 		.space	128
  21      00000000 
  21      00000000 
  21      00000000 
  21      00000000 
  22              		.align	2
  23              	IMU_UM7_CBUFFER_cbuffer:
  24 0080 00000000 		.space	12
  24      00000000 
  24      00000000 
  25              		.section	.text.IMU_UM7_CBUFFER_Init,"ax",%progbits
  26              		.align	2
  27              		.global	IMU_UM7_CBUFFER_Init
  28              		.thumb
  29              		.thumb_func
  30              		.type	IMU_UM7_CBUFFER_Init, %function
  31              	IMU_UM7_CBUFFER_Init:
  32              	.LFB0:
  33              		.file 1 ".\\Generated_Source\\PSoC5\\IMU_UM7_CBUFFER.c"
   1:.\Generated_Source\PSoC5/IMU_UM7_CBUFFER.c **** /**************************************************************************************************
   2:.\Generated_Source\PSoC5/IMU_UM7_CBUFFER.c ****   
   3:.\Generated_Source\PSoC5/IMU_UM7_CBUFFER.c ****   CBuffer Component v0.10B
   4:.\Generated_Source\PSoC5/IMU_UM7_CBUFFER.c ****   (c) 2013-14 Movie Engineering
   5:.\Generated_Source\PSoC5/IMU_UM7_CBUFFER.c ****  
   6:.\Generated_Source\PSoC5/IMU_UM7_CBUFFER.c ****   Vedi header file.
   7:.\Generated_Source\PSoC5/IMU_UM7_CBUFFER.c ****   
   8:.\Generated_Source\PSoC5/IMU_UM7_CBUFFER.c **** ***************************************************************************************************
   9:.\Generated_Source\PSoC5/IMU_UM7_CBUFFER.c **** 
  10:.\Generated_Source\PSoC5/IMU_UM7_CBUFFER.c **** #include "IMU_UM7_CBUFFER.h"
  11:.\Generated_Source\PSoC5/IMU_UM7_CBUFFER.c **** 
  12:.\Generated_Source\PSoC5/IMU_UM7_CBUFFER.c **** // Buffer dati privato del componente (impostabile da schema) 
  13:.\Generated_Source\PSoC5/IMU_UM7_CBUFFER.c **** static BYTE IMU_UM7_CBUFFER_data[128];    
  14:.\Generated_Source\PSoC5/IMU_UM7_CBUFFER.c **** 
  15:.\Generated_Source\PSoC5/IMU_UM7_CBUFFER.c **** // Struttura dati privata del componente
  16:.\Generated_Source\PSoC5/IMU_UM7_CBUFFER.c **** static CBUFFER IMU_UM7_CBUFFER_cbuffer ;             
  17:.\Generated_Source\PSoC5/IMU_UM7_CBUFFER.c **** 
  18:.\Generated_Source\PSoC5/IMU_UM7_CBUFFER.c **** ///////////////////////////////////////////////////////////////////////////////////////////////////
ARM GAS  C:\Users\GRAZIA~1.RAV\AppData\Local\Temp\cccvCYIm.s 			page 2


  19:.\Generated_Source\PSoC5/IMU_UM7_CBUFFER.c **** 
  20:.\Generated_Source\PSoC5/IMU_UM7_CBUFFER.c **** void IMU_UM7_CBUFFER_Init(void)
  21:.\Generated_Source\PSoC5/IMU_UM7_CBUFFER.c **** {
  34              		.loc 1 21 0
  35              		.cfi_startproc
  36              		@ args = 0, pretend = 0, frame = 0
  37              		@ frame_needed = 1, uses_anonymous_args = 0
  38 0000 80B5     		push	{r7, lr}
  39              	.LCFI0:
  40              		.cfi_def_cfa_offset 8
  41              		.cfi_offset 7, -8
  42              		.cfi_offset 14, -4
  43 0002 00AF     		add	r7, sp, #0
  44              	.LCFI1:
  45              		.cfi_def_cfa_register 7
  22:.\Generated_Source\PSoC5/IMU_UM7_CBUFFER.c ****     CBuffer_Init(&IMU_UM7_CBUFFER_cbuffer, (BYTE *) &IMU_UM7_CBUFFER_data, 128);
  46              		.loc 1 22 0
  47 0004 40F20000 		movw	r0, #:lower16:IMU_UM7_CBUFFER_cbuffer
  48 0008 C0F20000 		movt	r0, #:upper16:IMU_UM7_CBUFFER_cbuffer
  49 000c 40F20001 		movw	r1, #:lower16:IMU_UM7_CBUFFER_data
  50 0010 C0F20001 		movt	r1, #:upper16:IMU_UM7_CBUFFER_data
  51 0014 4FF08002 		mov	r2, #128
  52 0018 FFF7FEFF 		bl	CBuffer_Init
  23:.\Generated_Source\PSoC5/IMU_UM7_CBUFFER.c **** }
  53              		.loc 1 23 0
  54 001c 80BD     		pop	{r7, pc}
  55              		.cfi_endproc
  56              	.LFE0:
  57              		.size	IMU_UM7_CBUFFER_Init, .-IMU_UM7_CBUFFER_Init
  58 001e 00BF     		.section	.text.IMU_UM7_CBUFFER_PutByte,"ax",%progbits
  59              		.align	2
  60              		.global	IMU_UM7_CBUFFER_PutByte
  61              		.thumb
  62              		.thumb_func
  63              		.type	IMU_UM7_CBUFFER_PutByte, %function
  64              	IMU_UM7_CBUFFER_PutByte:
  65              	.LFB1:
  24:.\Generated_Source\PSoC5/IMU_UM7_CBUFFER.c **** 
  25:.\Generated_Source\PSoC5/IMU_UM7_CBUFFER.c **** ///////////////////////////////////////////////////////////////////////////////////////////////////
  26:.\Generated_Source\PSoC5/IMU_UM7_CBUFFER.c **** 
  27:.\Generated_Source\PSoC5/IMU_UM7_CBUFFER.c **** void IMU_UM7_CBUFFER_PutByte(BYTE b)
  28:.\Generated_Source\PSoC5/IMU_UM7_CBUFFER.c **** {
  66              		.loc 1 28 0
  67              		.cfi_startproc
  68              		@ args = 0, pretend = 0, frame = 8
  69              		@ frame_needed = 1, uses_anonymous_args = 0
  70 0000 80B5     		push	{r7, lr}
  71              	.LCFI2:
  72              		.cfi_def_cfa_offset 8
  73              		.cfi_offset 7, -8
  74              		.cfi_offset 14, -4
  75 0002 82B0     		sub	sp, sp, #8
  76              	.LCFI3:
  77              		.cfi_def_cfa_offset 16
  78 0004 00AF     		add	r7, sp, #0
  79              	.LCFI4:
  80              		.cfi_def_cfa_register 7
ARM GAS  C:\Users\GRAZIA~1.RAV\AppData\Local\Temp\cccvCYIm.s 			page 3


  81 0006 0346     		mov	r3, r0
  82 0008 FB71     		strb	r3, [r7, #7]
  29:.\Generated_Source\PSoC5/IMU_UM7_CBUFFER.c ****     CBuffer_PutByte(&IMU_UM7_CBUFFER_cbuffer, b);
  83              		.loc 1 29 0
  84 000a FB79     		ldrb	r3, [r7, #7]	@ zero_extendqisi2
  85 000c 40F20000 		movw	r0, #:lower16:IMU_UM7_CBUFFER_cbuffer
  86 0010 C0F20000 		movt	r0, #:upper16:IMU_UM7_CBUFFER_cbuffer
  87 0014 1946     		mov	r1, r3
  88 0016 FFF7FEFF 		bl	CBuffer_PutByte
  30:.\Generated_Source\PSoC5/IMU_UM7_CBUFFER.c **** }
  89              		.loc 1 30 0
  90 001a 07F10807 		add	r7, r7, #8
  91 001e BD46     		mov	sp, r7
  92 0020 80BD     		pop	{r7, pc}
  93              		.cfi_endproc
  94              	.LFE1:
  95              		.size	IMU_UM7_CBUFFER_PutByte, .-IMU_UM7_CBUFFER_PutByte
  96 0022 00BF     		.section	.text.IMU_UM7_CBUFFER_GetByte,"ax",%progbits
  97              		.align	2
  98              		.global	IMU_UM7_CBUFFER_GetByte
  99              		.thumb
 100              		.thumb_func
 101              		.type	IMU_UM7_CBUFFER_GetByte, %function
 102              	IMU_UM7_CBUFFER_GetByte:
 103              	.LFB2:
  31:.\Generated_Source\PSoC5/IMU_UM7_CBUFFER.c **** 
  32:.\Generated_Source\PSoC5/IMU_UM7_CBUFFER.c **** ///////////////////////////////////////////////////////////////////////////////////////////////////
  33:.\Generated_Source\PSoC5/IMU_UM7_CBUFFER.c **** 
  34:.\Generated_Source\PSoC5/IMU_UM7_CBUFFER.c **** BYTE IMU_UM7_CBUFFER_GetByte(void)
  35:.\Generated_Source\PSoC5/IMU_UM7_CBUFFER.c **** {
 104              		.loc 1 35 0
 105              		.cfi_startproc
 106              		@ args = 0, pretend = 0, frame = 0
 107              		@ frame_needed = 1, uses_anonymous_args = 0
 108 0000 80B5     		push	{r7, lr}
 109              	.LCFI5:
 110              		.cfi_def_cfa_offset 8
 111              		.cfi_offset 7, -8
 112              		.cfi_offset 14, -4
 113 0002 00AF     		add	r7, sp, #0
 114              	.LCFI6:
 115              		.cfi_def_cfa_register 7
  36:.\Generated_Source\PSoC5/IMU_UM7_CBUFFER.c ****     return CBuffer_GetByte(&IMU_UM7_CBUFFER_cbuffer);
 116              		.loc 1 36 0
 117 0004 40F20000 		movw	r0, #:lower16:IMU_UM7_CBUFFER_cbuffer
 118 0008 C0F20000 		movt	r0, #:upper16:IMU_UM7_CBUFFER_cbuffer
 119 000c FFF7FEFF 		bl	CBuffer_GetByte
 120 0010 0346     		mov	r3, r0
  37:.\Generated_Source\PSoC5/IMU_UM7_CBUFFER.c **** }
 121              		.loc 1 37 0
 122 0012 1846     		mov	r0, r3
 123 0014 80BD     		pop	{r7, pc}
 124              		.cfi_endproc
 125              	.LFE2:
 126              		.size	IMU_UM7_CBUFFER_GetByte, .-IMU_UM7_CBUFFER_GetByte
 127 0016 00BF     		.section	.text.IMU_UM7_CBUFFER_AnyData,"ax",%progbits
 128              		.align	2
ARM GAS  C:\Users\GRAZIA~1.RAV\AppData\Local\Temp\cccvCYIm.s 			page 4


 129              		.global	IMU_UM7_CBUFFER_AnyData
 130              		.thumb
 131              		.thumb_func
 132              		.type	IMU_UM7_CBUFFER_AnyData, %function
 133              	IMU_UM7_CBUFFER_AnyData:
 134              	.LFB3:
  38:.\Generated_Source\PSoC5/IMU_UM7_CBUFFER.c **** 
  39:.\Generated_Source\PSoC5/IMU_UM7_CBUFFER.c **** ///////////////////////////////////////////////////////////////////////////////////////////////////
  40:.\Generated_Source\PSoC5/IMU_UM7_CBUFFER.c **** 
  41:.\Generated_Source\PSoC5/IMU_UM7_CBUFFER.c **** WORD IMU_UM7_CBUFFER_AnyData(void)
  42:.\Generated_Source\PSoC5/IMU_UM7_CBUFFER.c **** {
 135              		.loc 1 42 0
 136              		.cfi_startproc
 137              		@ args = 0, pretend = 0, frame = 0
 138              		@ frame_needed = 1, uses_anonymous_args = 0
 139 0000 80B5     		push	{r7, lr}
 140              	.LCFI7:
 141              		.cfi_def_cfa_offset 8
 142              		.cfi_offset 7, -8
 143              		.cfi_offset 14, -4
 144 0002 00AF     		add	r7, sp, #0
 145              	.LCFI8:
 146              		.cfi_def_cfa_register 7
  43:.\Generated_Source\PSoC5/IMU_UM7_CBUFFER.c ****     return CBuffer_AnyData(&IMU_UM7_CBUFFER_cbuffer);
 147              		.loc 1 43 0
 148 0004 40F20000 		movw	r0, #:lower16:IMU_UM7_CBUFFER_cbuffer
 149 0008 C0F20000 		movt	r0, #:upper16:IMU_UM7_CBUFFER_cbuffer
 150 000c FFF7FEFF 		bl	CBuffer_AnyData
 151 0010 0346     		mov	r3, r0
  44:.\Generated_Source\PSoC5/IMU_UM7_CBUFFER.c **** }
 152              		.loc 1 44 0
 153 0012 1846     		mov	r0, r3
 154 0014 80BD     		pop	{r7, pc}
 155              		.cfi_endproc
 156              	.LFE3:
 157              		.size	IMU_UM7_CBUFFER_AnyData, .-IMU_UM7_CBUFFER_AnyData
 158 0016 00BF     		.section	.text.IMU_UM7_CBUFFER_ERROR,"ax",%progbits
 159              		.align	2
 160              		.global	IMU_UM7_CBUFFER_ERROR
 161              		.thumb
 162              		.thumb_func
 163              		.type	IMU_UM7_CBUFFER_ERROR, %function
 164              	IMU_UM7_CBUFFER_ERROR:
 165              	.LFB4:
  45:.\Generated_Source\PSoC5/IMU_UM7_CBUFFER.c **** 
  46:.\Generated_Source\PSoC5/IMU_UM7_CBUFFER.c **** ///////////////////////////////////////////////////////////////////////////////////////////////////
  47:.\Generated_Source\PSoC5/IMU_UM7_CBUFFER.c **** 
  48:.\Generated_Source\PSoC5/IMU_UM7_CBUFFER.c **** BOOL IMU_UM7_CBUFFER_ERROR(void)
  49:.\Generated_Source\PSoC5/IMU_UM7_CBUFFER.c **** {
 166              		.loc 1 49 0
 167              		.cfi_startproc
 168              		@ args = 0, pretend = 0, frame = 0
 169              		@ frame_needed = 1, uses_anonymous_args = 0
 170              		@ link register save eliminated.
 171 0000 80B4     		push	{r7}
 172              	.LCFI9:
 173              		.cfi_def_cfa_offset 4
ARM GAS  C:\Users\GRAZIA~1.RAV\AppData\Local\Temp\cccvCYIm.s 			page 5


 174              		.cfi_offset 7, -4
 175 0002 00AF     		add	r7, sp, #0
 176              	.LCFI10:
 177              		.cfi_def_cfa_register 7
  50:.\Generated_Source\PSoC5/IMU_UM7_CBUFFER.c ****     return CBuffer_ERROR(&IMU_UM7_CBUFFER_cbuffer);
 178              		.loc 1 50 0
 179 0004 40F20003 		movw	r3, #:lower16:IMU_UM7_CBUFFER_cbuffer
 180 0008 C0F20003 		movt	r3, #:upper16:IMU_UM7_CBUFFER_cbuffer
 181 000c 9B7A     		ldrb	r3, [r3, #10]	@ zero_extendqisi2
 182 000e 002B     		cmp	r3, #0
 183 0010 0CBF     		ite	eq
 184 0012 0023     		moveq	r3, #0
 185 0014 0123     		movne	r3, #1
 186 0016 DBB2     		uxtb	r3, r3
  51:.\Generated_Source\PSoC5/IMU_UM7_CBUFFER.c **** }
 187              		.loc 1 51 0
 188 0018 1846     		mov	r0, r3
 189 001a BD46     		mov	sp, r7
 190 001c 80BC     		pop	{r7}
 191 001e 7047     		bx	lr
 192              		.cfi_endproc
 193              	.LFE4:
 194              		.size	IMU_UM7_CBUFFER_ERROR, .-IMU_UM7_CBUFFER_ERROR
 195              		.section	.text.IMU_UM7_CBUFFER_Status,"ax",%progbits
 196              		.align	2
 197              		.global	IMU_UM7_CBUFFER_Status
 198              		.thumb
 199              		.thumb_func
 200              		.type	IMU_UM7_CBUFFER_Status, %function
 201              	IMU_UM7_CBUFFER_Status:
 202              	.LFB5:
  52:.\Generated_Source\PSoC5/IMU_UM7_CBUFFER.c **** 
  53:.\Generated_Source\PSoC5/IMU_UM7_CBUFFER.c **** ///////////////////////////////////////////////////////////////////////////////////////////////////
  54:.\Generated_Source\PSoC5/IMU_UM7_CBUFFER.c **** 
  55:.\Generated_Source\PSoC5/IMU_UM7_CBUFFER.c **** CBUFFER_STATUS IMU_UM7_CBUFFER_Status(void)
  56:.\Generated_Source\PSoC5/IMU_UM7_CBUFFER.c **** {
 203              		.loc 1 56 0
 204              		.cfi_startproc
 205              		@ args = 0, pretend = 0, frame = 0
 206              		@ frame_needed = 1, uses_anonymous_args = 0
 207              		@ link register save eliminated.
 208 0000 80B4     		push	{r7}
 209              	.LCFI11:
 210              		.cfi_def_cfa_offset 4
 211              		.cfi_offset 7, -4
 212 0002 00AF     		add	r7, sp, #0
 213              	.LCFI12:
 214              		.cfi_def_cfa_register 7
  57:.\Generated_Source\PSoC5/IMU_UM7_CBUFFER.c ****     return IMU_UM7_CBUFFER_cbuffer.status ;
 215              		.loc 1 57 0
 216 0004 40F20003 		movw	r3, #:lower16:IMU_UM7_CBUFFER_cbuffer
 217 0008 C0F20003 		movt	r3, #:upper16:IMU_UM7_CBUFFER_cbuffer
 218 000c 9B7A     		ldrb	r3, [r3, #10]	@ zero_extendqisi2
  58:.\Generated_Source\PSoC5/IMU_UM7_CBUFFER.c **** }
 219              		.loc 1 58 0
 220 000e 1846     		mov	r0, r3
 221 0010 BD46     		mov	sp, r7
ARM GAS  C:\Users\GRAZIA~1.RAV\AppData\Local\Temp\cccvCYIm.s 			page 6


 222 0012 80BC     		pop	{r7}
 223 0014 7047     		bx	lr
 224              		.cfi_endproc
 225              	.LFE5:
 226              		.size	IMU_UM7_CBUFFER_Status, .-IMU_UM7_CBUFFER_Status
 227 0016 00BF     		.text
 228              	.Letext0:
 229              		.file 2 "./ME_common.h"
 230              		.file 3 "./ME_lib_cbuffer.h"
 231              		.section	.debug_info,"",%progbits
 232              	.Ldebug_info0:
 233 0000 29020000 		.4byte	0x229
 234 0004 0200     		.2byte	0x2
 235 0006 00000000 		.4byte	.Ldebug_abbrev0
 236 000a 04       		.byte	0x4
 237 000b 01       		.uleb128 0x1
 238 000c 44020000 		.4byte	.LASF33
 239 0010 01       		.byte	0x1
 240 0011 A0000000 		.4byte	.LASF34
 241 0015 FC000000 		.4byte	.LASF35
 242 0019 00000000 		.4byte	.Ldebug_ranges0+0
 243 001d 00000000 		.4byte	0
 244 0021 00000000 		.4byte	0
 245 0025 00000000 		.4byte	.Ldebug_line0
 246 0029 02       		.uleb128 0x2
 247 002a 01       		.byte	0x1
 248 002b 06       		.byte	0x6
 249 002c A4020000 		.4byte	.LASF0
 250 0030 02       		.uleb128 0x2
 251 0031 01       		.byte	0x1
 252 0032 08       		.byte	0x8
 253 0033 D2000000 		.4byte	.LASF1
 254 0037 02       		.uleb128 0x2
 255 0038 02       		.byte	0x2
 256 0039 05       		.byte	0x5
 257 003a 22020000 		.4byte	.LASF2
 258 003e 02       		.uleb128 0x2
 259 003f 02       		.byte	0x2
 260 0040 07       		.byte	0x7
 261 0041 75000000 		.4byte	.LASF3
 262 0045 02       		.uleb128 0x2
 263 0046 04       		.byte	0x4
 264 0047 05       		.byte	0x5
 265 0048 96020000 		.4byte	.LASF4
 266 004c 02       		.uleb128 0x2
 267 004d 04       		.byte	0x4
 268 004e 07       		.byte	0x7
 269 004f 53000000 		.4byte	.LASF5
 270 0053 02       		.uleb128 0x2
 271 0054 08       		.byte	0x8
 272 0055 05       		.byte	0x5
 273 0056 E9010000 		.4byte	.LASF6
 274 005a 02       		.uleb128 0x2
 275 005b 08       		.byte	0x8
 276 005c 07       		.byte	0x7
 277 005d 91010000 		.4byte	.LASF7
 278 0061 03       		.uleb128 0x3
ARM GAS  C:\Users\GRAZIA~1.RAV\AppData\Local\Temp\cccvCYIm.s 			page 7


 279 0062 04       		.byte	0x4
 280 0063 05       		.byte	0x5
 281 0064 696E7400 		.ascii	"int\000"
 282 0068 02       		.uleb128 0x2
 283 0069 04       		.byte	0x4
 284 006a 07       		.byte	0x7
 285 006b 15020000 		.4byte	.LASF8
 286 006f 02       		.uleb128 0x2
 287 0070 04       		.byte	0x4
 288 0071 04       		.byte	0x4
 289 0072 48000000 		.4byte	.LASF9
 290 0076 02       		.uleb128 0x2
 291 0077 08       		.byte	0x8
 292 0078 04       		.byte	0x4
 293 0079 E0000000 		.4byte	.LASF10
 294 007d 02       		.uleb128 0x2
 295 007e 01       		.byte	0x1
 296 007f 08       		.byte	0x8
 297 0080 9F020000 		.4byte	.LASF11
 298 0084 02       		.uleb128 0x2
 299 0085 04       		.byte	0x4
 300 0086 07       		.byte	0x7
 301 0087 E0010000 		.4byte	.LASF12
 302 008b 04       		.uleb128 0x4
 303 008c 0F000000 		.4byte	.LASF13
 304 0090 02       		.byte	0x2
 305 0091 34       		.byte	0x34
 306 0092 30000000 		.4byte	0x30
 307 0096 04       		.uleb128 0x4
 308 0097 05000000 		.4byte	.LASF14
 309 009b 02       		.byte	0x2
 310 009c 35       		.byte	0x35
 311 009d 3E000000 		.4byte	0x3e
 312 00a1 05       		.uleb128 0x5
 313 00a2 0A000000 		.4byte	.LASF17
 314 00a6 01       		.byte	0x1
 315 00a7 02       		.byte	0x2
 316 00a8 3D       		.byte	0x3d
 317 00a9 BA000000 		.4byte	0xba
 318 00ad 06       		.uleb128 0x6
 319 00ae 0F020000 		.4byte	.LASF15
 320 00b2 00       		.sleb128 0
 321 00b3 06       		.uleb128 0x6
 322 00b4 00000000 		.4byte	.LASF16
 323 00b8 01       		.sleb128 1
 324 00b9 00       		.byte	0
 325 00ba 04       		.uleb128 0x4
 326 00bb 0A000000 		.4byte	.LASF17
 327 00bf 02       		.byte	0x2
 328 00c0 41       		.byte	0x41
 329 00c1 A1000000 		.4byte	0xa1
 330 00c5 05       		.uleb128 0x5
 331 00c6 D1010000 		.4byte	.LASF18
 332 00ca 01       		.byte	0x1
 333 00cb 03       		.byte	0x3
 334 00cc 3B       		.byte	0x3b
 335 00cd E6000000 		.4byte	0xe6
ARM GAS  C:\Users\GRAZIA~1.RAV\AppData\Local\Temp\cccvCYIm.s 			page 8


 336 00d1 06       		.uleb128 0x6
 337 00d2 65000000 		.4byte	.LASF19
 338 00d6 00       		.sleb128 0
 339 00d7 06       		.uleb128 0x6
 340 00d8 6C010000 		.4byte	.LASF20
 341 00dc FF01     		.sleb128 255
 342 00de 06       		.uleb128 0x6
 343 00df A8010000 		.4byte	.LASF21
 344 00e3 EE01     		.sleb128 238
 345 00e5 00       		.byte	0
 346 00e6 04       		.uleb128 0x4
 347 00e7 D1010000 		.4byte	.LASF18
 348 00eb 03       		.byte	0x3
 349 00ec 40       		.byte	0x40
 350 00ed C5000000 		.4byte	0xc5
 351 00f1 07       		.uleb128 0x7
 352 00f2 B0020000 		.4byte	.LASF26
 353 00f6 0C       		.byte	0xc
 354 00f7 03       		.byte	0x3
 355 00f8 44       		.byte	0x44
 356 00f9 44010000 		.4byte	0x144
 357 00fd 08       		.uleb128 0x8
 358 00fe 8D020000 		.4byte	.LASF22
 359 0102 03       		.byte	0x3
 360 0103 46       		.byte	0x46
 361 0104 44010000 		.4byte	0x144
 362 0108 02       		.byte	0x2
 363 0109 23       		.byte	0x23
 364 010a 00       		.uleb128 0
 365 010b 09       		.uleb128 0x9
 366 010c 746F7000 		.ascii	"top\000"
 367 0110 03       		.byte	0x3
 368 0111 47       		.byte	0x47
 369 0112 96000000 		.4byte	0x96
 370 0116 02       		.byte	0x2
 371 0117 23       		.byte	0x23
 372 0118 04       		.uleb128 0x4
 373 0119 08       		.uleb128 0x8
 374 011a CB000000 		.4byte	.LASF23
 375 011e 03       		.byte	0x3
 376 011f 47       		.byte	0x47
 377 0120 96000000 		.4byte	0x96
 378 0124 02       		.byte	0x2
 379 0125 23       		.byte	0x23
 380 0126 06       		.uleb128 0x6
 381 0127 08       		.uleb128 0x8
 382 0128 4E000000 		.4byte	.LASF24
 383 012c 03       		.byte	0x3
 384 012d 47       		.byte	0x47
 385 012e 96000000 		.4byte	0x96
 386 0132 02       		.byte	0x2
 387 0133 23       		.byte	0x23
 388 0134 08       		.uleb128 0x8
 389 0135 08       		.uleb128 0x8
 390 0136 2A000000 		.4byte	.LASF25
 391 013a 03       		.byte	0x3
 392 013b 48       		.byte	0x48
ARM GAS  C:\Users\GRAZIA~1.RAV\AppData\Local\Temp\cccvCYIm.s 			page 9


 393 013c E6000000 		.4byte	0xe6
 394 0140 02       		.byte	0x2
 395 0141 23       		.byte	0x23
 396 0142 0A       		.uleb128 0xa
 397 0143 00       		.byte	0
 398 0144 0A       		.uleb128 0xa
 399 0145 04       		.byte	0x4
 400 0146 8B000000 		.4byte	0x8b
 401 014a 04       		.uleb128 0x4
 402 014b B0020000 		.4byte	.LASF26
 403 014f 03       		.byte	0x3
 404 0150 49       		.byte	0x49
 405 0151 F1000000 		.4byte	0xf1
 406 0155 0B       		.uleb128 0xb
 407 0156 01       		.byte	0x1
 408 0157 7C010000 		.4byte	.LASF36
 409 015b 01       		.byte	0x1
 410 015c 14       		.byte	0x14
 411 015d 01       		.byte	0x1
 412 015e 00000000 		.4byte	.LFB0
 413 0162 1E000000 		.4byte	.LFE0
 414 0166 00000000 		.4byte	.LLST0
 415 016a 01       		.byte	0x1
 416 016b 0C       		.uleb128 0xc
 417 016c 01       		.byte	0x1
 418 016d B9010000 		.4byte	.LASF37
 419 0171 01       		.byte	0x1
 420 0172 1B       		.byte	0x1b
 421 0173 01       		.byte	0x1
 422 0174 00000000 		.4byte	.LFB1
 423 0178 22000000 		.4byte	.LFE1
 424 017c 2C000000 		.4byte	.LLST1
 425 0180 01       		.byte	0x1
 426 0181 92010000 		.4byte	0x192
 427 0185 0D       		.uleb128 0xd
 428 0186 6200     		.ascii	"b\000"
 429 0188 01       		.byte	0x1
 430 0189 1B       		.byte	0x1b
 431 018a 8B000000 		.4byte	0x8b
 432 018e 02       		.byte	0x2
 433 018f 91       		.byte	0x91
 434 0190 77       		.sleb128 -9
 435 0191 00       		.byte	0
 436 0192 0E       		.uleb128 0xe
 437 0193 01       		.byte	0x1
 438 0194 F7010000 		.4byte	.LASF27
 439 0198 01       		.byte	0x1
 440 0199 22       		.byte	0x22
 441 019a 01       		.byte	0x1
 442 019b 8B000000 		.4byte	0x8b
 443 019f 00000000 		.4byte	.LFB2
 444 01a3 16000000 		.4byte	.LFE2
 445 01a7 64000000 		.4byte	.LLST2
 446 01ab 01       		.byte	0x1
 447 01ac 0E       		.uleb128 0xe
 448 01ad 01       		.byte	0x1
 449 01ae 88000000 		.4byte	.LASF28
ARM GAS  C:\Users\GRAZIA~1.RAV\AppData\Local\Temp\cccvCYIm.s 			page 10


 450 01b2 01       		.byte	0x1
 451 01b3 29       		.byte	0x29
 452 01b4 01       		.byte	0x1
 453 01b5 96000000 		.4byte	0x96
 454 01b9 00000000 		.4byte	.LFB3
 455 01bd 16000000 		.4byte	.LFE3
 456 01c1 90000000 		.4byte	.LLST3
 457 01c5 01       		.byte	0x1
 458 01c6 0F       		.uleb128 0xf
 459 01c7 01       		.byte	0x1
 460 01c8 14000000 		.4byte	.LASF29
 461 01cc 01       		.byte	0x1
 462 01cd 30       		.byte	0x30
 463 01ce 01       		.byte	0x1
 464 01cf BA000000 		.4byte	0xba
 465 01d3 00000000 		.4byte	.LFB4
 466 01d7 20000000 		.4byte	.LFE4
 467 01db BC000000 		.4byte	.LLST4
 468 01df 01       		.byte	0x1
 469 01e0 0F       		.uleb128 0xf
 470 01e1 01       		.byte	0x1
 471 01e2 31000000 		.4byte	.LASF30
 472 01e6 01       		.byte	0x1
 473 01e7 37       		.byte	0x37
 474 01e8 01       		.byte	0x1
 475 01e9 E6000000 		.4byte	0xe6
 476 01ed 00000000 		.4byte	.LFB5
 477 01f1 16000000 		.4byte	.LFE5
 478 01f5 E8000000 		.4byte	.LLST5
 479 01f9 01       		.byte	0x1
 480 01fa 10       		.uleb128 0x10
 481 01fb 8B000000 		.4byte	0x8b
 482 01ff 0A020000 		.4byte	0x20a
 483 0203 11       		.uleb128 0x11
 484 0204 84000000 		.4byte	0x84
 485 0208 7F       		.byte	0x7f
 486 0209 00       		.byte	0
 487 020a 12       		.uleb128 0x12
 488 020b E7000000 		.4byte	.LASF31
 489 020f 01       		.byte	0x1
 490 0210 0D       		.byte	0xd
 491 0211 FA010000 		.4byte	0x1fa
 492 0215 05       		.byte	0x5
 493 0216 03       		.byte	0x3
 494 0217 00000000 		.4byte	IMU_UM7_CBUFFER_data
 495 021b 12       		.uleb128 0x12
 496 021c 2C020000 		.4byte	.LASF32
 497 0220 01       		.byte	0x1
 498 0221 10       		.byte	0x10
 499 0222 4A010000 		.4byte	0x14a
 500 0226 05       		.byte	0x5
 501 0227 03       		.byte	0x3
 502 0228 80000000 		.4byte	IMU_UM7_CBUFFER_cbuffer
 503 022c 00       		.byte	0
 504              		.section	.debug_abbrev,"",%progbits
 505              	.Ldebug_abbrev0:
 506 0000 01       		.uleb128 0x1
ARM GAS  C:\Users\GRAZIA~1.RAV\AppData\Local\Temp\cccvCYIm.s 			page 11


 507 0001 11       		.uleb128 0x11
 508 0002 01       		.byte	0x1
 509 0003 25       		.uleb128 0x25
 510 0004 0E       		.uleb128 0xe
 511 0005 13       		.uleb128 0x13
 512 0006 0B       		.uleb128 0xb
 513 0007 03       		.uleb128 0x3
 514 0008 0E       		.uleb128 0xe
 515 0009 1B       		.uleb128 0x1b
 516 000a 0E       		.uleb128 0xe
 517 000b 55       		.uleb128 0x55
 518 000c 06       		.uleb128 0x6
 519 000d 11       		.uleb128 0x11
 520 000e 01       		.uleb128 0x1
 521 000f 52       		.uleb128 0x52
 522 0010 01       		.uleb128 0x1
 523 0011 10       		.uleb128 0x10
 524 0012 06       		.uleb128 0x6
 525 0013 00       		.byte	0
 526 0014 00       		.byte	0
 527 0015 02       		.uleb128 0x2
 528 0016 24       		.uleb128 0x24
 529 0017 00       		.byte	0
 530 0018 0B       		.uleb128 0xb
 531 0019 0B       		.uleb128 0xb
 532 001a 3E       		.uleb128 0x3e
 533 001b 0B       		.uleb128 0xb
 534 001c 03       		.uleb128 0x3
 535 001d 0E       		.uleb128 0xe
 536 001e 00       		.byte	0
 537 001f 00       		.byte	0
 538 0020 03       		.uleb128 0x3
 539 0021 24       		.uleb128 0x24
 540 0022 00       		.byte	0
 541 0023 0B       		.uleb128 0xb
 542 0024 0B       		.uleb128 0xb
 543 0025 3E       		.uleb128 0x3e
 544 0026 0B       		.uleb128 0xb
 545 0027 03       		.uleb128 0x3
 546 0028 08       		.uleb128 0x8
 547 0029 00       		.byte	0
 548 002a 00       		.byte	0
 549 002b 04       		.uleb128 0x4
 550 002c 16       		.uleb128 0x16
 551 002d 00       		.byte	0
 552 002e 03       		.uleb128 0x3
 553 002f 0E       		.uleb128 0xe
 554 0030 3A       		.uleb128 0x3a
 555 0031 0B       		.uleb128 0xb
 556 0032 3B       		.uleb128 0x3b
 557 0033 0B       		.uleb128 0xb
 558 0034 49       		.uleb128 0x49
 559 0035 13       		.uleb128 0x13
 560 0036 00       		.byte	0
 561 0037 00       		.byte	0
 562 0038 05       		.uleb128 0x5
 563 0039 04       		.uleb128 0x4
ARM GAS  C:\Users\GRAZIA~1.RAV\AppData\Local\Temp\cccvCYIm.s 			page 12


 564 003a 01       		.byte	0x1
 565 003b 03       		.uleb128 0x3
 566 003c 0E       		.uleb128 0xe
 567 003d 0B       		.uleb128 0xb
 568 003e 0B       		.uleb128 0xb
 569 003f 3A       		.uleb128 0x3a
 570 0040 0B       		.uleb128 0xb
 571 0041 3B       		.uleb128 0x3b
 572 0042 0B       		.uleb128 0xb
 573 0043 01       		.uleb128 0x1
 574 0044 13       		.uleb128 0x13
 575 0045 00       		.byte	0
 576 0046 00       		.byte	0
 577 0047 06       		.uleb128 0x6
 578 0048 28       		.uleb128 0x28
 579 0049 00       		.byte	0
 580 004a 03       		.uleb128 0x3
 581 004b 0E       		.uleb128 0xe
 582 004c 1C       		.uleb128 0x1c
 583 004d 0D       		.uleb128 0xd
 584 004e 00       		.byte	0
 585 004f 00       		.byte	0
 586 0050 07       		.uleb128 0x7
 587 0051 13       		.uleb128 0x13
 588 0052 01       		.byte	0x1
 589 0053 03       		.uleb128 0x3
 590 0054 0E       		.uleb128 0xe
 591 0055 0B       		.uleb128 0xb
 592 0056 0B       		.uleb128 0xb
 593 0057 3A       		.uleb128 0x3a
 594 0058 0B       		.uleb128 0xb
 595 0059 3B       		.uleb128 0x3b
 596 005a 0B       		.uleb128 0xb
 597 005b 01       		.uleb128 0x1
 598 005c 13       		.uleb128 0x13
 599 005d 00       		.byte	0
 600 005e 00       		.byte	0
 601 005f 08       		.uleb128 0x8
 602 0060 0D       		.uleb128 0xd
 603 0061 00       		.byte	0
 604 0062 03       		.uleb128 0x3
 605 0063 0E       		.uleb128 0xe
 606 0064 3A       		.uleb128 0x3a
 607 0065 0B       		.uleb128 0xb
 608 0066 3B       		.uleb128 0x3b
 609 0067 0B       		.uleb128 0xb
 610 0068 49       		.uleb128 0x49
 611 0069 13       		.uleb128 0x13
 612 006a 38       		.uleb128 0x38
 613 006b 0A       		.uleb128 0xa
 614 006c 00       		.byte	0
 615 006d 00       		.byte	0
 616 006e 09       		.uleb128 0x9
 617 006f 0D       		.uleb128 0xd
 618 0070 00       		.byte	0
 619 0071 03       		.uleb128 0x3
 620 0072 08       		.uleb128 0x8
ARM GAS  C:\Users\GRAZIA~1.RAV\AppData\Local\Temp\cccvCYIm.s 			page 13


 621 0073 3A       		.uleb128 0x3a
 622 0074 0B       		.uleb128 0xb
 623 0075 3B       		.uleb128 0x3b
 624 0076 0B       		.uleb128 0xb
 625 0077 49       		.uleb128 0x49
 626 0078 13       		.uleb128 0x13
 627 0079 38       		.uleb128 0x38
 628 007a 0A       		.uleb128 0xa
 629 007b 00       		.byte	0
 630 007c 00       		.byte	0
 631 007d 0A       		.uleb128 0xa
 632 007e 0F       		.uleb128 0xf
 633 007f 00       		.byte	0
 634 0080 0B       		.uleb128 0xb
 635 0081 0B       		.uleb128 0xb
 636 0082 49       		.uleb128 0x49
 637 0083 13       		.uleb128 0x13
 638 0084 00       		.byte	0
 639 0085 00       		.byte	0
 640 0086 0B       		.uleb128 0xb
 641 0087 2E       		.uleb128 0x2e
 642 0088 00       		.byte	0
 643 0089 3F       		.uleb128 0x3f
 644 008a 0C       		.uleb128 0xc
 645 008b 03       		.uleb128 0x3
 646 008c 0E       		.uleb128 0xe
 647 008d 3A       		.uleb128 0x3a
 648 008e 0B       		.uleb128 0xb
 649 008f 3B       		.uleb128 0x3b
 650 0090 0B       		.uleb128 0xb
 651 0091 27       		.uleb128 0x27
 652 0092 0C       		.uleb128 0xc
 653 0093 11       		.uleb128 0x11
 654 0094 01       		.uleb128 0x1
 655 0095 12       		.uleb128 0x12
 656 0096 01       		.uleb128 0x1
 657 0097 40       		.uleb128 0x40
 658 0098 06       		.uleb128 0x6
 659 0099 9642     		.uleb128 0x2116
 660 009b 0C       		.uleb128 0xc
 661 009c 00       		.byte	0
 662 009d 00       		.byte	0
 663 009e 0C       		.uleb128 0xc
 664 009f 2E       		.uleb128 0x2e
 665 00a0 01       		.byte	0x1
 666 00a1 3F       		.uleb128 0x3f
 667 00a2 0C       		.uleb128 0xc
 668 00a3 03       		.uleb128 0x3
 669 00a4 0E       		.uleb128 0xe
 670 00a5 3A       		.uleb128 0x3a
 671 00a6 0B       		.uleb128 0xb
 672 00a7 3B       		.uleb128 0x3b
 673 00a8 0B       		.uleb128 0xb
 674 00a9 27       		.uleb128 0x27
 675 00aa 0C       		.uleb128 0xc
 676 00ab 11       		.uleb128 0x11
 677 00ac 01       		.uleb128 0x1
ARM GAS  C:\Users\GRAZIA~1.RAV\AppData\Local\Temp\cccvCYIm.s 			page 14


 678 00ad 12       		.uleb128 0x12
 679 00ae 01       		.uleb128 0x1
 680 00af 40       		.uleb128 0x40
 681 00b0 06       		.uleb128 0x6
 682 00b1 9642     		.uleb128 0x2116
 683 00b3 0C       		.uleb128 0xc
 684 00b4 01       		.uleb128 0x1
 685 00b5 13       		.uleb128 0x13
 686 00b6 00       		.byte	0
 687 00b7 00       		.byte	0
 688 00b8 0D       		.uleb128 0xd
 689 00b9 05       		.uleb128 0x5
 690 00ba 00       		.byte	0
 691 00bb 03       		.uleb128 0x3
 692 00bc 08       		.uleb128 0x8
 693 00bd 3A       		.uleb128 0x3a
 694 00be 0B       		.uleb128 0xb
 695 00bf 3B       		.uleb128 0x3b
 696 00c0 0B       		.uleb128 0xb
 697 00c1 49       		.uleb128 0x49
 698 00c2 13       		.uleb128 0x13
 699 00c3 02       		.uleb128 0x2
 700 00c4 0A       		.uleb128 0xa
 701 00c5 00       		.byte	0
 702 00c6 00       		.byte	0
 703 00c7 0E       		.uleb128 0xe
 704 00c8 2E       		.uleb128 0x2e
 705 00c9 00       		.byte	0
 706 00ca 3F       		.uleb128 0x3f
 707 00cb 0C       		.uleb128 0xc
 708 00cc 03       		.uleb128 0x3
 709 00cd 0E       		.uleb128 0xe
 710 00ce 3A       		.uleb128 0x3a
 711 00cf 0B       		.uleb128 0xb
 712 00d0 3B       		.uleb128 0x3b
 713 00d1 0B       		.uleb128 0xb
 714 00d2 27       		.uleb128 0x27
 715 00d3 0C       		.uleb128 0xc
 716 00d4 49       		.uleb128 0x49
 717 00d5 13       		.uleb128 0x13
 718 00d6 11       		.uleb128 0x11
 719 00d7 01       		.uleb128 0x1
 720 00d8 12       		.uleb128 0x12
 721 00d9 01       		.uleb128 0x1
 722 00da 40       		.uleb128 0x40
 723 00db 06       		.uleb128 0x6
 724 00dc 9642     		.uleb128 0x2116
 725 00de 0C       		.uleb128 0xc
 726 00df 00       		.byte	0
 727 00e0 00       		.byte	0
 728 00e1 0F       		.uleb128 0xf
 729 00e2 2E       		.uleb128 0x2e
 730 00e3 00       		.byte	0
 731 00e4 3F       		.uleb128 0x3f
 732 00e5 0C       		.uleb128 0xc
 733 00e6 03       		.uleb128 0x3
 734 00e7 0E       		.uleb128 0xe
ARM GAS  C:\Users\GRAZIA~1.RAV\AppData\Local\Temp\cccvCYIm.s 			page 15


 735 00e8 3A       		.uleb128 0x3a
 736 00e9 0B       		.uleb128 0xb
 737 00ea 3B       		.uleb128 0x3b
 738 00eb 0B       		.uleb128 0xb
 739 00ec 27       		.uleb128 0x27
 740 00ed 0C       		.uleb128 0xc
 741 00ee 49       		.uleb128 0x49
 742 00ef 13       		.uleb128 0x13
 743 00f0 11       		.uleb128 0x11
 744 00f1 01       		.uleb128 0x1
 745 00f2 12       		.uleb128 0x12
 746 00f3 01       		.uleb128 0x1
 747 00f4 40       		.uleb128 0x40
 748 00f5 06       		.uleb128 0x6
 749 00f6 9742     		.uleb128 0x2117
 750 00f8 0C       		.uleb128 0xc
 751 00f9 00       		.byte	0
 752 00fa 00       		.byte	0
 753 00fb 10       		.uleb128 0x10
 754 00fc 01       		.uleb128 0x1
 755 00fd 01       		.byte	0x1
 756 00fe 49       		.uleb128 0x49
 757 00ff 13       		.uleb128 0x13
 758 0100 01       		.uleb128 0x1
 759 0101 13       		.uleb128 0x13
 760 0102 00       		.byte	0
 761 0103 00       		.byte	0
 762 0104 11       		.uleb128 0x11
 763 0105 21       		.uleb128 0x21
 764 0106 00       		.byte	0
 765 0107 49       		.uleb128 0x49
 766 0108 13       		.uleb128 0x13
 767 0109 2F       		.uleb128 0x2f
 768 010a 0B       		.uleb128 0xb
 769 010b 00       		.byte	0
 770 010c 00       		.byte	0
 771 010d 12       		.uleb128 0x12
 772 010e 34       		.uleb128 0x34
 773 010f 00       		.byte	0
 774 0110 03       		.uleb128 0x3
 775 0111 0E       		.uleb128 0xe
 776 0112 3A       		.uleb128 0x3a
 777 0113 0B       		.uleb128 0xb
 778 0114 3B       		.uleb128 0x3b
 779 0115 0B       		.uleb128 0xb
 780 0116 49       		.uleb128 0x49
 781 0117 13       		.uleb128 0x13
 782 0118 02       		.uleb128 0x2
 783 0119 0A       		.uleb128 0xa
 784 011a 00       		.byte	0
 785 011b 00       		.byte	0
 786 011c 00       		.byte	0
 787              		.section	.debug_loc,"",%progbits
 788              	.Ldebug_loc0:
 789              	.LLST0:
 790 0000 00000000 		.4byte	.LFB0
 791 0004 02000000 		.4byte	.LCFI0
ARM GAS  C:\Users\GRAZIA~1.RAV\AppData\Local\Temp\cccvCYIm.s 			page 16


 792 0008 0200     		.2byte	0x2
 793 000a 7D       		.byte	0x7d
 794 000b 00       		.sleb128 0
 795 000c 02000000 		.4byte	.LCFI0
 796 0010 04000000 		.4byte	.LCFI1
 797 0014 0200     		.2byte	0x2
 798 0016 7D       		.byte	0x7d
 799 0017 08       		.sleb128 8
 800 0018 04000000 		.4byte	.LCFI1
 801 001c 1E000000 		.4byte	.LFE0
 802 0020 0200     		.2byte	0x2
 803 0022 77       		.byte	0x77
 804 0023 08       		.sleb128 8
 805 0024 00000000 		.4byte	0
 806 0028 00000000 		.4byte	0
 807              	.LLST1:
 808 002c 00000000 		.4byte	.LFB1
 809 0030 02000000 		.4byte	.LCFI2
 810 0034 0200     		.2byte	0x2
 811 0036 7D       		.byte	0x7d
 812 0037 00       		.sleb128 0
 813 0038 02000000 		.4byte	.LCFI2
 814 003c 04000000 		.4byte	.LCFI3
 815 0040 0200     		.2byte	0x2
 816 0042 7D       		.byte	0x7d
 817 0043 08       		.sleb128 8
 818 0044 04000000 		.4byte	.LCFI3
 819 0048 06000000 		.4byte	.LCFI4
 820 004c 0200     		.2byte	0x2
 821 004e 7D       		.byte	0x7d
 822 004f 10       		.sleb128 16
 823 0050 06000000 		.4byte	.LCFI4
 824 0054 22000000 		.4byte	.LFE1
 825 0058 0200     		.2byte	0x2
 826 005a 77       		.byte	0x77
 827 005b 10       		.sleb128 16
 828 005c 00000000 		.4byte	0
 829 0060 00000000 		.4byte	0
 830              	.LLST2:
 831 0064 00000000 		.4byte	.LFB2
 832 0068 02000000 		.4byte	.LCFI5
 833 006c 0200     		.2byte	0x2
 834 006e 7D       		.byte	0x7d
 835 006f 00       		.sleb128 0
 836 0070 02000000 		.4byte	.LCFI5
 837 0074 04000000 		.4byte	.LCFI6
 838 0078 0200     		.2byte	0x2
 839 007a 7D       		.byte	0x7d
 840 007b 08       		.sleb128 8
 841 007c 04000000 		.4byte	.LCFI6
 842 0080 16000000 		.4byte	.LFE2
 843 0084 0200     		.2byte	0x2
 844 0086 77       		.byte	0x77
 845 0087 08       		.sleb128 8
 846 0088 00000000 		.4byte	0
 847 008c 00000000 		.4byte	0
 848              	.LLST3:
ARM GAS  C:\Users\GRAZIA~1.RAV\AppData\Local\Temp\cccvCYIm.s 			page 17


 849 0090 00000000 		.4byte	.LFB3
 850 0094 02000000 		.4byte	.LCFI7
 851 0098 0200     		.2byte	0x2
 852 009a 7D       		.byte	0x7d
 853 009b 00       		.sleb128 0
 854 009c 02000000 		.4byte	.LCFI7
 855 00a0 04000000 		.4byte	.LCFI8
 856 00a4 0200     		.2byte	0x2
 857 00a6 7D       		.byte	0x7d
 858 00a7 08       		.sleb128 8
 859 00a8 04000000 		.4byte	.LCFI8
 860 00ac 16000000 		.4byte	.LFE3
 861 00b0 0200     		.2byte	0x2
 862 00b2 77       		.byte	0x77
 863 00b3 08       		.sleb128 8
 864 00b4 00000000 		.4byte	0
 865 00b8 00000000 		.4byte	0
 866              	.LLST4:
 867 00bc 00000000 		.4byte	.LFB4
 868 00c0 02000000 		.4byte	.LCFI9
 869 00c4 0200     		.2byte	0x2
 870 00c6 7D       		.byte	0x7d
 871 00c7 00       		.sleb128 0
 872 00c8 02000000 		.4byte	.LCFI9
 873 00cc 04000000 		.4byte	.LCFI10
 874 00d0 0200     		.2byte	0x2
 875 00d2 7D       		.byte	0x7d
 876 00d3 04       		.sleb128 4
 877 00d4 04000000 		.4byte	.LCFI10
 878 00d8 20000000 		.4byte	.LFE4
 879 00dc 0200     		.2byte	0x2
 880 00de 77       		.byte	0x77
 881 00df 04       		.sleb128 4
 882 00e0 00000000 		.4byte	0
 883 00e4 00000000 		.4byte	0
 884              	.LLST5:
 885 00e8 00000000 		.4byte	.LFB5
 886 00ec 02000000 		.4byte	.LCFI11
 887 00f0 0200     		.2byte	0x2
 888 00f2 7D       		.byte	0x7d
 889 00f3 00       		.sleb128 0
 890 00f4 02000000 		.4byte	.LCFI11
 891 00f8 04000000 		.4byte	.LCFI12
 892 00fc 0200     		.2byte	0x2
 893 00fe 7D       		.byte	0x7d
 894 00ff 04       		.sleb128 4
 895 0100 04000000 		.4byte	.LCFI12
 896 0104 16000000 		.4byte	.LFE5
 897 0108 0200     		.2byte	0x2
 898 010a 77       		.byte	0x77
 899 010b 04       		.sleb128 4
 900 010c 00000000 		.4byte	0
 901 0110 00000000 		.4byte	0
 902              		.section	.debug_aranges,"",%progbits
 903 0000 44000000 		.4byte	0x44
 904 0004 0200     		.2byte	0x2
 905 0006 00000000 		.4byte	.Ldebug_info0
ARM GAS  C:\Users\GRAZIA~1.RAV\AppData\Local\Temp\cccvCYIm.s 			page 18


 906 000a 04       		.byte	0x4
 907 000b 00       		.byte	0
 908 000c 0000     		.2byte	0
 909 000e 0000     		.2byte	0
 910 0010 00000000 		.4byte	.LFB0
 911 0014 1E000000 		.4byte	.LFE0-.LFB0
 912 0018 00000000 		.4byte	.LFB1
 913 001c 22000000 		.4byte	.LFE1-.LFB1
 914 0020 00000000 		.4byte	.LFB2
 915 0024 16000000 		.4byte	.LFE2-.LFB2
 916 0028 00000000 		.4byte	.LFB3
 917 002c 16000000 		.4byte	.LFE3-.LFB3
 918 0030 00000000 		.4byte	.LFB4
 919 0034 20000000 		.4byte	.LFE4-.LFB4
 920 0038 00000000 		.4byte	.LFB5
 921 003c 16000000 		.4byte	.LFE5-.LFB5
 922 0040 00000000 		.4byte	0
 923 0044 00000000 		.4byte	0
 924              		.section	.debug_ranges,"",%progbits
 925              	.Ldebug_ranges0:
 926 0000 00000000 		.4byte	.LFB0
 927 0004 1E000000 		.4byte	.LFE0
 928 0008 00000000 		.4byte	.LFB1
 929 000c 22000000 		.4byte	.LFE1
 930 0010 00000000 		.4byte	.LFB2
 931 0014 16000000 		.4byte	.LFE2
 932 0018 00000000 		.4byte	.LFB3
 933 001c 16000000 		.4byte	.LFE3
 934 0020 00000000 		.4byte	.LFB4
 935 0024 20000000 		.4byte	.LFE4
 936 0028 00000000 		.4byte	.LFB5
 937 002c 16000000 		.4byte	.LFE5
 938 0030 00000000 		.4byte	0
 939 0034 00000000 		.4byte	0
 940              		.section	.debug_line,"",%progbits
 941              	.Ldebug_line0:
 942 0000 D4000000 		.section	.debug_str,"MS",%progbits,1
 942      02006800 
 942      00000201 
 942      FB0E0D00 
 942      01010101 
 943              	.LASF16:
 944 0000 74727565 		.ascii	"true\000"
 944      00
 945              	.LASF14:
 946 0005 574F5244 		.ascii	"WORD\000"
 946      00
 947              	.LASF17:
 948 000a 424F4F4C 		.ascii	"BOOL\000"
 948      00
 949              	.LASF13:
 950 000f 42595445 		.ascii	"BYTE\000"
 950      00
 951              	.LASF29:
 952 0014 494D555F 		.ascii	"IMU_UM7_CBUFFER_ERROR\000"
 952      554D375F 
 952      43425546 
ARM GAS  C:\Users\GRAZIA~1.RAV\AppData\Local\Temp\cccvCYIm.s 			page 19


 952      4645525F 
 952      4552524F 
 953              	.LASF25:
 954 002a 73746174 		.ascii	"status\000"
 954      757300
 955              	.LASF30:
 956 0031 494D555F 		.ascii	"IMU_UM7_CBUFFER_Status\000"
 956      554D375F 
 956      43425546 
 956      4645525F 
 956      53746174 
 957              	.LASF9:
 958 0048 666C6F61 		.ascii	"float\000"
 958      7400
 959              	.LASF24:
 960 004e 73697A65 		.ascii	"size\000"
 960      00
 961              	.LASF5:
 962 0053 6C6F6E67 		.ascii	"long unsigned int\000"
 962      20756E73 
 962      69676E65 
 962      6420696E 
 962      7400
 963              	.LASF19:
 964 0065 43425546 		.ascii	"CBUFFER_NOERROR\000"
 964      4645525F 
 964      4E4F4552 
 964      524F5200 
 965              	.LASF3:
 966 0075 73686F72 		.ascii	"short unsigned int\000"
 966      7420756E 
 966      7369676E 
 966      65642069 
 966      6E7400
 967              	.LASF28:
 968 0088 494D555F 		.ascii	"IMU_UM7_CBUFFER_AnyData\000"
 968      554D375F 
 968      43425546 
 968      4645525F 
 968      416E7944 
 969              	.LASF34:
 970 00a0 2E5C4765 		.ascii	".\\Generated_Source\\PSoC5\\IMU_UM7_CBUFFER.c\000"
 970      6E657261 
 970      7465645F 
 970      536F7572 
 970      63655C50 
 971              	.LASF23:
 972 00cb 626F7474 		.ascii	"bottom\000"
 972      6F6D00
 973              	.LASF1:
 974 00d2 756E7369 		.ascii	"unsigned char\000"
 974      676E6564 
 974      20636861 
 974      7200
 975              	.LASF10:
 976 00e0 646F7562 		.ascii	"double\000"
 976      6C6500
ARM GAS  C:\Users\GRAZIA~1.RAV\AppData\Local\Temp\cccvCYIm.s 			page 20


 977              	.LASF31:
 978 00e7 494D555F 		.ascii	"IMU_UM7_CBUFFER_data\000"
 978      554D375F 
 978      43425546 
 978      4645525F 
 978      64617461 
 979              	.LASF35:
 980 00fc 433A5C55 		.ascii	"C:\\Users\\Graziano G. Ravizza\\Documents\\PSoC Cre"
 980      73657273 
 980      5C477261 
 980      7A69616E 
 980      6F20472E 
 981 012b 61746F72 		.ascii	"ator\\SQUIT\\Vers.0.0-T00 2019-0208 C3.0 (start)\\S"
 981      5C535155 
 981      49545C56 
 981      6572732E 
 981      302E302D 
 982 015b 71756974 		.ascii	"quit-Proto.cydsn\000"
 982      2D50726F 
 982      746F2E63 
 982      7964736E 
 982      00
 983              	.LASF20:
 984 016c 43425546 		.ascii	"CBUFFER_OVERRUN\000"
 984      4645525F 
 984      4F564552 
 984      52554E00 
 985              	.LASF36:
 986 017c 494D555F 		.ascii	"IMU_UM7_CBUFFER_Init\000"
 986      554D375F 
 986      43425546 
 986      4645525F 
 986      496E6974 
 987              	.LASF7:
 988 0191 6C6F6E67 		.ascii	"long long unsigned int\000"
 988      206C6F6E 
 988      6720756E 
 988      7369676E 
 988      65642069 
 989              	.LASF21:
 990 01a8 43425546 		.ascii	"CBUFFER_UNDERRUN\000"
 990      4645525F 
 990      554E4445 
 990      5252554E 
 990      00
 991              	.LASF37:
 992 01b9 494D555F 		.ascii	"IMU_UM7_CBUFFER_PutByte\000"
 992      554D375F 
 992      43425546 
 992      4645525F 
 992      50757442 
 993              	.LASF18:
 994 01d1 43425546 		.ascii	"CBUFFER_STATUS\000"
 994      4645525F 
 994      53544154 
 994      555300
 995              	.LASF12:
ARM GAS  C:\Users\GRAZIA~1.RAV\AppData\Local\Temp\cccvCYIm.s 			page 21


 996 01e0 73697A65 		.ascii	"sizetype\000"
 996      74797065 
 996      00
 997              	.LASF6:
 998 01e9 6C6F6E67 		.ascii	"long long int\000"
 998      206C6F6E 
 998      6720696E 
 998      7400
 999              	.LASF27:
 1000 01f7 494D555F 		.ascii	"IMU_UM7_CBUFFER_GetByte\000"
 1000      554D375F 
 1000      43425546 
 1000      4645525F 
 1000      47657442 
 1001              	.LASF15:
 1002 020f 66616C73 		.ascii	"false\000"
 1002      6500
 1003              	.LASF8:
 1004 0215 756E7369 		.ascii	"unsigned int\000"
 1004      676E6564 
 1004      20696E74 
 1004      00
 1005              	.LASF2:
 1006 0222 73686F72 		.ascii	"short int\000"
 1006      7420696E 
 1006      7400
 1007              	.LASF32:
 1008 022c 494D555F 		.ascii	"IMU_UM7_CBUFFER_cbuffer\000"
 1008      554D375F 
 1008      43425546 
 1008      4645525F 
 1008      63627566 
 1009              	.LASF33:
 1010 0244 474E5520 		.ascii	"GNU C 4.7.3 20130312 (release) [ARM/embedded-4_7-br"
 1010      4320342E 
 1010      372E3320 
 1010      32303133 
 1010      30333132 
 1011 0277 616E6368 		.ascii	"anch revision 196615]\000"
 1011      20726576 
 1011      6973696F 
 1011      6E203139 
 1011      36363135 
 1012              	.LASF22:
 1013 028d 64617461 		.ascii	"data_ptr\000"
 1013      5F707472 
 1013      00
 1014              	.LASF4:
 1015 0296 6C6F6E67 		.ascii	"long int\000"
 1015      20696E74 
 1015      00
 1016              	.LASF11:
 1017 029f 63686172 		.ascii	"char\000"
 1017      00
 1018              	.LASF0:
 1019 02a4 7369676E 		.ascii	"signed char\000"
 1019      65642063 
ARM GAS  C:\Users\GRAZIA~1.RAV\AppData\Local\Temp\cccvCYIm.s 			page 22


 1019      68617200 
 1020              	.LASF26:
 1021 02b0 43425546 		.ascii	"CBUFFER\000"
 1021      46455200 
 1022              		.ident	"GCC: (GNU Tools for ARM Embedded Processors) 4.7.3 20130312 (release) [ARM/embedded-4_7-br
