ARM GAS  C:\Users\GRAZIA~1.RAV\AppData\Local\Temp\ccy2sNbM.s 			page 1


   1              		.syntax unified
   2              		.cpu cortex-m3
   3              		.fpu softvfp
   4              		.eabi_attribute 20, 1
   5              		.eabi_attribute 21, 1
   6              		.eabi_attribute 23, 3
   7              		.eabi_attribute 24, 1
   8              		.eabi_attribute 25, 1
   9              		.eabi_attribute 26, 1
  10              		.eabi_attribute 30, 6
  11              		.eabi_attribute 34, 1
  12              		.eabi_attribute 18, 4
  13              		.thumb
  14              		.file	"IMU_UM7_PACKETIZER.c"
  15              		.text
  16              	.Ltext0:
  17              		.cfi_sections	.debug_frame
  18              		.bss
  19              		.align	2
  20              	IMU_UM7_PACKETIZER_packet_buffer_data:
  21 0000 00000000 		.space	32
  21      00000000 
  21      00000000 
  21      00000000 
  21      00000000 
  22              		.align	2
  23              	IMU_UM7_PACKETIZER_packet_buffer:
  24 0020 00000000 		.space	24
  24      00000000 
  24      00000000 
  24      00000000 
  24      00000000 
  25              	IMU_UM7_PACKETIZER_debug:
  26 0038 00       		.space	1
  27 0039 000000   		.section	.text.IMU_UM7_PACKETIZER_Init,"ax",%progbits
  28              		.align	2
  29              		.global	IMU_UM7_PACKETIZER_Init
  30              		.thumb
  31              		.thumb_func
  32              		.type	IMU_UM7_PACKETIZER_Init, %function
  33              	IMU_UM7_PACKETIZER_Init:
  34              	.LFB0:
  35              		.file 1 ".\\Generated_Source\\PSoC5\\IMU_UM7_PACKETIZER.c"
   1:.\Generated_Source\PSoC5/IMU_UM7_PACKETIZER.c **** /**************************************************************************************************
   2:.\Generated_Source\PSoC5/IMU_UM7_PACKETIZER.c ****   
   3:.\Generated_Source\PSoC5/IMU_UM7_PACKETIZER.c ****   Componente Packetizer v0.11B
   4:.\Generated_Source\PSoC5/IMU_UM7_PACKETIZER.c ****   (c) 2013-14 Movie Engineering
   5:.\Generated_Source\PSoC5/IMU_UM7_PACKETIZER.c **** 
   6:.\Generated_Source\PSoC5/IMU_UM7_PACKETIZER.c ****   Vedi header file.
   7:.\Generated_Source\PSoC5/IMU_UM7_PACKETIZER.c ****   
   8:.\Generated_Source\PSoC5/IMU_UM7_PACKETIZER.c **** ***************************************************************************************************
   9:.\Generated_Source\PSoC5/IMU_UM7_PACKETIZER.c **** 
  10:.\Generated_Source\PSoC5/IMU_UM7_PACKETIZER.c **** #include <stdio.h>
  11:.\Generated_Source\PSoC5/IMU_UM7_PACKETIZER.c **** 
  12:.\Generated_Source\PSoC5/IMU_UM7_PACKETIZER.c **** #include "IMU_UM7_PACKETIZER.h"
  13:.\Generated_Source\PSoC5/IMU_UM7_PACKETIZER.c **** 
  14:.\Generated_Source\PSoC5/IMU_UM7_PACKETIZER.c **** ///////////////////////////////////////////////////////////////////////////////////////////////////
ARM GAS  C:\Users\GRAZIA~1.RAV\AppData\Local\Temp\ccy2sNbM.s 			page 2


  15:.\Generated_Source\PSoC5/IMU_UM7_PACKETIZER.c **** 
  16:.\Generated_Source\PSoC5/IMU_UM7_PACKETIZER.c **** static BYTE IMU_UM7_PACKETIZER_packet_buffer_data[32] ;  
  17:.\Generated_Source\PSoC5/IMU_UM7_PACKETIZER.c **** static PACKET_BUFFER IMU_UM7_PACKETIZER_packet_buffer ;                    
  18:.\Generated_Source\PSoC5/IMU_UM7_PACKETIZER.c **** static BOOL IMU_UM7_PACKETIZER_debug = false ;
  19:.\Generated_Source\PSoC5/IMU_UM7_PACKETIZER.c **** 
  20:.\Generated_Source\PSoC5/IMU_UM7_PACKETIZER.c **** ///////////////////////////////////////////////////////////////////////////////////////////////////
  21:.\Generated_Source\PSoC5/IMU_UM7_PACKETIZER.c **** 
  22:.\Generated_Source\PSoC5/IMU_UM7_PACKETIZER.c **** BYTE *IMU_UM7_PACKETIZER_Init(HEADER_VALIDATOR hv, PACKET_VALIDATOR pv)
  23:.\Generated_Source\PSoC5/IMU_UM7_PACKETIZER.c **** {
  36              		.loc 1 23 0
  37              		.cfi_startproc
  38              		@ args = 0, pretend = 0, frame = 8
  39              		@ frame_needed = 1, uses_anonymous_args = 0
  40 0000 80B5     		push	{r7, lr}
  41              	.LCFI0:
  42              		.cfi_def_cfa_offset 8
  43              		.cfi_offset 7, -8
  44              		.cfi_offset 14, -4
  45 0002 86B0     		sub	sp, sp, #24
  46              	.LCFI1:
  47              		.cfi_def_cfa_offset 32
  48 0004 04AF     		add	r7, sp, #16
  49              	.LCFI2:
  50              		.cfi_def_cfa 7, 16
  51 0006 7860     		str	r0, [r7, #4]
  52 0008 3960     		str	r1, [r7, #0]
  24:.\Generated_Source\PSoC5/IMU_UM7_PACKETIZER.c ****     PacketBuffer_Init(&IMU_UM7_PACKETIZER_packet_buffer,                  // Struttura privata
  53              		.loc 1 24 0
  54 000a 4FF07303 		mov	r3, #115
  55 000e 0093     		str	r3, [sp, #0]
  56 0010 7B68     		ldr	r3, [r7, #4]
  57 0012 0193     		str	r3, [sp, #4]
  58 0014 3B68     		ldr	r3, [r7, #0]
  59 0016 0293     		str	r3, [sp, #8]
  60 0018 40F20000 		movw	r0, #:lower16:IMU_UM7_PACKETIZER_packet_buffer
  61 001c C0F20000 		movt	r0, #:upper16:IMU_UM7_PACKETIZER_packet_buffer
  62 0020 40F20001 		movw	r1, #:lower16:IMU_UM7_PACKETIZER_packet_buffer_data
  63 0024 C0F20001 		movt	r1, #:upper16:IMU_UM7_PACKETIZER_packet_buffer_data
  64 0028 4FF00402 		mov	r2, #4
  65 002c 4FF02003 		mov	r3, #32
  66 0030 FFF7FEFF 		bl	PacketBuffer_Init
  25:.\Generated_Source\PSoC5/IMU_UM7_PACKETIZER.c ****                       (BYTE *) &IMU_UM7_PACKETIZER_packet_buffer_data,    // Array privato
  26:.\Generated_Source\PSoC5/IMU_UM7_PACKETIZER.c ****                       4,                                 // Parametro componente
  27:.\Generated_Source\PSoC5/IMU_UM7_PACKETIZER.c ****                       32,                             // Parametro componente
  28:.\Generated_Source\PSoC5/IMU_UM7_PACKETIZER.c ****                       115,                               // Parametro componente
  29:.\Generated_Source\PSoC5/IMU_UM7_PACKETIZER.c ****                       hv,                                   // Funzione passata come parametro
  30:.\Generated_Source\PSoC5/IMU_UM7_PACKETIZER.c ****                       pv);                                  // Funzione passata come parametro
  31:.\Generated_Source\PSoC5/IMU_UM7_PACKETIZER.c ****    
  32:.\Generated_Source\PSoC5/IMU_UM7_PACKETIZER.c ****     return (BYTE *) &IMU_UM7_PACKETIZER_packet_buffer_data ;      // Restituisce il puntatore al bu
  67              		.loc 1 32 0
  68 0034 40F20003 		movw	r3, #:lower16:IMU_UM7_PACKETIZER_packet_buffer_data
  69 0038 C0F20003 		movt	r3, #:upper16:IMU_UM7_PACKETIZER_packet_buffer_data
  33:.\Generated_Source\PSoC5/IMU_UM7_PACKETIZER.c **** }                                                               // dati privato in modo da poter us
  70              		.loc 1 33 0
  71 003c 1846     		mov	r0, r3
  72 003e 07F10807 		add	r7, r7, #8
  73 0042 BD46     		mov	sp, r7
ARM GAS  C:\Users\GRAZIA~1.RAV\AppData\Local\Temp\ccy2sNbM.s 			page 3


  74 0044 80BD     		pop	{r7, pc}
  75              		.cfi_endproc
  76              	.LFE0:
  77              		.size	IMU_UM7_PACKETIZER_Init, .-IMU_UM7_PACKETIZER_Init
  78 0046 00BF     		.section	.text.IMU_UM7_PACKETIZER_SetStartOfPacket,"ax",%progbits
  79              		.align	2
  80              		.global	IMU_UM7_PACKETIZER_SetStartOfPacket
  81              		.thumb
  82              		.thumb_func
  83              		.type	IMU_UM7_PACKETIZER_SetStartOfPacket, %function
  84              	IMU_UM7_PACKETIZER_SetStartOfPacket:
  85              	.LFB1:
  34:.\Generated_Source\PSoC5/IMU_UM7_PACKETIZER.c ****                                                                 // i dati del pacchetto !
  35:.\Generated_Source\PSoC5/IMU_UM7_PACKETIZER.c **** 
  36:.\Generated_Source\PSoC5/IMU_UM7_PACKETIZER.c **** 
  37:.\Generated_Source\PSoC5/IMU_UM7_PACKETIZER.c **** ///////////////////////////////////////////////////////////////////////////////////////////////////
  38:.\Generated_Source\PSoC5/IMU_UM7_PACKETIZER.c **** 
  39:.\Generated_Source\PSoC5/IMU_UM7_PACKETIZER.c **** void IMU_UM7_PACKETIZER_SetStartOfPacket(BYTE sop)
  40:.\Generated_Source\PSoC5/IMU_UM7_PACKETIZER.c **** {
  86              		.loc 1 40 0
  87              		.cfi_startproc
  88              		@ args = 0, pretend = 0, frame = 8
  89              		@ frame_needed = 1, uses_anonymous_args = 0
  90              		@ link register save eliminated.
  91 0000 80B4     		push	{r7}
  92              	.LCFI3:
  93              		.cfi_def_cfa_offset 4
  94              		.cfi_offset 7, -4
  95 0002 83B0     		sub	sp, sp, #12
  96              	.LCFI4:
  97              		.cfi_def_cfa_offset 16
  98 0004 00AF     		add	r7, sp, #0
  99              	.LCFI5:
 100              		.cfi_def_cfa_register 7
 101 0006 0346     		mov	r3, r0
 102 0008 FB71     		strb	r3, [r7, #7]
  41:.\Generated_Source\PSoC5/IMU_UM7_PACKETIZER.c ****     IMU_UM7_PACKETIZER_packet_buffer.sop = sop ;
 103              		.loc 1 41 0
 104 000a 40F20003 		movw	r3, #:lower16:IMU_UM7_PACKETIZER_packet_buffer
 105 000e C0F20003 		movt	r3, #:upper16:IMU_UM7_PACKETIZER_packet_buffer
 106 0012 FA79     		ldrb	r2, [r7, #7]
 107 0014 5A72     		strb	r2, [r3, #9]
  42:.\Generated_Source\PSoC5/IMU_UM7_PACKETIZER.c **** }
 108              		.loc 1 42 0
 109 0016 07F10C07 		add	r7, r7, #12
 110 001a BD46     		mov	sp, r7
 111 001c 80BC     		pop	{r7}
 112 001e 7047     		bx	lr
 113              		.cfi_endproc
 114              	.LFE1:
 115              		.size	IMU_UM7_PACKETIZER_SetStartOfPacket, .-IMU_UM7_PACKETIZER_SetStartOfPacket
 116              		.section	.text.IMU_UM7_PACKETIZER_Reset,"ax",%progbits
 117              		.align	2
 118              		.global	IMU_UM7_PACKETIZER_Reset
 119              		.thumb
 120              		.thumb_func
 121              		.type	IMU_UM7_PACKETIZER_Reset, %function
ARM GAS  C:\Users\GRAZIA~1.RAV\AppData\Local\Temp\ccy2sNbM.s 			page 4


 122              	IMU_UM7_PACKETIZER_Reset:
 123              	.LFB2:
  43:.\Generated_Source\PSoC5/IMU_UM7_PACKETIZER.c **** 
  44:.\Generated_Source\PSoC5/IMU_UM7_PACKETIZER.c **** 
  45:.\Generated_Source\PSoC5/IMU_UM7_PACKETIZER.c **** ///////////////////////////////////////////////////////////////////////////////////////////////////
  46:.\Generated_Source\PSoC5/IMU_UM7_PACKETIZER.c **** 
  47:.\Generated_Source\PSoC5/IMU_UM7_PACKETIZER.c **** void IMU_UM7_PACKETIZER_Reset(void)
  48:.\Generated_Source\PSoC5/IMU_UM7_PACKETIZER.c **** {
 124              		.loc 1 48 0
 125              		.cfi_startproc
 126              		@ args = 0, pretend = 0, frame = 0
 127              		@ frame_needed = 1, uses_anonymous_args = 0
 128 0000 80B5     		push	{r7, lr}
 129              	.LCFI6:
 130              		.cfi_def_cfa_offset 8
 131              		.cfi_offset 7, -8
 132              		.cfi_offset 14, -4
 133 0002 00AF     		add	r7, sp, #0
 134              	.LCFI7:
 135              		.cfi_def_cfa_register 7
  49:.\Generated_Source\PSoC5/IMU_UM7_PACKETIZER.c ****     PacketBuffer_Reset(&IMU_UM7_PACKETIZER_packet_buffer);
 136              		.loc 1 49 0
 137 0004 40F20000 		movw	r0, #:lower16:IMU_UM7_PACKETIZER_packet_buffer
 138 0008 C0F20000 		movt	r0, #:upper16:IMU_UM7_PACKETIZER_packet_buffer
 139 000c FFF7FEFF 		bl	PacketBuffer_Reset
  50:.\Generated_Source\PSoC5/IMU_UM7_PACKETIZER.c **** }
 140              		.loc 1 50 0
 141 0010 80BD     		pop	{r7, pc}
 142              		.cfi_endproc
 143              	.LFE2:
 144              		.size	IMU_UM7_PACKETIZER_Reset, .-IMU_UM7_PACKETIZER_Reset
 145 0012 00BF     		.section	.rodata
 146              		.align	2
 147              	.LC0:
 148 0000 0A2D2D3E 		.ascii	"\012--> %02X : status=%02X, idx=%2d, len=%2d <--\000"
 148      20253032 
 148      58203A20 
 148      73746174 
 148      75733D25 
 149 002e 0000     		.section	.text.IMU_UM7_PACKETIZER_BuildPacket,"ax",%progbits
 150              		.align	2
 151              		.global	IMU_UM7_PACKETIZER_BuildPacket
 152              		.thumb
 153              		.thumb_func
 154              		.type	IMU_UM7_PACKETIZER_BuildPacket, %function
 155              	IMU_UM7_PACKETIZER_BuildPacket:
 156              	.LFB3:
  51:.\Generated_Source\PSoC5/IMU_UM7_PACKETIZER.c **** 
  52:.\Generated_Source\PSoC5/IMU_UM7_PACKETIZER.c **** 
  53:.\Generated_Source\PSoC5/IMU_UM7_PACKETIZER.c **** ///////////////////////////////////////////////////////////////////////////////////////////////////
  54:.\Generated_Source\PSoC5/IMU_UM7_PACKETIZER.c **** 
  55:.\Generated_Source\PSoC5/IMU_UM7_PACKETIZER.c **** BOOL IMU_UM7_PACKETIZER_BuildPacket(BYTE b)
  56:.\Generated_Source\PSoC5/IMU_UM7_PACKETIZER.c **** {
 157              		.loc 1 56 0
 158              		.cfi_startproc
 159              		@ args = 0, pretend = 0, frame = 16
 160              		@ frame_needed = 1, uses_anonymous_args = 0
ARM GAS  C:\Users\GRAZIA~1.RAV\AppData\Local\Temp\ccy2sNbM.s 			page 5


 161 0000 90B5     		push	{r4, r7, lr}
 162              	.LCFI8:
 163              		.cfi_def_cfa_offset 12
 164              		.cfi_offset 4, -12
 165              		.cfi_offset 7, -8
 166              		.cfi_offset 14, -4
 167 0002 87B0     		sub	sp, sp, #28
 168              	.LCFI9:
 169              		.cfi_def_cfa_offset 40
 170 0004 02AF     		add	r7, sp, #8
 171              	.LCFI10:
 172              		.cfi_def_cfa 7, 32
 173 0006 0346     		mov	r3, r0
 174 0008 FB71     		strb	r3, [r7, #7]
  57:.\Generated_Source\PSoC5/IMU_UM7_PACKETIZER.c ****     BOOL result = PacketBuffer_BuildPacket(&IMU_UM7_PACKETIZER_packet_buffer, b); 
 175              		.loc 1 57 0
 176 000a FB79     		ldrb	r3, [r7, #7]	@ zero_extendqisi2
 177 000c 40F20000 		movw	r0, #:lower16:IMU_UM7_PACKETIZER_packet_buffer
 178 0010 C0F20000 		movt	r0, #:upper16:IMU_UM7_PACKETIZER_packet_buffer
 179 0014 1946     		mov	r1, r3
 180 0016 FFF7FEFF 		bl	PacketBuffer_BuildPacket
 181 001a 0346     		mov	r3, r0
 182 001c FB73     		strb	r3, [r7, #15]
  58:.\Generated_Source\PSoC5/IMU_UM7_PACKETIZER.c **** 
  59:.\Generated_Source\PSoC5/IMU_UM7_PACKETIZER.c ****   // Nel caso di debug attivato stampa un po' di info
  60:.\Generated_Source\PSoC5/IMU_UM7_PACKETIZER.c ****   
  61:.\Generated_Source\PSoC5/IMU_UM7_PACKETIZER.c ****     #define DEBUG_STRING "\n--> %02X : status=%02X, idx=%2d, len=%2d <--"
  62:.\Generated_Source\PSoC5/IMU_UM7_PACKETIZER.c **** 
  63:.\Generated_Source\PSoC5/IMU_UM7_PACKETIZER.c ****     if (IMU_UM7_PACKETIZER_debug)
 183              		.loc 1 63 0
 184 001e 40F20003 		movw	r3, #:lower16:IMU_UM7_PACKETIZER_debug
 185 0022 C0F20003 		movt	r3, #:upper16:IMU_UM7_PACKETIZER_debug
 186 0026 1B78     		ldrb	r3, [r3, #0]	@ zero_extendqisi2
 187 0028 002B     		cmp	r3, #0
 188 002a 19D0     		beq	.L6
  64:.\Generated_Source\PSoC5/IMU_UM7_PACKETIZER.c ****     {
  65:.\Generated_Source\PSoC5/IMU_UM7_PACKETIZER.c ****         printf(DEBUG_STRING,
 189              		.loc 1 65 0
 190 002c F979     		ldrb	r1, [r7, #7]	@ zero_extendqisi2
  66:.\Generated_Source\PSoC5/IMU_UM7_PACKETIZER.c ****                b,
  67:.\Generated_Source\PSoC5/IMU_UM7_PACKETIZER.c ****                IMU_UM7_PACKETIZER_packet_buffer.status,
 191              		.loc 1 67 0
 192 002e 40F20003 		movw	r3, #:lower16:IMU_UM7_PACKETIZER_packet_buffer
 193 0032 C0F20003 		movt	r3, #:upper16:IMU_UM7_PACKETIZER_packet_buffer
 194 0036 9B7A     		ldrb	r3, [r3, #10]	@ zero_extendqisi2
  65:.\Generated_Source\PSoC5/IMU_UM7_PACKETIZER.c ****         printf(DEBUG_STRING,
 195              		.loc 1 65 0
 196 0038 1A46     		mov	r2, r3
  68:.\Generated_Source\PSoC5/IMU_UM7_PACKETIZER.c ****                IMU_UM7_PACKETIZER_packet_buffer.idx,
 197              		.loc 1 68 0
 198 003a 40F20003 		movw	r3, #:lower16:IMU_UM7_PACKETIZER_packet_buffer
 199 003e C0F20003 		movt	r3, #:upper16:IMU_UM7_PACKETIZER_packet_buffer
 200 0042 1B79     		ldrb	r3, [r3, #4]	@ zero_extendqisi2
  65:.\Generated_Source\PSoC5/IMU_UM7_PACKETIZER.c ****         printf(DEBUG_STRING,
 201              		.loc 1 65 0
 202 0044 1C46     		mov	r4, r3
  69:.\Generated_Source\PSoC5/IMU_UM7_PACKETIZER.c ****                IMU_UM7_PACKETIZER_packet_buffer.len);
ARM GAS  C:\Users\GRAZIA~1.RAV\AppData\Local\Temp\ccy2sNbM.s 			page 6


 203              		.loc 1 69 0
 204 0046 40F20003 		movw	r3, #:lower16:IMU_UM7_PACKETIZER_packet_buffer
 205 004a C0F20003 		movt	r3, #:upper16:IMU_UM7_PACKETIZER_packet_buffer
 206 004e DB79     		ldrb	r3, [r3, #7]	@ zero_extendqisi2
  65:.\Generated_Source\PSoC5/IMU_UM7_PACKETIZER.c ****         printf(DEBUG_STRING,
 207              		.loc 1 65 0
 208 0050 0093     		str	r3, [sp, #0]
 209 0052 40F20000 		movw	r0, #:lower16:.LC0
 210 0056 C0F20000 		movt	r0, #:upper16:.LC0
 211 005a 2346     		mov	r3, r4
 212 005c FFF7FEFF 		bl	printf
 213              	.L6:
  70:.\Generated_Source\PSoC5/IMU_UM7_PACKETIZER.c ****     }
  71:.\Generated_Source\PSoC5/IMU_UM7_PACKETIZER.c **** 
  72:.\Generated_Source\PSoC5/IMU_UM7_PACKETIZER.c ****     return result ;
 214              		.loc 1 72 0
 215 0060 FB7B     		ldrb	r3, [r7, #15]	@ zero_extendqisi2
  73:.\Generated_Source\PSoC5/IMU_UM7_PACKETIZER.c **** }
 216              		.loc 1 73 0
 217 0062 1846     		mov	r0, r3
 218 0064 07F11407 		add	r7, r7, #20
 219 0068 BD46     		mov	sp, r7
 220 006a 90BD     		pop	{r4, r7, pc}
 221              		.cfi_endproc
 222              	.LFE3:
 223              		.size	IMU_UM7_PACKETIZER_BuildPacket, .-IMU_UM7_PACKETIZER_BuildPacket
 224              		.section	.text.IMU_UM7_PACKETIZER_PacketStatus,"ax",%progbits
 225              		.align	2
 226              		.global	IMU_UM7_PACKETIZER_PacketStatus
 227              		.thumb
 228              		.thumb_func
 229              		.type	IMU_UM7_PACKETIZER_PacketStatus, %function
 230              	IMU_UM7_PACKETIZER_PacketStatus:
 231              	.LFB4:
  74:.\Generated_Source\PSoC5/IMU_UM7_PACKETIZER.c **** 
  75:.\Generated_Source\PSoC5/IMU_UM7_PACKETIZER.c **** ///////////////////////////////////////////////////////////////////////////////////////////////////
  76:.\Generated_Source\PSoC5/IMU_UM7_PACKETIZER.c **** 
  77:.\Generated_Source\PSoC5/IMU_UM7_PACKETIZER.c **** PACKET_STATUS IMU_UM7_PACKETIZER_PacketStatus(void)
  78:.\Generated_Source\PSoC5/IMU_UM7_PACKETIZER.c **** {
 232              		.loc 1 78 0
 233              		.cfi_startproc
 234              		@ args = 0, pretend = 0, frame = 0
 235              		@ frame_needed = 1, uses_anonymous_args = 0
 236              		@ link register save eliminated.
 237 0000 80B4     		push	{r7}
 238              	.LCFI11:
 239              		.cfi_def_cfa_offset 4
 240              		.cfi_offset 7, -4
 241 0002 00AF     		add	r7, sp, #0
 242              	.LCFI12:
 243              		.cfi_def_cfa_register 7
  79:.\Generated_Source\PSoC5/IMU_UM7_PACKETIZER.c ****     return IMU_UM7_PACKETIZER_packet_buffer.status ;
 244              		.loc 1 79 0
 245 0004 40F20003 		movw	r3, #:lower16:IMU_UM7_PACKETIZER_packet_buffer
 246 0008 C0F20003 		movt	r3, #:upper16:IMU_UM7_PACKETIZER_packet_buffer
 247 000c 9B7A     		ldrb	r3, [r3, #10]	@ zero_extendqisi2
  80:.\Generated_Source\PSoC5/IMU_UM7_PACKETIZER.c **** }
ARM GAS  C:\Users\GRAZIA~1.RAV\AppData\Local\Temp\ccy2sNbM.s 			page 7


 248              		.loc 1 80 0
 249 000e 1846     		mov	r0, r3
 250 0010 BD46     		mov	sp, r7
 251 0012 80BC     		pop	{r7}
 252 0014 7047     		bx	lr
 253              		.cfi_endproc
 254              	.LFE4:
 255              		.size	IMU_UM7_PACKETIZER_PacketStatus, .-IMU_UM7_PACKETIZER_PacketStatus
 256 0016 00BF     		.section	.text.IMU_UM7_PACKETIZER_InvalidPackets,"ax",%progbits
 257              		.align	2
 258              		.global	IMU_UM7_PACKETIZER_InvalidPackets
 259              		.thumb
 260              		.thumb_func
 261              		.type	IMU_UM7_PACKETIZER_InvalidPackets, %function
 262              	IMU_UM7_PACKETIZER_InvalidPackets:
 263              	.LFB5:
  81:.\Generated_Source\PSoC5/IMU_UM7_PACKETIZER.c **** 
  82:.\Generated_Source\PSoC5/IMU_UM7_PACKETIZER.c **** 
  83:.\Generated_Source\PSoC5/IMU_UM7_PACKETIZER.c **** ///////////////////////////////////////////////////////////////////////////////////////////////////
  84:.\Generated_Source\PSoC5/IMU_UM7_PACKETIZER.c **** 
  85:.\Generated_Source\PSoC5/IMU_UM7_PACKETIZER.c **** WORD IMU_UM7_PACKETIZER_InvalidPackets(BOOL clear)
  86:.\Generated_Source\PSoC5/IMU_UM7_PACKETIZER.c **** {
 264              		.loc 1 86 0
 265              		.cfi_startproc
 266              		@ args = 0, pretend = 0, frame = 16
 267              		@ frame_needed = 1, uses_anonymous_args = 0
 268              		@ link register save eliminated.
 269 0000 80B4     		push	{r7}
 270              	.LCFI13:
 271              		.cfi_def_cfa_offset 4
 272              		.cfi_offset 7, -4
 273 0002 85B0     		sub	sp, sp, #20
 274              	.LCFI14:
 275              		.cfi_def_cfa_offset 24
 276 0004 00AF     		add	r7, sp, #0
 277              	.LCFI15:
 278              		.cfi_def_cfa_register 7
 279 0006 0346     		mov	r3, r0
 280 0008 FB71     		strb	r3, [r7, #7]
  87:.\Generated_Source\PSoC5/IMU_UM7_PACKETIZER.c ****     WORD val = IMU_UM7_PACKETIZER_packet_buffer.invalid_packets ;
 281              		.loc 1 87 0
 282 000a 40F20003 		movw	r3, #:lower16:IMU_UM7_PACKETIZER_packet_buffer
 283 000e C0F20003 		movt	r3, #:upper16:IMU_UM7_PACKETIZER_packet_buffer
 284 0012 9B89     		ldrh	r3, [r3, #12]	@ movhi
 285 0014 FB81     		strh	r3, [r7, #14]	@ movhi
  88:.\Generated_Source\PSoC5/IMU_UM7_PACKETIZER.c ****  
  89:.\Generated_Source\PSoC5/IMU_UM7_PACKETIZER.c ****     if (clear)
 286              		.loc 1 89 0
 287 0016 FB79     		ldrb	r3, [r7, #7]	@ zero_extendqisi2
 288 0018 002B     		cmp	r3, #0
 289 001a 06D0     		beq	.L11
  90:.\Generated_Source\PSoC5/IMU_UM7_PACKETIZER.c ****     {
  91:.\Generated_Source\PSoC5/IMU_UM7_PACKETIZER.c ****         IMU_UM7_PACKETIZER_packet_buffer.invalid_packets = 0 ;
 290              		.loc 1 91 0
 291 001c 40F20003 		movw	r3, #:lower16:IMU_UM7_PACKETIZER_packet_buffer
 292 0020 C0F20003 		movt	r3, #:upper16:IMU_UM7_PACKETIZER_packet_buffer
 293 0024 4FF00002 		mov	r2, #0
ARM GAS  C:\Users\GRAZIA~1.RAV\AppData\Local\Temp\ccy2sNbM.s 			page 8


 294 0028 9A81     		strh	r2, [r3, #12]	@ movhi
 295              	.L11:
  92:.\Generated_Source\PSoC5/IMU_UM7_PACKETIZER.c ****     }
  93:.\Generated_Source\PSoC5/IMU_UM7_PACKETIZER.c ****     
  94:.\Generated_Source\PSoC5/IMU_UM7_PACKETIZER.c ****     return val ;
 296              		.loc 1 94 0
 297 002a FB89     		ldrh	r3, [r7, #14]
  95:.\Generated_Source\PSoC5/IMU_UM7_PACKETIZER.c **** }
 298              		.loc 1 95 0
 299 002c 1846     		mov	r0, r3
 300 002e 07F11407 		add	r7, r7, #20
 301 0032 BD46     		mov	sp, r7
 302 0034 80BC     		pop	{r7}
 303 0036 7047     		bx	lr
 304              		.cfi_endproc
 305              	.LFE5:
 306              		.size	IMU_UM7_PACKETIZER_InvalidPackets, .-IMU_UM7_PACKETIZER_InvalidPackets
 307              		.section	.text.IMU_UM7_PACKETIZER_Debug,"ax",%progbits
 308              		.align	2
 309              		.global	IMU_UM7_PACKETIZER_Debug
 310              		.thumb
 311              		.thumb_func
 312              		.type	IMU_UM7_PACKETIZER_Debug, %function
 313              	IMU_UM7_PACKETIZER_Debug:
 314              	.LFB6:
  96:.\Generated_Source\PSoC5/IMU_UM7_PACKETIZER.c **** 
  97:.\Generated_Source\PSoC5/IMU_UM7_PACKETIZER.c **** 
  98:.\Generated_Source\PSoC5/IMU_UM7_PACKETIZER.c **** ///////////////////////////////////////////////////////////////////////////////////////////////////
  99:.\Generated_Source\PSoC5/IMU_UM7_PACKETIZER.c **** 
 100:.\Generated_Source\PSoC5/IMU_UM7_PACKETIZER.c **** void IMU_UM7_PACKETIZER_Debug(BOOL debug)
 101:.\Generated_Source\PSoC5/IMU_UM7_PACKETIZER.c **** {
 315              		.loc 1 101 0
 316              		.cfi_startproc
 317              		@ args = 0, pretend = 0, frame = 8
 318              		@ frame_needed = 1, uses_anonymous_args = 0
 319              		@ link register save eliminated.
 320 0000 80B4     		push	{r7}
 321              	.LCFI16:
 322              		.cfi_def_cfa_offset 4
 323              		.cfi_offset 7, -4
 324 0002 83B0     		sub	sp, sp, #12
 325              	.LCFI17:
 326              		.cfi_def_cfa_offset 16
 327 0004 00AF     		add	r7, sp, #0
 328              	.LCFI18:
 329              		.cfi_def_cfa_register 7
 330 0006 0346     		mov	r3, r0
 331 0008 FB71     		strb	r3, [r7, #7]
 102:.\Generated_Source\PSoC5/IMU_UM7_PACKETIZER.c ****     IMU_UM7_PACKETIZER_debug = debug ;
 332              		.loc 1 102 0
 333 000a 40F20003 		movw	r3, #:lower16:IMU_UM7_PACKETIZER_debug
 334 000e C0F20003 		movt	r3, #:upper16:IMU_UM7_PACKETIZER_debug
 335 0012 FA79     		ldrb	r2, [r7, #7]
 336 0014 1A70     		strb	r2, [r3, #0]
 103:.\Generated_Source\PSoC5/IMU_UM7_PACKETIZER.c **** }
 337              		.loc 1 103 0
 338 0016 07F10C07 		add	r7, r7, #12
ARM GAS  C:\Users\GRAZIA~1.RAV\AppData\Local\Temp\ccy2sNbM.s 			page 9


 339 001a BD46     		mov	sp, r7
 340 001c 80BC     		pop	{r7}
 341 001e 7047     		bx	lr
 342              		.cfi_endproc
 343              	.LFE6:
 344              		.size	IMU_UM7_PACKETIZER_Debug, .-IMU_UM7_PACKETIZER_Debug
 345              		.text
 346              	.Letext0:
 347              		.file 2 "./ME_common.h"
 348              		.file 3 "./ME_lib_packetizer.h"
 349              		.section	.debug_info,"",%progbits
 350              	.Ldebug_info0:
 351 0000 6A030000 		.4byte	0x36a
 352 0004 0200     		.2byte	0x2
 353 0006 00000000 		.4byte	.Ldebug_abbrev0
 354 000a 04       		.byte	0x4
 355 000b 01       		.uleb128 0x1
 356 000c EE020000 		.4byte	.LASF46
 357 0010 01       		.byte	0x1
 358 0011 19020000 		.4byte	.LASF47
 359 0015 0C010000 		.4byte	.LASF48
 360 0019 00000000 		.4byte	.Ldebug_ranges0+0
 361 001d 00000000 		.4byte	0
 362 0021 00000000 		.4byte	0
 363 0025 00000000 		.4byte	.Ldebug_line0
 364 0029 02       		.uleb128 0x2
 365 002a 04       		.byte	0x4
 366 002b 07       		.byte	0x7
 367 002c 9D010000 		.4byte	.LASF0
 368 0030 02       		.uleb128 0x2
 369 0031 01       		.byte	0x1
 370 0032 06       		.byte	0x6
 371 0033 76030000 		.4byte	.LASF1
 372 0037 02       		.uleb128 0x2
 373 0038 01       		.byte	0x1
 374 0039 08       		.byte	0x8
 375 003a 8A000000 		.4byte	.LASF2
 376 003e 02       		.uleb128 0x2
 377 003f 02       		.byte	0x2
 378 0040 05       		.byte	0x5
 379 0041 02010000 		.4byte	.LASF3
 380 0045 02       		.uleb128 0x2
 381 0046 02       		.byte	0x2
 382 0047 07       		.byte	0x7
 383 0048 BA000000 		.4byte	.LASF4
 384 004c 03       		.uleb128 0x3
 385 004d 04       		.byte	0x4
 386 004e 05       		.byte	0x5
 387 004f 696E7400 		.ascii	"int\000"
 388 0053 02       		.uleb128 0x2
 389 0054 08       		.byte	0x8
 390 0055 05       		.byte	0x5
 391 0056 50020000 		.4byte	.LASF5
 392 005a 02       		.uleb128 0x2
 393 005b 08       		.byte	0x8
 394 005c 07       		.byte	0x7
 395 005d C9010000 		.4byte	.LASF6
ARM GAS  C:\Users\GRAZIA~1.RAV\AppData\Local\Temp\ccy2sNbM.s 			page 10


 396 0061 02       		.uleb128 0x2
 397 0062 04       		.byte	0x4
 398 0063 05       		.byte	0x5
 399 0064 48030000 		.4byte	.LASF7
 400 0068 02       		.uleb128 0x2
 401 0069 04       		.byte	0x4
 402 006a 07       		.byte	0x7
 403 006b 47020000 		.4byte	.LASF8
 404 006f 02       		.uleb128 0x2
 405 0070 04       		.byte	0x4
 406 0071 07       		.byte	0x7
 407 0072 A8000000 		.4byte	.LASF9
 408 0076 02       		.uleb128 0x2
 409 0077 01       		.byte	0x1
 410 0078 08       		.byte	0x8
 411 0079 51030000 		.4byte	.LASF10
 412 007d 02       		.uleb128 0x2
 413 007e 04       		.byte	0x4
 414 007f 04       		.byte	0x4
 415 0080 84000000 		.4byte	.LASF11
 416 0084 02       		.uleb128 0x2
 417 0085 08       		.byte	0x8
 418 0086 04       		.byte	0x4
 419 0087 FB000000 		.4byte	.LASF12
 420 008b 04       		.uleb128 0x4
 421 008c 3C000000 		.4byte	.LASF13
 422 0090 02       		.byte	0x2
 423 0091 34       		.byte	0x34
 424 0092 37000000 		.4byte	0x37
 425 0096 04       		.uleb128 0x4
 426 0097 28000000 		.4byte	.LASF14
 427 009b 02       		.byte	0x2
 428 009c 35       		.byte	0x35
 429 009d 45000000 		.4byte	0x45
 430 00a1 05       		.uleb128 0x5
 431 00a2 1C000000 		.4byte	.LASF17
 432 00a6 01       		.byte	0x1
 433 00a7 02       		.byte	0x2
 434 00a8 3D       		.byte	0x3d
 435 00a9 BA000000 		.4byte	0xba
 436 00ad 06       		.uleb128 0x6
 437 00ae 87020000 		.4byte	.LASF15
 438 00b2 00       		.sleb128 0
 439 00b3 06       		.uleb128 0x6
 440 00b4 00000000 		.4byte	.LASF16
 441 00b8 01       		.sleb128 1
 442 00b9 00       		.byte	0
 443 00ba 04       		.uleb128 0x4
 444 00bb 1C000000 		.4byte	.LASF17
 445 00bf 02       		.byte	0x2
 446 00c0 41       		.byte	0x41
 447 00c1 A1000000 		.4byte	0xa1
 448 00c5 04       		.uleb128 0x4
 449 00c6 37030000 		.4byte	.LASF18
 450 00ca 03       		.byte	0x3
 451 00cb 39       		.byte	0x39
 452 00cc D0000000 		.4byte	0xd0
ARM GAS  C:\Users\GRAZIA~1.RAV\AppData\Local\Temp\ccy2sNbM.s 			page 11


 453 00d0 07       		.uleb128 0x7
 454 00d1 04       		.byte	0x4
 455 00d2 D6000000 		.4byte	0xd6
 456 00d6 08       		.uleb128 0x8
 457 00d7 01       		.byte	0x1
 458 00d8 8B000000 		.4byte	0x8b
 459 00dc E6000000 		.4byte	0xe6
 460 00e0 09       		.uleb128 0x9
 461 00e1 E6000000 		.4byte	0xe6
 462 00e5 00       		.byte	0
 463 00e6 07       		.uleb128 0x7
 464 00e7 04       		.byte	0x4
 465 00e8 8B000000 		.4byte	0x8b
 466 00ec 04       		.uleb128 0x4
 467 00ed 05000000 		.4byte	.LASF19
 468 00f1 03       		.byte	0x3
 469 00f2 3A       		.byte	0x3a
 470 00f3 F7000000 		.4byte	0xf7
 471 00f7 07       		.uleb128 0x7
 472 00f8 04       		.byte	0x4
 473 00f9 FD000000 		.4byte	0xfd
 474 00fd 08       		.uleb128 0x8
 475 00fe 01       		.byte	0x1
 476 00ff BA000000 		.4byte	0xba
 477 0103 12010000 		.4byte	0x112
 478 0107 09       		.uleb128 0x9
 479 0108 E6000000 		.4byte	0xe6
 480 010c 09       		.uleb128 0x9
 481 010d 8B000000 		.4byte	0x8b
 482 0111 00       		.byte	0
 483 0112 05       		.uleb128 0x5
 484 0113 AE030000 		.4byte	.LASF20
 485 0117 01       		.byte	0x1
 486 0118 03       		.byte	0x3
 487 0119 3F       		.byte	0x3f
 488 011a 3E010000 		.4byte	0x13e
 489 011e 06       		.uleb128 0x6
 490 011f CD000000 		.4byte	.LASF21
 491 0123 01       		.sleb128 1
 492 0124 06       		.uleb128 0x6
 493 0125 8D020000 		.4byte	.LASF22
 494 0129 02       		.sleb128 2
 495 012a 06       		.uleb128 0x6
 496 012b 6E000000 		.4byte	.LASF23
 497 012f 03       		.sleb128 3
 498 0130 06       		.uleb128 0x6
 499 0131 2D000000 		.4byte	.LASF24
 500 0135 00       		.sleb128 0
 501 0136 06       		.uleb128 0x6
 502 0137 E1020000 		.4byte	.LASF25
 503 013b FF01     		.sleb128 255
 504 013d 00       		.byte	0
 505 013e 04       		.uleb128 0x4
 506 013f AE030000 		.4byte	.LASF20
 507 0143 03       		.byte	0x3
 508 0144 46       		.byte	0x46
 509 0145 12010000 		.4byte	0x112
ARM GAS  C:\Users\GRAZIA~1.RAV\AppData\Local\Temp\ccy2sNbM.s 			page 12


 510 0149 0A       		.uleb128 0xa
 511 014a BB010000 		.4byte	.LASF34
 512 014e 18       		.byte	0x18
 513 014f 03       		.byte	0x3
 514 0150 58       		.byte	0x58
 515 0151 F0010000 		.4byte	0x1f0
 516 0155 0B       		.uleb128 0xb
 517 0156 21000000 		.4byte	.LASF26
 518 015a 03       		.byte	0x3
 519 015b 5A       		.byte	0x5a
 520 015c E6000000 		.4byte	0xe6
 521 0160 02       		.byte	0x2
 522 0161 23       		.byte	0x23
 523 0162 00       		.uleb128 0
 524 0163 0C       		.uleb128 0xc
 525 0164 69647800 		.ascii	"idx\000"
 526 0168 03       		.byte	0x3
 527 0169 5B       		.byte	0x5b
 528 016a 8B000000 		.4byte	0x8b
 529 016e 02       		.byte	0x2
 530 016f 23       		.byte	0x23
 531 0170 04       		.uleb128 0x4
 532 0171 0B       		.uleb128 0xb
 533 0172 A6030000 		.4byte	.LASF27
 534 0176 03       		.byte	0x3
 535 0177 5C       		.byte	0x5c
 536 0178 8B000000 		.4byte	0x8b
 537 017c 02       		.byte	0x2
 538 017d 23       		.byte	0x23
 539 017e 05       		.uleb128 0x5
 540 017f 0B       		.uleb128 0xb
 541 0180 37000000 		.4byte	.LASF28
 542 0184 03       		.byte	0x3
 543 0185 5D       		.byte	0x5d
 544 0186 8B000000 		.4byte	0x8b
 545 018a 02       		.byte	0x2
 546 018b 23       		.byte	0x23
 547 018c 06       		.uleb128 0x6
 548 018d 0C       		.uleb128 0xc
 549 018e 6C656E00 		.ascii	"len\000"
 550 0192 03       		.byte	0x3
 551 0193 5E       		.byte	0x5e
 552 0194 8B000000 		.4byte	0x8b
 553 0198 02       		.byte	0x2
 554 0199 23       		.byte	0x23
 555 019a 07       		.uleb128 0x7
 556 019b 0B       		.uleb128 0xb
 557 019c 7C010000 		.4byte	.LASF29
 558 01a0 03       		.byte	0x3
 559 01a1 5F       		.byte	0x5f
 560 01a2 8B000000 		.4byte	0x8b
 561 01a6 02       		.byte	0x2
 562 01a7 23       		.byte	0x23
 563 01a8 08       		.uleb128 0x8
 564 01a9 0C       		.uleb128 0xc
 565 01aa 736F7000 		.ascii	"sop\000"
 566 01ae 03       		.byte	0x3
ARM GAS  C:\Users\GRAZIA~1.RAV\AppData\Local\Temp\ccy2sNbM.s 			page 13


 567 01af 60       		.byte	0x60
 568 01b0 8B000000 		.4byte	0x8b
 569 01b4 02       		.byte	0x2
 570 01b5 23       		.byte	0x23
 571 01b6 09       		.uleb128 0x9
 572 01b7 0B       		.uleb128 0xb
 573 01b8 67000000 		.4byte	.LASF30
 574 01bc 03       		.byte	0x3
 575 01bd 61       		.byte	0x61
 576 01be 3E010000 		.4byte	0x13e
 577 01c2 02       		.byte	0x2
 578 01c3 23       		.byte	0x23
 579 01c4 0A       		.uleb128 0xa
 580 01c5 0B       		.uleb128 0xb
 581 01c6 98000000 		.4byte	.LASF31
 582 01ca 03       		.byte	0x3
 583 01cb 62       		.byte	0x62
 584 01cc 96000000 		.4byte	0x96
 585 01d0 02       		.byte	0x2
 586 01d1 23       		.byte	0x23
 587 01d2 0C       		.uleb128 0xc
 588 01d3 0B       		.uleb128 0xb
 589 01d4 5E020000 		.4byte	.LASF32
 590 01d8 03       		.byte	0x3
 591 01d9 63       		.byte	0x63
 592 01da C5000000 		.4byte	0xc5
 593 01de 02       		.byte	0x2
 594 01df 23       		.byte	0x23
 595 01e0 10       		.uleb128 0x10
 596 01e1 0B       		.uleb128 0xb
 597 01e2 AA010000 		.4byte	.LASF33
 598 01e6 03       		.byte	0x3
 599 01e7 64       		.byte	0x64
 600 01e8 EC000000 		.4byte	0xec
 601 01ec 02       		.byte	0x2
 602 01ed 23       		.byte	0x23
 603 01ee 14       		.uleb128 0x14
 604 01ef 00       		.byte	0
 605 01f0 04       		.uleb128 0x4
 606 01f1 BB010000 		.4byte	.LASF34
 607 01f5 03       		.byte	0x3
 608 01f6 65       		.byte	0x65
 609 01f7 49010000 		.4byte	0x149
 610 01fb 0D       		.uleb128 0xd
 611 01fc 01       		.byte	0x1
 612 01fd 6F020000 		.4byte	.LASF35
 613 0201 01       		.byte	0x1
 614 0202 16       		.byte	0x16
 615 0203 01       		.byte	0x1
 616 0204 E6000000 		.4byte	0xe6
 617 0208 00000000 		.4byte	.LFB0
 618 020c 46000000 		.4byte	.LFE0
 619 0210 00000000 		.4byte	.LLST0
 620 0214 01       		.byte	0x1
 621 0215 34020000 		.4byte	0x234
 622 0219 0E       		.uleb128 0xe
 623 021a 687600   		.ascii	"hv\000"
ARM GAS  C:\Users\GRAZIA~1.RAV\AppData\Local\Temp\ccy2sNbM.s 			page 14


 624 021d 01       		.byte	0x1
 625 021e 16       		.byte	0x16
 626 021f C5000000 		.4byte	0xc5
 627 0223 02       		.byte	0x2
 628 0224 91       		.byte	0x91
 629 0225 74       		.sleb128 -12
 630 0226 0E       		.uleb128 0xe
 631 0227 707600   		.ascii	"pv\000"
 632 022a 01       		.byte	0x1
 633 022b 16       		.byte	0x16
 634 022c EC000000 		.4byte	0xec
 635 0230 02       		.byte	0x2
 636 0231 91       		.byte	0x91
 637 0232 70       		.sleb128 -16
 638 0233 00       		.byte	0
 639 0234 0F       		.uleb128 0xf
 640 0235 01       		.byte	0x1
 641 0236 82030000 		.4byte	.LASF40
 642 023a 01       		.byte	0x1
 643 023b 27       		.byte	0x27
 644 023c 01       		.byte	0x1
 645 023d 00000000 		.4byte	.LFB1
 646 0241 20000000 		.4byte	.LFE1
 647 0245 38000000 		.4byte	.LLST1
 648 0249 01       		.byte	0x1
 649 024a 5D020000 		.4byte	0x25d
 650 024e 0E       		.uleb128 0xe
 651 024f 736F7000 		.ascii	"sop\000"
 652 0253 01       		.byte	0x1
 653 0254 27       		.byte	0x27
 654 0255 8B000000 		.4byte	0x8b
 655 0259 02       		.byte	0x2
 656 025a 91       		.byte	0x91
 657 025b 77       		.sleb128 -9
 658 025c 00       		.byte	0
 659 025d 10       		.uleb128 0x10
 660 025e 01       		.byte	0x1
 661 025f E0010000 		.4byte	.LASF49
 662 0263 01       		.byte	0x1
 663 0264 2F       		.byte	0x2f
 664 0265 01       		.byte	0x1
 665 0266 00000000 		.4byte	.LFB2
 666 026a 12000000 		.4byte	.LFE2
 667 026e 70000000 		.4byte	.LLST2
 668 0272 01       		.byte	0x1
 669 0273 0D       		.uleb128 0xd
 670 0274 01       		.byte	0x1
 671 0275 DC000000 		.4byte	.LASF36
 672 0279 01       		.byte	0x1
 673 027a 37       		.byte	0x37
 674 027b 01       		.byte	0x1
 675 027c BA000000 		.4byte	0xba
 676 0280 00000000 		.4byte	.LFB3
 677 0284 6C000000 		.4byte	.LFE3
 678 0288 9C000000 		.4byte	.LLST3
 679 028c 01       		.byte	0x1
 680 028d AC020000 		.4byte	0x2ac
ARM GAS  C:\Users\GRAZIA~1.RAV\AppData\Local\Temp\ccy2sNbM.s 			page 15


 681 0291 0E       		.uleb128 0xe
 682 0292 6200     		.ascii	"b\000"
 683 0294 01       		.byte	0x1
 684 0295 37       		.byte	0x37
 685 0296 8B000000 		.4byte	0x8b
 686 029a 02       		.byte	0x2
 687 029b 91       		.byte	0x91
 688 029c 67       		.sleb128 -25
 689 029d 11       		.uleb128 0x11
 690 029e F9010000 		.4byte	.LASF39
 691 02a2 01       		.byte	0x1
 692 02a3 39       		.byte	0x39
 693 02a4 BA000000 		.4byte	0xba
 694 02a8 02       		.byte	0x2
 695 02a9 91       		.byte	0x91
 696 02aa 6F       		.sleb128 -17
 697 02ab 00       		.byte	0
 698 02ac 12       		.uleb128 0x12
 699 02ad 01       		.byte	0x1
 700 02ae 56030000 		.4byte	.LASF50
 701 02b2 01       		.byte	0x1
 702 02b3 4D       		.byte	0x4d
 703 02b4 01       		.byte	0x1
 704 02b5 3E010000 		.4byte	0x13e
 705 02b9 00000000 		.4byte	.LFB4
 706 02bd 16000000 		.4byte	.LFE4
 707 02c1 D4000000 		.4byte	.LLST4
 708 02c5 01       		.byte	0x1
 709 02c6 13       		.uleb128 0x13
 710 02c7 01       		.byte	0x1
 711 02c8 9E020000 		.4byte	.LASF37
 712 02cc 01       		.byte	0x1
 713 02cd 55       		.byte	0x55
 714 02ce 01       		.byte	0x1
 715 02cf 96000000 		.4byte	0x96
 716 02d3 00000000 		.4byte	.LFB5
 717 02d7 38000000 		.4byte	.LFE5
 718 02db 00010000 		.4byte	.LLST5
 719 02df 01       		.byte	0x1
 720 02e0 01030000 		.4byte	0x301
 721 02e4 14       		.uleb128 0x14
 722 02e5 16000000 		.4byte	.LASF38
 723 02e9 01       		.byte	0x1
 724 02ea 55       		.byte	0x55
 725 02eb BA000000 		.4byte	0xba
 726 02ef 02       		.byte	0x2
 727 02f0 91       		.byte	0x91
 728 02f1 6F       		.sleb128 -17
 729 02f2 15       		.uleb128 0x15
 730 02f3 76616C00 		.ascii	"val\000"
 731 02f7 01       		.byte	0x1
 732 02f8 57       		.byte	0x57
 733 02f9 96000000 		.4byte	0x96
 734 02fd 02       		.byte	0x2
 735 02fe 91       		.byte	0x91
 736 02ff 76       		.sleb128 -10
 737 0300 00       		.byte	0
ARM GAS  C:\Users\GRAZIA~1.RAV\AppData\Local\Temp\ccy2sNbM.s 			page 16


 738 0301 0F       		.uleb128 0xf
 739 0302 01       		.byte	0x1
 740 0303 00020000 		.4byte	.LASF41
 741 0307 01       		.byte	0x1
 742 0308 64       		.byte	0x64
 743 0309 01       		.byte	0x1
 744 030a 00000000 		.4byte	.LFB6
 745 030e 20000000 		.4byte	.LFE6
 746 0312 38010000 		.4byte	.LLST6
 747 0316 01       		.byte	0x1
 748 0317 2A030000 		.4byte	0x32a
 749 031b 14       		.uleb128 0x14
 750 031c 7E000000 		.4byte	.LASF42
 751 0320 01       		.byte	0x1
 752 0321 64       		.byte	0x64
 753 0322 BA000000 		.4byte	0xba
 754 0326 02       		.byte	0x2
 755 0327 91       		.byte	0x91
 756 0328 77       		.sleb128 -9
 757 0329 00       		.byte	0
 758 032a 16       		.uleb128 0x16
 759 032b 8B000000 		.4byte	0x8b
 760 032f 3A030000 		.4byte	0x33a
 761 0333 17       		.uleb128 0x17
 762 0334 68000000 		.4byte	0x68
 763 0338 1F       		.byte	0x1f
 764 0339 00       		.byte	0
 765 033a 11       		.uleb128 0x11
 766 033b 41000000 		.4byte	.LASF43
 767 033f 01       		.byte	0x1
 768 0340 10       		.byte	0x10
 769 0341 2A030000 		.4byte	0x32a
 770 0345 05       		.byte	0x5
 771 0346 03       		.byte	0x3
 772 0347 00000000 		.4byte	IMU_UM7_PACKETIZER_packet_buffer_data
 773 034b 11       		.uleb128 0x11
 774 034c C0020000 		.4byte	.LASF44
 775 0350 01       		.byte	0x1
 776 0351 11       		.byte	0x11
 777 0352 F0010000 		.4byte	0x1f0
 778 0356 05       		.byte	0x5
 779 0357 03       		.byte	0x3
 780 0358 20000000 		.4byte	IMU_UM7_PACKETIZER_packet_buffer
 781 035c 11       		.uleb128 0x11
 782 035d 84010000 		.4byte	.LASF45
 783 0361 01       		.byte	0x1
 784 0362 12       		.byte	0x12
 785 0363 BA000000 		.4byte	0xba
 786 0367 05       		.byte	0x5
 787 0368 03       		.byte	0x3
 788 0369 38000000 		.4byte	IMU_UM7_PACKETIZER_debug
 789 036d 00       		.byte	0
 790              		.section	.debug_abbrev,"",%progbits
 791              	.Ldebug_abbrev0:
 792 0000 01       		.uleb128 0x1
 793 0001 11       		.uleb128 0x11
 794 0002 01       		.byte	0x1
ARM GAS  C:\Users\GRAZIA~1.RAV\AppData\Local\Temp\ccy2sNbM.s 			page 17


 795 0003 25       		.uleb128 0x25
 796 0004 0E       		.uleb128 0xe
 797 0005 13       		.uleb128 0x13
 798 0006 0B       		.uleb128 0xb
 799 0007 03       		.uleb128 0x3
 800 0008 0E       		.uleb128 0xe
 801 0009 1B       		.uleb128 0x1b
 802 000a 0E       		.uleb128 0xe
 803 000b 55       		.uleb128 0x55
 804 000c 06       		.uleb128 0x6
 805 000d 11       		.uleb128 0x11
 806 000e 01       		.uleb128 0x1
 807 000f 52       		.uleb128 0x52
 808 0010 01       		.uleb128 0x1
 809 0011 10       		.uleb128 0x10
 810 0012 06       		.uleb128 0x6
 811 0013 00       		.byte	0
 812 0014 00       		.byte	0
 813 0015 02       		.uleb128 0x2
 814 0016 24       		.uleb128 0x24
 815 0017 00       		.byte	0
 816 0018 0B       		.uleb128 0xb
 817 0019 0B       		.uleb128 0xb
 818 001a 3E       		.uleb128 0x3e
 819 001b 0B       		.uleb128 0xb
 820 001c 03       		.uleb128 0x3
 821 001d 0E       		.uleb128 0xe
 822 001e 00       		.byte	0
 823 001f 00       		.byte	0
 824 0020 03       		.uleb128 0x3
 825 0021 24       		.uleb128 0x24
 826 0022 00       		.byte	0
 827 0023 0B       		.uleb128 0xb
 828 0024 0B       		.uleb128 0xb
 829 0025 3E       		.uleb128 0x3e
 830 0026 0B       		.uleb128 0xb
 831 0027 03       		.uleb128 0x3
 832 0028 08       		.uleb128 0x8
 833 0029 00       		.byte	0
 834 002a 00       		.byte	0
 835 002b 04       		.uleb128 0x4
 836 002c 16       		.uleb128 0x16
 837 002d 00       		.byte	0
 838 002e 03       		.uleb128 0x3
 839 002f 0E       		.uleb128 0xe
 840 0030 3A       		.uleb128 0x3a
 841 0031 0B       		.uleb128 0xb
 842 0032 3B       		.uleb128 0x3b
 843 0033 0B       		.uleb128 0xb
 844 0034 49       		.uleb128 0x49
 845 0035 13       		.uleb128 0x13
 846 0036 00       		.byte	0
 847 0037 00       		.byte	0
 848 0038 05       		.uleb128 0x5
 849 0039 04       		.uleb128 0x4
 850 003a 01       		.byte	0x1
 851 003b 03       		.uleb128 0x3
ARM GAS  C:\Users\GRAZIA~1.RAV\AppData\Local\Temp\ccy2sNbM.s 			page 18


 852 003c 0E       		.uleb128 0xe
 853 003d 0B       		.uleb128 0xb
 854 003e 0B       		.uleb128 0xb
 855 003f 3A       		.uleb128 0x3a
 856 0040 0B       		.uleb128 0xb
 857 0041 3B       		.uleb128 0x3b
 858 0042 0B       		.uleb128 0xb
 859 0043 01       		.uleb128 0x1
 860 0044 13       		.uleb128 0x13
 861 0045 00       		.byte	0
 862 0046 00       		.byte	0
 863 0047 06       		.uleb128 0x6
 864 0048 28       		.uleb128 0x28
 865 0049 00       		.byte	0
 866 004a 03       		.uleb128 0x3
 867 004b 0E       		.uleb128 0xe
 868 004c 1C       		.uleb128 0x1c
 869 004d 0D       		.uleb128 0xd
 870 004e 00       		.byte	0
 871 004f 00       		.byte	0
 872 0050 07       		.uleb128 0x7
 873 0051 0F       		.uleb128 0xf
 874 0052 00       		.byte	0
 875 0053 0B       		.uleb128 0xb
 876 0054 0B       		.uleb128 0xb
 877 0055 49       		.uleb128 0x49
 878 0056 13       		.uleb128 0x13
 879 0057 00       		.byte	0
 880 0058 00       		.byte	0
 881 0059 08       		.uleb128 0x8
 882 005a 15       		.uleb128 0x15
 883 005b 01       		.byte	0x1
 884 005c 27       		.uleb128 0x27
 885 005d 0C       		.uleb128 0xc
 886 005e 49       		.uleb128 0x49
 887 005f 13       		.uleb128 0x13
 888 0060 01       		.uleb128 0x1
 889 0061 13       		.uleb128 0x13
 890 0062 00       		.byte	0
 891 0063 00       		.byte	0
 892 0064 09       		.uleb128 0x9
 893 0065 05       		.uleb128 0x5
 894 0066 00       		.byte	0
 895 0067 49       		.uleb128 0x49
 896 0068 13       		.uleb128 0x13
 897 0069 00       		.byte	0
 898 006a 00       		.byte	0
 899 006b 0A       		.uleb128 0xa
 900 006c 13       		.uleb128 0x13
 901 006d 01       		.byte	0x1
 902 006e 03       		.uleb128 0x3
 903 006f 0E       		.uleb128 0xe
 904 0070 0B       		.uleb128 0xb
 905 0071 0B       		.uleb128 0xb
 906 0072 3A       		.uleb128 0x3a
 907 0073 0B       		.uleb128 0xb
 908 0074 3B       		.uleb128 0x3b
ARM GAS  C:\Users\GRAZIA~1.RAV\AppData\Local\Temp\ccy2sNbM.s 			page 19


 909 0075 0B       		.uleb128 0xb
 910 0076 01       		.uleb128 0x1
 911 0077 13       		.uleb128 0x13
 912 0078 00       		.byte	0
 913 0079 00       		.byte	0
 914 007a 0B       		.uleb128 0xb
 915 007b 0D       		.uleb128 0xd
 916 007c 00       		.byte	0
 917 007d 03       		.uleb128 0x3
 918 007e 0E       		.uleb128 0xe
 919 007f 3A       		.uleb128 0x3a
 920 0080 0B       		.uleb128 0xb
 921 0081 3B       		.uleb128 0x3b
 922 0082 0B       		.uleb128 0xb
 923 0083 49       		.uleb128 0x49
 924 0084 13       		.uleb128 0x13
 925 0085 38       		.uleb128 0x38
 926 0086 0A       		.uleb128 0xa
 927 0087 00       		.byte	0
 928 0088 00       		.byte	0
 929 0089 0C       		.uleb128 0xc
 930 008a 0D       		.uleb128 0xd
 931 008b 00       		.byte	0
 932 008c 03       		.uleb128 0x3
 933 008d 08       		.uleb128 0x8
 934 008e 3A       		.uleb128 0x3a
 935 008f 0B       		.uleb128 0xb
 936 0090 3B       		.uleb128 0x3b
 937 0091 0B       		.uleb128 0xb
 938 0092 49       		.uleb128 0x49
 939 0093 13       		.uleb128 0x13
 940 0094 38       		.uleb128 0x38
 941 0095 0A       		.uleb128 0xa
 942 0096 00       		.byte	0
 943 0097 00       		.byte	0
 944 0098 0D       		.uleb128 0xd
 945 0099 2E       		.uleb128 0x2e
 946 009a 01       		.byte	0x1
 947 009b 3F       		.uleb128 0x3f
 948 009c 0C       		.uleb128 0xc
 949 009d 03       		.uleb128 0x3
 950 009e 0E       		.uleb128 0xe
 951 009f 3A       		.uleb128 0x3a
 952 00a0 0B       		.uleb128 0xb
 953 00a1 3B       		.uleb128 0x3b
 954 00a2 0B       		.uleb128 0xb
 955 00a3 27       		.uleb128 0x27
 956 00a4 0C       		.uleb128 0xc
 957 00a5 49       		.uleb128 0x49
 958 00a6 13       		.uleb128 0x13
 959 00a7 11       		.uleb128 0x11
 960 00a8 01       		.uleb128 0x1
 961 00a9 12       		.uleb128 0x12
 962 00aa 01       		.uleb128 0x1
 963 00ab 40       		.uleb128 0x40
 964 00ac 06       		.uleb128 0x6
 965 00ad 9642     		.uleb128 0x2116
ARM GAS  C:\Users\GRAZIA~1.RAV\AppData\Local\Temp\ccy2sNbM.s 			page 20


 966 00af 0C       		.uleb128 0xc
 967 00b0 01       		.uleb128 0x1
 968 00b1 13       		.uleb128 0x13
 969 00b2 00       		.byte	0
 970 00b3 00       		.byte	0
 971 00b4 0E       		.uleb128 0xe
 972 00b5 05       		.uleb128 0x5
 973 00b6 00       		.byte	0
 974 00b7 03       		.uleb128 0x3
 975 00b8 08       		.uleb128 0x8
 976 00b9 3A       		.uleb128 0x3a
 977 00ba 0B       		.uleb128 0xb
 978 00bb 3B       		.uleb128 0x3b
 979 00bc 0B       		.uleb128 0xb
 980 00bd 49       		.uleb128 0x49
 981 00be 13       		.uleb128 0x13
 982 00bf 02       		.uleb128 0x2
 983 00c0 0A       		.uleb128 0xa
 984 00c1 00       		.byte	0
 985 00c2 00       		.byte	0
 986 00c3 0F       		.uleb128 0xf
 987 00c4 2E       		.uleb128 0x2e
 988 00c5 01       		.byte	0x1
 989 00c6 3F       		.uleb128 0x3f
 990 00c7 0C       		.uleb128 0xc
 991 00c8 03       		.uleb128 0x3
 992 00c9 0E       		.uleb128 0xe
 993 00ca 3A       		.uleb128 0x3a
 994 00cb 0B       		.uleb128 0xb
 995 00cc 3B       		.uleb128 0x3b
 996 00cd 0B       		.uleb128 0xb
 997 00ce 27       		.uleb128 0x27
 998 00cf 0C       		.uleb128 0xc
 999 00d0 11       		.uleb128 0x11
 1000 00d1 01       		.uleb128 0x1
 1001 00d2 12       		.uleb128 0x12
 1002 00d3 01       		.uleb128 0x1
 1003 00d4 40       		.uleb128 0x40
 1004 00d5 06       		.uleb128 0x6
 1005 00d6 9742     		.uleb128 0x2117
 1006 00d8 0C       		.uleb128 0xc
 1007 00d9 01       		.uleb128 0x1
 1008 00da 13       		.uleb128 0x13
 1009 00db 00       		.byte	0
 1010 00dc 00       		.byte	0
 1011 00dd 10       		.uleb128 0x10
 1012 00de 2E       		.uleb128 0x2e
 1013 00df 00       		.byte	0
 1014 00e0 3F       		.uleb128 0x3f
 1015 00e1 0C       		.uleb128 0xc
 1016 00e2 03       		.uleb128 0x3
 1017 00e3 0E       		.uleb128 0xe
 1018 00e4 3A       		.uleb128 0x3a
 1019 00e5 0B       		.uleb128 0xb
 1020 00e6 3B       		.uleb128 0x3b
 1021 00e7 0B       		.uleb128 0xb
 1022 00e8 27       		.uleb128 0x27
ARM GAS  C:\Users\GRAZIA~1.RAV\AppData\Local\Temp\ccy2sNbM.s 			page 21


 1023 00e9 0C       		.uleb128 0xc
 1024 00ea 11       		.uleb128 0x11
 1025 00eb 01       		.uleb128 0x1
 1026 00ec 12       		.uleb128 0x12
 1027 00ed 01       		.uleb128 0x1
 1028 00ee 40       		.uleb128 0x40
 1029 00ef 06       		.uleb128 0x6
 1030 00f0 9642     		.uleb128 0x2116
 1031 00f2 0C       		.uleb128 0xc
 1032 00f3 00       		.byte	0
 1033 00f4 00       		.byte	0
 1034 00f5 11       		.uleb128 0x11
 1035 00f6 34       		.uleb128 0x34
 1036 00f7 00       		.byte	0
 1037 00f8 03       		.uleb128 0x3
 1038 00f9 0E       		.uleb128 0xe
 1039 00fa 3A       		.uleb128 0x3a
 1040 00fb 0B       		.uleb128 0xb
 1041 00fc 3B       		.uleb128 0x3b
 1042 00fd 0B       		.uleb128 0xb
 1043 00fe 49       		.uleb128 0x49
 1044 00ff 13       		.uleb128 0x13
 1045 0100 02       		.uleb128 0x2
 1046 0101 0A       		.uleb128 0xa
 1047 0102 00       		.byte	0
 1048 0103 00       		.byte	0
 1049 0104 12       		.uleb128 0x12
 1050 0105 2E       		.uleb128 0x2e
 1051 0106 00       		.byte	0
 1052 0107 3F       		.uleb128 0x3f
 1053 0108 0C       		.uleb128 0xc
 1054 0109 03       		.uleb128 0x3
 1055 010a 0E       		.uleb128 0xe
 1056 010b 3A       		.uleb128 0x3a
 1057 010c 0B       		.uleb128 0xb
 1058 010d 3B       		.uleb128 0x3b
 1059 010e 0B       		.uleb128 0xb
 1060 010f 27       		.uleb128 0x27
 1061 0110 0C       		.uleb128 0xc
 1062 0111 49       		.uleb128 0x49
 1063 0112 13       		.uleb128 0x13
 1064 0113 11       		.uleb128 0x11
 1065 0114 01       		.uleb128 0x1
 1066 0115 12       		.uleb128 0x12
 1067 0116 01       		.uleb128 0x1
 1068 0117 40       		.uleb128 0x40
 1069 0118 06       		.uleb128 0x6
 1070 0119 9742     		.uleb128 0x2117
 1071 011b 0C       		.uleb128 0xc
 1072 011c 00       		.byte	0
 1073 011d 00       		.byte	0
 1074 011e 13       		.uleb128 0x13
 1075 011f 2E       		.uleb128 0x2e
 1076 0120 01       		.byte	0x1
 1077 0121 3F       		.uleb128 0x3f
 1078 0122 0C       		.uleb128 0xc
 1079 0123 03       		.uleb128 0x3
ARM GAS  C:\Users\GRAZIA~1.RAV\AppData\Local\Temp\ccy2sNbM.s 			page 22


 1080 0124 0E       		.uleb128 0xe
 1081 0125 3A       		.uleb128 0x3a
 1082 0126 0B       		.uleb128 0xb
 1083 0127 3B       		.uleb128 0x3b
 1084 0128 0B       		.uleb128 0xb
 1085 0129 27       		.uleb128 0x27
 1086 012a 0C       		.uleb128 0xc
 1087 012b 49       		.uleb128 0x49
 1088 012c 13       		.uleb128 0x13
 1089 012d 11       		.uleb128 0x11
 1090 012e 01       		.uleb128 0x1
 1091 012f 12       		.uleb128 0x12
 1092 0130 01       		.uleb128 0x1
 1093 0131 40       		.uleb128 0x40
 1094 0132 06       		.uleb128 0x6
 1095 0133 9742     		.uleb128 0x2117
 1096 0135 0C       		.uleb128 0xc
 1097 0136 01       		.uleb128 0x1
 1098 0137 13       		.uleb128 0x13
 1099 0138 00       		.byte	0
 1100 0139 00       		.byte	0
 1101 013a 14       		.uleb128 0x14
 1102 013b 05       		.uleb128 0x5
 1103 013c 00       		.byte	0
 1104 013d 03       		.uleb128 0x3
 1105 013e 0E       		.uleb128 0xe
 1106 013f 3A       		.uleb128 0x3a
 1107 0140 0B       		.uleb128 0xb
 1108 0141 3B       		.uleb128 0x3b
 1109 0142 0B       		.uleb128 0xb
 1110 0143 49       		.uleb128 0x49
 1111 0144 13       		.uleb128 0x13
 1112 0145 02       		.uleb128 0x2
 1113 0146 0A       		.uleb128 0xa
 1114 0147 00       		.byte	0
 1115 0148 00       		.byte	0
 1116 0149 15       		.uleb128 0x15
 1117 014a 34       		.uleb128 0x34
 1118 014b 00       		.byte	0
 1119 014c 03       		.uleb128 0x3
 1120 014d 08       		.uleb128 0x8
 1121 014e 3A       		.uleb128 0x3a
 1122 014f 0B       		.uleb128 0xb
 1123 0150 3B       		.uleb128 0x3b
 1124 0151 0B       		.uleb128 0xb
 1125 0152 49       		.uleb128 0x49
 1126 0153 13       		.uleb128 0x13
 1127 0154 02       		.uleb128 0x2
 1128 0155 0A       		.uleb128 0xa
 1129 0156 00       		.byte	0
 1130 0157 00       		.byte	0
 1131 0158 16       		.uleb128 0x16
 1132 0159 01       		.uleb128 0x1
 1133 015a 01       		.byte	0x1
 1134 015b 49       		.uleb128 0x49
 1135 015c 13       		.uleb128 0x13
 1136 015d 01       		.uleb128 0x1
ARM GAS  C:\Users\GRAZIA~1.RAV\AppData\Local\Temp\ccy2sNbM.s 			page 23


 1137 015e 13       		.uleb128 0x13
 1138 015f 00       		.byte	0
 1139 0160 00       		.byte	0
 1140 0161 17       		.uleb128 0x17
 1141 0162 21       		.uleb128 0x21
 1142 0163 00       		.byte	0
 1143 0164 49       		.uleb128 0x49
 1144 0165 13       		.uleb128 0x13
 1145 0166 2F       		.uleb128 0x2f
 1146 0167 0B       		.uleb128 0xb
 1147 0168 00       		.byte	0
 1148 0169 00       		.byte	0
 1149 016a 00       		.byte	0
 1150              		.section	.debug_loc,"",%progbits
 1151              	.Ldebug_loc0:
 1152              	.LLST0:
 1153 0000 00000000 		.4byte	.LFB0
 1154 0004 02000000 		.4byte	.LCFI0
 1155 0008 0200     		.2byte	0x2
 1156 000a 7D       		.byte	0x7d
 1157 000b 00       		.sleb128 0
 1158 000c 02000000 		.4byte	.LCFI0
 1159 0010 04000000 		.4byte	.LCFI1
 1160 0014 0200     		.2byte	0x2
 1161 0016 7D       		.byte	0x7d
 1162 0017 08       		.sleb128 8
 1163 0018 04000000 		.4byte	.LCFI1
 1164 001c 06000000 		.4byte	.LCFI2
 1165 0020 0200     		.2byte	0x2
 1166 0022 7D       		.byte	0x7d
 1167 0023 20       		.sleb128 32
 1168 0024 06000000 		.4byte	.LCFI2
 1169 0028 46000000 		.4byte	.LFE0
 1170 002c 0200     		.2byte	0x2
 1171 002e 77       		.byte	0x77
 1172 002f 10       		.sleb128 16
 1173 0030 00000000 		.4byte	0
 1174 0034 00000000 		.4byte	0
 1175              	.LLST1:
 1176 0038 00000000 		.4byte	.LFB1
 1177 003c 02000000 		.4byte	.LCFI3
 1178 0040 0200     		.2byte	0x2
 1179 0042 7D       		.byte	0x7d
 1180 0043 00       		.sleb128 0
 1181 0044 02000000 		.4byte	.LCFI3
 1182 0048 04000000 		.4byte	.LCFI4
 1183 004c 0200     		.2byte	0x2
 1184 004e 7D       		.byte	0x7d
 1185 004f 04       		.sleb128 4
 1186 0050 04000000 		.4byte	.LCFI4
 1187 0054 06000000 		.4byte	.LCFI5
 1188 0058 0200     		.2byte	0x2
 1189 005a 7D       		.byte	0x7d
 1190 005b 10       		.sleb128 16
 1191 005c 06000000 		.4byte	.LCFI5
 1192 0060 20000000 		.4byte	.LFE1
 1193 0064 0200     		.2byte	0x2
ARM GAS  C:\Users\GRAZIA~1.RAV\AppData\Local\Temp\ccy2sNbM.s 			page 24


 1194 0066 77       		.byte	0x77
 1195 0067 10       		.sleb128 16
 1196 0068 00000000 		.4byte	0
 1197 006c 00000000 		.4byte	0
 1198              	.LLST2:
 1199 0070 00000000 		.4byte	.LFB2
 1200 0074 02000000 		.4byte	.LCFI6
 1201 0078 0200     		.2byte	0x2
 1202 007a 7D       		.byte	0x7d
 1203 007b 00       		.sleb128 0
 1204 007c 02000000 		.4byte	.LCFI6
 1205 0080 04000000 		.4byte	.LCFI7
 1206 0084 0200     		.2byte	0x2
 1207 0086 7D       		.byte	0x7d
 1208 0087 08       		.sleb128 8
 1209 0088 04000000 		.4byte	.LCFI7
 1210 008c 12000000 		.4byte	.LFE2
 1211 0090 0200     		.2byte	0x2
 1212 0092 77       		.byte	0x77
 1213 0093 08       		.sleb128 8
 1214 0094 00000000 		.4byte	0
 1215 0098 00000000 		.4byte	0
 1216              	.LLST3:
 1217 009c 00000000 		.4byte	.LFB3
 1218 00a0 02000000 		.4byte	.LCFI8
 1219 00a4 0200     		.2byte	0x2
 1220 00a6 7D       		.byte	0x7d
 1221 00a7 00       		.sleb128 0
 1222 00a8 02000000 		.4byte	.LCFI8
 1223 00ac 04000000 		.4byte	.LCFI9
 1224 00b0 0200     		.2byte	0x2
 1225 00b2 7D       		.byte	0x7d
 1226 00b3 0C       		.sleb128 12
 1227 00b4 04000000 		.4byte	.LCFI9
 1228 00b8 06000000 		.4byte	.LCFI10
 1229 00bc 0200     		.2byte	0x2
 1230 00be 7D       		.byte	0x7d
 1231 00bf 28       		.sleb128 40
 1232 00c0 06000000 		.4byte	.LCFI10
 1233 00c4 6C000000 		.4byte	.LFE3
 1234 00c8 0200     		.2byte	0x2
 1235 00ca 77       		.byte	0x77
 1236 00cb 20       		.sleb128 32
 1237 00cc 00000000 		.4byte	0
 1238 00d0 00000000 		.4byte	0
 1239              	.LLST4:
 1240 00d4 00000000 		.4byte	.LFB4
 1241 00d8 02000000 		.4byte	.LCFI11
 1242 00dc 0200     		.2byte	0x2
 1243 00de 7D       		.byte	0x7d
 1244 00df 00       		.sleb128 0
 1245 00e0 02000000 		.4byte	.LCFI11
 1246 00e4 04000000 		.4byte	.LCFI12
 1247 00e8 0200     		.2byte	0x2
 1248 00ea 7D       		.byte	0x7d
 1249 00eb 04       		.sleb128 4
 1250 00ec 04000000 		.4byte	.LCFI12
ARM GAS  C:\Users\GRAZIA~1.RAV\AppData\Local\Temp\ccy2sNbM.s 			page 25


 1251 00f0 16000000 		.4byte	.LFE4
 1252 00f4 0200     		.2byte	0x2
 1253 00f6 77       		.byte	0x77
 1254 00f7 04       		.sleb128 4
 1255 00f8 00000000 		.4byte	0
 1256 00fc 00000000 		.4byte	0
 1257              	.LLST5:
 1258 0100 00000000 		.4byte	.LFB5
 1259 0104 02000000 		.4byte	.LCFI13
 1260 0108 0200     		.2byte	0x2
 1261 010a 7D       		.byte	0x7d
 1262 010b 00       		.sleb128 0
 1263 010c 02000000 		.4byte	.LCFI13
 1264 0110 04000000 		.4byte	.LCFI14
 1265 0114 0200     		.2byte	0x2
 1266 0116 7D       		.byte	0x7d
 1267 0117 04       		.sleb128 4
 1268 0118 04000000 		.4byte	.LCFI14
 1269 011c 06000000 		.4byte	.LCFI15
 1270 0120 0200     		.2byte	0x2
 1271 0122 7D       		.byte	0x7d
 1272 0123 18       		.sleb128 24
 1273 0124 06000000 		.4byte	.LCFI15
 1274 0128 38000000 		.4byte	.LFE5
 1275 012c 0200     		.2byte	0x2
 1276 012e 77       		.byte	0x77
 1277 012f 18       		.sleb128 24
 1278 0130 00000000 		.4byte	0
 1279 0134 00000000 		.4byte	0
 1280              	.LLST6:
 1281 0138 00000000 		.4byte	.LFB6
 1282 013c 02000000 		.4byte	.LCFI16
 1283 0140 0200     		.2byte	0x2
 1284 0142 7D       		.byte	0x7d
 1285 0143 00       		.sleb128 0
 1286 0144 02000000 		.4byte	.LCFI16
 1287 0148 04000000 		.4byte	.LCFI17
 1288 014c 0200     		.2byte	0x2
 1289 014e 7D       		.byte	0x7d
 1290 014f 04       		.sleb128 4
 1291 0150 04000000 		.4byte	.LCFI17
 1292 0154 06000000 		.4byte	.LCFI18
 1293 0158 0200     		.2byte	0x2
 1294 015a 7D       		.byte	0x7d
 1295 015b 10       		.sleb128 16
 1296 015c 06000000 		.4byte	.LCFI18
 1297 0160 20000000 		.4byte	.LFE6
 1298 0164 0200     		.2byte	0x2
 1299 0166 77       		.byte	0x77
 1300 0167 10       		.sleb128 16
 1301 0168 00000000 		.4byte	0
 1302 016c 00000000 		.4byte	0
 1303              		.section	.debug_aranges,"",%progbits
 1304 0000 4C000000 		.4byte	0x4c
 1305 0004 0200     		.2byte	0x2
 1306 0006 00000000 		.4byte	.Ldebug_info0
 1307 000a 04       		.byte	0x4
ARM GAS  C:\Users\GRAZIA~1.RAV\AppData\Local\Temp\ccy2sNbM.s 			page 26


 1308 000b 00       		.byte	0
 1309 000c 0000     		.2byte	0
 1310 000e 0000     		.2byte	0
 1311 0010 00000000 		.4byte	.LFB0
 1312 0014 46000000 		.4byte	.LFE0-.LFB0
 1313 0018 00000000 		.4byte	.LFB1
 1314 001c 20000000 		.4byte	.LFE1-.LFB1
 1315 0020 00000000 		.4byte	.LFB2
 1316 0024 12000000 		.4byte	.LFE2-.LFB2
 1317 0028 00000000 		.4byte	.LFB3
 1318 002c 6C000000 		.4byte	.LFE3-.LFB3
 1319 0030 00000000 		.4byte	.LFB4
 1320 0034 16000000 		.4byte	.LFE4-.LFB4
 1321 0038 00000000 		.4byte	.LFB5
 1322 003c 38000000 		.4byte	.LFE5-.LFB5
 1323 0040 00000000 		.4byte	.LFB6
 1324 0044 20000000 		.4byte	.LFE6-.LFB6
 1325 0048 00000000 		.4byte	0
 1326 004c 00000000 		.4byte	0
 1327              		.section	.debug_ranges,"",%progbits
 1328              	.Ldebug_ranges0:
 1329 0000 00000000 		.4byte	.LFB0
 1330 0004 46000000 		.4byte	.LFE0
 1331 0008 00000000 		.4byte	.LFB1
 1332 000c 20000000 		.4byte	.LFE1
 1333 0010 00000000 		.4byte	.LFB2
 1334 0014 12000000 		.4byte	.LFE2
 1335 0018 00000000 		.4byte	.LFB3
 1336 001c 6C000000 		.4byte	.LFE3
 1337 0020 00000000 		.4byte	.LFB4
 1338 0024 16000000 		.4byte	.LFE4
 1339 0028 00000000 		.4byte	.LFB5
 1340 002c 38000000 		.4byte	.LFE5
 1341 0030 00000000 		.4byte	.LFB6
 1342 0034 20000000 		.4byte	.LFE6
 1343 0038 00000000 		.4byte	0
 1344 003c 00000000 		.4byte	0
 1345              		.section	.debug_line,"",%progbits
 1346              	.Ldebug_line0:
 1347 0000 FC000000 		.section	.debug_str,"MS",%progbits,1
 1347      02006E00 
 1347      00000201 
 1347      FB0E0D00 
 1347      01010101 
 1348              	.LASF16:
 1349 0000 74727565 		.ascii	"true\000"
 1349      00
 1350              	.LASF19:
 1351 0005 5041434B 		.ascii	"PACKET_VALIDATOR\000"
 1351      45545F56 
 1351      414C4944 
 1351      41544F52 
 1351      00
 1352              	.LASF38:
 1353 0016 636C6561 		.ascii	"clear\000"
 1353      7200
 1354              	.LASF17:
ARM GAS  C:\Users\GRAZIA~1.RAV\AppData\Local\Temp\ccy2sNbM.s 			page 27


 1355 001c 424F4F4C 		.ascii	"BOOL\000"
 1355      00
 1356              	.LASF26:
 1357 0021 62756666 		.ascii	"buffer\000"
 1357      657200
 1358              	.LASF14:
 1359 0028 574F5244 		.ascii	"WORD\000"
 1359      00
 1360              	.LASF24:
 1361 002d 5041434B 		.ascii	"PACKET_OK\000"
 1361      45545F4F 
 1361      4B00
 1362              	.LASF28:
 1363 0037 686C656E 		.ascii	"hlen\000"
 1363      00
 1364              	.LASF13:
 1365 003c 42595445 		.ascii	"BYTE\000"
 1365      00
 1366              	.LASF43:
 1367 0041 494D555F 		.ascii	"IMU_UM7_PACKETIZER_packet_buffer_data\000"
 1367      554D375F 
 1367      5041434B 
 1367      4554495A 
 1367      45525F70 
 1368              	.LASF30:
 1369 0067 73746174 		.ascii	"status\000"
 1369      757300
 1370              	.LASF23:
 1371 006e 5041434B 		.ascii	"PACKET_BUILDING\000"
 1371      45545F42 
 1371      55494C44 
 1371      494E4700 
 1372              	.LASF42:
 1373 007e 64656275 		.ascii	"debug\000"
 1373      6700
 1374              	.LASF11:
 1375 0084 666C6F61 		.ascii	"float\000"
 1375      7400
 1376              	.LASF2:
 1377 008a 756E7369 		.ascii	"unsigned char\000"
 1377      676E6564 
 1377      20636861 
 1377      7200
 1378              	.LASF31:
 1379 0098 696E7661 		.ascii	"invalid_packets\000"
 1379      6C69645F 
 1379      7061636B 
 1379      65747300 
 1380              	.LASF9:
 1381 00a8 6C6F6E67 		.ascii	"long unsigned int\000"
 1381      20756E73 
 1381      69676E65 
 1381      6420696E 
 1381      7400
 1382              	.LASF4:
 1383 00ba 73686F72 		.ascii	"short unsigned int\000"
 1383      7420756E 
ARM GAS  C:\Users\GRAZIA~1.RAV\AppData\Local\Temp\ccy2sNbM.s 			page 28


 1383      7369676E 
 1383      65642069 
 1383      6E7400
 1384              	.LASF21:
 1385 00cd 5041434B 		.ascii	"PACKET_WAITING\000"
 1385      45545F57 
 1385      41495449 
 1385      4E4700
 1386              	.LASF36:
 1387 00dc 494D555F 		.ascii	"IMU_UM7_PACKETIZER_BuildPacket\000"
 1387      554D375F 
 1387      5041434B 
 1387      4554495A 
 1387      45525F42 
 1388              	.LASF12:
 1389 00fb 646F7562 		.ascii	"double\000"
 1389      6C6500
 1390              	.LASF3:
 1391 0102 73686F72 		.ascii	"short int\000"
 1391      7420696E 
 1391      7400
 1392              	.LASF48:
 1393 010c 433A5C55 		.ascii	"C:\\Users\\Graziano G. Ravizza\\Documents\\PSoC Cre"
 1393      73657273 
 1393      5C477261 
 1393      7A69616E 
 1393      6F20472E 
 1394 013b 61746F72 		.ascii	"ator\\SQUIT\\Vers.0.0-T00 2019-0208 C3.0 (start)\\S"
 1394      5C535155 
 1394      49545C56 
 1394      6572732E 
 1394      302E302D 
 1395 016b 71756974 		.ascii	"quit-Proto.cydsn\000"
 1395      2D50726F 
 1395      746F2E63 
 1395      7964736E 
 1395      00
 1396              	.LASF29:
 1397 017c 6D61785F 		.ascii	"max_len\000"
 1397      6C656E00 
 1398              	.LASF45:
 1399 0184 494D555F 		.ascii	"IMU_UM7_PACKETIZER_debug\000"
 1399      554D375F 
 1399      5041434B 
 1399      4554495A 
 1399      45525F64 
 1400              	.LASF0:
 1401 019d 756E7369 		.ascii	"unsigned int\000"
 1401      676E6564 
 1401      20696E74 
 1401      00
 1402              	.LASF33:
 1403 01aa 7061636B 		.ascii	"packet_validator\000"
 1403      65745F76 
 1403      616C6964 
 1403      61746F72 
 1403      00
ARM GAS  C:\Users\GRAZIA~1.RAV\AppData\Local\Temp\ccy2sNbM.s 			page 29


 1404              	.LASF34:
 1405 01bb 5041434B 		.ascii	"PACKET_BUFFER\000"
 1405      45545F42 
 1405      55464645 
 1405      5200
 1406              	.LASF6:
 1407 01c9 6C6F6E67 		.ascii	"long long unsigned int\000"
 1407      206C6F6E 
 1407      6720756E 
 1407      7369676E 
 1407      65642069 
 1408              	.LASF49:
 1409 01e0 494D555F 		.ascii	"IMU_UM7_PACKETIZER_Reset\000"
 1409      554D375F 
 1409      5041434B 
 1409      4554495A 
 1409      45525F52 
 1410              	.LASF39:
 1411 01f9 72657375 		.ascii	"result\000"
 1411      6C7400
 1412              	.LASF41:
 1413 0200 494D555F 		.ascii	"IMU_UM7_PACKETIZER_Debug\000"
 1413      554D375F 
 1413      5041434B 
 1413      4554495A 
 1413      45525F44 
 1414              	.LASF47:
 1415 0219 2E5C4765 		.ascii	".\\Generated_Source\\PSoC5\\IMU_UM7_PACKETIZER.c\000"
 1415      6E657261 
 1415      7465645F 
 1415      536F7572 
 1415      63655C50 
 1416              	.LASF8:
 1417 0247 73697A65 		.ascii	"sizetype\000"
 1417      74797065 
 1417      00
 1418              	.LASF5:
 1419 0250 6C6F6E67 		.ascii	"long long int\000"
 1419      206C6F6E 
 1419      6720696E 
 1419      7400
 1420              	.LASF32:
 1421 025e 68656164 		.ascii	"header_validator\000"
 1421      65725F76 
 1421      616C6964 
 1421      61746F72 
 1421      00
 1422              	.LASF35:
 1423 026f 494D555F 		.ascii	"IMU_UM7_PACKETIZER_Init\000"
 1423      554D375F 
 1423      5041434B 
 1423      4554495A 
 1423      45525F49 
 1424              	.LASF15:
 1425 0287 66616C73 		.ascii	"false\000"
 1425      6500
 1426              	.LASF22:
ARM GAS  C:\Users\GRAZIA~1.RAV\AppData\Local\Temp\ccy2sNbM.s 			page 30


 1427 028d 5041434B 		.ascii	"PACKET_RESYNCING\000"
 1427      45545F52 
 1427      4553594E 
 1427      43494E47 
 1427      00
 1428              	.LASF37:
 1429 029e 494D555F 		.ascii	"IMU_UM7_PACKETIZER_InvalidPackets\000"
 1429      554D375F 
 1429      5041434B 
 1429      4554495A 
 1429      45525F49 
 1430              	.LASF44:
 1431 02c0 494D555F 		.ascii	"IMU_UM7_PACKETIZER_packet_buffer\000"
 1431      554D375F 
 1431      5041434B 
 1431      4554495A 
 1431      45525F70 
 1432              	.LASF25:
 1433 02e1 5041434B 		.ascii	"PACKET_ERROR\000"
 1433      45545F45 
 1433      52524F52 
 1433      00
 1434              	.LASF46:
 1435 02ee 474E5520 		.ascii	"GNU C 4.7.3 20130312 (release) [ARM/embedded-4_7-br"
 1435      4320342E 
 1435      372E3320 
 1435      32303133 
 1435      30333132 
 1436 0321 616E6368 		.ascii	"anch revision 196615]\000"
 1436      20726576 
 1436      6973696F 
 1436      6E203139 
 1436      36363135 
 1437              	.LASF18:
 1438 0337 48454144 		.ascii	"HEADER_VALIDATOR\000"
 1438      45525F56 
 1438      414C4944 
 1438      41544F52 
 1438      00
 1439              	.LASF7:
 1440 0348 6C6F6E67 		.ascii	"long int\000"
 1440      20696E74 
 1440      00
 1441              	.LASF10:
 1442 0351 63686172 		.ascii	"char\000"
 1442      00
 1443              	.LASF50:
 1444 0356 494D555F 		.ascii	"IMU_UM7_PACKETIZER_PacketStatus\000"
 1444      554D375F 
 1444      5041434B 
 1444      4554495A 
 1444      45525F50 
 1445              	.LASF1:
 1446 0376 7369676E 		.ascii	"signed char\000"
 1446      65642063 
 1446      68617200 
 1447              	.LASF40:
ARM GAS  C:\Users\GRAZIA~1.RAV\AppData\Local\Temp\ccy2sNbM.s 			page 31


 1448 0382 494D555F 		.ascii	"IMU_UM7_PACKETIZER_SetStartOfPacket\000"
 1448      554D375F 
 1448      5041434B 
 1448      4554495A 
 1448      45525F53 
 1449              	.LASF27:
 1450 03a6 736F705F 		.ascii	"sop_idx\000"
 1450      69647800 
 1451              	.LASF20:
 1452 03ae 5041434B 		.ascii	"PACKET_STATUS\000"
 1452      45545F53 
 1452      54415455 
 1452      5300
 1453              		.ident	"GCC: (GNU Tools for ARM Embedded Processors) 4.7.3 20130312 (release) [ARM/embedded-4_7-br
