ARM GAS  C:\Users\GRAZIA~1.RAV\AppData\Local\Temp\ccndmi4d.s 			page 1


   1              		.syntax unified
   2              		.cpu cortex-m3
   3              		.fpu softvfp
   4              		.eabi_attribute 20, 1
   5              		.eabi_attribute 21, 1
   6              		.eabi_attribute 23, 3
   7              		.eabi_attribute 24, 1
   8              		.eabi_attribute 25, 1
   9              		.eabi_attribute 26, 1
  10              		.eabi_attribute 30, 6
  11              		.eabi_attribute 34, 1
  12              		.eabi_attribute 18, 4
  13              		.thumb
  14              		.file	"isr_Ticks.c"
  15              		.text
  16              	.Ltext0:
  17              		.cfi_sections	.debug_frame
  18              		.global	local_dummy
  19              		.bss
  20              		.type	local_dummy, %object
  21              		.size	local_dummy, 1
  22              	local_dummy:
  23 0000 00       		.space	1
  24              		.section	.text.isr_Ticks_Start,"ax",%progbits
  25              		.align	2
  26              		.global	isr_Ticks_Start
  27              		.thumb
  28              		.thumb_func
  29              		.type	isr_Ticks_Start, %function
  30              	isr_Ticks_Start:
  31              	.LFB56:
  32              		.file 1 ".\\Generated_Source\\PSoC5\\isr_Ticks.c"
   1:.\Generated_Source\PSoC5/isr_Ticks.c **** /*******************************************************************************
   2:.\Generated_Source\PSoC5/isr_Ticks.c **** * File Name: isr_Ticks.c  
   3:.\Generated_Source\PSoC5/isr_Ticks.c **** * Version 1.70
   4:.\Generated_Source\PSoC5/isr_Ticks.c **** *
   5:.\Generated_Source\PSoC5/isr_Ticks.c **** *  Description:
   6:.\Generated_Source\PSoC5/isr_Ticks.c **** *   API for controlling the state of an interrupt.
   7:.\Generated_Source\PSoC5/isr_Ticks.c **** *
   8:.\Generated_Source\PSoC5/isr_Ticks.c **** *
   9:.\Generated_Source\PSoC5/isr_Ticks.c **** *  Note:
  10:.\Generated_Source\PSoC5/isr_Ticks.c **** *
  11:.\Generated_Source\PSoC5/isr_Ticks.c **** ********************************************************************************
  12:.\Generated_Source\PSoC5/isr_Ticks.c **** * Copyright 2008-2012, Cypress Semiconductor Corporation.  All rights reserved.
  13:.\Generated_Source\PSoC5/isr_Ticks.c **** * You may use this file only in accordance with the license, terms, conditions, 
  14:.\Generated_Source\PSoC5/isr_Ticks.c **** * disclaimers, and limitations in the end user license agreement accompanying 
  15:.\Generated_Source\PSoC5/isr_Ticks.c **** * the software package with which this file was provided.
  16:.\Generated_Source\PSoC5/isr_Ticks.c **** *******************************************************************************/
  17:.\Generated_Source\PSoC5/isr_Ticks.c **** 
  18:.\Generated_Source\PSoC5/isr_Ticks.c **** 
  19:.\Generated_Source\PSoC5/isr_Ticks.c **** #include <cydevice_trm.h>
  20:.\Generated_Source\PSoC5/isr_Ticks.c **** #include <CyLib.h>
  21:.\Generated_Source\PSoC5/isr_Ticks.c **** #include <isr_Ticks.h>
  22:.\Generated_Source\PSoC5/isr_Ticks.c **** 
  23:.\Generated_Source\PSoC5/isr_Ticks.c **** #if !defined(isr_Ticks__REMOVED) /* Check for removal by optimization */
  24:.\Generated_Source\PSoC5/isr_Ticks.c **** 
  25:.\Generated_Source\PSoC5/isr_Ticks.c **** /*******************************************************************************
ARM GAS  C:\Users\GRAZIA~1.RAV\AppData\Local\Temp\ccndmi4d.s 			page 2


  26:.\Generated_Source\PSoC5/isr_Ticks.c **** *  Place your includes, defines and code here 
  27:.\Generated_Source\PSoC5/isr_Ticks.c **** ********************************************************************************/
  28:.\Generated_Source\PSoC5/isr_Ticks.c **** /* `#START isr_Ticks_intc` */
  29:.\Generated_Source\PSoC5/isr_Ticks.c **** 
  30:.\Generated_Source\PSoC5/isr_Ticks.c **** #include <device.h>
  31:.\Generated_Source\PSoC5/isr_Ticks.c **** #include <stdio.h>
  32:.\Generated_Source\PSoC5/isr_Ticks.c **** #include <gobee.h>
  33:.\Generated_Source\PSoC5/isr_Ticks.c **** #include <gobeelib.h>
  34:.\Generated_Source\PSoC5/isr_Ticks.c **** 
  35:.\Generated_Source\PSoC5/isr_Ticks.c **** extern uint8 machine_state;			/* Global Machine State */
  36:.\Generated_Source\PSoC5/isr_Ticks.c **** 
  37:.\Generated_Source\PSoC5/isr_Ticks.c **** extern uint16 GyroNullPauseTicks;	/* centiseconds ticks counter for Gyroscope Autonull Procedure De
  38:.\Generated_Source\PSoC5/isr_Ticks.c **** 
  39:.\Generated_Source\PSoC5/isr_Ticks.c **** extern struct GOBEE_PARAMS gobee_param;
  40:.\Generated_Source\PSoC5/isr_Ticks.c **** 
  41:.\Generated_Source\PSoC5/isr_Ticks.c **** extern uint8 agyro_messg;				/* analog gyro message passing console --> isr_ctrl					*/
  42:.\Generated_Source\PSoC5/isr_Ticks.c **** 
  43:.\Generated_Source\PSoC5/isr_Ticks.c **** /* extern Analog External ADXRS646 gyroscope vars) */
  44:.\Generated_Source\PSoC5/isr_Ticks.c **** extern struct ANALOG_GYRO agyro;
  45:.\Generated_Source\PSoC5/isr_Ticks.c **** 	
  46:.\Generated_Source\PSoC5/isr_Ticks.c **** /* local wars */
  47:.\Generated_Source\PSoC5/isr_Ticks.c **** uint8 local_dummy=0;
  48:.\Generated_Source\PSoC5/isr_Ticks.c **** 	
  49:.\Generated_Source\PSoC5/isr_Ticks.c **** /* `#END` */
  50:.\Generated_Source\PSoC5/isr_Ticks.c **** 
  51:.\Generated_Source\PSoC5/isr_Ticks.c **** #ifndef CYINT_IRQ_BASE
  52:.\Generated_Source\PSoC5/isr_Ticks.c **** #define CYINT_IRQ_BASE      16
  53:.\Generated_Source\PSoC5/isr_Ticks.c **** #endif /* CYINT_IRQ_BASE */
  54:.\Generated_Source\PSoC5/isr_Ticks.c **** #ifndef CYINT_VECT_TABLE
  55:.\Generated_Source\PSoC5/isr_Ticks.c **** #define CYINT_VECT_TABLE    ((cyisraddress **) CYREG_NVIC_VECT_OFFSET)
  56:.\Generated_Source\PSoC5/isr_Ticks.c **** #endif /* CYINT_VECT_TABLE */
  57:.\Generated_Source\PSoC5/isr_Ticks.c **** 
  58:.\Generated_Source\PSoC5/isr_Ticks.c **** /* Declared in startup, used to set unused interrupts to. */
  59:.\Generated_Source\PSoC5/isr_Ticks.c **** CY_ISR_PROTO(IntDefaultHandler);
  60:.\Generated_Source\PSoC5/isr_Ticks.c **** 
  61:.\Generated_Source\PSoC5/isr_Ticks.c **** 
  62:.\Generated_Source\PSoC5/isr_Ticks.c **** /*******************************************************************************
  63:.\Generated_Source\PSoC5/isr_Ticks.c **** * Function Name: isr_Ticks_Start
  64:.\Generated_Source\PSoC5/isr_Ticks.c **** ********************************************************************************
  65:.\Generated_Source\PSoC5/isr_Ticks.c **** *
  66:.\Generated_Source\PSoC5/isr_Ticks.c **** * Summary:
  67:.\Generated_Source\PSoC5/isr_Ticks.c **** *  Set up the interrupt and enable it.
  68:.\Generated_Source\PSoC5/isr_Ticks.c **** *
  69:.\Generated_Source\PSoC5/isr_Ticks.c **** * Parameters:  
  70:.\Generated_Source\PSoC5/isr_Ticks.c **** *   None
  71:.\Generated_Source\PSoC5/isr_Ticks.c **** *
  72:.\Generated_Source\PSoC5/isr_Ticks.c **** * Return:
  73:.\Generated_Source\PSoC5/isr_Ticks.c **** *   None
  74:.\Generated_Source\PSoC5/isr_Ticks.c **** *
  75:.\Generated_Source\PSoC5/isr_Ticks.c **** *******************************************************************************/
  76:.\Generated_Source\PSoC5/isr_Ticks.c **** void isr_Ticks_Start(void)
  77:.\Generated_Source\PSoC5/isr_Ticks.c **** {
  33              		.loc 1 77 0
  34              		.cfi_startproc
  35              		@ args = 0, pretend = 0, frame = 0
  36              		@ frame_needed = 1, uses_anonymous_args = 0
  37 0000 80B5     		push	{r7, lr}
ARM GAS  C:\Users\GRAZIA~1.RAV\AppData\Local\Temp\ccndmi4d.s 			page 3


  38              	.LCFI0:
  39              		.cfi_def_cfa_offset 8
  40              		.cfi_offset 7, -8
  41              		.cfi_offset 14, -4
  42 0002 00AF     		add	r7, sp, #0
  43              	.LCFI1:
  44              		.cfi_def_cfa_register 7
  78:.\Generated_Source\PSoC5/isr_Ticks.c ****     /* For all we know the interrupt is active. */
  79:.\Generated_Source\PSoC5/isr_Ticks.c ****     isr_Ticks_Disable();
  45              		.loc 1 79 0
  46 0004 FFF7FEFF 		bl	isr_Ticks_Disable
  80:.\Generated_Source\PSoC5/isr_Ticks.c **** 
  81:.\Generated_Source\PSoC5/isr_Ticks.c ****     /* Set the ISR to point to the isr_Ticks Interrupt. */
  82:.\Generated_Source\PSoC5/isr_Ticks.c ****     isr_Ticks_SetVector(&isr_Ticks_Interrupt);
  47              		.loc 1 82 0
  48 0008 40F20000 		movw	r0, #:lower16:isr_Ticks_Interrupt
  49 000c C0F20000 		movt	r0, #:upper16:isr_Ticks_Interrupt
  50 0010 FFF7FEFF 		bl	isr_Ticks_SetVector
  83:.\Generated_Source\PSoC5/isr_Ticks.c **** 
  84:.\Generated_Source\PSoC5/isr_Ticks.c ****     /* Set the priority. */
  85:.\Generated_Source\PSoC5/isr_Ticks.c ****     isr_Ticks_SetPriority((uint8)isr_Ticks_INTC_PRIOR_NUMBER);
  51              		.loc 1 85 0
  52 0014 4FF00700 		mov	r0, #7
  53 0018 FFF7FEFF 		bl	isr_Ticks_SetPriority
  86:.\Generated_Source\PSoC5/isr_Ticks.c **** 
  87:.\Generated_Source\PSoC5/isr_Ticks.c ****     /* Enable it. */
  88:.\Generated_Source\PSoC5/isr_Ticks.c ****     isr_Ticks_Enable();
  54              		.loc 1 88 0
  55 001c FFF7FEFF 		bl	isr_Ticks_Enable
  89:.\Generated_Source\PSoC5/isr_Ticks.c **** }
  56              		.loc 1 89 0
  57 0020 80BD     		pop	{r7, pc}
  58              		.cfi_endproc
  59              	.LFE56:
  60              		.size	isr_Ticks_Start, .-isr_Ticks_Start
  61 0022 00BF     		.section	.text.isr_Ticks_StartEx,"ax",%progbits
  62              		.align	2
  63              		.global	isr_Ticks_StartEx
  64              		.thumb
  65              		.thumb_func
  66              		.type	isr_Ticks_StartEx, %function
  67              	isr_Ticks_StartEx:
  68              	.LFB57:
  90:.\Generated_Source\PSoC5/isr_Ticks.c **** 
  91:.\Generated_Source\PSoC5/isr_Ticks.c **** 
  92:.\Generated_Source\PSoC5/isr_Ticks.c **** /*******************************************************************************
  93:.\Generated_Source\PSoC5/isr_Ticks.c **** * Function Name: isr_Ticks_StartEx
  94:.\Generated_Source\PSoC5/isr_Ticks.c **** ********************************************************************************
  95:.\Generated_Source\PSoC5/isr_Ticks.c **** *
  96:.\Generated_Source\PSoC5/isr_Ticks.c **** * Summary:
  97:.\Generated_Source\PSoC5/isr_Ticks.c **** *  Set up the interrupt and enable it.
  98:.\Generated_Source\PSoC5/isr_Ticks.c **** *
  99:.\Generated_Source\PSoC5/isr_Ticks.c **** * Parameters:  
 100:.\Generated_Source\PSoC5/isr_Ticks.c **** *   address: Address of the ISR to set in the interrupt vector table.
 101:.\Generated_Source\PSoC5/isr_Ticks.c **** *
 102:.\Generated_Source\PSoC5/isr_Ticks.c **** * Return:
 103:.\Generated_Source\PSoC5/isr_Ticks.c **** *   None
ARM GAS  C:\Users\GRAZIA~1.RAV\AppData\Local\Temp\ccndmi4d.s 			page 4


 104:.\Generated_Source\PSoC5/isr_Ticks.c **** *
 105:.\Generated_Source\PSoC5/isr_Ticks.c **** *******************************************************************************/
 106:.\Generated_Source\PSoC5/isr_Ticks.c **** void isr_Ticks_StartEx(cyisraddress address)
 107:.\Generated_Source\PSoC5/isr_Ticks.c **** {
  69              		.loc 1 107 0
  70              		.cfi_startproc
  71              		@ args = 0, pretend = 0, frame = 8
  72              		@ frame_needed = 1, uses_anonymous_args = 0
  73 0000 80B5     		push	{r7, lr}
  74              	.LCFI2:
  75              		.cfi_def_cfa_offset 8
  76              		.cfi_offset 7, -8
  77              		.cfi_offset 14, -4
  78 0002 82B0     		sub	sp, sp, #8
  79              	.LCFI3:
  80              		.cfi_def_cfa_offset 16
  81 0004 00AF     		add	r7, sp, #0
  82              	.LCFI4:
  83              		.cfi_def_cfa_register 7
  84 0006 7860     		str	r0, [r7, #4]
 108:.\Generated_Source\PSoC5/isr_Ticks.c ****     /* For all we know the interrupt is active. */
 109:.\Generated_Source\PSoC5/isr_Ticks.c ****     isr_Ticks_Disable();
  85              		.loc 1 109 0
  86 0008 FFF7FEFF 		bl	isr_Ticks_Disable
 110:.\Generated_Source\PSoC5/isr_Ticks.c **** 
 111:.\Generated_Source\PSoC5/isr_Ticks.c ****     /* Set the ISR to point to the isr_Ticks Interrupt. */
 112:.\Generated_Source\PSoC5/isr_Ticks.c ****     isr_Ticks_SetVector(address);
  87              		.loc 1 112 0
  88 000c 7868     		ldr	r0, [r7, #4]
  89 000e FFF7FEFF 		bl	isr_Ticks_SetVector
 113:.\Generated_Source\PSoC5/isr_Ticks.c **** 
 114:.\Generated_Source\PSoC5/isr_Ticks.c ****     /* Set the priority. */
 115:.\Generated_Source\PSoC5/isr_Ticks.c ****     isr_Ticks_SetPriority((uint8)isr_Ticks_INTC_PRIOR_NUMBER);
  90              		.loc 1 115 0
  91 0012 4FF00700 		mov	r0, #7
  92 0016 FFF7FEFF 		bl	isr_Ticks_SetPriority
 116:.\Generated_Source\PSoC5/isr_Ticks.c **** 
 117:.\Generated_Source\PSoC5/isr_Ticks.c ****     /* Enable it. */
 118:.\Generated_Source\PSoC5/isr_Ticks.c ****     isr_Ticks_Enable();
  93              		.loc 1 118 0
  94 001a FFF7FEFF 		bl	isr_Ticks_Enable
 119:.\Generated_Source\PSoC5/isr_Ticks.c **** }
  95              		.loc 1 119 0
  96 001e 07F10807 		add	r7, r7, #8
  97 0022 BD46     		mov	sp, r7
  98 0024 80BD     		pop	{r7, pc}
  99              		.cfi_endproc
 100              	.LFE57:
 101              		.size	isr_Ticks_StartEx, .-isr_Ticks_StartEx
 102 0026 00BF     		.section	.text.isr_Ticks_Stop,"ax",%progbits
 103              		.align	2
 104              		.global	isr_Ticks_Stop
 105              		.thumb
 106              		.thumb_func
 107              		.type	isr_Ticks_Stop, %function
 108              	isr_Ticks_Stop:
 109              	.LFB58:
ARM GAS  C:\Users\GRAZIA~1.RAV\AppData\Local\Temp\ccndmi4d.s 			page 5


 120:.\Generated_Source\PSoC5/isr_Ticks.c **** 
 121:.\Generated_Source\PSoC5/isr_Ticks.c **** 
 122:.\Generated_Source\PSoC5/isr_Ticks.c **** /*******************************************************************************
 123:.\Generated_Source\PSoC5/isr_Ticks.c **** * Function Name: isr_Ticks_Stop
 124:.\Generated_Source\PSoC5/isr_Ticks.c **** ********************************************************************************
 125:.\Generated_Source\PSoC5/isr_Ticks.c **** *
 126:.\Generated_Source\PSoC5/isr_Ticks.c **** * Summary:
 127:.\Generated_Source\PSoC5/isr_Ticks.c **** *   Disables and removes the interrupt.
 128:.\Generated_Source\PSoC5/isr_Ticks.c **** *
 129:.\Generated_Source\PSoC5/isr_Ticks.c **** * Parameters:  
 130:.\Generated_Source\PSoC5/isr_Ticks.c **** *
 131:.\Generated_Source\PSoC5/isr_Ticks.c **** * Return:
 132:.\Generated_Source\PSoC5/isr_Ticks.c **** *   None
 133:.\Generated_Source\PSoC5/isr_Ticks.c **** *
 134:.\Generated_Source\PSoC5/isr_Ticks.c **** *******************************************************************************/
 135:.\Generated_Source\PSoC5/isr_Ticks.c **** void isr_Ticks_Stop(void)
 136:.\Generated_Source\PSoC5/isr_Ticks.c **** {
 110              		.loc 1 136 0
 111              		.cfi_startproc
 112              		@ args = 0, pretend = 0, frame = 0
 113              		@ frame_needed = 1, uses_anonymous_args = 0
 114 0000 80B5     		push	{r7, lr}
 115              	.LCFI5:
 116              		.cfi_def_cfa_offset 8
 117              		.cfi_offset 7, -8
 118              		.cfi_offset 14, -4
 119 0002 00AF     		add	r7, sp, #0
 120              	.LCFI6:
 121              		.cfi_def_cfa_register 7
 137:.\Generated_Source\PSoC5/isr_Ticks.c ****     /* Disable this interrupt. */
 138:.\Generated_Source\PSoC5/isr_Ticks.c ****     isr_Ticks_Disable();
 122              		.loc 1 138 0
 123 0004 FFF7FEFF 		bl	isr_Ticks_Disable
 139:.\Generated_Source\PSoC5/isr_Ticks.c **** 
 140:.\Generated_Source\PSoC5/isr_Ticks.c ****     /* Set the ISR to point to the passive one. */
 141:.\Generated_Source\PSoC5/isr_Ticks.c ****     isr_Ticks_SetVector(&IntDefaultHandler);
 124              		.loc 1 141 0
 125 0008 40F20000 		movw	r0, #:lower16:IntDefaultHandler
 126 000c C0F20000 		movt	r0, #:upper16:IntDefaultHandler
 127 0010 FFF7FEFF 		bl	isr_Ticks_SetVector
 142:.\Generated_Source\PSoC5/isr_Ticks.c **** }
 128              		.loc 1 142 0
 129 0014 80BD     		pop	{r7, pc}
 130              		.cfi_endproc
 131              	.LFE58:
 132              		.size	isr_Ticks_Stop, .-isr_Ticks_Stop
 133 0016 00BF     		.section	.text.isr_Ticks_Interrupt,"ax",%progbits
 134              		.align	2
 135              		.global	isr_Ticks_Interrupt
 136              		.thumb
 137              		.thumb_func
 138              		.type	isr_Ticks_Interrupt, %function
 139              	isr_Ticks_Interrupt:
 140              	.LFB59:
 143:.\Generated_Source\PSoC5/isr_Ticks.c **** 
 144:.\Generated_Source\PSoC5/isr_Ticks.c **** 
 145:.\Generated_Source\PSoC5/isr_Ticks.c **** /*******************************************************************************
ARM GAS  C:\Users\GRAZIA~1.RAV\AppData\Local\Temp\ccndmi4d.s 			page 6


 146:.\Generated_Source\PSoC5/isr_Ticks.c **** * Function Name: isr_Ticks_Interrupt
 147:.\Generated_Source\PSoC5/isr_Ticks.c **** ********************************************************************************
 148:.\Generated_Source\PSoC5/isr_Ticks.c **** *
 149:.\Generated_Source\PSoC5/isr_Ticks.c **** * Summary:
 150:.\Generated_Source\PSoC5/isr_Ticks.c **** *   The default Interrupt Service Routine for isr_Ticks.
 151:.\Generated_Source\PSoC5/isr_Ticks.c **** *
 152:.\Generated_Source\PSoC5/isr_Ticks.c **** *   Add custom code between the coments to keep the next version of this file
 153:.\Generated_Source\PSoC5/isr_Ticks.c **** *   from over writting your code.
 154:.\Generated_Source\PSoC5/isr_Ticks.c **** *
 155:.\Generated_Source\PSoC5/isr_Ticks.c **** * Parameters:  
 156:.\Generated_Source\PSoC5/isr_Ticks.c **** *
 157:.\Generated_Source\PSoC5/isr_Ticks.c **** * Return:
 158:.\Generated_Source\PSoC5/isr_Ticks.c **** *   None
 159:.\Generated_Source\PSoC5/isr_Ticks.c **** *
 160:.\Generated_Source\PSoC5/isr_Ticks.c **** *******************************************************************************/
 161:.\Generated_Source\PSoC5/isr_Ticks.c **** CY_ISR(isr_Ticks_Interrupt)
 162:.\Generated_Source\PSoC5/isr_Ticks.c **** {
 141              		.loc 1 162 0
 142              		.cfi_startproc
 143              		@ args = 0, pretend = 0, frame = 0
 144              		@ frame_needed = 1, uses_anonymous_args = 0
 145              		@ link register save eliminated.
 146 0000 80B4     		push	{r7}
 147              	.LCFI7:
 148              		.cfi_def_cfa_offset 4
 149              		.cfi_offset 7, -4
 150 0002 00AF     		add	r7, sp, #0
 151              	.LCFI8:
 152              		.cfi_def_cfa_register 7
 163:.\Generated_Source\PSoC5/isr_Ticks.c ****     /*  Place your Interrupt code here. */
 164:.\Generated_Source\PSoC5/isr_Ticks.c ****     /* `#START isr_Ticks_Interrupt` */
 165:.\Generated_Source\PSoC5/isr_Ticks.c **** 	//=======================================================//
 166:.\Generated_Source\PSoC5/isr_Ticks.c **** 	//=== Auto Null Gyro Procedure Pause Ticks	[msec]    ===//
 167:.\Generated_Source\PSoC5/isr_Ticks.c **** 	//=======================================================//
 168:.\Generated_Source\PSoC5/isr_Ticks.c **** 	GyroNullPauseTicks++;
 153              		.loc 1 168 0
 154 0004 40F20003 		movw	r3, #:lower16:GyroNullPauseTicks
 155 0008 C0F20003 		movt	r3, #:upper16:GyroNullPauseTicks
 156 000c 1B88     		ldrh	r3, [r3, #0]
 157 000e 03F10103 		add	r3, r3, #1
 158 0012 9AB2     		uxth	r2, r3
 159 0014 40F20003 		movw	r3, #:lower16:GyroNullPauseTicks
 160 0018 C0F20003 		movt	r3, #:upper16:GyroNullPauseTicks
 161 001c 1A80     		strh	r2, [r3, #0]	@ movhi
 169:.\Generated_Source\PSoC5/isr_Ticks.c **** 
 170:.\Generated_Source\PSoC5/isr_Ticks.c **** 
 171:.\Generated_Source\PSoC5/isr_Ticks.c **** //	//=============================================================================//
 172:.\Generated_Source\PSoC5/isr_Ticks.c **** //	//=== Auto Null Gyro Procedure Stop Condition							    ===//
 173:.\Generated_Source\PSoC5/isr_Ticks.c **** //	//=============================================================================//	
 174:.\Generated_Source\PSoC5/isr_Ticks.c **** //	if (machine_state == GOBEE_AUTOCALIBRATING) 
 175:.\Generated_Source\PSoC5/isr_Ticks.c **** //	{
 176:.\Generated_Source\PSoC5/isr_Ticks.c **** //		if (GyroNullPauseTicks >= 1000)	/* 10 sec @ 100Hz */
 177:.\Generated_Source\PSoC5/isr_Ticks.c **** //		{
 178:.\Generated_Source\PSoC5/isr_Ticks.c **** //			isr_Ticks_Stop();				// Stop (me!!!) Wait Ticks  isr (100Hz)
 179:.\Generated_Source\PSoC5/isr_Ticks.c **** //
 180:.\Generated_Source\PSoC5/isr_Ticks.c **** //			//ANULL: 5 Stop Mean Calculus
 181:.\Generated_Source\PSoC5/isr_Ticks.c **** //			agyro_messg = AGYRO_MEAN_STOP;
ARM GAS  C:\Users\GRAZIA~1.RAV\AppData\Local\Temp\ccndmi4d.s 			page 7


 182:.\Generated_Source\PSoC5/isr_Ticks.c **** //			CyDelayUs(100);				/* 100usec delay */
 183:.\Generated_Source\PSoC5/isr_Ticks.c **** //			
 184:.\Generated_Source\PSoC5/isr_Ticks.c **** //			//ANULL: 6 SET AGFINE Ccmmand
 185:.\Generated_Source\PSoC5/isr_Ticks.c **** //			gobee_param.gyro_offset_fine.fnum = -agyro.mean_rate;
 186:.\Generated_Source\PSoC5/isr_Ticks.c **** //			
 187:.\Generated_Source\PSoC5/isr_Ticks.c **** //			/* Writes AGFINE on EEPROM */
 188:.\Generated_Source\PSoC5/isr_Ticks.c **** //			local_dummy = WriteAllEEparams();			
 189:.\Generated_Source\PSoC5/isr_Ticks.c **** //
 190:.\Generated_Source\PSoC5/isr_Ticks.c **** //			//ANULL: 7 Zero Gyro Command
 191:.\Generated_Source\PSoC5/isr_Ticks.c **** //			agyro.angle = 0;
 192:.\Generated_Source\PSoC5/isr_Ticks.c **** //			
 193:.\Generated_Source\PSoC5/isr_Ticks.c **** //			printf("\r\n[OK]\r\n");
 194:.\Generated_Source\PSoC5/isr_Ticks.c **** //			
 195:.\Generated_Source\PSoC5/isr_Ticks.c **** //			/* blink LED_OK green led with OPERATIVE (SLOW) repetition rate */
 196:.\Generated_Source\PSoC5/isr_Ticks.c **** //			Counter_LED_WritePeriod(LED_OK_OPERATIVE);		
 197:.\Generated_Source\PSoC5/isr_Ticks.c **** //			
 198:.\Generated_Source\PSoC5/isr_Ticks.c **** //			/************************************/
 199:.\Generated_Source\PSoC5/isr_Ticks.c **** //			/*** WARNING MACHINE STATE CHANGE ***/
 200:.\Generated_Source\PSoC5/isr_Ticks.c **** //			/************************************/
 201:.\Generated_Source\PSoC5/isr_Ticks.c **** //			machine_state = GOBEE_OPERATIVE;
 202:.\Generated_Source\PSoC5/isr_Ticks.c **** //		}
 203:.\Generated_Source\PSoC5/isr_Ticks.c **** //	}
 204:.\Generated_Source\PSoC5/isr_Ticks.c ****     /* `#END` */
 205:.\Generated_Source\PSoC5/isr_Ticks.c **** }
 162              		.loc 1 205 0
 163 001e BD46     		mov	sp, r7
 164 0020 80BC     		pop	{r7}
 165 0022 7047     		bx	lr
 166              		.cfi_endproc
 167              	.LFE59:
 168              		.size	isr_Ticks_Interrupt, .-isr_Ticks_Interrupt
 169              		.section	.text.isr_Ticks_SetVector,"ax",%progbits
 170              		.align	2
 171              		.global	isr_Ticks_SetVector
 172              		.thumb
 173              		.thumb_func
 174              		.type	isr_Ticks_SetVector, %function
 175              	isr_Ticks_SetVector:
 176              	.LFB60:
 206:.\Generated_Source\PSoC5/isr_Ticks.c **** 
 207:.\Generated_Source\PSoC5/isr_Ticks.c **** 
 208:.\Generated_Source\PSoC5/isr_Ticks.c **** /*******************************************************************************
 209:.\Generated_Source\PSoC5/isr_Ticks.c **** * Function Name: isr_Ticks_SetVector
 210:.\Generated_Source\PSoC5/isr_Ticks.c **** ********************************************************************************
 211:.\Generated_Source\PSoC5/isr_Ticks.c **** *
 212:.\Generated_Source\PSoC5/isr_Ticks.c **** * Summary:
 213:.\Generated_Source\PSoC5/isr_Ticks.c **** *   Change the ISR vector for the Interrupt. Note calling isr_Ticks_Start
 214:.\Generated_Source\PSoC5/isr_Ticks.c **** *   will override any effect this method would have had. To set the vector 
 215:.\Generated_Source\PSoC5/isr_Ticks.c **** *   before the component has been started use isr_Ticks_StartEx instead.
 216:.\Generated_Source\PSoC5/isr_Ticks.c **** *
 217:.\Generated_Source\PSoC5/isr_Ticks.c **** * Parameters:
 218:.\Generated_Source\PSoC5/isr_Ticks.c **** *   address: Address of the ISR to set in the interrupt vector table.
 219:.\Generated_Source\PSoC5/isr_Ticks.c **** *
 220:.\Generated_Source\PSoC5/isr_Ticks.c **** * Return:
 221:.\Generated_Source\PSoC5/isr_Ticks.c **** *   None
 222:.\Generated_Source\PSoC5/isr_Ticks.c **** *
 223:.\Generated_Source\PSoC5/isr_Ticks.c **** *******************************************************************************/
ARM GAS  C:\Users\GRAZIA~1.RAV\AppData\Local\Temp\ccndmi4d.s 			page 8


 224:.\Generated_Source\PSoC5/isr_Ticks.c **** void isr_Ticks_SetVector(cyisraddress address)
 225:.\Generated_Source\PSoC5/isr_Ticks.c **** {
 177              		.loc 1 225 0
 178              		.cfi_startproc
 179              		@ args = 0, pretend = 0, frame = 16
 180              		@ frame_needed = 1, uses_anonymous_args = 0
 181              		@ link register save eliminated.
 182 0000 80B4     		push	{r7}
 183              	.LCFI9:
 184              		.cfi_def_cfa_offset 4
 185              		.cfi_offset 7, -4
 186 0002 85B0     		sub	sp, sp, #20
 187              	.LCFI10:
 188              		.cfi_def_cfa_offset 24
 189 0004 00AF     		add	r7, sp, #0
 190              	.LCFI11:
 191              		.cfi_def_cfa_register 7
 192 0006 7860     		str	r0, [r7, #4]
 226:.\Generated_Source\PSoC5/isr_Ticks.c ****     cyisraddress * ramVectorTable;
 227:.\Generated_Source\PSoC5/isr_Ticks.c **** 
 228:.\Generated_Source\PSoC5/isr_Ticks.c ****     ramVectorTable = (cyisraddress *) *CYINT_VECT_TABLE;
 193              		.loc 1 228 0
 194 0008 4EF60853 		movw	r3, #60680
 195 000c CEF20003 		movt	r3, 57344
 196 0010 1B68     		ldr	r3, [r3, #0]
 197 0012 FB60     		str	r3, [r7, #12]
 229:.\Generated_Source\PSoC5/isr_Ticks.c **** 
 230:.\Generated_Source\PSoC5/isr_Ticks.c ****     ramVectorTable[CYINT_IRQ_BASE + (uint32)isr_Ticks__INTC_NUMBER] = address;
 198              		.loc 1 230 0
 199 0014 FB68     		ldr	r3, [r7, #12]
 200 0016 03F16403 		add	r3, r3, #100
 201 001a 7A68     		ldr	r2, [r7, #4]
 202 001c 1A60     		str	r2, [r3, #0]
 231:.\Generated_Source\PSoC5/isr_Ticks.c **** }
 203              		.loc 1 231 0
 204 001e 07F11407 		add	r7, r7, #20
 205 0022 BD46     		mov	sp, r7
 206 0024 80BC     		pop	{r7}
 207 0026 7047     		bx	lr
 208              		.cfi_endproc
 209              	.LFE60:
 210              		.size	isr_Ticks_SetVector, .-isr_Ticks_SetVector
 211              		.section	.text.isr_Ticks_GetVector,"ax",%progbits
 212              		.align	2
 213              		.global	isr_Ticks_GetVector
 214              		.thumb
 215              		.thumb_func
 216              		.type	isr_Ticks_GetVector, %function
 217              	isr_Ticks_GetVector:
 218              	.LFB61:
 232:.\Generated_Source\PSoC5/isr_Ticks.c **** 
 233:.\Generated_Source\PSoC5/isr_Ticks.c **** 
 234:.\Generated_Source\PSoC5/isr_Ticks.c **** /*******************************************************************************
 235:.\Generated_Source\PSoC5/isr_Ticks.c **** * Function Name: isr_Ticks_GetVector
 236:.\Generated_Source\PSoC5/isr_Ticks.c **** ********************************************************************************
 237:.\Generated_Source\PSoC5/isr_Ticks.c **** *
 238:.\Generated_Source\PSoC5/isr_Ticks.c **** * Summary:
ARM GAS  C:\Users\GRAZIA~1.RAV\AppData\Local\Temp\ccndmi4d.s 			page 9


 239:.\Generated_Source\PSoC5/isr_Ticks.c **** *   Gets the "address" of the current ISR vector for the Interrupt.
 240:.\Generated_Source\PSoC5/isr_Ticks.c **** *
 241:.\Generated_Source\PSoC5/isr_Ticks.c **** * Parameters:
 242:.\Generated_Source\PSoC5/isr_Ticks.c **** *   None
 243:.\Generated_Source\PSoC5/isr_Ticks.c **** *
 244:.\Generated_Source\PSoC5/isr_Ticks.c **** * Return:
 245:.\Generated_Source\PSoC5/isr_Ticks.c **** *   Address of the ISR in the interrupt vector table.
 246:.\Generated_Source\PSoC5/isr_Ticks.c **** *
 247:.\Generated_Source\PSoC5/isr_Ticks.c **** *******************************************************************************/
 248:.\Generated_Source\PSoC5/isr_Ticks.c **** cyisraddress isr_Ticks_GetVector(void)
 249:.\Generated_Source\PSoC5/isr_Ticks.c **** {
 219              		.loc 1 249 0
 220              		.cfi_startproc
 221              		@ args = 0, pretend = 0, frame = 8
 222              		@ frame_needed = 1, uses_anonymous_args = 0
 223              		@ link register save eliminated.
 224 0000 80B4     		push	{r7}
 225              	.LCFI12:
 226              		.cfi_def_cfa_offset 4
 227              		.cfi_offset 7, -4
 228 0002 83B0     		sub	sp, sp, #12
 229              	.LCFI13:
 230              		.cfi_def_cfa_offset 16
 231 0004 00AF     		add	r7, sp, #0
 232              	.LCFI14:
 233              		.cfi_def_cfa_register 7
 250:.\Generated_Source\PSoC5/isr_Ticks.c ****     cyisraddress * ramVectorTable;
 251:.\Generated_Source\PSoC5/isr_Ticks.c **** 
 252:.\Generated_Source\PSoC5/isr_Ticks.c ****     ramVectorTable = (cyisraddress *) *CYINT_VECT_TABLE;
 234              		.loc 1 252 0
 235 0006 4EF60853 		movw	r3, #60680
 236 000a CEF20003 		movt	r3, 57344
 237 000e 1B68     		ldr	r3, [r3, #0]
 238 0010 7B60     		str	r3, [r7, #4]
 253:.\Generated_Source\PSoC5/isr_Ticks.c **** 
 254:.\Generated_Source\PSoC5/isr_Ticks.c ****     return ramVectorTable[CYINT_IRQ_BASE + (uint32)isr_Ticks__INTC_NUMBER];
 239              		.loc 1 254 0
 240 0012 7B68     		ldr	r3, [r7, #4]
 241 0014 5B6E     		ldr	r3, [r3, #100]
 255:.\Generated_Source\PSoC5/isr_Ticks.c **** }
 242              		.loc 1 255 0
 243 0016 1846     		mov	r0, r3
 244 0018 07F10C07 		add	r7, r7, #12
 245 001c BD46     		mov	sp, r7
 246 001e 80BC     		pop	{r7}
 247 0020 7047     		bx	lr
 248              		.cfi_endproc
 249              	.LFE61:
 250              		.size	isr_Ticks_GetVector, .-isr_Ticks_GetVector
 251 0022 00BF     		.section	.text.isr_Ticks_SetPriority,"ax",%progbits
 252              		.align	2
 253              		.global	isr_Ticks_SetPriority
 254              		.thumb
 255              		.thumb_func
 256              		.type	isr_Ticks_SetPriority, %function
 257              	isr_Ticks_SetPriority:
 258              	.LFB62:
ARM GAS  C:\Users\GRAZIA~1.RAV\AppData\Local\Temp\ccndmi4d.s 			page 10


 256:.\Generated_Source\PSoC5/isr_Ticks.c **** 
 257:.\Generated_Source\PSoC5/isr_Ticks.c **** 
 258:.\Generated_Source\PSoC5/isr_Ticks.c **** /*******************************************************************************
 259:.\Generated_Source\PSoC5/isr_Ticks.c **** * Function Name: isr_Ticks_SetPriority
 260:.\Generated_Source\PSoC5/isr_Ticks.c **** ********************************************************************************
 261:.\Generated_Source\PSoC5/isr_Ticks.c **** *
 262:.\Generated_Source\PSoC5/isr_Ticks.c **** * Summary:
 263:.\Generated_Source\PSoC5/isr_Ticks.c **** *   Sets the Priority of the Interrupt. Note calling isr_Ticks_Start
 264:.\Generated_Source\PSoC5/isr_Ticks.c **** *   or isr_Ticks_StartEx will override any effect this method 
 265:.\Generated_Source\PSoC5/isr_Ticks.c **** *   would have had. This method should only be called after 
 266:.\Generated_Source\PSoC5/isr_Ticks.c **** *   isr_Ticks_Start or isr_Ticks_StartEx has been called. To set 
 267:.\Generated_Source\PSoC5/isr_Ticks.c **** *   the initial priority for the component use the cydwr file in the tool.
 268:.\Generated_Source\PSoC5/isr_Ticks.c **** *
 269:.\Generated_Source\PSoC5/isr_Ticks.c **** * Parameters:
 270:.\Generated_Source\PSoC5/isr_Ticks.c **** *   priority: Priority of the interrupt. 0 - 7, 0 being the highest.
 271:.\Generated_Source\PSoC5/isr_Ticks.c **** *
 272:.\Generated_Source\PSoC5/isr_Ticks.c **** * Return:
 273:.\Generated_Source\PSoC5/isr_Ticks.c **** *   None
 274:.\Generated_Source\PSoC5/isr_Ticks.c **** *
 275:.\Generated_Source\PSoC5/isr_Ticks.c **** *******************************************************************************/
 276:.\Generated_Source\PSoC5/isr_Ticks.c **** void isr_Ticks_SetPriority(uint8 priority)
 277:.\Generated_Source\PSoC5/isr_Ticks.c **** {
 259              		.loc 1 277 0
 260              		.cfi_startproc
 261              		@ args = 0, pretend = 0, frame = 8
 262              		@ frame_needed = 1, uses_anonymous_args = 0
 263              		@ link register save eliminated.
 264 0000 80B4     		push	{r7}
 265              	.LCFI15:
 266              		.cfi_def_cfa_offset 4
 267              		.cfi_offset 7, -4
 268 0002 83B0     		sub	sp, sp, #12
 269              	.LCFI16:
 270              		.cfi_def_cfa_offset 16
 271 0004 00AF     		add	r7, sp, #0
 272              	.LCFI17:
 273              		.cfi_def_cfa_register 7
 274 0006 0346     		mov	r3, r0
 275 0008 FB71     		strb	r3, [r7, #7]
 278:.\Generated_Source\PSoC5/isr_Ticks.c ****     *isr_Ticks_INTC_PRIOR = priority << 5;
 276              		.loc 1 278 0
 277 000a 4EF20943 		movw	r3, #58377
 278 000e CEF20003 		movt	r3, 57344
 279 0012 FA79     		ldrb	r2, [r7, #7]
 280 0014 4FEA4212 		lsl	r2, r2, #5
 281 0018 D2B2     		uxtb	r2, r2
 282 001a 1A70     		strb	r2, [r3, #0]
 279:.\Generated_Source\PSoC5/isr_Ticks.c **** }
 283              		.loc 1 279 0
 284 001c 07F10C07 		add	r7, r7, #12
 285 0020 BD46     		mov	sp, r7
 286 0022 80BC     		pop	{r7}
 287 0024 7047     		bx	lr
 288              		.cfi_endproc
 289              	.LFE62:
 290              		.size	isr_Ticks_SetPriority, .-isr_Ticks_SetPriority
 291 0026 00BF     		.section	.text.isr_Ticks_GetPriority,"ax",%progbits
ARM GAS  C:\Users\GRAZIA~1.RAV\AppData\Local\Temp\ccndmi4d.s 			page 11


 292              		.align	2
 293              		.global	isr_Ticks_GetPriority
 294              		.thumb
 295              		.thumb_func
 296              		.type	isr_Ticks_GetPriority, %function
 297              	isr_Ticks_GetPriority:
 298              	.LFB63:
 280:.\Generated_Source\PSoC5/isr_Ticks.c **** 
 281:.\Generated_Source\PSoC5/isr_Ticks.c **** 
 282:.\Generated_Source\PSoC5/isr_Ticks.c **** /*******************************************************************************
 283:.\Generated_Source\PSoC5/isr_Ticks.c **** * Function Name: isr_Ticks_GetPriority
 284:.\Generated_Source\PSoC5/isr_Ticks.c **** ********************************************************************************
 285:.\Generated_Source\PSoC5/isr_Ticks.c **** *
 286:.\Generated_Source\PSoC5/isr_Ticks.c **** * Summary:
 287:.\Generated_Source\PSoC5/isr_Ticks.c **** *   Gets the Priority of the Interrupt.
 288:.\Generated_Source\PSoC5/isr_Ticks.c **** *
 289:.\Generated_Source\PSoC5/isr_Ticks.c **** * Parameters:
 290:.\Generated_Source\PSoC5/isr_Ticks.c **** *   None
 291:.\Generated_Source\PSoC5/isr_Ticks.c **** *
 292:.\Generated_Source\PSoC5/isr_Ticks.c **** * Return:
 293:.\Generated_Source\PSoC5/isr_Ticks.c **** *   Priority of the interrupt. 0 - 7, 0 being the highest.
 294:.\Generated_Source\PSoC5/isr_Ticks.c **** *
 295:.\Generated_Source\PSoC5/isr_Ticks.c **** *******************************************************************************/
 296:.\Generated_Source\PSoC5/isr_Ticks.c **** uint8 isr_Ticks_GetPriority(void)
 297:.\Generated_Source\PSoC5/isr_Ticks.c **** {
 299              		.loc 1 297 0
 300              		.cfi_startproc
 301              		@ args = 0, pretend = 0, frame = 8
 302              		@ frame_needed = 1, uses_anonymous_args = 0
 303              		@ link register save eliminated.
 304 0000 80B4     		push	{r7}
 305              	.LCFI18:
 306              		.cfi_def_cfa_offset 4
 307              		.cfi_offset 7, -4
 308 0002 83B0     		sub	sp, sp, #12
 309              	.LCFI19:
 310              		.cfi_def_cfa_offset 16
 311 0004 00AF     		add	r7, sp, #0
 312              	.LCFI20:
 313              		.cfi_def_cfa_register 7
 298:.\Generated_Source\PSoC5/isr_Ticks.c ****     uint8 priority;
 299:.\Generated_Source\PSoC5/isr_Ticks.c **** 
 300:.\Generated_Source\PSoC5/isr_Ticks.c **** 
 301:.\Generated_Source\PSoC5/isr_Ticks.c ****     priority = *isr_Ticks_INTC_PRIOR >> 5;
 314              		.loc 1 301 0
 315 0006 4EF20943 		movw	r3, #58377
 316 000a CEF20003 		movt	r3, 57344
 317 000e 1B78     		ldrb	r3, [r3, #0]
 318 0010 DBB2     		uxtb	r3, r3
 319 0012 4FEA5313 		lsr	r3, r3, #5
 320 0016 FB71     		strb	r3, [r7, #7]
 302:.\Generated_Source\PSoC5/isr_Ticks.c **** 
 303:.\Generated_Source\PSoC5/isr_Ticks.c ****     return priority;
 321              		.loc 1 303 0
 322 0018 FB79     		ldrb	r3, [r7, #7]	@ zero_extendqisi2
 304:.\Generated_Source\PSoC5/isr_Ticks.c **** }
 323              		.loc 1 304 0
ARM GAS  C:\Users\GRAZIA~1.RAV\AppData\Local\Temp\ccndmi4d.s 			page 12


 324 001a 1846     		mov	r0, r3
 325 001c 07F10C07 		add	r7, r7, #12
 326 0020 BD46     		mov	sp, r7
 327 0022 80BC     		pop	{r7}
 328 0024 7047     		bx	lr
 329              		.cfi_endproc
 330              	.LFE63:
 331              		.size	isr_Ticks_GetPriority, .-isr_Ticks_GetPriority
 332 0026 00BF     		.section	.text.isr_Ticks_Enable,"ax",%progbits
 333              		.align	2
 334              		.global	isr_Ticks_Enable
 335              		.thumb
 336              		.thumb_func
 337              		.type	isr_Ticks_Enable, %function
 338              	isr_Ticks_Enable:
 339              	.LFB64:
 305:.\Generated_Source\PSoC5/isr_Ticks.c **** 
 306:.\Generated_Source\PSoC5/isr_Ticks.c **** 
 307:.\Generated_Source\PSoC5/isr_Ticks.c **** /*******************************************************************************
 308:.\Generated_Source\PSoC5/isr_Ticks.c **** * Function Name: isr_Ticks_Enable
 309:.\Generated_Source\PSoC5/isr_Ticks.c **** ********************************************************************************
 310:.\Generated_Source\PSoC5/isr_Ticks.c **** *
 311:.\Generated_Source\PSoC5/isr_Ticks.c **** * Summary:
 312:.\Generated_Source\PSoC5/isr_Ticks.c **** *   Enables the interrupt.
 313:.\Generated_Source\PSoC5/isr_Ticks.c **** *
 314:.\Generated_Source\PSoC5/isr_Ticks.c **** * Parameters:
 315:.\Generated_Source\PSoC5/isr_Ticks.c **** *   None
 316:.\Generated_Source\PSoC5/isr_Ticks.c **** *
 317:.\Generated_Source\PSoC5/isr_Ticks.c **** * Return:
 318:.\Generated_Source\PSoC5/isr_Ticks.c **** *   None
 319:.\Generated_Source\PSoC5/isr_Ticks.c **** *
 320:.\Generated_Source\PSoC5/isr_Ticks.c **** *******************************************************************************/
 321:.\Generated_Source\PSoC5/isr_Ticks.c **** void isr_Ticks_Enable(void)
 322:.\Generated_Source\PSoC5/isr_Ticks.c **** {
 340              		.loc 1 322 0
 341              		.cfi_startproc
 342              		@ args = 0, pretend = 0, frame = 0
 343              		@ frame_needed = 1, uses_anonymous_args = 0
 344              		@ link register save eliminated.
 345 0000 80B4     		push	{r7}
 346              	.LCFI21:
 347              		.cfi_def_cfa_offset 4
 348              		.cfi_offset 7, -4
 349 0002 00AF     		add	r7, sp, #0
 350              	.LCFI22:
 351              		.cfi_def_cfa_register 7
 323:.\Generated_Source\PSoC5/isr_Ticks.c ****     /* Enable the general interrupt. */
 324:.\Generated_Source\PSoC5/isr_Ticks.c ****     *isr_Ticks_INTC_SET_EN = isr_Ticks__INTC_MASK;
 352              		.loc 1 324 0
 353 0004 4FF46143 		mov	r3, #57600
 354 0008 CEF20003 		movt	r3, 57344
 355 000c 4FF40072 		mov	r2, #512
 356 0010 1A60     		str	r2, [r3, #0]
 325:.\Generated_Source\PSoC5/isr_Ticks.c **** }
 357              		.loc 1 325 0
 358 0012 BD46     		mov	sp, r7
 359 0014 80BC     		pop	{r7}
ARM GAS  C:\Users\GRAZIA~1.RAV\AppData\Local\Temp\ccndmi4d.s 			page 13


 360 0016 7047     		bx	lr
 361              		.cfi_endproc
 362              	.LFE64:
 363              		.size	isr_Ticks_Enable, .-isr_Ticks_Enable
 364              		.section	.text.isr_Ticks_GetState,"ax",%progbits
 365              		.align	2
 366              		.global	isr_Ticks_GetState
 367              		.thumb
 368              		.thumb_func
 369              		.type	isr_Ticks_GetState, %function
 370              	isr_Ticks_GetState:
 371              	.LFB65:
 326:.\Generated_Source\PSoC5/isr_Ticks.c **** 
 327:.\Generated_Source\PSoC5/isr_Ticks.c **** 
 328:.\Generated_Source\PSoC5/isr_Ticks.c **** /*******************************************************************************
 329:.\Generated_Source\PSoC5/isr_Ticks.c **** * Function Name: isr_Ticks_GetState
 330:.\Generated_Source\PSoC5/isr_Ticks.c **** ********************************************************************************
 331:.\Generated_Source\PSoC5/isr_Ticks.c **** *
 332:.\Generated_Source\PSoC5/isr_Ticks.c **** * Summary:
 333:.\Generated_Source\PSoC5/isr_Ticks.c **** *   Gets the state (enabled, disabled) of the Interrupt.
 334:.\Generated_Source\PSoC5/isr_Ticks.c **** *
 335:.\Generated_Source\PSoC5/isr_Ticks.c **** * Parameters:
 336:.\Generated_Source\PSoC5/isr_Ticks.c **** *   None
 337:.\Generated_Source\PSoC5/isr_Ticks.c **** *
 338:.\Generated_Source\PSoC5/isr_Ticks.c **** * Return:
 339:.\Generated_Source\PSoC5/isr_Ticks.c **** *   1 if enabled, 0 if disabled.
 340:.\Generated_Source\PSoC5/isr_Ticks.c **** *
 341:.\Generated_Source\PSoC5/isr_Ticks.c **** *******************************************************************************/
 342:.\Generated_Source\PSoC5/isr_Ticks.c **** uint8 isr_Ticks_GetState(void)
 343:.\Generated_Source\PSoC5/isr_Ticks.c **** {
 372              		.loc 1 343 0
 373              		.cfi_startproc
 374              		@ args = 0, pretend = 0, frame = 0
 375              		@ frame_needed = 1, uses_anonymous_args = 0
 376              		@ link register save eliminated.
 377 0000 80B4     		push	{r7}
 378              	.LCFI23:
 379              		.cfi_def_cfa_offset 4
 380              		.cfi_offset 7, -4
 381 0002 00AF     		add	r7, sp, #0
 382              	.LCFI24:
 383              		.cfi_def_cfa_register 7
 344:.\Generated_Source\PSoC5/isr_Ticks.c ****     /* Get the state of the general interrupt. */
 345:.\Generated_Source\PSoC5/isr_Ticks.c ****     return ((*isr_Ticks_INTC_SET_EN & (uint32)isr_Ticks__INTC_MASK) != 0u) ? 1u:0u;
 384              		.loc 1 345 0
 385 0004 4FF46143 		mov	r3, #57600
 386 0008 CEF20003 		movt	r3, 57344
 387 000c 1B68     		ldr	r3, [r3, #0]
 388 000e 03F40073 		and	r3, r3, #512
 389 0012 002B     		cmp	r3, #0
 390 0014 02D0     		beq	.L13
 391              		.loc 1 345 0 is_stmt 0 discriminator 1
 392 0016 4FF00103 		mov	r3, #1
 393 001a 01E0     		b	.L14
 394              	.L13:
 395              		.loc 1 345 0 discriminator 2
 396 001c 4FF00003 		mov	r3, #0
ARM GAS  C:\Users\GRAZIA~1.RAV\AppData\Local\Temp\ccndmi4d.s 			page 14


 397              	.L14:
 346:.\Generated_Source\PSoC5/isr_Ticks.c **** }
 398              		.loc 1 346 0 is_stmt 1 discriminator 3
 399 0020 1846     		mov	r0, r3
 400 0022 BD46     		mov	sp, r7
 401 0024 80BC     		pop	{r7}
 402 0026 7047     		bx	lr
 403              		.cfi_endproc
 404              	.LFE65:
 405              		.size	isr_Ticks_GetState, .-isr_Ticks_GetState
 406              		.section	.text.isr_Ticks_Disable,"ax",%progbits
 407              		.align	2
 408              		.global	isr_Ticks_Disable
 409              		.thumb
 410              		.thumb_func
 411              		.type	isr_Ticks_Disable, %function
 412              	isr_Ticks_Disable:
 413              	.LFB66:
 347:.\Generated_Source\PSoC5/isr_Ticks.c **** 
 348:.\Generated_Source\PSoC5/isr_Ticks.c **** 
 349:.\Generated_Source\PSoC5/isr_Ticks.c **** /*******************************************************************************
 350:.\Generated_Source\PSoC5/isr_Ticks.c **** * Function Name: isr_Ticks_Disable
 351:.\Generated_Source\PSoC5/isr_Ticks.c **** ********************************************************************************
 352:.\Generated_Source\PSoC5/isr_Ticks.c **** *
 353:.\Generated_Source\PSoC5/isr_Ticks.c **** * Summary:
 354:.\Generated_Source\PSoC5/isr_Ticks.c **** *   Disables the Interrupt.
 355:.\Generated_Source\PSoC5/isr_Ticks.c **** *
 356:.\Generated_Source\PSoC5/isr_Ticks.c **** * Parameters:
 357:.\Generated_Source\PSoC5/isr_Ticks.c **** *   None
 358:.\Generated_Source\PSoC5/isr_Ticks.c **** *
 359:.\Generated_Source\PSoC5/isr_Ticks.c **** * Return:
 360:.\Generated_Source\PSoC5/isr_Ticks.c **** *   None
 361:.\Generated_Source\PSoC5/isr_Ticks.c **** *
 362:.\Generated_Source\PSoC5/isr_Ticks.c **** *******************************************************************************/
 363:.\Generated_Source\PSoC5/isr_Ticks.c **** void isr_Ticks_Disable(void)
 364:.\Generated_Source\PSoC5/isr_Ticks.c **** {
 414              		.loc 1 364 0
 415              		.cfi_startproc
 416              		@ args = 0, pretend = 0, frame = 0
 417              		@ frame_needed = 1, uses_anonymous_args = 0
 418              		@ link register save eliminated.
 419 0000 80B4     		push	{r7}
 420              	.LCFI25:
 421              		.cfi_def_cfa_offset 4
 422              		.cfi_offset 7, -4
 423 0002 00AF     		add	r7, sp, #0
 424              	.LCFI26:
 425              		.cfi_def_cfa_register 7
 365:.\Generated_Source\PSoC5/isr_Ticks.c ****     /* Disable the general interrupt. */
 366:.\Generated_Source\PSoC5/isr_Ticks.c ****     *isr_Ticks_INTC_CLR_EN = isr_Ticks__INTC_MASK;
 426              		.loc 1 366 0
 427 0004 4EF28013 		movw	r3, #57728
 428 0008 CEF20003 		movt	r3, 57344
 429 000c 4FF40072 		mov	r2, #512
 430 0010 1A60     		str	r2, [r3, #0]
 367:.\Generated_Source\PSoC5/isr_Ticks.c **** }
 431              		.loc 1 367 0
ARM GAS  C:\Users\GRAZIA~1.RAV\AppData\Local\Temp\ccndmi4d.s 			page 15


 432 0012 BD46     		mov	sp, r7
 433 0014 80BC     		pop	{r7}
 434 0016 7047     		bx	lr
 435              		.cfi_endproc
 436              	.LFE66:
 437              		.size	isr_Ticks_Disable, .-isr_Ticks_Disable
 438              		.section	.text.isr_Ticks_SetPending,"ax",%progbits
 439              		.align	2
 440              		.global	isr_Ticks_SetPending
 441              		.thumb
 442              		.thumb_func
 443              		.type	isr_Ticks_SetPending, %function
 444              	isr_Ticks_SetPending:
 445              	.LFB67:
 368:.\Generated_Source\PSoC5/isr_Ticks.c **** 
 369:.\Generated_Source\PSoC5/isr_Ticks.c **** 
 370:.\Generated_Source\PSoC5/isr_Ticks.c **** /*******************************************************************************
 371:.\Generated_Source\PSoC5/isr_Ticks.c **** * Function Name: isr_Ticks_SetPending
 372:.\Generated_Source\PSoC5/isr_Ticks.c **** ********************************************************************************
 373:.\Generated_Source\PSoC5/isr_Ticks.c **** *
 374:.\Generated_Source\PSoC5/isr_Ticks.c **** * Summary:
 375:.\Generated_Source\PSoC5/isr_Ticks.c **** *   Causes the Interrupt to enter the pending state, a software method of
 376:.\Generated_Source\PSoC5/isr_Ticks.c **** *   generating the interrupt.
 377:.\Generated_Source\PSoC5/isr_Ticks.c **** *
 378:.\Generated_Source\PSoC5/isr_Ticks.c **** * Parameters:
 379:.\Generated_Source\PSoC5/isr_Ticks.c **** *   None
 380:.\Generated_Source\PSoC5/isr_Ticks.c **** *
 381:.\Generated_Source\PSoC5/isr_Ticks.c **** * Return:
 382:.\Generated_Source\PSoC5/isr_Ticks.c **** *   None
 383:.\Generated_Source\PSoC5/isr_Ticks.c **** *
 384:.\Generated_Source\PSoC5/isr_Ticks.c **** *******************************************************************************/
 385:.\Generated_Source\PSoC5/isr_Ticks.c **** void isr_Ticks_SetPending(void)
 386:.\Generated_Source\PSoC5/isr_Ticks.c **** {
 446              		.loc 1 386 0
 447              		.cfi_startproc
 448              		@ args = 0, pretend = 0, frame = 0
 449              		@ frame_needed = 1, uses_anonymous_args = 0
 450              		@ link register save eliminated.
 451 0000 80B4     		push	{r7}
 452              	.LCFI27:
 453              		.cfi_def_cfa_offset 4
 454              		.cfi_offset 7, -4
 455 0002 00AF     		add	r7, sp, #0
 456              	.LCFI28:
 457              		.cfi_def_cfa_register 7
 387:.\Generated_Source\PSoC5/isr_Ticks.c ****     *isr_Ticks_INTC_SET_PD = isr_Ticks__INTC_MASK;
 458              		.loc 1 387 0
 459 0004 4FF46243 		mov	r3, #57856
 460 0008 CEF20003 		movt	r3, 57344
 461 000c 4FF40072 		mov	r2, #512
 462 0010 1A60     		str	r2, [r3, #0]
 388:.\Generated_Source\PSoC5/isr_Ticks.c **** }
 463              		.loc 1 388 0
 464 0012 BD46     		mov	sp, r7
 465 0014 80BC     		pop	{r7}
 466 0016 7047     		bx	lr
 467              		.cfi_endproc
ARM GAS  C:\Users\GRAZIA~1.RAV\AppData\Local\Temp\ccndmi4d.s 			page 16


 468              	.LFE67:
 469              		.size	isr_Ticks_SetPending, .-isr_Ticks_SetPending
 470              		.section	.text.isr_Ticks_ClearPending,"ax",%progbits
 471              		.align	2
 472              		.global	isr_Ticks_ClearPending
 473              		.thumb
 474              		.thumb_func
 475              		.type	isr_Ticks_ClearPending, %function
 476              	isr_Ticks_ClearPending:
 477              	.LFB68:
 389:.\Generated_Source\PSoC5/isr_Ticks.c **** 
 390:.\Generated_Source\PSoC5/isr_Ticks.c **** 
 391:.\Generated_Source\PSoC5/isr_Ticks.c **** /*******************************************************************************
 392:.\Generated_Source\PSoC5/isr_Ticks.c **** * Function Name: isr_Ticks_ClearPending
 393:.\Generated_Source\PSoC5/isr_Ticks.c **** ********************************************************************************
 394:.\Generated_Source\PSoC5/isr_Ticks.c **** *
 395:.\Generated_Source\PSoC5/isr_Ticks.c **** * Summary:
 396:.\Generated_Source\PSoC5/isr_Ticks.c **** *   Clears a pending interrupt.
 397:.\Generated_Source\PSoC5/isr_Ticks.c **** *
 398:.\Generated_Source\PSoC5/isr_Ticks.c **** * Parameters:
 399:.\Generated_Source\PSoC5/isr_Ticks.c **** *   None
 400:.\Generated_Source\PSoC5/isr_Ticks.c **** *
 401:.\Generated_Source\PSoC5/isr_Ticks.c **** * Return:
 402:.\Generated_Source\PSoC5/isr_Ticks.c **** *   None
 403:.\Generated_Source\PSoC5/isr_Ticks.c **** *
 404:.\Generated_Source\PSoC5/isr_Ticks.c **** *******************************************************************************/
 405:.\Generated_Source\PSoC5/isr_Ticks.c **** void isr_Ticks_ClearPending(void)
 406:.\Generated_Source\PSoC5/isr_Ticks.c **** {
 478              		.loc 1 406 0
 479              		.cfi_startproc
 480              		@ args = 0, pretend = 0, frame = 0
 481              		@ frame_needed = 1, uses_anonymous_args = 0
 482              		@ link register save eliminated.
 483 0000 80B4     		push	{r7}
 484              	.LCFI29:
 485              		.cfi_def_cfa_offset 4
 486              		.cfi_offset 7, -4
 487 0002 00AF     		add	r7, sp, #0
 488              	.LCFI30:
 489              		.cfi_def_cfa_register 7
 407:.\Generated_Source\PSoC5/isr_Ticks.c ****     *isr_Ticks_INTC_CLR_PD = isr_Ticks__INTC_MASK;
 490              		.loc 1 407 0
 491 0004 4EF28023 		movw	r3, #57984
 492 0008 CEF20003 		movt	r3, 57344
 493 000c 4FF40072 		mov	r2, #512
 494 0010 1A60     		str	r2, [r3, #0]
 408:.\Generated_Source\PSoC5/isr_Ticks.c **** }
 495              		.loc 1 408 0
 496 0012 BD46     		mov	sp, r7
 497 0014 80BC     		pop	{r7}
 498 0016 7047     		bx	lr
 499              		.cfi_endproc
 500              	.LFE68:
 501              		.size	isr_Ticks_ClearPending, .-isr_Ticks_ClearPending
 502              		.text
 503              	.Letext0:
 504              		.file 2 "c:\\program files (x86)\\cypress\\psoc creator\\3.0\\psoc creator\\import\\gnu_cs\\arm\\4
ARM GAS  C:\Users\GRAZIA~1.RAV\AppData\Local\Temp\ccndmi4d.s 			page 17


 505              		.file 3 "./Generated_Source/PSoC5/cytypes.h"
 506              		.file 4 "./Generated_Source/PSoC5/core_cm3.h"
 507              		.section	.debug_info,"",%progbits
 508              	.Ldebug_info0:
 509 0000 C0020000 		.4byte	0x2c0
 510 0004 0200     		.2byte	0x2
 511 0006 00000000 		.4byte	.Ldebug_abbrev0
 512 000a 04       		.byte	0x4
 513 000b 01       		.uleb128 0x1
 514 000c 3F020000 		.4byte	.LASF38
 515 0010 01       		.byte	0x1
 516 0011 41000000 		.4byte	.LASF39
 517 0015 08010000 		.4byte	.LASF40
 518 0019 00000000 		.4byte	.Ldebug_ranges0+0
 519 001d 00000000 		.4byte	0
 520 0021 00000000 		.4byte	0
 521 0025 00000000 		.4byte	.Ldebug_line0
 522 0029 02       		.uleb128 0x2
 523 002a 01       		.byte	0x1
 524 002b 06       		.byte	0x6
 525 002c B7020000 		.4byte	.LASF0
 526 0030 02       		.uleb128 0x2
 527 0031 01       		.byte	0x1
 528 0032 08       		.byte	0x8
 529 0033 7E000000 		.4byte	.LASF1
 530 0037 02       		.uleb128 0x2
 531 0038 02       		.byte	0x2
 532 0039 05       		.byte	0x5
 533 003a 2F020000 		.4byte	.LASF2
 534 003e 02       		.uleb128 0x2
 535 003f 02       		.byte	0x2
 536 0040 07       		.byte	0x7
 537 0041 C3020000 		.4byte	.LASF3
 538 0045 03       		.uleb128 0x3
 539 0046 04       		.byte	0x4
 540 0047 05       		.byte	0x5
 541 0048 696E7400 		.ascii	"int\000"
 542 004c 02       		.uleb128 0x2
 543 004d 04       		.byte	0x4
 544 004e 07       		.byte	0x7
 545 004f A3010000 		.4byte	.LASF4
 546 0053 02       		.uleb128 0x2
 547 0054 08       		.byte	0x8
 548 0055 05       		.byte	0x5
 549 0056 F9010000 		.4byte	.LASF5
 550 005a 02       		.uleb128 0x2
 551 005b 08       		.byte	0x8
 552 005c 07       		.byte	0x7
 553 005d B8010000 		.4byte	.LASF6
 554 0061 02       		.uleb128 0x2
 555 0062 04       		.byte	0x4
 556 0063 05       		.byte	0x5
 557 0064 9D020000 		.4byte	.LASF7
 558 0068 02       		.uleb128 0x2
 559 0069 04       		.byte	0x4
 560 006a 07       		.byte	0x7
 561 006b F0010000 		.4byte	.LASF8
ARM GAS  C:\Users\GRAZIA~1.RAV\AppData\Local\Temp\ccndmi4d.s 			page 18


 562 006f 02       		.uleb128 0x2
 563 0070 04       		.byte	0x4
 564 0071 07       		.byte	0x7
 565 0072 91000000 		.4byte	.LASF9
 566 0076 04       		.uleb128 0x4
 567 0077 01       		.byte	0x1
 568 0078 05       		.uleb128 0x5
 569 0079 04       		.byte	0x4
 570 007a 76000000 		.4byte	0x76
 571 007e 02       		.uleb128 0x2
 572 007f 01       		.byte	0x1
 573 0080 08       		.byte	0x8
 574 0081 07020000 		.4byte	.LASF10
 575 0085 06       		.uleb128 0x6
 576 0086 E8010000 		.4byte	.LASF11
 577 008a 02       		.byte	0x2
 578 008b 4F       		.byte	0x4f
 579 008c 61000000 		.4byte	0x61
 580 0090 06       		.uleb128 0x6
 581 0091 39020000 		.4byte	.LASF12
 582 0095 03       		.byte	0x3
 583 0096 5B       		.byte	0x5b
 584 0097 30000000 		.4byte	0x30
 585 009b 06       		.uleb128 0x6
 586 009c 81010000 		.4byte	.LASF13
 587 00a0 03       		.byte	0x3
 588 00a1 5C       		.byte	0x5c
 589 00a2 3E000000 		.4byte	0x3e
 590 00a6 06       		.uleb128 0x6
 591 00a7 88010000 		.4byte	.LASF14
 592 00ab 03       		.byte	0x3
 593 00ac 5D       		.byte	0x5d
 594 00ad 6F000000 		.4byte	0x6f
 595 00b1 02       		.uleb128 0x2
 596 00b2 04       		.byte	0x4
 597 00b3 04       		.byte	0x4
 598 00b4 66000000 		.4byte	.LASF15
 599 00b8 02       		.uleb128 0x2
 600 00b9 08       		.byte	0x8
 601 00ba 04       		.byte	0x4
 602 00bb 01010000 		.4byte	.LASF16
 603 00bf 06       		.uleb128 0x6
 604 00c0 8C000000 		.4byte	.LASF17
 605 00c4 03       		.byte	0x3
 606 00c5 F0       		.byte	0xf0
 607 00c6 CA000000 		.4byte	0xca
 608 00ca 07       		.uleb128 0x7
 609 00cb 90000000 		.4byte	0x90
 610 00cf 06       		.uleb128 0x6
 611 00d0 00000000 		.4byte	.LASF18
 612 00d4 03       		.byte	0x3
 613 00d5 F2       		.byte	0xf2
 614 00d6 DA000000 		.4byte	0xda
 615 00da 07       		.uleb128 0x7
 616 00db A6000000 		.4byte	0xa6
 617 00df 08       		.uleb128 0x8
 618 00e0 CF010000 		.4byte	.LASF19
ARM GAS  C:\Users\GRAZIA~1.RAV\AppData\Local\Temp\ccndmi4d.s 			page 19


 619 00e4 03       		.byte	0x3
 620 00e5 0201     		.2byte	0x102
 621 00e7 78000000 		.4byte	0x78
 622 00eb 09       		.uleb128 0x9
 623 00ec 01       		.byte	0x1
 624 00ed DB000000 		.4byte	.LASF20
 625 00f1 01       		.byte	0x1
 626 00f2 4C       		.byte	0x4c
 627 00f3 01       		.byte	0x1
 628 00f4 00000000 		.4byte	.LFB56
 629 00f8 22000000 		.4byte	.LFE56
 630 00fc 00000000 		.4byte	.LLST0
 631 0100 01       		.byte	0x1
 632 0101 0A       		.uleb128 0xa
 633 0102 01       		.byte	0x1
 634 0103 19000000 		.4byte	.LASF23
 635 0107 01       		.byte	0x1
 636 0108 6A       		.byte	0x6a
 637 0109 01       		.byte	0x1
 638 010a 00000000 		.4byte	.LFB57
 639 010e 26000000 		.4byte	.LFE57
 640 0112 2C000000 		.4byte	.LLST1
 641 0116 01       		.byte	0x1
 642 0117 2A010000 		.4byte	0x12a
 643 011b 0B       		.uleb128 0xb
 644 011c B0010000 		.4byte	.LASF25
 645 0120 01       		.byte	0x1
 646 0121 6A       		.byte	0x6a
 647 0122 DF000000 		.4byte	0xdf
 648 0126 02       		.byte	0x2
 649 0127 91       		.byte	0x91
 650 0128 74       		.sleb128 -12
 651 0129 00       		.byte	0
 652 012a 09       		.uleb128 0x9
 653 012b 01       		.byte	0x1
 654 012c E9020000 		.4byte	.LASF21
 655 0130 01       		.byte	0x1
 656 0131 87       		.byte	0x87
 657 0132 01       		.byte	0x1
 658 0133 00000000 		.4byte	.LFB58
 659 0137 16000000 		.4byte	.LFE58
 660 013b 64000000 		.4byte	.LLST2
 661 013f 01       		.byte	0x1
 662 0140 0C       		.uleb128 0xc
 663 0141 01       		.byte	0x1
 664 0142 1B020000 		.4byte	.LASF22
 665 0146 01       		.byte	0x1
 666 0147 A1       		.byte	0xa1
 667 0148 01       		.byte	0x1
 668 0149 00000000 		.4byte	.LFB59
 669 014d 24000000 		.4byte	.LFE59
 670 0151 90000000 		.4byte	.LLST3
 671 0155 01       		.byte	0x1
 672 0156 0D       		.uleb128 0xd
 673 0157 01       		.byte	0x1
 674 0158 BA000000 		.4byte	.LASF24
 675 015c 01       		.byte	0x1
ARM GAS  C:\Users\GRAZIA~1.RAV\AppData\Local\Temp\ccndmi4d.s 			page 20


 676 015d E0       		.byte	0xe0
 677 015e 01       		.byte	0x1
 678 015f 00000000 		.4byte	.LFB60
 679 0163 28000000 		.4byte	.LFE60
 680 0167 BC000000 		.4byte	.LLST4
 681 016b 01       		.byte	0x1
 682 016c 8D010000 		.4byte	0x18d
 683 0170 0B       		.uleb128 0xb
 684 0171 B0010000 		.4byte	.LASF25
 685 0175 01       		.byte	0x1
 686 0176 E0       		.byte	0xe0
 687 0177 DF000000 		.4byte	0xdf
 688 017b 02       		.byte	0x2
 689 017c 91       		.byte	0x91
 690 017d 6C       		.sleb128 -20
 691 017e 0E       		.uleb128 0xe
 692 017f 0C020000 		.4byte	.LASF26
 693 0183 01       		.byte	0x1
 694 0184 E2       		.byte	0xe2
 695 0185 8D010000 		.4byte	0x18d
 696 0189 02       		.byte	0x2
 697 018a 91       		.byte	0x91
 698 018b 74       		.sleb128 -12
 699 018c 00       		.byte	0
 700 018d 05       		.uleb128 0x5
 701 018e 04       		.byte	0x4
 702 018f DF000000 		.4byte	0xdf
 703 0193 0F       		.uleb128 0xf
 704 0194 01       		.byte	0x1
 705 0195 8F010000 		.4byte	.LASF29
 706 0199 01       		.byte	0x1
 707 019a F8       		.byte	0xf8
 708 019b 01       		.byte	0x1
 709 019c DF000000 		.4byte	0xdf
 710 01a0 00000000 		.4byte	.LFB61
 711 01a4 22000000 		.4byte	.LFE61
 712 01a8 F4000000 		.4byte	.LLST5
 713 01ac 01       		.byte	0x1
 714 01ad C0010000 		.4byte	0x1c0
 715 01b1 0E       		.uleb128 0xe
 716 01b2 0C020000 		.4byte	.LASF26
 717 01b6 01       		.byte	0x1
 718 01b7 FA       		.byte	0xfa
 719 01b8 8D010000 		.4byte	0x18d
 720 01bc 02       		.byte	0x2
 721 01bd 91       		.byte	0x91
 722 01be 74       		.sleb128 -12
 723 01bf 00       		.byte	0
 724 01c0 10       		.uleb128 0x10
 725 01c1 01       		.byte	0x1
 726 01c2 EB000000 		.4byte	.LASF27
 727 01c6 01       		.byte	0x1
 728 01c7 1401     		.2byte	0x114
 729 01c9 01       		.byte	0x1
 730 01ca 00000000 		.4byte	.LFB62
 731 01ce 26000000 		.4byte	.LFE62
 732 01d2 2C010000 		.4byte	.LLST6
ARM GAS  C:\Users\GRAZIA~1.RAV\AppData\Local\Temp\ccndmi4d.s 			page 21


 733 01d6 01       		.byte	0x1
 734 01d7 EB010000 		.4byte	0x1eb
 735 01db 11       		.uleb128 0x11
 736 01dc 78010000 		.4byte	.LASF28
 737 01e0 01       		.byte	0x1
 738 01e1 1401     		.2byte	0x114
 739 01e3 90000000 		.4byte	0x90
 740 01e7 02       		.byte	0x2
 741 01e8 91       		.byte	0x91
 742 01e9 77       		.sleb128 -9
 743 01ea 00       		.byte	0
 744 01eb 12       		.uleb128 0x12
 745 01ec 01       		.byte	0x1
 746 01ed 2B000000 		.4byte	.LASF30
 747 01f1 01       		.byte	0x1
 748 01f2 2801     		.2byte	0x128
 749 01f4 01       		.byte	0x1
 750 01f5 90000000 		.4byte	0x90
 751 01f9 00000000 		.4byte	.LFB63
 752 01fd 26000000 		.4byte	.LFE63
 753 0201 64010000 		.4byte	.LLST7
 754 0205 01       		.byte	0x1
 755 0206 1A020000 		.4byte	0x21a
 756 020a 13       		.uleb128 0x13
 757 020b 78010000 		.4byte	.LASF28
 758 020f 01       		.byte	0x1
 759 0210 2A01     		.2byte	0x12a
 760 0212 90000000 		.4byte	0x90
 761 0216 02       		.byte	0x2
 762 0217 91       		.byte	0x91
 763 0218 77       		.sleb128 -9
 764 0219 00       		.byte	0
 765 021a 14       		.uleb128 0x14
 766 021b 01       		.byte	0x1
 767 021c A6020000 		.4byte	.LASF31
 768 0220 01       		.byte	0x1
 769 0221 4101     		.2byte	0x141
 770 0223 01       		.byte	0x1
 771 0224 00000000 		.4byte	.LFB64
 772 0228 18000000 		.4byte	.LFE64
 773 022c 9C010000 		.4byte	.LLST8
 774 0230 01       		.byte	0x1
 775 0231 15       		.uleb128 0x15
 776 0232 01       		.byte	0x1
 777 0233 06000000 		.4byte	.LASF41
 778 0237 01       		.byte	0x1
 779 0238 5601     		.2byte	0x156
 780 023a 01       		.byte	0x1
 781 023b 90000000 		.4byte	0x90
 782 023f 00000000 		.4byte	.LFB65
 783 0243 28000000 		.4byte	.LFE65
 784 0247 C8010000 		.4byte	.LLST9
 785 024b 01       		.byte	0x1
 786 024c 14       		.uleb128 0x14
 787 024d 01       		.byte	0x1
 788 024e 6C000000 		.4byte	.LASF32
 789 0252 01       		.byte	0x1
ARM GAS  C:\Users\GRAZIA~1.RAV\AppData\Local\Temp\ccndmi4d.s 			page 22


 790 0253 6B01     		.2byte	0x16b
 791 0255 01       		.byte	0x1
 792 0256 00000000 		.4byte	.LFB66
 793 025a 18000000 		.4byte	.LFE66
 794 025e F4010000 		.4byte	.LLST10
 795 0262 01       		.byte	0x1
 796 0263 14       		.uleb128 0x14
 797 0264 01       		.byte	0x1
 798 0265 88020000 		.4byte	.LASF33
 799 0269 01       		.byte	0x1
 800 026a 8101     		.2byte	0x181
 801 026c 01       		.byte	0x1
 802 026d 00000000 		.4byte	.LFB67
 803 0271 18000000 		.4byte	.LFE67
 804 0275 20020000 		.4byte	.LLST11
 805 0279 01       		.byte	0x1
 806 027a 14       		.uleb128 0x14
 807 027b 01       		.byte	0x1
 808 027c A3000000 		.4byte	.LASF34
 809 0280 01       		.byte	0x1
 810 0281 9501     		.2byte	0x195
 811 0283 01       		.byte	0x1
 812 0284 00000000 		.4byte	.LFB68
 813 0288 18000000 		.4byte	.LFE68
 814 028c 4C020000 		.4byte	.LLST12
 815 0290 01       		.byte	0x1
 816 0291 16       		.uleb128 0x16
 817 0292 CE000000 		.4byte	.LASF35
 818 0296 04       		.byte	0x4
 819 0297 1606     		.2byte	0x616
 820 0299 9F020000 		.4byte	0x29f
 821 029d 01       		.byte	0x1
 822 029e 01       		.byte	0x1
 823 029f 07       		.uleb128 0x7
 824 02a0 85000000 		.4byte	0x85
 825 02a4 17       		.uleb128 0x17
 826 02a5 D6020000 		.4byte	.LASF36
 827 02a9 01       		.byte	0x1
 828 02aa 25       		.byte	0x25
 829 02ab 9B000000 		.4byte	0x9b
 830 02af 01       		.byte	0x1
 831 02b0 01       		.byte	0x1
 832 02b1 18       		.uleb128 0x18
 833 02b2 DC010000 		.4byte	.LASF37
 834 02b6 01       		.byte	0x1
 835 02b7 2F       		.byte	0x2f
 836 02b8 90000000 		.4byte	0x90
 837 02bc 01       		.byte	0x1
 838 02bd 05       		.byte	0x5
 839 02be 03       		.byte	0x3
 840 02bf 00000000 		.4byte	local_dummy
 841 02c3 00       		.byte	0
 842              		.section	.debug_abbrev,"",%progbits
 843              	.Ldebug_abbrev0:
 844 0000 01       		.uleb128 0x1
 845 0001 11       		.uleb128 0x11
 846 0002 01       		.byte	0x1
ARM GAS  C:\Users\GRAZIA~1.RAV\AppData\Local\Temp\ccndmi4d.s 			page 23


 847 0003 25       		.uleb128 0x25
 848 0004 0E       		.uleb128 0xe
 849 0005 13       		.uleb128 0x13
 850 0006 0B       		.uleb128 0xb
 851 0007 03       		.uleb128 0x3
 852 0008 0E       		.uleb128 0xe
 853 0009 1B       		.uleb128 0x1b
 854 000a 0E       		.uleb128 0xe
 855 000b 55       		.uleb128 0x55
 856 000c 06       		.uleb128 0x6
 857 000d 11       		.uleb128 0x11
 858 000e 01       		.uleb128 0x1
 859 000f 52       		.uleb128 0x52
 860 0010 01       		.uleb128 0x1
 861 0011 10       		.uleb128 0x10
 862 0012 06       		.uleb128 0x6
 863 0013 00       		.byte	0
 864 0014 00       		.byte	0
 865 0015 02       		.uleb128 0x2
 866 0016 24       		.uleb128 0x24
 867 0017 00       		.byte	0
 868 0018 0B       		.uleb128 0xb
 869 0019 0B       		.uleb128 0xb
 870 001a 3E       		.uleb128 0x3e
 871 001b 0B       		.uleb128 0xb
 872 001c 03       		.uleb128 0x3
 873 001d 0E       		.uleb128 0xe
 874 001e 00       		.byte	0
 875 001f 00       		.byte	0
 876 0020 03       		.uleb128 0x3
 877 0021 24       		.uleb128 0x24
 878 0022 00       		.byte	0
 879 0023 0B       		.uleb128 0xb
 880 0024 0B       		.uleb128 0xb
 881 0025 3E       		.uleb128 0x3e
 882 0026 0B       		.uleb128 0xb
 883 0027 03       		.uleb128 0x3
 884 0028 08       		.uleb128 0x8
 885 0029 00       		.byte	0
 886 002a 00       		.byte	0
 887 002b 04       		.uleb128 0x4
 888 002c 15       		.uleb128 0x15
 889 002d 00       		.byte	0
 890 002e 27       		.uleb128 0x27
 891 002f 0C       		.uleb128 0xc
 892 0030 00       		.byte	0
 893 0031 00       		.byte	0
 894 0032 05       		.uleb128 0x5
 895 0033 0F       		.uleb128 0xf
 896 0034 00       		.byte	0
 897 0035 0B       		.uleb128 0xb
 898 0036 0B       		.uleb128 0xb
 899 0037 49       		.uleb128 0x49
 900 0038 13       		.uleb128 0x13
 901 0039 00       		.byte	0
 902 003a 00       		.byte	0
 903 003b 06       		.uleb128 0x6
ARM GAS  C:\Users\GRAZIA~1.RAV\AppData\Local\Temp\ccndmi4d.s 			page 24


 904 003c 16       		.uleb128 0x16
 905 003d 00       		.byte	0
 906 003e 03       		.uleb128 0x3
 907 003f 0E       		.uleb128 0xe
 908 0040 3A       		.uleb128 0x3a
 909 0041 0B       		.uleb128 0xb
 910 0042 3B       		.uleb128 0x3b
 911 0043 0B       		.uleb128 0xb
 912 0044 49       		.uleb128 0x49
 913 0045 13       		.uleb128 0x13
 914 0046 00       		.byte	0
 915 0047 00       		.byte	0
 916 0048 07       		.uleb128 0x7
 917 0049 35       		.uleb128 0x35
 918 004a 00       		.byte	0
 919 004b 49       		.uleb128 0x49
 920 004c 13       		.uleb128 0x13
 921 004d 00       		.byte	0
 922 004e 00       		.byte	0
 923 004f 08       		.uleb128 0x8
 924 0050 16       		.uleb128 0x16
 925 0051 00       		.byte	0
 926 0052 03       		.uleb128 0x3
 927 0053 0E       		.uleb128 0xe
 928 0054 3A       		.uleb128 0x3a
 929 0055 0B       		.uleb128 0xb
 930 0056 3B       		.uleb128 0x3b
 931 0057 05       		.uleb128 0x5
 932 0058 49       		.uleb128 0x49
 933 0059 13       		.uleb128 0x13
 934 005a 00       		.byte	0
 935 005b 00       		.byte	0
 936 005c 09       		.uleb128 0x9
 937 005d 2E       		.uleb128 0x2e
 938 005e 00       		.byte	0
 939 005f 3F       		.uleb128 0x3f
 940 0060 0C       		.uleb128 0xc
 941 0061 03       		.uleb128 0x3
 942 0062 0E       		.uleb128 0xe
 943 0063 3A       		.uleb128 0x3a
 944 0064 0B       		.uleb128 0xb
 945 0065 3B       		.uleb128 0x3b
 946 0066 0B       		.uleb128 0xb
 947 0067 27       		.uleb128 0x27
 948 0068 0C       		.uleb128 0xc
 949 0069 11       		.uleb128 0x11
 950 006a 01       		.uleb128 0x1
 951 006b 12       		.uleb128 0x12
 952 006c 01       		.uleb128 0x1
 953 006d 40       		.uleb128 0x40
 954 006e 06       		.uleb128 0x6
 955 006f 9642     		.uleb128 0x2116
 956 0071 0C       		.uleb128 0xc
 957 0072 00       		.byte	0
 958 0073 00       		.byte	0
 959 0074 0A       		.uleb128 0xa
 960 0075 2E       		.uleb128 0x2e
ARM GAS  C:\Users\GRAZIA~1.RAV\AppData\Local\Temp\ccndmi4d.s 			page 25


 961 0076 01       		.byte	0x1
 962 0077 3F       		.uleb128 0x3f
 963 0078 0C       		.uleb128 0xc
 964 0079 03       		.uleb128 0x3
 965 007a 0E       		.uleb128 0xe
 966 007b 3A       		.uleb128 0x3a
 967 007c 0B       		.uleb128 0xb
 968 007d 3B       		.uleb128 0x3b
 969 007e 0B       		.uleb128 0xb
 970 007f 27       		.uleb128 0x27
 971 0080 0C       		.uleb128 0xc
 972 0081 11       		.uleb128 0x11
 973 0082 01       		.uleb128 0x1
 974 0083 12       		.uleb128 0x12
 975 0084 01       		.uleb128 0x1
 976 0085 40       		.uleb128 0x40
 977 0086 06       		.uleb128 0x6
 978 0087 9642     		.uleb128 0x2116
 979 0089 0C       		.uleb128 0xc
 980 008a 01       		.uleb128 0x1
 981 008b 13       		.uleb128 0x13
 982 008c 00       		.byte	0
 983 008d 00       		.byte	0
 984 008e 0B       		.uleb128 0xb
 985 008f 05       		.uleb128 0x5
 986 0090 00       		.byte	0
 987 0091 03       		.uleb128 0x3
 988 0092 0E       		.uleb128 0xe
 989 0093 3A       		.uleb128 0x3a
 990 0094 0B       		.uleb128 0xb
 991 0095 3B       		.uleb128 0x3b
 992 0096 0B       		.uleb128 0xb
 993 0097 49       		.uleb128 0x49
 994 0098 13       		.uleb128 0x13
 995 0099 02       		.uleb128 0x2
 996 009a 0A       		.uleb128 0xa
 997 009b 00       		.byte	0
 998 009c 00       		.byte	0
 999 009d 0C       		.uleb128 0xc
 1000 009e 2E       		.uleb128 0x2e
 1001 009f 00       		.byte	0
 1002 00a0 3F       		.uleb128 0x3f
 1003 00a1 0C       		.uleb128 0xc
 1004 00a2 03       		.uleb128 0x3
 1005 00a3 0E       		.uleb128 0xe
 1006 00a4 3A       		.uleb128 0x3a
 1007 00a5 0B       		.uleb128 0xb
 1008 00a6 3B       		.uleb128 0x3b
 1009 00a7 0B       		.uleb128 0xb
 1010 00a8 27       		.uleb128 0x27
 1011 00a9 0C       		.uleb128 0xc
 1012 00aa 11       		.uleb128 0x11
 1013 00ab 01       		.uleb128 0x1
 1014 00ac 12       		.uleb128 0x12
 1015 00ad 01       		.uleb128 0x1
 1016 00ae 40       		.uleb128 0x40
 1017 00af 06       		.uleb128 0x6
ARM GAS  C:\Users\GRAZIA~1.RAV\AppData\Local\Temp\ccndmi4d.s 			page 26


 1018 00b0 9742     		.uleb128 0x2117
 1019 00b2 0C       		.uleb128 0xc
 1020 00b3 00       		.byte	0
 1021 00b4 00       		.byte	0
 1022 00b5 0D       		.uleb128 0xd
 1023 00b6 2E       		.uleb128 0x2e
 1024 00b7 01       		.byte	0x1
 1025 00b8 3F       		.uleb128 0x3f
 1026 00b9 0C       		.uleb128 0xc
 1027 00ba 03       		.uleb128 0x3
 1028 00bb 0E       		.uleb128 0xe
 1029 00bc 3A       		.uleb128 0x3a
 1030 00bd 0B       		.uleb128 0xb
 1031 00be 3B       		.uleb128 0x3b
 1032 00bf 0B       		.uleb128 0xb
 1033 00c0 27       		.uleb128 0x27
 1034 00c1 0C       		.uleb128 0xc
 1035 00c2 11       		.uleb128 0x11
 1036 00c3 01       		.uleb128 0x1
 1037 00c4 12       		.uleb128 0x12
 1038 00c5 01       		.uleb128 0x1
 1039 00c6 40       		.uleb128 0x40
 1040 00c7 06       		.uleb128 0x6
 1041 00c8 9742     		.uleb128 0x2117
 1042 00ca 0C       		.uleb128 0xc
 1043 00cb 01       		.uleb128 0x1
 1044 00cc 13       		.uleb128 0x13
 1045 00cd 00       		.byte	0
 1046 00ce 00       		.byte	0
 1047 00cf 0E       		.uleb128 0xe
 1048 00d0 34       		.uleb128 0x34
 1049 00d1 00       		.byte	0
 1050 00d2 03       		.uleb128 0x3
 1051 00d3 0E       		.uleb128 0xe
 1052 00d4 3A       		.uleb128 0x3a
 1053 00d5 0B       		.uleb128 0xb
 1054 00d6 3B       		.uleb128 0x3b
 1055 00d7 0B       		.uleb128 0xb
 1056 00d8 49       		.uleb128 0x49
 1057 00d9 13       		.uleb128 0x13
 1058 00da 02       		.uleb128 0x2
 1059 00db 0A       		.uleb128 0xa
 1060 00dc 00       		.byte	0
 1061 00dd 00       		.byte	0
 1062 00de 0F       		.uleb128 0xf
 1063 00df 2E       		.uleb128 0x2e
 1064 00e0 01       		.byte	0x1
 1065 00e1 3F       		.uleb128 0x3f
 1066 00e2 0C       		.uleb128 0xc
 1067 00e3 03       		.uleb128 0x3
 1068 00e4 0E       		.uleb128 0xe
 1069 00e5 3A       		.uleb128 0x3a
 1070 00e6 0B       		.uleb128 0xb
 1071 00e7 3B       		.uleb128 0x3b
 1072 00e8 0B       		.uleb128 0xb
 1073 00e9 27       		.uleb128 0x27
 1074 00ea 0C       		.uleb128 0xc
ARM GAS  C:\Users\GRAZIA~1.RAV\AppData\Local\Temp\ccndmi4d.s 			page 27


 1075 00eb 49       		.uleb128 0x49
 1076 00ec 13       		.uleb128 0x13
 1077 00ed 11       		.uleb128 0x11
 1078 00ee 01       		.uleb128 0x1
 1079 00ef 12       		.uleb128 0x12
 1080 00f0 01       		.uleb128 0x1
 1081 00f1 40       		.uleb128 0x40
 1082 00f2 06       		.uleb128 0x6
 1083 00f3 9742     		.uleb128 0x2117
 1084 00f5 0C       		.uleb128 0xc
 1085 00f6 01       		.uleb128 0x1
 1086 00f7 13       		.uleb128 0x13
 1087 00f8 00       		.byte	0
 1088 00f9 00       		.byte	0
 1089 00fa 10       		.uleb128 0x10
 1090 00fb 2E       		.uleb128 0x2e
 1091 00fc 01       		.byte	0x1
 1092 00fd 3F       		.uleb128 0x3f
 1093 00fe 0C       		.uleb128 0xc
 1094 00ff 03       		.uleb128 0x3
 1095 0100 0E       		.uleb128 0xe
 1096 0101 3A       		.uleb128 0x3a
 1097 0102 0B       		.uleb128 0xb
 1098 0103 3B       		.uleb128 0x3b
 1099 0104 05       		.uleb128 0x5
 1100 0105 27       		.uleb128 0x27
 1101 0106 0C       		.uleb128 0xc
 1102 0107 11       		.uleb128 0x11
 1103 0108 01       		.uleb128 0x1
 1104 0109 12       		.uleb128 0x12
 1105 010a 01       		.uleb128 0x1
 1106 010b 40       		.uleb128 0x40
 1107 010c 06       		.uleb128 0x6
 1108 010d 9742     		.uleb128 0x2117
 1109 010f 0C       		.uleb128 0xc
 1110 0110 01       		.uleb128 0x1
 1111 0111 13       		.uleb128 0x13
 1112 0112 00       		.byte	0
 1113 0113 00       		.byte	0
 1114 0114 11       		.uleb128 0x11
 1115 0115 05       		.uleb128 0x5
 1116 0116 00       		.byte	0
 1117 0117 03       		.uleb128 0x3
 1118 0118 0E       		.uleb128 0xe
 1119 0119 3A       		.uleb128 0x3a
 1120 011a 0B       		.uleb128 0xb
 1121 011b 3B       		.uleb128 0x3b
 1122 011c 05       		.uleb128 0x5
 1123 011d 49       		.uleb128 0x49
 1124 011e 13       		.uleb128 0x13
 1125 011f 02       		.uleb128 0x2
 1126 0120 0A       		.uleb128 0xa
 1127 0121 00       		.byte	0
 1128 0122 00       		.byte	0
 1129 0123 12       		.uleb128 0x12
 1130 0124 2E       		.uleb128 0x2e
 1131 0125 01       		.byte	0x1
ARM GAS  C:\Users\GRAZIA~1.RAV\AppData\Local\Temp\ccndmi4d.s 			page 28


 1132 0126 3F       		.uleb128 0x3f
 1133 0127 0C       		.uleb128 0xc
 1134 0128 03       		.uleb128 0x3
 1135 0129 0E       		.uleb128 0xe
 1136 012a 3A       		.uleb128 0x3a
 1137 012b 0B       		.uleb128 0xb
 1138 012c 3B       		.uleb128 0x3b
 1139 012d 05       		.uleb128 0x5
 1140 012e 27       		.uleb128 0x27
 1141 012f 0C       		.uleb128 0xc
 1142 0130 49       		.uleb128 0x49
 1143 0131 13       		.uleb128 0x13
 1144 0132 11       		.uleb128 0x11
 1145 0133 01       		.uleb128 0x1
 1146 0134 12       		.uleb128 0x12
 1147 0135 01       		.uleb128 0x1
 1148 0136 40       		.uleb128 0x40
 1149 0137 06       		.uleb128 0x6
 1150 0138 9742     		.uleb128 0x2117
 1151 013a 0C       		.uleb128 0xc
 1152 013b 01       		.uleb128 0x1
 1153 013c 13       		.uleb128 0x13
 1154 013d 00       		.byte	0
 1155 013e 00       		.byte	0
 1156 013f 13       		.uleb128 0x13
 1157 0140 34       		.uleb128 0x34
 1158 0141 00       		.byte	0
 1159 0142 03       		.uleb128 0x3
 1160 0143 0E       		.uleb128 0xe
 1161 0144 3A       		.uleb128 0x3a
 1162 0145 0B       		.uleb128 0xb
 1163 0146 3B       		.uleb128 0x3b
 1164 0147 05       		.uleb128 0x5
 1165 0148 49       		.uleb128 0x49
 1166 0149 13       		.uleb128 0x13
 1167 014a 02       		.uleb128 0x2
 1168 014b 0A       		.uleb128 0xa
 1169 014c 00       		.byte	0
 1170 014d 00       		.byte	0
 1171 014e 14       		.uleb128 0x14
 1172 014f 2E       		.uleb128 0x2e
 1173 0150 00       		.byte	0
 1174 0151 3F       		.uleb128 0x3f
 1175 0152 0C       		.uleb128 0xc
 1176 0153 03       		.uleb128 0x3
 1177 0154 0E       		.uleb128 0xe
 1178 0155 3A       		.uleb128 0x3a
 1179 0156 0B       		.uleb128 0xb
 1180 0157 3B       		.uleb128 0x3b
 1181 0158 05       		.uleb128 0x5
 1182 0159 27       		.uleb128 0x27
 1183 015a 0C       		.uleb128 0xc
 1184 015b 11       		.uleb128 0x11
 1185 015c 01       		.uleb128 0x1
 1186 015d 12       		.uleb128 0x12
 1187 015e 01       		.uleb128 0x1
 1188 015f 40       		.uleb128 0x40
ARM GAS  C:\Users\GRAZIA~1.RAV\AppData\Local\Temp\ccndmi4d.s 			page 29


 1189 0160 06       		.uleb128 0x6
 1190 0161 9742     		.uleb128 0x2117
 1191 0163 0C       		.uleb128 0xc
 1192 0164 00       		.byte	0
 1193 0165 00       		.byte	0
 1194 0166 15       		.uleb128 0x15
 1195 0167 2E       		.uleb128 0x2e
 1196 0168 00       		.byte	0
 1197 0169 3F       		.uleb128 0x3f
 1198 016a 0C       		.uleb128 0xc
 1199 016b 03       		.uleb128 0x3
 1200 016c 0E       		.uleb128 0xe
 1201 016d 3A       		.uleb128 0x3a
 1202 016e 0B       		.uleb128 0xb
 1203 016f 3B       		.uleb128 0x3b
 1204 0170 05       		.uleb128 0x5
 1205 0171 27       		.uleb128 0x27
 1206 0172 0C       		.uleb128 0xc
 1207 0173 49       		.uleb128 0x49
 1208 0174 13       		.uleb128 0x13
 1209 0175 11       		.uleb128 0x11
 1210 0176 01       		.uleb128 0x1
 1211 0177 12       		.uleb128 0x12
 1212 0178 01       		.uleb128 0x1
 1213 0179 40       		.uleb128 0x40
 1214 017a 06       		.uleb128 0x6
 1215 017b 9742     		.uleb128 0x2117
 1216 017d 0C       		.uleb128 0xc
 1217 017e 00       		.byte	0
 1218 017f 00       		.byte	0
 1219 0180 16       		.uleb128 0x16
 1220 0181 34       		.uleb128 0x34
 1221 0182 00       		.byte	0
 1222 0183 03       		.uleb128 0x3
 1223 0184 0E       		.uleb128 0xe
 1224 0185 3A       		.uleb128 0x3a
 1225 0186 0B       		.uleb128 0xb
 1226 0187 3B       		.uleb128 0x3b
 1227 0188 05       		.uleb128 0x5
 1228 0189 49       		.uleb128 0x49
 1229 018a 13       		.uleb128 0x13
 1230 018b 3F       		.uleb128 0x3f
 1231 018c 0C       		.uleb128 0xc
 1232 018d 3C       		.uleb128 0x3c
 1233 018e 0C       		.uleb128 0xc
 1234 018f 00       		.byte	0
 1235 0190 00       		.byte	0
 1236 0191 17       		.uleb128 0x17
 1237 0192 34       		.uleb128 0x34
 1238 0193 00       		.byte	0
 1239 0194 03       		.uleb128 0x3
 1240 0195 0E       		.uleb128 0xe
 1241 0196 3A       		.uleb128 0x3a
 1242 0197 0B       		.uleb128 0xb
 1243 0198 3B       		.uleb128 0x3b
 1244 0199 0B       		.uleb128 0xb
 1245 019a 49       		.uleb128 0x49
ARM GAS  C:\Users\GRAZIA~1.RAV\AppData\Local\Temp\ccndmi4d.s 			page 30


 1246 019b 13       		.uleb128 0x13
 1247 019c 3F       		.uleb128 0x3f
 1248 019d 0C       		.uleb128 0xc
 1249 019e 3C       		.uleb128 0x3c
 1250 019f 0C       		.uleb128 0xc
 1251 01a0 00       		.byte	0
 1252 01a1 00       		.byte	0
 1253 01a2 18       		.uleb128 0x18
 1254 01a3 34       		.uleb128 0x34
 1255 01a4 00       		.byte	0
 1256 01a5 03       		.uleb128 0x3
 1257 01a6 0E       		.uleb128 0xe
 1258 01a7 3A       		.uleb128 0x3a
 1259 01a8 0B       		.uleb128 0xb
 1260 01a9 3B       		.uleb128 0x3b
 1261 01aa 0B       		.uleb128 0xb
 1262 01ab 49       		.uleb128 0x49
 1263 01ac 13       		.uleb128 0x13
 1264 01ad 3F       		.uleb128 0x3f
 1265 01ae 0C       		.uleb128 0xc
 1266 01af 02       		.uleb128 0x2
 1267 01b0 0A       		.uleb128 0xa
 1268 01b1 00       		.byte	0
 1269 01b2 00       		.byte	0
 1270 01b3 00       		.byte	0
 1271              		.section	.debug_loc,"",%progbits
 1272              	.Ldebug_loc0:
 1273              	.LLST0:
 1274 0000 00000000 		.4byte	.LFB56
 1275 0004 02000000 		.4byte	.LCFI0
 1276 0008 0200     		.2byte	0x2
 1277 000a 7D       		.byte	0x7d
 1278 000b 00       		.sleb128 0
 1279 000c 02000000 		.4byte	.LCFI0
 1280 0010 04000000 		.4byte	.LCFI1
 1281 0014 0200     		.2byte	0x2
 1282 0016 7D       		.byte	0x7d
 1283 0017 08       		.sleb128 8
 1284 0018 04000000 		.4byte	.LCFI1
 1285 001c 22000000 		.4byte	.LFE56
 1286 0020 0200     		.2byte	0x2
 1287 0022 77       		.byte	0x77
 1288 0023 08       		.sleb128 8
 1289 0024 00000000 		.4byte	0
 1290 0028 00000000 		.4byte	0
 1291              	.LLST1:
 1292 002c 00000000 		.4byte	.LFB57
 1293 0030 02000000 		.4byte	.LCFI2
 1294 0034 0200     		.2byte	0x2
 1295 0036 7D       		.byte	0x7d
 1296 0037 00       		.sleb128 0
 1297 0038 02000000 		.4byte	.LCFI2
 1298 003c 04000000 		.4byte	.LCFI3
 1299 0040 0200     		.2byte	0x2
 1300 0042 7D       		.byte	0x7d
 1301 0043 08       		.sleb128 8
 1302 0044 04000000 		.4byte	.LCFI3
ARM GAS  C:\Users\GRAZIA~1.RAV\AppData\Local\Temp\ccndmi4d.s 			page 31


 1303 0048 06000000 		.4byte	.LCFI4
 1304 004c 0200     		.2byte	0x2
 1305 004e 7D       		.byte	0x7d
 1306 004f 10       		.sleb128 16
 1307 0050 06000000 		.4byte	.LCFI4
 1308 0054 26000000 		.4byte	.LFE57
 1309 0058 0200     		.2byte	0x2
 1310 005a 77       		.byte	0x77
 1311 005b 10       		.sleb128 16
 1312 005c 00000000 		.4byte	0
 1313 0060 00000000 		.4byte	0
 1314              	.LLST2:
 1315 0064 00000000 		.4byte	.LFB58
 1316 0068 02000000 		.4byte	.LCFI5
 1317 006c 0200     		.2byte	0x2
 1318 006e 7D       		.byte	0x7d
 1319 006f 00       		.sleb128 0
 1320 0070 02000000 		.4byte	.LCFI5
 1321 0074 04000000 		.4byte	.LCFI6
 1322 0078 0200     		.2byte	0x2
 1323 007a 7D       		.byte	0x7d
 1324 007b 08       		.sleb128 8
 1325 007c 04000000 		.4byte	.LCFI6
 1326 0080 16000000 		.4byte	.LFE58
 1327 0084 0200     		.2byte	0x2
 1328 0086 77       		.byte	0x77
 1329 0087 08       		.sleb128 8
 1330 0088 00000000 		.4byte	0
 1331 008c 00000000 		.4byte	0
 1332              	.LLST3:
 1333 0090 00000000 		.4byte	.LFB59
 1334 0094 02000000 		.4byte	.LCFI7
 1335 0098 0200     		.2byte	0x2
 1336 009a 7D       		.byte	0x7d
 1337 009b 00       		.sleb128 0
 1338 009c 02000000 		.4byte	.LCFI7
 1339 00a0 04000000 		.4byte	.LCFI8
 1340 00a4 0200     		.2byte	0x2
 1341 00a6 7D       		.byte	0x7d
 1342 00a7 04       		.sleb128 4
 1343 00a8 04000000 		.4byte	.LCFI8
 1344 00ac 24000000 		.4byte	.LFE59
 1345 00b0 0200     		.2byte	0x2
 1346 00b2 77       		.byte	0x77
 1347 00b3 04       		.sleb128 4
 1348 00b4 00000000 		.4byte	0
 1349 00b8 00000000 		.4byte	0
 1350              	.LLST4:
 1351 00bc 00000000 		.4byte	.LFB60
 1352 00c0 02000000 		.4byte	.LCFI9
 1353 00c4 0200     		.2byte	0x2
 1354 00c6 7D       		.byte	0x7d
 1355 00c7 00       		.sleb128 0
 1356 00c8 02000000 		.4byte	.LCFI9
 1357 00cc 04000000 		.4byte	.LCFI10
 1358 00d0 0200     		.2byte	0x2
 1359 00d2 7D       		.byte	0x7d
ARM GAS  C:\Users\GRAZIA~1.RAV\AppData\Local\Temp\ccndmi4d.s 			page 32


 1360 00d3 04       		.sleb128 4
 1361 00d4 04000000 		.4byte	.LCFI10
 1362 00d8 06000000 		.4byte	.LCFI11
 1363 00dc 0200     		.2byte	0x2
 1364 00de 7D       		.byte	0x7d
 1365 00df 18       		.sleb128 24
 1366 00e0 06000000 		.4byte	.LCFI11
 1367 00e4 28000000 		.4byte	.LFE60
 1368 00e8 0200     		.2byte	0x2
 1369 00ea 77       		.byte	0x77
 1370 00eb 18       		.sleb128 24
 1371 00ec 00000000 		.4byte	0
 1372 00f0 00000000 		.4byte	0
 1373              	.LLST5:
 1374 00f4 00000000 		.4byte	.LFB61
 1375 00f8 02000000 		.4byte	.LCFI12
 1376 00fc 0200     		.2byte	0x2
 1377 00fe 7D       		.byte	0x7d
 1378 00ff 00       		.sleb128 0
 1379 0100 02000000 		.4byte	.LCFI12
 1380 0104 04000000 		.4byte	.LCFI13
 1381 0108 0200     		.2byte	0x2
 1382 010a 7D       		.byte	0x7d
 1383 010b 04       		.sleb128 4
 1384 010c 04000000 		.4byte	.LCFI13
 1385 0110 06000000 		.4byte	.LCFI14
 1386 0114 0200     		.2byte	0x2
 1387 0116 7D       		.byte	0x7d
 1388 0117 10       		.sleb128 16
 1389 0118 06000000 		.4byte	.LCFI14
 1390 011c 22000000 		.4byte	.LFE61
 1391 0120 0200     		.2byte	0x2
 1392 0122 77       		.byte	0x77
 1393 0123 10       		.sleb128 16
 1394 0124 00000000 		.4byte	0
 1395 0128 00000000 		.4byte	0
 1396              	.LLST6:
 1397 012c 00000000 		.4byte	.LFB62
 1398 0130 02000000 		.4byte	.LCFI15
 1399 0134 0200     		.2byte	0x2
 1400 0136 7D       		.byte	0x7d
 1401 0137 00       		.sleb128 0
 1402 0138 02000000 		.4byte	.LCFI15
 1403 013c 04000000 		.4byte	.LCFI16
 1404 0140 0200     		.2byte	0x2
 1405 0142 7D       		.byte	0x7d
 1406 0143 04       		.sleb128 4
 1407 0144 04000000 		.4byte	.LCFI16
 1408 0148 06000000 		.4byte	.LCFI17
 1409 014c 0200     		.2byte	0x2
 1410 014e 7D       		.byte	0x7d
 1411 014f 10       		.sleb128 16
 1412 0150 06000000 		.4byte	.LCFI17
 1413 0154 26000000 		.4byte	.LFE62
 1414 0158 0200     		.2byte	0x2
 1415 015a 77       		.byte	0x77
 1416 015b 10       		.sleb128 16
ARM GAS  C:\Users\GRAZIA~1.RAV\AppData\Local\Temp\ccndmi4d.s 			page 33


 1417 015c 00000000 		.4byte	0
 1418 0160 00000000 		.4byte	0
 1419              	.LLST7:
 1420 0164 00000000 		.4byte	.LFB63
 1421 0168 02000000 		.4byte	.LCFI18
 1422 016c 0200     		.2byte	0x2
 1423 016e 7D       		.byte	0x7d
 1424 016f 00       		.sleb128 0
 1425 0170 02000000 		.4byte	.LCFI18
 1426 0174 04000000 		.4byte	.LCFI19
 1427 0178 0200     		.2byte	0x2
 1428 017a 7D       		.byte	0x7d
 1429 017b 04       		.sleb128 4
 1430 017c 04000000 		.4byte	.LCFI19
 1431 0180 06000000 		.4byte	.LCFI20
 1432 0184 0200     		.2byte	0x2
 1433 0186 7D       		.byte	0x7d
 1434 0187 10       		.sleb128 16
 1435 0188 06000000 		.4byte	.LCFI20
 1436 018c 26000000 		.4byte	.LFE63
 1437 0190 0200     		.2byte	0x2
 1438 0192 77       		.byte	0x77
 1439 0193 10       		.sleb128 16
 1440 0194 00000000 		.4byte	0
 1441 0198 00000000 		.4byte	0
 1442              	.LLST8:
 1443 019c 00000000 		.4byte	.LFB64
 1444 01a0 02000000 		.4byte	.LCFI21
 1445 01a4 0200     		.2byte	0x2
 1446 01a6 7D       		.byte	0x7d
 1447 01a7 00       		.sleb128 0
 1448 01a8 02000000 		.4byte	.LCFI21
 1449 01ac 04000000 		.4byte	.LCFI22
 1450 01b0 0200     		.2byte	0x2
 1451 01b2 7D       		.byte	0x7d
 1452 01b3 04       		.sleb128 4
 1453 01b4 04000000 		.4byte	.LCFI22
 1454 01b8 18000000 		.4byte	.LFE64
 1455 01bc 0200     		.2byte	0x2
 1456 01be 77       		.byte	0x77
 1457 01bf 04       		.sleb128 4
 1458 01c0 00000000 		.4byte	0
 1459 01c4 00000000 		.4byte	0
 1460              	.LLST9:
 1461 01c8 00000000 		.4byte	.LFB65
 1462 01cc 02000000 		.4byte	.LCFI23
 1463 01d0 0200     		.2byte	0x2
 1464 01d2 7D       		.byte	0x7d
 1465 01d3 00       		.sleb128 0
 1466 01d4 02000000 		.4byte	.LCFI23
 1467 01d8 04000000 		.4byte	.LCFI24
 1468 01dc 0200     		.2byte	0x2
 1469 01de 7D       		.byte	0x7d
 1470 01df 04       		.sleb128 4
 1471 01e0 04000000 		.4byte	.LCFI24
 1472 01e4 28000000 		.4byte	.LFE65
 1473 01e8 0200     		.2byte	0x2
ARM GAS  C:\Users\GRAZIA~1.RAV\AppData\Local\Temp\ccndmi4d.s 			page 34


 1474 01ea 77       		.byte	0x77
 1475 01eb 04       		.sleb128 4
 1476 01ec 00000000 		.4byte	0
 1477 01f0 00000000 		.4byte	0
 1478              	.LLST10:
 1479 01f4 00000000 		.4byte	.LFB66
 1480 01f8 02000000 		.4byte	.LCFI25
 1481 01fc 0200     		.2byte	0x2
 1482 01fe 7D       		.byte	0x7d
 1483 01ff 00       		.sleb128 0
 1484 0200 02000000 		.4byte	.LCFI25
 1485 0204 04000000 		.4byte	.LCFI26
 1486 0208 0200     		.2byte	0x2
 1487 020a 7D       		.byte	0x7d
 1488 020b 04       		.sleb128 4
 1489 020c 04000000 		.4byte	.LCFI26
 1490 0210 18000000 		.4byte	.LFE66
 1491 0214 0200     		.2byte	0x2
 1492 0216 77       		.byte	0x77
 1493 0217 04       		.sleb128 4
 1494 0218 00000000 		.4byte	0
 1495 021c 00000000 		.4byte	0
 1496              	.LLST11:
 1497 0220 00000000 		.4byte	.LFB67
 1498 0224 02000000 		.4byte	.LCFI27
 1499 0228 0200     		.2byte	0x2
 1500 022a 7D       		.byte	0x7d
 1501 022b 00       		.sleb128 0
 1502 022c 02000000 		.4byte	.LCFI27
 1503 0230 04000000 		.4byte	.LCFI28
 1504 0234 0200     		.2byte	0x2
 1505 0236 7D       		.byte	0x7d
 1506 0237 04       		.sleb128 4
 1507 0238 04000000 		.4byte	.LCFI28
 1508 023c 18000000 		.4byte	.LFE67
 1509 0240 0200     		.2byte	0x2
 1510 0242 77       		.byte	0x77
 1511 0243 04       		.sleb128 4
 1512 0244 00000000 		.4byte	0
 1513 0248 00000000 		.4byte	0
 1514              	.LLST12:
 1515 024c 00000000 		.4byte	.LFB68
 1516 0250 02000000 		.4byte	.LCFI29
 1517 0254 0200     		.2byte	0x2
 1518 0256 7D       		.byte	0x7d
 1519 0257 00       		.sleb128 0
 1520 0258 02000000 		.4byte	.LCFI29
 1521 025c 04000000 		.4byte	.LCFI30
 1522 0260 0200     		.2byte	0x2
 1523 0262 7D       		.byte	0x7d
 1524 0263 04       		.sleb128 4
 1525 0264 04000000 		.4byte	.LCFI30
 1526 0268 18000000 		.4byte	.LFE68
 1527 026c 0200     		.2byte	0x2
 1528 026e 77       		.byte	0x77
 1529 026f 04       		.sleb128 4
 1530 0270 00000000 		.4byte	0
ARM GAS  C:\Users\GRAZIA~1.RAV\AppData\Local\Temp\ccndmi4d.s 			page 35


 1531 0274 00000000 		.4byte	0
 1532              		.section	.debug_aranges,"",%progbits
 1533 0000 7C000000 		.4byte	0x7c
 1534 0004 0200     		.2byte	0x2
 1535 0006 00000000 		.4byte	.Ldebug_info0
 1536 000a 04       		.byte	0x4
 1537 000b 00       		.byte	0
 1538 000c 0000     		.2byte	0
 1539 000e 0000     		.2byte	0
 1540 0010 00000000 		.4byte	.LFB56
 1541 0014 22000000 		.4byte	.LFE56-.LFB56
 1542 0018 00000000 		.4byte	.LFB57
 1543 001c 26000000 		.4byte	.LFE57-.LFB57
 1544 0020 00000000 		.4byte	.LFB58
 1545 0024 16000000 		.4byte	.LFE58-.LFB58
 1546 0028 00000000 		.4byte	.LFB59
 1547 002c 24000000 		.4byte	.LFE59-.LFB59
 1548 0030 00000000 		.4byte	.LFB60
 1549 0034 28000000 		.4byte	.LFE60-.LFB60
 1550 0038 00000000 		.4byte	.LFB61
 1551 003c 22000000 		.4byte	.LFE61-.LFB61
 1552 0040 00000000 		.4byte	.LFB62
 1553 0044 26000000 		.4byte	.LFE62-.LFB62
 1554 0048 00000000 		.4byte	.LFB63
 1555 004c 26000000 		.4byte	.LFE63-.LFB63
 1556 0050 00000000 		.4byte	.LFB64
 1557 0054 18000000 		.4byte	.LFE64-.LFB64
 1558 0058 00000000 		.4byte	.LFB65
 1559 005c 28000000 		.4byte	.LFE65-.LFB65
 1560 0060 00000000 		.4byte	.LFB66
 1561 0064 18000000 		.4byte	.LFE66-.LFB66
 1562 0068 00000000 		.4byte	.LFB67
 1563 006c 18000000 		.4byte	.LFE67-.LFB67
 1564 0070 00000000 		.4byte	.LFB68
 1565 0074 18000000 		.4byte	.LFE68-.LFB68
 1566 0078 00000000 		.4byte	0
 1567 007c 00000000 		.4byte	0
 1568              		.section	.debug_ranges,"",%progbits
 1569              	.Ldebug_ranges0:
 1570 0000 00000000 		.4byte	.LFB56
 1571 0004 22000000 		.4byte	.LFE56
 1572 0008 00000000 		.4byte	.LFB57
 1573 000c 26000000 		.4byte	.LFE57
 1574 0010 00000000 		.4byte	.LFB58
 1575 0014 16000000 		.4byte	.LFE58
 1576 0018 00000000 		.4byte	.LFB59
 1577 001c 24000000 		.4byte	.LFE59
 1578 0020 00000000 		.4byte	.LFB60
 1579 0024 28000000 		.4byte	.LFE60
 1580 0028 00000000 		.4byte	.LFB61
 1581 002c 22000000 		.4byte	.LFE61
 1582 0030 00000000 		.4byte	.LFB62
 1583 0034 26000000 		.4byte	.LFE62
 1584 0038 00000000 		.4byte	.LFB63
 1585 003c 26000000 		.4byte	.LFE63
 1586 0040 00000000 		.4byte	.LFB64
 1587 0044 18000000 		.4byte	.LFE64
ARM GAS  C:\Users\GRAZIA~1.RAV\AppData\Local\Temp\ccndmi4d.s 			page 36


 1588 0048 00000000 		.4byte	.LFB65
 1589 004c 28000000 		.4byte	.LFE65
 1590 0050 00000000 		.4byte	.LFB66
 1591 0054 18000000 		.4byte	.LFE66
 1592 0058 00000000 		.4byte	.LFB67
 1593 005c 18000000 		.4byte	.LFE67
 1594 0060 00000000 		.4byte	.LFB68
 1595 0064 18000000 		.4byte	.LFE68
 1596 0068 00000000 		.4byte	0
 1597 006c 00000000 		.4byte	0
 1598              		.section	.debug_line,"",%progbits
 1599              	.Ldebug_line0:
 1600 0000 08020000 		.section	.debug_str,"MS",%progbits,1
 1600      0200FC00 
 1600      00000201 
 1600      FB0E0D00 
 1600      01010101 
 1601              	.LASF18:
 1602 0000 72656733 		.ascii	"reg32\000"
 1602      3200
 1603              	.LASF41:
 1604 0006 6973725F 		.ascii	"isr_Ticks_GetState\000"
 1604      5469636B 
 1604      735F4765 
 1604      74537461 
 1604      746500
 1605              	.LASF23:
 1606 0019 6973725F 		.ascii	"isr_Ticks_StartEx\000"
 1606      5469636B 
 1606      735F5374 
 1606      61727445 
 1606      7800
 1607              	.LASF30:
 1608 002b 6973725F 		.ascii	"isr_Ticks_GetPriority\000"
 1608      5469636B 
 1608      735F4765 
 1608      74507269 
 1608      6F726974 
 1609              	.LASF39:
 1610 0041 2E5C4765 		.ascii	".\\Generated_Source\\PSoC5\\isr_Ticks.c\000"
 1610      6E657261 
 1610      7465645F 
 1610      536F7572 
 1610      63655C50 
 1611              	.LASF15:
 1612 0066 666C6F61 		.ascii	"float\000"
 1612      7400
 1613              	.LASF32:
 1614 006c 6973725F 		.ascii	"isr_Ticks_Disable\000"
 1614      5469636B 
 1614      735F4469 
 1614      7361626C 
 1614      6500
 1615              	.LASF1:
 1616 007e 756E7369 		.ascii	"unsigned char\000"
 1616      676E6564 
 1616      20636861 
ARM GAS  C:\Users\GRAZIA~1.RAV\AppData\Local\Temp\ccndmi4d.s 			page 37


 1616      7200
 1617              	.LASF17:
 1618 008c 72656738 		.ascii	"reg8\000"
 1618      00
 1619              	.LASF9:
 1620 0091 6C6F6E67 		.ascii	"long unsigned int\000"
 1620      20756E73 
 1620      69676E65 
 1620      6420696E 
 1620      7400
 1621              	.LASF34:
 1622 00a3 6973725F 		.ascii	"isr_Ticks_ClearPending\000"
 1622      5469636B 
 1622      735F436C 
 1622      65617250 
 1622      656E6469 
 1623              	.LASF24:
 1624 00ba 6973725F 		.ascii	"isr_Ticks_SetVector\000"
 1624      5469636B 
 1624      735F5365 
 1624      74566563 
 1624      746F7200 
 1625              	.LASF35:
 1626 00ce 49544D5F 		.ascii	"ITM_RxBuffer\000"
 1626      52784275 
 1626      66666572 
 1626      00
 1627              	.LASF20:
 1628 00db 6973725F 		.ascii	"isr_Ticks_Start\000"
 1628      5469636B 
 1628      735F5374 
 1628      61727400 
 1629              	.LASF27:
 1630 00eb 6973725F 		.ascii	"isr_Ticks_SetPriority\000"
 1630      5469636B 
 1630      735F5365 
 1630      74507269 
 1630      6F726974 
 1631              	.LASF16:
 1632 0101 646F7562 		.ascii	"double\000"
 1632      6C6500
 1633              	.LASF40:
 1634 0108 433A5C55 		.ascii	"C:\\Users\\Graziano G. Ravizza\\Documents\\PSoC Cre"
 1634      73657273 
 1634      5C477261 
 1634      7A69616E 
 1634      6F20472E 
 1635 0137 61746F72 		.ascii	"ator\\SQUIT\\Vers.0.0-T00 2019-0208 C3.0 (start)\\S"
 1635      5C535155 
 1635      49545C56 
 1635      6572732E 
 1635      302E302D 
 1636 0167 71756974 		.ascii	"quit-Proto.cydsn\000"
 1636      2D50726F 
 1636      746F2E63 
 1636      7964736E 
 1636      00
ARM GAS  C:\Users\GRAZIA~1.RAV\AppData\Local\Temp\ccndmi4d.s 			page 38


 1637              	.LASF28:
 1638 0178 7072696F 		.ascii	"priority\000"
 1638      72697479 
 1638      00
 1639              	.LASF13:
 1640 0181 75696E74 		.ascii	"uint16\000"
 1640      313600
 1641              	.LASF14:
 1642 0188 75696E74 		.ascii	"uint32\000"
 1642      333200
 1643              	.LASF29:
 1644 018f 6973725F 		.ascii	"isr_Ticks_GetVector\000"
 1644      5469636B 
 1644      735F4765 
 1644      74566563 
 1644      746F7200 
 1645              	.LASF4:
 1646 01a3 756E7369 		.ascii	"unsigned int\000"
 1646      676E6564 
 1646      20696E74 
 1646      00
 1647              	.LASF25:
 1648 01b0 61646472 		.ascii	"address\000"
 1648      65737300 
 1649              	.LASF6:
 1650 01b8 6C6F6E67 		.ascii	"long long unsigned int\000"
 1650      206C6F6E 
 1650      6720756E 
 1650      7369676E 
 1650      65642069 
 1651              	.LASF19:
 1652 01cf 63796973 		.ascii	"cyisraddress\000"
 1652      72616464 
 1652      72657373 
 1652      00
 1653              	.LASF37:
 1654 01dc 6C6F6361 		.ascii	"local_dummy\000"
 1654      6C5F6475 
 1654      6D6D7900 
 1655              	.LASF11:
 1656 01e8 696E7433 		.ascii	"int32_t\000"
 1656      325F7400 
 1657              	.LASF8:
 1658 01f0 73697A65 		.ascii	"sizetype\000"
 1658      74797065 
 1658      00
 1659              	.LASF5:
 1660 01f9 6C6F6E67 		.ascii	"long long int\000"
 1660      206C6F6E 
 1660      6720696E 
 1660      7400
 1661              	.LASF10:
 1662 0207 63686172 		.ascii	"char\000"
 1662      00
 1663              	.LASF26:
 1664 020c 72616D56 		.ascii	"ramVectorTable\000"
 1664      6563746F 
ARM GAS  C:\Users\GRAZIA~1.RAV\AppData\Local\Temp\ccndmi4d.s 			page 39


 1664      72546162 
 1664      6C6500
 1665              	.LASF22:
 1666 021b 6973725F 		.ascii	"isr_Ticks_Interrupt\000"
 1666      5469636B 
 1666      735F496E 
 1666      74657272 
 1666      75707400 
 1667              	.LASF2:
 1668 022f 73686F72 		.ascii	"short int\000"
 1668      7420696E 
 1668      7400
 1669              	.LASF12:
 1670 0239 75696E74 		.ascii	"uint8\000"
 1670      3800
 1671              	.LASF38:
 1672 023f 474E5520 		.ascii	"GNU C 4.7.3 20130312 (release) [ARM/embedded-4_7-br"
 1672      4320342E 
 1672      372E3320 
 1672      32303133 
 1672      30333132 
 1673 0272 616E6368 		.ascii	"anch revision 196615]\000"
 1673      20726576 
 1673      6973696F 
 1673      6E203139 
 1673      36363135 
 1674              	.LASF33:
 1675 0288 6973725F 		.ascii	"isr_Ticks_SetPending\000"
 1675      5469636B 
 1675      735F5365 
 1675      7450656E 
 1675      64696E67 
 1676              	.LASF7:
 1677 029d 6C6F6E67 		.ascii	"long int\000"
 1677      20696E74 
 1677      00
 1678              	.LASF31:
 1679 02a6 6973725F 		.ascii	"isr_Ticks_Enable\000"
 1679      5469636B 
 1679      735F456E 
 1679      61626C65 
 1679      00
 1680              	.LASF0:
 1681 02b7 7369676E 		.ascii	"signed char\000"
 1681      65642063 
 1681      68617200 
 1682              	.LASF3:
 1683 02c3 73686F72 		.ascii	"short unsigned int\000"
 1683      7420756E 
 1683      7369676E 
 1683      65642069 
 1683      6E7400
 1684              	.LASF36:
 1685 02d6 4779726F 		.ascii	"GyroNullPauseTicks\000"
 1685      4E756C6C 
 1685      50617573 
 1685      65546963 
ARM GAS  C:\Users\GRAZIA~1.RAV\AppData\Local\Temp\ccndmi4d.s 			page 40


 1685      6B7300
 1686              	.LASF21:
 1687 02e9 6973725F 		.ascii	"isr_Ticks_Stop\000"
 1687      5469636B 
 1687      735F5374 
 1687      6F7000
 1688              		.ident	"GCC: (GNU Tools for ARM Embedded Processors) 4.7.3 20130312 (release) [ARM/embedded-4_7-br
