ARM GAS  C:\Users\gravi\AppData\Local\Temp\ccQRbHGh.s 			page 1


   1              		.syntax unified
   2              		.cpu cortex-m3
   3              		.fpu softvfp
   4              		.eabi_attribute 20, 1
   5              		.eabi_attribute 21, 1
   6              		.eabi_attribute 23, 3
   7              		.eabi_attribute 24, 1
   8              		.eabi_attribute 25, 1
   9              		.eabi_attribute 26, 1
  10              		.eabi_attribute 30, 6
  11              		.eabi_attribute 34, 1
  12              		.eabi_attribute 18, 4
  13              		.thumb
  14              		.file	"isr_CLU_EXEC.c"
  15              		.text
  16              	.Ltext0:
  17              		.cfi_sections	.debug_frame
  18              		.section	.text.isr_CLU_EXEC_Start,"ax",%progbits
  19              		.align	2
  20              		.global	isr_CLU_EXEC_Start
  21              		.thumb
  22              		.thumb_func
  23              		.type	isr_CLU_EXEC_Start, %function
  24              	isr_CLU_EXEC_Start:
  25              	.LFB0:
  26              		.file 1 ".\\Generated_Source\\PSoC5\\isr_CLU_EXEC.c"
   1:.\Generated_Source\PSoC5/isr_CLU_EXEC.c **** /*******************************************************************************
   2:.\Generated_Source\PSoC5/isr_CLU_EXEC.c **** * File Name: isr_CLU_EXEC.c  
   3:.\Generated_Source\PSoC5/isr_CLU_EXEC.c **** * Version 1.70
   4:.\Generated_Source\PSoC5/isr_CLU_EXEC.c **** *
   5:.\Generated_Source\PSoC5/isr_CLU_EXEC.c **** *  Description:
   6:.\Generated_Source\PSoC5/isr_CLU_EXEC.c **** *   API for controlling the state of an interrupt.
   7:.\Generated_Source\PSoC5/isr_CLU_EXEC.c **** *
   8:.\Generated_Source\PSoC5/isr_CLU_EXEC.c **** *
   9:.\Generated_Source\PSoC5/isr_CLU_EXEC.c **** *  Note:
  10:.\Generated_Source\PSoC5/isr_CLU_EXEC.c **** *
  11:.\Generated_Source\PSoC5/isr_CLU_EXEC.c **** ********************************************************************************
  12:.\Generated_Source\PSoC5/isr_CLU_EXEC.c **** * Copyright 2008-2012, Cypress Semiconductor Corporation.  All rights reserved.
  13:.\Generated_Source\PSoC5/isr_CLU_EXEC.c **** * You may use this file only in accordance with the license, terms, conditions, 
  14:.\Generated_Source\PSoC5/isr_CLU_EXEC.c **** * disclaimers, and limitations in the end user license agreement accompanying 
  15:.\Generated_Source\PSoC5/isr_CLU_EXEC.c **** * the software package with which this file was provided.
  16:.\Generated_Source\PSoC5/isr_CLU_EXEC.c **** *******************************************************************************/
  17:.\Generated_Source\PSoC5/isr_CLU_EXEC.c **** 
  18:.\Generated_Source\PSoC5/isr_CLU_EXEC.c **** 
  19:.\Generated_Source\PSoC5/isr_CLU_EXEC.c **** #include <cydevice_trm.h>
  20:.\Generated_Source\PSoC5/isr_CLU_EXEC.c **** #include <CyLib.h>
  21:.\Generated_Source\PSoC5/isr_CLU_EXEC.c **** #include <isr_CLU_EXEC.h>
  22:.\Generated_Source\PSoC5/isr_CLU_EXEC.c **** 
  23:.\Generated_Source\PSoC5/isr_CLU_EXEC.c **** #if !defined(isr_CLU_EXEC__REMOVED) /* Check for removal by optimization */
  24:.\Generated_Source\PSoC5/isr_CLU_EXEC.c **** 
  25:.\Generated_Source\PSoC5/isr_CLU_EXEC.c **** /*******************************************************************************
  26:.\Generated_Source\PSoC5/isr_CLU_EXEC.c **** *  Place your includes, defines and code here 
  27:.\Generated_Source\PSoC5/isr_CLU_EXEC.c **** ********************************************************************************/
  28:.\Generated_Source\PSoC5/isr_CLU_EXEC.c **** /* `#START isr_CLU_EXEC_intc` */
  29:.\Generated_Source\PSoC5/isr_CLU_EXEC.c **** 
  30:.\Generated_Source\PSoC5/isr_CLU_EXEC.c **** #include <gml.h>
  31:.\Generated_Source\PSoC5/isr_CLU_EXEC.c **** 	
ARM GAS  C:\Users\gravi\AppData\Local\Temp\ccQRbHGh.s 			page 2


  32:.\Generated_Source\PSoC5/isr_CLU_EXEC.c **** /* `#END` */
  33:.\Generated_Source\PSoC5/isr_CLU_EXEC.c **** 
  34:.\Generated_Source\PSoC5/isr_CLU_EXEC.c **** #ifndef CYINT_IRQ_BASE
  35:.\Generated_Source\PSoC5/isr_CLU_EXEC.c **** #define CYINT_IRQ_BASE      16
  36:.\Generated_Source\PSoC5/isr_CLU_EXEC.c **** #endif /* CYINT_IRQ_BASE */
  37:.\Generated_Source\PSoC5/isr_CLU_EXEC.c **** #ifndef CYINT_VECT_TABLE
  38:.\Generated_Source\PSoC5/isr_CLU_EXEC.c **** #define CYINT_VECT_TABLE    ((cyisraddress **) CYREG_NVIC_VECT_OFFSET)
  39:.\Generated_Source\PSoC5/isr_CLU_EXEC.c **** #endif /* CYINT_VECT_TABLE */
  40:.\Generated_Source\PSoC5/isr_CLU_EXEC.c **** 
  41:.\Generated_Source\PSoC5/isr_CLU_EXEC.c **** /* Declared in startup, used to set unused interrupts to. */
  42:.\Generated_Source\PSoC5/isr_CLU_EXEC.c **** CY_ISR_PROTO(IntDefaultHandler);
  43:.\Generated_Source\PSoC5/isr_CLU_EXEC.c **** 
  44:.\Generated_Source\PSoC5/isr_CLU_EXEC.c **** 
  45:.\Generated_Source\PSoC5/isr_CLU_EXEC.c **** /*******************************************************************************
  46:.\Generated_Source\PSoC5/isr_CLU_EXEC.c **** * Function Name: isr_CLU_EXEC_Start
  47:.\Generated_Source\PSoC5/isr_CLU_EXEC.c **** ********************************************************************************
  48:.\Generated_Source\PSoC5/isr_CLU_EXEC.c **** *
  49:.\Generated_Source\PSoC5/isr_CLU_EXEC.c **** * Summary:
  50:.\Generated_Source\PSoC5/isr_CLU_EXEC.c **** *  Set up the interrupt and enable it.
  51:.\Generated_Source\PSoC5/isr_CLU_EXEC.c **** *
  52:.\Generated_Source\PSoC5/isr_CLU_EXEC.c **** * Parameters:  
  53:.\Generated_Source\PSoC5/isr_CLU_EXEC.c **** *   None
  54:.\Generated_Source\PSoC5/isr_CLU_EXEC.c **** *
  55:.\Generated_Source\PSoC5/isr_CLU_EXEC.c **** * Return:
  56:.\Generated_Source\PSoC5/isr_CLU_EXEC.c **** *   None
  57:.\Generated_Source\PSoC5/isr_CLU_EXEC.c **** *
  58:.\Generated_Source\PSoC5/isr_CLU_EXEC.c **** *******************************************************************************/
  59:.\Generated_Source\PSoC5/isr_CLU_EXEC.c **** void isr_CLU_EXEC_Start(void)
  60:.\Generated_Source\PSoC5/isr_CLU_EXEC.c **** {
  27              		.loc 1 60 0
  28              		.cfi_startproc
  29              		@ args = 0, pretend = 0, frame = 0
  30              		@ frame_needed = 1, uses_anonymous_args = 0
  31 0000 80B5     		push	{r7, lr}
  32              	.LCFI0:
  33              		.cfi_def_cfa_offset 8
  34              		.cfi_offset 7, -8
  35              		.cfi_offset 14, -4
  36 0002 00AF     		add	r7, sp, #0
  37              	.LCFI1:
  38              		.cfi_def_cfa_register 7
  61:.\Generated_Source\PSoC5/isr_CLU_EXEC.c ****     /* For all we know the interrupt is active. */
  62:.\Generated_Source\PSoC5/isr_CLU_EXEC.c ****     isr_CLU_EXEC_Disable();
  39              		.loc 1 62 0
  40 0004 FFF7FEFF 		bl	isr_CLU_EXEC_Disable
  63:.\Generated_Source\PSoC5/isr_CLU_EXEC.c **** 
  64:.\Generated_Source\PSoC5/isr_CLU_EXEC.c ****     /* Set the ISR to point to the isr_CLU_EXEC Interrupt. */
  65:.\Generated_Source\PSoC5/isr_CLU_EXEC.c ****     isr_CLU_EXEC_SetVector(&isr_CLU_EXEC_Interrupt);
  41              		.loc 1 65 0
  42 0008 40F20000 		movw	r0, #:lower16:isr_CLU_EXEC_Interrupt
  43 000c C0F20000 		movt	r0, #:upper16:isr_CLU_EXEC_Interrupt
  44 0010 FFF7FEFF 		bl	isr_CLU_EXEC_SetVector
  66:.\Generated_Source\PSoC5/isr_CLU_EXEC.c **** 
  67:.\Generated_Source\PSoC5/isr_CLU_EXEC.c ****     /* Set the priority. */
  68:.\Generated_Source\PSoC5/isr_CLU_EXEC.c ****     isr_CLU_EXEC_SetPriority((uint8)isr_CLU_EXEC_INTC_PRIOR_NUMBER);
  45              		.loc 1 68 0
  46 0014 4FF00700 		mov	r0, #7
ARM GAS  C:\Users\gravi\AppData\Local\Temp\ccQRbHGh.s 			page 3


  47 0018 FFF7FEFF 		bl	isr_CLU_EXEC_SetPriority
  69:.\Generated_Source\PSoC5/isr_CLU_EXEC.c **** 
  70:.\Generated_Source\PSoC5/isr_CLU_EXEC.c ****     /* Enable it. */
  71:.\Generated_Source\PSoC5/isr_CLU_EXEC.c ****     isr_CLU_EXEC_Enable();
  48              		.loc 1 71 0
  49 001c FFF7FEFF 		bl	isr_CLU_EXEC_Enable
  72:.\Generated_Source\PSoC5/isr_CLU_EXEC.c **** }
  50              		.loc 1 72 0
  51 0020 80BD     		pop	{r7, pc}
  52              		.cfi_endproc
  53              	.LFE0:
  54              		.size	isr_CLU_EXEC_Start, .-isr_CLU_EXEC_Start
  55 0022 00BF     		.section	.text.isr_CLU_EXEC_StartEx,"ax",%progbits
  56              		.align	2
  57              		.global	isr_CLU_EXEC_StartEx
  58              		.thumb
  59              		.thumb_func
  60              		.type	isr_CLU_EXEC_StartEx, %function
  61              	isr_CLU_EXEC_StartEx:
  62              	.LFB1:
  73:.\Generated_Source\PSoC5/isr_CLU_EXEC.c **** 
  74:.\Generated_Source\PSoC5/isr_CLU_EXEC.c **** 
  75:.\Generated_Source\PSoC5/isr_CLU_EXEC.c **** /*******************************************************************************
  76:.\Generated_Source\PSoC5/isr_CLU_EXEC.c **** * Function Name: isr_CLU_EXEC_StartEx
  77:.\Generated_Source\PSoC5/isr_CLU_EXEC.c **** ********************************************************************************
  78:.\Generated_Source\PSoC5/isr_CLU_EXEC.c **** *
  79:.\Generated_Source\PSoC5/isr_CLU_EXEC.c **** * Summary:
  80:.\Generated_Source\PSoC5/isr_CLU_EXEC.c **** *  Set up the interrupt and enable it.
  81:.\Generated_Source\PSoC5/isr_CLU_EXEC.c **** *
  82:.\Generated_Source\PSoC5/isr_CLU_EXEC.c **** * Parameters:  
  83:.\Generated_Source\PSoC5/isr_CLU_EXEC.c **** *   address: Address of the ISR to set in the interrupt vector table.
  84:.\Generated_Source\PSoC5/isr_CLU_EXEC.c **** *
  85:.\Generated_Source\PSoC5/isr_CLU_EXEC.c **** * Return:
  86:.\Generated_Source\PSoC5/isr_CLU_EXEC.c **** *   None
  87:.\Generated_Source\PSoC5/isr_CLU_EXEC.c **** *
  88:.\Generated_Source\PSoC5/isr_CLU_EXEC.c **** *******************************************************************************/
  89:.\Generated_Source\PSoC5/isr_CLU_EXEC.c **** void isr_CLU_EXEC_StartEx(cyisraddress address)
  90:.\Generated_Source\PSoC5/isr_CLU_EXEC.c **** {
  63              		.loc 1 90 0
  64              		.cfi_startproc
  65              		@ args = 0, pretend = 0, frame = 8
  66              		@ frame_needed = 1, uses_anonymous_args = 0
  67 0000 80B5     		push	{r7, lr}
  68              	.LCFI2:
  69              		.cfi_def_cfa_offset 8
  70              		.cfi_offset 7, -8
  71              		.cfi_offset 14, -4
  72 0002 82B0     		sub	sp, sp, #8
  73              	.LCFI3:
  74              		.cfi_def_cfa_offset 16
  75 0004 00AF     		add	r7, sp, #0
  76              	.LCFI4:
  77              		.cfi_def_cfa_register 7
  78 0006 7860     		str	r0, [r7, #4]
  91:.\Generated_Source\PSoC5/isr_CLU_EXEC.c ****     /* For all we know the interrupt is active. */
  92:.\Generated_Source\PSoC5/isr_CLU_EXEC.c ****     isr_CLU_EXEC_Disable();
  79              		.loc 1 92 0
ARM GAS  C:\Users\gravi\AppData\Local\Temp\ccQRbHGh.s 			page 4


  80 0008 FFF7FEFF 		bl	isr_CLU_EXEC_Disable
  93:.\Generated_Source\PSoC5/isr_CLU_EXEC.c **** 
  94:.\Generated_Source\PSoC5/isr_CLU_EXEC.c ****     /* Set the ISR to point to the isr_CLU_EXEC Interrupt. */
  95:.\Generated_Source\PSoC5/isr_CLU_EXEC.c ****     isr_CLU_EXEC_SetVector(address);
  81              		.loc 1 95 0
  82 000c 7868     		ldr	r0, [r7, #4]
  83 000e FFF7FEFF 		bl	isr_CLU_EXEC_SetVector
  96:.\Generated_Source\PSoC5/isr_CLU_EXEC.c **** 
  97:.\Generated_Source\PSoC5/isr_CLU_EXEC.c ****     /* Set the priority. */
  98:.\Generated_Source\PSoC5/isr_CLU_EXEC.c ****     isr_CLU_EXEC_SetPriority((uint8)isr_CLU_EXEC_INTC_PRIOR_NUMBER);
  84              		.loc 1 98 0
  85 0012 4FF00700 		mov	r0, #7
  86 0016 FFF7FEFF 		bl	isr_CLU_EXEC_SetPriority
  99:.\Generated_Source\PSoC5/isr_CLU_EXEC.c **** 
 100:.\Generated_Source\PSoC5/isr_CLU_EXEC.c ****     /* Enable it. */
 101:.\Generated_Source\PSoC5/isr_CLU_EXEC.c ****     isr_CLU_EXEC_Enable();
  87              		.loc 1 101 0
  88 001a FFF7FEFF 		bl	isr_CLU_EXEC_Enable
 102:.\Generated_Source\PSoC5/isr_CLU_EXEC.c **** }
  89              		.loc 1 102 0
  90 001e 07F10807 		add	r7, r7, #8
  91 0022 BD46     		mov	sp, r7
  92 0024 80BD     		pop	{r7, pc}
  93              		.cfi_endproc
  94              	.LFE1:
  95              		.size	isr_CLU_EXEC_StartEx, .-isr_CLU_EXEC_StartEx
  96 0026 00BF     		.section	.text.isr_CLU_EXEC_Stop,"ax",%progbits
  97              		.align	2
  98              		.global	isr_CLU_EXEC_Stop
  99              		.thumb
 100              		.thumb_func
 101              		.type	isr_CLU_EXEC_Stop, %function
 102              	isr_CLU_EXEC_Stop:
 103              	.LFB2:
 103:.\Generated_Source\PSoC5/isr_CLU_EXEC.c **** 
 104:.\Generated_Source\PSoC5/isr_CLU_EXEC.c **** 
 105:.\Generated_Source\PSoC5/isr_CLU_EXEC.c **** /*******************************************************************************
 106:.\Generated_Source\PSoC5/isr_CLU_EXEC.c **** * Function Name: isr_CLU_EXEC_Stop
 107:.\Generated_Source\PSoC5/isr_CLU_EXEC.c **** ********************************************************************************
 108:.\Generated_Source\PSoC5/isr_CLU_EXEC.c **** *
 109:.\Generated_Source\PSoC5/isr_CLU_EXEC.c **** * Summary:
 110:.\Generated_Source\PSoC5/isr_CLU_EXEC.c **** *   Disables and removes the interrupt.
 111:.\Generated_Source\PSoC5/isr_CLU_EXEC.c **** *
 112:.\Generated_Source\PSoC5/isr_CLU_EXEC.c **** * Parameters:  
 113:.\Generated_Source\PSoC5/isr_CLU_EXEC.c **** *
 114:.\Generated_Source\PSoC5/isr_CLU_EXEC.c **** * Return:
 115:.\Generated_Source\PSoC5/isr_CLU_EXEC.c **** *   None
 116:.\Generated_Source\PSoC5/isr_CLU_EXEC.c **** *
 117:.\Generated_Source\PSoC5/isr_CLU_EXEC.c **** *******************************************************************************/
 118:.\Generated_Source\PSoC5/isr_CLU_EXEC.c **** void isr_CLU_EXEC_Stop(void)
 119:.\Generated_Source\PSoC5/isr_CLU_EXEC.c **** {
 104              		.loc 1 119 0
 105              		.cfi_startproc
 106              		@ args = 0, pretend = 0, frame = 0
 107              		@ frame_needed = 1, uses_anonymous_args = 0
 108 0000 80B5     		push	{r7, lr}
 109              	.LCFI5:
ARM GAS  C:\Users\gravi\AppData\Local\Temp\ccQRbHGh.s 			page 5


 110              		.cfi_def_cfa_offset 8
 111              		.cfi_offset 7, -8
 112              		.cfi_offset 14, -4
 113 0002 00AF     		add	r7, sp, #0
 114              	.LCFI6:
 115              		.cfi_def_cfa_register 7
 120:.\Generated_Source\PSoC5/isr_CLU_EXEC.c ****     /* Disable this interrupt. */
 121:.\Generated_Source\PSoC5/isr_CLU_EXEC.c ****     isr_CLU_EXEC_Disable();
 116              		.loc 1 121 0
 117 0004 FFF7FEFF 		bl	isr_CLU_EXEC_Disable
 122:.\Generated_Source\PSoC5/isr_CLU_EXEC.c **** 
 123:.\Generated_Source\PSoC5/isr_CLU_EXEC.c ****     /* Set the ISR to point to the passive one. */
 124:.\Generated_Source\PSoC5/isr_CLU_EXEC.c ****     isr_CLU_EXEC_SetVector(&IntDefaultHandler);
 118              		.loc 1 124 0
 119 0008 40F20000 		movw	r0, #:lower16:IntDefaultHandler
 120 000c C0F20000 		movt	r0, #:upper16:IntDefaultHandler
 121 0010 FFF7FEFF 		bl	isr_CLU_EXEC_SetVector
 125:.\Generated_Source\PSoC5/isr_CLU_EXEC.c **** }
 122              		.loc 1 125 0
 123 0014 80BD     		pop	{r7, pc}
 124              		.cfi_endproc
 125              	.LFE2:
 126              		.size	isr_CLU_EXEC_Stop, .-isr_CLU_EXEC_Stop
 127 0016 00BF     		.section	.text.isr_CLU_EXEC_Interrupt,"ax",%progbits
 128              		.align	2
 129              		.global	isr_CLU_EXEC_Interrupt
 130              		.thumb
 131              		.thumb_func
 132              		.type	isr_CLU_EXEC_Interrupt, %function
 133              	isr_CLU_EXEC_Interrupt:
 134              	.LFB3:
 126:.\Generated_Source\PSoC5/isr_CLU_EXEC.c **** 
 127:.\Generated_Source\PSoC5/isr_CLU_EXEC.c **** 
 128:.\Generated_Source\PSoC5/isr_CLU_EXEC.c **** /*******************************************************************************
 129:.\Generated_Source\PSoC5/isr_CLU_EXEC.c **** * Function Name: isr_CLU_EXEC_Interrupt
 130:.\Generated_Source\PSoC5/isr_CLU_EXEC.c **** ********************************************************************************
 131:.\Generated_Source\PSoC5/isr_CLU_EXEC.c **** *
 132:.\Generated_Source\PSoC5/isr_CLU_EXEC.c **** * Summary:
 133:.\Generated_Source\PSoC5/isr_CLU_EXEC.c **** *   The default Interrupt Service Routine for isr_CLU_EXEC.
 134:.\Generated_Source\PSoC5/isr_CLU_EXEC.c **** *
 135:.\Generated_Source\PSoC5/isr_CLU_EXEC.c **** *   Add custom code between the coments to keep the next version of this file
 136:.\Generated_Source\PSoC5/isr_CLU_EXEC.c **** *   from over writting your code.
 137:.\Generated_Source\PSoC5/isr_CLU_EXEC.c **** *
 138:.\Generated_Source\PSoC5/isr_CLU_EXEC.c **** * Parameters:  
 139:.\Generated_Source\PSoC5/isr_CLU_EXEC.c **** *
 140:.\Generated_Source\PSoC5/isr_CLU_EXEC.c **** * Return:
 141:.\Generated_Source\PSoC5/isr_CLU_EXEC.c **** *   None
 142:.\Generated_Source\PSoC5/isr_CLU_EXEC.c **** *
 143:.\Generated_Source\PSoC5/isr_CLU_EXEC.c **** *******************************************************************************/
 144:.\Generated_Source\PSoC5/isr_CLU_EXEC.c **** CY_ISR(isr_CLU_EXEC_Interrupt)
 145:.\Generated_Source\PSoC5/isr_CLU_EXEC.c **** {
 135              		.loc 1 145 0
 136              		.cfi_startproc
 137              		@ args = 0, pretend = 0, frame = 0
 138              		@ frame_needed = 1, uses_anonymous_args = 0
 139 0000 80B5     		push	{r7, lr}
 140              	.LCFI7:
ARM GAS  C:\Users\gravi\AppData\Local\Temp\ccQRbHGh.s 			page 6


 141              		.cfi_def_cfa_offset 8
 142              		.cfi_offset 7, -8
 143              		.cfi_offset 14, -4
 144 0002 00AF     		add	r7, sp, #0
 145              	.LCFI8:
 146              		.cfi_def_cfa_register 7
 146:.\Generated_Source\PSoC5/isr_CLU_EXEC.c ****     /*  Place your Interrupt code here. */
 147:.\Generated_Source\PSoC5/isr_CLU_EXEC.c ****     /* `#START isr_CLU_EXEC_Interrupt` */
 148:.\Generated_Source\PSoC5/isr_CLU_EXEC.c **** 	
 149:.\Generated_Source\PSoC5/isr_CLU_EXEC.c **** 	// ****************************************************************
 150:.\Generated_Source\PSoC5/isr_CLU_EXEC.c **** 	// *** CLU STATE MACHINE EXECUTOR FUNCTION					    ***
 151:.\Generated_Source\PSoC5/isr_CLU_EXEC.c **** 	// ****************************************************************
 152:.\Generated_Source\PSoC5/isr_CLU_EXEC.c **** 	clu_sm_exec(VERBOSE_ON);
 147              		.loc 1 152 0
 148 0004 4FF00100 		mov	r0, #1
 149 0008 FFF7FEFF 		bl	clu_sm_exec
 153:.\Generated_Source\PSoC5/isr_CLU_EXEC.c **** 
 154:.\Generated_Source\PSoC5/isr_CLU_EXEC.c ****     /* `#END` */
 155:.\Generated_Source\PSoC5/isr_CLU_EXEC.c **** }
 150              		.loc 1 155 0
 151 000c 80BD     		pop	{r7, pc}
 152              		.cfi_endproc
 153              	.LFE3:
 154              		.size	isr_CLU_EXEC_Interrupt, .-isr_CLU_EXEC_Interrupt
 155 000e 00BF     		.section	.text.isr_CLU_EXEC_SetVector,"ax",%progbits
 156              		.align	2
 157              		.global	isr_CLU_EXEC_SetVector
 158              		.thumb
 159              		.thumb_func
 160              		.type	isr_CLU_EXEC_SetVector, %function
 161              	isr_CLU_EXEC_SetVector:
 162              	.LFB4:
 156:.\Generated_Source\PSoC5/isr_CLU_EXEC.c **** 
 157:.\Generated_Source\PSoC5/isr_CLU_EXEC.c **** 
 158:.\Generated_Source\PSoC5/isr_CLU_EXEC.c **** /*******************************************************************************
 159:.\Generated_Source\PSoC5/isr_CLU_EXEC.c **** * Function Name: isr_CLU_EXEC_SetVector
 160:.\Generated_Source\PSoC5/isr_CLU_EXEC.c **** ********************************************************************************
 161:.\Generated_Source\PSoC5/isr_CLU_EXEC.c **** *
 162:.\Generated_Source\PSoC5/isr_CLU_EXEC.c **** * Summary:
 163:.\Generated_Source\PSoC5/isr_CLU_EXEC.c **** *   Change the ISR vector for the Interrupt. Note calling isr_CLU_EXEC_Start
 164:.\Generated_Source\PSoC5/isr_CLU_EXEC.c **** *   will override any effect this method would have had. To set the vector 
 165:.\Generated_Source\PSoC5/isr_CLU_EXEC.c **** *   before the component has been started use isr_CLU_EXEC_StartEx instead.
 166:.\Generated_Source\PSoC5/isr_CLU_EXEC.c **** *
 167:.\Generated_Source\PSoC5/isr_CLU_EXEC.c **** * Parameters:
 168:.\Generated_Source\PSoC5/isr_CLU_EXEC.c **** *   address: Address of the ISR to set in the interrupt vector table.
 169:.\Generated_Source\PSoC5/isr_CLU_EXEC.c **** *
 170:.\Generated_Source\PSoC5/isr_CLU_EXEC.c **** * Return:
 171:.\Generated_Source\PSoC5/isr_CLU_EXEC.c **** *   None
 172:.\Generated_Source\PSoC5/isr_CLU_EXEC.c **** *
 173:.\Generated_Source\PSoC5/isr_CLU_EXEC.c **** *******************************************************************************/
 174:.\Generated_Source\PSoC5/isr_CLU_EXEC.c **** void isr_CLU_EXEC_SetVector(cyisraddress address)
 175:.\Generated_Source\PSoC5/isr_CLU_EXEC.c **** {
 163              		.loc 1 175 0
 164              		.cfi_startproc
 165              		@ args = 0, pretend = 0, frame = 16
 166              		@ frame_needed = 1, uses_anonymous_args = 0
 167              		@ link register save eliminated.
ARM GAS  C:\Users\gravi\AppData\Local\Temp\ccQRbHGh.s 			page 7


 168 0000 80B4     		push	{r7}
 169              	.LCFI9:
 170              		.cfi_def_cfa_offset 4
 171              		.cfi_offset 7, -4
 172 0002 85B0     		sub	sp, sp, #20
 173              	.LCFI10:
 174              		.cfi_def_cfa_offset 24
 175 0004 00AF     		add	r7, sp, #0
 176              	.LCFI11:
 177              		.cfi_def_cfa_register 7
 178 0006 7860     		str	r0, [r7, #4]
 176:.\Generated_Source\PSoC5/isr_CLU_EXEC.c ****     cyisraddress * ramVectorTable;
 177:.\Generated_Source\PSoC5/isr_CLU_EXEC.c **** 
 178:.\Generated_Source\PSoC5/isr_CLU_EXEC.c ****     ramVectorTable = (cyisraddress *) *CYINT_VECT_TABLE;
 179              		.loc 1 178 0
 180 0008 4EF60853 		movw	r3, #60680
 181 000c CEF20003 		movt	r3, 57344
 182 0010 1B68     		ldr	r3, [r3, #0]
 183 0012 FB60     		str	r3, [r7, #12]
 179:.\Generated_Source\PSoC5/isr_CLU_EXEC.c **** 
 180:.\Generated_Source\PSoC5/isr_CLU_EXEC.c ****     ramVectorTable[CYINT_IRQ_BASE + (uint32)isr_CLU_EXEC__INTC_NUMBER] = address;
 184              		.loc 1 180 0
 185 0014 FB68     		ldr	r3, [r7, #12]
 186 0016 03F14C03 		add	r3, r3, #76
 187 001a 7A68     		ldr	r2, [r7, #4]
 188 001c 1A60     		str	r2, [r3, #0]
 181:.\Generated_Source\PSoC5/isr_CLU_EXEC.c **** }
 189              		.loc 1 181 0
 190 001e 07F11407 		add	r7, r7, #20
 191 0022 BD46     		mov	sp, r7
 192 0024 80BC     		pop	{r7}
 193 0026 7047     		bx	lr
 194              		.cfi_endproc
 195              	.LFE4:
 196              		.size	isr_CLU_EXEC_SetVector, .-isr_CLU_EXEC_SetVector
 197              		.section	.text.isr_CLU_EXEC_GetVector,"ax",%progbits
 198              		.align	2
 199              		.global	isr_CLU_EXEC_GetVector
 200              		.thumb
 201              		.thumb_func
 202              		.type	isr_CLU_EXEC_GetVector, %function
 203              	isr_CLU_EXEC_GetVector:
 204              	.LFB5:
 182:.\Generated_Source\PSoC5/isr_CLU_EXEC.c **** 
 183:.\Generated_Source\PSoC5/isr_CLU_EXEC.c **** 
 184:.\Generated_Source\PSoC5/isr_CLU_EXEC.c **** /*******************************************************************************
 185:.\Generated_Source\PSoC5/isr_CLU_EXEC.c **** * Function Name: isr_CLU_EXEC_GetVector
 186:.\Generated_Source\PSoC5/isr_CLU_EXEC.c **** ********************************************************************************
 187:.\Generated_Source\PSoC5/isr_CLU_EXEC.c **** *
 188:.\Generated_Source\PSoC5/isr_CLU_EXEC.c **** * Summary:
 189:.\Generated_Source\PSoC5/isr_CLU_EXEC.c **** *   Gets the "address" of the current ISR vector for the Interrupt.
 190:.\Generated_Source\PSoC5/isr_CLU_EXEC.c **** *
 191:.\Generated_Source\PSoC5/isr_CLU_EXEC.c **** * Parameters:
 192:.\Generated_Source\PSoC5/isr_CLU_EXEC.c **** *   None
 193:.\Generated_Source\PSoC5/isr_CLU_EXEC.c **** *
 194:.\Generated_Source\PSoC5/isr_CLU_EXEC.c **** * Return:
 195:.\Generated_Source\PSoC5/isr_CLU_EXEC.c **** *   Address of the ISR in the interrupt vector table.
ARM GAS  C:\Users\gravi\AppData\Local\Temp\ccQRbHGh.s 			page 8


 196:.\Generated_Source\PSoC5/isr_CLU_EXEC.c **** *
 197:.\Generated_Source\PSoC5/isr_CLU_EXEC.c **** *******************************************************************************/
 198:.\Generated_Source\PSoC5/isr_CLU_EXEC.c **** cyisraddress isr_CLU_EXEC_GetVector(void)
 199:.\Generated_Source\PSoC5/isr_CLU_EXEC.c **** {
 205              		.loc 1 199 0
 206              		.cfi_startproc
 207              		@ args = 0, pretend = 0, frame = 8
 208              		@ frame_needed = 1, uses_anonymous_args = 0
 209              		@ link register save eliminated.
 210 0000 80B4     		push	{r7}
 211              	.LCFI12:
 212              		.cfi_def_cfa_offset 4
 213              		.cfi_offset 7, -4
 214 0002 83B0     		sub	sp, sp, #12
 215              	.LCFI13:
 216              		.cfi_def_cfa_offset 16
 217 0004 00AF     		add	r7, sp, #0
 218              	.LCFI14:
 219              		.cfi_def_cfa_register 7
 200:.\Generated_Source\PSoC5/isr_CLU_EXEC.c ****     cyisraddress * ramVectorTable;
 201:.\Generated_Source\PSoC5/isr_CLU_EXEC.c **** 
 202:.\Generated_Source\PSoC5/isr_CLU_EXEC.c ****     ramVectorTable = (cyisraddress *) *CYINT_VECT_TABLE;
 220              		.loc 1 202 0
 221 0006 4EF60853 		movw	r3, #60680
 222 000a CEF20003 		movt	r3, 57344
 223 000e 1B68     		ldr	r3, [r3, #0]
 224 0010 7B60     		str	r3, [r7, #4]
 203:.\Generated_Source\PSoC5/isr_CLU_EXEC.c **** 
 204:.\Generated_Source\PSoC5/isr_CLU_EXEC.c ****     return ramVectorTable[CYINT_IRQ_BASE + (uint32)isr_CLU_EXEC__INTC_NUMBER];
 225              		.loc 1 204 0
 226 0012 7B68     		ldr	r3, [r7, #4]
 227 0014 DB6C     		ldr	r3, [r3, #76]
 205:.\Generated_Source\PSoC5/isr_CLU_EXEC.c **** }
 228              		.loc 1 205 0
 229 0016 1846     		mov	r0, r3
 230 0018 07F10C07 		add	r7, r7, #12
 231 001c BD46     		mov	sp, r7
 232 001e 80BC     		pop	{r7}
 233 0020 7047     		bx	lr
 234              		.cfi_endproc
 235              	.LFE5:
 236              		.size	isr_CLU_EXEC_GetVector, .-isr_CLU_EXEC_GetVector
 237 0022 00BF     		.section	.text.isr_CLU_EXEC_SetPriority,"ax",%progbits
 238              		.align	2
 239              		.global	isr_CLU_EXEC_SetPriority
 240              		.thumb
 241              		.thumb_func
 242              		.type	isr_CLU_EXEC_SetPriority, %function
 243              	isr_CLU_EXEC_SetPriority:
 244              	.LFB6:
 206:.\Generated_Source\PSoC5/isr_CLU_EXEC.c **** 
 207:.\Generated_Source\PSoC5/isr_CLU_EXEC.c **** 
 208:.\Generated_Source\PSoC5/isr_CLU_EXEC.c **** /*******************************************************************************
 209:.\Generated_Source\PSoC5/isr_CLU_EXEC.c **** * Function Name: isr_CLU_EXEC_SetPriority
 210:.\Generated_Source\PSoC5/isr_CLU_EXEC.c **** ********************************************************************************
 211:.\Generated_Source\PSoC5/isr_CLU_EXEC.c **** *
 212:.\Generated_Source\PSoC5/isr_CLU_EXEC.c **** * Summary:
ARM GAS  C:\Users\gravi\AppData\Local\Temp\ccQRbHGh.s 			page 9


 213:.\Generated_Source\PSoC5/isr_CLU_EXEC.c **** *   Sets the Priority of the Interrupt. Note calling isr_CLU_EXEC_Start
 214:.\Generated_Source\PSoC5/isr_CLU_EXEC.c **** *   or isr_CLU_EXEC_StartEx will override any effect this method 
 215:.\Generated_Source\PSoC5/isr_CLU_EXEC.c **** *   would have had. This method should only be called after 
 216:.\Generated_Source\PSoC5/isr_CLU_EXEC.c **** *   isr_CLU_EXEC_Start or isr_CLU_EXEC_StartEx has been called. To set 
 217:.\Generated_Source\PSoC5/isr_CLU_EXEC.c **** *   the initial priority for the component use the cydwr file in the tool.
 218:.\Generated_Source\PSoC5/isr_CLU_EXEC.c **** *
 219:.\Generated_Source\PSoC5/isr_CLU_EXEC.c **** * Parameters:
 220:.\Generated_Source\PSoC5/isr_CLU_EXEC.c **** *   priority: Priority of the interrupt. 0 - 7, 0 being the highest.
 221:.\Generated_Source\PSoC5/isr_CLU_EXEC.c **** *
 222:.\Generated_Source\PSoC5/isr_CLU_EXEC.c **** * Return:
 223:.\Generated_Source\PSoC5/isr_CLU_EXEC.c **** *   None
 224:.\Generated_Source\PSoC5/isr_CLU_EXEC.c **** *
 225:.\Generated_Source\PSoC5/isr_CLU_EXEC.c **** *******************************************************************************/
 226:.\Generated_Source\PSoC5/isr_CLU_EXEC.c **** void isr_CLU_EXEC_SetPriority(uint8 priority)
 227:.\Generated_Source\PSoC5/isr_CLU_EXEC.c **** {
 245              		.loc 1 227 0
 246              		.cfi_startproc
 247              		@ args = 0, pretend = 0, frame = 8
 248              		@ frame_needed = 1, uses_anonymous_args = 0
 249              		@ link register save eliminated.
 250 0000 80B4     		push	{r7}
 251              	.LCFI15:
 252              		.cfi_def_cfa_offset 4
 253              		.cfi_offset 7, -4
 254 0002 83B0     		sub	sp, sp, #12
 255              	.LCFI16:
 256              		.cfi_def_cfa_offset 16
 257 0004 00AF     		add	r7, sp, #0
 258              	.LCFI17:
 259              		.cfi_def_cfa_register 7
 260 0006 0346     		mov	r3, r0
 261 0008 FB71     		strb	r3, [r7, #7]
 228:.\Generated_Source\PSoC5/isr_CLU_EXEC.c ****     *isr_CLU_EXEC_INTC_PRIOR = priority << 5;
 262              		.loc 1 228 0
 263 000a 4EF20343 		movw	r3, #58371
 264 000e CEF20003 		movt	r3, 57344
 265 0012 FA79     		ldrb	r2, [r7, #7]
 266 0014 4FEA4212 		lsl	r2, r2, #5
 267 0018 D2B2     		uxtb	r2, r2
 268 001a 1A70     		strb	r2, [r3, #0]
 229:.\Generated_Source\PSoC5/isr_CLU_EXEC.c **** }
 269              		.loc 1 229 0
 270 001c 07F10C07 		add	r7, r7, #12
 271 0020 BD46     		mov	sp, r7
 272 0022 80BC     		pop	{r7}
 273 0024 7047     		bx	lr
 274              		.cfi_endproc
 275              	.LFE6:
 276              		.size	isr_CLU_EXEC_SetPriority, .-isr_CLU_EXEC_SetPriority
 277 0026 00BF     		.section	.text.isr_CLU_EXEC_GetPriority,"ax",%progbits
 278              		.align	2
 279              		.global	isr_CLU_EXEC_GetPriority
 280              		.thumb
 281              		.thumb_func
 282              		.type	isr_CLU_EXEC_GetPriority, %function
 283              	isr_CLU_EXEC_GetPriority:
 284              	.LFB7:
ARM GAS  C:\Users\gravi\AppData\Local\Temp\ccQRbHGh.s 			page 10


 230:.\Generated_Source\PSoC5/isr_CLU_EXEC.c **** 
 231:.\Generated_Source\PSoC5/isr_CLU_EXEC.c **** 
 232:.\Generated_Source\PSoC5/isr_CLU_EXEC.c **** /*******************************************************************************
 233:.\Generated_Source\PSoC5/isr_CLU_EXEC.c **** * Function Name: isr_CLU_EXEC_GetPriority
 234:.\Generated_Source\PSoC5/isr_CLU_EXEC.c **** ********************************************************************************
 235:.\Generated_Source\PSoC5/isr_CLU_EXEC.c **** *
 236:.\Generated_Source\PSoC5/isr_CLU_EXEC.c **** * Summary:
 237:.\Generated_Source\PSoC5/isr_CLU_EXEC.c **** *   Gets the Priority of the Interrupt.
 238:.\Generated_Source\PSoC5/isr_CLU_EXEC.c **** *
 239:.\Generated_Source\PSoC5/isr_CLU_EXEC.c **** * Parameters:
 240:.\Generated_Source\PSoC5/isr_CLU_EXEC.c **** *   None
 241:.\Generated_Source\PSoC5/isr_CLU_EXEC.c **** *
 242:.\Generated_Source\PSoC5/isr_CLU_EXEC.c **** * Return:
 243:.\Generated_Source\PSoC5/isr_CLU_EXEC.c **** *   Priority of the interrupt. 0 - 7, 0 being the highest.
 244:.\Generated_Source\PSoC5/isr_CLU_EXEC.c **** *
 245:.\Generated_Source\PSoC5/isr_CLU_EXEC.c **** *******************************************************************************/
 246:.\Generated_Source\PSoC5/isr_CLU_EXEC.c **** uint8 isr_CLU_EXEC_GetPriority(void)
 247:.\Generated_Source\PSoC5/isr_CLU_EXEC.c **** {
 285              		.loc 1 247 0
 286              		.cfi_startproc
 287              		@ args = 0, pretend = 0, frame = 8
 288              		@ frame_needed = 1, uses_anonymous_args = 0
 289              		@ link register save eliminated.
 290 0000 80B4     		push	{r7}
 291              	.LCFI18:
 292              		.cfi_def_cfa_offset 4
 293              		.cfi_offset 7, -4
 294 0002 83B0     		sub	sp, sp, #12
 295              	.LCFI19:
 296              		.cfi_def_cfa_offset 16
 297 0004 00AF     		add	r7, sp, #0
 298              	.LCFI20:
 299              		.cfi_def_cfa_register 7
 248:.\Generated_Source\PSoC5/isr_CLU_EXEC.c ****     uint8 priority;
 249:.\Generated_Source\PSoC5/isr_CLU_EXEC.c **** 
 250:.\Generated_Source\PSoC5/isr_CLU_EXEC.c **** 
 251:.\Generated_Source\PSoC5/isr_CLU_EXEC.c ****     priority = *isr_CLU_EXEC_INTC_PRIOR >> 5;
 300              		.loc 1 251 0
 301 0006 4EF20343 		movw	r3, #58371
 302 000a CEF20003 		movt	r3, 57344
 303 000e 1B78     		ldrb	r3, [r3, #0]
 304 0010 DBB2     		uxtb	r3, r3
 305 0012 4FEA5313 		lsr	r3, r3, #5
 306 0016 FB71     		strb	r3, [r7, #7]
 252:.\Generated_Source\PSoC5/isr_CLU_EXEC.c **** 
 253:.\Generated_Source\PSoC5/isr_CLU_EXEC.c ****     return priority;
 307              		.loc 1 253 0
 308 0018 FB79     		ldrb	r3, [r7, #7]	@ zero_extendqisi2
 254:.\Generated_Source\PSoC5/isr_CLU_EXEC.c **** }
 309              		.loc 1 254 0
 310 001a 1846     		mov	r0, r3
 311 001c 07F10C07 		add	r7, r7, #12
 312 0020 BD46     		mov	sp, r7
 313 0022 80BC     		pop	{r7}
 314 0024 7047     		bx	lr
 315              		.cfi_endproc
 316              	.LFE7:
ARM GAS  C:\Users\gravi\AppData\Local\Temp\ccQRbHGh.s 			page 11


 317              		.size	isr_CLU_EXEC_GetPriority, .-isr_CLU_EXEC_GetPriority
 318 0026 00BF     		.section	.text.isr_CLU_EXEC_Enable,"ax",%progbits
 319              		.align	2
 320              		.global	isr_CLU_EXEC_Enable
 321              		.thumb
 322              		.thumb_func
 323              		.type	isr_CLU_EXEC_Enable, %function
 324              	isr_CLU_EXEC_Enable:
 325              	.LFB8:
 255:.\Generated_Source\PSoC5/isr_CLU_EXEC.c **** 
 256:.\Generated_Source\PSoC5/isr_CLU_EXEC.c **** 
 257:.\Generated_Source\PSoC5/isr_CLU_EXEC.c **** /*******************************************************************************
 258:.\Generated_Source\PSoC5/isr_CLU_EXEC.c **** * Function Name: isr_CLU_EXEC_Enable
 259:.\Generated_Source\PSoC5/isr_CLU_EXEC.c **** ********************************************************************************
 260:.\Generated_Source\PSoC5/isr_CLU_EXEC.c **** *
 261:.\Generated_Source\PSoC5/isr_CLU_EXEC.c **** * Summary:
 262:.\Generated_Source\PSoC5/isr_CLU_EXEC.c **** *   Enables the interrupt.
 263:.\Generated_Source\PSoC5/isr_CLU_EXEC.c **** *
 264:.\Generated_Source\PSoC5/isr_CLU_EXEC.c **** * Parameters:
 265:.\Generated_Source\PSoC5/isr_CLU_EXEC.c **** *   None
 266:.\Generated_Source\PSoC5/isr_CLU_EXEC.c **** *
 267:.\Generated_Source\PSoC5/isr_CLU_EXEC.c **** * Return:
 268:.\Generated_Source\PSoC5/isr_CLU_EXEC.c **** *   None
 269:.\Generated_Source\PSoC5/isr_CLU_EXEC.c **** *
 270:.\Generated_Source\PSoC5/isr_CLU_EXEC.c **** *******************************************************************************/
 271:.\Generated_Source\PSoC5/isr_CLU_EXEC.c **** void isr_CLU_EXEC_Enable(void)
 272:.\Generated_Source\PSoC5/isr_CLU_EXEC.c **** {
 326              		.loc 1 272 0
 327              		.cfi_startproc
 328              		@ args = 0, pretend = 0, frame = 0
 329              		@ frame_needed = 1, uses_anonymous_args = 0
 330              		@ link register save eliminated.
 331 0000 80B4     		push	{r7}
 332              	.LCFI21:
 333              		.cfi_def_cfa_offset 4
 334              		.cfi_offset 7, -4
 335 0002 00AF     		add	r7, sp, #0
 336              	.LCFI22:
 337              		.cfi_def_cfa_register 7
 273:.\Generated_Source\PSoC5/isr_CLU_EXEC.c ****     /* Enable the general interrupt. */
 274:.\Generated_Source\PSoC5/isr_CLU_EXEC.c ****     *isr_CLU_EXEC_INTC_SET_EN = isr_CLU_EXEC__INTC_MASK;
 338              		.loc 1 274 0
 339 0004 4FF46143 		mov	r3, #57600
 340 0008 CEF20003 		movt	r3, 57344
 341 000c 4FF00802 		mov	r2, #8
 342 0010 1A60     		str	r2, [r3, #0]
 275:.\Generated_Source\PSoC5/isr_CLU_EXEC.c **** }
 343              		.loc 1 275 0
 344 0012 BD46     		mov	sp, r7
 345 0014 80BC     		pop	{r7}
 346 0016 7047     		bx	lr
 347              		.cfi_endproc
 348              	.LFE8:
 349              		.size	isr_CLU_EXEC_Enable, .-isr_CLU_EXEC_Enable
 350              		.section	.text.isr_CLU_EXEC_GetState,"ax",%progbits
 351              		.align	2
 352              		.global	isr_CLU_EXEC_GetState
ARM GAS  C:\Users\gravi\AppData\Local\Temp\ccQRbHGh.s 			page 12


 353              		.thumb
 354              		.thumb_func
 355              		.type	isr_CLU_EXEC_GetState, %function
 356              	isr_CLU_EXEC_GetState:
 357              	.LFB9:
 276:.\Generated_Source\PSoC5/isr_CLU_EXEC.c **** 
 277:.\Generated_Source\PSoC5/isr_CLU_EXEC.c **** 
 278:.\Generated_Source\PSoC5/isr_CLU_EXEC.c **** /*******************************************************************************
 279:.\Generated_Source\PSoC5/isr_CLU_EXEC.c **** * Function Name: isr_CLU_EXEC_GetState
 280:.\Generated_Source\PSoC5/isr_CLU_EXEC.c **** ********************************************************************************
 281:.\Generated_Source\PSoC5/isr_CLU_EXEC.c **** *
 282:.\Generated_Source\PSoC5/isr_CLU_EXEC.c **** * Summary:
 283:.\Generated_Source\PSoC5/isr_CLU_EXEC.c **** *   Gets the state (enabled, disabled) of the Interrupt.
 284:.\Generated_Source\PSoC5/isr_CLU_EXEC.c **** *
 285:.\Generated_Source\PSoC5/isr_CLU_EXEC.c **** * Parameters:
 286:.\Generated_Source\PSoC5/isr_CLU_EXEC.c **** *   None
 287:.\Generated_Source\PSoC5/isr_CLU_EXEC.c **** *
 288:.\Generated_Source\PSoC5/isr_CLU_EXEC.c **** * Return:
 289:.\Generated_Source\PSoC5/isr_CLU_EXEC.c **** *   1 if enabled, 0 if disabled.
 290:.\Generated_Source\PSoC5/isr_CLU_EXEC.c **** *
 291:.\Generated_Source\PSoC5/isr_CLU_EXEC.c **** *******************************************************************************/
 292:.\Generated_Source\PSoC5/isr_CLU_EXEC.c **** uint8 isr_CLU_EXEC_GetState(void)
 293:.\Generated_Source\PSoC5/isr_CLU_EXEC.c **** {
 358              		.loc 1 293 0
 359              		.cfi_startproc
 360              		@ args = 0, pretend = 0, frame = 0
 361              		@ frame_needed = 1, uses_anonymous_args = 0
 362              		@ link register save eliminated.
 363 0000 80B4     		push	{r7}
 364              	.LCFI23:
 365              		.cfi_def_cfa_offset 4
 366              		.cfi_offset 7, -4
 367 0002 00AF     		add	r7, sp, #0
 368              	.LCFI24:
 369              		.cfi_def_cfa_register 7
 294:.\Generated_Source\PSoC5/isr_CLU_EXEC.c ****     /* Get the state of the general interrupt. */
 295:.\Generated_Source\PSoC5/isr_CLU_EXEC.c ****     return ((*isr_CLU_EXEC_INTC_SET_EN & (uint32)isr_CLU_EXEC__INTC_MASK) != 0u) ? 1u:0u;
 370              		.loc 1 295 0
 371 0004 4FF46143 		mov	r3, #57600
 372 0008 CEF20003 		movt	r3, 57344
 373 000c 1B68     		ldr	r3, [r3, #0]
 374 000e 03F00803 		and	r3, r3, #8
 375 0012 002B     		cmp	r3, #0
 376 0014 02D0     		beq	.L13
 377              		.loc 1 295 0 is_stmt 0 discriminator 1
 378 0016 4FF00103 		mov	r3, #1
 379 001a 01E0     		b	.L14
 380              	.L13:
 381              		.loc 1 295 0 discriminator 2
 382 001c 4FF00003 		mov	r3, #0
 383              	.L14:
 296:.\Generated_Source\PSoC5/isr_CLU_EXEC.c **** }
 384              		.loc 1 296 0 is_stmt 1 discriminator 3
 385 0020 1846     		mov	r0, r3
 386 0022 BD46     		mov	sp, r7
 387 0024 80BC     		pop	{r7}
 388 0026 7047     		bx	lr
ARM GAS  C:\Users\gravi\AppData\Local\Temp\ccQRbHGh.s 			page 13


 389              		.cfi_endproc
 390              	.LFE9:
 391              		.size	isr_CLU_EXEC_GetState, .-isr_CLU_EXEC_GetState
 392              		.section	.text.isr_CLU_EXEC_Disable,"ax",%progbits
 393              		.align	2
 394              		.global	isr_CLU_EXEC_Disable
 395              		.thumb
 396              		.thumb_func
 397              		.type	isr_CLU_EXEC_Disable, %function
 398              	isr_CLU_EXEC_Disable:
 399              	.LFB10:
 297:.\Generated_Source\PSoC5/isr_CLU_EXEC.c **** 
 298:.\Generated_Source\PSoC5/isr_CLU_EXEC.c **** 
 299:.\Generated_Source\PSoC5/isr_CLU_EXEC.c **** /*******************************************************************************
 300:.\Generated_Source\PSoC5/isr_CLU_EXEC.c **** * Function Name: isr_CLU_EXEC_Disable
 301:.\Generated_Source\PSoC5/isr_CLU_EXEC.c **** ********************************************************************************
 302:.\Generated_Source\PSoC5/isr_CLU_EXEC.c **** *
 303:.\Generated_Source\PSoC5/isr_CLU_EXEC.c **** * Summary:
 304:.\Generated_Source\PSoC5/isr_CLU_EXEC.c **** *   Disables the Interrupt.
 305:.\Generated_Source\PSoC5/isr_CLU_EXEC.c **** *
 306:.\Generated_Source\PSoC5/isr_CLU_EXEC.c **** * Parameters:
 307:.\Generated_Source\PSoC5/isr_CLU_EXEC.c **** *   None
 308:.\Generated_Source\PSoC5/isr_CLU_EXEC.c **** *
 309:.\Generated_Source\PSoC5/isr_CLU_EXEC.c **** * Return:
 310:.\Generated_Source\PSoC5/isr_CLU_EXEC.c **** *   None
 311:.\Generated_Source\PSoC5/isr_CLU_EXEC.c **** *
 312:.\Generated_Source\PSoC5/isr_CLU_EXEC.c **** *******************************************************************************/
 313:.\Generated_Source\PSoC5/isr_CLU_EXEC.c **** void isr_CLU_EXEC_Disable(void)
 314:.\Generated_Source\PSoC5/isr_CLU_EXEC.c **** {
 400              		.loc 1 314 0
 401              		.cfi_startproc
 402              		@ args = 0, pretend = 0, frame = 0
 403              		@ frame_needed = 1, uses_anonymous_args = 0
 404              		@ link register save eliminated.
 405 0000 80B4     		push	{r7}
 406              	.LCFI25:
 407              		.cfi_def_cfa_offset 4
 408              		.cfi_offset 7, -4
 409 0002 00AF     		add	r7, sp, #0
 410              	.LCFI26:
 411              		.cfi_def_cfa_register 7
 315:.\Generated_Source\PSoC5/isr_CLU_EXEC.c ****     /* Disable the general interrupt. */
 316:.\Generated_Source\PSoC5/isr_CLU_EXEC.c ****     *isr_CLU_EXEC_INTC_CLR_EN = isr_CLU_EXEC__INTC_MASK;
 412              		.loc 1 316 0
 413 0004 4EF28013 		movw	r3, #57728
 414 0008 CEF20003 		movt	r3, 57344
 415 000c 4FF00802 		mov	r2, #8
 416 0010 1A60     		str	r2, [r3, #0]
 317:.\Generated_Source\PSoC5/isr_CLU_EXEC.c **** }
 417              		.loc 1 317 0
 418 0012 BD46     		mov	sp, r7
 419 0014 80BC     		pop	{r7}
 420 0016 7047     		bx	lr
 421              		.cfi_endproc
 422              	.LFE10:
 423              		.size	isr_CLU_EXEC_Disable, .-isr_CLU_EXEC_Disable
 424              		.section	.text.isr_CLU_EXEC_SetPending,"ax",%progbits
ARM GAS  C:\Users\gravi\AppData\Local\Temp\ccQRbHGh.s 			page 14


 425              		.align	2
 426              		.global	isr_CLU_EXEC_SetPending
 427              		.thumb
 428              		.thumb_func
 429              		.type	isr_CLU_EXEC_SetPending, %function
 430              	isr_CLU_EXEC_SetPending:
 431              	.LFB11:
 318:.\Generated_Source\PSoC5/isr_CLU_EXEC.c **** 
 319:.\Generated_Source\PSoC5/isr_CLU_EXEC.c **** 
 320:.\Generated_Source\PSoC5/isr_CLU_EXEC.c **** /*******************************************************************************
 321:.\Generated_Source\PSoC5/isr_CLU_EXEC.c **** * Function Name: isr_CLU_EXEC_SetPending
 322:.\Generated_Source\PSoC5/isr_CLU_EXEC.c **** ********************************************************************************
 323:.\Generated_Source\PSoC5/isr_CLU_EXEC.c **** *
 324:.\Generated_Source\PSoC5/isr_CLU_EXEC.c **** * Summary:
 325:.\Generated_Source\PSoC5/isr_CLU_EXEC.c **** *   Causes the Interrupt to enter the pending state, a software method of
 326:.\Generated_Source\PSoC5/isr_CLU_EXEC.c **** *   generating the interrupt.
 327:.\Generated_Source\PSoC5/isr_CLU_EXEC.c **** *
 328:.\Generated_Source\PSoC5/isr_CLU_EXEC.c **** * Parameters:
 329:.\Generated_Source\PSoC5/isr_CLU_EXEC.c **** *   None
 330:.\Generated_Source\PSoC5/isr_CLU_EXEC.c **** *
 331:.\Generated_Source\PSoC5/isr_CLU_EXEC.c **** * Return:
 332:.\Generated_Source\PSoC5/isr_CLU_EXEC.c **** *   None
 333:.\Generated_Source\PSoC5/isr_CLU_EXEC.c **** *
 334:.\Generated_Source\PSoC5/isr_CLU_EXEC.c **** *******************************************************************************/
 335:.\Generated_Source\PSoC5/isr_CLU_EXEC.c **** void isr_CLU_EXEC_SetPending(void)
 336:.\Generated_Source\PSoC5/isr_CLU_EXEC.c **** {
 432              		.loc 1 336 0
 433              		.cfi_startproc
 434              		@ args = 0, pretend = 0, frame = 0
 435              		@ frame_needed = 1, uses_anonymous_args = 0
 436              		@ link register save eliminated.
 437 0000 80B4     		push	{r7}
 438              	.LCFI27:
 439              		.cfi_def_cfa_offset 4
 440              		.cfi_offset 7, -4
 441 0002 00AF     		add	r7, sp, #0
 442              	.LCFI28:
 443              		.cfi_def_cfa_register 7
 337:.\Generated_Source\PSoC5/isr_CLU_EXEC.c ****     *isr_CLU_EXEC_INTC_SET_PD = isr_CLU_EXEC__INTC_MASK;
 444              		.loc 1 337 0
 445 0004 4FF46243 		mov	r3, #57856
 446 0008 CEF20003 		movt	r3, 57344
 447 000c 4FF00802 		mov	r2, #8
 448 0010 1A60     		str	r2, [r3, #0]
 338:.\Generated_Source\PSoC5/isr_CLU_EXEC.c **** }
 449              		.loc 1 338 0
 450 0012 BD46     		mov	sp, r7
 451 0014 80BC     		pop	{r7}
 452 0016 7047     		bx	lr
 453              		.cfi_endproc
 454              	.LFE11:
 455              		.size	isr_CLU_EXEC_SetPending, .-isr_CLU_EXEC_SetPending
 456              		.section	.text.isr_CLU_EXEC_ClearPending,"ax",%progbits
 457              		.align	2
 458              		.global	isr_CLU_EXEC_ClearPending
 459              		.thumb
 460              		.thumb_func
ARM GAS  C:\Users\gravi\AppData\Local\Temp\ccQRbHGh.s 			page 15


 461              		.type	isr_CLU_EXEC_ClearPending, %function
 462              	isr_CLU_EXEC_ClearPending:
 463              	.LFB12:
 339:.\Generated_Source\PSoC5/isr_CLU_EXEC.c **** 
 340:.\Generated_Source\PSoC5/isr_CLU_EXEC.c **** 
 341:.\Generated_Source\PSoC5/isr_CLU_EXEC.c **** /*******************************************************************************
 342:.\Generated_Source\PSoC5/isr_CLU_EXEC.c **** * Function Name: isr_CLU_EXEC_ClearPending
 343:.\Generated_Source\PSoC5/isr_CLU_EXEC.c **** ********************************************************************************
 344:.\Generated_Source\PSoC5/isr_CLU_EXEC.c **** *
 345:.\Generated_Source\PSoC5/isr_CLU_EXEC.c **** * Summary:
 346:.\Generated_Source\PSoC5/isr_CLU_EXEC.c **** *   Clears a pending interrupt.
 347:.\Generated_Source\PSoC5/isr_CLU_EXEC.c **** *
 348:.\Generated_Source\PSoC5/isr_CLU_EXEC.c **** * Parameters:
 349:.\Generated_Source\PSoC5/isr_CLU_EXEC.c **** *   None
 350:.\Generated_Source\PSoC5/isr_CLU_EXEC.c **** *
 351:.\Generated_Source\PSoC5/isr_CLU_EXEC.c **** * Return:
 352:.\Generated_Source\PSoC5/isr_CLU_EXEC.c **** *   None
 353:.\Generated_Source\PSoC5/isr_CLU_EXEC.c **** *
 354:.\Generated_Source\PSoC5/isr_CLU_EXEC.c **** *******************************************************************************/
 355:.\Generated_Source\PSoC5/isr_CLU_EXEC.c **** void isr_CLU_EXEC_ClearPending(void)
 356:.\Generated_Source\PSoC5/isr_CLU_EXEC.c **** {
 464              		.loc 1 356 0
 465              		.cfi_startproc
 466              		@ args = 0, pretend = 0, frame = 0
 467              		@ frame_needed = 1, uses_anonymous_args = 0
 468              		@ link register save eliminated.
 469 0000 80B4     		push	{r7}
 470              	.LCFI29:
 471              		.cfi_def_cfa_offset 4
 472              		.cfi_offset 7, -4
 473 0002 00AF     		add	r7, sp, #0
 474              	.LCFI30:
 475              		.cfi_def_cfa_register 7
 357:.\Generated_Source\PSoC5/isr_CLU_EXEC.c ****     *isr_CLU_EXEC_INTC_CLR_PD = isr_CLU_EXEC__INTC_MASK;
 476              		.loc 1 357 0
 477 0004 4EF28023 		movw	r3, #57984
 478 0008 CEF20003 		movt	r3, 57344
 479 000c 4FF00802 		mov	r2, #8
 480 0010 1A60     		str	r2, [r3, #0]
 358:.\Generated_Source\PSoC5/isr_CLU_EXEC.c **** }
 481              		.loc 1 358 0
 482 0012 BD46     		mov	sp, r7
 483 0014 80BC     		pop	{r7}
 484 0016 7047     		bx	lr
 485              		.cfi_endproc
 486              	.LFE12:
 487              		.size	isr_CLU_EXEC_ClearPending, .-isr_CLU_EXEC_ClearPending
 488              		.text
 489              	.Letext0:
 490              		.file 2 "./Generated_Source/PSoC5/cytypes.h"
 491              		.section	.debug_info,"",%progbits
 492              	.Ldebug_info0:
 493 0000 74020000 		.4byte	0x274
 494 0004 0200     		.2byte	0x2
 495 0006 00000000 		.4byte	.Ldebug_abbrev0
 496 000a 04       		.byte	0x4
 497 000b 01       		.uleb128 0x1
ARM GAS  C:\Users\gravi\AppData\Local\Temp\ccQRbHGh.s 			page 16


 498 000c 33020000 		.4byte	.LASF33
 499 0010 01       		.byte	0x1
 500 0011 EC010000 		.4byte	.LASF34
 501 0015 1D000000 		.4byte	.LASF35
 502 0019 00000000 		.4byte	.Ldebug_ranges0+0
 503 001d 00000000 		.4byte	0
 504 0021 00000000 		.4byte	0
 505 0025 00000000 		.4byte	.Ldebug_line0
 506 0029 02       		.uleb128 0x2
 507 002a 01       		.byte	0x1
 508 002b 06       		.byte	0x6
 509 002c 85020000 		.4byte	.LASF0
 510 0030 02       		.uleb128 0x2
 511 0031 01       		.byte	0x1
 512 0032 08       		.byte	0x8
 513 0033 C6000000 		.4byte	.LASF1
 514 0037 02       		.uleb128 0x2
 515 0038 02       		.byte	0x2
 516 0039 05       		.byte	0x5
 517 003a 14020000 		.4byte	.LASF2
 518 003e 02       		.uleb128 0x2
 519 003f 02       		.byte	0x2
 520 0040 07       		.byte	0x7
 521 0041 64000000 		.4byte	.LASF3
 522 0045 03       		.uleb128 0x3
 523 0046 04       		.byte	0x4
 524 0047 05       		.byte	0x5
 525 0048 696E7400 		.ascii	"int\000"
 526 004c 02       		.uleb128 0x2
 527 004d 04       		.byte	0x4
 528 004e 07       		.byte	0x7
 529 004f 49010000 		.4byte	.LASF4
 530 0053 02       		.uleb128 0x2
 531 0054 08       		.byte	0x8
 532 0055 05       		.byte	0x5
 533 0056 CA010000 		.4byte	.LASF5
 534 005a 02       		.uleb128 0x2
 535 005b 08       		.byte	0x8
 536 005c 07       		.byte	0x7
 537 005d 77010000 		.4byte	.LASF6
 538 0061 02       		.uleb128 0x2
 539 0062 04       		.byte	0x4
 540 0063 05       		.byte	0x5
 541 0064 7C020000 		.4byte	.LASF7
 542 0068 02       		.uleb128 0x2
 543 0069 04       		.byte	0x4
 544 006a 07       		.byte	0x7
 545 006b C1010000 		.4byte	.LASF8
 546 006f 02       		.uleb128 0x2
 547 0070 04       		.byte	0x4
 548 0071 07       		.byte	0x7
 549 0072 EC000000 		.4byte	.LASF9
 550 0076 04       		.uleb128 0x4
 551 0077 01       		.byte	0x1
 552 0078 05       		.uleb128 0x5
 553 0079 04       		.byte	0x4
 554 007a 76000000 		.4byte	0x76
ARM GAS  C:\Users\gravi\AppData\Local\Temp\ccQRbHGh.s 			page 17


 555 007e 02       		.uleb128 0x2
 556 007f 01       		.byte	0x1
 557 0080 08       		.byte	0x8
 558 0081 D8010000 		.4byte	.LASF10
 559 0085 06       		.uleb128 0x6
 560 0086 FE000000 		.4byte	.LASF11
 561 008a 02       		.byte	0x2
 562 008b 5B       		.byte	0x5b
 563 008c 30000000 		.4byte	0x30
 564 0090 06       		.uleb128 0x6
 565 0091 42010000 		.4byte	.LASF12
 566 0095 02       		.byte	0x2
 567 0096 5D       		.byte	0x5d
 568 0097 6F000000 		.4byte	0x6f
 569 009b 02       		.uleb128 0x2
 570 009c 04       		.byte	0x4
 571 009d 04       		.byte	0x4
 572 009e A7000000 		.4byte	.LASF13
 573 00a2 02       		.uleb128 0x2
 574 00a3 08       		.byte	0x8
 575 00a4 04       		.byte	0x4
 576 00a5 3B010000 		.4byte	.LASF14
 577 00a9 06       		.uleb128 0x6
 578 00aa D4000000 		.4byte	.LASF15
 579 00ae 02       		.byte	0x2
 580 00af F0       		.byte	0xf0
 581 00b0 B4000000 		.4byte	0xb4
 582 00b4 07       		.uleb128 0x7
 583 00b5 85000000 		.4byte	0x85
 584 00b9 06       		.uleb128 0x6
 585 00ba 00000000 		.4byte	.LASF16
 586 00be 02       		.byte	0x2
 587 00bf F2       		.byte	0xf2
 588 00c0 C4000000 		.4byte	0xc4
 589 00c4 07       		.uleb128 0x7
 590 00c5 90000000 		.4byte	0x90
 591 00c9 08       		.uleb128 0x8
 592 00ca 8E010000 		.4byte	.LASF17
 593 00ce 02       		.byte	0x2
 594 00cf 0201     		.2byte	0x102
 595 00d1 78000000 		.4byte	0x78
 596 00d5 09       		.uleb128 0x9
 597 00d6 01       		.byte	0x1
 598 00d7 D9000000 		.4byte	.LASF18
 599 00db 01       		.byte	0x1
 600 00dc 3B       		.byte	0x3b
 601 00dd 01       		.byte	0x1
 602 00de 00000000 		.4byte	.LFB0
 603 00e2 22000000 		.4byte	.LFE0
 604 00e6 00000000 		.4byte	.LLST0
 605 00ea 01       		.byte	0x1
 606 00eb 0A       		.uleb128 0xa
 607 00ec 01       		.byte	0x1
 608 00ed 1E020000 		.4byte	.LASF21
 609 00f1 01       		.byte	0x1
 610 00f2 59       		.byte	0x59
 611 00f3 01       		.byte	0x1
ARM GAS  C:\Users\gravi\AppData\Local\Temp\ccQRbHGh.s 			page 18


 612 00f4 00000000 		.4byte	.LFB1
 613 00f8 26000000 		.4byte	.LFE1
 614 00fc 2C000000 		.4byte	.LLST1
 615 0100 01       		.byte	0x1
 616 0101 14010000 		.4byte	0x114
 617 0105 0B       		.uleb128 0xb
 618 0106 6F010000 		.4byte	.LASF23
 619 010a 01       		.byte	0x1
 620 010b 59       		.byte	0x59
 621 010c C9000000 		.4byte	0xc9
 622 0110 02       		.byte	0x2
 623 0111 91       		.byte	0x91
 624 0112 74       		.sleb128 -12
 625 0113 00       		.byte	0
 626 0114 09       		.uleb128 0x9
 627 0115 01       		.byte	0x1
 628 0116 AF010000 		.4byte	.LASF19
 629 011a 01       		.byte	0x1
 630 011b 76       		.byte	0x76
 631 011c 01       		.byte	0x1
 632 011d 00000000 		.4byte	.LFB2
 633 0121 16000000 		.4byte	.LFE2
 634 0125 64000000 		.4byte	.LLST2
 635 0129 01       		.byte	0x1
 636 012a 09       		.uleb128 0x9
 637 012b 01       		.byte	0x1
 638 012c 24010000 		.4byte	.LASF20
 639 0130 01       		.byte	0x1
 640 0131 90       		.byte	0x90
 641 0132 01       		.byte	0x1
 642 0133 00000000 		.4byte	.LFB3
 643 0137 0E000000 		.4byte	.LFE3
 644 013b 90000000 		.4byte	.LLST3
 645 013f 01       		.byte	0x1
 646 0140 0C       		.uleb128 0xc
 647 0141 01       		.byte	0x1
 648 0142 06000000 		.4byte	.LASF22
 649 0146 01       		.byte	0x1
 650 0147 AE       		.byte	0xae
 651 0148 01       		.byte	0x1
 652 0149 00000000 		.4byte	.LFB4
 653 014d 28000000 		.4byte	.LFE4
 654 0151 BC000000 		.4byte	.LLST4
 655 0155 01       		.byte	0x1
 656 0156 77010000 		.4byte	0x177
 657 015a 0B       		.uleb128 0xb
 658 015b 6F010000 		.4byte	.LASF23
 659 015f 01       		.byte	0x1
 660 0160 AE       		.byte	0xae
 661 0161 C9000000 		.4byte	0xc9
 662 0165 02       		.byte	0x2
 663 0166 91       		.byte	0x91
 664 0167 6C       		.sleb128 -20
 665 0168 0D       		.uleb128 0xd
 666 0169 DD010000 		.4byte	.LASF24
 667 016d 01       		.byte	0x1
 668 016e B0       		.byte	0xb0
ARM GAS  C:\Users\gravi\AppData\Local\Temp\ccQRbHGh.s 			page 19


 669 016f 77010000 		.4byte	0x177
 670 0173 02       		.byte	0x2
 671 0174 91       		.byte	0x91
 672 0175 74       		.sleb128 -12
 673 0176 00       		.byte	0
 674 0177 05       		.uleb128 0x5
 675 0178 04       		.byte	0x4
 676 0179 C9000000 		.4byte	0xc9
 677 017d 0E       		.uleb128 0xe
 678 017e 01       		.byte	0x1
 679 017f 04010000 		.4byte	.LASF27
 680 0183 01       		.byte	0x1
 681 0184 C6       		.byte	0xc6
 682 0185 01       		.byte	0x1
 683 0186 C9000000 		.4byte	0xc9
 684 018a 00000000 		.4byte	.LFB5
 685 018e 22000000 		.4byte	.LFE5
 686 0192 F4000000 		.4byte	.LLST5
 687 0196 01       		.byte	0x1
 688 0197 AA010000 		.4byte	0x1aa
 689 019b 0D       		.uleb128 0xd
 690 019c DD010000 		.4byte	.LASF24
 691 01a0 01       		.byte	0x1
 692 01a1 C8       		.byte	0xc8
 693 01a2 77010000 		.4byte	0x177
 694 01a6 02       		.byte	0x2
 695 01a7 91       		.byte	0x91
 696 01a8 74       		.sleb128 -12
 697 01a9 00       		.byte	0
 698 01aa 0C       		.uleb128 0xc
 699 01ab 01       		.byte	0x1
 700 01ac 56010000 		.4byte	.LASF25
 701 01b0 01       		.byte	0x1
 702 01b1 E2       		.byte	0xe2
 703 01b2 01       		.byte	0x1
 704 01b3 00000000 		.4byte	.LFB6
 705 01b7 26000000 		.4byte	.LFE6
 706 01bb 2C010000 		.4byte	.LLST6
 707 01bf 01       		.byte	0x1
 708 01c0 D3010000 		.4byte	0x1d3
 709 01c4 0B       		.uleb128 0xb
 710 01c5 1B010000 		.4byte	.LASF26
 711 01c9 01       		.byte	0x1
 712 01ca E2       		.byte	0xe2
 713 01cb 85000000 		.4byte	0x85
 714 01cf 02       		.byte	0x2
 715 01d0 91       		.byte	0x91
 716 01d1 77       		.sleb128 -9
 717 01d2 00       		.byte	0
 718 01d3 0E       		.uleb128 0xe
 719 01d4 01       		.byte	0x1
 720 01d5 AD000000 		.4byte	.LASF28
 721 01d9 01       		.byte	0x1
 722 01da F6       		.byte	0xf6
 723 01db 01       		.byte	0x1
 724 01dc 85000000 		.4byte	0x85
 725 01e0 00000000 		.4byte	.LFB7
ARM GAS  C:\Users\gravi\AppData\Local\Temp\ccQRbHGh.s 			page 20


 726 01e4 26000000 		.4byte	.LFE7
 727 01e8 64010000 		.4byte	.LLST7
 728 01ec 01       		.byte	0x1
 729 01ed 00020000 		.4byte	0x200
 730 01f1 0D       		.uleb128 0xd
 731 01f2 1B010000 		.4byte	.LASF26
 732 01f6 01       		.byte	0x1
 733 01f7 F8       		.byte	0xf8
 734 01f8 85000000 		.4byte	0x85
 735 01fc 02       		.byte	0x2
 736 01fd 91       		.byte	0x91
 737 01fe 77       		.sleb128 -9
 738 01ff 00       		.byte	0
 739 0200 0F       		.uleb128 0xf
 740 0201 01       		.byte	0x1
 741 0202 9B010000 		.4byte	.LASF29
 742 0206 01       		.byte	0x1
 743 0207 0F01     		.2byte	0x10f
 744 0209 01       		.byte	0x1
 745 020a 00000000 		.4byte	.LFB8
 746 020e 18000000 		.4byte	.LFE8
 747 0212 9C010000 		.4byte	.LLST8
 748 0216 01       		.byte	0x1
 749 0217 10       		.uleb128 0x10
 750 0218 01       		.byte	0x1
 751 0219 77000000 		.4byte	.LASF36
 752 021d 01       		.byte	0x1
 753 021e 2401     		.2byte	0x124
 754 0220 01       		.byte	0x1
 755 0221 85000000 		.4byte	0x85
 756 0225 00000000 		.4byte	.LFB9
 757 0229 28000000 		.4byte	.LFE9
 758 022d C8010000 		.4byte	.LLST9
 759 0231 01       		.byte	0x1
 760 0232 0F       		.uleb128 0xf
 761 0233 01       		.byte	0x1
 762 0234 91020000 		.4byte	.LASF30
 763 0238 01       		.byte	0x1
 764 0239 3901     		.2byte	0x139
 765 023b 01       		.byte	0x1
 766 023c 00000000 		.4byte	.LFB10
 767 0240 18000000 		.4byte	.LFE10
 768 0244 F4010000 		.4byte	.LLST10
 769 0248 01       		.byte	0x1
 770 0249 0F       		.uleb128 0xf
 771 024a 01       		.byte	0x1
 772 024b 4C000000 		.4byte	.LASF31
 773 024f 01       		.byte	0x1
 774 0250 4F01     		.2byte	0x14f
 775 0252 01       		.byte	0x1
 776 0253 00000000 		.4byte	.LFB11
 777 0257 18000000 		.4byte	.LFE11
 778 025b 20020000 		.4byte	.LLST11
 779 025f 01       		.byte	0x1
 780 0260 0F       		.uleb128 0xf
 781 0261 01       		.byte	0x1
 782 0262 8D000000 		.4byte	.LASF32
ARM GAS  C:\Users\gravi\AppData\Local\Temp\ccQRbHGh.s 			page 21


 783 0266 01       		.byte	0x1
 784 0267 6301     		.2byte	0x163
 785 0269 01       		.byte	0x1
 786 026a 00000000 		.4byte	.LFB12
 787 026e 18000000 		.4byte	.LFE12
 788 0272 4C020000 		.4byte	.LLST12
 789 0276 01       		.byte	0x1
 790 0277 00       		.byte	0
 791              		.section	.debug_abbrev,"",%progbits
 792              	.Ldebug_abbrev0:
 793 0000 01       		.uleb128 0x1
 794 0001 11       		.uleb128 0x11
 795 0002 01       		.byte	0x1
 796 0003 25       		.uleb128 0x25
 797 0004 0E       		.uleb128 0xe
 798 0005 13       		.uleb128 0x13
 799 0006 0B       		.uleb128 0xb
 800 0007 03       		.uleb128 0x3
 801 0008 0E       		.uleb128 0xe
 802 0009 1B       		.uleb128 0x1b
 803 000a 0E       		.uleb128 0xe
 804 000b 55       		.uleb128 0x55
 805 000c 06       		.uleb128 0x6
 806 000d 11       		.uleb128 0x11
 807 000e 01       		.uleb128 0x1
 808 000f 52       		.uleb128 0x52
 809 0010 01       		.uleb128 0x1
 810 0011 10       		.uleb128 0x10
 811 0012 06       		.uleb128 0x6
 812 0013 00       		.byte	0
 813 0014 00       		.byte	0
 814 0015 02       		.uleb128 0x2
 815 0016 24       		.uleb128 0x24
 816 0017 00       		.byte	0
 817 0018 0B       		.uleb128 0xb
 818 0019 0B       		.uleb128 0xb
 819 001a 3E       		.uleb128 0x3e
 820 001b 0B       		.uleb128 0xb
 821 001c 03       		.uleb128 0x3
 822 001d 0E       		.uleb128 0xe
 823 001e 00       		.byte	0
 824 001f 00       		.byte	0
 825 0020 03       		.uleb128 0x3
 826 0021 24       		.uleb128 0x24
 827 0022 00       		.byte	0
 828 0023 0B       		.uleb128 0xb
 829 0024 0B       		.uleb128 0xb
 830 0025 3E       		.uleb128 0x3e
 831 0026 0B       		.uleb128 0xb
 832 0027 03       		.uleb128 0x3
 833 0028 08       		.uleb128 0x8
 834 0029 00       		.byte	0
 835 002a 00       		.byte	0
 836 002b 04       		.uleb128 0x4
 837 002c 15       		.uleb128 0x15
 838 002d 00       		.byte	0
 839 002e 27       		.uleb128 0x27
ARM GAS  C:\Users\gravi\AppData\Local\Temp\ccQRbHGh.s 			page 22


 840 002f 0C       		.uleb128 0xc
 841 0030 00       		.byte	0
 842 0031 00       		.byte	0
 843 0032 05       		.uleb128 0x5
 844 0033 0F       		.uleb128 0xf
 845 0034 00       		.byte	0
 846 0035 0B       		.uleb128 0xb
 847 0036 0B       		.uleb128 0xb
 848 0037 49       		.uleb128 0x49
 849 0038 13       		.uleb128 0x13
 850 0039 00       		.byte	0
 851 003a 00       		.byte	0
 852 003b 06       		.uleb128 0x6
 853 003c 16       		.uleb128 0x16
 854 003d 00       		.byte	0
 855 003e 03       		.uleb128 0x3
 856 003f 0E       		.uleb128 0xe
 857 0040 3A       		.uleb128 0x3a
 858 0041 0B       		.uleb128 0xb
 859 0042 3B       		.uleb128 0x3b
 860 0043 0B       		.uleb128 0xb
 861 0044 49       		.uleb128 0x49
 862 0045 13       		.uleb128 0x13
 863 0046 00       		.byte	0
 864 0047 00       		.byte	0
 865 0048 07       		.uleb128 0x7
 866 0049 35       		.uleb128 0x35
 867 004a 00       		.byte	0
 868 004b 49       		.uleb128 0x49
 869 004c 13       		.uleb128 0x13
 870 004d 00       		.byte	0
 871 004e 00       		.byte	0
 872 004f 08       		.uleb128 0x8
 873 0050 16       		.uleb128 0x16
 874 0051 00       		.byte	0
 875 0052 03       		.uleb128 0x3
 876 0053 0E       		.uleb128 0xe
 877 0054 3A       		.uleb128 0x3a
 878 0055 0B       		.uleb128 0xb
 879 0056 3B       		.uleb128 0x3b
 880 0057 05       		.uleb128 0x5
 881 0058 49       		.uleb128 0x49
 882 0059 13       		.uleb128 0x13
 883 005a 00       		.byte	0
 884 005b 00       		.byte	0
 885 005c 09       		.uleb128 0x9
 886 005d 2E       		.uleb128 0x2e
 887 005e 00       		.byte	0
 888 005f 3F       		.uleb128 0x3f
 889 0060 0C       		.uleb128 0xc
 890 0061 03       		.uleb128 0x3
 891 0062 0E       		.uleb128 0xe
 892 0063 3A       		.uleb128 0x3a
 893 0064 0B       		.uleb128 0xb
 894 0065 3B       		.uleb128 0x3b
 895 0066 0B       		.uleb128 0xb
 896 0067 27       		.uleb128 0x27
ARM GAS  C:\Users\gravi\AppData\Local\Temp\ccQRbHGh.s 			page 23


 897 0068 0C       		.uleb128 0xc
 898 0069 11       		.uleb128 0x11
 899 006a 01       		.uleb128 0x1
 900 006b 12       		.uleb128 0x12
 901 006c 01       		.uleb128 0x1
 902 006d 40       		.uleb128 0x40
 903 006e 06       		.uleb128 0x6
 904 006f 9642     		.uleb128 0x2116
 905 0071 0C       		.uleb128 0xc
 906 0072 00       		.byte	0
 907 0073 00       		.byte	0
 908 0074 0A       		.uleb128 0xa
 909 0075 2E       		.uleb128 0x2e
 910 0076 01       		.byte	0x1
 911 0077 3F       		.uleb128 0x3f
 912 0078 0C       		.uleb128 0xc
 913 0079 03       		.uleb128 0x3
 914 007a 0E       		.uleb128 0xe
 915 007b 3A       		.uleb128 0x3a
 916 007c 0B       		.uleb128 0xb
 917 007d 3B       		.uleb128 0x3b
 918 007e 0B       		.uleb128 0xb
 919 007f 27       		.uleb128 0x27
 920 0080 0C       		.uleb128 0xc
 921 0081 11       		.uleb128 0x11
 922 0082 01       		.uleb128 0x1
 923 0083 12       		.uleb128 0x12
 924 0084 01       		.uleb128 0x1
 925 0085 40       		.uleb128 0x40
 926 0086 06       		.uleb128 0x6
 927 0087 9642     		.uleb128 0x2116
 928 0089 0C       		.uleb128 0xc
 929 008a 01       		.uleb128 0x1
 930 008b 13       		.uleb128 0x13
 931 008c 00       		.byte	0
 932 008d 00       		.byte	0
 933 008e 0B       		.uleb128 0xb
 934 008f 05       		.uleb128 0x5
 935 0090 00       		.byte	0
 936 0091 03       		.uleb128 0x3
 937 0092 0E       		.uleb128 0xe
 938 0093 3A       		.uleb128 0x3a
 939 0094 0B       		.uleb128 0xb
 940 0095 3B       		.uleb128 0x3b
 941 0096 0B       		.uleb128 0xb
 942 0097 49       		.uleb128 0x49
 943 0098 13       		.uleb128 0x13
 944 0099 02       		.uleb128 0x2
 945 009a 0A       		.uleb128 0xa
 946 009b 00       		.byte	0
 947 009c 00       		.byte	0
 948 009d 0C       		.uleb128 0xc
 949 009e 2E       		.uleb128 0x2e
 950 009f 01       		.byte	0x1
 951 00a0 3F       		.uleb128 0x3f
 952 00a1 0C       		.uleb128 0xc
 953 00a2 03       		.uleb128 0x3
ARM GAS  C:\Users\gravi\AppData\Local\Temp\ccQRbHGh.s 			page 24


 954 00a3 0E       		.uleb128 0xe
 955 00a4 3A       		.uleb128 0x3a
 956 00a5 0B       		.uleb128 0xb
 957 00a6 3B       		.uleb128 0x3b
 958 00a7 0B       		.uleb128 0xb
 959 00a8 27       		.uleb128 0x27
 960 00a9 0C       		.uleb128 0xc
 961 00aa 11       		.uleb128 0x11
 962 00ab 01       		.uleb128 0x1
 963 00ac 12       		.uleb128 0x12
 964 00ad 01       		.uleb128 0x1
 965 00ae 40       		.uleb128 0x40
 966 00af 06       		.uleb128 0x6
 967 00b0 9742     		.uleb128 0x2117
 968 00b2 0C       		.uleb128 0xc
 969 00b3 01       		.uleb128 0x1
 970 00b4 13       		.uleb128 0x13
 971 00b5 00       		.byte	0
 972 00b6 00       		.byte	0
 973 00b7 0D       		.uleb128 0xd
 974 00b8 34       		.uleb128 0x34
 975 00b9 00       		.byte	0
 976 00ba 03       		.uleb128 0x3
 977 00bb 0E       		.uleb128 0xe
 978 00bc 3A       		.uleb128 0x3a
 979 00bd 0B       		.uleb128 0xb
 980 00be 3B       		.uleb128 0x3b
 981 00bf 0B       		.uleb128 0xb
 982 00c0 49       		.uleb128 0x49
 983 00c1 13       		.uleb128 0x13
 984 00c2 02       		.uleb128 0x2
 985 00c3 0A       		.uleb128 0xa
 986 00c4 00       		.byte	0
 987 00c5 00       		.byte	0
 988 00c6 0E       		.uleb128 0xe
 989 00c7 2E       		.uleb128 0x2e
 990 00c8 01       		.byte	0x1
 991 00c9 3F       		.uleb128 0x3f
 992 00ca 0C       		.uleb128 0xc
 993 00cb 03       		.uleb128 0x3
 994 00cc 0E       		.uleb128 0xe
 995 00cd 3A       		.uleb128 0x3a
 996 00ce 0B       		.uleb128 0xb
 997 00cf 3B       		.uleb128 0x3b
 998 00d0 0B       		.uleb128 0xb
 999 00d1 27       		.uleb128 0x27
 1000 00d2 0C       		.uleb128 0xc
 1001 00d3 49       		.uleb128 0x49
 1002 00d4 13       		.uleb128 0x13
 1003 00d5 11       		.uleb128 0x11
 1004 00d6 01       		.uleb128 0x1
 1005 00d7 12       		.uleb128 0x12
 1006 00d8 01       		.uleb128 0x1
 1007 00d9 40       		.uleb128 0x40
 1008 00da 06       		.uleb128 0x6
 1009 00db 9742     		.uleb128 0x2117
 1010 00dd 0C       		.uleb128 0xc
ARM GAS  C:\Users\gravi\AppData\Local\Temp\ccQRbHGh.s 			page 25


 1011 00de 01       		.uleb128 0x1
 1012 00df 13       		.uleb128 0x13
 1013 00e0 00       		.byte	0
 1014 00e1 00       		.byte	0
 1015 00e2 0F       		.uleb128 0xf
 1016 00e3 2E       		.uleb128 0x2e
 1017 00e4 00       		.byte	0
 1018 00e5 3F       		.uleb128 0x3f
 1019 00e6 0C       		.uleb128 0xc
 1020 00e7 03       		.uleb128 0x3
 1021 00e8 0E       		.uleb128 0xe
 1022 00e9 3A       		.uleb128 0x3a
 1023 00ea 0B       		.uleb128 0xb
 1024 00eb 3B       		.uleb128 0x3b
 1025 00ec 05       		.uleb128 0x5
 1026 00ed 27       		.uleb128 0x27
 1027 00ee 0C       		.uleb128 0xc
 1028 00ef 11       		.uleb128 0x11
 1029 00f0 01       		.uleb128 0x1
 1030 00f1 12       		.uleb128 0x12
 1031 00f2 01       		.uleb128 0x1
 1032 00f3 40       		.uleb128 0x40
 1033 00f4 06       		.uleb128 0x6
 1034 00f5 9742     		.uleb128 0x2117
 1035 00f7 0C       		.uleb128 0xc
 1036 00f8 00       		.byte	0
 1037 00f9 00       		.byte	0
 1038 00fa 10       		.uleb128 0x10
 1039 00fb 2E       		.uleb128 0x2e
 1040 00fc 00       		.byte	0
 1041 00fd 3F       		.uleb128 0x3f
 1042 00fe 0C       		.uleb128 0xc
 1043 00ff 03       		.uleb128 0x3
 1044 0100 0E       		.uleb128 0xe
 1045 0101 3A       		.uleb128 0x3a
 1046 0102 0B       		.uleb128 0xb
 1047 0103 3B       		.uleb128 0x3b
 1048 0104 05       		.uleb128 0x5
 1049 0105 27       		.uleb128 0x27
 1050 0106 0C       		.uleb128 0xc
 1051 0107 49       		.uleb128 0x49
 1052 0108 13       		.uleb128 0x13
 1053 0109 11       		.uleb128 0x11
 1054 010a 01       		.uleb128 0x1
 1055 010b 12       		.uleb128 0x12
 1056 010c 01       		.uleb128 0x1
 1057 010d 40       		.uleb128 0x40
 1058 010e 06       		.uleb128 0x6
 1059 010f 9742     		.uleb128 0x2117
 1060 0111 0C       		.uleb128 0xc
 1061 0112 00       		.byte	0
 1062 0113 00       		.byte	0
 1063 0114 00       		.byte	0
 1064              		.section	.debug_loc,"",%progbits
 1065              	.Ldebug_loc0:
 1066              	.LLST0:
 1067 0000 00000000 		.4byte	.LFB0
ARM GAS  C:\Users\gravi\AppData\Local\Temp\ccQRbHGh.s 			page 26


 1068 0004 02000000 		.4byte	.LCFI0
 1069 0008 0200     		.2byte	0x2
 1070 000a 7D       		.byte	0x7d
 1071 000b 00       		.sleb128 0
 1072 000c 02000000 		.4byte	.LCFI0
 1073 0010 04000000 		.4byte	.LCFI1
 1074 0014 0200     		.2byte	0x2
 1075 0016 7D       		.byte	0x7d
 1076 0017 08       		.sleb128 8
 1077 0018 04000000 		.4byte	.LCFI1
 1078 001c 22000000 		.4byte	.LFE0
 1079 0020 0200     		.2byte	0x2
 1080 0022 77       		.byte	0x77
 1081 0023 08       		.sleb128 8
 1082 0024 00000000 		.4byte	0
 1083 0028 00000000 		.4byte	0
 1084              	.LLST1:
 1085 002c 00000000 		.4byte	.LFB1
 1086 0030 02000000 		.4byte	.LCFI2
 1087 0034 0200     		.2byte	0x2
 1088 0036 7D       		.byte	0x7d
 1089 0037 00       		.sleb128 0
 1090 0038 02000000 		.4byte	.LCFI2
 1091 003c 04000000 		.4byte	.LCFI3
 1092 0040 0200     		.2byte	0x2
 1093 0042 7D       		.byte	0x7d
 1094 0043 08       		.sleb128 8
 1095 0044 04000000 		.4byte	.LCFI3
 1096 0048 06000000 		.4byte	.LCFI4
 1097 004c 0200     		.2byte	0x2
 1098 004e 7D       		.byte	0x7d
 1099 004f 10       		.sleb128 16
 1100 0050 06000000 		.4byte	.LCFI4
 1101 0054 26000000 		.4byte	.LFE1
 1102 0058 0200     		.2byte	0x2
 1103 005a 77       		.byte	0x77
 1104 005b 10       		.sleb128 16
 1105 005c 00000000 		.4byte	0
 1106 0060 00000000 		.4byte	0
 1107              	.LLST2:
 1108 0064 00000000 		.4byte	.LFB2
 1109 0068 02000000 		.4byte	.LCFI5
 1110 006c 0200     		.2byte	0x2
 1111 006e 7D       		.byte	0x7d
 1112 006f 00       		.sleb128 0
 1113 0070 02000000 		.4byte	.LCFI5
 1114 0074 04000000 		.4byte	.LCFI6
 1115 0078 0200     		.2byte	0x2
 1116 007a 7D       		.byte	0x7d
 1117 007b 08       		.sleb128 8
 1118 007c 04000000 		.4byte	.LCFI6
 1119 0080 16000000 		.4byte	.LFE2
 1120 0084 0200     		.2byte	0x2
 1121 0086 77       		.byte	0x77
 1122 0087 08       		.sleb128 8
 1123 0088 00000000 		.4byte	0
 1124 008c 00000000 		.4byte	0
ARM GAS  C:\Users\gravi\AppData\Local\Temp\ccQRbHGh.s 			page 27


 1125              	.LLST3:
 1126 0090 00000000 		.4byte	.LFB3
 1127 0094 02000000 		.4byte	.LCFI7
 1128 0098 0200     		.2byte	0x2
 1129 009a 7D       		.byte	0x7d
 1130 009b 00       		.sleb128 0
 1131 009c 02000000 		.4byte	.LCFI7
 1132 00a0 04000000 		.4byte	.LCFI8
 1133 00a4 0200     		.2byte	0x2
 1134 00a6 7D       		.byte	0x7d
 1135 00a7 08       		.sleb128 8
 1136 00a8 04000000 		.4byte	.LCFI8
 1137 00ac 0E000000 		.4byte	.LFE3
 1138 00b0 0200     		.2byte	0x2
 1139 00b2 77       		.byte	0x77
 1140 00b3 08       		.sleb128 8
 1141 00b4 00000000 		.4byte	0
 1142 00b8 00000000 		.4byte	0
 1143              	.LLST4:
 1144 00bc 00000000 		.4byte	.LFB4
 1145 00c0 02000000 		.4byte	.LCFI9
 1146 00c4 0200     		.2byte	0x2
 1147 00c6 7D       		.byte	0x7d
 1148 00c7 00       		.sleb128 0
 1149 00c8 02000000 		.4byte	.LCFI9
 1150 00cc 04000000 		.4byte	.LCFI10
 1151 00d0 0200     		.2byte	0x2
 1152 00d2 7D       		.byte	0x7d
 1153 00d3 04       		.sleb128 4
 1154 00d4 04000000 		.4byte	.LCFI10
 1155 00d8 06000000 		.4byte	.LCFI11
 1156 00dc 0200     		.2byte	0x2
 1157 00de 7D       		.byte	0x7d
 1158 00df 18       		.sleb128 24
 1159 00e0 06000000 		.4byte	.LCFI11
 1160 00e4 28000000 		.4byte	.LFE4
 1161 00e8 0200     		.2byte	0x2
 1162 00ea 77       		.byte	0x77
 1163 00eb 18       		.sleb128 24
 1164 00ec 00000000 		.4byte	0
 1165 00f0 00000000 		.4byte	0
 1166              	.LLST5:
 1167 00f4 00000000 		.4byte	.LFB5
 1168 00f8 02000000 		.4byte	.LCFI12
 1169 00fc 0200     		.2byte	0x2
 1170 00fe 7D       		.byte	0x7d
 1171 00ff 00       		.sleb128 0
 1172 0100 02000000 		.4byte	.LCFI12
 1173 0104 04000000 		.4byte	.LCFI13
 1174 0108 0200     		.2byte	0x2
 1175 010a 7D       		.byte	0x7d
 1176 010b 04       		.sleb128 4
 1177 010c 04000000 		.4byte	.LCFI13
 1178 0110 06000000 		.4byte	.LCFI14
 1179 0114 0200     		.2byte	0x2
 1180 0116 7D       		.byte	0x7d
 1181 0117 10       		.sleb128 16
ARM GAS  C:\Users\gravi\AppData\Local\Temp\ccQRbHGh.s 			page 28


 1182 0118 06000000 		.4byte	.LCFI14
 1183 011c 22000000 		.4byte	.LFE5
 1184 0120 0200     		.2byte	0x2
 1185 0122 77       		.byte	0x77
 1186 0123 10       		.sleb128 16
 1187 0124 00000000 		.4byte	0
 1188 0128 00000000 		.4byte	0
 1189              	.LLST6:
 1190 012c 00000000 		.4byte	.LFB6
 1191 0130 02000000 		.4byte	.LCFI15
 1192 0134 0200     		.2byte	0x2
 1193 0136 7D       		.byte	0x7d
 1194 0137 00       		.sleb128 0
 1195 0138 02000000 		.4byte	.LCFI15
 1196 013c 04000000 		.4byte	.LCFI16
 1197 0140 0200     		.2byte	0x2
 1198 0142 7D       		.byte	0x7d
 1199 0143 04       		.sleb128 4
 1200 0144 04000000 		.4byte	.LCFI16
 1201 0148 06000000 		.4byte	.LCFI17
 1202 014c 0200     		.2byte	0x2
 1203 014e 7D       		.byte	0x7d
 1204 014f 10       		.sleb128 16
 1205 0150 06000000 		.4byte	.LCFI17
 1206 0154 26000000 		.4byte	.LFE6
 1207 0158 0200     		.2byte	0x2
 1208 015a 77       		.byte	0x77
 1209 015b 10       		.sleb128 16
 1210 015c 00000000 		.4byte	0
 1211 0160 00000000 		.4byte	0
 1212              	.LLST7:
 1213 0164 00000000 		.4byte	.LFB7
 1214 0168 02000000 		.4byte	.LCFI18
 1215 016c 0200     		.2byte	0x2
 1216 016e 7D       		.byte	0x7d
 1217 016f 00       		.sleb128 0
 1218 0170 02000000 		.4byte	.LCFI18
 1219 0174 04000000 		.4byte	.LCFI19
 1220 0178 0200     		.2byte	0x2
 1221 017a 7D       		.byte	0x7d
 1222 017b 04       		.sleb128 4
 1223 017c 04000000 		.4byte	.LCFI19
 1224 0180 06000000 		.4byte	.LCFI20
 1225 0184 0200     		.2byte	0x2
 1226 0186 7D       		.byte	0x7d
 1227 0187 10       		.sleb128 16
 1228 0188 06000000 		.4byte	.LCFI20
 1229 018c 26000000 		.4byte	.LFE7
 1230 0190 0200     		.2byte	0x2
 1231 0192 77       		.byte	0x77
 1232 0193 10       		.sleb128 16
 1233 0194 00000000 		.4byte	0
 1234 0198 00000000 		.4byte	0
 1235              	.LLST8:
 1236 019c 00000000 		.4byte	.LFB8
 1237 01a0 02000000 		.4byte	.LCFI21
 1238 01a4 0200     		.2byte	0x2
ARM GAS  C:\Users\gravi\AppData\Local\Temp\ccQRbHGh.s 			page 29


 1239 01a6 7D       		.byte	0x7d
 1240 01a7 00       		.sleb128 0
 1241 01a8 02000000 		.4byte	.LCFI21
 1242 01ac 04000000 		.4byte	.LCFI22
 1243 01b0 0200     		.2byte	0x2
 1244 01b2 7D       		.byte	0x7d
 1245 01b3 04       		.sleb128 4
 1246 01b4 04000000 		.4byte	.LCFI22
 1247 01b8 18000000 		.4byte	.LFE8
 1248 01bc 0200     		.2byte	0x2
 1249 01be 77       		.byte	0x77
 1250 01bf 04       		.sleb128 4
 1251 01c0 00000000 		.4byte	0
 1252 01c4 00000000 		.4byte	0
 1253              	.LLST9:
 1254 01c8 00000000 		.4byte	.LFB9
 1255 01cc 02000000 		.4byte	.LCFI23
 1256 01d0 0200     		.2byte	0x2
 1257 01d2 7D       		.byte	0x7d
 1258 01d3 00       		.sleb128 0
 1259 01d4 02000000 		.4byte	.LCFI23
 1260 01d8 04000000 		.4byte	.LCFI24
 1261 01dc 0200     		.2byte	0x2
 1262 01de 7D       		.byte	0x7d
 1263 01df 04       		.sleb128 4
 1264 01e0 04000000 		.4byte	.LCFI24
 1265 01e4 28000000 		.4byte	.LFE9
 1266 01e8 0200     		.2byte	0x2
 1267 01ea 77       		.byte	0x77
 1268 01eb 04       		.sleb128 4
 1269 01ec 00000000 		.4byte	0
 1270 01f0 00000000 		.4byte	0
 1271              	.LLST10:
 1272 01f4 00000000 		.4byte	.LFB10
 1273 01f8 02000000 		.4byte	.LCFI25
 1274 01fc 0200     		.2byte	0x2
 1275 01fe 7D       		.byte	0x7d
 1276 01ff 00       		.sleb128 0
 1277 0200 02000000 		.4byte	.LCFI25
 1278 0204 04000000 		.4byte	.LCFI26
 1279 0208 0200     		.2byte	0x2
 1280 020a 7D       		.byte	0x7d
 1281 020b 04       		.sleb128 4
 1282 020c 04000000 		.4byte	.LCFI26
 1283 0210 18000000 		.4byte	.LFE10
 1284 0214 0200     		.2byte	0x2
 1285 0216 77       		.byte	0x77
 1286 0217 04       		.sleb128 4
 1287 0218 00000000 		.4byte	0
 1288 021c 00000000 		.4byte	0
 1289              	.LLST11:
 1290 0220 00000000 		.4byte	.LFB11
 1291 0224 02000000 		.4byte	.LCFI27
 1292 0228 0200     		.2byte	0x2
 1293 022a 7D       		.byte	0x7d
 1294 022b 00       		.sleb128 0
 1295 022c 02000000 		.4byte	.LCFI27
ARM GAS  C:\Users\gravi\AppData\Local\Temp\ccQRbHGh.s 			page 30


 1296 0230 04000000 		.4byte	.LCFI28
 1297 0234 0200     		.2byte	0x2
 1298 0236 7D       		.byte	0x7d
 1299 0237 04       		.sleb128 4
 1300 0238 04000000 		.4byte	.LCFI28
 1301 023c 18000000 		.4byte	.LFE11
 1302 0240 0200     		.2byte	0x2
 1303 0242 77       		.byte	0x77
 1304 0243 04       		.sleb128 4
 1305 0244 00000000 		.4byte	0
 1306 0248 00000000 		.4byte	0
 1307              	.LLST12:
 1308 024c 00000000 		.4byte	.LFB12
 1309 0250 02000000 		.4byte	.LCFI29
 1310 0254 0200     		.2byte	0x2
 1311 0256 7D       		.byte	0x7d
 1312 0257 00       		.sleb128 0
 1313 0258 02000000 		.4byte	.LCFI29
 1314 025c 04000000 		.4byte	.LCFI30
 1315 0260 0200     		.2byte	0x2
 1316 0262 7D       		.byte	0x7d
 1317 0263 04       		.sleb128 4
 1318 0264 04000000 		.4byte	.LCFI30
 1319 0268 18000000 		.4byte	.LFE12
 1320 026c 0200     		.2byte	0x2
 1321 026e 77       		.byte	0x77
 1322 026f 04       		.sleb128 4
 1323 0270 00000000 		.4byte	0
 1324 0274 00000000 		.4byte	0
 1325              		.section	.debug_aranges,"",%progbits
 1326 0000 7C000000 		.4byte	0x7c
 1327 0004 0200     		.2byte	0x2
 1328 0006 00000000 		.4byte	.Ldebug_info0
 1329 000a 04       		.byte	0x4
 1330 000b 00       		.byte	0
 1331 000c 0000     		.2byte	0
 1332 000e 0000     		.2byte	0
 1333 0010 00000000 		.4byte	.LFB0
 1334 0014 22000000 		.4byte	.LFE0-.LFB0
 1335 0018 00000000 		.4byte	.LFB1
 1336 001c 26000000 		.4byte	.LFE1-.LFB1
 1337 0020 00000000 		.4byte	.LFB2
 1338 0024 16000000 		.4byte	.LFE2-.LFB2
 1339 0028 00000000 		.4byte	.LFB3
 1340 002c 0E000000 		.4byte	.LFE3-.LFB3
 1341 0030 00000000 		.4byte	.LFB4
 1342 0034 28000000 		.4byte	.LFE4-.LFB4
 1343 0038 00000000 		.4byte	.LFB5
 1344 003c 22000000 		.4byte	.LFE5-.LFB5
 1345 0040 00000000 		.4byte	.LFB6
 1346 0044 26000000 		.4byte	.LFE6-.LFB6
 1347 0048 00000000 		.4byte	.LFB7
 1348 004c 26000000 		.4byte	.LFE7-.LFB7
 1349 0050 00000000 		.4byte	.LFB8
 1350 0054 18000000 		.4byte	.LFE8-.LFB8
 1351 0058 00000000 		.4byte	.LFB9
 1352 005c 28000000 		.4byte	.LFE9-.LFB9
ARM GAS  C:\Users\gravi\AppData\Local\Temp\ccQRbHGh.s 			page 31


 1353 0060 00000000 		.4byte	.LFB10
 1354 0064 18000000 		.4byte	.LFE10-.LFB10
 1355 0068 00000000 		.4byte	.LFB11
 1356 006c 18000000 		.4byte	.LFE11-.LFB11
 1357 0070 00000000 		.4byte	.LFB12
 1358 0074 18000000 		.4byte	.LFE12-.LFB12
 1359 0078 00000000 		.4byte	0
 1360 007c 00000000 		.4byte	0
 1361              		.section	.debug_ranges,"",%progbits
 1362              	.Ldebug_ranges0:
 1363 0000 00000000 		.4byte	.LFB0
 1364 0004 22000000 		.4byte	.LFE0
 1365 0008 00000000 		.4byte	.LFB1
 1366 000c 26000000 		.4byte	.LFE1
 1367 0010 00000000 		.4byte	.LFB2
 1368 0014 16000000 		.4byte	.LFE2
 1369 0018 00000000 		.4byte	.LFB3
 1370 001c 0E000000 		.4byte	.LFE3
 1371 0020 00000000 		.4byte	.LFB4
 1372 0024 28000000 		.4byte	.LFE4
 1373 0028 00000000 		.4byte	.LFB5
 1374 002c 22000000 		.4byte	.LFE5
 1375 0030 00000000 		.4byte	.LFB6
 1376 0034 26000000 		.4byte	.LFE6
 1377 0038 00000000 		.4byte	.LFB7
 1378 003c 26000000 		.4byte	.LFE7
 1379 0040 00000000 		.4byte	.LFB8
 1380 0044 18000000 		.4byte	.LFE8
 1381 0048 00000000 		.4byte	.LFB9
 1382 004c 28000000 		.4byte	.LFE9
 1383 0050 00000000 		.4byte	.LFB10
 1384 0054 18000000 		.4byte	.LFE10
 1385 0058 00000000 		.4byte	.LFB11
 1386 005c 18000000 		.4byte	.LFE11
 1387 0060 00000000 		.4byte	.LFB12
 1388 0064 18000000 		.4byte	.LFE12
 1389 0068 00000000 		.4byte	0
 1390 006c 00000000 		.4byte	0
 1391              		.section	.debug_line,"",%progbits
 1392              	.Ldebug_line0:
 1393 0000 54010000 		.section	.debug_str,"MS",%progbits,1
 1393      02004B00 
 1393      00000201 
 1393      FB0E0D00 
 1393      01010101 
 1394              	.LASF16:
 1395 0000 72656733 		.ascii	"reg32\000"
 1395      3200
 1396              	.LASF22:
 1397 0006 6973725F 		.ascii	"isr_CLU_EXEC_SetVector\000"
 1397      434C555F 
 1397      45584543 
 1397      5F536574 
 1397      56656374 
 1398              	.LASF35:
 1399 001d 443A5C5F 		.ascii	"D:\\_GITHUB repos\\Squit-HW0.0\\Squit-Proto.cydsn\000"
 1399      47495448 
ARM GAS  C:\Users\gravi\AppData\Local\Temp\ccQRbHGh.s 			page 32


 1399      55422072 
 1399      65706F73 
 1399      5C537175 
 1400              	.LASF31:
 1401 004c 6973725F 		.ascii	"isr_CLU_EXEC_SetPending\000"
 1401      434C555F 
 1401      45584543 
 1401      5F536574 
 1401      50656E64 
 1402              	.LASF3:
 1403 0064 73686F72 		.ascii	"short unsigned int\000"
 1403      7420756E 
 1403      7369676E 
 1403      65642069 
 1403      6E7400
 1404              	.LASF36:
 1405 0077 6973725F 		.ascii	"isr_CLU_EXEC_GetState\000"
 1405      434C555F 
 1405      45584543 
 1405      5F476574 
 1405      53746174 
 1406              	.LASF32:
 1407 008d 6973725F 		.ascii	"isr_CLU_EXEC_ClearPending\000"
 1407      434C555F 
 1407      45584543 
 1407      5F436C65 
 1407      61725065 
 1408              	.LASF13:
 1409 00a7 666C6F61 		.ascii	"float\000"
 1409      7400
 1410              	.LASF28:
 1411 00ad 6973725F 		.ascii	"isr_CLU_EXEC_GetPriority\000"
 1411      434C555F 
 1411      45584543 
 1411      5F476574 
 1411      5072696F 
 1412              	.LASF1:
 1413 00c6 756E7369 		.ascii	"unsigned char\000"
 1413      676E6564 
 1413      20636861 
 1413      7200
 1414              	.LASF15:
 1415 00d4 72656738 		.ascii	"reg8\000"
 1415      00
 1416              	.LASF18:
 1417 00d9 6973725F 		.ascii	"isr_CLU_EXEC_Start\000"
 1417      434C555F 
 1417      45584543 
 1417      5F537461 
 1417      727400
 1418              	.LASF9:
 1419 00ec 6C6F6E67 		.ascii	"long unsigned int\000"
 1419      20756E73 
 1419      69676E65 
 1419      6420696E 
 1419      7400
 1420              	.LASF11:
ARM GAS  C:\Users\gravi\AppData\Local\Temp\ccQRbHGh.s 			page 33


 1421 00fe 75696E74 		.ascii	"uint8\000"
 1421      3800
 1422              	.LASF27:
 1423 0104 6973725F 		.ascii	"isr_CLU_EXEC_GetVector\000"
 1423      434C555F 
 1423      45584543 
 1423      5F476574 
 1423      56656374 
 1424              	.LASF26:
 1425 011b 7072696F 		.ascii	"priority\000"
 1425      72697479 
 1425      00
 1426              	.LASF20:
 1427 0124 6973725F 		.ascii	"isr_CLU_EXEC_Interrupt\000"
 1427      434C555F 
 1427      45584543 
 1427      5F496E74 
 1427      65727275 
 1428              	.LASF14:
 1429 013b 646F7562 		.ascii	"double\000"
 1429      6C6500
 1430              	.LASF12:
 1431 0142 75696E74 		.ascii	"uint32\000"
 1431      333200
 1432              	.LASF4:
 1433 0149 756E7369 		.ascii	"unsigned int\000"
 1433      676E6564 
 1433      20696E74 
 1433      00
 1434              	.LASF25:
 1435 0156 6973725F 		.ascii	"isr_CLU_EXEC_SetPriority\000"
 1435      434C555F 
 1435      45584543 
 1435      5F536574 
 1435      5072696F 
 1436              	.LASF23:
 1437 016f 61646472 		.ascii	"address\000"
 1437      65737300 
 1438              	.LASF6:
 1439 0177 6C6F6E67 		.ascii	"long long unsigned int\000"
 1439      206C6F6E 
 1439      6720756E 
 1439      7369676E 
 1439      65642069 
 1440              	.LASF17:
 1441 018e 63796973 		.ascii	"cyisraddress\000"
 1441      72616464 
 1441      72657373 
 1441      00
 1442              	.LASF29:
 1443 019b 6973725F 		.ascii	"isr_CLU_EXEC_Enable\000"
 1443      434C555F 
 1443      45584543 
 1443      5F456E61 
 1443      626C6500 
 1444              	.LASF19:
 1445 01af 6973725F 		.ascii	"isr_CLU_EXEC_Stop\000"
ARM GAS  C:\Users\gravi\AppData\Local\Temp\ccQRbHGh.s 			page 34


 1445      434C555F 
 1445      45584543 
 1445      5F53746F 
 1445      7000
 1446              	.LASF8:
 1447 01c1 73697A65 		.ascii	"sizetype\000"
 1447      74797065 
 1447      00
 1448              	.LASF5:
 1449 01ca 6C6F6E67 		.ascii	"long long int\000"
 1449      206C6F6E 
 1449      6720696E 
 1449      7400
 1450              	.LASF10:
 1451 01d8 63686172 		.ascii	"char\000"
 1451      00
 1452              	.LASF24:
 1453 01dd 72616D56 		.ascii	"ramVectorTable\000"
 1453      6563746F 
 1453      72546162 
 1453      6C6500
 1454              	.LASF34:
 1455 01ec 2E5C4765 		.ascii	".\\Generated_Source\\PSoC5\\isr_CLU_EXEC.c\000"
 1455      6E657261 
 1455      7465645F 
 1455      536F7572 
 1455      63655C50 
 1456              	.LASF2:
 1457 0214 73686F72 		.ascii	"short int\000"
 1457      7420696E 
 1457      7400
 1458              	.LASF21:
 1459 021e 6973725F 		.ascii	"isr_CLU_EXEC_StartEx\000"
 1459      434C555F 
 1459      45584543 
 1459      5F537461 
 1459      72744578 
 1460              	.LASF33:
 1461 0233 474E5520 		.ascii	"GNU C 4.7.3 20130312 (release) [ARM/embedded-4_7-br"
 1461      4320342E 
 1461      372E3320 
 1461      32303133 
 1461      30333132 
 1462 0266 616E6368 		.ascii	"anch revision 196615]\000"
 1462      20726576 
 1462      6973696F 
 1462      6E203139 
 1462      36363135 
 1463              	.LASF7:
 1464 027c 6C6F6E67 		.ascii	"long int\000"
 1464      20696E74 
 1464      00
 1465              	.LASF0:
 1466 0285 7369676E 		.ascii	"signed char\000"
 1466      65642063 
 1466      68617200 
 1467              	.LASF30:
ARM GAS  C:\Users\gravi\AppData\Local\Temp\ccQRbHGh.s 			page 35


 1468 0291 6973725F 		.ascii	"isr_CLU_EXEC_Disable\000"
 1468      434C555F 
 1468      45584543 
 1468      5F446973 
 1468      61626C65 
 1469              		.ident	"GCC: (GNU Tools for ARM Embedded Processors) 4.7.3 20130312 (release) [ARM/embedded-4_7-br
