ARM GAS  C:\Users\GRAZIA~1.RAV\AppData\Local\Temp\ccgrdoj0.s 			page 1


   1              		.syntax unified
   2              		.cpu cortex-m3
   3              		.fpu softvfp
   4              		.eabi_attribute 20, 1
   5              		.eabi_attribute 21, 1
   6              		.eabi_attribute 23, 3
   7              		.eabi_attribute 24, 1
   8              		.eabi_attribute 25, 1
   9              		.eabi_attribute 26, 1
  10              		.eabi_attribute 30, 6
  11              		.eabi_attribute 34, 1
  12              		.eabi_attribute 18, 4
  13              		.thumb
  14              		.file	"isr_LIMIT_CTRL.c"
  15              		.text
  16              	.Ltext0:
  17              		.cfi_sections	.debug_frame
  18              		.section	.text.isr_LIMIT_CTRL_Start,"ax",%progbits
  19              		.align	2
  20              		.global	isr_LIMIT_CTRL_Start
  21              		.thumb
  22              		.thumb_func
  23              		.type	isr_LIMIT_CTRL_Start, %function
  24              	isr_LIMIT_CTRL_Start:
  25              	.LFB56:
  26              		.file 1 ".\\Generated_Source\\PSoC5\\isr_LIMIT_CTRL.c"
   1:.\Generated_Source\PSoC5/isr_LIMIT_CTRL.c **** /*******************************************************************************
   2:.\Generated_Source\PSoC5/isr_LIMIT_CTRL.c **** * File Name: isr_LIMIT_CTRL.c  
   3:.\Generated_Source\PSoC5/isr_LIMIT_CTRL.c **** * Version 1.70
   4:.\Generated_Source\PSoC5/isr_LIMIT_CTRL.c **** *
   5:.\Generated_Source\PSoC5/isr_LIMIT_CTRL.c **** *  Description:
   6:.\Generated_Source\PSoC5/isr_LIMIT_CTRL.c **** *   API for controlling the state of an interrupt.
   7:.\Generated_Source\PSoC5/isr_LIMIT_CTRL.c **** *
   8:.\Generated_Source\PSoC5/isr_LIMIT_CTRL.c **** *
   9:.\Generated_Source\PSoC5/isr_LIMIT_CTRL.c **** *  Note:
  10:.\Generated_Source\PSoC5/isr_LIMIT_CTRL.c **** *
  11:.\Generated_Source\PSoC5/isr_LIMIT_CTRL.c **** ********************************************************************************
  12:.\Generated_Source\PSoC5/isr_LIMIT_CTRL.c **** * Copyright 2008-2012, Cypress Semiconductor Corporation.  All rights reserved.
  13:.\Generated_Source\PSoC5/isr_LIMIT_CTRL.c **** * You may use this file only in accordance with the license, terms, conditions, 
  14:.\Generated_Source\PSoC5/isr_LIMIT_CTRL.c **** * disclaimers, and limitations in the end user license agreement accompanying 
  15:.\Generated_Source\PSoC5/isr_LIMIT_CTRL.c **** * the software package with which this file was provided.
  16:.\Generated_Source\PSoC5/isr_LIMIT_CTRL.c **** *******************************************************************************/
  17:.\Generated_Source\PSoC5/isr_LIMIT_CTRL.c **** 
  18:.\Generated_Source\PSoC5/isr_LIMIT_CTRL.c **** 
  19:.\Generated_Source\PSoC5/isr_LIMIT_CTRL.c **** #include <cydevice_trm.h>
  20:.\Generated_Source\PSoC5/isr_LIMIT_CTRL.c **** #include <CyLib.h>
  21:.\Generated_Source\PSoC5/isr_LIMIT_CTRL.c **** #include <isr_LIMIT_CTRL.h>
  22:.\Generated_Source\PSoC5/isr_LIMIT_CTRL.c **** 
  23:.\Generated_Source\PSoC5/isr_LIMIT_CTRL.c **** #if !defined(isr_LIMIT_CTRL__REMOVED) /* Check for removal by optimization */
  24:.\Generated_Source\PSoC5/isr_LIMIT_CTRL.c **** 
  25:.\Generated_Source\PSoC5/isr_LIMIT_CTRL.c **** /*******************************************************************************
  26:.\Generated_Source\PSoC5/isr_LIMIT_CTRL.c **** *  Place your includes, defines and code here 
  27:.\Generated_Source\PSoC5/isr_LIMIT_CTRL.c **** ********************************************************************************/
  28:.\Generated_Source\PSoC5/isr_LIMIT_CTRL.c **** /* `#START isr_LIMIT_CTRL_intc` */
  29:.\Generated_Source\PSoC5/isr_LIMIT_CTRL.c **** 
  30:.\Generated_Source\PSoC5/isr_LIMIT_CTRL.c **** #include <device.h>
  31:.\Generated_Source\PSoC5/isr_LIMIT_CTRL.c **** #include <gobee.h>
ARM GAS  C:\Users\GRAZIA~1.RAV\AppData\Local\Temp\ccgrdoj0.s 			page 2


  32:.\Generated_Source\PSoC5/isr_LIMIT_CTRL.c **** #include <mover.h>
  33:.\Generated_Source\PSoC5/isr_LIMIT_CTRL.c **** #include <motor_CTRL.h>
  34:.\Generated_Source\PSoC5/isr_LIMIT_CTRL.c **** 	
  35:.\Generated_Source\PSoC5/isr_LIMIT_CTRL.c **** /* `#END` */
  36:.\Generated_Source\PSoC5/isr_LIMIT_CTRL.c **** 
  37:.\Generated_Source\PSoC5/isr_LIMIT_CTRL.c **** #ifndef CYINT_IRQ_BASE
  38:.\Generated_Source\PSoC5/isr_LIMIT_CTRL.c **** #define CYINT_IRQ_BASE      16
  39:.\Generated_Source\PSoC5/isr_LIMIT_CTRL.c **** #endif /* CYINT_IRQ_BASE */
  40:.\Generated_Source\PSoC5/isr_LIMIT_CTRL.c **** #ifndef CYINT_VECT_TABLE
  41:.\Generated_Source\PSoC5/isr_LIMIT_CTRL.c **** #define CYINT_VECT_TABLE    ((cyisraddress **) CYREG_NVIC_VECT_OFFSET)
  42:.\Generated_Source\PSoC5/isr_LIMIT_CTRL.c **** #endif /* CYINT_VECT_TABLE */
  43:.\Generated_Source\PSoC5/isr_LIMIT_CTRL.c **** 
  44:.\Generated_Source\PSoC5/isr_LIMIT_CTRL.c **** /* Declared in startup, used to set unused interrupts to. */
  45:.\Generated_Source\PSoC5/isr_LIMIT_CTRL.c **** CY_ISR_PROTO(IntDefaultHandler);
  46:.\Generated_Source\PSoC5/isr_LIMIT_CTRL.c **** 
  47:.\Generated_Source\PSoC5/isr_LIMIT_CTRL.c **** 
  48:.\Generated_Source\PSoC5/isr_LIMIT_CTRL.c **** /*******************************************************************************
  49:.\Generated_Source\PSoC5/isr_LIMIT_CTRL.c **** * Function Name: isr_LIMIT_CTRL_Start
  50:.\Generated_Source\PSoC5/isr_LIMIT_CTRL.c **** ********************************************************************************
  51:.\Generated_Source\PSoC5/isr_LIMIT_CTRL.c **** *
  52:.\Generated_Source\PSoC5/isr_LIMIT_CTRL.c **** * Summary:
  53:.\Generated_Source\PSoC5/isr_LIMIT_CTRL.c **** *  Set up the interrupt and enable it.
  54:.\Generated_Source\PSoC5/isr_LIMIT_CTRL.c **** *
  55:.\Generated_Source\PSoC5/isr_LIMIT_CTRL.c **** * Parameters:  
  56:.\Generated_Source\PSoC5/isr_LIMIT_CTRL.c **** *   None
  57:.\Generated_Source\PSoC5/isr_LIMIT_CTRL.c **** *
  58:.\Generated_Source\PSoC5/isr_LIMIT_CTRL.c **** * Return:
  59:.\Generated_Source\PSoC5/isr_LIMIT_CTRL.c **** *   None
  60:.\Generated_Source\PSoC5/isr_LIMIT_CTRL.c **** *
  61:.\Generated_Source\PSoC5/isr_LIMIT_CTRL.c **** *******************************************************************************/
  62:.\Generated_Source\PSoC5/isr_LIMIT_CTRL.c **** void isr_LIMIT_CTRL_Start(void)
  63:.\Generated_Source\PSoC5/isr_LIMIT_CTRL.c **** {
  27              		.loc 1 63 0
  28              		.cfi_startproc
  29              		@ args = 0, pretend = 0, frame = 0
  30              		@ frame_needed = 1, uses_anonymous_args = 0
  31 0000 80B5     		push	{r7, lr}
  32              	.LCFI0:
  33              		.cfi_def_cfa_offset 8
  34              		.cfi_offset 7, -8
  35              		.cfi_offset 14, -4
  36 0002 00AF     		add	r7, sp, #0
  37              	.LCFI1:
  38              		.cfi_def_cfa_register 7
  64:.\Generated_Source\PSoC5/isr_LIMIT_CTRL.c ****     /* For all we know the interrupt is active. */
  65:.\Generated_Source\PSoC5/isr_LIMIT_CTRL.c ****     isr_LIMIT_CTRL_Disable();
  39              		.loc 1 65 0
  40 0004 FFF7FEFF 		bl	isr_LIMIT_CTRL_Disable
  66:.\Generated_Source\PSoC5/isr_LIMIT_CTRL.c **** 
  67:.\Generated_Source\PSoC5/isr_LIMIT_CTRL.c ****     /* Set the ISR to point to the isr_LIMIT_CTRL Interrupt. */
  68:.\Generated_Source\PSoC5/isr_LIMIT_CTRL.c ****     isr_LIMIT_CTRL_SetVector(&isr_LIMIT_CTRL_Interrupt);
  41              		.loc 1 68 0
  42 0008 40F20000 		movw	r0, #:lower16:isr_LIMIT_CTRL_Interrupt
  43 000c C0F20000 		movt	r0, #:upper16:isr_LIMIT_CTRL_Interrupt
  44 0010 FFF7FEFF 		bl	isr_LIMIT_CTRL_SetVector
  69:.\Generated_Source\PSoC5/isr_LIMIT_CTRL.c **** 
  70:.\Generated_Source\PSoC5/isr_LIMIT_CTRL.c ****     /* Set the priority. */
ARM GAS  C:\Users\GRAZIA~1.RAV\AppData\Local\Temp\ccgrdoj0.s 			page 3


  71:.\Generated_Source\PSoC5/isr_LIMIT_CTRL.c ****     isr_LIMIT_CTRL_SetPriority((uint8)isr_LIMIT_CTRL_INTC_PRIOR_NUMBER);
  45              		.loc 1 71 0
  46 0014 4FF00700 		mov	r0, #7
  47 0018 FFF7FEFF 		bl	isr_LIMIT_CTRL_SetPriority
  72:.\Generated_Source\PSoC5/isr_LIMIT_CTRL.c **** 
  73:.\Generated_Source\PSoC5/isr_LIMIT_CTRL.c ****     /* Enable it. */
  74:.\Generated_Source\PSoC5/isr_LIMIT_CTRL.c ****     isr_LIMIT_CTRL_Enable();
  48              		.loc 1 74 0
  49 001c FFF7FEFF 		bl	isr_LIMIT_CTRL_Enable
  75:.\Generated_Source\PSoC5/isr_LIMIT_CTRL.c **** }
  50              		.loc 1 75 0
  51 0020 80BD     		pop	{r7, pc}
  52              		.cfi_endproc
  53              	.LFE56:
  54              		.size	isr_LIMIT_CTRL_Start, .-isr_LIMIT_CTRL_Start
  55 0022 00BF     		.section	.text.isr_LIMIT_CTRL_StartEx,"ax",%progbits
  56              		.align	2
  57              		.global	isr_LIMIT_CTRL_StartEx
  58              		.thumb
  59              		.thumb_func
  60              		.type	isr_LIMIT_CTRL_StartEx, %function
  61              	isr_LIMIT_CTRL_StartEx:
  62              	.LFB57:
  76:.\Generated_Source\PSoC5/isr_LIMIT_CTRL.c **** 
  77:.\Generated_Source\PSoC5/isr_LIMIT_CTRL.c **** 
  78:.\Generated_Source\PSoC5/isr_LIMIT_CTRL.c **** /*******************************************************************************
  79:.\Generated_Source\PSoC5/isr_LIMIT_CTRL.c **** * Function Name: isr_LIMIT_CTRL_StartEx
  80:.\Generated_Source\PSoC5/isr_LIMIT_CTRL.c **** ********************************************************************************
  81:.\Generated_Source\PSoC5/isr_LIMIT_CTRL.c **** *
  82:.\Generated_Source\PSoC5/isr_LIMIT_CTRL.c **** * Summary:
  83:.\Generated_Source\PSoC5/isr_LIMIT_CTRL.c **** *  Set up the interrupt and enable it.
  84:.\Generated_Source\PSoC5/isr_LIMIT_CTRL.c **** *
  85:.\Generated_Source\PSoC5/isr_LIMIT_CTRL.c **** * Parameters:  
  86:.\Generated_Source\PSoC5/isr_LIMIT_CTRL.c **** *   address: Address of the ISR to set in the interrupt vector table.
  87:.\Generated_Source\PSoC5/isr_LIMIT_CTRL.c **** *
  88:.\Generated_Source\PSoC5/isr_LIMIT_CTRL.c **** * Return:
  89:.\Generated_Source\PSoC5/isr_LIMIT_CTRL.c **** *   None
  90:.\Generated_Source\PSoC5/isr_LIMIT_CTRL.c **** *
  91:.\Generated_Source\PSoC5/isr_LIMIT_CTRL.c **** *******************************************************************************/
  92:.\Generated_Source\PSoC5/isr_LIMIT_CTRL.c **** void isr_LIMIT_CTRL_StartEx(cyisraddress address)
  93:.\Generated_Source\PSoC5/isr_LIMIT_CTRL.c **** {
  63              		.loc 1 93 0
  64              		.cfi_startproc
  65              		@ args = 0, pretend = 0, frame = 8
  66              		@ frame_needed = 1, uses_anonymous_args = 0
  67 0000 80B5     		push	{r7, lr}
  68              	.LCFI2:
  69              		.cfi_def_cfa_offset 8
  70              		.cfi_offset 7, -8
  71              		.cfi_offset 14, -4
  72 0002 82B0     		sub	sp, sp, #8
  73              	.LCFI3:
  74              		.cfi_def_cfa_offset 16
  75 0004 00AF     		add	r7, sp, #0
  76              	.LCFI4:
  77              		.cfi_def_cfa_register 7
  78 0006 7860     		str	r0, [r7, #4]
ARM GAS  C:\Users\GRAZIA~1.RAV\AppData\Local\Temp\ccgrdoj0.s 			page 4


  94:.\Generated_Source\PSoC5/isr_LIMIT_CTRL.c ****     /* For all we know the interrupt is active. */
  95:.\Generated_Source\PSoC5/isr_LIMIT_CTRL.c ****     isr_LIMIT_CTRL_Disable();
  79              		.loc 1 95 0
  80 0008 FFF7FEFF 		bl	isr_LIMIT_CTRL_Disable
  96:.\Generated_Source\PSoC5/isr_LIMIT_CTRL.c **** 
  97:.\Generated_Source\PSoC5/isr_LIMIT_CTRL.c ****     /* Set the ISR to point to the isr_LIMIT_CTRL Interrupt. */
  98:.\Generated_Source\PSoC5/isr_LIMIT_CTRL.c ****     isr_LIMIT_CTRL_SetVector(address);
  81              		.loc 1 98 0
  82 000c 7868     		ldr	r0, [r7, #4]
  83 000e FFF7FEFF 		bl	isr_LIMIT_CTRL_SetVector
  99:.\Generated_Source\PSoC5/isr_LIMIT_CTRL.c **** 
 100:.\Generated_Source\PSoC5/isr_LIMIT_CTRL.c ****     /* Set the priority. */
 101:.\Generated_Source\PSoC5/isr_LIMIT_CTRL.c ****     isr_LIMIT_CTRL_SetPriority((uint8)isr_LIMIT_CTRL_INTC_PRIOR_NUMBER);
  84              		.loc 1 101 0
  85 0012 4FF00700 		mov	r0, #7
  86 0016 FFF7FEFF 		bl	isr_LIMIT_CTRL_SetPriority
 102:.\Generated_Source\PSoC5/isr_LIMIT_CTRL.c **** 
 103:.\Generated_Source\PSoC5/isr_LIMIT_CTRL.c ****     /* Enable it. */
 104:.\Generated_Source\PSoC5/isr_LIMIT_CTRL.c ****     isr_LIMIT_CTRL_Enable();
  87              		.loc 1 104 0
  88 001a FFF7FEFF 		bl	isr_LIMIT_CTRL_Enable
 105:.\Generated_Source\PSoC5/isr_LIMIT_CTRL.c **** }
  89              		.loc 1 105 0
  90 001e 07F10807 		add	r7, r7, #8
  91 0022 BD46     		mov	sp, r7
  92 0024 80BD     		pop	{r7, pc}
  93              		.cfi_endproc
  94              	.LFE57:
  95              		.size	isr_LIMIT_CTRL_StartEx, .-isr_LIMIT_CTRL_StartEx
  96 0026 00BF     		.section	.text.isr_LIMIT_CTRL_Stop,"ax",%progbits
  97              		.align	2
  98              		.global	isr_LIMIT_CTRL_Stop
  99              		.thumb
 100              		.thumb_func
 101              		.type	isr_LIMIT_CTRL_Stop, %function
 102              	isr_LIMIT_CTRL_Stop:
 103              	.LFB58:
 106:.\Generated_Source\PSoC5/isr_LIMIT_CTRL.c **** 
 107:.\Generated_Source\PSoC5/isr_LIMIT_CTRL.c **** 
 108:.\Generated_Source\PSoC5/isr_LIMIT_CTRL.c **** /*******************************************************************************
 109:.\Generated_Source\PSoC5/isr_LIMIT_CTRL.c **** * Function Name: isr_LIMIT_CTRL_Stop
 110:.\Generated_Source\PSoC5/isr_LIMIT_CTRL.c **** ********************************************************************************
 111:.\Generated_Source\PSoC5/isr_LIMIT_CTRL.c **** *
 112:.\Generated_Source\PSoC5/isr_LIMIT_CTRL.c **** * Summary:
 113:.\Generated_Source\PSoC5/isr_LIMIT_CTRL.c **** *   Disables and removes the interrupt.
 114:.\Generated_Source\PSoC5/isr_LIMIT_CTRL.c **** *
 115:.\Generated_Source\PSoC5/isr_LIMIT_CTRL.c **** * Parameters:  
 116:.\Generated_Source\PSoC5/isr_LIMIT_CTRL.c **** *
 117:.\Generated_Source\PSoC5/isr_LIMIT_CTRL.c **** * Return:
 118:.\Generated_Source\PSoC5/isr_LIMIT_CTRL.c **** *   None
 119:.\Generated_Source\PSoC5/isr_LIMIT_CTRL.c **** *
 120:.\Generated_Source\PSoC5/isr_LIMIT_CTRL.c **** *******************************************************************************/
 121:.\Generated_Source\PSoC5/isr_LIMIT_CTRL.c **** void isr_LIMIT_CTRL_Stop(void)
 122:.\Generated_Source\PSoC5/isr_LIMIT_CTRL.c **** {
 104              		.loc 1 122 0
 105              		.cfi_startproc
 106              		@ args = 0, pretend = 0, frame = 0
ARM GAS  C:\Users\GRAZIA~1.RAV\AppData\Local\Temp\ccgrdoj0.s 			page 5


 107              		@ frame_needed = 1, uses_anonymous_args = 0
 108 0000 80B5     		push	{r7, lr}
 109              	.LCFI5:
 110              		.cfi_def_cfa_offset 8
 111              		.cfi_offset 7, -8
 112              		.cfi_offset 14, -4
 113 0002 00AF     		add	r7, sp, #0
 114              	.LCFI6:
 115              		.cfi_def_cfa_register 7
 123:.\Generated_Source\PSoC5/isr_LIMIT_CTRL.c ****     /* Disable this interrupt. */
 124:.\Generated_Source\PSoC5/isr_LIMIT_CTRL.c ****     isr_LIMIT_CTRL_Disable();
 116              		.loc 1 124 0
 117 0004 FFF7FEFF 		bl	isr_LIMIT_CTRL_Disable
 125:.\Generated_Source\PSoC5/isr_LIMIT_CTRL.c **** 
 126:.\Generated_Source\PSoC5/isr_LIMIT_CTRL.c ****     /* Set the ISR to point to the passive one. */
 127:.\Generated_Source\PSoC5/isr_LIMIT_CTRL.c ****     isr_LIMIT_CTRL_SetVector(&IntDefaultHandler);
 118              		.loc 1 127 0
 119 0008 40F20000 		movw	r0, #:lower16:IntDefaultHandler
 120 000c C0F20000 		movt	r0, #:upper16:IntDefaultHandler
 121 0010 FFF7FEFF 		bl	isr_LIMIT_CTRL_SetVector
 128:.\Generated_Source\PSoC5/isr_LIMIT_CTRL.c **** }
 122              		.loc 1 128 0
 123 0014 80BD     		pop	{r7, pc}
 124              		.cfi_endproc
 125              	.LFE58:
 126              		.size	isr_LIMIT_CTRL_Stop, .-isr_LIMIT_CTRL_Stop
 127 0016 00BF     		.section	.text.isr_LIMIT_CTRL_Interrupt,"ax",%progbits
 128              		.align	2
 129              		.global	isr_LIMIT_CTRL_Interrupt
 130              		.thumb
 131              		.thumb_func
 132              		.type	isr_LIMIT_CTRL_Interrupt, %function
 133              	isr_LIMIT_CTRL_Interrupt:
 134              	.LFB59:
 129:.\Generated_Source\PSoC5/isr_LIMIT_CTRL.c **** 
 130:.\Generated_Source\PSoC5/isr_LIMIT_CTRL.c **** 
 131:.\Generated_Source\PSoC5/isr_LIMIT_CTRL.c **** /*******************************************************************************
 132:.\Generated_Source\PSoC5/isr_LIMIT_CTRL.c **** * Function Name: isr_LIMIT_CTRL_Interrupt
 133:.\Generated_Source\PSoC5/isr_LIMIT_CTRL.c **** ********************************************************************************
 134:.\Generated_Source\PSoC5/isr_LIMIT_CTRL.c **** *
 135:.\Generated_Source\PSoC5/isr_LIMIT_CTRL.c **** * Summary:
 136:.\Generated_Source\PSoC5/isr_LIMIT_CTRL.c **** *   The default Interrupt Service Routine for isr_LIMIT_CTRL.
 137:.\Generated_Source\PSoC5/isr_LIMIT_CTRL.c **** *
 138:.\Generated_Source\PSoC5/isr_LIMIT_CTRL.c **** *   Add custom code between the coments to keep the next version of this file
 139:.\Generated_Source\PSoC5/isr_LIMIT_CTRL.c **** *   from over writting your code.
 140:.\Generated_Source\PSoC5/isr_LIMIT_CTRL.c **** *
 141:.\Generated_Source\PSoC5/isr_LIMIT_CTRL.c **** * Parameters:  
 142:.\Generated_Source\PSoC5/isr_LIMIT_CTRL.c **** *
 143:.\Generated_Source\PSoC5/isr_LIMIT_CTRL.c **** * Return:
 144:.\Generated_Source\PSoC5/isr_LIMIT_CTRL.c **** *   None
 145:.\Generated_Source\PSoC5/isr_LIMIT_CTRL.c **** *
 146:.\Generated_Source\PSoC5/isr_LIMIT_CTRL.c **** *******************************************************************************/
 147:.\Generated_Source\PSoC5/isr_LIMIT_CTRL.c **** CY_ISR(isr_LIMIT_CTRL_Interrupt)
 148:.\Generated_Source\PSoC5/isr_LIMIT_CTRL.c **** {
 135              		.loc 1 148 0
 136              		.cfi_startproc
 137              		@ args = 0, pretend = 0, frame = 0
ARM GAS  C:\Users\GRAZIA~1.RAV\AppData\Local\Temp\ccgrdoj0.s 			page 6


 138              		@ frame_needed = 1, uses_anonymous_args = 0
 139 0000 80B5     		push	{r7, lr}
 140              	.LCFI7:
 141              		.cfi_def_cfa_offset 8
 142              		.cfi_offset 7, -8
 143              		.cfi_offset 14, -4
 144 0002 00AF     		add	r7, sp, #0
 145              	.LCFI8:
 146              		.cfi_def_cfa_register 7
 149:.\Generated_Source\PSoC5/isr_LIMIT_CTRL.c ****     /*  Place your Interrupt code here. */
 150:.\Generated_Source\PSoC5/isr_LIMIT_CTRL.c ****     /* `#START isr_LIMIT_CTRL_Interrupt` */
 151:.\Generated_Source\PSoC5/isr_LIMIT_CTRL.c **** 	
 152:.\Generated_Source\PSoC5/isr_LIMIT_CTRL.c **** #if MEASURE_LIMIT_CTRL_ISR
 153:.\Generated_Source\PSoC5/isr_LIMIT_CTRL.c **** 	Control_Reg_LED_Write(0x01);
 154:.\Generated_Source\PSoC5/isr_LIMIT_CTRL.c **** 	//SET_ON(LED_OK);	/* ON LED OK - MEASUREMENT	POINT*/
 155:.\Generated_Source\PSoC5/isr_LIMIT_CTRL.c **** #endif
 156:.\Generated_Source\PSoC5/isr_LIMIT_CTRL.c **** 	  
 157:.\Generated_Source\PSoC5/isr_LIMIT_CTRL.c **** 		All_Axes_limit_control();
 147              		.loc 1 157 0
 148 0004 FFF7FEFF 		bl	All_Axes_limit_control
 158:.\Generated_Source\PSoC5/isr_LIMIT_CTRL.c **** 		
 159:.\Generated_Source\PSoC5/isr_LIMIT_CTRL.c **** #if MEASURE_LIMIT_CTRL_ISR
 160:.\Generated_Source\PSoC5/isr_LIMIT_CTRL.c **** 	Control_Reg_LED_Write(0x00);
 161:.\Generated_Source\PSoC5/isr_LIMIT_CTRL.c **** 	//SET_OFF(LED_OK);	/* OFF LED OK - MEASUREMENT	POINT*/
 162:.\Generated_Source\PSoC5/isr_LIMIT_CTRL.c **** #endif
 163:.\Generated_Source\PSoC5/isr_LIMIT_CTRL.c **** 
 164:.\Generated_Source\PSoC5/isr_LIMIT_CTRL.c ****     /* `#END` */
 165:.\Generated_Source\PSoC5/isr_LIMIT_CTRL.c **** }
 149              		.loc 1 165 0
 150 0008 80BD     		pop	{r7, pc}
 151              		.cfi_endproc
 152              	.LFE59:
 153              		.size	isr_LIMIT_CTRL_Interrupt, .-isr_LIMIT_CTRL_Interrupt
 154 000a 00BF     		.section	.text.isr_LIMIT_CTRL_SetVector,"ax",%progbits
 155              		.align	2
 156              		.global	isr_LIMIT_CTRL_SetVector
 157              		.thumb
 158              		.thumb_func
 159              		.type	isr_LIMIT_CTRL_SetVector, %function
 160              	isr_LIMIT_CTRL_SetVector:
 161              	.LFB60:
 166:.\Generated_Source\PSoC5/isr_LIMIT_CTRL.c **** 
 167:.\Generated_Source\PSoC5/isr_LIMIT_CTRL.c **** 
 168:.\Generated_Source\PSoC5/isr_LIMIT_CTRL.c **** /*******************************************************************************
 169:.\Generated_Source\PSoC5/isr_LIMIT_CTRL.c **** * Function Name: isr_LIMIT_CTRL_SetVector
 170:.\Generated_Source\PSoC5/isr_LIMIT_CTRL.c **** ********************************************************************************
 171:.\Generated_Source\PSoC5/isr_LIMIT_CTRL.c **** *
 172:.\Generated_Source\PSoC5/isr_LIMIT_CTRL.c **** * Summary:
 173:.\Generated_Source\PSoC5/isr_LIMIT_CTRL.c **** *   Change the ISR vector for the Interrupt. Note calling isr_LIMIT_CTRL_Start
 174:.\Generated_Source\PSoC5/isr_LIMIT_CTRL.c **** *   will override any effect this method would have had. To set the vector 
 175:.\Generated_Source\PSoC5/isr_LIMIT_CTRL.c **** *   before the component has been started use isr_LIMIT_CTRL_StartEx instead.
 176:.\Generated_Source\PSoC5/isr_LIMIT_CTRL.c **** *
 177:.\Generated_Source\PSoC5/isr_LIMIT_CTRL.c **** * Parameters:
 178:.\Generated_Source\PSoC5/isr_LIMIT_CTRL.c **** *   address: Address of the ISR to set in the interrupt vector table.
 179:.\Generated_Source\PSoC5/isr_LIMIT_CTRL.c **** *
 180:.\Generated_Source\PSoC5/isr_LIMIT_CTRL.c **** * Return:
 181:.\Generated_Source\PSoC5/isr_LIMIT_CTRL.c **** *   None
ARM GAS  C:\Users\GRAZIA~1.RAV\AppData\Local\Temp\ccgrdoj0.s 			page 7


 182:.\Generated_Source\PSoC5/isr_LIMIT_CTRL.c **** *
 183:.\Generated_Source\PSoC5/isr_LIMIT_CTRL.c **** *******************************************************************************/
 184:.\Generated_Source\PSoC5/isr_LIMIT_CTRL.c **** void isr_LIMIT_CTRL_SetVector(cyisraddress address)
 185:.\Generated_Source\PSoC5/isr_LIMIT_CTRL.c **** {
 162              		.loc 1 185 0
 163              		.cfi_startproc
 164              		@ args = 0, pretend = 0, frame = 16
 165              		@ frame_needed = 1, uses_anonymous_args = 0
 166              		@ link register save eliminated.
 167 0000 80B4     		push	{r7}
 168              	.LCFI9:
 169              		.cfi_def_cfa_offset 4
 170              		.cfi_offset 7, -4
 171 0002 85B0     		sub	sp, sp, #20
 172              	.LCFI10:
 173              		.cfi_def_cfa_offset 24
 174 0004 00AF     		add	r7, sp, #0
 175              	.LCFI11:
 176              		.cfi_def_cfa_register 7
 177 0006 7860     		str	r0, [r7, #4]
 186:.\Generated_Source\PSoC5/isr_LIMIT_CTRL.c ****     cyisraddress * ramVectorTable;
 187:.\Generated_Source\PSoC5/isr_LIMIT_CTRL.c **** 
 188:.\Generated_Source\PSoC5/isr_LIMIT_CTRL.c ****     ramVectorTable = (cyisraddress *) *CYINT_VECT_TABLE;
 178              		.loc 1 188 0
 179 0008 4EF60853 		movw	r3, #60680
 180 000c CEF20003 		movt	r3, 57344
 181 0010 1B68     		ldr	r3, [r3, #0]
 182 0012 FB60     		str	r3, [r7, #12]
 189:.\Generated_Source\PSoC5/isr_LIMIT_CTRL.c **** 
 190:.\Generated_Source\PSoC5/isr_LIMIT_CTRL.c ****     ramVectorTable[CYINT_IRQ_BASE + (uint32)isr_LIMIT_CTRL__INTC_NUMBER] = address;
 183              		.loc 1 190 0
 184 0014 FB68     		ldr	r3, [r7, #12]
 185 0016 03F15C03 		add	r3, r3, #92
 186 001a 7A68     		ldr	r2, [r7, #4]
 187 001c 1A60     		str	r2, [r3, #0]
 191:.\Generated_Source\PSoC5/isr_LIMIT_CTRL.c **** }
 188              		.loc 1 191 0
 189 001e 07F11407 		add	r7, r7, #20
 190 0022 BD46     		mov	sp, r7
 191 0024 80BC     		pop	{r7}
 192 0026 7047     		bx	lr
 193              		.cfi_endproc
 194              	.LFE60:
 195              		.size	isr_LIMIT_CTRL_SetVector, .-isr_LIMIT_CTRL_SetVector
 196              		.section	.text.isr_LIMIT_CTRL_GetVector,"ax",%progbits
 197              		.align	2
 198              		.global	isr_LIMIT_CTRL_GetVector
 199              		.thumb
 200              		.thumb_func
 201              		.type	isr_LIMIT_CTRL_GetVector, %function
 202              	isr_LIMIT_CTRL_GetVector:
 203              	.LFB61:
 192:.\Generated_Source\PSoC5/isr_LIMIT_CTRL.c **** 
 193:.\Generated_Source\PSoC5/isr_LIMIT_CTRL.c **** 
 194:.\Generated_Source\PSoC5/isr_LIMIT_CTRL.c **** /*******************************************************************************
 195:.\Generated_Source\PSoC5/isr_LIMIT_CTRL.c **** * Function Name: isr_LIMIT_CTRL_GetVector
 196:.\Generated_Source\PSoC5/isr_LIMIT_CTRL.c **** ********************************************************************************
ARM GAS  C:\Users\GRAZIA~1.RAV\AppData\Local\Temp\ccgrdoj0.s 			page 8


 197:.\Generated_Source\PSoC5/isr_LIMIT_CTRL.c **** *
 198:.\Generated_Source\PSoC5/isr_LIMIT_CTRL.c **** * Summary:
 199:.\Generated_Source\PSoC5/isr_LIMIT_CTRL.c **** *   Gets the "address" of the current ISR vector for the Interrupt.
 200:.\Generated_Source\PSoC5/isr_LIMIT_CTRL.c **** *
 201:.\Generated_Source\PSoC5/isr_LIMIT_CTRL.c **** * Parameters:
 202:.\Generated_Source\PSoC5/isr_LIMIT_CTRL.c **** *   None
 203:.\Generated_Source\PSoC5/isr_LIMIT_CTRL.c **** *
 204:.\Generated_Source\PSoC5/isr_LIMIT_CTRL.c **** * Return:
 205:.\Generated_Source\PSoC5/isr_LIMIT_CTRL.c **** *   Address of the ISR in the interrupt vector table.
 206:.\Generated_Source\PSoC5/isr_LIMIT_CTRL.c **** *
 207:.\Generated_Source\PSoC5/isr_LIMIT_CTRL.c **** *******************************************************************************/
 208:.\Generated_Source\PSoC5/isr_LIMIT_CTRL.c **** cyisraddress isr_LIMIT_CTRL_GetVector(void)
 209:.\Generated_Source\PSoC5/isr_LIMIT_CTRL.c **** {
 204              		.loc 1 209 0
 205              		.cfi_startproc
 206              		@ args = 0, pretend = 0, frame = 8
 207              		@ frame_needed = 1, uses_anonymous_args = 0
 208              		@ link register save eliminated.
 209 0000 80B4     		push	{r7}
 210              	.LCFI12:
 211              		.cfi_def_cfa_offset 4
 212              		.cfi_offset 7, -4
 213 0002 83B0     		sub	sp, sp, #12
 214              	.LCFI13:
 215              		.cfi_def_cfa_offset 16
 216 0004 00AF     		add	r7, sp, #0
 217              	.LCFI14:
 218              		.cfi_def_cfa_register 7
 210:.\Generated_Source\PSoC5/isr_LIMIT_CTRL.c ****     cyisraddress * ramVectorTable;
 211:.\Generated_Source\PSoC5/isr_LIMIT_CTRL.c **** 
 212:.\Generated_Source\PSoC5/isr_LIMIT_CTRL.c ****     ramVectorTable = (cyisraddress *) *CYINT_VECT_TABLE;
 219              		.loc 1 212 0
 220 0006 4EF60853 		movw	r3, #60680
 221 000a CEF20003 		movt	r3, 57344
 222 000e 1B68     		ldr	r3, [r3, #0]
 223 0010 7B60     		str	r3, [r7, #4]
 213:.\Generated_Source\PSoC5/isr_LIMIT_CTRL.c **** 
 214:.\Generated_Source\PSoC5/isr_LIMIT_CTRL.c ****     return ramVectorTable[CYINT_IRQ_BASE + (uint32)isr_LIMIT_CTRL__INTC_NUMBER];
 224              		.loc 1 214 0
 225 0012 7B68     		ldr	r3, [r7, #4]
 226 0014 DB6D     		ldr	r3, [r3, #92]
 215:.\Generated_Source\PSoC5/isr_LIMIT_CTRL.c **** }
 227              		.loc 1 215 0
 228 0016 1846     		mov	r0, r3
 229 0018 07F10C07 		add	r7, r7, #12
 230 001c BD46     		mov	sp, r7
 231 001e 80BC     		pop	{r7}
 232 0020 7047     		bx	lr
 233              		.cfi_endproc
 234              	.LFE61:
 235              		.size	isr_LIMIT_CTRL_GetVector, .-isr_LIMIT_CTRL_GetVector
 236 0022 00BF     		.section	.text.isr_LIMIT_CTRL_SetPriority,"ax",%progbits
 237              		.align	2
 238              		.global	isr_LIMIT_CTRL_SetPriority
 239              		.thumb
 240              		.thumb_func
 241              		.type	isr_LIMIT_CTRL_SetPriority, %function
ARM GAS  C:\Users\GRAZIA~1.RAV\AppData\Local\Temp\ccgrdoj0.s 			page 9


 242              	isr_LIMIT_CTRL_SetPriority:
 243              	.LFB62:
 216:.\Generated_Source\PSoC5/isr_LIMIT_CTRL.c **** 
 217:.\Generated_Source\PSoC5/isr_LIMIT_CTRL.c **** 
 218:.\Generated_Source\PSoC5/isr_LIMIT_CTRL.c **** /*******************************************************************************
 219:.\Generated_Source\PSoC5/isr_LIMIT_CTRL.c **** * Function Name: isr_LIMIT_CTRL_SetPriority
 220:.\Generated_Source\PSoC5/isr_LIMIT_CTRL.c **** ********************************************************************************
 221:.\Generated_Source\PSoC5/isr_LIMIT_CTRL.c **** *
 222:.\Generated_Source\PSoC5/isr_LIMIT_CTRL.c **** * Summary:
 223:.\Generated_Source\PSoC5/isr_LIMIT_CTRL.c **** *   Sets the Priority of the Interrupt. Note calling isr_LIMIT_CTRL_Start
 224:.\Generated_Source\PSoC5/isr_LIMIT_CTRL.c **** *   or isr_LIMIT_CTRL_StartEx will override any effect this method 
 225:.\Generated_Source\PSoC5/isr_LIMIT_CTRL.c **** *   would have had. This method should only be called after 
 226:.\Generated_Source\PSoC5/isr_LIMIT_CTRL.c **** *   isr_LIMIT_CTRL_Start or isr_LIMIT_CTRL_StartEx has been called. To set 
 227:.\Generated_Source\PSoC5/isr_LIMIT_CTRL.c **** *   the initial priority for the component use the cydwr file in the tool.
 228:.\Generated_Source\PSoC5/isr_LIMIT_CTRL.c **** *
 229:.\Generated_Source\PSoC5/isr_LIMIT_CTRL.c **** * Parameters:
 230:.\Generated_Source\PSoC5/isr_LIMIT_CTRL.c **** *   priority: Priority of the interrupt. 0 - 7, 0 being the highest.
 231:.\Generated_Source\PSoC5/isr_LIMIT_CTRL.c **** *
 232:.\Generated_Source\PSoC5/isr_LIMIT_CTRL.c **** * Return:
 233:.\Generated_Source\PSoC5/isr_LIMIT_CTRL.c **** *   None
 234:.\Generated_Source\PSoC5/isr_LIMIT_CTRL.c **** *
 235:.\Generated_Source\PSoC5/isr_LIMIT_CTRL.c **** *******************************************************************************/
 236:.\Generated_Source\PSoC5/isr_LIMIT_CTRL.c **** void isr_LIMIT_CTRL_SetPriority(uint8 priority)
 237:.\Generated_Source\PSoC5/isr_LIMIT_CTRL.c **** {
 244              		.loc 1 237 0
 245              		.cfi_startproc
 246              		@ args = 0, pretend = 0, frame = 8
 247              		@ frame_needed = 1, uses_anonymous_args = 0
 248              		@ link register save eliminated.
 249 0000 80B4     		push	{r7}
 250              	.LCFI15:
 251              		.cfi_def_cfa_offset 4
 252              		.cfi_offset 7, -4
 253 0002 83B0     		sub	sp, sp, #12
 254              	.LCFI16:
 255              		.cfi_def_cfa_offset 16
 256 0004 00AF     		add	r7, sp, #0
 257              	.LCFI17:
 258              		.cfi_def_cfa_register 7
 259 0006 0346     		mov	r3, r0
 260 0008 FB71     		strb	r3, [r7, #7]
 238:.\Generated_Source\PSoC5/isr_LIMIT_CTRL.c ****     *isr_LIMIT_CTRL_INTC_PRIOR = priority << 5;
 261              		.loc 1 238 0
 262 000a 4EF20743 		movw	r3, #58375
 263 000e CEF20003 		movt	r3, 57344
 264 0012 FA79     		ldrb	r2, [r7, #7]
 265 0014 4FEA4212 		lsl	r2, r2, #5
 266 0018 D2B2     		uxtb	r2, r2
 267 001a 1A70     		strb	r2, [r3, #0]
 239:.\Generated_Source\PSoC5/isr_LIMIT_CTRL.c **** }
 268              		.loc 1 239 0
 269 001c 07F10C07 		add	r7, r7, #12
 270 0020 BD46     		mov	sp, r7
 271 0022 80BC     		pop	{r7}
 272 0024 7047     		bx	lr
 273              		.cfi_endproc
 274              	.LFE62:
ARM GAS  C:\Users\GRAZIA~1.RAV\AppData\Local\Temp\ccgrdoj0.s 			page 10


 275              		.size	isr_LIMIT_CTRL_SetPriority, .-isr_LIMIT_CTRL_SetPriority
 276 0026 00BF     		.section	.text.isr_LIMIT_CTRL_GetPriority,"ax",%progbits
 277              		.align	2
 278              		.global	isr_LIMIT_CTRL_GetPriority
 279              		.thumb
 280              		.thumb_func
 281              		.type	isr_LIMIT_CTRL_GetPriority, %function
 282              	isr_LIMIT_CTRL_GetPriority:
 283              	.LFB63:
 240:.\Generated_Source\PSoC5/isr_LIMIT_CTRL.c **** 
 241:.\Generated_Source\PSoC5/isr_LIMIT_CTRL.c **** 
 242:.\Generated_Source\PSoC5/isr_LIMIT_CTRL.c **** /*******************************************************************************
 243:.\Generated_Source\PSoC5/isr_LIMIT_CTRL.c **** * Function Name: isr_LIMIT_CTRL_GetPriority
 244:.\Generated_Source\PSoC5/isr_LIMIT_CTRL.c **** ********************************************************************************
 245:.\Generated_Source\PSoC5/isr_LIMIT_CTRL.c **** *
 246:.\Generated_Source\PSoC5/isr_LIMIT_CTRL.c **** * Summary:
 247:.\Generated_Source\PSoC5/isr_LIMIT_CTRL.c **** *   Gets the Priority of the Interrupt.
 248:.\Generated_Source\PSoC5/isr_LIMIT_CTRL.c **** *
 249:.\Generated_Source\PSoC5/isr_LIMIT_CTRL.c **** * Parameters:
 250:.\Generated_Source\PSoC5/isr_LIMIT_CTRL.c **** *   None
 251:.\Generated_Source\PSoC5/isr_LIMIT_CTRL.c **** *
 252:.\Generated_Source\PSoC5/isr_LIMIT_CTRL.c **** * Return:
 253:.\Generated_Source\PSoC5/isr_LIMIT_CTRL.c **** *   Priority of the interrupt. 0 - 7, 0 being the highest.
 254:.\Generated_Source\PSoC5/isr_LIMIT_CTRL.c **** *
 255:.\Generated_Source\PSoC5/isr_LIMIT_CTRL.c **** *******************************************************************************/
 256:.\Generated_Source\PSoC5/isr_LIMIT_CTRL.c **** uint8 isr_LIMIT_CTRL_GetPriority(void)
 257:.\Generated_Source\PSoC5/isr_LIMIT_CTRL.c **** {
 284              		.loc 1 257 0
 285              		.cfi_startproc
 286              		@ args = 0, pretend = 0, frame = 8
 287              		@ frame_needed = 1, uses_anonymous_args = 0
 288              		@ link register save eliminated.
 289 0000 80B4     		push	{r7}
 290              	.LCFI18:
 291              		.cfi_def_cfa_offset 4
 292              		.cfi_offset 7, -4
 293 0002 83B0     		sub	sp, sp, #12
 294              	.LCFI19:
 295              		.cfi_def_cfa_offset 16
 296 0004 00AF     		add	r7, sp, #0
 297              	.LCFI20:
 298              		.cfi_def_cfa_register 7
 258:.\Generated_Source\PSoC5/isr_LIMIT_CTRL.c ****     uint8 priority;
 259:.\Generated_Source\PSoC5/isr_LIMIT_CTRL.c **** 
 260:.\Generated_Source\PSoC5/isr_LIMIT_CTRL.c **** 
 261:.\Generated_Source\PSoC5/isr_LIMIT_CTRL.c ****     priority = *isr_LIMIT_CTRL_INTC_PRIOR >> 5;
 299              		.loc 1 261 0
 300 0006 4EF20743 		movw	r3, #58375
 301 000a CEF20003 		movt	r3, 57344
 302 000e 1B78     		ldrb	r3, [r3, #0]
 303 0010 DBB2     		uxtb	r3, r3
 304 0012 4FEA5313 		lsr	r3, r3, #5
 305 0016 FB71     		strb	r3, [r7, #7]
 262:.\Generated_Source\PSoC5/isr_LIMIT_CTRL.c **** 
 263:.\Generated_Source\PSoC5/isr_LIMIT_CTRL.c ****     return priority;
 306              		.loc 1 263 0
 307 0018 FB79     		ldrb	r3, [r7, #7]	@ zero_extendqisi2
ARM GAS  C:\Users\GRAZIA~1.RAV\AppData\Local\Temp\ccgrdoj0.s 			page 11


 264:.\Generated_Source\PSoC5/isr_LIMIT_CTRL.c **** }
 308              		.loc 1 264 0
 309 001a 1846     		mov	r0, r3
 310 001c 07F10C07 		add	r7, r7, #12
 311 0020 BD46     		mov	sp, r7
 312 0022 80BC     		pop	{r7}
 313 0024 7047     		bx	lr
 314              		.cfi_endproc
 315              	.LFE63:
 316              		.size	isr_LIMIT_CTRL_GetPriority, .-isr_LIMIT_CTRL_GetPriority
 317 0026 00BF     		.section	.text.isr_LIMIT_CTRL_Enable,"ax",%progbits
 318              		.align	2
 319              		.global	isr_LIMIT_CTRL_Enable
 320              		.thumb
 321              		.thumb_func
 322              		.type	isr_LIMIT_CTRL_Enable, %function
 323              	isr_LIMIT_CTRL_Enable:
 324              	.LFB64:
 265:.\Generated_Source\PSoC5/isr_LIMIT_CTRL.c **** 
 266:.\Generated_Source\PSoC5/isr_LIMIT_CTRL.c **** 
 267:.\Generated_Source\PSoC5/isr_LIMIT_CTRL.c **** /*******************************************************************************
 268:.\Generated_Source\PSoC5/isr_LIMIT_CTRL.c **** * Function Name: isr_LIMIT_CTRL_Enable
 269:.\Generated_Source\PSoC5/isr_LIMIT_CTRL.c **** ********************************************************************************
 270:.\Generated_Source\PSoC5/isr_LIMIT_CTRL.c **** *
 271:.\Generated_Source\PSoC5/isr_LIMIT_CTRL.c **** * Summary:
 272:.\Generated_Source\PSoC5/isr_LIMIT_CTRL.c **** *   Enables the interrupt.
 273:.\Generated_Source\PSoC5/isr_LIMIT_CTRL.c **** *
 274:.\Generated_Source\PSoC5/isr_LIMIT_CTRL.c **** * Parameters:
 275:.\Generated_Source\PSoC5/isr_LIMIT_CTRL.c **** *   None
 276:.\Generated_Source\PSoC5/isr_LIMIT_CTRL.c **** *
 277:.\Generated_Source\PSoC5/isr_LIMIT_CTRL.c **** * Return:
 278:.\Generated_Source\PSoC5/isr_LIMIT_CTRL.c **** *   None
 279:.\Generated_Source\PSoC5/isr_LIMIT_CTRL.c **** *
 280:.\Generated_Source\PSoC5/isr_LIMIT_CTRL.c **** *******************************************************************************/
 281:.\Generated_Source\PSoC5/isr_LIMIT_CTRL.c **** void isr_LIMIT_CTRL_Enable(void)
 282:.\Generated_Source\PSoC5/isr_LIMIT_CTRL.c **** {
 325              		.loc 1 282 0
 326              		.cfi_startproc
 327              		@ args = 0, pretend = 0, frame = 0
 328              		@ frame_needed = 1, uses_anonymous_args = 0
 329              		@ link register save eliminated.
 330 0000 80B4     		push	{r7}
 331              	.LCFI21:
 332              		.cfi_def_cfa_offset 4
 333              		.cfi_offset 7, -4
 334 0002 00AF     		add	r7, sp, #0
 335              	.LCFI22:
 336              		.cfi_def_cfa_register 7
 283:.\Generated_Source\PSoC5/isr_LIMIT_CTRL.c ****     /* Enable the general interrupt. */
 284:.\Generated_Source\PSoC5/isr_LIMIT_CTRL.c ****     *isr_LIMIT_CTRL_INTC_SET_EN = isr_LIMIT_CTRL__INTC_MASK;
 337              		.loc 1 284 0
 338 0004 4FF46143 		mov	r3, #57600
 339 0008 CEF20003 		movt	r3, 57344
 340 000c 4FF08002 		mov	r2, #128
 341 0010 1A60     		str	r2, [r3, #0]
 285:.\Generated_Source\PSoC5/isr_LIMIT_CTRL.c **** }
 342              		.loc 1 285 0
ARM GAS  C:\Users\GRAZIA~1.RAV\AppData\Local\Temp\ccgrdoj0.s 			page 12


 343 0012 BD46     		mov	sp, r7
 344 0014 80BC     		pop	{r7}
 345 0016 7047     		bx	lr
 346              		.cfi_endproc
 347              	.LFE64:
 348              		.size	isr_LIMIT_CTRL_Enable, .-isr_LIMIT_CTRL_Enable
 349              		.section	.text.isr_LIMIT_CTRL_GetState,"ax",%progbits
 350              		.align	2
 351              		.global	isr_LIMIT_CTRL_GetState
 352              		.thumb
 353              		.thumb_func
 354              		.type	isr_LIMIT_CTRL_GetState, %function
 355              	isr_LIMIT_CTRL_GetState:
 356              	.LFB65:
 286:.\Generated_Source\PSoC5/isr_LIMIT_CTRL.c **** 
 287:.\Generated_Source\PSoC5/isr_LIMIT_CTRL.c **** 
 288:.\Generated_Source\PSoC5/isr_LIMIT_CTRL.c **** /*******************************************************************************
 289:.\Generated_Source\PSoC5/isr_LIMIT_CTRL.c **** * Function Name: isr_LIMIT_CTRL_GetState
 290:.\Generated_Source\PSoC5/isr_LIMIT_CTRL.c **** ********************************************************************************
 291:.\Generated_Source\PSoC5/isr_LIMIT_CTRL.c **** *
 292:.\Generated_Source\PSoC5/isr_LIMIT_CTRL.c **** * Summary:
 293:.\Generated_Source\PSoC5/isr_LIMIT_CTRL.c **** *   Gets the state (enabled, disabled) of the Interrupt.
 294:.\Generated_Source\PSoC5/isr_LIMIT_CTRL.c **** *
 295:.\Generated_Source\PSoC5/isr_LIMIT_CTRL.c **** * Parameters:
 296:.\Generated_Source\PSoC5/isr_LIMIT_CTRL.c **** *   None
 297:.\Generated_Source\PSoC5/isr_LIMIT_CTRL.c **** *
 298:.\Generated_Source\PSoC5/isr_LIMIT_CTRL.c **** * Return:
 299:.\Generated_Source\PSoC5/isr_LIMIT_CTRL.c **** *   1 if enabled, 0 if disabled.
 300:.\Generated_Source\PSoC5/isr_LIMIT_CTRL.c **** *
 301:.\Generated_Source\PSoC5/isr_LIMIT_CTRL.c **** *******************************************************************************/
 302:.\Generated_Source\PSoC5/isr_LIMIT_CTRL.c **** uint8 isr_LIMIT_CTRL_GetState(void)
 303:.\Generated_Source\PSoC5/isr_LIMIT_CTRL.c **** {
 357              		.loc 1 303 0
 358              		.cfi_startproc
 359              		@ args = 0, pretend = 0, frame = 0
 360              		@ frame_needed = 1, uses_anonymous_args = 0
 361              		@ link register save eliminated.
 362 0000 80B4     		push	{r7}
 363              	.LCFI23:
 364              		.cfi_def_cfa_offset 4
 365              		.cfi_offset 7, -4
 366 0002 00AF     		add	r7, sp, #0
 367              	.LCFI24:
 368              		.cfi_def_cfa_register 7
 304:.\Generated_Source\PSoC5/isr_LIMIT_CTRL.c ****     /* Get the state of the general interrupt. */
 305:.\Generated_Source\PSoC5/isr_LIMIT_CTRL.c ****     return ((*isr_LIMIT_CTRL_INTC_SET_EN & (uint32)isr_LIMIT_CTRL__INTC_MASK) != 0u) ? 1u:0u;
 369              		.loc 1 305 0
 370 0004 4FF46143 		mov	r3, #57600
 371 0008 CEF20003 		movt	r3, 57344
 372 000c 1B68     		ldr	r3, [r3, #0]
 373 000e 03F08003 		and	r3, r3, #128
 374 0012 002B     		cmp	r3, #0
 375 0014 02D0     		beq	.L13
 376              		.loc 1 305 0 is_stmt 0 discriminator 1
 377 0016 4FF00103 		mov	r3, #1
 378 001a 01E0     		b	.L14
 379              	.L13:
ARM GAS  C:\Users\GRAZIA~1.RAV\AppData\Local\Temp\ccgrdoj0.s 			page 13


 380              		.loc 1 305 0 discriminator 2
 381 001c 4FF00003 		mov	r3, #0
 382              	.L14:
 306:.\Generated_Source\PSoC5/isr_LIMIT_CTRL.c **** }
 383              		.loc 1 306 0 is_stmt 1 discriminator 3
 384 0020 1846     		mov	r0, r3
 385 0022 BD46     		mov	sp, r7
 386 0024 80BC     		pop	{r7}
 387 0026 7047     		bx	lr
 388              		.cfi_endproc
 389              	.LFE65:
 390              		.size	isr_LIMIT_CTRL_GetState, .-isr_LIMIT_CTRL_GetState
 391              		.section	.text.isr_LIMIT_CTRL_Disable,"ax",%progbits
 392              		.align	2
 393              		.global	isr_LIMIT_CTRL_Disable
 394              		.thumb
 395              		.thumb_func
 396              		.type	isr_LIMIT_CTRL_Disable, %function
 397              	isr_LIMIT_CTRL_Disable:
 398              	.LFB66:
 307:.\Generated_Source\PSoC5/isr_LIMIT_CTRL.c **** 
 308:.\Generated_Source\PSoC5/isr_LIMIT_CTRL.c **** 
 309:.\Generated_Source\PSoC5/isr_LIMIT_CTRL.c **** /*******************************************************************************
 310:.\Generated_Source\PSoC5/isr_LIMIT_CTRL.c **** * Function Name: isr_LIMIT_CTRL_Disable
 311:.\Generated_Source\PSoC5/isr_LIMIT_CTRL.c **** ********************************************************************************
 312:.\Generated_Source\PSoC5/isr_LIMIT_CTRL.c **** *
 313:.\Generated_Source\PSoC5/isr_LIMIT_CTRL.c **** * Summary:
 314:.\Generated_Source\PSoC5/isr_LIMIT_CTRL.c **** *   Disables the Interrupt.
 315:.\Generated_Source\PSoC5/isr_LIMIT_CTRL.c **** *
 316:.\Generated_Source\PSoC5/isr_LIMIT_CTRL.c **** * Parameters:
 317:.\Generated_Source\PSoC5/isr_LIMIT_CTRL.c **** *   None
 318:.\Generated_Source\PSoC5/isr_LIMIT_CTRL.c **** *
 319:.\Generated_Source\PSoC5/isr_LIMIT_CTRL.c **** * Return:
 320:.\Generated_Source\PSoC5/isr_LIMIT_CTRL.c **** *   None
 321:.\Generated_Source\PSoC5/isr_LIMIT_CTRL.c **** *
 322:.\Generated_Source\PSoC5/isr_LIMIT_CTRL.c **** *******************************************************************************/
 323:.\Generated_Source\PSoC5/isr_LIMIT_CTRL.c **** void isr_LIMIT_CTRL_Disable(void)
 324:.\Generated_Source\PSoC5/isr_LIMIT_CTRL.c **** {
 399              		.loc 1 324 0
 400              		.cfi_startproc
 401              		@ args = 0, pretend = 0, frame = 0
 402              		@ frame_needed = 1, uses_anonymous_args = 0
 403              		@ link register save eliminated.
 404 0000 80B4     		push	{r7}
 405              	.LCFI25:
 406              		.cfi_def_cfa_offset 4
 407              		.cfi_offset 7, -4
 408 0002 00AF     		add	r7, sp, #0
 409              	.LCFI26:
 410              		.cfi_def_cfa_register 7
 325:.\Generated_Source\PSoC5/isr_LIMIT_CTRL.c ****     /* Disable the general interrupt. */
 326:.\Generated_Source\PSoC5/isr_LIMIT_CTRL.c ****     *isr_LIMIT_CTRL_INTC_CLR_EN = isr_LIMIT_CTRL__INTC_MASK;
 411              		.loc 1 326 0
 412 0004 4EF28013 		movw	r3, #57728
 413 0008 CEF20003 		movt	r3, 57344
 414 000c 4FF08002 		mov	r2, #128
 415 0010 1A60     		str	r2, [r3, #0]
ARM GAS  C:\Users\GRAZIA~1.RAV\AppData\Local\Temp\ccgrdoj0.s 			page 14


 327:.\Generated_Source\PSoC5/isr_LIMIT_CTRL.c **** }
 416              		.loc 1 327 0
 417 0012 BD46     		mov	sp, r7
 418 0014 80BC     		pop	{r7}
 419 0016 7047     		bx	lr
 420              		.cfi_endproc
 421              	.LFE66:
 422              		.size	isr_LIMIT_CTRL_Disable, .-isr_LIMIT_CTRL_Disable
 423              		.section	.text.isr_LIMIT_CTRL_SetPending,"ax",%progbits
 424              		.align	2
 425              		.global	isr_LIMIT_CTRL_SetPending
 426              		.thumb
 427              		.thumb_func
 428              		.type	isr_LIMIT_CTRL_SetPending, %function
 429              	isr_LIMIT_CTRL_SetPending:
 430              	.LFB67:
 328:.\Generated_Source\PSoC5/isr_LIMIT_CTRL.c **** 
 329:.\Generated_Source\PSoC5/isr_LIMIT_CTRL.c **** 
 330:.\Generated_Source\PSoC5/isr_LIMIT_CTRL.c **** /*******************************************************************************
 331:.\Generated_Source\PSoC5/isr_LIMIT_CTRL.c **** * Function Name: isr_LIMIT_CTRL_SetPending
 332:.\Generated_Source\PSoC5/isr_LIMIT_CTRL.c **** ********************************************************************************
 333:.\Generated_Source\PSoC5/isr_LIMIT_CTRL.c **** *
 334:.\Generated_Source\PSoC5/isr_LIMIT_CTRL.c **** * Summary:
 335:.\Generated_Source\PSoC5/isr_LIMIT_CTRL.c **** *   Causes the Interrupt to enter the pending state, a software method of
 336:.\Generated_Source\PSoC5/isr_LIMIT_CTRL.c **** *   generating the interrupt.
 337:.\Generated_Source\PSoC5/isr_LIMIT_CTRL.c **** *
 338:.\Generated_Source\PSoC5/isr_LIMIT_CTRL.c **** * Parameters:
 339:.\Generated_Source\PSoC5/isr_LIMIT_CTRL.c **** *   None
 340:.\Generated_Source\PSoC5/isr_LIMIT_CTRL.c **** *
 341:.\Generated_Source\PSoC5/isr_LIMIT_CTRL.c **** * Return:
 342:.\Generated_Source\PSoC5/isr_LIMIT_CTRL.c **** *   None
 343:.\Generated_Source\PSoC5/isr_LIMIT_CTRL.c **** *
 344:.\Generated_Source\PSoC5/isr_LIMIT_CTRL.c **** *******************************************************************************/
 345:.\Generated_Source\PSoC5/isr_LIMIT_CTRL.c **** void isr_LIMIT_CTRL_SetPending(void)
 346:.\Generated_Source\PSoC5/isr_LIMIT_CTRL.c **** {
 431              		.loc 1 346 0
 432              		.cfi_startproc
 433              		@ args = 0, pretend = 0, frame = 0
 434              		@ frame_needed = 1, uses_anonymous_args = 0
 435              		@ link register save eliminated.
 436 0000 80B4     		push	{r7}
 437              	.LCFI27:
 438              		.cfi_def_cfa_offset 4
 439              		.cfi_offset 7, -4
 440 0002 00AF     		add	r7, sp, #0
 441              	.LCFI28:
 442              		.cfi_def_cfa_register 7
 347:.\Generated_Source\PSoC5/isr_LIMIT_CTRL.c ****     *isr_LIMIT_CTRL_INTC_SET_PD = isr_LIMIT_CTRL__INTC_MASK;
 443              		.loc 1 347 0
 444 0004 4FF46243 		mov	r3, #57856
 445 0008 CEF20003 		movt	r3, 57344
 446 000c 4FF08002 		mov	r2, #128
 447 0010 1A60     		str	r2, [r3, #0]
 348:.\Generated_Source\PSoC5/isr_LIMIT_CTRL.c **** }
 448              		.loc 1 348 0
 449 0012 BD46     		mov	sp, r7
 450 0014 80BC     		pop	{r7}
ARM GAS  C:\Users\GRAZIA~1.RAV\AppData\Local\Temp\ccgrdoj0.s 			page 15


 451 0016 7047     		bx	lr
 452              		.cfi_endproc
 453              	.LFE67:
 454              		.size	isr_LIMIT_CTRL_SetPending, .-isr_LIMIT_CTRL_SetPending
 455              		.section	.text.isr_LIMIT_CTRL_ClearPending,"ax",%progbits
 456              		.align	2
 457              		.global	isr_LIMIT_CTRL_ClearPending
 458              		.thumb
 459              		.thumb_func
 460              		.type	isr_LIMIT_CTRL_ClearPending, %function
 461              	isr_LIMIT_CTRL_ClearPending:
 462              	.LFB68:
 349:.\Generated_Source\PSoC5/isr_LIMIT_CTRL.c **** 
 350:.\Generated_Source\PSoC5/isr_LIMIT_CTRL.c **** 
 351:.\Generated_Source\PSoC5/isr_LIMIT_CTRL.c **** /*******************************************************************************
 352:.\Generated_Source\PSoC5/isr_LIMIT_CTRL.c **** * Function Name: isr_LIMIT_CTRL_ClearPending
 353:.\Generated_Source\PSoC5/isr_LIMIT_CTRL.c **** ********************************************************************************
 354:.\Generated_Source\PSoC5/isr_LIMIT_CTRL.c **** *
 355:.\Generated_Source\PSoC5/isr_LIMIT_CTRL.c **** * Summary:
 356:.\Generated_Source\PSoC5/isr_LIMIT_CTRL.c **** *   Clears a pending interrupt.
 357:.\Generated_Source\PSoC5/isr_LIMIT_CTRL.c **** *
 358:.\Generated_Source\PSoC5/isr_LIMIT_CTRL.c **** * Parameters:
 359:.\Generated_Source\PSoC5/isr_LIMIT_CTRL.c **** *   None
 360:.\Generated_Source\PSoC5/isr_LIMIT_CTRL.c **** *
 361:.\Generated_Source\PSoC5/isr_LIMIT_CTRL.c **** * Return:
 362:.\Generated_Source\PSoC5/isr_LIMIT_CTRL.c **** *   None
 363:.\Generated_Source\PSoC5/isr_LIMIT_CTRL.c **** *
 364:.\Generated_Source\PSoC5/isr_LIMIT_CTRL.c **** *******************************************************************************/
 365:.\Generated_Source\PSoC5/isr_LIMIT_CTRL.c **** void isr_LIMIT_CTRL_ClearPending(void)
 366:.\Generated_Source\PSoC5/isr_LIMIT_CTRL.c **** {
 463              		.loc 1 366 0
 464              		.cfi_startproc
 465              		@ args = 0, pretend = 0, frame = 0
 466              		@ frame_needed = 1, uses_anonymous_args = 0
 467              		@ link register save eliminated.
 468 0000 80B4     		push	{r7}
 469              	.LCFI29:
 470              		.cfi_def_cfa_offset 4
 471              		.cfi_offset 7, -4
 472 0002 00AF     		add	r7, sp, #0
 473              	.LCFI30:
 474              		.cfi_def_cfa_register 7
 367:.\Generated_Source\PSoC5/isr_LIMIT_CTRL.c ****     *isr_LIMIT_CTRL_INTC_CLR_PD = isr_LIMIT_CTRL__INTC_MASK;
 475              		.loc 1 367 0
 476 0004 4EF28023 		movw	r3, #57984
 477 0008 CEF20003 		movt	r3, 57344
 478 000c 4FF08002 		mov	r2, #128
 479 0010 1A60     		str	r2, [r3, #0]
 368:.\Generated_Source\PSoC5/isr_LIMIT_CTRL.c **** }
 480              		.loc 1 368 0
 481 0012 BD46     		mov	sp, r7
 482 0014 80BC     		pop	{r7}
 483 0016 7047     		bx	lr
 484              		.cfi_endproc
 485              	.LFE68:
 486              		.size	isr_LIMIT_CTRL_ClearPending, .-isr_LIMIT_CTRL_ClearPending
 487              		.text
ARM GAS  C:\Users\GRAZIA~1.RAV\AppData\Local\Temp\ccgrdoj0.s 			page 16


 488              	.Letext0:
 489              		.file 2 "c:\\program files (x86)\\cypress\\psoc creator\\3.0\\psoc creator\\import\\gnu_cs\\arm\\4
 490              		.file 3 "./Generated_Source/PSoC5/cytypes.h"
 491              		.file 4 "./Generated_Source/PSoC5/core_cm3.h"
 492              		.section	.debug_info,"",%progbits
 493              	.Ldebug_info0:
 494 0000 94020000 		.4byte	0x294
 495 0004 0200     		.2byte	0x2
 496 0006 00000000 		.4byte	.Ldebug_abbrev0
 497 000a 04       		.byte	0x4
 498 000b 01       		.uleb128 0x1
 499 000c B8020000 		.4byte	.LASF34
 500 0010 01       		.byte	0x1
 501 0011 3F020000 		.4byte	.LASF35
 502 0015 1C010000 		.4byte	.LASF36
 503 0019 00000000 		.4byte	.Ldebug_ranges0+0
 504 001d 00000000 		.4byte	0
 505 0021 00000000 		.4byte	0
 506 0025 00000000 		.4byte	.Ldebug_line0
 507 0029 02       		.uleb128 0x2
 508 002a 01       		.byte	0x1
 509 002b 06       		.byte	0x6
 510 002c AC020000 		.4byte	.LASF0
 511 0030 02       		.uleb128 0x2
 512 0031 01       		.byte	0x1
 513 0032 08       		.byte	0x8
 514 0033 BA000000 		.4byte	.LASF1
 515 0037 02       		.uleb128 0x2
 516 0038 02       		.byte	0x2
 517 0039 05       		.byte	0x5
 518 003a 69020000 		.4byte	.LASF2
 519 003e 02       		.uleb128 0x2
 520 003f 02       		.byte	0x2
 521 0040 07       		.byte	0x7
 522 0041 DF000000 		.4byte	.LASF3
 523 0045 03       		.uleb128 0x3
 524 0046 04       		.byte	0x4
 525 0047 05       		.byte	0x5
 526 0048 696E7400 		.ascii	"int\000"
 527 004c 02       		.uleb128 0x2
 528 004d 04       		.byte	0x4
 529 004e 07       		.byte	0x7
 530 004f B5010000 		.4byte	.LASF4
 531 0053 02       		.uleb128 0x2
 532 0054 08       		.byte	0x8
 533 0055 05       		.byte	0x5
 534 0056 18020000 		.4byte	.LASF5
 535 005a 02       		.uleb128 0x2
 536 005b 08       		.byte	0x8
 537 005c 07       		.byte	0x7
 538 005d CA010000 		.4byte	.LASF6
 539 0061 02       		.uleb128 0x2
 540 0062 04       		.byte	0x4
 541 0063 05       		.byte	0x5
 542 0064 A3020000 		.4byte	.LASF7
 543 0068 02       		.uleb128 0x2
 544 0069 04       		.byte	0x4
ARM GAS  C:\Users\GRAZIA~1.RAV\AppData\Local\Temp\ccgrdoj0.s 			page 17


 545 006a 07       		.byte	0x7
 546 006b 0F020000 		.4byte	.LASF8
 547 006f 02       		.uleb128 0x2
 548 0070 04       		.byte	0x4
 549 0071 07       		.byte	0x7
 550 0072 CD000000 		.4byte	.LASF9
 551 0076 04       		.uleb128 0x4
 552 0077 01       		.byte	0x1
 553 0078 05       		.uleb128 0x5
 554 0079 04       		.byte	0x4
 555 007a 76000000 		.4byte	0x76
 556 007e 02       		.uleb128 0x2
 557 007f 01       		.byte	0x1
 558 0080 08       		.byte	0x8
 559 0081 26020000 		.4byte	.LASF10
 560 0085 06       		.uleb128 0x6
 561 0086 07020000 		.4byte	.LASF11
 562 008a 02       		.byte	0x2
 563 008b 4F       		.byte	0x4f
 564 008c 61000000 		.4byte	0x61
 565 0090 06       		.uleb128 0x6
 566 0091 73020000 		.4byte	.LASF12
 567 0095 03       		.byte	0x3
 568 0096 5B       		.byte	0x5b
 569 0097 30000000 		.4byte	0x30
 570 009b 06       		.uleb128 0x6
 571 009c AE010000 		.4byte	.LASF13
 572 00a0 03       		.byte	0x3
 573 00a1 5D       		.byte	0x5d
 574 00a2 6F000000 		.4byte	0x6f
 575 00a6 02       		.uleb128 0x2
 576 00a7 04       		.byte	0x4
 577 00a8 04       		.byte	0x4
 578 00a9 86000000 		.4byte	.LASF14
 579 00ad 02       		.uleb128 0x2
 580 00ae 08       		.byte	0x8
 581 00af 04       		.byte	0x4
 582 00b0 FF000000 		.4byte	.LASF15
 583 00b4 06       		.uleb128 0x6
 584 00b5 C8000000 		.4byte	.LASF16
 585 00b9 03       		.byte	0x3
 586 00ba F0       		.byte	0xf0
 587 00bb BF000000 		.4byte	0xbf
 588 00bf 07       		.uleb128 0x7
 589 00c0 90000000 		.4byte	0x90
 590 00c4 06       		.uleb128 0x6
 591 00c5 00000000 		.4byte	.LASF17
 592 00c9 03       		.byte	0x3
 593 00ca F2       		.byte	0xf2
 594 00cb CF000000 		.4byte	0xcf
 595 00cf 07       		.uleb128 0x7
 596 00d0 9B000000 		.4byte	0x9b
 597 00d4 08       		.uleb128 0x8
 598 00d5 E1010000 		.4byte	.LASF18
 599 00d9 03       		.byte	0x3
 600 00da 0201     		.2byte	0x102
 601 00dc 78000000 		.4byte	0x78
ARM GAS  C:\Users\GRAZIA~1.RAV\AppData\Local\Temp\ccgrdoj0.s 			page 18


 602 00e0 09       		.uleb128 0x9
 603 00e1 01       		.byte	0x1
 604 00e2 A5000000 		.4byte	.LASF19
 605 00e6 01       		.byte	0x1
 606 00e7 3E       		.byte	0x3e
 607 00e8 01       		.byte	0x1
 608 00e9 00000000 		.4byte	.LFB56
 609 00ed 22000000 		.4byte	.LFE56
 610 00f1 00000000 		.4byte	.LLST0
 611 00f5 01       		.byte	0x1
 612 00f6 0A       		.uleb128 0xa
 613 00f7 01       		.byte	0x1
 614 00f8 01030000 		.4byte	.LASF22
 615 00fc 01       		.byte	0x1
 616 00fd 5C       		.byte	0x5c
 617 00fe 01       		.byte	0x1
 618 00ff 00000000 		.4byte	.LFB57
 619 0103 26000000 		.4byte	.LFE57
 620 0107 2C000000 		.4byte	.LLST1
 621 010b 01       		.byte	0x1
 622 010c 1F010000 		.4byte	0x11f
 623 0110 0B       		.uleb128 0xb
 624 0111 C2010000 		.4byte	.LASF24
 625 0115 01       		.byte	0x1
 626 0116 5C       		.byte	0x5c
 627 0117 D4000000 		.4byte	0xd4
 628 011b 02       		.byte	0x2
 629 011c 91       		.byte	0x91
 630 011d 74       		.sleb128 -12
 631 011e 00       		.byte	0
 632 011f 09       		.uleb128 0x9
 633 0120 01       		.byte	0x1
 634 0121 2B020000 		.4byte	.LASF20
 635 0125 01       		.byte	0x1
 636 0126 79       		.byte	0x79
 637 0127 01       		.byte	0x1
 638 0128 00000000 		.4byte	.LFB58
 639 012c 16000000 		.4byte	.LFE58
 640 0130 64000000 		.4byte	.LLST2
 641 0134 01       		.byte	0x1
 642 0135 09       		.uleb128 0x9
 643 0136 01       		.byte	0x1
 644 0137 EE010000 		.4byte	.LASF21
 645 013b 01       		.byte	0x1
 646 013c 93       		.byte	0x93
 647 013d 01       		.byte	0x1
 648 013e 00000000 		.4byte	.LFB59
 649 0142 0A000000 		.4byte	.LFE59
 650 0146 90000000 		.4byte	.LLST3
 651 014a 01       		.byte	0x1
 652 014b 0C       		.uleb128 0xc
 653 014c 01       		.byte	0x1
 654 014d 8C000000 		.4byte	.LASF23
 655 0151 01       		.byte	0x1
 656 0152 B8       		.byte	0xb8
 657 0153 01       		.byte	0x1
 658 0154 00000000 		.4byte	.LFB60
ARM GAS  C:\Users\GRAZIA~1.RAV\AppData\Local\Temp\ccgrdoj0.s 			page 19


 659 0158 28000000 		.4byte	.LFE60
 660 015c BC000000 		.4byte	.LLST4
 661 0160 01       		.byte	0x1
 662 0161 82010000 		.4byte	0x182
 663 0165 0B       		.uleb128 0xb
 664 0166 C2010000 		.4byte	.LASF24
 665 016a 01       		.byte	0x1
 666 016b B8       		.byte	0xb8
 667 016c D4000000 		.4byte	0xd4
 668 0170 02       		.byte	0x2
 669 0171 91       		.byte	0x91
 670 0172 6C       		.sleb128 -20
 671 0173 0D       		.uleb128 0xd
 672 0174 79020000 		.4byte	.LASF25
 673 0178 01       		.byte	0x1
 674 0179 BA       		.byte	0xba
 675 017a 82010000 		.4byte	0x182
 676 017e 02       		.byte	0x2
 677 017f 91       		.byte	0x91
 678 0180 74       		.sleb128 -12
 679 0181 00       		.byte	0
 680 0182 05       		.uleb128 0x5
 681 0183 04       		.byte	0x4
 682 0184 D4000000 		.4byte	0xd4
 683 0188 0E       		.uleb128 0xe
 684 0189 01       		.byte	0x1
 685 018a 95010000 		.4byte	.LASF28
 686 018e 01       		.byte	0x1
 687 018f D0       		.byte	0xd0
 688 0190 01       		.byte	0x1
 689 0191 D4000000 		.4byte	0xd4
 690 0195 00000000 		.4byte	.LFB61
 691 0199 22000000 		.4byte	.LFE61
 692 019d F4000000 		.4byte	.LLST5
 693 01a1 01       		.byte	0x1
 694 01a2 B5010000 		.4byte	0x1b5
 695 01a6 0D       		.uleb128 0xd
 696 01a7 79020000 		.4byte	.LASF25
 697 01ab 01       		.byte	0x1
 698 01ac D2       		.byte	0xd2
 699 01ad 82010000 		.4byte	0x182
 700 01b1 02       		.byte	0x2
 701 01b2 91       		.byte	0x91
 702 01b3 74       		.sleb128 -12
 703 01b4 00       		.byte	0
 704 01b5 0C       		.uleb128 0xc
 705 01b6 01       		.byte	0x1
 706 01b7 39000000 		.4byte	.LASF26
 707 01bb 01       		.byte	0x1
 708 01bc EC       		.byte	0xec
 709 01bd 01       		.byte	0x1
 710 01be 00000000 		.4byte	.LFB62
 711 01c2 26000000 		.4byte	.LFE62
 712 01c6 2C010000 		.4byte	.LLST6
 713 01ca 01       		.byte	0x1
 714 01cb DE010000 		.4byte	0x1de
 715 01cf 0B       		.uleb128 0xb
ARM GAS  C:\Users\GRAZIA~1.RAV\AppData\Local\Temp\ccgrdoj0.s 			page 20


 716 01d0 8C010000 		.4byte	.LASF27
 717 01d4 01       		.byte	0x1
 718 01d5 EC       		.byte	0xec
 719 01d6 90000000 		.4byte	0x90
 720 01da 02       		.byte	0x2
 721 01db 91       		.byte	0x91
 722 01dc 77       		.sleb128 -9
 723 01dd 00       		.byte	0
 724 01de 0F       		.uleb128 0xf
 725 01df 01       		.byte	0x1
 726 01e0 88020000 		.4byte	.LASF29
 727 01e4 01       		.byte	0x1
 728 01e5 0001     		.2byte	0x100
 729 01e7 01       		.byte	0x1
 730 01e8 90000000 		.4byte	0x90
 731 01ec 00000000 		.4byte	.LFB63
 732 01f0 26000000 		.4byte	.LFE63
 733 01f4 64010000 		.4byte	.LLST7
 734 01f8 01       		.byte	0x1
 735 01f9 0D020000 		.4byte	0x20d
 736 01fd 10       		.uleb128 0x10
 737 01fe 8C010000 		.4byte	.LASF27
 738 0202 01       		.byte	0x1
 739 0203 0201     		.2byte	0x102
 740 0205 90000000 		.4byte	0x90
 741 0209 02       		.byte	0x2
 742 020a 91       		.byte	0x91
 743 020b 77       		.sleb128 -9
 744 020c 00       		.byte	0
 745 020d 11       		.uleb128 0x11
 746 020e 01       		.byte	0x1
 747 020f 06010000 		.4byte	.LASF30
 748 0213 01       		.byte	0x1
 749 0214 1901     		.2byte	0x119
 750 0216 01       		.byte	0x1
 751 0217 00000000 		.4byte	.LFB64
 752 021b 18000000 		.4byte	.LFE64
 753 021f 9C010000 		.4byte	.LLST8
 754 0223 01       		.byte	0x1
 755 0224 12       		.uleb128 0x12
 756 0225 01       		.byte	0x1
 757 0226 54000000 		.4byte	.LASF37
 758 022a 01       		.byte	0x1
 759 022b 2E01     		.2byte	0x12e
 760 022d 01       		.byte	0x1
 761 022e 90000000 		.4byte	0x90
 762 0232 00000000 		.4byte	.LFB65
 763 0236 28000000 		.4byte	.LFE65
 764 023a C8010000 		.4byte	.LLST9
 765 023e 01       		.byte	0x1
 766 023f 11       		.uleb128 0x11
 767 0240 01       		.byte	0x1
 768 0241 22000000 		.4byte	.LASF31
 769 0245 01       		.byte	0x1
 770 0246 4301     		.2byte	0x143
 771 0248 01       		.byte	0x1
 772 0249 00000000 		.4byte	.LFB66
ARM GAS  C:\Users\GRAZIA~1.RAV\AppData\Local\Temp\ccgrdoj0.s 			page 21


 773 024d 18000000 		.4byte	.LFE66
 774 0251 F4010000 		.4byte	.LLST10
 775 0255 01       		.byte	0x1
 776 0256 11       		.uleb128 0x11
 777 0257 01       		.byte	0x1
 778 0258 6C000000 		.4byte	.LASF32
 779 025c 01       		.byte	0x1
 780 025d 5901     		.2byte	0x159
 781 025f 01       		.byte	0x1
 782 0260 00000000 		.4byte	.LFB67
 783 0264 18000000 		.4byte	.LFE67
 784 0268 20020000 		.4byte	.LLST11
 785 026c 01       		.byte	0x1
 786 026d 11       		.uleb128 0x11
 787 026e 01       		.byte	0x1
 788 026f 06000000 		.4byte	.LASF33
 789 0273 01       		.byte	0x1
 790 0274 6D01     		.2byte	0x16d
 791 0276 01       		.byte	0x1
 792 0277 00000000 		.4byte	.LFB68
 793 027b 18000000 		.4byte	.LFE68
 794 027f 4C020000 		.4byte	.LLST12
 795 0283 01       		.byte	0x1
 796 0284 13       		.uleb128 0x13
 797 0285 F2000000 		.4byte	.LASF38
 798 0289 04       		.byte	0x4
 799 028a 1606     		.2byte	0x616
 800 028c 92020000 		.4byte	0x292
 801 0290 01       		.byte	0x1
 802 0291 01       		.byte	0x1
 803 0292 07       		.uleb128 0x7
 804 0293 85000000 		.4byte	0x85
 805 0297 00       		.byte	0
 806              		.section	.debug_abbrev,"",%progbits
 807              	.Ldebug_abbrev0:
 808 0000 01       		.uleb128 0x1
 809 0001 11       		.uleb128 0x11
 810 0002 01       		.byte	0x1
 811 0003 25       		.uleb128 0x25
 812 0004 0E       		.uleb128 0xe
 813 0005 13       		.uleb128 0x13
 814 0006 0B       		.uleb128 0xb
 815 0007 03       		.uleb128 0x3
 816 0008 0E       		.uleb128 0xe
 817 0009 1B       		.uleb128 0x1b
 818 000a 0E       		.uleb128 0xe
 819 000b 55       		.uleb128 0x55
 820 000c 06       		.uleb128 0x6
 821 000d 11       		.uleb128 0x11
 822 000e 01       		.uleb128 0x1
 823 000f 52       		.uleb128 0x52
 824 0010 01       		.uleb128 0x1
 825 0011 10       		.uleb128 0x10
 826 0012 06       		.uleb128 0x6
 827 0013 00       		.byte	0
 828 0014 00       		.byte	0
 829 0015 02       		.uleb128 0x2
ARM GAS  C:\Users\GRAZIA~1.RAV\AppData\Local\Temp\ccgrdoj0.s 			page 22


 830 0016 24       		.uleb128 0x24
 831 0017 00       		.byte	0
 832 0018 0B       		.uleb128 0xb
 833 0019 0B       		.uleb128 0xb
 834 001a 3E       		.uleb128 0x3e
 835 001b 0B       		.uleb128 0xb
 836 001c 03       		.uleb128 0x3
 837 001d 0E       		.uleb128 0xe
 838 001e 00       		.byte	0
 839 001f 00       		.byte	0
 840 0020 03       		.uleb128 0x3
 841 0021 24       		.uleb128 0x24
 842 0022 00       		.byte	0
 843 0023 0B       		.uleb128 0xb
 844 0024 0B       		.uleb128 0xb
 845 0025 3E       		.uleb128 0x3e
 846 0026 0B       		.uleb128 0xb
 847 0027 03       		.uleb128 0x3
 848 0028 08       		.uleb128 0x8
 849 0029 00       		.byte	0
 850 002a 00       		.byte	0
 851 002b 04       		.uleb128 0x4
 852 002c 15       		.uleb128 0x15
 853 002d 00       		.byte	0
 854 002e 27       		.uleb128 0x27
 855 002f 0C       		.uleb128 0xc
 856 0030 00       		.byte	0
 857 0031 00       		.byte	0
 858 0032 05       		.uleb128 0x5
 859 0033 0F       		.uleb128 0xf
 860 0034 00       		.byte	0
 861 0035 0B       		.uleb128 0xb
 862 0036 0B       		.uleb128 0xb
 863 0037 49       		.uleb128 0x49
 864 0038 13       		.uleb128 0x13
 865 0039 00       		.byte	0
 866 003a 00       		.byte	0
 867 003b 06       		.uleb128 0x6
 868 003c 16       		.uleb128 0x16
 869 003d 00       		.byte	0
 870 003e 03       		.uleb128 0x3
 871 003f 0E       		.uleb128 0xe
 872 0040 3A       		.uleb128 0x3a
 873 0041 0B       		.uleb128 0xb
 874 0042 3B       		.uleb128 0x3b
 875 0043 0B       		.uleb128 0xb
 876 0044 49       		.uleb128 0x49
 877 0045 13       		.uleb128 0x13
 878 0046 00       		.byte	0
 879 0047 00       		.byte	0
 880 0048 07       		.uleb128 0x7
 881 0049 35       		.uleb128 0x35
 882 004a 00       		.byte	0
 883 004b 49       		.uleb128 0x49
 884 004c 13       		.uleb128 0x13
 885 004d 00       		.byte	0
 886 004e 00       		.byte	0
ARM GAS  C:\Users\GRAZIA~1.RAV\AppData\Local\Temp\ccgrdoj0.s 			page 23


 887 004f 08       		.uleb128 0x8
 888 0050 16       		.uleb128 0x16
 889 0051 00       		.byte	0
 890 0052 03       		.uleb128 0x3
 891 0053 0E       		.uleb128 0xe
 892 0054 3A       		.uleb128 0x3a
 893 0055 0B       		.uleb128 0xb
 894 0056 3B       		.uleb128 0x3b
 895 0057 05       		.uleb128 0x5
 896 0058 49       		.uleb128 0x49
 897 0059 13       		.uleb128 0x13
 898 005a 00       		.byte	0
 899 005b 00       		.byte	0
 900 005c 09       		.uleb128 0x9
 901 005d 2E       		.uleb128 0x2e
 902 005e 00       		.byte	0
 903 005f 3F       		.uleb128 0x3f
 904 0060 0C       		.uleb128 0xc
 905 0061 03       		.uleb128 0x3
 906 0062 0E       		.uleb128 0xe
 907 0063 3A       		.uleb128 0x3a
 908 0064 0B       		.uleb128 0xb
 909 0065 3B       		.uleb128 0x3b
 910 0066 0B       		.uleb128 0xb
 911 0067 27       		.uleb128 0x27
 912 0068 0C       		.uleb128 0xc
 913 0069 11       		.uleb128 0x11
 914 006a 01       		.uleb128 0x1
 915 006b 12       		.uleb128 0x12
 916 006c 01       		.uleb128 0x1
 917 006d 40       		.uleb128 0x40
 918 006e 06       		.uleb128 0x6
 919 006f 9642     		.uleb128 0x2116
 920 0071 0C       		.uleb128 0xc
 921 0072 00       		.byte	0
 922 0073 00       		.byte	0
 923 0074 0A       		.uleb128 0xa
 924 0075 2E       		.uleb128 0x2e
 925 0076 01       		.byte	0x1
 926 0077 3F       		.uleb128 0x3f
 927 0078 0C       		.uleb128 0xc
 928 0079 03       		.uleb128 0x3
 929 007a 0E       		.uleb128 0xe
 930 007b 3A       		.uleb128 0x3a
 931 007c 0B       		.uleb128 0xb
 932 007d 3B       		.uleb128 0x3b
 933 007e 0B       		.uleb128 0xb
 934 007f 27       		.uleb128 0x27
 935 0080 0C       		.uleb128 0xc
 936 0081 11       		.uleb128 0x11
 937 0082 01       		.uleb128 0x1
 938 0083 12       		.uleb128 0x12
 939 0084 01       		.uleb128 0x1
 940 0085 40       		.uleb128 0x40
 941 0086 06       		.uleb128 0x6
 942 0087 9642     		.uleb128 0x2116
 943 0089 0C       		.uleb128 0xc
ARM GAS  C:\Users\GRAZIA~1.RAV\AppData\Local\Temp\ccgrdoj0.s 			page 24


 944 008a 01       		.uleb128 0x1
 945 008b 13       		.uleb128 0x13
 946 008c 00       		.byte	0
 947 008d 00       		.byte	0
 948 008e 0B       		.uleb128 0xb
 949 008f 05       		.uleb128 0x5
 950 0090 00       		.byte	0
 951 0091 03       		.uleb128 0x3
 952 0092 0E       		.uleb128 0xe
 953 0093 3A       		.uleb128 0x3a
 954 0094 0B       		.uleb128 0xb
 955 0095 3B       		.uleb128 0x3b
 956 0096 0B       		.uleb128 0xb
 957 0097 49       		.uleb128 0x49
 958 0098 13       		.uleb128 0x13
 959 0099 02       		.uleb128 0x2
 960 009a 0A       		.uleb128 0xa
 961 009b 00       		.byte	0
 962 009c 00       		.byte	0
 963 009d 0C       		.uleb128 0xc
 964 009e 2E       		.uleb128 0x2e
 965 009f 01       		.byte	0x1
 966 00a0 3F       		.uleb128 0x3f
 967 00a1 0C       		.uleb128 0xc
 968 00a2 03       		.uleb128 0x3
 969 00a3 0E       		.uleb128 0xe
 970 00a4 3A       		.uleb128 0x3a
 971 00a5 0B       		.uleb128 0xb
 972 00a6 3B       		.uleb128 0x3b
 973 00a7 0B       		.uleb128 0xb
 974 00a8 27       		.uleb128 0x27
 975 00a9 0C       		.uleb128 0xc
 976 00aa 11       		.uleb128 0x11
 977 00ab 01       		.uleb128 0x1
 978 00ac 12       		.uleb128 0x12
 979 00ad 01       		.uleb128 0x1
 980 00ae 40       		.uleb128 0x40
 981 00af 06       		.uleb128 0x6
 982 00b0 9742     		.uleb128 0x2117
 983 00b2 0C       		.uleb128 0xc
 984 00b3 01       		.uleb128 0x1
 985 00b4 13       		.uleb128 0x13
 986 00b5 00       		.byte	0
 987 00b6 00       		.byte	0
 988 00b7 0D       		.uleb128 0xd
 989 00b8 34       		.uleb128 0x34
 990 00b9 00       		.byte	0
 991 00ba 03       		.uleb128 0x3
 992 00bb 0E       		.uleb128 0xe
 993 00bc 3A       		.uleb128 0x3a
 994 00bd 0B       		.uleb128 0xb
 995 00be 3B       		.uleb128 0x3b
 996 00bf 0B       		.uleb128 0xb
 997 00c0 49       		.uleb128 0x49
 998 00c1 13       		.uleb128 0x13
 999 00c2 02       		.uleb128 0x2
 1000 00c3 0A       		.uleb128 0xa
ARM GAS  C:\Users\GRAZIA~1.RAV\AppData\Local\Temp\ccgrdoj0.s 			page 25


 1001 00c4 00       		.byte	0
 1002 00c5 00       		.byte	0
 1003 00c6 0E       		.uleb128 0xe
 1004 00c7 2E       		.uleb128 0x2e
 1005 00c8 01       		.byte	0x1
 1006 00c9 3F       		.uleb128 0x3f
 1007 00ca 0C       		.uleb128 0xc
 1008 00cb 03       		.uleb128 0x3
 1009 00cc 0E       		.uleb128 0xe
 1010 00cd 3A       		.uleb128 0x3a
 1011 00ce 0B       		.uleb128 0xb
 1012 00cf 3B       		.uleb128 0x3b
 1013 00d0 0B       		.uleb128 0xb
 1014 00d1 27       		.uleb128 0x27
 1015 00d2 0C       		.uleb128 0xc
 1016 00d3 49       		.uleb128 0x49
 1017 00d4 13       		.uleb128 0x13
 1018 00d5 11       		.uleb128 0x11
 1019 00d6 01       		.uleb128 0x1
 1020 00d7 12       		.uleb128 0x12
 1021 00d8 01       		.uleb128 0x1
 1022 00d9 40       		.uleb128 0x40
 1023 00da 06       		.uleb128 0x6
 1024 00db 9742     		.uleb128 0x2117
 1025 00dd 0C       		.uleb128 0xc
 1026 00de 01       		.uleb128 0x1
 1027 00df 13       		.uleb128 0x13
 1028 00e0 00       		.byte	0
 1029 00e1 00       		.byte	0
 1030 00e2 0F       		.uleb128 0xf
 1031 00e3 2E       		.uleb128 0x2e
 1032 00e4 01       		.byte	0x1
 1033 00e5 3F       		.uleb128 0x3f
 1034 00e6 0C       		.uleb128 0xc
 1035 00e7 03       		.uleb128 0x3
 1036 00e8 0E       		.uleb128 0xe
 1037 00e9 3A       		.uleb128 0x3a
 1038 00ea 0B       		.uleb128 0xb
 1039 00eb 3B       		.uleb128 0x3b
 1040 00ec 05       		.uleb128 0x5
 1041 00ed 27       		.uleb128 0x27
 1042 00ee 0C       		.uleb128 0xc
 1043 00ef 49       		.uleb128 0x49
 1044 00f0 13       		.uleb128 0x13
 1045 00f1 11       		.uleb128 0x11
 1046 00f2 01       		.uleb128 0x1
 1047 00f3 12       		.uleb128 0x12
 1048 00f4 01       		.uleb128 0x1
 1049 00f5 40       		.uleb128 0x40
 1050 00f6 06       		.uleb128 0x6
 1051 00f7 9742     		.uleb128 0x2117
 1052 00f9 0C       		.uleb128 0xc
 1053 00fa 01       		.uleb128 0x1
 1054 00fb 13       		.uleb128 0x13
 1055 00fc 00       		.byte	0
 1056 00fd 00       		.byte	0
 1057 00fe 10       		.uleb128 0x10
ARM GAS  C:\Users\GRAZIA~1.RAV\AppData\Local\Temp\ccgrdoj0.s 			page 26


 1058 00ff 34       		.uleb128 0x34
 1059 0100 00       		.byte	0
 1060 0101 03       		.uleb128 0x3
 1061 0102 0E       		.uleb128 0xe
 1062 0103 3A       		.uleb128 0x3a
 1063 0104 0B       		.uleb128 0xb
 1064 0105 3B       		.uleb128 0x3b
 1065 0106 05       		.uleb128 0x5
 1066 0107 49       		.uleb128 0x49
 1067 0108 13       		.uleb128 0x13
 1068 0109 02       		.uleb128 0x2
 1069 010a 0A       		.uleb128 0xa
 1070 010b 00       		.byte	0
 1071 010c 00       		.byte	0
 1072 010d 11       		.uleb128 0x11
 1073 010e 2E       		.uleb128 0x2e
 1074 010f 00       		.byte	0
 1075 0110 3F       		.uleb128 0x3f
 1076 0111 0C       		.uleb128 0xc
 1077 0112 03       		.uleb128 0x3
 1078 0113 0E       		.uleb128 0xe
 1079 0114 3A       		.uleb128 0x3a
 1080 0115 0B       		.uleb128 0xb
 1081 0116 3B       		.uleb128 0x3b
 1082 0117 05       		.uleb128 0x5
 1083 0118 27       		.uleb128 0x27
 1084 0119 0C       		.uleb128 0xc
 1085 011a 11       		.uleb128 0x11
 1086 011b 01       		.uleb128 0x1
 1087 011c 12       		.uleb128 0x12
 1088 011d 01       		.uleb128 0x1
 1089 011e 40       		.uleb128 0x40
 1090 011f 06       		.uleb128 0x6
 1091 0120 9742     		.uleb128 0x2117
 1092 0122 0C       		.uleb128 0xc
 1093 0123 00       		.byte	0
 1094 0124 00       		.byte	0
 1095 0125 12       		.uleb128 0x12
 1096 0126 2E       		.uleb128 0x2e
 1097 0127 00       		.byte	0
 1098 0128 3F       		.uleb128 0x3f
 1099 0129 0C       		.uleb128 0xc
 1100 012a 03       		.uleb128 0x3
 1101 012b 0E       		.uleb128 0xe
 1102 012c 3A       		.uleb128 0x3a
 1103 012d 0B       		.uleb128 0xb
 1104 012e 3B       		.uleb128 0x3b
 1105 012f 05       		.uleb128 0x5
 1106 0130 27       		.uleb128 0x27
 1107 0131 0C       		.uleb128 0xc
 1108 0132 49       		.uleb128 0x49
 1109 0133 13       		.uleb128 0x13
 1110 0134 11       		.uleb128 0x11
 1111 0135 01       		.uleb128 0x1
 1112 0136 12       		.uleb128 0x12
 1113 0137 01       		.uleb128 0x1
 1114 0138 40       		.uleb128 0x40
ARM GAS  C:\Users\GRAZIA~1.RAV\AppData\Local\Temp\ccgrdoj0.s 			page 27


 1115 0139 06       		.uleb128 0x6
 1116 013a 9742     		.uleb128 0x2117
 1117 013c 0C       		.uleb128 0xc
 1118 013d 00       		.byte	0
 1119 013e 00       		.byte	0
 1120 013f 13       		.uleb128 0x13
 1121 0140 34       		.uleb128 0x34
 1122 0141 00       		.byte	0
 1123 0142 03       		.uleb128 0x3
 1124 0143 0E       		.uleb128 0xe
 1125 0144 3A       		.uleb128 0x3a
 1126 0145 0B       		.uleb128 0xb
 1127 0146 3B       		.uleb128 0x3b
 1128 0147 05       		.uleb128 0x5
 1129 0148 49       		.uleb128 0x49
 1130 0149 13       		.uleb128 0x13
 1131 014a 3F       		.uleb128 0x3f
 1132 014b 0C       		.uleb128 0xc
 1133 014c 3C       		.uleb128 0x3c
 1134 014d 0C       		.uleb128 0xc
 1135 014e 00       		.byte	0
 1136 014f 00       		.byte	0
 1137 0150 00       		.byte	0
 1138              		.section	.debug_loc,"",%progbits
 1139              	.Ldebug_loc0:
 1140              	.LLST0:
 1141 0000 00000000 		.4byte	.LFB56
 1142 0004 02000000 		.4byte	.LCFI0
 1143 0008 0200     		.2byte	0x2
 1144 000a 7D       		.byte	0x7d
 1145 000b 00       		.sleb128 0
 1146 000c 02000000 		.4byte	.LCFI0
 1147 0010 04000000 		.4byte	.LCFI1
 1148 0014 0200     		.2byte	0x2
 1149 0016 7D       		.byte	0x7d
 1150 0017 08       		.sleb128 8
 1151 0018 04000000 		.4byte	.LCFI1
 1152 001c 22000000 		.4byte	.LFE56
 1153 0020 0200     		.2byte	0x2
 1154 0022 77       		.byte	0x77
 1155 0023 08       		.sleb128 8
 1156 0024 00000000 		.4byte	0
 1157 0028 00000000 		.4byte	0
 1158              	.LLST1:
 1159 002c 00000000 		.4byte	.LFB57
 1160 0030 02000000 		.4byte	.LCFI2
 1161 0034 0200     		.2byte	0x2
 1162 0036 7D       		.byte	0x7d
 1163 0037 00       		.sleb128 0
 1164 0038 02000000 		.4byte	.LCFI2
 1165 003c 04000000 		.4byte	.LCFI3
 1166 0040 0200     		.2byte	0x2
 1167 0042 7D       		.byte	0x7d
 1168 0043 08       		.sleb128 8
 1169 0044 04000000 		.4byte	.LCFI3
 1170 0048 06000000 		.4byte	.LCFI4
 1171 004c 0200     		.2byte	0x2
ARM GAS  C:\Users\GRAZIA~1.RAV\AppData\Local\Temp\ccgrdoj0.s 			page 28


 1172 004e 7D       		.byte	0x7d
 1173 004f 10       		.sleb128 16
 1174 0050 06000000 		.4byte	.LCFI4
 1175 0054 26000000 		.4byte	.LFE57
 1176 0058 0200     		.2byte	0x2
 1177 005a 77       		.byte	0x77
 1178 005b 10       		.sleb128 16
 1179 005c 00000000 		.4byte	0
 1180 0060 00000000 		.4byte	0
 1181              	.LLST2:
 1182 0064 00000000 		.4byte	.LFB58
 1183 0068 02000000 		.4byte	.LCFI5
 1184 006c 0200     		.2byte	0x2
 1185 006e 7D       		.byte	0x7d
 1186 006f 00       		.sleb128 0
 1187 0070 02000000 		.4byte	.LCFI5
 1188 0074 04000000 		.4byte	.LCFI6
 1189 0078 0200     		.2byte	0x2
 1190 007a 7D       		.byte	0x7d
 1191 007b 08       		.sleb128 8
 1192 007c 04000000 		.4byte	.LCFI6
 1193 0080 16000000 		.4byte	.LFE58
 1194 0084 0200     		.2byte	0x2
 1195 0086 77       		.byte	0x77
 1196 0087 08       		.sleb128 8
 1197 0088 00000000 		.4byte	0
 1198 008c 00000000 		.4byte	0
 1199              	.LLST3:
 1200 0090 00000000 		.4byte	.LFB59
 1201 0094 02000000 		.4byte	.LCFI7
 1202 0098 0200     		.2byte	0x2
 1203 009a 7D       		.byte	0x7d
 1204 009b 00       		.sleb128 0
 1205 009c 02000000 		.4byte	.LCFI7
 1206 00a0 04000000 		.4byte	.LCFI8
 1207 00a4 0200     		.2byte	0x2
 1208 00a6 7D       		.byte	0x7d
 1209 00a7 08       		.sleb128 8
 1210 00a8 04000000 		.4byte	.LCFI8
 1211 00ac 0A000000 		.4byte	.LFE59
 1212 00b0 0200     		.2byte	0x2
 1213 00b2 77       		.byte	0x77
 1214 00b3 08       		.sleb128 8
 1215 00b4 00000000 		.4byte	0
 1216 00b8 00000000 		.4byte	0
 1217              	.LLST4:
 1218 00bc 00000000 		.4byte	.LFB60
 1219 00c0 02000000 		.4byte	.LCFI9
 1220 00c4 0200     		.2byte	0x2
 1221 00c6 7D       		.byte	0x7d
 1222 00c7 00       		.sleb128 0
 1223 00c8 02000000 		.4byte	.LCFI9
 1224 00cc 04000000 		.4byte	.LCFI10
 1225 00d0 0200     		.2byte	0x2
 1226 00d2 7D       		.byte	0x7d
 1227 00d3 04       		.sleb128 4
 1228 00d4 04000000 		.4byte	.LCFI10
ARM GAS  C:\Users\GRAZIA~1.RAV\AppData\Local\Temp\ccgrdoj0.s 			page 29


 1229 00d8 06000000 		.4byte	.LCFI11
 1230 00dc 0200     		.2byte	0x2
 1231 00de 7D       		.byte	0x7d
 1232 00df 18       		.sleb128 24
 1233 00e0 06000000 		.4byte	.LCFI11
 1234 00e4 28000000 		.4byte	.LFE60
 1235 00e8 0200     		.2byte	0x2
 1236 00ea 77       		.byte	0x77
 1237 00eb 18       		.sleb128 24
 1238 00ec 00000000 		.4byte	0
 1239 00f0 00000000 		.4byte	0
 1240              	.LLST5:
 1241 00f4 00000000 		.4byte	.LFB61
 1242 00f8 02000000 		.4byte	.LCFI12
 1243 00fc 0200     		.2byte	0x2
 1244 00fe 7D       		.byte	0x7d
 1245 00ff 00       		.sleb128 0
 1246 0100 02000000 		.4byte	.LCFI12
 1247 0104 04000000 		.4byte	.LCFI13
 1248 0108 0200     		.2byte	0x2
 1249 010a 7D       		.byte	0x7d
 1250 010b 04       		.sleb128 4
 1251 010c 04000000 		.4byte	.LCFI13
 1252 0110 06000000 		.4byte	.LCFI14
 1253 0114 0200     		.2byte	0x2
 1254 0116 7D       		.byte	0x7d
 1255 0117 10       		.sleb128 16
 1256 0118 06000000 		.4byte	.LCFI14
 1257 011c 22000000 		.4byte	.LFE61
 1258 0120 0200     		.2byte	0x2
 1259 0122 77       		.byte	0x77
 1260 0123 10       		.sleb128 16
 1261 0124 00000000 		.4byte	0
 1262 0128 00000000 		.4byte	0
 1263              	.LLST6:
 1264 012c 00000000 		.4byte	.LFB62
 1265 0130 02000000 		.4byte	.LCFI15
 1266 0134 0200     		.2byte	0x2
 1267 0136 7D       		.byte	0x7d
 1268 0137 00       		.sleb128 0
 1269 0138 02000000 		.4byte	.LCFI15
 1270 013c 04000000 		.4byte	.LCFI16
 1271 0140 0200     		.2byte	0x2
 1272 0142 7D       		.byte	0x7d
 1273 0143 04       		.sleb128 4
 1274 0144 04000000 		.4byte	.LCFI16
 1275 0148 06000000 		.4byte	.LCFI17
 1276 014c 0200     		.2byte	0x2
 1277 014e 7D       		.byte	0x7d
 1278 014f 10       		.sleb128 16
 1279 0150 06000000 		.4byte	.LCFI17
 1280 0154 26000000 		.4byte	.LFE62
 1281 0158 0200     		.2byte	0x2
 1282 015a 77       		.byte	0x77
 1283 015b 10       		.sleb128 16
 1284 015c 00000000 		.4byte	0
 1285 0160 00000000 		.4byte	0
ARM GAS  C:\Users\GRAZIA~1.RAV\AppData\Local\Temp\ccgrdoj0.s 			page 30


 1286              	.LLST7:
 1287 0164 00000000 		.4byte	.LFB63
 1288 0168 02000000 		.4byte	.LCFI18
 1289 016c 0200     		.2byte	0x2
 1290 016e 7D       		.byte	0x7d
 1291 016f 00       		.sleb128 0
 1292 0170 02000000 		.4byte	.LCFI18
 1293 0174 04000000 		.4byte	.LCFI19
 1294 0178 0200     		.2byte	0x2
 1295 017a 7D       		.byte	0x7d
 1296 017b 04       		.sleb128 4
 1297 017c 04000000 		.4byte	.LCFI19
 1298 0180 06000000 		.4byte	.LCFI20
 1299 0184 0200     		.2byte	0x2
 1300 0186 7D       		.byte	0x7d
 1301 0187 10       		.sleb128 16
 1302 0188 06000000 		.4byte	.LCFI20
 1303 018c 26000000 		.4byte	.LFE63
 1304 0190 0200     		.2byte	0x2
 1305 0192 77       		.byte	0x77
 1306 0193 10       		.sleb128 16
 1307 0194 00000000 		.4byte	0
 1308 0198 00000000 		.4byte	0
 1309              	.LLST8:
 1310 019c 00000000 		.4byte	.LFB64
 1311 01a0 02000000 		.4byte	.LCFI21
 1312 01a4 0200     		.2byte	0x2
 1313 01a6 7D       		.byte	0x7d
 1314 01a7 00       		.sleb128 0
 1315 01a8 02000000 		.4byte	.LCFI21
 1316 01ac 04000000 		.4byte	.LCFI22
 1317 01b0 0200     		.2byte	0x2
 1318 01b2 7D       		.byte	0x7d
 1319 01b3 04       		.sleb128 4
 1320 01b4 04000000 		.4byte	.LCFI22
 1321 01b8 18000000 		.4byte	.LFE64
 1322 01bc 0200     		.2byte	0x2
 1323 01be 77       		.byte	0x77
 1324 01bf 04       		.sleb128 4
 1325 01c0 00000000 		.4byte	0
 1326 01c4 00000000 		.4byte	0
 1327              	.LLST9:
 1328 01c8 00000000 		.4byte	.LFB65
 1329 01cc 02000000 		.4byte	.LCFI23
 1330 01d0 0200     		.2byte	0x2
 1331 01d2 7D       		.byte	0x7d
 1332 01d3 00       		.sleb128 0
 1333 01d4 02000000 		.4byte	.LCFI23
 1334 01d8 04000000 		.4byte	.LCFI24
 1335 01dc 0200     		.2byte	0x2
 1336 01de 7D       		.byte	0x7d
 1337 01df 04       		.sleb128 4
 1338 01e0 04000000 		.4byte	.LCFI24
 1339 01e4 28000000 		.4byte	.LFE65
 1340 01e8 0200     		.2byte	0x2
 1341 01ea 77       		.byte	0x77
 1342 01eb 04       		.sleb128 4
ARM GAS  C:\Users\GRAZIA~1.RAV\AppData\Local\Temp\ccgrdoj0.s 			page 31


 1343 01ec 00000000 		.4byte	0
 1344 01f0 00000000 		.4byte	0
 1345              	.LLST10:
 1346 01f4 00000000 		.4byte	.LFB66
 1347 01f8 02000000 		.4byte	.LCFI25
 1348 01fc 0200     		.2byte	0x2
 1349 01fe 7D       		.byte	0x7d
 1350 01ff 00       		.sleb128 0
 1351 0200 02000000 		.4byte	.LCFI25
 1352 0204 04000000 		.4byte	.LCFI26
 1353 0208 0200     		.2byte	0x2
 1354 020a 7D       		.byte	0x7d
 1355 020b 04       		.sleb128 4
 1356 020c 04000000 		.4byte	.LCFI26
 1357 0210 18000000 		.4byte	.LFE66
 1358 0214 0200     		.2byte	0x2
 1359 0216 77       		.byte	0x77
 1360 0217 04       		.sleb128 4
 1361 0218 00000000 		.4byte	0
 1362 021c 00000000 		.4byte	0
 1363              	.LLST11:
 1364 0220 00000000 		.4byte	.LFB67
 1365 0224 02000000 		.4byte	.LCFI27
 1366 0228 0200     		.2byte	0x2
 1367 022a 7D       		.byte	0x7d
 1368 022b 00       		.sleb128 0
 1369 022c 02000000 		.4byte	.LCFI27
 1370 0230 04000000 		.4byte	.LCFI28
 1371 0234 0200     		.2byte	0x2
 1372 0236 7D       		.byte	0x7d
 1373 0237 04       		.sleb128 4
 1374 0238 04000000 		.4byte	.LCFI28
 1375 023c 18000000 		.4byte	.LFE67
 1376 0240 0200     		.2byte	0x2
 1377 0242 77       		.byte	0x77
 1378 0243 04       		.sleb128 4
 1379 0244 00000000 		.4byte	0
 1380 0248 00000000 		.4byte	0
 1381              	.LLST12:
 1382 024c 00000000 		.4byte	.LFB68
 1383 0250 02000000 		.4byte	.LCFI29
 1384 0254 0200     		.2byte	0x2
 1385 0256 7D       		.byte	0x7d
 1386 0257 00       		.sleb128 0
 1387 0258 02000000 		.4byte	.LCFI29
 1388 025c 04000000 		.4byte	.LCFI30
 1389 0260 0200     		.2byte	0x2
 1390 0262 7D       		.byte	0x7d
 1391 0263 04       		.sleb128 4
 1392 0264 04000000 		.4byte	.LCFI30
 1393 0268 18000000 		.4byte	.LFE68
 1394 026c 0200     		.2byte	0x2
 1395 026e 77       		.byte	0x77
 1396 026f 04       		.sleb128 4
 1397 0270 00000000 		.4byte	0
 1398 0274 00000000 		.4byte	0
 1399              		.section	.debug_aranges,"",%progbits
ARM GAS  C:\Users\GRAZIA~1.RAV\AppData\Local\Temp\ccgrdoj0.s 			page 32


 1400 0000 7C000000 		.4byte	0x7c
 1401 0004 0200     		.2byte	0x2
 1402 0006 00000000 		.4byte	.Ldebug_info0
 1403 000a 04       		.byte	0x4
 1404 000b 00       		.byte	0
 1405 000c 0000     		.2byte	0
 1406 000e 0000     		.2byte	0
 1407 0010 00000000 		.4byte	.LFB56
 1408 0014 22000000 		.4byte	.LFE56-.LFB56
 1409 0018 00000000 		.4byte	.LFB57
 1410 001c 26000000 		.4byte	.LFE57-.LFB57
 1411 0020 00000000 		.4byte	.LFB58
 1412 0024 16000000 		.4byte	.LFE58-.LFB58
 1413 0028 00000000 		.4byte	.LFB59
 1414 002c 0A000000 		.4byte	.LFE59-.LFB59
 1415 0030 00000000 		.4byte	.LFB60
 1416 0034 28000000 		.4byte	.LFE60-.LFB60
 1417 0038 00000000 		.4byte	.LFB61
 1418 003c 22000000 		.4byte	.LFE61-.LFB61
 1419 0040 00000000 		.4byte	.LFB62
 1420 0044 26000000 		.4byte	.LFE62-.LFB62
 1421 0048 00000000 		.4byte	.LFB63
 1422 004c 26000000 		.4byte	.LFE63-.LFB63
 1423 0050 00000000 		.4byte	.LFB64
 1424 0054 18000000 		.4byte	.LFE64-.LFB64
 1425 0058 00000000 		.4byte	.LFB65
 1426 005c 28000000 		.4byte	.LFE65-.LFB65
 1427 0060 00000000 		.4byte	.LFB66
 1428 0064 18000000 		.4byte	.LFE66-.LFB66
 1429 0068 00000000 		.4byte	.LFB67
 1430 006c 18000000 		.4byte	.LFE67-.LFB67
 1431 0070 00000000 		.4byte	.LFB68
 1432 0074 18000000 		.4byte	.LFE68-.LFB68
 1433 0078 00000000 		.4byte	0
 1434 007c 00000000 		.4byte	0
 1435              		.section	.debug_ranges,"",%progbits
 1436              	.Ldebug_ranges0:
 1437 0000 00000000 		.4byte	.LFB56
 1438 0004 22000000 		.4byte	.LFE56
 1439 0008 00000000 		.4byte	.LFB57
 1440 000c 26000000 		.4byte	.LFE57
 1441 0010 00000000 		.4byte	.LFB58
 1442 0014 16000000 		.4byte	.LFE58
 1443 0018 00000000 		.4byte	.LFB59
 1444 001c 0A000000 		.4byte	.LFE59
 1445 0020 00000000 		.4byte	.LFB60
 1446 0024 28000000 		.4byte	.LFE60
 1447 0028 00000000 		.4byte	.LFB61
 1448 002c 22000000 		.4byte	.LFE61
 1449 0030 00000000 		.4byte	.LFB62
 1450 0034 26000000 		.4byte	.LFE62
 1451 0038 00000000 		.4byte	.LFB63
 1452 003c 26000000 		.4byte	.LFE63
 1453 0040 00000000 		.4byte	.LFB64
 1454 0044 18000000 		.4byte	.LFE64
 1455 0048 00000000 		.4byte	.LFB65
 1456 004c 28000000 		.4byte	.LFE65
ARM GAS  C:\Users\GRAZIA~1.RAV\AppData\Local\Temp\ccgrdoj0.s 			page 33


 1457 0050 00000000 		.4byte	.LFB66
 1458 0054 18000000 		.4byte	.LFE66
 1459 0058 00000000 		.4byte	.LFB67
 1460 005c 18000000 		.4byte	.LFE67
 1461 0060 00000000 		.4byte	.LFB68
 1462 0064 18000000 		.4byte	.LFE68
 1463 0068 00000000 		.4byte	0
 1464 006c 00000000 		.4byte	0
 1465              		.section	.debug_line,"",%progbits
 1466              	.Ldebug_line0:
 1467 0000 0C020000 		.section	.debug_str,"MS",%progbits,1
 1467      02000101 
 1467      00000201 
 1467      FB0E0D00 
 1467      01010101 
 1468              	.LASF17:
 1469 0000 72656733 		.ascii	"reg32\000"
 1469      3200
 1470              	.LASF33:
 1471 0006 6973725F 		.ascii	"isr_LIMIT_CTRL_ClearPending\000"
 1471      4C494D49 
 1471      545F4354 
 1471      524C5F43 
 1471      6C656172 
 1472              	.LASF31:
 1473 0022 6973725F 		.ascii	"isr_LIMIT_CTRL_Disable\000"
 1473      4C494D49 
 1473      545F4354 
 1473      524C5F44 
 1473      69736162 
 1474              	.LASF26:
 1475 0039 6973725F 		.ascii	"isr_LIMIT_CTRL_SetPriority\000"
 1475      4C494D49 
 1475      545F4354 
 1475      524C5F53 
 1475      65745072 
 1476              	.LASF37:
 1477 0054 6973725F 		.ascii	"isr_LIMIT_CTRL_GetState\000"
 1477      4C494D49 
 1477      545F4354 
 1477      524C5F47 
 1477      65745374 
 1478              	.LASF32:
 1479 006c 6973725F 		.ascii	"isr_LIMIT_CTRL_SetPending\000"
 1479      4C494D49 
 1479      545F4354 
 1479      524C5F53 
 1479      65745065 
 1480              	.LASF14:
 1481 0086 666C6F61 		.ascii	"float\000"
 1481      7400
 1482              	.LASF23:
 1483 008c 6973725F 		.ascii	"isr_LIMIT_CTRL_SetVector\000"
 1483      4C494D49 
 1483      545F4354 
 1483      524C5F53 
 1483      65745665 
ARM GAS  C:\Users\GRAZIA~1.RAV\AppData\Local\Temp\ccgrdoj0.s 			page 34


 1484              	.LASF19:
 1485 00a5 6973725F 		.ascii	"isr_LIMIT_CTRL_Start\000"
 1485      4C494D49 
 1485      545F4354 
 1485      524C5F53 
 1485      74617274 
 1486              	.LASF1:
 1487 00ba 756E7369 		.ascii	"unsigned char\000"
 1487      676E6564 
 1487      20636861 
 1487      7200
 1488              	.LASF16:
 1489 00c8 72656738 		.ascii	"reg8\000"
 1489      00
 1490              	.LASF9:
 1491 00cd 6C6F6E67 		.ascii	"long unsigned int\000"
 1491      20756E73 
 1491      69676E65 
 1491      6420696E 
 1491      7400
 1492              	.LASF3:
 1493 00df 73686F72 		.ascii	"short unsigned int\000"
 1493      7420756E 
 1493      7369676E 
 1493      65642069 
 1493      6E7400
 1494              	.LASF38:
 1495 00f2 49544D5F 		.ascii	"ITM_RxBuffer\000"
 1495      52784275 
 1495      66666572 
 1495      00
 1496              	.LASF15:
 1497 00ff 646F7562 		.ascii	"double\000"
 1497      6C6500
 1498              	.LASF30:
 1499 0106 6973725F 		.ascii	"isr_LIMIT_CTRL_Enable\000"
 1499      4C494D49 
 1499      545F4354 
 1499      524C5F45 
 1499      6E61626C 
 1500              	.LASF36:
 1501 011c 433A5C55 		.ascii	"C:\\Users\\Graziano G. Ravizza\\Documents\\PSoC Cre"
 1501      73657273 
 1501      5C477261 
 1501      7A69616E 
 1501      6F20472E 
 1502 014b 61746F72 		.ascii	"ator\\SQUIT\\Vers.0.0-T00 2019-0208 C3.0 (start)\\S"
 1502      5C535155 
 1502      49545C56 
 1502      6572732E 
 1502      302E302D 
 1503 017b 71756974 		.ascii	"quit-Proto.cydsn\000"
 1503      2D50726F 
 1503      746F2E63 
 1503      7964736E 
 1503      00
 1504              	.LASF27:
ARM GAS  C:\Users\GRAZIA~1.RAV\AppData\Local\Temp\ccgrdoj0.s 			page 35


 1505 018c 7072696F 		.ascii	"priority\000"
 1505      72697479 
 1505      00
 1506              	.LASF28:
 1507 0195 6973725F 		.ascii	"isr_LIMIT_CTRL_GetVector\000"
 1507      4C494D49 
 1507      545F4354 
 1507      524C5F47 
 1507      65745665 
 1508              	.LASF13:
 1509 01ae 75696E74 		.ascii	"uint32\000"
 1509      333200
 1510              	.LASF4:
 1511 01b5 756E7369 		.ascii	"unsigned int\000"
 1511      676E6564 
 1511      20696E74 
 1511      00
 1512              	.LASF24:
 1513 01c2 61646472 		.ascii	"address\000"
 1513      65737300 
 1514              	.LASF6:
 1515 01ca 6C6F6E67 		.ascii	"long long unsigned int\000"
 1515      206C6F6E 
 1515      6720756E 
 1515      7369676E 
 1515      65642069 
 1516              	.LASF18:
 1517 01e1 63796973 		.ascii	"cyisraddress\000"
 1517      72616464 
 1517      72657373 
 1517      00
 1518              	.LASF21:
 1519 01ee 6973725F 		.ascii	"isr_LIMIT_CTRL_Interrupt\000"
 1519      4C494D49 
 1519      545F4354 
 1519      524C5F49 
 1519      6E746572 
 1520              	.LASF11:
 1521 0207 696E7433 		.ascii	"int32_t\000"
 1521      325F7400 
 1522              	.LASF8:
 1523 020f 73697A65 		.ascii	"sizetype\000"
 1523      74797065 
 1523      00
 1524              	.LASF5:
 1525 0218 6C6F6E67 		.ascii	"long long int\000"
 1525      206C6F6E 
 1525      6720696E 
 1525      7400
 1526              	.LASF10:
 1527 0226 63686172 		.ascii	"char\000"
 1527      00
 1528              	.LASF20:
 1529 022b 6973725F 		.ascii	"isr_LIMIT_CTRL_Stop\000"
 1529      4C494D49 
 1529      545F4354 
 1529      524C5F53 
ARM GAS  C:\Users\GRAZIA~1.RAV\AppData\Local\Temp\ccgrdoj0.s 			page 36


 1529      746F7000 
 1530              	.LASF35:
 1531 023f 2E5C4765 		.ascii	".\\Generated_Source\\PSoC5\\isr_LIMIT_CTRL.c\000"
 1531      6E657261 
 1531      7465645F 
 1531      536F7572 
 1531      63655C50 
 1532              	.LASF2:
 1533 0269 73686F72 		.ascii	"short int\000"
 1533      7420696E 
 1533      7400
 1534              	.LASF12:
 1535 0273 75696E74 		.ascii	"uint8\000"
 1535      3800
 1536              	.LASF25:
 1537 0279 72616D56 		.ascii	"ramVectorTable\000"
 1537      6563746F 
 1537      72546162 
 1537      6C6500
 1538              	.LASF29:
 1539 0288 6973725F 		.ascii	"isr_LIMIT_CTRL_GetPriority\000"
 1539      4C494D49 
 1539      545F4354 
 1539      524C5F47 
 1539      65745072 
 1540              	.LASF7:
 1541 02a3 6C6F6E67 		.ascii	"long int\000"
 1541      20696E74 
 1541      00
 1542              	.LASF0:
 1543 02ac 7369676E 		.ascii	"signed char\000"
 1543      65642063 
 1543      68617200 
 1544              	.LASF34:
 1545 02b8 474E5520 		.ascii	"GNU C 4.7.3 20130312 (release) [ARM/embedded-4_7-br"
 1545      4320342E 
 1545      372E3320 
 1545      32303133 
 1545      30333132 
 1546 02eb 616E6368 		.ascii	"anch revision 196615]\000"
 1546      20726576 
 1546      6973696F 
 1546      6E203139 
 1546      36363135 
 1547              	.LASF22:
 1548 0301 6973725F 		.ascii	"isr_LIMIT_CTRL_StartEx\000"
 1548      4C494D49 
 1548      545F4354 
 1548      524C5F53 
 1548      74617274 
 1549              		.ident	"GCC: (GNU Tools for ARM Embedded Processors) 4.7.3 20130312 (release) [ARM/embedded-4_7-br
