ARM GAS  C:\Users\GRAZIA~1.RAV\AppData\Local\Temp\cc7T2gGF.s 			page 1


   1              		.syntax unified
   2              		.cpu cortex-m3
   3              		.fpu softvfp
   4              		.eabi_attribute 20, 1
   5              		.eabi_attribute 21, 1
   6              		.eabi_attribute 23, 3
   7              		.eabi_attribute 24, 1
   8              		.eabi_attribute 25, 1
   9              		.eabi_attribute 26, 1
  10              		.eabi_attribute 30, 6
  11              		.eabi_attribute 34, 1
  12              		.eabi_attribute 18, 4
  13              		.thumb
  14              		.file	"isr_UART_LORA_RX.c"
  15              		.text
  16              	.Ltext0:
  17              		.cfi_sections	.debug_frame
  18              		.section	.text.isr_UART_LORA_RX_Start,"ax",%progbits
  19              		.align	2
  20              		.global	isr_UART_LORA_RX_Start
  21              		.thumb
  22              		.thumb_func
  23              		.type	isr_UART_LORA_RX_Start, %function
  24              	isr_UART_LORA_RX_Start:
  25              	.LFB0:
  26              		.file 1 ".\\Generated_Source\\PSoC5\\isr_UART_LORA_RX.c"
   1:.\Generated_Source\PSoC5/isr_UART_LORA_RX.c **** /*******************************************************************************
   2:.\Generated_Source\PSoC5/isr_UART_LORA_RX.c **** * File Name: isr_UART_LORA_RX.c  
   3:.\Generated_Source\PSoC5/isr_UART_LORA_RX.c **** * Version 1.70
   4:.\Generated_Source\PSoC5/isr_UART_LORA_RX.c **** *
   5:.\Generated_Source\PSoC5/isr_UART_LORA_RX.c **** *  Description:
   6:.\Generated_Source\PSoC5/isr_UART_LORA_RX.c **** *   API for controlling the state of an interrupt.
   7:.\Generated_Source\PSoC5/isr_UART_LORA_RX.c **** *
   8:.\Generated_Source\PSoC5/isr_UART_LORA_RX.c **** *
   9:.\Generated_Source\PSoC5/isr_UART_LORA_RX.c **** *  Note:
  10:.\Generated_Source\PSoC5/isr_UART_LORA_RX.c **** *
  11:.\Generated_Source\PSoC5/isr_UART_LORA_RX.c **** ********************************************************************************
  12:.\Generated_Source\PSoC5/isr_UART_LORA_RX.c **** * Copyright 2008-2012, Cypress Semiconductor Corporation.  All rights reserved.
  13:.\Generated_Source\PSoC5/isr_UART_LORA_RX.c **** * You may use this file only in accordance with the license, terms, conditions, 
  14:.\Generated_Source\PSoC5/isr_UART_LORA_RX.c **** * disclaimers, and limitations in the end user license agreement accompanying 
  15:.\Generated_Source\PSoC5/isr_UART_LORA_RX.c **** * the software package with which this file was provided.
  16:.\Generated_Source\PSoC5/isr_UART_LORA_RX.c **** *******************************************************************************/
  17:.\Generated_Source\PSoC5/isr_UART_LORA_RX.c **** 
  18:.\Generated_Source\PSoC5/isr_UART_LORA_RX.c **** 
  19:.\Generated_Source\PSoC5/isr_UART_LORA_RX.c **** #include <cydevice_trm.h>
  20:.\Generated_Source\PSoC5/isr_UART_LORA_RX.c **** #include <CyLib.h>
  21:.\Generated_Source\PSoC5/isr_UART_LORA_RX.c **** #include <isr_UART_LORA_RX.h>
  22:.\Generated_Source\PSoC5/isr_UART_LORA_RX.c **** 
  23:.\Generated_Source\PSoC5/isr_UART_LORA_RX.c **** #if !defined(isr_UART_LORA_RX__REMOVED) /* Check for removal by optimization */
  24:.\Generated_Source\PSoC5/isr_UART_LORA_RX.c **** 
  25:.\Generated_Source\PSoC5/isr_UART_LORA_RX.c **** /*******************************************************************************
  26:.\Generated_Source\PSoC5/isr_UART_LORA_RX.c **** *  Place your includes, defines and code here 
  27:.\Generated_Source\PSoC5/isr_UART_LORA_RX.c **** ********************************************************************************/
  28:.\Generated_Source\PSoC5/isr_UART_LORA_RX.c **** /* `#START isr_UART_LORA_RX_intc` */
  29:.\Generated_Source\PSoC5/isr_UART_LORA_RX.c **** 
  30:.\Generated_Source\PSoC5/isr_UART_LORA_RX.c **** 	#include <XTR-8LR100.h>
  31:.\Generated_Source\PSoC5/isr_UART_LORA_RX.c **** 	
ARM GAS  C:\Users\GRAZIA~1.RAV\AppData\Local\Temp\cc7T2gGF.s 			page 2


  32:.\Generated_Source\PSoC5/isr_UART_LORA_RX.c **** /* `#END` */
  33:.\Generated_Source\PSoC5/isr_UART_LORA_RX.c **** 
  34:.\Generated_Source\PSoC5/isr_UART_LORA_RX.c **** #ifndef CYINT_IRQ_BASE
  35:.\Generated_Source\PSoC5/isr_UART_LORA_RX.c **** #define CYINT_IRQ_BASE      16
  36:.\Generated_Source\PSoC5/isr_UART_LORA_RX.c **** #endif /* CYINT_IRQ_BASE */
  37:.\Generated_Source\PSoC5/isr_UART_LORA_RX.c **** #ifndef CYINT_VECT_TABLE
  38:.\Generated_Source\PSoC5/isr_UART_LORA_RX.c **** #define CYINT_VECT_TABLE    ((cyisraddress **) CYREG_NVIC_VECT_OFFSET)
  39:.\Generated_Source\PSoC5/isr_UART_LORA_RX.c **** #endif /* CYINT_VECT_TABLE */
  40:.\Generated_Source\PSoC5/isr_UART_LORA_RX.c **** 
  41:.\Generated_Source\PSoC5/isr_UART_LORA_RX.c **** /* Declared in startup, used to set unused interrupts to. */
  42:.\Generated_Source\PSoC5/isr_UART_LORA_RX.c **** CY_ISR_PROTO(IntDefaultHandler);
  43:.\Generated_Source\PSoC5/isr_UART_LORA_RX.c **** 
  44:.\Generated_Source\PSoC5/isr_UART_LORA_RX.c **** 
  45:.\Generated_Source\PSoC5/isr_UART_LORA_RX.c **** /*******************************************************************************
  46:.\Generated_Source\PSoC5/isr_UART_LORA_RX.c **** * Function Name: isr_UART_LORA_RX_Start
  47:.\Generated_Source\PSoC5/isr_UART_LORA_RX.c **** ********************************************************************************
  48:.\Generated_Source\PSoC5/isr_UART_LORA_RX.c **** *
  49:.\Generated_Source\PSoC5/isr_UART_LORA_RX.c **** * Summary:
  50:.\Generated_Source\PSoC5/isr_UART_LORA_RX.c **** *  Set up the interrupt and enable it.
  51:.\Generated_Source\PSoC5/isr_UART_LORA_RX.c **** *
  52:.\Generated_Source\PSoC5/isr_UART_LORA_RX.c **** * Parameters:  
  53:.\Generated_Source\PSoC5/isr_UART_LORA_RX.c **** *   None
  54:.\Generated_Source\PSoC5/isr_UART_LORA_RX.c **** *
  55:.\Generated_Source\PSoC5/isr_UART_LORA_RX.c **** * Return:
  56:.\Generated_Source\PSoC5/isr_UART_LORA_RX.c **** *   None
  57:.\Generated_Source\PSoC5/isr_UART_LORA_RX.c **** *
  58:.\Generated_Source\PSoC5/isr_UART_LORA_RX.c **** *******************************************************************************/
  59:.\Generated_Source\PSoC5/isr_UART_LORA_RX.c **** void isr_UART_LORA_RX_Start(void)
  60:.\Generated_Source\PSoC5/isr_UART_LORA_RX.c **** {
  27              		.loc 1 60 0
  28              		.cfi_startproc
  29              		@ args = 0, pretend = 0, frame = 0
  30              		@ frame_needed = 1, uses_anonymous_args = 0
  31 0000 80B5     		push	{r7, lr}
  32              	.LCFI0:
  33              		.cfi_def_cfa_offset 8
  34              		.cfi_offset 7, -8
  35              		.cfi_offset 14, -4
  36 0002 00AF     		add	r7, sp, #0
  37              	.LCFI1:
  38              		.cfi_def_cfa_register 7
  61:.\Generated_Source\PSoC5/isr_UART_LORA_RX.c ****     /* For all we know the interrupt is active. */
  62:.\Generated_Source\PSoC5/isr_UART_LORA_RX.c ****     isr_UART_LORA_RX_Disable();
  39              		.loc 1 62 0
  40 0004 FFF7FEFF 		bl	isr_UART_LORA_RX_Disable
  63:.\Generated_Source\PSoC5/isr_UART_LORA_RX.c **** 
  64:.\Generated_Source\PSoC5/isr_UART_LORA_RX.c ****     /* Set the ISR to point to the isr_UART_LORA_RX Interrupt. */
  65:.\Generated_Source\PSoC5/isr_UART_LORA_RX.c ****     isr_UART_LORA_RX_SetVector(&isr_UART_LORA_RX_Interrupt);
  41              		.loc 1 65 0
  42 0008 40F20000 		movw	r0, #:lower16:isr_UART_LORA_RX_Interrupt
  43 000c C0F20000 		movt	r0, #:upper16:isr_UART_LORA_RX_Interrupt
  44 0010 FFF7FEFF 		bl	isr_UART_LORA_RX_SetVector
  66:.\Generated_Source\PSoC5/isr_UART_LORA_RX.c **** 
  67:.\Generated_Source\PSoC5/isr_UART_LORA_RX.c ****     /* Set the priority. */
  68:.\Generated_Source\PSoC5/isr_UART_LORA_RX.c ****     isr_UART_LORA_RX_SetPriority((uint8)isr_UART_LORA_RX_INTC_PRIOR_NUMBER);
  45              		.loc 1 68 0
  46 0014 4FF00700 		mov	r0, #7
ARM GAS  C:\Users\GRAZIA~1.RAV\AppData\Local\Temp\cc7T2gGF.s 			page 3


  47 0018 FFF7FEFF 		bl	isr_UART_LORA_RX_SetPriority
  69:.\Generated_Source\PSoC5/isr_UART_LORA_RX.c **** 
  70:.\Generated_Source\PSoC5/isr_UART_LORA_RX.c ****     /* Enable it. */
  71:.\Generated_Source\PSoC5/isr_UART_LORA_RX.c ****     isr_UART_LORA_RX_Enable();
  48              		.loc 1 71 0
  49 001c FFF7FEFF 		bl	isr_UART_LORA_RX_Enable
  72:.\Generated_Source\PSoC5/isr_UART_LORA_RX.c **** }
  50              		.loc 1 72 0
  51 0020 80BD     		pop	{r7, pc}
  52              		.cfi_endproc
  53              	.LFE0:
  54              		.size	isr_UART_LORA_RX_Start, .-isr_UART_LORA_RX_Start
  55 0022 00BF     		.section	.text.isr_UART_LORA_RX_StartEx,"ax",%progbits
  56              		.align	2
  57              		.global	isr_UART_LORA_RX_StartEx
  58              		.thumb
  59              		.thumb_func
  60              		.type	isr_UART_LORA_RX_StartEx, %function
  61              	isr_UART_LORA_RX_StartEx:
  62              	.LFB1:
  73:.\Generated_Source\PSoC5/isr_UART_LORA_RX.c **** 
  74:.\Generated_Source\PSoC5/isr_UART_LORA_RX.c **** 
  75:.\Generated_Source\PSoC5/isr_UART_LORA_RX.c **** /*******************************************************************************
  76:.\Generated_Source\PSoC5/isr_UART_LORA_RX.c **** * Function Name: isr_UART_LORA_RX_StartEx
  77:.\Generated_Source\PSoC5/isr_UART_LORA_RX.c **** ********************************************************************************
  78:.\Generated_Source\PSoC5/isr_UART_LORA_RX.c **** *
  79:.\Generated_Source\PSoC5/isr_UART_LORA_RX.c **** * Summary:
  80:.\Generated_Source\PSoC5/isr_UART_LORA_RX.c **** *  Set up the interrupt and enable it.
  81:.\Generated_Source\PSoC5/isr_UART_LORA_RX.c **** *
  82:.\Generated_Source\PSoC5/isr_UART_LORA_RX.c **** * Parameters:  
  83:.\Generated_Source\PSoC5/isr_UART_LORA_RX.c **** *   address: Address of the ISR to set in the interrupt vector table.
  84:.\Generated_Source\PSoC5/isr_UART_LORA_RX.c **** *
  85:.\Generated_Source\PSoC5/isr_UART_LORA_RX.c **** * Return:
  86:.\Generated_Source\PSoC5/isr_UART_LORA_RX.c **** *   None
  87:.\Generated_Source\PSoC5/isr_UART_LORA_RX.c **** *
  88:.\Generated_Source\PSoC5/isr_UART_LORA_RX.c **** *******************************************************************************/
  89:.\Generated_Source\PSoC5/isr_UART_LORA_RX.c **** void isr_UART_LORA_RX_StartEx(cyisraddress address)
  90:.\Generated_Source\PSoC5/isr_UART_LORA_RX.c **** {
  63              		.loc 1 90 0
  64              		.cfi_startproc
  65              		@ args = 0, pretend = 0, frame = 8
  66              		@ frame_needed = 1, uses_anonymous_args = 0
  67 0000 80B5     		push	{r7, lr}
  68              	.LCFI2:
  69              		.cfi_def_cfa_offset 8
  70              		.cfi_offset 7, -8
  71              		.cfi_offset 14, -4
  72 0002 82B0     		sub	sp, sp, #8
  73              	.LCFI3:
  74              		.cfi_def_cfa_offset 16
  75 0004 00AF     		add	r7, sp, #0
  76              	.LCFI4:
  77              		.cfi_def_cfa_register 7
  78 0006 7860     		str	r0, [r7, #4]
  91:.\Generated_Source\PSoC5/isr_UART_LORA_RX.c ****     /* For all we know the interrupt is active. */
  92:.\Generated_Source\PSoC5/isr_UART_LORA_RX.c ****     isr_UART_LORA_RX_Disable();
  79              		.loc 1 92 0
ARM GAS  C:\Users\GRAZIA~1.RAV\AppData\Local\Temp\cc7T2gGF.s 			page 4


  80 0008 FFF7FEFF 		bl	isr_UART_LORA_RX_Disable
  93:.\Generated_Source\PSoC5/isr_UART_LORA_RX.c **** 
  94:.\Generated_Source\PSoC5/isr_UART_LORA_RX.c ****     /* Set the ISR to point to the isr_UART_LORA_RX Interrupt. */
  95:.\Generated_Source\PSoC5/isr_UART_LORA_RX.c ****     isr_UART_LORA_RX_SetVector(address);
  81              		.loc 1 95 0
  82 000c 7868     		ldr	r0, [r7, #4]
  83 000e FFF7FEFF 		bl	isr_UART_LORA_RX_SetVector
  96:.\Generated_Source\PSoC5/isr_UART_LORA_RX.c **** 
  97:.\Generated_Source\PSoC5/isr_UART_LORA_RX.c ****     /* Set the priority. */
  98:.\Generated_Source\PSoC5/isr_UART_LORA_RX.c ****     isr_UART_LORA_RX_SetPriority((uint8)isr_UART_LORA_RX_INTC_PRIOR_NUMBER);
  84              		.loc 1 98 0
  85 0012 4FF00700 		mov	r0, #7
  86 0016 FFF7FEFF 		bl	isr_UART_LORA_RX_SetPriority
  99:.\Generated_Source\PSoC5/isr_UART_LORA_RX.c **** 
 100:.\Generated_Source\PSoC5/isr_UART_LORA_RX.c ****     /* Enable it. */
 101:.\Generated_Source\PSoC5/isr_UART_LORA_RX.c ****     isr_UART_LORA_RX_Enable();
  87              		.loc 1 101 0
  88 001a FFF7FEFF 		bl	isr_UART_LORA_RX_Enable
 102:.\Generated_Source\PSoC5/isr_UART_LORA_RX.c **** }
  89              		.loc 1 102 0
  90 001e 07F10807 		add	r7, r7, #8
  91 0022 BD46     		mov	sp, r7
  92 0024 80BD     		pop	{r7, pc}
  93              		.cfi_endproc
  94              	.LFE1:
  95              		.size	isr_UART_LORA_RX_StartEx, .-isr_UART_LORA_RX_StartEx
  96 0026 00BF     		.section	.text.isr_UART_LORA_RX_Stop,"ax",%progbits
  97              		.align	2
  98              		.global	isr_UART_LORA_RX_Stop
  99              		.thumb
 100              		.thumb_func
 101              		.type	isr_UART_LORA_RX_Stop, %function
 102              	isr_UART_LORA_RX_Stop:
 103              	.LFB2:
 103:.\Generated_Source\PSoC5/isr_UART_LORA_RX.c **** 
 104:.\Generated_Source\PSoC5/isr_UART_LORA_RX.c **** 
 105:.\Generated_Source\PSoC5/isr_UART_LORA_RX.c **** /*******************************************************************************
 106:.\Generated_Source\PSoC5/isr_UART_LORA_RX.c **** * Function Name: isr_UART_LORA_RX_Stop
 107:.\Generated_Source\PSoC5/isr_UART_LORA_RX.c **** ********************************************************************************
 108:.\Generated_Source\PSoC5/isr_UART_LORA_RX.c **** *
 109:.\Generated_Source\PSoC5/isr_UART_LORA_RX.c **** * Summary:
 110:.\Generated_Source\PSoC5/isr_UART_LORA_RX.c **** *   Disables and removes the interrupt.
 111:.\Generated_Source\PSoC5/isr_UART_LORA_RX.c **** *
 112:.\Generated_Source\PSoC5/isr_UART_LORA_RX.c **** * Parameters:  
 113:.\Generated_Source\PSoC5/isr_UART_LORA_RX.c **** *
 114:.\Generated_Source\PSoC5/isr_UART_LORA_RX.c **** * Return:
 115:.\Generated_Source\PSoC5/isr_UART_LORA_RX.c **** *   None
 116:.\Generated_Source\PSoC5/isr_UART_LORA_RX.c **** *
 117:.\Generated_Source\PSoC5/isr_UART_LORA_RX.c **** *******************************************************************************/
 118:.\Generated_Source\PSoC5/isr_UART_LORA_RX.c **** void isr_UART_LORA_RX_Stop(void)
 119:.\Generated_Source\PSoC5/isr_UART_LORA_RX.c **** {
 104              		.loc 1 119 0
 105              		.cfi_startproc
 106              		@ args = 0, pretend = 0, frame = 0
 107              		@ frame_needed = 1, uses_anonymous_args = 0
 108 0000 80B5     		push	{r7, lr}
 109              	.LCFI5:
ARM GAS  C:\Users\GRAZIA~1.RAV\AppData\Local\Temp\cc7T2gGF.s 			page 5


 110              		.cfi_def_cfa_offset 8
 111              		.cfi_offset 7, -8
 112              		.cfi_offset 14, -4
 113 0002 00AF     		add	r7, sp, #0
 114              	.LCFI6:
 115              		.cfi_def_cfa_register 7
 120:.\Generated_Source\PSoC5/isr_UART_LORA_RX.c ****     /* Disable this interrupt. */
 121:.\Generated_Source\PSoC5/isr_UART_LORA_RX.c ****     isr_UART_LORA_RX_Disable();
 116              		.loc 1 121 0
 117 0004 FFF7FEFF 		bl	isr_UART_LORA_RX_Disable
 122:.\Generated_Source\PSoC5/isr_UART_LORA_RX.c **** 
 123:.\Generated_Source\PSoC5/isr_UART_LORA_RX.c ****     /* Set the ISR to point to the passive one. */
 124:.\Generated_Source\PSoC5/isr_UART_LORA_RX.c ****     isr_UART_LORA_RX_SetVector(&IntDefaultHandler);
 118              		.loc 1 124 0
 119 0008 40F20000 		movw	r0, #:lower16:IntDefaultHandler
 120 000c C0F20000 		movt	r0, #:upper16:IntDefaultHandler
 121 0010 FFF7FEFF 		bl	isr_UART_LORA_RX_SetVector
 125:.\Generated_Source\PSoC5/isr_UART_LORA_RX.c **** }
 122              		.loc 1 125 0
 123 0014 80BD     		pop	{r7, pc}
 124              		.cfi_endproc
 125              	.LFE2:
 126              		.size	isr_UART_LORA_RX_Stop, .-isr_UART_LORA_RX_Stop
 127 0016 00BF     		.section	.text.isr_UART_LORA_RX_Interrupt,"ax",%progbits
 128              		.align	2
 129              		.global	isr_UART_LORA_RX_Interrupt
 130              		.thumb
 131              		.thumb_func
 132              		.type	isr_UART_LORA_RX_Interrupt, %function
 133              	isr_UART_LORA_RX_Interrupt:
 134              	.LFB3:
 126:.\Generated_Source\PSoC5/isr_UART_LORA_RX.c **** 
 127:.\Generated_Source\PSoC5/isr_UART_LORA_RX.c **** 
 128:.\Generated_Source\PSoC5/isr_UART_LORA_RX.c **** /*******************************************************************************
 129:.\Generated_Source\PSoC5/isr_UART_LORA_RX.c **** * Function Name: isr_UART_LORA_RX_Interrupt
 130:.\Generated_Source\PSoC5/isr_UART_LORA_RX.c **** ********************************************************************************
 131:.\Generated_Source\PSoC5/isr_UART_LORA_RX.c **** *
 132:.\Generated_Source\PSoC5/isr_UART_LORA_RX.c **** * Summary:
 133:.\Generated_Source\PSoC5/isr_UART_LORA_RX.c **** *   The default Interrupt Service Routine for isr_UART_LORA_RX.
 134:.\Generated_Source\PSoC5/isr_UART_LORA_RX.c **** *
 135:.\Generated_Source\PSoC5/isr_UART_LORA_RX.c **** *   Add custom code between the coments to keep the next version of this file
 136:.\Generated_Source\PSoC5/isr_UART_LORA_RX.c **** *   from over writting your code.
 137:.\Generated_Source\PSoC5/isr_UART_LORA_RX.c **** *
 138:.\Generated_Source\PSoC5/isr_UART_LORA_RX.c **** * Parameters:  
 139:.\Generated_Source\PSoC5/isr_UART_LORA_RX.c **** *
 140:.\Generated_Source\PSoC5/isr_UART_LORA_RX.c **** * Return:
 141:.\Generated_Source\PSoC5/isr_UART_LORA_RX.c **** *   None
 142:.\Generated_Source\PSoC5/isr_UART_LORA_RX.c **** *
 143:.\Generated_Source\PSoC5/isr_UART_LORA_RX.c **** *******************************************************************************/
 144:.\Generated_Source\PSoC5/isr_UART_LORA_RX.c **** CY_ISR(isr_UART_LORA_RX_Interrupt)
 145:.\Generated_Source\PSoC5/isr_UART_LORA_RX.c **** {
 135              		.loc 1 145 0
 136              		.cfi_startproc
 137              		@ args = 0, pretend = 0, frame = 0
 138              		@ frame_needed = 1, uses_anonymous_args = 0
 139 0000 80B5     		push	{r7, lr}
 140              	.LCFI7:
ARM GAS  C:\Users\GRAZIA~1.RAV\AppData\Local\Temp\cc7T2gGF.s 			page 6


 141              		.cfi_def_cfa_offset 8
 142              		.cfi_offset 7, -8
 143              		.cfi_offset 14, -4
 144 0002 00AF     		add	r7, sp, #0
 145              	.LCFI8:
 146              		.cfi_def_cfa_register 7
 146:.\Generated_Source\PSoC5/isr_UART_LORA_RX.c ****     /*  Place your Interrupt code here. */
 147:.\Generated_Source\PSoC5/isr_UART_LORA_RX.c ****     /* `#START isr_UART_LORA_RX_Interrupt` */
 148:.\Generated_Source\PSoC5/isr_UART_LORA_RX.c **** 
 149:.\Generated_Source\PSoC5/isr_UART_LORA_RX.c **** 	/* isr di ricezione caratteri dall'UART LORA*/
 150:.\Generated_Source\PSoC5/isr_UART_LORA_RX.c **** 	UART_LORA_RX_isr_process();
 147              		.loc 1 150 0
 148 0004 FFF7FEFF 		bl	UART_LORA_RX_isr_process
 151:.\Generated_Source\PSoC5/isr_UART_LORA_RX.c **** 
 152:.\Generated_Source\PSoC5/isr_UART_LORA_RX.c ****     /* `#END` */
 153:.\Generated_Source\PSoC5/isr_UART_LORA_RX.c **** }
 149              		.loc 1 153 0
 150 0008 80BD     		pop	{r7, pc}
 151              		.cfi_endproc
 152              	.LFE3:
 153              		.size	isr_UART_LORA_RX_Interrupt, .-isr_UART_LORA_RX_Interrupt
 154 000a 00BF     		.section	.text.isr_UART_LORA_RX_SetVector,"ax",%progbits
 155              		.align	2
 156              		.global	isr_UART_LORA_RX_SetVector
 157              		.thumb
 158              		.thumb_func
 159              		.type	isr_UART_LORA_RX_SetVector, %function
 160              	isr_UART_LORA_RX_SetVector:
 161              	.LFB4:
 154:.\Generated_Source\PSoC5/isr_UART_LORA_RX.c **** 
 155:.\Generated_Source\PSoC5/isr_UART_LORA_RX.c **** 
 156:.\Generated_Source\PSoC5/isr_UART_LORA_RX.c **** /*******************************************************************************
 157:.\Generated_Source\PSoC5/isr_UART_LORA_RX.c **** * Function Name: isr_UART_LORA_RX_SetVector
 158:.\Generated_Source\PSoC5/isr_UART_LORA_RX.c **** ********************************************************************************
 159:.\Generated_Source\PSoC5/isr_UART_LORA_RX.c **** *
 160:.\Generated_Source\PSoC5/isr_UART_LORA_RX.c **** * Summary:
 161:.\Generated_Source\PSoC5/isr_UART_LORA_RX.c **** *   Change the ISR vector for the Interrupt. Note calling isr_UART_LORA_RX_Start
 162:.\Generated_Source\PSoC5/isr_UART_LORA_RX.c **** *   will override any effect this method would have had. To set the vector 
 163:.\Generated_Source\PSoC5/isr_UART_LORA_RX.c **** *   before the component has been started use isr_UART_LORA_RX_StartEx instead.
 164:.\Generated_Source\PSoC5/isr_UART_LORA_RX.c **** *
 165:.\Generated_Source\PSoC5/isr_UART_LORA_RX.c **** * Parameters:
 166:.\Generated_Source\PSoC5/isr_UART_LORA_RX.c **** *   address: Address of the ISR to set in the interrupt vector table.
 167:.\Generated_Source\PSoC5/isr_UART_LORA_RX.c **** *
 168:.\Generated_Source\PSoC5/isr_UART_LORA_RX.c **** * Return:
 169:.\Generated_Source\PSoC5/isr_UART_LORA_RX.c **** *   None
 170:.\Generated_Source\PSoC5/isr_UART_LORA_RX.c **** *
 171:.\Generated_Source\PSoC5/isr_UART_LORA_RX.c **** *******************************************************************************/
 172:.\Generated_Source\PSoC5/isr_UART_LORA_RX.c **** void isr_UART_LORA_RX_SetVector(cyisraddress address)
 173:.\Generated_Source\PSoC5/isr_UART_LORA_RX.c **** {
 162              		.loc 1 173 0
 163              		.cfi_startproc
 164              		@ args = 0, pretend = 0, frame = 16
 165              		@ frame_needed = 1, uses_anonymous_args = 0
 166              		@ link register save eliminated.
 167 0000 80B4     		push	{r7}
 168              	.LCFI9:
 169              		.cfi_def_cfa_offset 4
ARM GAS  C:\Users\GRAZIA~1.RAV\AppData\Local\Temp\cc7T2gGF.s 			page 7


 170              		.cfi_offset 7, -4
 171 0002 85B0     		sub	sp, sp, #20
 172              	.LCFI10:
 173              		.cfi_def_cfa_offset 24
 174 0004 00AF     		add	r7, sp, #0
 175              	.LCFI11:
 176              		.cfi_def_cfa_register 7
 177 0006 7860     		str	r0, [r7, #4]
 174:.\Generated_Source\PSoC5/isr_UART_LORA_RX.c ****     cyisraddress * ramVectorTable;
 175:.\Generated_Source\PSoC5/isr_UART_LORA_RX.c **** 
 176:.\Generated_Source\PSoC5/isr_UART_LORA_RX.c ****     ramVectorTable = (cyisraddress *) *CYINT_VECT_TABLE;
 178              		.loc 1 176 0
 179 0008 4EF60853 		movw	r3, #60680
 180 000c CEF20003 		movt	r3, 57344
 181 0010 1B68     		ldr	r3, [r3, #0]
 182 0012 FB60     		str	r3, [r7, #12]
 177:.\Generated_Source\PSoC5/isr_UART_LORA_RX.c **** 
 178:.\Generated_Source\PSoC5/isr_UART_LORA_RX.c ****     ramVectorTable[CYINT_IRQ_BASE + (uint32)isr_UART_LORA_RX__INTC_NUMBER] = address;
 183              		.loc 1 178 0
 184 0014 FB68     		ldr	r3, [r7, #12]
 185 0016 03F16C03 		add	r3, r3, #108
 186 001a 7A68     		ldr	r2, [r7, #4]
 187 001c 1A60     		str	r2, [r3, #0]
 179:.\Generated_Source\PSoC5/isr_UART_LORA_RX.c **** }
 188              		.loc 1 179 0
 189 001e 07F11407 		add	r7, r7, #20
 190 0022 BD46     		mov	sp, r7
 191 0024 80BC     		pop	{r7}
 192 0026 7047     		bx	lr
 193              		.cfi_endproc
 194              	.LFE4:
 195              		.size	isr_UART_LORA_RX_SetVector, .-isr_UART_LORA_RX_SetVector
 196              		.section	.text.isr_UART_LORA_RX_GetVector,"ax",%progbits
 197              		.align	2
 198              		.global	isr_UART_LORA_RX_GetVector
 199              		.thumb
 200              		.thumb_func
 201              		.type	isr_UART_LORA_RX_GetVector, %function
 202              	isr_UART_LORA_RX_GetVector:
 203              	.LFB5:
 180:.\Generated_Source\PSoC5/isr_UART_LORA_RX.c **** 
 181:.\Generated_Source\PSoC5/isr_UART_LORA_RX.c **** 
 182:.\Generated_Source\PSoC5/isr_UART_LORA_RX.c **** /*******************************************************************************
 183:.\Generated_Source\PSoC5/isr_UART_LORA_RX.c **** * Function Name: isr_UART_LORA_RX_GetVector
 184:.\Generated_Source\PSoC5/isr_UART_LORA_RX.c **** ********************************************************************************
 185:.\Generated_Source\PSoC5/isr_UART_LORA_RX.c **** *
 186:.\Generated_Source\PSoC5/isr_UART_LORA_RX.c **** * Summary:
 187:.\Generated_Source\PSoC5/isr_UART_LORA_RX.c **** *   Gets the "address" of the current ISR vector for the Interrupt.
 188:.\Generated_Source\PSoC5/isr_UART_LORA_RX.c **** *
 189:.\Generated_Source\PSoC5/isr_UART_LORA_RX.c **** * Parameters:
 190:.\Generated_Source\PSoC5/isr_UART_LORA_RX.c **** *   None
 191:.\Generated_Source\PSoC5/isr_UART_LORA_RX.c **** *
 192:.\Generated_Source\PSoC5/isr_UART_LORA_RX.c **** * Return:
 193:.\Generated_Source\PSoC5/isr_UART_LORA_RX.c **** *   Address of the ISR in the interrupt vector table.
 194:.\Generated_Source\PSoC5/isr_UART_LORA_RX.c **** *
 195:.\Generated_Source\PSoC5/isr_UART_LORA_RX.c **** *******************************************************************************/
 196:.\Generated_Source\PSoC5/isr_UART_LORA_RX.c **** cyisraddress isr_UART_LORA_RX_GetVector(void)
ARM GAS  C:\Users\GRAZIA~1.RAV\AppData\Local\Temp\cc7T2gGF.s 			page 8


 197:.\Generated_Source\PSoC5/isr_UART_LORA_RX.c **** {
 204              		.loc 1 197 0
 205              		.cfi_startproc
 206              		@ args = 0, pretend = 0, frame = 8
 207              		@ frame_needed = 1, uses_anonymous_args = 0
 208              		@ link register save eliminated.
 209 0000 80B4     		push	{r7}
 210              	.LCFI12:
 211              		.cfi_def_cfa_offset 4
 212              		.cfi_offset 7, -4
 213 0002 83B0     		sub	sp, sp, #12
 214              	.LCFI13:
 215              		.cfi_def_cfa_offset 16
 216 0004 00AF     		add	r7, sp, #0
 217              	.LCFI14:
 218              		.cfi_def_cfa_register 7
 198:.\Generated_Source\PSoC5/isr_UART_LORA_RX.c ****     cyisraddress * ramVectorTable;
 199:.\Generated_Source\PSoC5/isr_UART_LORA_RX.c **** 
 200:.\Generated_Source\PSoC5/isr_UART_LORA_RX.c ****     ramVectorTable = (cyisraddress *) *CYINT_VECT_TABLE;
 219              		.loc 1 200 0
 220 0006 4EF60853 		movw	r3, #60680
 221 000a CEF20003 		movt	r3, 57344
 222 000e 1B68     		ldr	r3, [r3, #0]
 223 0010 7B60     		str	r3, [r7, #4]
 201:.\Generated_Source\PSoC5/isr_UART_LORA_RX.c **** 
 202:.\Generated_Source\PSoC5/isr_UART_LORA_RX.c ****     return ramVectorTable[CYINT_IRQ_BASE + (uint32)isr_UART_LORA_RX__INTC_NUMBER];
 224              		.loc 1 202 0
 225 0012 7B68     		ldr	r3, [r7, #4]
 226 0014 DB6E     		ldr	r3, [r3, #108]
 203:.\Generated_Source\PSoC5/isr_UART_LORA_RX.c **** }
 227              		.loc 1 203 0
 228 0016 1846     		mov	r0, r3
 229 0018 07F10C07 		add	r7, r7, #12
 230 001c BD46     		mov	sp, r7
 231 001e 80BC     		pop	{r7}
 232 0020 7047     		bx	lr
 233              		.cfi_endproc
 234              	.LFE5:
 235              		.size	isr_UART_LORA_RX_GetVector, .-isr_UART_LORA_RX_GetVector
 236 0022 00BF     		.section	.text.isr_UART_LORA_RX_SetPriority,"ax",%progbits
 237              		.align	2
 238              		.global	isr_UART_LORA_RX_SetPriority
 239              		.thumb
 240              		.thumb_func
 241              		.type	isr_UART_LORA_RX_SetPriority, %function
 242              	isr_UART_LORA_RX_SetPriority:
 243              	.LFB6:
 204:.\Generated_Source\PSoC5/isr_UART_LORA_RX.c **** 
 205:.\Generated_Source\PSoC5/isr_UART_LORA_RX.c **** 
 206:.\Generated_Source\PSoC5/isr_UART_LORA_RX.c **** /*******************************************************************************
 207:.\Generated_Source\PSoC5/isr_UART_LORA_RX.c **** * Function Name: isr_UART_LORA_RX_SetPriority
 208:.\Generated_Source\PSoC5/isr_UART_LORA_RX.c **** ********************************************************************************
 209:.\Generated_Source\PSoC5/isr_UART_LORA_RX.c **** *
 210:.\Generated_Source\PSoC5/isr_UART_LORA_RX.c **** * Summary:
 211:.\Generated_Source\PSoC5/isr_UART_LORA_RX.c **** *   Sets the Priority of the Interrupt. Note calling isr_UART_LORA_RX_Start
 212:.\Generated_Source\PSoC5/isr_UART_LORA_RX.c **** *   or isr_UART_LORA_RX_StartEx will override any effect this method 
 213:.\Generated_Source\PSoC5/isr_UART_LORA_RX.c **** *   would have had. This method should only be called after 
ARM GAS  C:\Users\GRAZIA~1.RAV\AppData\Local\Temp\cc7T2gGF.s 			page 9


 214:.\Generated_Source\PSoC5/isr_UART_LORA_RX.c **** *   isr_UART_LORA_RX_Start or isr_UART_LORA_RX_StartEx has been called. To set 
 215:.\Generated_Source\PSoC5/isr_UART_LORA_RX.c **** *   the initial priority for the component use the cydwr file in the tool.
 216:.\Generated_Source\PSoC5/isr_UART_LORA_RX.c **** *
 217:.\Generated_Source\PSoC5/isr_UART_LORA_RX.c **** * Parameters:
 218:.\Generated_Source\PSoC5/isr_UART_LORA_RX.c **** *   priority: Priority of the interrupt. 0 - 7, 0 being the highest.
 219:.\Generated_Source\PSoC5/isr_UART_LORA_RX.c **** *
 220:.\Generated_Source\PSoC5/isr_UART_LORA_RX.c **** * Return:
 221:.\Generated_Source\PSoC5/isr_UART_LORA_RX.c **** *   None
 222:.\Generated_Source\PSoC5/isr_UART_LORA_RX.c **** *
 223:.\Generated_Source\PSoC5/isr_UART_LORA_RX.c **** *******************************************************************************/
 224:.\Generated_Source\PSoC5/isr_UART_LORA_RX.c **** void isr_UART_LORA_RX_SetPriority(uint8 priority)
 225:.\Generated_Source\PSoC5/isr_UART_LORA_RX.c **** {
 244              		.loc 1 225 0
 245              		.cfi_startproc
 246              		@ args = 0, pretend = 0, frame = 8
 247              		@ frame_needed = 1, uses_anonymous_args = 0
 248              		@ link register save eliminated.
 249 0000 80B4     		push	{r7}
 250              	.LCFI15:
 251              		.cfi_def_cfa_offset 4
 252              		.cfi_offset 7, -4
 253 0002 83B0     		sub	sp, sp, #12
 254              	.LCFI16:
 255              		.cfi_def_cfa_offset 16
 256 0004 00AF     		add	r7, sp, #0
 257              	.LCFI17:
 258              		.cfi_def_cfa_register 7
 259 0006 0346     		mov	r3, r0
 260 0008 FB71     		strb	r3, [r7, #7]
 226:.\Generated_Source\PSoC5/isr_UART_LORA_RX.c ****     *isr_UART_LORA_RX_INTC_PRIOR = priority << 5;
 261              		.loc 1 226 0
 262 000a 4EF20B43 		movw	r3, #58379
 263 000e CEF20003 		movt	r3, 57344
 264 0012 FA79     		ldrb	r2, [r7, #7]
 265 0014 4FEA4212 		lsl	r2, r2, #5
 266 0018 D2B2     		uxtb	r2, r2
 267 001a 1A70     		strb	r2, [r3, #0]
 227:.\Generated_Source\PSoC5/isr_UART_LORA_RX.c **** }
 268              		.loc 1 227 0
 269 001c 07F10C07 		add	r7, r7, #12
 270 0020 BD46     		mov	sp, r7
 271 0022 80BC     		pop	{r7}
 272 0024 7047     		bx	lr
 273              		.cfi_endproc
 274              	.LFE6:
 275              		.size	isr_UART_LORA_RX_SetPriority, .-isr_UART_LORA_RX_SetPriority
 276 0026 00BF     		.section	.text.isr_UART_LORA_RX_GetPriority,"ax",%progbits
 277              		.align	2
 278              		.global	isr_UART_LORA_RX_GetPriority
 279              		.thumb
 280              		.thumb_func
 281              		.type	isr_UART_LORA_RX_GetPriority, %function
 282              	isr_UART_LORA_RX_GetPriority:
 283              	.LFB7:
 228:.\Generated_Source\PSoC5/isr_UART_LORA_RX.c **** 
 229:.\Generated_Source\PSoC5/isr_UART_LORA_RX.c **** 
 230:.\Generated_Source\PSoC5/isr_UART_LORA_RX.c **** /*******************************************************************************
ARM GAS  C:\Users\GRAZIA~1.RAV\AppData\Local\Temp\cc7T2gGF.s 			page 10


 231:.\Generated_Source\PSoC5/isr_UART_LORA_RX.c **** * Function Name: isr_UART_LORA_RX_GetPriority
 232:.\Generated_Source\PSoC5/isr_UART_LORA_RX.c **** ********************************************************************************
 233:.\Generated_Source\PSoC5/isr_UART_LORA_RX.c **** *
 234:.\Generated_Source\PSoC5/isr_UART_LORA_RX.c **** * Summary:
 235:.\Generated_Source\PSoC5/isr_UART_LORA_RX.c **** *   Gets the Priority of the Interrupt.
 236:.\Generated_Source\PSoC5/isr_UART_LORA_RX.c **** *
 237:.\Generated_Source\PSoC5/isr_UART_LORA_RX.c **** * Parameters:
 238:.\Generated_Source\PSoC5/isr_UART_LORA_RX.c **** *   None
 239:.\Generated_Source\PSoC5/isr_UART_LORA_RX.c **** *
 240:.\Generated_Source\PSoC5/isr_UART_LORA_RX.c **** * Return:
 241:.\Generated_Source\PSoC5/isr_UART_LORA_RX.c **** *   Priority of the interrupt. 0 - 7, 0 being the highest.
 242:.\Generated_Source\PSoC5/isr_UART_LORA_RX.c **** *
 243:.\Generated_Source\PSoC5/isr_UART_LORA_RX.c **** *******************************************************************************/
 244:.\Generated_Source\PSoC5/isr_UART_LORA_RX.c **** uint8 isr_UART_LORA_RX_GetPriority(void)
 245:.\Generated_Source\PSoC5/isr_UART_LORA_RX.c **** {
 284              		.loc 1 245 0
 285              		.cfi_startproc
 286              		@ args = 0, pretend = 0, frame = 8
 287              		@ frame_needed = 1, uses_anonymous_args = 0
 288              		@ link register save eliminated.
 289 0000 80B4     		push	{r7}
 290              	.LCFI18:
 291              		.cfi_def_cfa_offset 4
 292              		.cfi_offset 7, -4
 293 0002 83B0     		sub	sp, sp, #12
 294              	.LCFI19:
 295              		.cfi_def_cfa_offset 16
 296 0004 00AF     		add	r7, sp, #0
 297              	.LCFI20:
 298              		.cfi_def_cfa_register 7
 246:.\Generated_Source\PSoC5/isr_UART_LORA_RX.c ****     uint8 priority;
 247:.\Generated_Source\PSoC5/isr_UART_LORA_RX.c **** 
 248:.\Generated_Source\PSoC5/isr_UART_LORA_RX.c **** 
 249:.\Generated_Source\PSoC5/isr_UART_LORA_RX.c ****     priority = *isr_UART_LORA_RX_INTC_PRIOR >> 5;
 299              		.loc 1 249 0
 300 0006 4EF20B43 		movw	r3, #58379
 301 000a CEF20003 		movt	r3, 57344
 302 000e 1B78     		ldrb	r3, [r3, #0]
 303 0010 DBB2     		uxtb	r3, r3
 304 0012 4FEA5313 		lsr	r3, r3, #5
 305 0016 FB71     		strb	r3, [r7, #7]
 250:.\Generated_Source\PSoC5/isr_UART_LORA_RX.c **** 
 251:.\Generated_Source\PSoC5/isr_UART_LORA_RX.c ****     return priority;
 306              		.loc 1 251 0
 307 0018 FB79     		ldrb	r3, [r7, #7]	@ zero_extendqisi2
 252:.\Generated_Source\PSoC5/isr_UART_LORA_RX.c **** }
 308              		.loc 1 252 0
 309 001a 1846     		mov	r0, r3
 310 001c 07F10C07 		add	r7, r7, #12
 311 0020 BD46     		mov	sp, r7
 312 0022 80BC     		pop	{r7}
 313 0024 7047     		bx	lr
 314              		.cfi_endproc
 315              	.LFE7:
 316              		.size	isr_UART_LORA_RX_GetPriority, .-isr_UART_LORA_RX_GetPriority
 317 0026 00BF     		.section	.text.isr_UART_LORA_RX_Enable,"ax",%progbits
 318              		.align	2
ARM GAS  C:\Users\GRAZIA~1.RAV\AppData\Local\Temp\cc7T2gGF.s 			page 11


 319              		.global	isr_UART_LORA_RX_Enable
 320              		.thumb
 321              		.thumb_func
 322              		.type	isr_UART_LORA_RX_Enable, %function
 323              	isr_UART_LORA_RX_Enable:
 324              	.LFB8:
 253:.\Generated_Source\PSoC5/isr_UART_LORA_RX.c **** 
 254:.\Generated_Source\PSoC5/isr_UART_LORA_RX.c **** 
 255:.\Generated_Source\PSoC5/isr_UART_LORA_RX.c **** /*******************************************************************************
 256:.\Generated_Source\PSoC5/isr_UART_LORA_RX.c **** * Function Name: isr_UART_LORA_RX_Enable
 257:.\Generated_Source\PSoC5/isr_UART_LORA_RX.c **** ********************************************************************************
 258:.\Generated_Source\PSoC5/isr_UART_LORA_RX.c **** *
 259:.\Generated_Source\PSoC5/isr_UART_LORA_RX.c **** * Summary:
 260:.\Generated_Source\PSoC5/isr_UART_LORA_RX.c **** *   Enables the interrupt.
 261:.\Generated_Source\PSoC5/isr_UART_LORA_RX.c **** *
 262:.\Generated_Source\PSoC5/isr_UART_LORA_RX.c **** * Parameters:
 263:.\Generated_Source\PSoC5/isr_UART_LORA_RX.c **** *   None
 264:.\Generated_Source\PSoC5/isr_UART_LORA_RX.c **** *
 265:.\Generated_Source\PSoC5/isr_UART_LORA_RX.c **** * Return:
 266:.\Generated_Source\PSoC5/isr_UART_LORA_RX.c **** *   None
 267:.\Generated_Source\PSoC5/isr_UART_LORA_RX.c **** *
 268:.\Generated_Source\PSoC5/isr_UART_LORA_RX.c **** *******************************************************************************/
 269:.\Generated_Source\PSoC5/isr_UART_LORA_RX.c **** void isr_UART_LORA_RX_Enable(void)
 270:.\Generated_Source\PSoC5/isr_UART_LORA_RX.c **** {
 325              		.loc 1 270 0
 326              		.cfi_startproc
 327              		@ args = 0, pretend = 0, frame = 0
 328              		@ frame_needed = 1, uses_anonymous_args = 0
 329              		@ link register save eliminated.
 330 0000 80B4     		push	{r7}
 331              	.LCFI21:
 332              		.cfi_def_cfa_offset 4
 333              		.cfi_offset 7, -4
 334 0002 00AF     		add	r7, sp, #0
 335              	.LCFI22:
 336              		.cfi_def_cfa_register 7
 271:.\Generated_Source\PSoC5/isr_UART_LORA_RX.c ****     /* Enable the general interrupt. */
 272:.\Generated_Source\PSoC5/isr_UART_LORA_RX.c ****     *isr_UART_LORA_RX_INTC_SET_EN = isr_UART_LORA_RX__INTC_MASK;
 337              		.loc 1 272 0
 338 0004 4FF46143 		mov	r3, #57600
 339 0008 CEF20003 		movt	r3, 57344
 340 000c 4FF40062 		mov	r2, #2048
 341 0010 1A60     		str	r2, [r3, #0]
 273:.\Generated_Source\PSoC5/isr_UART_LORA_RX.c **** }
 342              		.loc 1 273 0
 343 0012 BD46     		mov	sp, r7
 344 0014 80BC     		pop	{r7}
 345 0016 7047     		bx	lr
 346              		.cfi_endproc
 347              	.LFE8:
 348              		.size	isr_UART_LORA_RX_Enable, .-isr_UART_LORA_RX_Enable
 349              		.section	.text.isr_UART_LORA_RX_GetState,"ax",%progbits
 350              		.align	2
 351              		.global	isr_UART_LORA_RX_GetState
 352              		.thumb
 353              		.thumb_func
 354              		.type	isr_UART_LORA_RX_GetState, %function
ARM GAS  C:\Users\GRAZIA~1.RAV\AppData\Local\Temp\cc7T2gGF.s 			page 12


 355              	isr_UART_LORA_RX_GetState:
 356              	.LFB9:
 274:.\Generated_Source\PSoC5/isr_UART_LORA_RX.c **** 
 275:.\Generated_Source\PSoC5/isr_UART_LORA_RX.c **** 
 276:.\Generated_Source\PSoC5/isr_UART_LORA_RX.c **** /*******************************************************************************
 277:.\Generated_Source\PSoC5/isr_UART_LORA_RX.c **** * Function Name: isr_UART_LORA_RX_GetState
 278:.\Generated_Source\PSoC5/isr_UART_LORA_RX.c **** ********************************************************************************
 279:.\Generated_Source\PSoC5/isr_UART_LORA_RX.c **** *
 280:.\Generated_Source\PSoC5/isr_UART_LORA_RX.c **** * Summary:
 281:.\Generated_Source\PSoC5/isr_UART_LORA_RX.c **** *   Gets the state (enabled, disabled) of the Interrupt.
 282:.\Generated_Source\PSoC5/isr_UART_LORA_RX.c **** *
 283:.\Generated_Source\PSoC5/isr_UART_LORA_RX.c **** * Parameters:
 284:.\Generated_Source\PSoC5/isr_UART_LORA_RX.c **** *   None
 285:.\Generated_Source\PSoC5/isr_UART_LORA_RX.c **** *
 286:.\Generated_Source\PSoC5/isr_UART_LORA_RX.c **** * Return:
 287:.\Generated_Source\PSoC5/isr_UART_LORA_RX.c **** *   1 if enabled, 0 if disabled.
 288:.\Generated_Source\PSoC5/isr_UART_LORA_RX.c **** *
 289:.\Generated_Source\PSoC5/isr_UART_LORA_RX.c **** *******************************************************************************/
 290:.\Generated_Source\PSoC5/isr_UART_LORA_RX.c **** uint8 isr_UART_LORA_RX_GetState(void)
 291:.\Generated_Source\PSoC5/isr_UART_LORA_RX.c **** {
 357              		.loc 1 291 0
 358              		.cfi_startproc
 359              		@ args = 0, pretend = 0, frame = 0
 360              		@ frame_needed = 1, uses_anonymous_args = 0
 361              		@ link register save eliminated.
 362 0000 80B4     		push	{r7}
 363              	.LCFI23:
 364              		.cfi_def_cfa_offset 4
 365              		.cfi_offset 7, -4
 366 0002 00AF     		add	r7, sp, #0
 367              	.LCFI24:
 368              		.cfi_def_cfa_register 7
 292:.\Generated_Source\PSoC5/isr_UART_LORA_RX.c ****     /* Get the state of the general interrupt. */
 293:.\Generated_Source\PSoC5/isr_UART_LORA_RX.c ****     return ((*isr_UART_LORA_RX_INTC_SET_EN & (uint32)isr_UART_LORA_RX__INTC_MASK) != 0u) ? 1u:0u;
 369              		.loc 1 293 0
 370 0004 4FF46143 		mov	r3, #57600
 371 0008 CEF20003 		movt	r3, 57344
 372 000c 1B68     		ldr	r3, [r3, #0]
 373 000e 03F40063 		and	r3, r3, #2048
 374 0012 002B     		cmp	r3, #0
 375 0014 02D0     		beq	.L13
 376              		.loc 1 293 0 is_stmt 0 discriminator 1
 377 0016 4FF00103 		mov	r3, #1
 378 001a 01E0     		b	.L14
 379              	.L13:
 380              		.loc 1 293 0 discriminator 2
 381 001c 4FF00003 		mov	r3, #0
 382              	.L14:
 294:.\Generated_Source\PSoC5/isr_UART_LORA_RX.c **** }
 383              		.loc 1 294 0 is_stmt 1 discriminator 3
 384 0020 1846     		mov	r0, r3
 385 0022 BD46     		mov	sp, r7
 386 0024 80BC     		pop	{r7}
 387 0026 7047     		bx	lr
 388              		.cfi_endproc
 389              	.LFE9:
 390              		.size	isr_UART_LORA_RX_GetState, .-isr_UART_LORA_RX_GetState
ARM GAS  C:\Users\GRAZIA~1.RAV\AppData\Local\Temp\cc7T2gGF.s 			page 13


 391              		.section	.text.isr_UART_LORA_RX_Disable,"ax",%progbits
 392              		.align	2
 393              		.global	isr_UART_LORA_RX_Disable
 394              		.thumb
 395              		.thumb_func
 396              		.type	isr_UART_LORA_RX_Disable, %function
 397              	isr_UART_LORA_RX_Disable:
 398              	.LFB10:
 295:.\Generated_Source\PSoC5/isr_UART_LORA_RX.c **** 
 296:.\Generated_Source\PSoC5/isr_UART_LORA_RX.c **** 
 297:.\Generated_Source\PSoC5/isr_UART_LORA_RX.c **** /*******************************************************************************
 298:.\Generated_Source\PSoC5/isr_UART_LORA_RX.c **** * Function Name: isr_UART_LORA_RX_Disable
 299:.\Generated_Source\PSoC5/isr_UART_LORA_RX.c **** ********************************************************************************
 300:.\Generated_Source\PSoC5/isr_UART_LORA_RX.c **** *
 301:.\Generated_Source\PSoC5/isr_UART_LORA_RX.c **** * Summary:
 302:.\Generated_Source\PSoC5/isr_UART_LORA_RX.c **** *   Disables the Interrupt.
 303:.\Generated_Source\PSoC5/isr_UART_LORA_RX.c **** *
 304:.\Generated_Source\PSoC5/isr_UART_LORA_RX.c **** * Parameters:
 305:.\Generated_Source\PSoC5/isr_UART_LORA_RX.c **** *   None
 306:.\Generated_Source\PSoC5/isr_UART_LORA_RX.c **** *
 307:.\Generated_Source\PSoC5/isr_UART_LORA_RX.c **** * Return:
 308:.\Generated_Source\PSoC5/isr_UART_LORA_RX.c **** *   None
 309:.\Generated_Source\PSoC5/isr_UART_LORA_RX.c **** *
 310:.\Generated_Source\PSoC5/isr_UART_LORA_RX.c **** *******************************************************************************/
 311:.\Generated_Source\PSoC5/isr_UART_LORA_RX.c **** void isr_UART_LORA_RX_Disable(void)
 312:.\Generated_Source\PSoC5/isr_UART_LORA_RX.c **** {
 399              		.loc 1 312 0
 400              		.cfi_startproc
 401              		@ args = 0, pretend = 0, frame = 0
 402              		@ frame_needed = 1, uses_anonymous_args = 0
 403              		@ link register save eliminated.
 404 0000 80B4     		push	{r7}
 405              	.LCFI25:
 406              		.cfi_def_cfa_offset 4
 407              		.cfi_offset 7, -4
 408 0002 00AF     		add	r7, sp, #0
 409              	.LCFI26:
 410              		.cfi_def_cfa_register 7
 313:.\Generated_Source\PSoC5/isr_UART_LORA_RX.c ****     /* Disable the general interrupt. */
 314:.\Generated_Source\PSoC5/isr_UART_LORA_RX.c ****     *isr_UART_LORA_RX_INTC_CLR_EN = isr_UART_LORA_RX__INTC_MASK;
 411              		.loc 1 314 0
 412 0004 4EF28013 		movw	r3, #57728
 413 0008 CEF20003 		movt	r3, 57344
 414 000c 4FF40062 		mov	r2, #2048
 415 0010 1A60     		str	r2, [r3, #0]
 315:.\Generated_Source\PSoC5/isr_UART_LORA_RX.c **** }
 416              		.loc 1 315 0
 417 0012 BD46     		mov	sp, r7
 418 0014 80BC     		pop	{r7}
 419 0016 7047     		bx	lr
 420              		.cfi_endproc
 421              	.LFE10:
 422              		.size	isr_UART_LORA_RX_Disable, .-isr_UART_LORA_RX_Disable
 423              		.section	.text.isr_UART_LORA_RX_SetPending,"ax",%progbits
 424              		.align	2
 425              		.global	isr_UART_LORA_RX_SetPending
 426              		.thumb
ARM GAS  C:\Users\GRAZIA~1.RAV\AppData\Local\Temp\cc7T2gGF.s 			page 14


 427              		.thumb_func
 428              		.type	isr_UART_LORA_RX_SetPending, %function
 429              	isr_UART_LORA_RX_SetPending:
 430              	.LFB11:
 316:.\Generated_Source\PSoC5/isr_UART_LORA_RX.c **** 
 317:.\Generated_Source\PSoC5/isr_UART_LORA_RX.c **** 
 318:.\Generated_Source\PSoC5/isr_UART_LORA_RX.c **** /*******************************************************************************
 319:.\Generated_Source\PSoC5/isr_UART_LORA_RX.c **** * Function Name: isr_UART_LORA_RX_SetPending
 320:.\Generated_Source\PSoC5/isr_UART_LORA_RX.c **** ********************************************************************************
 321:.\Generated_Source\PSoC5/isr_UART_LORA_RX.c **** *
 322:.\Generated_Source\PSoC5/isr_UART_LORA_RX.c **** * Summary:
 323:.\Generated_Source\PSoC5/isr_UART_LORA_RX.c **** *   Causes the Interrupt to enter the pending state, a software method of
 324:.\Generated_Source\PSoC5/isr_UART_LORA_RX.c **** *   generating the interrupt.
 325:.\Generated_Source\PSoC5/isr_UART_LORA_RX.c **** *
 326:.\Generated_Source\PSoC5/isr_UART_LORA_RX.c **** * Parameters:
 327:.\Generated_Source\PSoC5/isr_UART_LORA_RX.c **** *   None
 328:.\Generated_Source\PSoC5/isr_UART_LORA_RX.c **** *
 329:.\Generated_Source\PSoC5/isr_UART_LORA_RX.c **** * Return:
 330:.\Generated_Source\PSoC5/isr_UART_LORA_RX.c **** *   None
 331:.\Generated_Source\PSoC5/isr_UART_LORA_RX.c **** *
 332:.\Generated_Source\PSoC5/isr_UART_LORA_RX.c **** *******************************************************************************/
 333:.\Generated_Source\PSoC5/isr_UART_LORA_RX.c **** void isr_UART_LORA_RX_SetPending(void)
 334:.\Generated_Source\PSoC5/isr_UART_LORA_RX.c **** {
 431              		.loc 1 334 0
 432              		.cfi_startproc
 433              		@ args = 0, pretend = 0, frame = 0
 434              		@ frame_needed = 1, uses_anonymous_args = 0
 435              		@ link register save eliminated.
 436 0000 80B4     		push	{r7}
 437              	.LCFI27:
 438              		.cfi_def_cfa_offset 4
 439              		.cfi_offset 7, -4
 440 0002 00AF     		add	r7, sp, #0
 441              	.LCFI28:
 442              		.cfi_def_cfa_register 7
 335:.\Generated_Source\PSoC5/isr_UART_LORA_RX.c ****     *isr_UART_LORA_RX_INTC_SET_PD = isr_UART_LORA_RX__INTC_MASK;
 443              		.loc 1 335 0
 444 0004 4FF46243 		mov	r3, #57856
 445 0008 CEF20003 		movt	r3, 57344
 446 000c 4FF40062 		mov	r2, #2048
 447 0010 1A60     		str	r2, [r3, #0]
 336:.\Generated_Source\PSoC5/isr_UART_LORA_RX.c **** }
 448              		.loc 1 336 0
 449 0012 BD46     		mov	sp, r7
 450 0014 80BC     		pop	{r7}
 451 0016 7047     		bx	lr
 452              		.cfi_endproc
 453              	.LFE11:
 454              		.size	isr_UART_LORA_RX_SetPending, .-isr_UART_LORA_RX_SetPending
 455              		.section	.text.isr_UART_LORA_RX_ClearPending,"ax",%progbits
 456              		.align	2
 457              		.global	isr_UART_LORA_RX_ClearPending
 458              		.thumb
 459              		.thumb_func
 460              		.type	isr_UART_LORA_RX_ClearPending, %function
 461              	isr_UART_LORA_RX_ClearPending:
 462              	.LFB12:
ARM GAS  C:\Users\GRAZIA~1.RAV\AppData\Local\Temp\cc7T2gGF.s 			page 15


 337:.\Generated_Source\PSoC5/isr_UART_LORA_RX.c **** 
 338:.\Generated_Source\PSoC5/isr_UART_LORA_RX.c **** 
 339:.\Generated_Source\PSoC5/isr_UART_LORA_RX.c **** /*******************************************************************************
 340:.\Generated_Source\PSoC5/isr_UART_LORA_RX.c **** * Function Name: isr_UART_LORA_RX_ClearPending
 341:.\Generated_Source\PSoC5/isr_UART_LORA_RX.c **** ********************************************************************************
 342:.\Generated_Source\PSoC5/isr_UART_LORA_RX.c **** *
 343:.\Generated_Source\PSoC5/isr_UART_LORA_RX.c **** * Summary:
 344:.\Generated_Source\PSoC5/isr_UART_LORA_RX.c **** *   Clears a pending interrupt.
 345:.\Generated_Source\PSoC5/isr_UART_LORA_RX.c **** *
 346:.\Generated_Source\PSoC5/isr_UART_LORA_RX.c **** * Parameters:
 347:.\Generated_Source\PSoC5/isr_UART_LORA_RX.c **** *   None
 348:.\Generated_Source\PSoC5/isr_UART_LORA_RX.c **** *
 349:.\Generated_Source\PSoC5/isr_UART_LORA_RX.c **** * Return:
 350:.\Generated_Source\PSoC5/isr_UART_LORA_RX.c **** *   None
 351:.\Generated_Source\PSoC5/isr_UART_LORA_RX.c **** *
 352:.\Generated_Source\PSoC5/isr_UART_LORA_RX.c **** *******************************************************************************/
 353:.\Generated_Source\PSoC5/isr_UART_LORA_RX.c **** void isr_UART_LORA_RX_ClearPending(void)
 354:.\Generated_Source\PSoC5/isr_UART_LORA_RX.c **** {
 463              		.loc 1 354 0
 464              		.cfi_startproc
 465              		@ args = 0, pretend = 0, frame = 0
 466              		@ frame_needed = 1, uses_anonymous_args = 0
 467              		@ link register save eliminated.
 468 0000 80B4     		push	{r7}
 469              	.LCFI29:
 470              		.cfi_def_cfa_offset 4
 471              		.cfi_offset 7, -4
 472 0002 00AF     		add	r7, sp, #0
 473              	.LCFI30:
 474              		.cfi_def_cfa_register 7
 355:.\Generated_Source\PSoC5/isr_UART_LORA_RX.c ****     *isr_UART_LORA_RX_INTC_CLR_PD = isr_UART_LORA_RX__INTC_MASK;
 475              		.loc 1 355 0
 476 0004 4EF28023 		movw	r3, #57984
 477 0008 CEF20003 		movt	r3, 57344
 478 000c 4FF40062 		mov	r2, #2048
 479 0010 1A60     		str	r2, [r3, #0]
 356:.\Generated_Source\PSoC5/isr_UART_LORA_RX.c **** }
 480              		.loc 1 356 0
 481 0012 BD46     		mov	sp, r7
 482 0014 80BC     		pop	{r7}
 483 0016 7047     		bx	lr
 484              		.cfi_endproc
 485              	.LFE12:
 486              		.size	isr_UART_LORA_RX_ClearPending, .-isr_UART_LORA_RX_ClearPending
 487              		.text
 488              	.Letext0:
 489              		.file 2 "./Generated_Source/PSoC5/cytypes.h"
 490              		.section	.debug_info,"",%progbits
 491              	.Ldebug_info0:
 492 0000 74020000 		.4byte	0x274
 493 0004 0200     		.2byte	0x2
 494 0006 00000000 		.4byte	.Ldebug_abbrev0
 495 000a 04       		.byte	0x4
 496 000b 01       		.uleb128 0x1
 497 000c 5E020000 		.4byte	.LASF33
 498 0010 01       		.byte	0x1
 499 0011 F3020000 		.4byte	.LASF34
ARM GAS  C:\Users\GRAZIA~1.RAV\AppData\Local\Temp\cc7T2gGF.s 			page 16


 500 0015 10010000 		.4byte	.LASF35
 501 0019 00000000 		.4byte	.Ldebug_ranges0+0
 502 001d 00000000 		.4byte	0
 503 0021 00000000 		.4byte	0
 504 0025 00000000 		.4byte	.Ldebug_line0
 505 0029 02       		.uleb128 0x2
 506 002a 01       		.byte	0x1
 507 002b 06       		.byte	0x6
 508 002c E7020000 		.4byte	.LASF0
 509 0030 02       		.uleb128 0x2
 510 0031 01       		.byte	0x1
 511 0032 08       		.byte	0x8
 512 0033 A0000000 		.4byte	.LASF1
 513 0037 02       		.uleb128 0x2
 514 0038 02       		.byte	0x2
 515 0039 05       		.byte	0x5
 516 003a 3C020000 		.4byte	.LASF2
 517 003e 02       		.uleb128 0x2
 518 003f 02       		.byte	0x2
 519 0040 07       		.byte	0x7
 520 0041 5A000000 		.4byte	.LASF3
 521 0045 03       		.uleb128 0x3
 522 0046 04       		.byte	0x4
 523 0047 05       		.byte	0x5
 524 0048 696E7400 		.ascii	"int\000"
 525 004c 02       		.uleb128 0x2
 526 004d 04       		.byte	0x4
 527 004e 07       		.byte	0x7
 528 004f A4010000 		.4byte	.LASF4
 529 0053 02       		.uleb128 0x2
 530 0054 08       		.byte	0x8
 531 0055 05       		.byte	0x5
 532 0056 FF010000 		.4byte	.LASF5
 533 005a 02       		.uleb128 0x2
 534 005b 08       		.byte	0x8
 535 005c 07       		.byte	0x7
 536 005d B9010000 		.4byte	.LASF6
 537 0061 02       		.uleb128 0x2
 538 0062 04       		.byte	0x4
 539 0063 05       		.byte	0x5
 540 0064 DE020000 		.4byte	.LASF7
 541 0068 02       		.uleb128 0x2
 542 0069 04       		.byte	0x4
 543 006a 07       		.byte	0x7
 544 006b F6010000 		.4byte	.LASF8
 545 006f 02       		.uleb128 0x2
 546 0070 04       		.byte	0x4
 547 0071 07       		.byte	0x7
 548 0072 B3000000 		.4byte	.LASF9
 549 0076 04       		.uleb128 0x4
 550 0077 01       		.byte	0x1
 551 0078 05       		.uleb128 0x5
 552 0079 04       		.byte	0x4
 553 007a 76000000 		.4byte	0x76
 554 007e 02       		.uleb128 0x2
 555 007f 01       		.byte	0x1
 556 0080 08       		.byte	0x8
ARM GAS  C:\Users\GRAZIA~1.RAV\AppData\Local\Temp\cc7T2gGF.s 			page 17


 557 0081 28020000 		.4byte	.LASF10
 558 0085 06       		.uleb128 0x6
 559 0086 C5000000 		.4byte	.LASF11
 560 008a 02       		.byte	0x2
 561 008b 5B       		.byte	0x5b
 562 008c 30000000 		.4byte	0x30
 563 0090 06       		.uleb128 0x6
 564 0091 80010000 		.4byte	.LASF12
 565 0095 02       		.byte	0x2
 566 0096 5D       		.byte	0x5d
 567 0097 6F000000 		.4byte	0x6f
 568 009b 02       		.uleb128 0x2
 569 009c 04       		.byte	0x4
 570 009d 04       		.byte	0x4
 571 009e 9A000000 		.4byte	.LASF13
 572 00a2 02       		.uleb128 0x2
 573 00a3 08       		.byte	0x8
 574 00a4 04       		.byte	0x4
 575 00a5 F0000000 		.4byte	.LASF14
 576 00a9 06       		.uleb128 0x6
 577 00aa AE000000 		.4byte	.LASF15
 578 00ae 02       		.byte	0x2
 579 00af F0       		.byte	0xf0
 580 00b0 B4000000 		.4byte	0xb4
 581 00b4 07       		.uleb128 0x7
 582 00b5 85000000 		.4byte	0x85
 583 00b9 06       		.uleb128 0x6
 584 00ba 00000000 		.4byte	.LASF16
 585 00be 02       		.byte	0x2
 586 00bf F2       		.byte	0xf2
 587 00c0 C4000000 		.4byte	0xc4
 588 00c4 07       		.uleb128 0x7
 589 00c5 90000000 		.4byte	0x90
 590 00c9 08       		.uleb128 0x8
 591 00ca D0010000 		.4byte	.LASF17
 592 00ce 02       		.byte	0x2
 593 00cf 0201     		.2byte	0x102
 594 00d1 78000000 		.4byte	0x78
 595 00d5 09       		.uleb128 0x9
 596 00d6 01       		.byte	0x1
 597 00d7 6D000000 		.4byte	.LASF18
 598 00db 01       		.byte	0x1
 599 00dc 3B       		.byte	0x3b
 600 00dd 01       		.byte	0x1
 601 00de 00000000 		.4byte	.LFB0
 602 00e2 22000000 		.4byte	.LFE0
 603 00e6 00000000 		.4byte	.LLST0
 604 00ea 01       		.byte	0x1
 605 00eb 0A       		.uleb128 0xa
 606 00ec 01       		.byte	0x1
 607 00ed F7000000 		.4byte	.LASF21
 608 00f1 01       		.byte	0x1
 609 00f2 59       		.byte	0x59
 610 00f3 01       		.byte	0x1
 611 00f4 00000000 		.4byte	.LFB1
 612 00f8 26000000 		.4byte	.LFE1
 613 00fc 2C000000 		.4byte	.LLST1
ARM GAS  C:\Users\GRAZIA~1.RAV\AppData\Local\Temp\cc7T2gGF.s 			page 18


 614 0100 01       		.byte	0x1
 615 0101 14010000 		.4byte	0x114
 616 0105 0B       		.uleb128 0xb
 617 0106 B1010000 		.4byte	.LASF23
 618 010a 01       		.byte	0x1
 619 010b 59       		.byte	0x59
 620 010c C9000000 		.4byte	0xc9
 621 0110 02       		.byte	0x2
 622 0111 91       		.byte	0x91
 623 0112 74       		.sleb128 -12
 624 0113 00       		.byte	0
 625 0114 09       		.uleb128 0x9
 626 0115 01       		.byte	0x1
 627 0116 84000000 		.4byte	.LASF19
 628 011a 01       		.byte	0x1
 629 011b 76       		.byte	0x76
 630 011c 01       		.byte	0x1
 631 011d 00000000 		.4byte	.LFB2
 632 0121 16000000 		.4byte	.LFE2
 633 0125 64000000 		.4byte	.LLST2
 634 0129 01       		.byte	0x1
 635 012a 09       		.uleb128 0x9
 636 012b 01       		.byte	0x1
 637 012c 3F000000 		.4byte	.LASF20
 638 0130 01       		.byte	0x1
 639 0131 90       		.byte	0x90
 640 0132 01       		.byte	0x1
 641 0133 00000000 		.4byte	.LFB3
 642 0137 0A000000 		.4byte	.LFE3
 643 013b 90000000 		.4byte	.LLST3
 644 013f 01       		.byte	0x1
 645 0140 0C       		.uleb128 0xc
 646 0141 01       		.byte	0x1
 647 0142 0D020000 		.4byte	.LASF22
 648 0146 01       		.byte	0x1
 649 0147 AC       		.byte	0xac
 650 0148 01       		.byte	0x1
 651 0149 00000000 		.4byte	.LFB4
 652 014d 28000000 		.4byte	.LFE4
 653 0151 BC000000 		.4byte	.LLST4
 654 0155 01       		.byte	0x1
 655 0156 77010000 		.4byte	0x177
 656 015a 0B       		.uleb128 0xb
 657 015b B1010000 		.4byte	.LASF23
 658 015f 01       		.byte	0x1
 659 0160 AC       		.byte	0xac
 660 0161 C9000000 		.4byte	0xc9
 661 0165 02       		.byte	0x2
 662 0166 91       		.byte	0x91
 663 0167 6C       		.sleb128 -20
 664 0168 0D       		.uleb128 0xd
 665 0169 2D020000 		.4byte	.LASF24
 666 016d 01       		.byte	0x1
 667 016e AE       		.byte	0xae
 668 016f 77010000 		.4byte	0x177
 669 0173 02       		.byte	0x2
 670 0174 91       		.byte	0x91
ARM GAS  C:\Users\GRAZIA~1.RAV\AppData\Local\Temp\cc7T2gGF.s 			page 19


 671 0175 74       		.sleb128 -12
 672 0176 00       		.byte	0
 673 0177 05       		.uleb128 0x5
 674 0178 04       		.byte	0x4
 675 0179 C9000000 		.4byte	0xc9
 676 017d 0E       		.uleb128 0xe
 677 017e 01       		.byte	0x1
 678 017f 24000000 		.4byte	.LASF27
 679 0183 01       		.byte	0x1
 680 0184 C4       		.byte	0xc4
 681 0185 01       		.byte	0x1
 682 0186 C9000000 		.4byte	0xc9
 683 018a 00000000 		.4byte	.LFB5
 684 018e 22000000 		.4byte	.LFE5
 685 0192 F4000000 		.4byte	.LLST5
 686 0196 01       		.byte	0x1
 687 0197 AA010000 		.4byte	0x1aa
 688 019b 0D       		.uleb128 0xd
 689 019c 2D020000 		.4byte	.LASF24
 690 01a0 01       		.byte	0x1
 691 01a1 C6       		.byte	0xc6
 692 01a2 77010000 		.4byte	0x177
 693 01a6 02       		.byte	0x2
 694 01a7 91       		.byte	0x91
 695 01a8 74       		.sleb128 -12
 696 01a9 00       		.byte	0
 697 01aa 0C       		.uleb128 0xc
 698 01ab 01       		.byte	0x1
 699 01ac C1020000 		.4byte	.LASF25
 700 01b0 01       		.byte	0x1
 701 01b1 E0       		.byte	0xe0
 702 01b2 01       		.byte	0x1
 703 01b3 00000000 		.4byte	.LFB6
 704 01b7 26000000 		.4byte	.LFE6
 705 01bb 2C010000 		.4byte	.LLST6
 706 01bf 01       		.byte	0x1
 707 01c0 D3010000 		.4byte	0x1d3
 708 01c4 0B       		.uleb128 0xb
 709 01c5 CB000000 		.4byte	.LASF26
 710 01c9 01       		.byte	0x1
 711 01ca E0       		.byte	0xe0
 712 01cb 85000000 		.4byte	0x85
 713 01cf 02       		.byte	0x2
 714 01d0 91       		.byte	0x91
 715 01d1 77       		.sleb128 -9
 716 01d2 00       		.byte	0
 717 01d3 0E       		.uleb128 0xe
 718 01d4 01       		.byte	0x1
 719 01d5 87010000 		.4byte	.LASF28
 720 01d9 01       		.byte	0x1
 721 01da F4       		.byte	0xf4
 722 01db 01       		.byte	0x1
 723 01dc 85000000 		.4byte	0x85
 724 01e0 00000000 		.4byte	.LFB7
 725 01e4 26000000 		.4byte	.LFE7
 726 01e8 64010000 		.4byte	.LLST7
 727 01ec 01       		.byte	0x1
ARM GAS  C:\Users\GRAZIA~1.RAV\AppData\Local\Temp\cc7T2gGF.s 			page 20


 728 01ed 00020000 		.4byte	0x200
 729 01f1 0D       		.uleb128 0xd
 730 01f2 CB000000 		.4byte	.LASF26
 731 01f6 01       		.byte	0x1
 732 01f7 F6       		.byte	0xf6
 733 01f8 85000000 		.4byte	0x85
 734 01fc 02       		.byte	0x2
 735 01fd 91       		.byte	0x91
 736 01fe 77       		.sleb128 -9
 737 01ff 00       		.byte	0
 738 0200 0F       		.uleb128 0xf
 739 0201 01       		.byte	0x1
 740 0202 46020000 		.4byte	.LASF29
 741 0206 01       		.byte	0x1
 742 0207 0D01     		.2byte	0x10d
 743 0209 01       		.byte	0x1
 744 020a 00000000 		.4byte	.LFB8
 745 020e 18000000 		.4byte	.LFE8
 746 0212 9C010000 		.4byte	.LLST8
 747 0216 01       		.byte	0x1
 748 0217 10       		.uleb128 0x10
 749 0218 01       		.byte	0x1
 750 0219 A7020000 		.4byte	.LASF36
 751 021d 01       		.byte	0x1
 752 021e 2201     		.2byte	0x122
 753 0220 01       		.byte	0x1
 754 0221 85000000 		.4byte	0x85
 755 0225 00000000 		.4byte	.LFB9
 756 0229 28000000 		.4byte	.LFE9
 757 022d C8010000 		.4byte	.LLST9
 758 0231 01       		.byte	0x1
 759 0232 0F       		.uleb128 0xf
 760 0233 01       		.byte	0x1
 761 0234 DD010000 		.4byte	.LASF30
 762 0238 01       		.byte	0x1
 763 0239 3701     		.2byte	0x137
 764 023b 01       		.byte	0x1
 765 023c 00000000 		.4byte	.LFB10
 766 0240 18000000 		.4byte	.LFE10
 767 0244 F4010000 		.4byte	.LLST10
 768 0248 01       		.byte	0x1
 769 0249 0F       		.uleb128 0xf
 770 024a 01       		.byte	0x1
 771 024b D4000000 		.4byte	.LASF31
 772 024f 01       		.byte	0x1
 773 0250 4D01     		.2byte	0x14d
 774 0252 01       		.byte	0x1
 775 0253 00000000 		.4byte	.LFB11
 776 0257 18000000 		.4byte	.LFE11
 777 025b 20020000 		.4byte	.LLST11
 778 025f 01       		.byte	0x1
 779 0260 0F       		.uleb128 0xf
 780 0261 01       		.byte	0x1
 781 0262 06000000 		.4byte	.LASF32
 782 0266 01       		.byte	0x1
 783 0267 6101     		.2byte	0x161
 784 0269 01       		.byte	0x1
ARM GAS  C:\Users\GRAZIA~1.RAV\AppData\Local\Temp\cc7T2gGF.s 			page 21


 785 026a 00000000 		.4byte	.LFB12
 786 026e 18000000 		.4byte	.LFE12
 787 0272 4C020000 		.4byte	.LLST12
 788 0276 01       		.byte	0x1
 789 0277 00       		.byte	0
 790              		.section	.debug_abbrev,"",%progbits
 791              	.Ldebug_abbrev0:
 792 0000 01       		.uleb128 0x1
 793 0001 11       		.uleb128 0x11
 794 0002 01       		.byte	0x1
 795 0003 25       		.uleb128 0x25
 796 0004 0E       		.uleb128 0xe
 797 0005 13       		.uleb128 0x13
 798 0006 0B       		.uleb128 0xb
 799 0007 03       		.uleb128 0x3
 800 0008 0E       		.uleb128 0xe
 801 0009 1B       		.uleb128 0x1b
 802 000a 0E       		.uleb128 0xe
 803 000b 55       		.uleb128 0x55
 804 000c 06       		.uleb128 0x6
 805 000d 11       		.uleb128 0x11
 806 000e 01       		.uleb128 0x1
 807 000f 52       		.uleb128 0x52
 808 0010 01       		.uleb128 0x1
 809 0011 10       		.uleb128 0x10
 810 0012 06       		.uleb128 0x6
 811 0013 00       		.byte	0
 812 0014 00       		.byte	0
 813 0015 02       		.uleb128 0x2
 814 0016 24       		.uleb128 0x24
 815 0017 00       		.byte	0
 816 0018 0B       		.uleb128 0xb
 817 0019 0B       		.uleb128 0xb
 818 001a 3E       		.uleb128 0x3e
 819 001b 0B       		.uleb128 0xb
 820 001c 03       		.uleb128 0x3
 821 001d 0E       		.uleb128 0xe
 822 001e 00       		.byte	0
 823 001f 00       		.byte	0
 824 0020 03       		.uleb128 0x3
 825 0021 24       		.uleb128 0x24
 826 0022 00       		.byte	0
 827 0023 0B       		.uleb128 0xb
 828 0024 0B       		.uleb128 0xb
 829 0025 3E       		.uleb128 0x3e
 830 0026 0B       		.uleb128 0xb
 831 0027 03       		.uleb128 0x3
 832 0028 08       		.uleb128 0x8
 833 0029 00       		.byte	0
 834 002a 00       		.byte	0
 835 002b 04       		.uleb128 0x4
 836 002c 15       		.uleb128 0x15
 837 002d 00       		.byte	0
 838 002e 27       		.uleb128 0x27
 839 002f 0C       		.uleb128 0xc
 840 0030 00       		.byte	0
 841 0031 00       		.byte	0
ARM GAS  C:\Users\GRAZIA~1.RAV\AppData\Local\Temp\cc7T2gGF.s 			page 22


 842 0032 05       		.uleb128 0x5
 843 0033 0F       		.uleb128 0xf
 844 0034 00       		.byte	0
 845 0035 0B       		.uleb128 0xb
 846 0036 0B       		.uleb128 0xb
 847 0037 49       		.uleb128 0x49
 848 0038 13       		.uleb128 0x13
 849 0039 00       		.byte	0
 850 003a 00       		.byte	0
 851 003b 06       		.uleb128 0x6
 852 003c 16       		.uleb128 0x16
 853 003d 00       		.byte	0
 854 003e 03       		.uleb128 0x3
 855 003f 0E       		.uleb128 0xe
 856 0040 3A       		.uleb128 0x3a
 857 0041 0B       		.uleb128 0xb
 858 0042 3B       		.uleb128 0x3b
 859 0043 0B       		.uleb128 0xb
 860 0044 49       		.uleb128 0x49
 861 0045 13       		.uleb128 0x13
 862 0046 00       		.byte	0
 863 0047 00       		.byte	0
 864 0048 07       		.uleb128 0x7
 865 0049 35       		.uleb128 0x35
 866 004a 00       		.byte	0
 867 004b 49       		.uleb128 0x49
 868 004c 13       		.uleb128 0x13
 869 004d 00       		.byte	0
 870 004e 00       		.byte	0
 871 004f 08       		.uleb128 0x8
 872 0050 16       		.uleb128 0x16
 873 0051 00       		.byte	0
 874 0052 03       		.uleb128 0x3
 875 0053 0E       		.uleb128 0xe
 876 0054 3A       		.uleb128 0x3a
 877 0055 0B       		.uleb128 0xb
 878 0056 3B       		.uleb128 0x3b
 879 0057 05       		.uleb128 0x5
 880 0058 49       		.uleb128 0x49
 881 0059 13       		.uleb128 0x13
 882 005a 00       		.byte	0
 883 005b 00       		.byte	0
 884 005c 09       		.uleb128 0x9
 885 005d 2E       		.uleb128 0x2e
 886 005e 00       		.byte	0
 887 005f 3F       		.uleb128 0x3f
 888 0060 0C       		.uleb128 0xc
 889 0061 03       		.uleb128 0x3
 890 0062 0E       		.uleb128 0xe
 891 0063 3A       		.uleb128 0x3a
 892 0064 0B       		.uleb128 0xb
 893 0065 3B       		.uleb128 0x3b
 894 0066 0B       		.uleb128 0xb
 895 0067 27       		.uleb128 0x27
 896 0068 0C       		.uleb128 0xc
 897 0069 11       		.uleb128 0x11
 898 006a 01       		.uleb128 0x1
ARM GAS  C:\Users\GRAZIA~1.RAV\AppData\Local\Temp\cc7T2gGF.s 			page 23


 899 006b 12       		.uleb128 0x12
 900 006c 01       		.uleb128 0x1
 901 006d 40       		.uleb128 0x40
 902 006e 06       		.uleb128 0x6
 903 006f 9642     		.uleb128 0x2116
 904 0071 0C       		.uleb128 0xc
 905 0072 00       		.byte	0
 906 0073 00       		.byte	0
 907 0074 0A       		.uleb128 0xa
 908 0075 2E       		.uleb128 0x2e
 909 0076 01       		.byte	0x1
 910 0077 3F       		.uleb128 0x3f
 911 0078 0C       		.uleb128 0xc
 912 0079 03       		.uleb128 0x3
 913 007a 0E       		.uleb128 0xe
 914 007b 3A       		.uleb128 0x3a
 915 007c 0B       		.uleb128 0xb
 916 007d 3B       		.uleb128 0x3b
 917 007e 0B       		.uleb128 0xb
 918 007f 27       		.uleb128 0x27
 919 0080 0C       		.uleb128 0xc
 920 0081 11       		.uleb128 0x11
 921 0082 01       		.uleb128 0x1
 922 0083 12       		.uleb128 0x12
 923 0084 01       		.uleb128 0x1
 924 0085 40       		.uleb128 0x40
 925 0086 06       		.uleb128 0x6
 926 0087 9642     		.uleb128 0x2116
 927 0089 0C       		.uleb128 0xc
 928 008a 01       		.uleb128 0x1
 929 008b 13       		.uleb128 0x13
 930 008c 00       		.byte	0
 931 008d 00       		.byte	0
 932 008e 0B       		.uleb128 0xb
 933 008f 05       		.uleb128 0x5
 934 0090 00       		.byte	0
 935 0091 03       		.uleb128 0x3
 936 0092 0E       		.uleb128 0xe
 937 0093 3A       		.uleb128 0x3a
 938 0094 0B       		.uleb128 0xb
 939 0095 3B       		.uleb128 0x3b
 940 0096 0B       		.uleb128 0xb
 941 0097 49       		.uleb128 0x49
 942 0098 13       		.uleb128 0x13
 943 0099 02       		.uleb128 0x2
 944 009a 0A       		.uleb128 0xa
 945 009b 00       		.byte	0
 946 009c 00       		.byte	0
 947 009d 0C       		.uleb128 0xc
 948 009e 2E       		.uleb128 0x2e
 949 009f 01       		.byte	0x1
 950 00a0 3F       		.uleb128 0x3f
 951 00a1 0C       		.uleb128 0xc
 952 00a2 03       		.uleb128 0x3
 953 00a3 0E       		.uleb128 0xe
 954 00a4 3A       		.uleb128 0x3a
 955 00a5 0B       		.uleb128 0xb
ARM GAS  C:\Users\GRAZIA~1.RAV\AppData\Local\Temp\cc7T2gGF.s 			page 24


 956 00a6 3B       		.uleb128 0x3b
 957 00a7 0B       		.uleb128 0xb
 958 00a8 27       		.uleb128 0x27
 959 00a9 0C       		.uleb128 0xc
 960 00aa 11       		.uleb128 0x11
 961 00ab 01       		.uleb128 0x1
 962 00ac 12       		.uleb128 0x12
 963 00ad 01       		.uleb128 0x1
 964 00ae 40       		.uleb128 0x40
 965 00af 06       		.uleb128 0x6
 966 00b0 9742     		.uleb128 0x2117
 967 00b2 0C       		.uleb128 0xc
 968 00b3 01       		.uleb128 0x1
 969 00b4 13       		.uleb128 0x13
 970 00b5 00       		.byte	0
 971 00b6 00       		.byte	0
 972 00b7 0D       		.uleb128 0xd
 973 00b8 34       		.uleb128 0x34
 974 00b9 00       		.byte	0
 975 00ba 03       		.uleb128 0x3
 976 00bb 0E       		.uleb128 0xe
 977 00bc 3A       		.uleb128 0x3a
 978 00bd 0B       		.uleb128 0xb
 979 00be 3B       		.uleb128 0x3b
 980 00bf 0B       		.uleb128 0xb
 981 00c0 49       		.uleb128 0x49
 982 00c1 13       		.uleb128 0x13
 983 00c2 02       		.uleb128 0x2
 984 00c3 0A       		.uleb128 0xa
 985 00c4 00       		.byte	0
 986 00c5 00       		.byte	0
 987 00c6 0E       		.uleb128 0xe
 988 00c7 2E       		.uleb128 0x2e
 989 00c8 01       		.byte	0x1
 990 00c9 3F       		.uleb128 0x3f
 991 00ca 0C       		.uleb128 0xc
 992 00cb 03       		.uleb128 0x3
 993 00cc 0E       		.uleb128 0xe
 994 00cd 3A       		.uleb128 0x3a
 995 00ce 0B       		.uleb128 0xb
 996 00cf 3B       		.uleb128 0x3b
 997 00d0 0B       		.uleb128 0xb
 998 00d1 27       		.uleb128 0x27
 999 00d2 0C       		.uleb128 0xc
 1000 00d3 49       		.uleb128 0x49
 1001 00d4 13       		.uleb128 0x13
 1002 00d5 11       		.uleb128 0x11
 1003 00d6 01       		.uleb128 0x1
 1004 00d7 12       		.uleb128 0x12
 1005 00d8 01       		.uleb128 0x1
 1006 00d9 40       		.uleb128 0x40
 1007 00da 06       		.uleb128 0x6
 1008 00db 9742     		.uleb128 0x2117
 1009 00dd 0C       		.uleb128 0xc
 1010 00de 01       		.uleb128 0x1
 1011 00df 13       		.uleb128 0x13
 1012 00e0 00       		.byte	0
ARM GAS  C:\Users\GRAZIA~1.RAV\AppData\Local\Temp\cc7T2gGF.s 			page 25


 1013 00e1 00       		.byte	0
 1014 00e2 0F       		.uleb128 0xf
 1015 00e3 2E       		.uleb128 0x2e
 1016 00e4 00       		.byte	0
 1017 00e5 3F       		.uleb128 0x3f
 1018 00e6 0C       		.uleb128 0xc
 1019 00e7 03       		.uleb128 0x3
 1020 00e8 0E       		.uleb128 0xe
 1021 00e9 3A       		.uleb128 0x3a
 1022 00ea 0B       		.uleb128 0xb
 1023 00eb 3B       		.uleb128 0x3b
 1024 00ec 05       		.uleb128 0x5
 1025 00ed 27       		.uleb128 0x27
 1026 00ee 0C       		.uleb128 0xc
 1027 00ef 11       		.uleb128 0x11
 1028 00f0 01       		.uleb128 0x1
 1029 00f1 12       		.uleb128 0x12
 1030 00f2 01       		.uleb128 0x1
 1031 00f3 40       		.uleb128 0x40
 1032 00f4 06       		.uleb128 0x6
 1033 00f5 9742     		.uleb128 0x2117
 1034 00f7 0C       		.uleb128 0xc
 1035 00f8 00       		.byte	0
 1036 00f9 00       		.byte	0
 1037 00fa 10       		.uleb128 0x10
 1038 00fb 2E       		.uleb128 0x2e
 1039 00fc 00       		.byte	0
 1040 00fd 3F       		.uleb128 0x3f
 1041 00fe 0C       		.uleb128 0xc
 1042 00ff 03       		.uleb128 0x3
 1043 0100 0E       		.uleb128 0xe
 1044 0101 3A       		.uleb128 0x3a
 1045 0102 0B       		.uleb128 0xb
 1046 0103 3B       		.uleb128 0x3b
 1047 0104 05       		.uleb128 0x5
 1048 0105 27       		.uleb128 0x27
 1049 0106 0C       		.uleb128 0xc
 1050 0107 49       		.uleb128 0x49
 1051 0108 13       		.uleb128 0x13
 1052 0109 11       		.uleb128 0x11
 1053 010a 01       		.uleb128 0x1
 1054 010b 12       		.uleb128 0x12
 1055 010c 01       		.uleb128 0x1
 1056 010d 40       		.uleb128 0x40
 1057 010e 06       		.uleb128 0x6
 1058 010f 9742     		.uleb128 0x2117
 1059 0111 0C       		.uleb128 0xc
 1060 0112 00       		.byte	0
 1061 0113 00       		.byte	0
 1062 0114 00       		.byte	0
 1063              		.section	.debug_loc,"",%progbits
 1064              	.Ldebug_loc0:
 1065              	.LLST0:
 1066 0000 00000000 		.4byte	.LFB0
 1067 0004 02000000 		.4byte	.LCFI0
 1068 0008 0200     		.2byte	0x2
 1069 000a 7D       		.byte	0x7d
ARM GAS  C:\Users\GRAZIA~1.RAV\AppData\Local\Temp\cc7T2gGF.s 			page 26


 1070 000b 00       		.sleb128 0
 1071 000c 02000000 		.4byte	.LCFI0
 1072 0010 04000000 		.4byte	.LCFI1
 1073 0014 0200     		.2byte	0x2
 1074 0016 7D       		.byte	0x7d
 1075 0017 08       		.sleb128 8
 1076 0018 04000000 		.4byte	.LCFI1
 1077 001c 22000000 		.4byte	.LFE0
 1078 0020 0200     		.2byte	0x2
 1079 0022 77       		.byte	0x77
 1080 0023 08       		.sleb128 8
 1081 0024 00000000 		.4byte	0
 1082 0028 00000000 		.4byte	0
 1083              	.LLST1:
 1084 002c 00000000 		.4byte	.LFB1
 1085 0030 02000000 		.4byte	.LCFI2
 1086 0034 0200     		.2byte	0x2
 1087 0036 7D       		.byte	0x7d
 1088 0037 00       		.sleb128 0
 1089 0038 02000000 		.4byte	.LCFI2
 1090 003c 04000000 		.4byte	.LCFI3
 1091 0040 0200     		.2byte	0x2
 1092 0042 7D       		.byte	0x7d
 1093 0043 08       		.sleb128 8
 1094 0044 04000000 		.4byte	.LCFI3
 1095 0048 06000000 		.4byte	.LCFI4
 1096 004c 0200     		.2byte	0x2
 1097 004e 7D       		.byte	0x7d
 1098 004f 10       		.sleb128 16
 1099 0050 06000000 		.4byte	.LCFI4
 1100 0054 26000000 		.4byte	.LFE1
 1101 0058 0200     		.2byte	0x2
 1102 005a 77       		.byte	0x77
 1103 005b 10       		.sleb128 16
 1104 005c 00000000 		.4byte	0
 1105 0060 00000000 		.4byte	0
 1106              	.LLST2:
 1107 0064 00000000 		.4byte	.LFB2
 1108 0068 02000000 		.4byte	.LCFI5
 1109 006c 0200     		.2byte	0x2
 1110 006e 7D       		.byte	0x7d
 1111 006f 00       		.sleb128 0
 1112 0070 02000000 		.4byte	.LCFI5
 1113 0074 04000000 		.4byte	.LCFI6
 1114 0078 0200     		.2byte	0x2
 1115 007a 7D       		.byte	0x7d
 1116 007b 08       		.sleb128 8
 1117 007c 04000000 		.4byte	.LCFI6
 1118 0080 16000000 		.4byte	.LFE2
 1119 0084 0200     		.2byte	0x2
 1120 0086 77       		.byte	0x77
 1121 0087 08       		.sleb128 8
 1122 0088 00000000 		.4byte	0
 1123 008c 00000000 		.4byte	0
 1124              	.LLST3:
 1125 0090 00000000 		.4byte	.LFB3
 1126 0094 02000000 		.4byte	.LCFI7
ARM GAS  C:\Users\GRAZIA~1.RAV\AppData\Local\Temp\cc7T2gGF.s 			page 27


 1127 0098 0200     		.2byte	0x2
 1128 009a 7D       		.byte	0x7d
 1129 009b 00       		.sleb128 0
 1130 009c 02000000 		.4byte	.LCFI7
 1131 00a0 04000000 		.4byte	.LCFI8
 1132 00a4 0200     		.2byte	0x2
 1133 00a6 7D       		.byte	0x7d
 1134 00a7 08       		.sleb128 8
 1135 00a8 04000000 		.4byte	.LCFI8
 1136 00ac 0A000000 		.4byte	.LFE3
 1137 00b0 0200     		.2byte	0x2
 1138 00b2 77       		.byte	0x77
 1139 00b3 08       		.sleb128 8
 1140 00b4 00000000 		.4byte	0
 1141 00b8 00000000 		.4byte	0
 1142              	.LLST4:
 1143 00bc 00000000 		.4byte	.LFB4
 1144 00c0 02000000 		.4byte	.LCFI9
 1145 00c4 0200     		.2byte	0x2
 1146 00c6 7D       		.byte	0x7d
 1147 00c7 00       		.sleb128 0
 1148 00c8 02000000 		.4byte	.LCFI9
 1149 00cc 04000000 		.4byte	.LCFI10
 1150 00d0 0200     		.2byte	0x2
 1151 00d2 7D       		.byte	0x7d
 1152 00d3 04       		.sleb128 4
 1153 00d4 04000000 		.4byte	.LCFI10
 1154 00d8 06000000 		.4byte	.LCFI11
 1155 00dc 0200     		.2byte	0x2
 1156 00de 7D       		.byte	0x7d
 1157 00df 18       		.sleb128 24
 1158 00e0 06000000 		.4byte	.LCFI11
 1159 00e4 28000000 		.4byte	.LFE4
 1160 00e8 0200     		.2byte	0x2
 1161 00ea 77       		.byte	0x77
 1162 00eb 18       		.sleb128 24
 1163 00ec 00000000 		.4byte	0
 1164 00f0 00000000 		.4byte	0
 1165              	.LLST5:
 1166 00f4 00000000 		.4byte	.LFB5
 1167 00f8 02000000 		.4byte	.LCFI12
 1168 00fc 0200     		.2byte	0x2
 1169 00fe 7D       		.byte	0x7d
 1170 00ff 00       		.sleb128 0
 1171 0100 02000000 		.4byte	.LCFI12
 1172 0104 04000000 		.4byte	.LCFI13
 1173 0108 0200     		.2byte	0x2
 1174 010a 7D       		.byte	0x7d
 1175 010b 04       		.sleb128 4
 1176 010c 04000000 		.4byte	.LCFI13
 1177 0110 06000000 		.4byte	.LCFI14
 1178 0114 0200     		.2byte	0x2
 1179 0116 7D       		.byte	0x7d
 1180 0117 10       		.sleb128 16
 1181 0118 06000000 		.4byte	.LCFI14
 1182 011c 22000000 		.4byte	.LFE5
 1183 0120 0200     		.2byte	0x2
ARM GAS  C:\Users\GRAZIA~1.RAV\AppData\Local\Temp\cc7T2gGF.s 			page 28


 1184 0122 77       		.byte	0x77
 1185 0123 10       		.sleb128 16
 1186 0124 00000000 		.4byte	0
 1187 0128 00000000 		.4byte	0
 1188              	.LLST6:
 1189 012c 00000000 		.4byte	.LFB6
 1190 0130 02000000 		.4byte	.LCFI15
 1191 0134 0200     		.2byte	0x2
 1192 0136 7D       		.byte	0x7d
 1193 0137 00       		.sleb128 0
 1194 0138 02000000 		.4byte	.LCFI15
 1195 013c 04000000 		.4byte	.LCFI16
 1196 0140 0200     		.2byte	0x2
 1197 0142 7D       		.byte	0x7d
 1198 0143 04       		.sleb128 4
 1199 0144 04000000 		.4byte	.LCFI16
 1200 0148 06000000 		.4byte	.LCFI17
 1201 014c 0200     		.2byte	0x2
 1202 014e 7D       		.byte	0x7d
 1203 014f 10       		.sleb128 16
 1204 0150 06000000 		.4byte	.LCFI17
 1205 0154 26000000 		.4byte	.LFE6
 1206 0158 0200     		.2byte	0x2
 1207 015a 77       		.byte	0x77
 1208 015b 10       		.sleb128 16
 1209 015c 00000000 		.4byte	0
 1210 0160 00000000 		.4byte	0
 1211              	.LLST7:
 1212 0164 00000000 		.4byte	.LFB7
 1213 0168 02000000 		.4byte	.LCFI18
 1214 016c 0200     		.2byte	0x2
 1215 016e 7D       		.byte	0x7d
 1216 016f 00       		.sleb128 0
 1217 0170 02000000 		.4byte	.LCFI18
 1218 0174 04000000 		.4byte	.LCFI19
 1219 0178 0200     		.2byte	0x2
 1220 017a 7D       		.byte	0x7d
 1221 017b 04       		.sleb128 4
 1222 017c 04000000 		.4byte	.LCFI19
 1223 0180 06000000 		.4byte	.LCFI20
 1224 0184 0200     		.2byte	0x2
 1225 0186 7D       		.byte	0x7d
 1226 0187 10       		.sleb128 16
 1227 0188 06000000 		.4byte	.LCFI20
 1228 018c 26000000 		.4byte	.LFE7
 1229 0190 0200     		.2byte	0x2
 1230 0192 77       		.byte	0x77
 1231 0193 10       		.sleb128 16
 1232 0194 00000000 		.4byte	0
 1233 0198 00000000 		.4byte	0
 1234              	.LLST8:
 1235 019c 00000000 		.4byte	.LFB8
 1236 01a0 02000000 		.4byte	.LCFI21
 1237 01a4 0200     		.2byte	0x2
 1238 01a6 7D       		.byte	0x7d
 1239 01a7 00       		.sleb128 0
 1240 01a8 02000000 		.4byte	.LCFI21
ARM GAS  C:\Users\GRAZIA~1.RAV\AppData\Local\Temp\cc7T2gGF.s 			page 29


 1241 01ac 04000000 		.4byte	.LCFI22
 1242 01b0 0200     		.2byte	0x2
 1243 01b2 7D       		.byte	0x7d
 1244 01b3 04       		.sleb128 4
 1245 01b4 04000000 		.4byte	.LCFI22
 1246 01b8 18000000 		.4byte	.LFE8
 1247 01bc 0200     		.2byte	0x2
 1248 01be 77       		.byte	0x77
 1249 01bf 04       		.sleb128 4
 1250 01c0 00000000 		.4byte	0
 1251 01c4 00000000 		.4byte	0
 1252              	.LLST9:
 1253 01c8 00000000 		.4byte	.LFB9
 1254 01cc 02000000 		.4byte	.LCFI23
 1255 01d0 0200     		.2byte	0x2
 1256 01d2 7D       		.byte	0x7d
 1257 01d3 00       		.sleb128 0
 1258 01d4 02000000 		.4byte	.LCFI23
 1259 01d8 04000000 		.4byte	.LCFI24
 1260 01dc 0200     		.2byte	0x2
 1261 01de 7D       		.byte	0x7d
 1262 01df 04       		.sleb128 4
 1263 01e0 04000000 		.4byte	.LCFI24
 1264 01e4 28000000 		.4byte	.LFE9
 1265 01e8 0200     		.2byte	0x2
 1266 01ea 77       		.byte	0x77
 1267 01eb 04       		.sleb128 4
 1268 01ec 00000000 		.4byte	0
 1269 01f0 00000000 		.4byte	0
 1270              	.LLST10:
 1271 01f4 00000000 		.4byte	.LFB10
 1272 01f8 02000000 		.4byte	.LCFI25
 1273 01fc 0200     		.2byte	0x2
 1274 01fe 7D       		.byte	0x7d
 1275 01ff 00       		.sleb128 0
 1276 0200 02000000 		.4byte	.LCFI25
 1277 0204 04000000 		.4byte	.LCFI26
 1278 0208 0200     		.2byte	0x2
 1279 020a 7D       		.byte	0x7d
 1280 020b 04       		.sleb128 4
 1281 020c 04000000 		.4byte	.LCFI26
 1282 0210 18000000 		.4byte	.LFE10
 1283 0214 0200     		.2byte	0x2
 1284 0216 77       		.byte	0x77
 1285 0217 04       		.sleb128 4
 1286 0218 00000000 		.4byte	0
 1287 021c 00000000 		.4byte	0
 1288              	.LLST11:
 1289 0220 00000000 		.4byte	.LFB11
 1290 0224 02000000 		.4byte	.LCFI27
 1291 0228 0200     		.2byte	0x2
 1292 022a 7D       		.byte	0x7d
 1293 022b 00       		.sleb128 0
 1294 022c 02000000 		.4byte	.LCFI27
 1295 0230 04000000 		.4byte	.LCFI28
 1296 0234 0200     		.2byte	0x2
 1297 0236 7D       		.byte	0x7d
ARM GAS  C:\Users\GRAZIA~1.RAV\AppData\Local\Temp\cc7T2gGF.s 			page 30


 1298 0237 04       		.sleb128 4
 1299 0238 04000000 		.4byte	.LCFI28
 1300 023c 18000000 		.4byte	.LFE11
 1301 0240 0200     		.2byte	0x2
 1302 0242 77       		.byte	0x77
 1303 0243 04       		.sleb128 4
 1304 0244 00000000 		.4byte	0
 1305 0248 00000000 		.4byte	0
 1306              	.LLST12:
 1307 024c 00000000 		.4byte	.LFB12
 1308 0250 02000000 		.4byte	.LCFI29
 1309 0254 0200     		.2byte	0x2
 1310 0256 7D       		.byte	0x7d
 1311 0257 00       		.sleb128 0
 1312 0258 02000000 		.4byte	.LCFI29
 1313 025c 04000000 		.4byte	.LCFI30
 1314 0260 0200     		.2byte	0x2
 1315 0262 7D       		.byte	0x7d
 1316 0263 04       		.sleb128 4
 1317 0264 04000000 		.4byte	.LCFI30
 1318 0268 18000000 		.4byte	.LFE12
 1319 026c 0200     		.2byte	0x2
 1320 026e 77       		.byte	0x77
 1321 026f 04       		.sleb128 4
 1322 0270 00000000 		.4byte	0
 1323 0274 00000000 		.4byte	0
 1324              		.section	.debug_aranges,"",%progbits
 1325 0000 7C000000 		.4byte	0x7c
 1326 0004 0200     		.2byte	0x2
 1327 0006 00000000 		.4byte	.Ldebug_info0
 1328 000a 04       		.byte	0x4
 1329 000b 00       		.byte	0
 1330 000c 0000     		.2byte	0
 1331 000e 0000     		.2byte	0
 1332 0010 00000000 		.4byte	.LFB0
 1333 0014 22000000 		.4byte	.LFE0-.LFB0
 1334 0018 00000000 		.4byte	.LFB1
 1335 001c 26000000 		.4byte	.LFE1-.LFB1
 1336 0020 00000000 		.4byte	.LFB2
 1337 0024 16000000 		.4byte	.LFE2-.LFB2
 1338 0028 00000000 		.4byte	.LFB3
 1339 002c 0A000000 		.4byte	.LFE3-.LFB3
 1340 0030 00000000 		.4byte	.LFB4
 1341 0034 28000000 		.4byte	.LFE4-.LFB4
 1342 0038 00000000 		.4byte	.LFB5
 1343 003c 22000000 		.4byte	.LFE5-.LFB5
 1344 0040 00000000 		.4byte	.LFB6
 1345 0044 26000000 		.4byte	.LFE6-.LFB6
 1346 0048 00000000 		.4byte	.LFB7
 1347 004c 26000000 		.4byte	.LFE7-.LFB7
 1348 0050 00000000 		.4byte	.LFB8
 1349 0054 18000000 		.4byte	.LFE8-.LFB8
 1350 0058 00000000 		.4byte	.LFB9
 1351 005c 28000000 		.4byte	.LFE9-.LFB9
 1352 0060 00000000 		.4byte	.LFB10
 1353 0064 18000000 		.4byte	.LFE10-.LFB10
 1354 0068 00000000 		.4byte	.LFB11
ARM GAS  C:\Users\GRAZIA~1.RAV\AppData\Local\Temp\cc7T2gGF.s 			page 31


 1355 006c 18000000 		.4byte	.LFE11-.LFB11
 1356 0070 00000000 		.4byte	.LFB12
 1357 0074 18000000 		.4byte	.LFE12-.LFB12
 1358 0078 00000000 		.4byte	0
 1359 007c 00000000 		.4byte	0
 1360              		.section	.debug_ranges,"",%progbits
 1361              	.Ldebug_ranges0:
 1362 0000 00000000 		.4byte	.LFB0
 1363 0004 22000000 		.4byte	.LFE0
 1364 0008 00000000 		.4byte	.LFB1
 1365 000c 26000000 		.4byte	.LFE1
 1366 0010 00000000 		.4byte	.LFB2
 1367 0014 16000000 		.4byte	.LFE2
 1368 0018 00000000 		.4byte	.LFB3
 1369 001c 0A000000 		.4byte	.LFE3
 1370 0020 00000000 		.4byte	.LFB4
 1371 0024 28000000 		.4byte	.LFE4
 1372 0028 00000000 		.4byte	.LFB5
 1373 002c 22000000 		.4byte	.LFE5
 1374 0030 00000000 		.4byte	.LFB6
 1375 0034 26000000 		.4byte	.LFE6
 1376 0038 00000000 		.4byte	.LFB7
 1377 003c 26000000 		.4byte	.LFE7
 1378 0040 00000000 		.4byte	.LFB8
 1379 0044 18000000 		.4byte	.LFE8
 1380 0048 00000000 		.4byte	.LFB9
 1381 004c 28000000 		.4byte	.LFE9
 1382 0050 00000000 		.4byte	.LFB10
 1383 0054 18000000 		.4byte	.LFE10
 1384 0058 00000000 		.4byte	.LFB11
 1385 005c 18000000 		.4byte	.LFE11
 1386 0060 00000000 		.4byte	.LFB12
 1387 0064 18000000 		.4byte	.LFE12
 1388 0068 00000000 		.4byte	0
 1389 006c 00000000 		.4byte	0
 1390              		.section	.debug_line,"",%progbits
 1391              	.Ldebug_line0:
 1392 0000 58010000 		.section	.debug_str,"MS",%progbits,1
 1392      02004F00 
 1392      00000201 
 1392      FB0E0D00 
 1392      01010101 
 1393              	.LASF16:
 1394 0000 72656733 		.ascii	"reg32\000"
 1394      3200
 1395              	.LASF32:
 1396 0006 6973725F 		.ascii	"isr_UART_LORA_RX_ClearPending\000"
 1396      55415254 
 1396      5F4C4F52 
 1396      415F5258 
 1396      5F436C65 
 1397              	.LASF27:
 1398 0024 6973725F 		.ascii	"isr_UART_LORA_RX_GetVector\000"
 1398      55415254 
 1398      5F4C4F52 
 1398      415F5258 
 1398      5F476574 
ARM GAS  C:\Users\GRAZIA~1.RAV\AppData\Local\Temp\cc7T2gGF.s 			page 32


 1399              	.LASF20:
 1400 003f 6973725F 		.ascii	"isr_UART_LORA_RX_Interrupt\000"
 1400      55415254 
 1400      5F4C4F52 
 1400      415F5258 
 1400      5F496E74 
 1401              	.LASF3:
 1402 005a 73686F72 		.ascii	"short unsigned int\000"
 1402      7420756E 
 1402      7369676E 
 1402      65642069 
 1402      6E7400
 1403              	.LASF18:
 1404 006d 6973725F 		.ascii	"isr_UART_LORA_RX_Start\000"
 1404      55415254 
 1404      5F4C4F52 
 1404      415F5258 
 1404      5F537461 
 1405              	.LASF19:
 1406 0084 6973725F 		.ascii	"isr_UART_LORA_RX_Stop\000"
 1406      55415254 
 1406      5F4C4F52 
 1406      415F5258 
 1406      5F53746F 
 1407              	.LASF13:
 1408 009a 666C6F61 		.ascii	"float\000"
 1408      7400
 1409              	.LASF1:
 1410 00a0 756E7369 		.ascii	"unsigned char\000"
 1410      676E6564 
 1410      20636861 
 1410      7200
 1411              	.LASF15:
 1412 00ae 72656738 		.ascii	"reg8\000"
 1412      00
 1413              	.LASF9:
 1414 00b3 6C6F6E67 		.ascii	"long unsigned int\000"
 1414      20756E73 
 1414      69676E65 
 1414      6420696E 
 1414      7400
 1415              	.LASF11:
 1416 00c5 75696E74 		.ascii	"uint8\000"
 1416      3800
 1417              	.LASF26:
 1418 00cb 7072696F 		.ascii	"priority\000"
 1418      72697479 
 1418      00
 1419              	.LASF31:
 1420 00d4 6973725F 		.ascii	"isr_UART_LORA_RX_SetPending\000"
 1420      55415254 
 1420      5F4C4F52 
 1420      415F5258 
 1420      5F536574 
 1421              	.LASF14:
 1422 00f0 646F7562 		.ascii	"double\000"
 1422      6C6500
ARM GAS  C:\Users\GRAZIA~1.RAV\AppData\Local\Temp\cc7T2gGF.s 			page 33


 1423              	.LASF21:
 1424 00f7 6973725F 		.ascii	"isr_UART_LORA_RX_StartEx\000"
 1424      55415254 
 1424      5F4C4F52 
 1424      415F5258 
 1424      5F537461 
 1425              	.LASF35:
 1426 0110 433A5C55 		.ascii	"C:\\Users\\Graziano G. Ravizza\\Documents\\PSoC Cre"
 1426      73657273 
 1426      5C477261 
 1426      7A69616E 
 1426      6F20472E 
 1427 013f 61746F72 		.ascii	"ator\\SQUIT\\Vers.0.0-T00 2019-0208 C3.0 (start)\\S"
 1427      5C535155 
 1427      49545C56 
 1427      6572732E 
 1427      302E302D 
 1428 016f 71756974 		.ascii	"quit-Proto.cydsn\000"
 1428      2D50726F 
 1428      746F2E63 
 1428      7964736E 
 1428      00
 1429              	.LASF12:
 1430 0180 75696E74 		.ascii	"uint32\000"
 1430      333200
 1431              	.LASF28:
 1432 0187 6973725F 		.ascii	"isr_UART_LORA_RX_GetPriority\000"
 1432      55415254 
 1432      5F4C4F52 
 1432      415F5258 
 1432      5F476574 
 1433              	.LASF4:
 1434 01a4 756E7369 		.ascii	"unsigned int\000"
 1434      676E6564 
 1434      20696E74 
 1434      00
 1435              	.LASF23:
 1436 01b1 61646472 		.ascii	"address\000"
 1436      65737300 
 1437              	.LASF6:
 1438 01b9 6C6F6E67 		.ascii	"long long unsigned int\000"
 1438      206C6F6E 
 1438      6720756E 
 1438      7369676E 
 1438      65642069 
 1439              	.LASF17:
 1440 01d0 63796973 		.ascii	"cyisraddress\000"
 1440      72616464 
 1440      72657373 
 1440      00
 1441              	.LASF30:
 1442 01dd 6973725F 		.ascii	"isr_UART_LORA_RX_Disable\000"
 1442      55415254 
 1442      5F4C4F52 
 1442      415F5258 
 1442      5F446973 
 1443              	.LASF8:
ARM GAS  C:\Users\GRAZIA~1.RAV\AppData\Local\Temp\cc7T2gGF.s 			page 34


 1444 01f6 73697A65 		.ascii	"sizetype\000"
 1444      74797065 
 1444      00
 1445              	.LASF5:
 1446 01ff 6C6F6E67 		.ascii	"long long int\000"
 1446      206C6F6E 
 1446      6720696E 
 1446      7400
 1447              	.LASF22:
 1448 020d 6973725F 		.ascii	"isr_UART_LORA_RX_SetVector\000"
 1448      55415254 
 1448      5F4C4F52 
 1448      415F5258 
 1448      5F536574 
 1449              	.LASF10:
 1450 0228 63686172 		.ascii	"char\000"
 1450      00
 1451              	.LASF24:
 1452 022d 72616D56 		.ascii	"ramVectorTable\000"
 1452      6563746F 
 1452      72546162 
 1452      6C6500
 1453              	.LASF2:
 1454 023c 73686F72 		.ascii	"short int\000"
 1454      7420696E 
 1454      7400
 1455              	.LASF29:
 1456 0246 6973725F 		.ascii	"isr_UART_LORA_RX_Enable\000"
 1456      55415254 
 1456      5F4C4F52 
 1456      415F5258 
 1456      5F456E61 
 1457              	.LASF33:
 1458 025e 474E5520 		.ascii	"GNU C 4.7.3 20130312 (release) [ARM/embedded-4_7-br"
 1458      4320342E 
 1458      372E3320 
 1458      32303133 
 1458      30333132 
 1459 0291 616E6368 		.ascii	"anch revision 196615]\000"
 1459      20726576 
 1459      6973696F 
 1459      6E203139 
 1459      36363135 
 1460              	.LASF36:
 1461 02a7 6973725F 		.ascii	"isr_UART_LORA_RX_GetState\000"
 1461      55415254 
 1461      5F4C4F52 
 1461      415F5258 
 1461      5F476574 
 1462              	.LASF25:
 1463 02c1 6973725F 		.ascii	"isr_UART_LORA_RX_SetPriority\000"
 1463      55415254 
 1463      5F4C4F52 
 1463      415F5258 
 1463      5F536574 
 1464              	.LASF7:
 1465 02de 6C6F6E67 		.ascii	"long int\000"
ARM GAS  C:\Users\GRAZIA~1.RAV\AppData\Local\Temp\cc7T2gGF.s 			page 35


 1465      20696E74 
 1465      00
 1466              	.LASF0:
 1467 02e7 7369676E 		.ascii	"signed char\000"
 1467      65642063 
 1467      68617200 
 1468              	.LASF34:
 1469 02f3 2E5C4765 		.ascii	".\\Generated_Source\\PSoC5\\isr_UART_LORA_RX.c\000"
 1469      6E657261 
 1469      7465645F 
 1469      536F7572 
 1469      63655C50 
 1470              		.ident	"GCC: (GNU Tools for ARM Embedded Processors) 4.7.3 20130312 (release) [ARM/embedded-4_7-br
