ARM GAS  C:\Users\gravi\AppData\Local\Temp\cc3YSVWY.s 			page 1


   1              		.syntax unified
   2              		.cpu cortex-m3
   3              		.fpu softvfp
   4              		.eabi_attribute 20, 1
   5              		.eabi_attribute 21, 1
   6              		.eabi_attribute 23, 3
   7              		.eabi_attribute 24, 1
   8              		.eabi_attribute 25, 1
   9              		.eabi_attribute 26, 1
  10              		.eabi_attribute 30, 6
  11              		.eabi_attribute 34, 1
  12              		.eabi_attribute 18, 4
  13              		.thumb
  14              		.file	"ME_lib_packetizer.c"
  15              		.text
  16              	.Ltext0:
  17              		.cfi_sections	.debug_frame
  18              		.section	.text.PacketBuffer_Init,"ax",%progbits
  19              		.align	2
  20              		.global	PacketBuffer_Init
  21              		.thumb
  22              		.thumb_func
  23              		.type	PacketBuffer_Init, %function
  24              	PacketBuffer_Init:
  25              	.LFB0:
  26              		.file 1 ".\\ME_lib_packetizer.c"
   1:.\ME_lib_packetizer.c **** /**************************************************************************************************
   2:.\ME_lib_packetizer.c ****   
   3:.\ME_lib_packetizer.c ****   Modulo "Lib Packetizer" v0.10B
   4:.\ME_lib_packetizer.c ****   (c) 2013 Movie Engineering
   5:.\ME_lib_packetizer.c **** 
   6:.\ME_lib_packetizer.c ****   Vedi header file.
   7:.\ME_lib_packetizer.c ****    
   8:.\ME_lib_packetizer.c **** ***************************************************************************************************
   9:.\ME_lib_packetizer.c **** 
  10:.\ME_lib_packetizer.c **** #include "ME_common.h"
  11:.\ME_lib_packetizer.c **** #include "ME_lib_packetizer.h"
  12:.\ME_lib_packetizer.c **** 
  13:.\ME_lib_packetizer.c **** #pragma save
  14:.\ME_lib_packetizer.c **** #pragma optimize(5, speed)
  15:.\ME_lib_packetizer.c **** 
  16:.\ME_lib_packetizer.c **** ///////////////////////////////////////////////////////////////////////////////////////////////////
  17:.\ME_lib_packetizer.c **** 
  18:.\ME_lib_packetizer.c **** void PacketBuffer_Init(PACKET_BUFFER *pb, BYTE *buffer_ptr, 
  19:.\ME_lib_packetizer.c ****                        BYTE header_len, 
  20:.\ME_lib_packetizer.c ****                        BYTE max_len, 
  21:.\ME_lib_packetizer.c ****                        BYTE sop, 
  22:.\ME_lib_packetizer.c ****                        HEADER_VALIDATOR hv,
  23:.\ME_lib_packetizer.c ****                        PACKET_VALIDATOR pv)
  24:.\ME_lib_packetizer.c **** {
  27              		.loc 1 24 0
  28              		.cfi_startproc
  29              		@ args = 12, pretend = 0, frame = 16
  30              		@ frame_needed = 1, uses_anonymous_args = 0
  31              		@ link register save eliminated.
  32 0000 80B4     		push	{r7}
  33              	.LCFI0:
ARM GAS  C:\Users\gravi\AppData\Local\Temp\cc3YSVWY.s 			page 2


  34              		.cfi_def_cfa_offset 4
  35              		.cfi_offset 7, -4
  36 0002 85B0     		sub	sp, sp, #20
  37              	.LCFI1:
  38              		.cfi_def_cfa_offset 24
  39 0004 00AF     		add	r7, sp, #0
  40              	.LCFI2:
  41              		.cfi_def_cfa_register 7
  42 0006 F860     		str	r0, [r7, #12]
  43 0008 B960     		str	r1, [r7, #8]
  44 000a FA71     		strb	r2, [r7, #7]
  45 000c BB71     		strb	r3, [r7, #6]
  25:.\ME_lib_packetizer.c ****     pb->buffer = buffer_ptr ;
  46              		.loc 1 25 0
  47 000e FB68     		ldr	r3, [r7, #12]
  48 0010 BA68     		ldr	r2, [r7, #8]
  49 0012 1A60     		str	r2, [r3, #0]
  26:.\ME_lib_packetizer.c ****     pb->idx = 0 ;
  50              		.loc 1 26 0
  51 0014 FB68     		ldr	r3, [r7, #12]
  52 0016 4FF00002 		mov	r2, #0
  53 001a 1A71     		strb	r2, [r3, #4]
  27:.\ME_lib_packetizer.c ****     pb->sop_idx = 0 ;
  54              		.loc 1 27 0
  55 001c FB68     		ldr	r3, [r7, #12]
  56 001e 4FF00002 		mov	r2, #0
  57 0022 5A71     		strb	r2, [r3, #5]
  28:.\ME_lib_packetizer.c ****     pb->hlen = header_len ;
  58              		.loc 1 28 0
  59 0024 FB68     		ldr	r3, [r7, #12]
  60 0026 FA79     		ldrb	r2, [r7, #7]
  61 0028 9A71     		strb	r2, [r3, #6]
  29:.\ME_lib_packetizer.c ****     pb->len = 0 ;
  62              		.loc 1 29 0
  63 002a FB68     		ldr	r3, [r7, #12]
  64 002c 4FF00002 		mov	r2, #0
  65 0030 DA71     		strb	r2, [r3, #7]
  30:.\ME_lib_packetizer.c ****     pb->max_len = max_len ;
  66              		.loc 1 30 0
  67 0032 FB68     		ldr	r3, [r7, #12]
  68 0034 BA79     		ldrb	r2, [r7, #6]
  69 0036 1A72     		strb	r2, [r3, #8]
  31:.\ME_lib_packetizer.c ****     pb->sop = sop ;
  70              		.loc 1 31 0
  71 0038 FB68     		ldr	r3, [r7, #12]
  72 003a 3A7E     		ldrb	r2, [r7, #24]
  73 003c 5A72     		strb	r2, [r3, #9]
  32:.\ME_lib_packetizer.c ****     pb->status = PACKET_WAITING ;
  74              		.loc 1 32 0
  75 003e FB68     		ldr	r3, [r7, #12]
  76 0040 4FF00102 		mov	r2, #1
  77 0044 9A72     		strb	r2, [r3, #10]
  33:.\ME_lib_packetizer.c ****     pb->invalid_packets = 0 ;
  78              		.loc 1 33 0
  79 0046 FB68     		ldr	r3, [r7, #12]
  80 0048 4FF00002 		mov	r2, #0
  81 004c 9A81     		strh	r2, [r3, #12]	@ movhi
ARM GAS  C:\Users\gravi\AppData\Local\Temp\cc3YSVWY.s 			page 3


  34:.\ME_lib_packetizer.c ****     pb->header_validator = hv ;
  82              		.loc 1 34 0
  83 004e FB68     		ldr	r3, [r7, #12]
  84 0050 FA69     		ldr	r2, [r7, #28]
  85 0052 1A61     		str	r2, [r3, #16]
  35:.\ME_lib_packetizer.c ****     pb->packet_validator = pv ;
  86              		.loc 1 35 0
  87 0054 FB68     		ldr	r3, [r7, #12]
  88 0056 3A6A     		ldr	r2, [r7, #32]
  89 0058 5A61     		str	r2, [r3, #20]
  36:.\ME_lib_packetizer.c **** }
  90              		.loc 1 36 0
  91 005a 07F11407 		add	r7, r7, #20
  92 005e BD46     		mov	sp, r7
  93 0060 80BC     		pop	{r7}
  94 0062 7047     		bx	lr
  95              		.cfi_endproc
  96              	.LFE0:
  97              		.size	PacketBuffer_Init, .-PacketBuffer_Init
  98              		.section	.text.PacketBuffer_Reset,"ax",%progbits
  99              		.align	2
 100              		.global	PacketBuffer_Reset
 101              		.thumb
 102              		.thumb_func
 103              		.type	PacketBuffer_Reset, %function
 104              	PacketBuffer_Reset:
 105              	.LFB1:
  37:.\ME_lib_packetizer.c **** 
  38:.\ME_lib_packetizer.c **** 
  39:.\ME_lib_packetizer.c **** ///////////////////////////////////////////////////////////////////////////////////////////////////
  40:.\ME_lib_packetizer.c **** 
  41:.\ME_lib_packetizer.c **** void PacketBuffer_Reset(PACKET_BUFFER *pb)
  42:.\ME_lib_packetizer.c **** {
 106              		.loc 1 42 0
 107              		.cfi_startproc
 108              		@ args = 0, pretend = 0, frame = 8
 109              		@ frame_needed = 1, uses_anonymous_args = 0
 110              		@ link register save eliminated.
 111 0000 80B4     		push	{r7}
 112              	.LCFI3:
 113              		.cfi_def_cfa_offset 4
 114              		.cfi_offset 7, -4
 115 0002 83B0     		sub	sp, sp, #12
 116              	.LCFI4:
 117              		.cfi_def_cfa_offset 16
 118 0004 00AF     		add	r7, sp, #0
 119              	.LCFI5:
 120              		.cfi_def_cfa_register 7
 121 0006 7860     		str	r0, [r7, #4]
  43:.\ME_lib_packetizer.c ****     pb->idx = 0 ;
 122              		.loc 1 43 0
 123 0008 7B68     		ldr	r3, [r7, #4]
 124 000a 4FF00002 		mov	r2, #0
 125 000e 1A71     		strb	r2, [r3, #4]
  44:.\ME_lib_packetizer.c ****     pb->sop_idx = 0 ;
 126              		.loc 1 44 0
 127 0010 7B68     		ldr	r3, [r7, #4]
ARM GAS  C:\Users\gravi\AppData\Local\Temp\cc3YSVWY.s 			page 4


 128 0012 4FF00002 		mov	r2, #0
 129 0016 5A71     		strb	r2, [r3, #5]
  45:.\ME_lib_packetizer.c ****     pb->len = 0 ;
 130              		.loc 1 45 0
 131 0018 7B68     		ldr	r3, [r7, #4]
 132 001a 4FF00002 		mov	r2, #0
 133 001e DA71     		strb	r2, [r3, #7]
  46:.\ME_lib_packetizer.c ****     pb->status = PACKET_WAITING ;
 134              		.loc 1 46 0
 135 0020 7B68     		ldr	r3, [r7, #4]
 136 0022 4FF00102 		mov	r2, #1
 137 0026 9A72     		strb	r2, [r3, #10]
  47:.\ME_lib_packetizer.c **** }
 138              		.loc 1 47 0
 139 0028 07F10C07 		add	r7, r7, #12
 140 002c BD46     		mov	sp, r7
 141 002e 80BC     		pop	{r7}
 142 0030 7047     		bx	lr
 143              		.cfi_endproc
 144              	.LFE1:
 145              		.size	PacketBuffer_Reset, .-PacketBuffer_Reset
 146 0032 00BF     		.section	.text.PacketBuffer_BuildPacket,"ax",%progbits
 147              		.align	2
 148              		.global	PacketBuffer_BuildPacket
 149              		.thumb
 150              		.thumb_func
 151              		.type	PacketBuffer_BuildPacket, %function
 152              	PacketBuffer_BuildPacket:
 153              	.LFB2:
  48:.\ME_lib_packetizer.c **** 
  49:.\ME_lib_packetizer.c **** 
  50:.\ME_lib_packetizer.c **** 
  51:.\ME_lib_packetizer.c **** ///////////////////////////////////////////////////////////////////////////////////////////////////
  52:.\ME_lib_packetizer.c **** 
  53:.\ME_lib_packetizer.c **** 
  54:.\ME_lib_packetizer.c **** BOOL PacketBuffer_BuildPacket(PACKET_BUFFER *pb, BYTE b)
  55:.\ME_lib_packetizer.c **** {   
 154              		.loc 1 55 0
 155              		.cfi_startproc
 156              		@ args = 0, pretend = 0, frame = 16
 157              		@ frame_needed = 1, uses_anonymous_args = 0
 158 0000 80B5     		push	{r7, lr}
 159              	.LCFI6:
 160              		.cfi_def_cfa_offset 8
 161              		.cfi_offset 7, -8
 162              		.cfi_offset 14, -4
 163 0002 84B0     		sub	sp, sp, #16
 164              	.LCFI7:
 165              		.cfi_def_cfa_offset 24
 166 0004 00AF     		add	r7, sp, #0
 167              	.LCFI8:
 168              		.cfi_def_cfa_register 7
 169 0006 7860     		str	r0, [r7, #4]
 170 0008 0B46     		mov	r3, r1
 171 000a FB70     		strb	r3, [r7, #3]
  56:.\ME_lib_packetizer.c ****   // Se per qualunque motivo ha raggiunto il massimo del buffer interno resetta
  57:.\ME_lib_packetizer.c ****   // (Ad esempio se non è riuscito ad individuare un'header nel flusso dati)
ARM GAS  C:\Users\gravi\AppData\Local\Temp\cc3YSVWY.s 			page 5


  58:.\ME_lib_packetizer.c ****   
  59:.\ME_lib_packetizer.c ****     if (pb->idx >= pb->max_len)
 172              		.loc 1 59 0
 173 000c 7B68     		ldr	r3, [r7, #4]
 174 000e 1A79     		ldrb	r2, [r3, #4]	@ zero_extendqisi2
 175 0010 7B68     		ldr	r3, [r7, #4]
 176 0012 1B7A     		ldrb	r3, [r3, #8]	@ zero_extendqisi2
 177 0014 9A42     		cmp	r2, r3
 178 0016 02D3     		bcc	.L4
  60:.\ME_lib_packetizer.c ****     {
  61:.\ME_lib_packetizer.c ****         PacketBuffer_Reset(pb);
 179              		.loc 1 61 0
 180 0018 7868     		ldr	r0, [r7, #4]
 181 001a FFF7FEFF 		bl	PacketBuffer_Reset
 182              	.L4:
  62:.\ME_lib_packetizer.c ****     }
  63:.\ME_lib_packetizer.c ****   
  64:.\ME_lib_packetizer.c ****   // Se alla chiamata precedente era finito un pacchetto valido allora è già
  65:.\ME_lib_packetizer.c ****   // stato resettato il buffer e si mette in attesa di un nuovo pacchetto.
  66:.\ME_lib_packetizer.c ****   
  67:.\ME_lib_packetizer.c ****     if (pb->status == PACKET_OK)
 183              		.loc 1 67 0
 184 001e 7B68     		ldr	r3, [r7, #4]
 185 0020 9B7A     		ldrb	r3, [r3, #10]	@ zero_extendqisi2
 186 0022 002B     		cmp	r3, #0
 187 0024 03D1     		bne	.L5
  68:.\ME_lib_packetizer.c ****     {
  69:.\ME_lib_packetizer.c ****         pb->status = PACKET_WAITING ;
 188              		.loc 1 69 0
 189 0026 7B68     		ldr	r3, [r7, #4]
 190 0028 4FF00102 		mov	r2, #1
 191 002c 9A72     		strb	r2, [r3, #10]
 192              	.L5:
  70:.\ME_lib_packetizer.c ****     }
  71:.\ME_lib_packetizer.c ****     
  72:.\ME_lib_packetizer.c ****   // La lunghezza è stata impostata (dall'header) ed è stata raggiunta, vuol dire che
  73:.\ME_lib_packetizer.c ****   // il pacchetto ricevuto è stato considerato non valido dalla funzione di call-back
  74:.\ME_lib_packetizer.c ****   // che valida il pacchetto, quindi  verifica se c'è in mezzo ai dati un nuovo inizio
  75:.\ME_lib_packetizer.c ****   // di pacchetto (magari era un flusso dati fuori sync.). Se c'è trasla tutto all'inizio
  76:.\ME_lib_packetizer.c ****   // altrimenti butta via tutto e ricomincia da zero.
  77:.\ME_lib_packetizer.c ****   
  78:.\ME_lib_packetizer.c ****     if ((pb->status == PACKET_ERROR) && (pb->len != 0))    
 193              		.loc 1 78 0
 194 002e 7B68     		ldr	r3, [r7, #4]
 195 0030 9B7A     		ldrb	r3, [r3, #10]	@ zero_extendqisi2
 196 0032 FF2B     		cmp	r3, #255
 197 0034 42D1     		bne	.L6
 198              		.loc 1 78 0 is_stmt 0 discriminator 1
 199 0036 7B68     		ldr	r3, [r7, #4]
 200 0038 DB79     		ldrb	r3, [r3, #7]	@ zero_extendqisi2
 201 003a 002B     		cmp	r3, #0
 202 003c 3ED0     		beq	.L6
  79:.\ME_lib_packetizer.c ****     {
  80:.\ME_lib_packetizer.c ****         pb->status = PACKET_RESYNCING ;
 203              		.loc 1 80 0 is_stmt 1
 204 003e 7B68     		ldr	r3, [r7, #4]
 205 0040 4FF00202 		mov	r2, #2
ARM GAS  C:\Users\gravi\AppData\Local\Temp\cc3YSVWY.s 			page 6


 206 0044 9A72     		strb	r2, [r3, #10]
  81:.\ME_lib_packetizer.c ****         
  82:.\ME_lib_packetizer.c ****         if (pb->sop_idx != 0)               // C'è uno start of packet in mezzo ai dati
 207              		.loc 1 82 0
 208 0046 7B68     		ldr	r3, [r7, #4]
 209 0048 5B79     		ldrb	r3, [r3, #5]	@ zero_extendqisi2
 210 004a 002B     		cmp	r3, #0
 211 004c 33D0     		beq	.L7
 212              	.LBB2:
  83:.\ME_lib_packetizer.c ****         {
  84:.\ME_lib_packetizer.c ****             BYTE i ;                        // Contatore per traslare il nuovo inizio all'inizio (!
  85:.\ME_lib_packetizer.c ****             BYTE new_sop_idx = 0 ;          // Se nel traslare c'è un altro inizio lo memorizza
 213              		.loc 1 85 0
 214 004e 4FF00003 		mov	r3, #0
 215 0052 BB73     		strb	r3, [r7, #14]
  86:.\ME_lib_packetizer.c ****             
  87:.\ME_lib_packetizer.c ****           // Trasla tutto all'inizio
  88:.\ME_lib_packetizer.c ****           
  89:.\ME_lib_packetizer.c ****             for (i=0; i< (pb->len - pb->sop_idx) ; i++ )
 216              		.loc 1 89 0
 217 0054 4FF00003 		mov	r3, #0
 218 0058 FB73     		strb	r3, [r7, #15]
 219 005a 1CE0     		b	.L8
 220              	.L10:
  90:.\ME_lib_packetizer.c ****             {
  91:.\ME_lib_packetizer.c ****                 pb->buffer[i] = pb->buffer[pb->sop_idx + i] ;
 221              		.loc 1 91 0
 222 005c 7B68     		ldr	r3, [r7, #4]
 223 005e 1A68     		ldr	r2, [r3, #0]
 224 0060 FB7B     		ldrb	r3, [r7, #15]	@ zero_extendqisi2
 225 0062 D318     		adds	r3, r2, r3
 226 0064 7A68     		ldr	r2, [r7, #4]
 227 0066 1168     		ldr	r1, [r2, #0]
 228 0068 7A68     		ldr	r2, [r7, #4]
 229 006a 5279     		ldrb	r2, [r2, #5]	@ zero_extendqisi2
 230 006c 1046     		mov	r0, r2
 231 006e FA7B     		ldrb	r2, [r7, #15]	@ zero_extendqisi2
 232 0070 8218     		adds	r2, r0, r2
 233 0072 8A18     		adds	r2, r1, r2
 234 0074 1278     		ldrb	r2, [r2, #0]	@ zero_extendqisi2
 235 0076 1A70     		strb	r2, [r3, #0]
  92:.\ME_lib_packetizer.c ****               
  93:.\ME_lib_packetizer.c ****                 if (pb->buffer[i] == pb->sop)           // Memorizza eventuale nuovo inizio
 236              		.loc 1 93 0
 237 0078 7B68     		ldr	r3, [r7, #4]
 238 007a 1A68     		ldr	r2, [r3, #0]
 239 007c FB7B     		ldrb	r3, [r7, #15]	@ zero_extendqisi2
 240 007e D318     		adds	r3, r2, r3
 241 0080 1A78     		ldrb	r2, [r3, #0]	@ zero_extendqisi2
 242 0082 7B68     		ldr	r3, [r7, #4]
 243 0084 5B7A     		ldrb	r3, [r3, #9]	@ zero_extendqisi2
 244 0086 9A42     		cmp	r2, r3
 245 0088 01D1     		bne	.L9
  94:.\ME_lib_packetizer.c ****                 {
  95:.\ME_lib_packetizer.c ****                     new_sop_idx = i ;
 246              		.loc 1 95 0
 247 008a FB7B     		ldrb	r3, [r7, #15]
ARM GAS  C:\Users\gravi\AppData\Local\Temp\cc3YSVWY.s 			page 7


 248 008c BB73     		strb	r3, [r7, #14]
 249              	.L9:
  89:.\ME_lib_packetizer.c ****             for (i=0; i< (pb->len - pb->sop_idx) ; i++ )
 250              		.loc 1 89 0
 251 008e FB7B     		ldrb	r3, [r7, #15]
 252 0090 03F10103 		add	r3, r3, #1
 253 0094 FB73     		strb	r3, [r7, #15]
 254              	.L8:
  89:.\ME_lib_packetizer.c ****             for (i=0; i< (pb->len - pb->sop_idx) ; i++ )
 255              		.loc 1 89 0 is_stmt 0 discriminator 1
 256 0096 FA7B     		ldrb	r2, [r7, #15]	@ zero_extendqisi2
 257 0098 7B68     		ldr	r3, [r7, #4]
 258 009a DB79     		ldrb	r3, [r3, #7]	@ zero_extendqisi2
 259 009c 1946     		mov	r1, r3
 260 009e 7B68     		ldr	r3, [r7, #4]
 261 00a0 5B79     		ldrb	r3, [r3, #5]	@ zero_extendqisi2
 262 00a2 CB1A     		subs	r3, r1, r3
 263 00a4 9A42     		cmp	r2, r3
 264 00a6 D9DB     		blt	.L10
  96:.\ME_lib_packetizer.c ****                 }
  97:.\ME_lib_packetizer.c ****             }
  98:.\ME_lib_packetizer.c ****             
  99:.\ME_lib_packetizer.c ****             pb->idx = i ;                    // Il nuovo primo spazio vuoto nel buffer 
 265              		.loc 1 99 0 is_stmt 1
 266 00a8 7B68     		ldr	r3, [r7, #4]
 267 00aa FA7B     		ldrb	r2, [r7, #15]
 268 00ac 1A71     		strb	r2, [r3, #4]
 100:.\ME_lib_packetizer.c ****             pb->sop_idx = new_sop_idx ;      // La nuova posizione di un evenutale altro sop
 269              		.loc 1 100 0
 270 00ae 7B68     		ldr	r3, [r7, #4]
 271 00b0 BA7B     		ldrb	r2, [r7, #14]
 272 00b2 5A71     		strb	r2, [r3, #5]
 273 00b4 02E0     		b	.L6
 274              	.L7:
 275              	.LBE2:
 101:.\ME_lib_packetizer.c ****         }
 102:.\ME_lib_packetizer.c ****         else                    // Non c'è uno start of packet, ripristina tutto per nuovi dati
 103:.\ME_lib_packetizer.c ****         {
 104:.\ME_lib_packetizer.c ****             PacketBuffer_Reset(pb);
 276              		.loc 1 104 0
 277 00b6 7868     		ldr	r0, [r7, #4]
 278 00b8 FFF7FEFF 		bl	PacketBuffer_Reset
 279              	.L6:
 105:.\ME_lib_packetizer.c ****         }
 106:.\ME_lib_packetizer.c ****     }
 107:.\ME_lib_packetizer.c **** 
 108:.\ME_lib_packetizer.c **** 
 109:.\ME_lib_packetizer.c ****   // Verifica se il byte ricevuto è uno di quelli speciali
 110:.\ME_lib_packetizer.c ****   
 111:.\ME_lib_packetizer.c ****     if (b == pb->sop)           // Il byte ricevuto è start of packet
 280              		.loc 1 111 0
 281 00bc 7B68     		ldr	r3, [r7, #4]
 282 00be 5B7A     		ldrb	r3, [r3, #9]	@ zero_extendqisi2
 283 00c0 FA78     		ldrb	r2, [r7, #3]	@ zero_extendqisi2
 284 00c2 9A42     		cmp	r2, r3
 285 00c4 0CD1     		bne	.L11
 112:.\ME_lib_packetizer.c ****     {
ARM GAS  C:\Users\gravi\AppData\Local\Temp\cc3YSVWY.s 			page 8


 113:.\ME_lib_packetizer.c ****         pb->status = PACKET_BUILDING ;
 286              		.loc 1 113 0
 287 00c6 7B68     		ldr	r3, [r7, #4]
 288 00c8 4FF00302 		mov	r2, #3
 289 00cc 9A72     		strb	r2, [r3, #10]
 114:.\ME_lib_packetizer.c ****         
 115:.\ME_lib_packetizer.c ****         if (pb->idx != 0)           // Se non è il primo del buffer salva l'indice per dopo 
 290              		.loc 1 115 0
 291 00ce 7B68     		ldr	r3, [r7, #4]
 292 00d0 1B79     		ldrb	r3, [r3, #4]	@ zero_extendqisi2
 293 00d2 002B     		cmp	r3, #0
 294 00d4 0FD0     		beq	.L12
 116:.\ME_lib_packetizer.c ****         {
 117:.\ME_lib_packetizer.c ****             pb->sop_idx = pb->idx ;
 295              		.loc 1 117 0
 296 00d6 7B68     		ldr	r3, [r7, #4]
 297 00d8 1A79     		ldrb	r2, [r3, #4]	@ zero_extendqisi2
 298 00da 7B68     		ldr	r3, [r7, #4]
 299 00dc 5A71     		strb	r2, [r3, #5]
 300 00de 0AE0     		b	.L12
 301              	.L11:
 118:.\ME_lib_packetizer.c ****         }
 119:.\ME_lib_packetizer.c ****     }
 120:.\ME_lib_packetizer.c ****     else                        // Il byte ricevuto non è uno start of packet
 121:.\ME_lib_packetizer.c ****     {
 122:.\ME_lib_packetizer.c ****         if (pb->idx == 0)       // Se siamo all'inizio del pacchetto ignora i dati e ritorna
 302              		.loc 1 122 0
 303 00e0 7B68     		ldr	r3, [r7, #4]
 304 00e2 1B79     		ldrb	r3, [r3, #4]	@ zero_extendqisi2
 305 00e4 002B     		cmp	r3, #0
 306 00e6 06D1     		bne	.L12
 123:.\ME_lib_packetizer.c ****         {
 124:.\ME_lib_packetizer.c ****             pb->status = PACKET_RESYNCING ;
 307              		.loc 1 124 0
 308 00e8 7B68     		ldr	r3, [r7, #4]
 309 00ea 4FF00202 		mov	r2, #2
 310 00ee 9A72     		strb	r2, [r3, #10]
 125:.\ME_lib_packetizer.c ****             return false ;
 311              		.loc 1 125 0
 312 00f0 4FF00003 		mov	r3, #0
 313 00f4 54E0     		b	.L13
 314              	.L12:
 126:.\ME_lib_packetizer.c ****         }
 127:.\ME_lib_packetizer.c ****     }
 128:.\ME_lib_packetizer.c **** 
 129:.\ME_lib_packetizer.c ****   // Verificate le condizioni particolari può memorizzare normalmente ed avanzare la posizione
 130:.\ME_lib_packetizer.c ****   // libera.
 131:.\ME_lib_packetizer.c ****   
 132:.\ME_lib_packetizer.c ****     pb->buffer[pb->idx] = b ;   
 315              		.loc 1 132 0
 316 00f6 7B68     		ldr	r3, [r7, #4]
 317 00f8 1A68     		ldr	r2, [r3, #0]
 318 00fa 7B68     		ldr	r3, [r7, #4]
 319 00fc 1B79     		ldrb	r3, [r3, #4]	@ zero_extendqisi2
 320 00fe D318     		adds	r3, r2, r3
 321 0100 FA78     		ldrb	r2, [r7, #3]
 322 0102 1A70     		strb	r2, [r3, #0]
ARM GAS  C:\Users\gravi\AppData\Local\Temp\cc3YSVWY.s 			page 9


 133:.\ME_lib_packetizer.c ****     pb->idx++ ;
 323              		.loc 1 133 0
 324 0104 7B68     		ldr	r3, [r7, #4]
 325 0106 1B79     		ldrb	r3, [r3, #4]	@ zero_extendqisi2
 326 0108 03F10103 		add	r3, r3, #1
 327 010c DAB2     		uxtb	r2, r3
 328 010e 7B68     		ldr	r3, [r7, #4]
 329 0110 1A71     		strb	r2, [r3, #4]
 134:.\ME_lib_packetizer.c ****   
 135:.\ME_lib_packetizer.c ****   // Verifica se ha ricevuto un'header intera e se non l'aveva già processata
 136:.\ME_lib_packetizer.c ****   
 137:.\ME_lib_packetizer.c ****     if (    (pb->len == 0)          // Lunghezza pacchetto zero significa header non ancora ricevut
 330              		.loc 1 137 0
 331 0112 7B68     		ldr	r3, [r7, #4]
 332 0114 DB79     		ldrb	r3, [r3, #7]	@ zero_extendqisi2
 333 0116 002B     		cmp	r3, #0
 334 0118 13D1     		bne	.L14
 138:.\ME_lib_packetizer.c ****          && (pb->header_validator != 0)         // Esiste una call-back? (per evitare inchiodamenti
 335              		.loc 1 138 0
 336 011a 7B68     		ldr	r3, [r7, #4]
 337 011c 1B69     		ldr	r3, [r3, #16]
 338 011e 002B     		cmp	r3, #0
 339 0120 0FD0     		beq	.L14
 139:.\ME_lib_packetizer.c ****          && (pb->idx == pb->hlen ))             // Ha ricevuto sufficienti byte per un'header
 340              		.loc 1 139 0
 341 0122 7B68     		ldr	r3, [r7, #4]
 342 0124 1A79     		ldrb	r2, [r3, #4]	@ zero_extendqisi2
 343 0126 7B68     		ldr	r3, [r7, #4]
 344 0128 9B79     		ldrb	r3, [r3, #6]	@ zero_extendqisi2
 345 012a 9A42     		cmp	r2, r3
 346 012c 09D1     		bne	.L14
 140:.\ME_lib_packetizer.c ****     {
 141:.\ME_lib_packetizer.c ****         pb->len = pb->header_validator(pb->buffer);         // Chiama la call-back è imposta la 
 347              		.loc 1 141 0
 348 012e 7B68     		ldr	r3, [r7, #4]
 349 0130 1B69     		ldr	r3, [r3, #16]
 350 0132 7A68     		ldr	r2, [r7, #4]
 351 0134 1268     		ldr	r2, [r2, #0]
 352 0136 1046     		mov	r0, r2
 353 0138 9847     		blx	r3
 354 013a 0346     		mov	r3, r0
 355 013c 1A46     		mov	r2, r3
 356 013e 7B68     		ldr	r3, [r7, #4]
 357 0140 DA71     		strb	r2, [r3, #7]
 358              	.L14:
 142:.\ME_lib_packetizer.c ****     }                                                       // lunghezza del pacchetto.
 143:.\ME_lib_packetizer.c ****   
 144:.\ME_lib_packetizer.c ****   // Se la lunghezza è nota verifica se è arrivato un pacchetto intero
 145:.\ME_lib_packetizer.c ****   
 146:.\ME_lib_packetizer.c ****     if (   (pb->idx == pb->len)                     // Se è arrivato prova a validarlo
 359              		.loc 1 146 0
 360 0142 7B68     		ldr	r3, [r7, #4]
 361 0144 1A79     		ldrb	r2, [r3, #4]	@ zero_extendqisi2
 362 0146 7B68     		ldr	r3, [r7, #4]
 363 0148 DB79     		ldrb	r3, [r3, #7]	@ zero_extendqisi2
 364 014a 9A42     		cmp	r2, r3
 365 014c 26D1     		bne	.L15
ARM GAS  C:\Users\gravi\AppData\Local\Temp\cc3YSVWY.s 			page 10


 147:.\ME_lib_packetizer.c ****         && (pb->packet_validator != 0) )            // Esiste una call-back? (evita inchiodamenti)
 366              		.loc 1 147 0
 367 014e 7B68     		ldr	r3, [r7, #4]
 368 0150 5B69     		ldr	r3, [r3, #20]
 369 0152 002B     		cmp	r3, #0
 370 0154 22D0     		beq	.L15
 371              	.LBB3:
 148:.\ME_lib_packetizer.c ****     {   
 149:.\ME_lib_packetizer.c ****         BOOL is_valid = pb->packet_validator(pb->buffer, pb->len);  // Chiama la call-back
 372              		.loc 1 149 0
 373 0156 7B68     		ldr	r3, [r7, #4]
 374 0158 5B69     		ldr	r3, [r3, #20]
 375 015a 7A68     		ldr	r2, [r7, #4]
 376 015c 1168     		ldr	r1, [r2, #0]
 377 015e 7A68     		ldr	r2, [r7, #4]
 378 0160 D279     		ldrb	r2, [r2, #7]	@ zero_extendqisi2
 379 0162 0846     		mov	r0, r1
 380 0164 1146     		mov	r1, r2
 381 0166 9847     		blx	r3
 382 0168 0346     		mov	r3, r0
 383 016a 7B73     		strb	r3, [r7, #13]
 150:.\ME_lib_packetizer.c ****         
 151:.\ME_lib_packetizer.c ****         if (is_valid)                   // Se la call-back dice che il pacchetto è buono allora
 384              		.loc 1 151 0
 385 016c 7B7B     		ldrb	r3, [r7, #13]	@ zero_extendqisi2
 386 016e 002B     		cmp	r3, #0
 387 0170 07D0     		beq	.L16
 152:.\ME_lib_packetizer.c ****         {                               // resetta il buffer (chi usa la funzione deve usare il
 153:.\ME_lib_packetizer.c ****             PacketBuffer_Reset(pb);     // pacchetto prima che venga chiamata di nuovo)
 388              		.loc 1 153 0
 389 0172 7868     		ldr	r0, [r7, #4]
 390 0174 FFF7FEFF 		bl	PacketBuffer_Reset
 154:.\ME_lib_packetizer.c ****             pb->status = PACKET_OK ;    // (il reset mette in waiting, qui va messo in ok!)
 391              		.loc 1 154 0
 392 0178 7B68     		ldr	r3, [r7, #4]
 393 017a 4FF00002 		mov	r2, #0
 394 017e 9A72     		strb	r2, [r3, #10]
 395 0180 0AE0     		b	.L17
 396              	.L16:
 155:.\ME_lib_packetizer.c ****         }
 156:.\ME_lib_packetizer.c ****         else                            // altrimenti lo lascia come è perché potrebbe essere sol
 157:.\ME_lib_packetizer.c ****         {                               // fuori sync e alla prossima chiamata viene traslato 
 158:.\ME_lib_packetizer.c ****             pb->status = PACKET_ERROR ; // l'interno (se nei dati c'è uno start of packet)
 397              		.loc 1 158 0
 398 0182 7B68     		ldr	r3, [r7, #4]
 399 0184 4FF0FF02 		mov	r2, #255
 400 0188 9A72     		strb	r2, [r3, #10]
 159:.\ME_lib_packetizer.c ****             pb->invalid_packets++ ;
 401              		.loc 1 159 0
 402 018a 7B68     		ldr	r3, [r7, #4]
 403 018c 9B89     		ldrh	r3, [r3, #12]
 404 018e 03F10103 		add	r3, r3, #1
 405 0192 9AB2     		uxth	r2, r3
 406 0194 7B68     		ldr	r3, [r7, #4]
 407 0196 9A81     		strh	r2, [r3, #12]	@ movhi
 408              	.L17:
 160:.\ME_lib_packetizer.c ****         }
ARM GAS  C:\Users\gravi\AppData\Local\Temp\cc3YSVWY.s 			page 11


 161:.\ME_lib_packetizer.c ****         
 162:.\ME_lib_packetizer.c ****         return is_valid ;               
 409              		.loc 1 162 0
 410 0198 7B7B     		ldrb	r3, [r7, #13]	@ zero_extendqisi2
 411 019a 01E0     		b	.L13
 412              	.L15:
 413              	.LBE3:
 163:.\ME_lib_packetizer.c ****     }
 164:.\ME_lib_packetizer.c ****     
 165:.\ME_lib_packetizer.c ****     return false ;                          // Altrimenti aspetta altri caratteri
 414              		.loc 1 165 0
 415 019c 4FF00003 		mov	r3, #0
 416              	.L13:
 166:.\ME_lib_packetizer.c **** }
 417              		.loc 1 166 0
 418 01a0 1846     		mov	r0, r3
 419 01a2 07F11007 		add	r7, r7, #16
 420 01a6 BD46     		mov	sp, r7
 421 01a8 80BD     		pop	{r7, pc}
 422              		.cfi_endproc
 423              	.LFE2:
 424              		.size	PacketBuffer_BuildPacket, .-PacketBuffer_BuildPacket
 425 01aa 00BF     		.text
 426              	.Letext0:
 427              		.file 2 ".\\ME_common.h"
 428              		.file 3 ".\\ME_lib_packetizer.h"
 429              		.section	.debug_info,"",%progbits
 430              	.Ldebug_info0:
 431 0000 14030000 		.4byte	0x314
 432 0004 0200     		.2byte	0x2
 433 0006 00000000 		.4byte	.Ldebug_abbrev0
 434 000a 04       		.byte	0x4
 435 000b 01       		.uleb128 0x1
 436 000c DE010000 		.4byte	.LASF42
 437 0010 01       		.byte	0x1
 438 0011 A2010000 		.4byte	.LASF43
 439 0015 35000000 		.4byte	.LASF44
 440 0019 00000000 		.4byte	.Ldebug_ranges0+0
 441 001d 00000000 		.4byte	0
 442 0021 00000000 		.4byte	0
 443 0025 00000000 		.4byte	.Ldebug_line0
 444 0029 02       		.uleb128 0x2
 445 002a 01       		.byte	0x1
 446 002b 06       		.byte	0x6
 447 002c 68020000 		.4byte	.LASF0
 448 0030 02       		.uleb128 0x2
 449 0031 01       		.byte	0x1
 450 0032 08       		.byte	0x8
 451 0033 B8000000 		.4byte	.LASF1
 452 0037 02       		.uleb128 0x2
 453 0038 02       		.byte	0x2
 454 0039 05       		.byte	0x5
 455 003a C7010000 		.4byte	.LASF2
 456 003e 02       		.uleb128 0x2
 457 003f 02       		.byte	0x2
 458 0040 07       		.byte	0x7
 459 0041 E8000000 		.4byte	.LASF3
ARM GAS  C:\Users\gravi\AppData\Local\Temp\cc3YSVWY.s 			page 12


 460 0045 03       		.uleb128 0x3
 461 0046 04       		.byte	0x4
 462 0047 05       		.byte	0x5
 463 0048 696E7400 		.ascii	"int\000"
 464 004c 02       		.uleb128 0x2
 465 004d 04       		.byte	0x4
 466 004e 07       		.byte	0x7
 467 004f 24010000 		.4byte	.LASF4
 468 0053 02       		.uleb128 0x2
 469 0054 08       		.byte	0x8
 470 0055 05       		.byte	0x5
 471 0056 83010000 		.4byte	.LASF5
 472 005a 02       		.uleb128 0x2
 473 005b 08       		.byte	0x8
 474 005c 07       		.byte	0x7
 475 005d 3F010000 		.4byte	.LASF6
 476 0061 02       		.uleb128 0x2
 477 0062 04       		.byte	0x4
 478 0063 05       		.byte	0x5
 479 0064 49020000 		.4byte	.LASF7
 480 0068 02       		.uleb128 0x2
 481 0069 04       		.byte	0x4
 482 006a 07       		.byte	0x7
 483 006b 7A010000 		.4byte	.LASF8
 484 006f 02       		.uleb128 0x2
 485 0070 04       		.byte	0x4
 486 0071 07       		.byte	0x7
 487 0072 D6000000 		.4byte	.LASF9
 488 0076 02       		.uleb128 0x2
 489 0077 01       		.byte	0x1
 490 0078 08       		.byte	0x8
 491 0079 52020000 		.4byte	.LASF10
 492 007d 04       		.uleb128 0x4
 493 007e 8A000000 		.4byte	.LASF11
 494 0082 02       		.byte	0x2
 495 0083 34       		.byte	0x34
 496 0084 30000000 		.4byte	0x30
 497 0088 04       		.uleb128 0x4
 498 0089 64000000 		.4byte	.LASF12
 499 008d 02       		.byte	0x2
 500 008e 35       		.byte	0x35
 501 008f 3E000000 		.4byte	0x3e
 502 0093 02       		.uleb128 0x2
 503 0094 04       		.byte	0x4
 504 0095 04       		.byte	0x4
 505 0096 B2000000 		.4byte	.LASF13
 506 009a 02       		.uleb128 0x2
 507 009b 08       		.byte	0x8
 508 009c 04       		.byte	0x4
 509 009d 0A010000 		.4byte	.LASF14
 510 00a1 05       		.uleb128 0x5
 511 00a2 29000000 		.4byte	.LASF17
 512 00a6 01       		.byte	0x1
 513 00a7 02       		.byte	0x2
 514 00a8 3D       		.byte	0x3d
 515 00a9 BA000000 		.4byte	0xba
 516 00ad 06       		.uleb128 0x6
ARM GAS  C:\Users\gravi\AppData\Local\Temp\cc3YSVWY.s 			page 13


 517 00ae B8010000 		.4byte	.LASF15
 518 00b2 00       		.sleb128 0
 519 00b3 06       		.uleb128 0x6
 520 00b4 00000000 		.4byte	.LASF16
 521 00b8 01       		.sleb128 1
 522 00b9 00       		.byte	0
 523 00ba 04       		.uleb128 0x4
 524 00bb 29000000 		.4byte	.LASF17
 525 00bf 02       		.byte	0x2
 526 00c0 41       		.byte	0x41
 527 00c1 A1000000 		.4byte	0xa1
 528 00c5 04       		.uleb128 0x4
 529 00c6 27020000 		.4byte	.LASF18
 530 00ca 03       		.byte	0x3
 531 00cb 39       		.byte	0x39
 532 00cc D0000000 		.4byte	0xd0
 533 00d0 07       		.uleb128 0x7
 534 00d1 04       		.byte	0x4
 535 00d2 D6000000 		.4byte	0xd6
 536 00d6 08       		.uleb128 0x8
 537 00d7 01       		.byte	0x1
 538 00d8 7D000000 		.4byte	0x7d
 539 00dc E6000000 		.4byte	0xe6
 540 00e0 09       		.uleb128 0x9
 541 00e1 E6000000 		.4byte	0xe6
 542 00e5 00       		.byte	0
 543 00e6 07       		.uleb128 0x7
 544 00e7 04       		.byte	0x4
 545 00e8 7D000000 		.4byte	0x7d
 546 00ec 04       		.uleb128 0x4
 547 00ed 05000000 		.4byte	.LASF19
 548 00f1 03       		.byte	0x3
 549 00f2 3A       		.byte	0x3a
 550 00f3 F7000000 		.4byte	0xf7
 551 00f7 07       		.uleb128 0x7
 552 00f8 04       		.byte	0x4
 553 00f9 FD000000 		.4byte	0xfd
 554 00fd 08       		.uleb128 0x8
 555 00fe 01       		.byte	0x1
 556 00ff BA000000 		.4byte	0xba
 557 0103 12010000 		.4byte	0x112
 558 0107 09       		.uleb128 0x9
 559 0108 E6000000 		.4byte	0xe6
 560 010c 09       		.uleb128 0x9
 561 010d 7D000000 		.4byte	0x7d
 562 0111 00       		.byte	0
 563 0112 05       		.uleb128 0x5
 564 0113 7C020000 		.4byte	.LASF20
 565 0117 01       		.byte	0x1
 566 0118 03       		.byte	0x3
 567 0119 3F       		.byte	0x3f
 568 011a 3E010000 		.4byte	0x13e
 569 011e 06       		.uleb128 0x6
 570 011f FB000000 		.4byte	.LASF21
 571 0123 01       		.sleb128 1
 572 0124 06       		.uleb128 0x6
 573 0125 38020000 		.4byte	.LASF22
ARM GAS  C:\Users\gravi\AppData\Local\Temp\cc3YSVWY.s 			page 14


 574 0129 02       		.sleb128 2
 575 012a 06       		.uleb128 0x6
 576 012b 96000000 		.4byte	.LASF23
 577 012f 03       		.sleb128 3
 578 0130 06       		.uleb128 0x6
 579 0131 69000000 		.4byte	.LASF24
 580 0135 00       		.sleb128 0
 581 0136 06       		.uleb128 0x6
 582 0137 D1010000 		.4byte	.LASF25
 583 013b FF01     		.sleb128 255
 584 013d 00       		.byte	0
 585 013e 04       		.uleb128 0x4
 586 013f 7C020000 		.4byte	.LASF20
 587 0143 03       		.byte	0x3
 588 0144 46       		.byte	0x46
 589 0145 12010000 		.4byte	0x112
 590 0149 0A       		.uleb128 0xa
 591 014a 31010000 		.4byte	.LASF34
 592 014e 18       		.byte	0x18
 593 014f 03       		.byte	0x3
 594 0150 58       		.byte	0x58
 595 0151 F0010000 		.4byte	0x1f0
 596 0155 0B       		.uleb128 0xb
 597 0156 2E000000 		.4byte	.LASF26
 598 015a 03       		.byte	0x3
 599 015b 5A       		.byte	0x5a
 600 015c E6000000 		.4byte	0xe6
 601 0160 02       		.byte	0x2
 602 0161 23       		.byte	0x23
 603 0162 00       		.uleb128 0
 604 0163 0C       		.uleb128 0xc
 605 0164 69647800 		.ascii	"idx\000"
 606 0168 03       		.byte	0x3
 607 0169 5B       		.byte	0x5b
 608 016a 7D000000 		.4byte	0x7d
 609 016e 02       		.byte	0x2
 610 016f 23       		.byte	0x23
 611 0170 04       		.uleb128 0x4
 612 0171 0B       		.uleb128 0xb
 613 0172 74020000 		.4byte	.LASF27
 614 0176 03       		.byte	0x3
 615 0177 5C       		.byte	0x5c
 616 0178 7D000000 		.4byte	0x7d
 617 017c 02       		.byte	0x2
 618 017d 23       		.byte	0x23
 619 017e 05       		.uleb128 0x5
 620 017f 0B       		.uleb128 0xb
 621 0180 73000000 		.4byte	.LASF28
 622 0184 03       		.byte	0x3
 623 0185 5D       		.byte	0x5d
 624 0186 7D000000 		.4byte	0x7d
 625 018a 02       		.byte	0x2
 626 018b 23       		.byte	0x23
 627 018c 06       		.uleb128 0x6
 628 018d 0C       		.uleb128 0xc
 629 018e 6C656E00 		.ascii	"len\000"
 630 0192 03       		.byte	0x3
ARM GAS  C:\Users\gravi\AppData\Local\Temp\cc3YSVWY.s 			page 15


 631 0193 5E       		.byte	0x5e
 632 0194 7D000000 		.4byte	0x7d
 633 0198 02       		.byte	0x2
 634 0199 23       		.byte	0x23
 635 019a 07       		.uleb128 0x7
 636 019b 0B       		.uleb128 0xb
 637 019c 11010000 		.4byte	.LASF29
 638 01a0 03       		.byte	0x3
 639 01a1 5F       		.byte	0x5f
 640 01a2 7D000000 		.4byte	0x7d
 641 01a6 02       		.byte	0x2
 642 01a7 23       		.byte	0x23
 643 01a8 08       		.uleb128 0x8
 644 01a9 0C       		.uleb128 0xc
 645 01aa 736F7000 		.ascii	"sop\000"
 646 01ae 03       		.byte	0x3
 647 01af 60       		.byte	0x60
 648 01b0 7D000000 		.4byte	0x7d
 649 01b4 02       		.byte	0x2
 650 01b5 23       		.byte	0x23
 651 01b6 09       		.uleb128 0x9
 652 01b7 0B       		.uleb128 0xb
 653 01b8 8F000000 		.4byte	.LASF30
 654 01bc 03       		.byte	0x3
 655 01bd 61       		.byte	0x61
 656 01be 3E010000 		.4byte	0x13e
 657 01c2 02       		.byte	0x2
 658 01c3 23       		.byte	0x23
 659 01c4 0A       		.uleb128 0xa
 660 01c5 0B       		.uleb128 0xb
 661 01c6 C6000000 		.4byte	.LASF31
 662 01ca 03       		.byte	0x3
 663 01cb 62       		.byte	0x62
 664 01cc 88000000 		.4byte	0x88
 665 01d0 02       		.byte	0x2
 666 01d1 23       		.byte	0x23
 667 01d2 0C       		.uleb128 0xc
 668 01d3 0B       		.uleb128 0xb
 669 01d4 91010000 		.4byte	.LASF32
 670 01d8 03       		.byte	0x3
 671 01d9 63       		.byte	0x63
 672 01da C5000000 		.4byte	0xc5
 673 01de 02       		.byte	0x2
 674 01df 23       		.byte	0x23
 675 01e0 10       		.uleb128 0x10
 676 01e1 0B       		.uleb128 0xb
 677 01e2 57020000 		.4byte	.LASF33
 678 01e6 03       		.byte	0x3
 679 01e7 64       		.byte	0x64
 680 01e8 EC000000 		.4byte	0xec
 681 01ec 02       		.byte	0x2
 682 01ed 23       		.byte	0x23
 683 01ee 14       		.uleb128 0x14
 684 01ef 00       		.byte	0
 685 01f0 04       		.uleb128 0x4
 686 01f1 31010000 		.4byte	.LASF34
 687 01f5 03       		.byte	0x3
ARM GAS  C:\Users\gravi\AppData\Local\Temp\cc3YSVWY.s 			page 16


 688 01f6 65       		.byte	0x65
 689 01f7 49010000 		.4byte	0x149
 690 01fb 0D       		.uleb128 0xd
 691 01fc 01       		.byte	0x1
 692 01fd 78000000 		.4byte	.LASF37
 693 0201 01       		.byte	0x1
 694 0202 12       		.byte	0x12
 695 0203 01       		.byte	0x1
 696 0204 00000000 		.4byte	.LFB0
 697 0208 64000000 		.4byte	.LFE0
 698 020c 00000000 		.4byte	.LLST0
 699 0210 01       		.byte	0x1
 700 0211 75020000 		.4byte	0x275
 701 0215 0E       		.uleb128 0xe
 702 0216 706200   		.ascii	"pb\000"
 703 0219 01       		.byte	0x1
 704 021a 12       		.byte	0x12
 705 021b 75020000 		.4byte	0x275
 706 021f 02       		.byte	0x2
 707 0220 91       		.byte	0x91
 708 0221 74       		.sleb128 -12
 709 0222 0F       		.uleb128 0xf
 710 0223 6F010000 		.4byte	.LASF35
 711 0227 01       		.byte	0x1
 712 0228 12       		.byte	0x12
 713 0229 E6000000 		.4byte	0xe6
 714 022d 02       		.byte	0x2
 715 022e 91       		.byte	0x91
 716 022f 70       		.sleb128 -16
 717 0230 0F       		.uleb128 0xf
 718 0231 19010000 		.4byte	.LASF36
 719 0235 01       		.byte	0x1
 720 0236 13       		.byte	0x13
 721 0237 7D000000 		.4byte	0x7d
 722 023b 02       		.byte	0x2
 723 023c 91       		.byte	0x91
 724 023d 6F       		.sleb128 -17
 725 023e 0F       		.uleb128 0xf
 726 023f 11010000 		.4byte	.LASF29
 727 0243 01       		.byte	0x1
 728 0244 14       		.byte	0x14
 729 0245 7D000000 		.4byte	0x7d
 730 0249 02       		.byte	0x2
 731 024a 91       		.byte	0x91
 732 024b 6E       		.sleb128 -18
 733 024c 0E       		.uleb128 0xe
 734 024d 736F7000 		.ascii	"sop\000"
 735 0251 01       		.byte	0x1
 736 0252 15       		.byte	0x15
 737 0253 7D000000 		.4byte	0x7d
 738 0257 02       		.byte	0x2
 739 0258 91       		.byte	0x91
 740 0259 00       		.sleb128 0
 741 025a 0E       		.uleb128 0xe
 742 025b 687600   		.ascii	"hv\000"
 743 025e 01       		.byte	0x1
 744 025f 16       		.byte	0x16
ARM GAS  C:\Users\gravi\AppData\Local\Temp\cc3YSVWY.s 			page 17


 745 0260 C5000000 		.4byte	0xc5
 746 0264 02       		.byte	0x2
 747 0265 91       		.byte	0x91
 748 0266 04       		.sleb128 4
 749 0267 0E       		.uleb128 0xe
 750 0268 707600   		.ascii	"pv\000"
 751 026b 01       		.byte	0x1
 752 026c 17       		.byte	0x17
 753 026d EC000000 		.4byte	0xec
 754 0271 02       		.byte	0x2
 755 0272 91       		.byte	0x91
 756 0273 08       		.sleb128 8
 757 0274 00       		.byte	0
 758 0275 07       		.uleb128 0x7
 759 0276 04       		.byte	0x4
 760 0277 F0010000 		.4byte	0x1f0
 761 027b 0D       		.uleb128 0xd
 762 027c 01       		.byte	0x1
 763 027d 16000000 		.4byte	.LASF38
 764 0281 01       		.byte	0x1
 765 0282 29       		.byte	0x29
 766 0283 01       		.byte	0x1
 767 0284 00000000 		.4byte	.LFB1
 768 0288 32000000 		.4byte	.LFE1
 769 028c 38000000 		.4byte	.LLST1
 770 0290 01       		.byte	0x1
 771 0291 A3020000 		.4byte	0x2a3
 772 0295 0E       		.uleb128 0xe
 773 0296 706200   		.ascii	"pb\000"
 774 0299 01       		.byte	0x1
 775 029a 29       		.byte	0x29
 776 029b 75020000 		.4byte	0x275
 777 029f 02       		.byte	0x2
 778 02a0 91       		.byte	0x91
 779 02a1 74       		.sleb128 -12
 780 02a2 00       		.byte	0
 781 02a3 10       		.uleb128 0x10
 782 02a4 01       		.byte	0x1
 783 02a5 56010000 		.4byte	.LASF39
 784 02a9 01       		.byte	0x1
 785 02aa 36       		.byte	0x36
 786 02ab 01       		.byte	0x1
 787 02ac BA000000 		.4byte	0xba
 788 02b0 00000000 		.4byte	.LFB2
 789 02b4 AA010000 		.4byte	.LFE2
 790 02b8 70000000 		.4byte	.LLST2
 791 02bc 01       		.byte	0x1
 792 02bd 0E       		.uleb128 0xe
 793 02be 706200   		.ascii	"pb\000"
 794 02c1 01       		.byte	0x1
 795 02c2 36       		.byte	0x36
 796 02c3 75020000 		.4byte	0x275
 797 02c7 02       		.byte	0x2
 798 02c8 91       		.byte	0x91
 799 02c9 6C       		.sleb128 -20
 800 02ca 0E       		.uleb128 0xe
 801 02cb 6200     		.ascii	"b\000"
ARM GAS  C:\Users\gravi\AppData\Local\Temp\cc3YSVWY.s 			page 18


 802 02cd 01       		.byte	0x1
 803 02ce 36       		.byte	0x36
 804 02cf 7D000000 		.4byte	0x7d
 805 02d3 02       		.byte	0x2
 806 02d4 91       		.byte	0x91
 807 02d5 6B       		.sleb128 -21
 808 02d6 11       		.uleb128 0x11
 809 02d7 4E000000 		.4byte	.LBB2
 810 02db B6000000 		.4byte	.LBE2
 811 02df FE020000 		.4byte	0x2fe
 812 02e3 12       		.uleb128 0x12
 813 02e4 6900     		.ascii	"i\000"
 814 02e6 01       		.byte	0x1
 815 02e7 54       		.byte	0x54
 816 02e8 7D000000 		.4byte	0x7d
 817 02ec 02       		.byte	0x2
 818 02ed 91       		.byte	0x91
 819 02ee 77       		.sleb128 -9
 820 02ef 13       		.uleb128 0x13
 821 02f0 A6000000 		.4byte	.LASF40
 822 02f4 01       		.byte	0x1
 823 02f5 55       		.byte	0x55
 824 02f6 7D000000 		.4byte	0x7d
 825 02fa 02       		.byte	0x2
 826 02fb 91       		.byte	0x91
 827 02fc 76       		.sleb128 -10
 828 02fd 00       		.byte	0
 829 02fe 14       		.uleb128 0x14
 830 02ff 56010000 		.4byte	.LBB3
 831 0303 9C010000 		.4byte	.LBE3
 832 0307 13       		.uleb128 0x13
 833 0308 BE010000 		.4byte	.LASF41
 834 030c 01       		.byte	0x1
 835 030d 95       		.byte	0x95
 836 030e BA000000 		.4byte	0xba
 837 0312 02       		.byte	0x2
 838 0313 91       		.byte	0x91
 839 0314 75       		.sleb128 -11
 840 0315 00       		.byte	0
 841 0316 00       		.byte	0
 842 0317 00       		.byte	0
 843              		.section	.debug_abbrev,"",%progbits
 844              	.Ldebug_abbrev0:
 845 0000 01       		.uleb128 0x1
 846 0001 11       		.uleb128 0x11
 847 0002 01       		.byte	0x1
 848 0003 25       		.uleb128 0x25
 849 0004 0E       		.uleb128 0xe
 850 0005 13       		.uleb128 0x13
 851 0006 0B       		.uleb128 0xb
 852 0007 03       		.uleb128 0x3
 853 0008 0E       		.uleb128 0xe
 854 0009 1B       		.uleb128 0x1b
 855 000a 0E       		.uleb128 0xe
 856 000b 55       		.uleb128 0x55
 857 000c 06       		.uleb128 0x6
 858 000d 11       		.uleb128 0x11
ARM GAS  C:\Users\gravi\AppData\Local\Temp\cc3YSVWY.s 			page 19


 859 000e 01       		.uleb128 0x1
 860 000f 52       		.uleb128 0x52
 861 0010 01       		.uleb128 0x1
 862 0011 10       		.uleb128 0x10
 863 0012 06       		.uleb128 0x6
 864 0013 00       		.byte	0
 865 0014 00       		.byte	0
 866 0015 02       		.uleb128 0x2
 867 0016 24       		.uleb128 0x24
 868 0017 00       		.byte	0
 869 0018 0B       		.uleb128 0xb
 870 0019 0B       		.uleb128 0xb
 871 001a 3E       		.uleb128 0x3e
 872 001b 0B       		.uleb128 0xb
 873 001c 03       		.uleb128 0x3
 874 001d 0E       		.uleb128 0xe
 875 001e 00       		.byte	0
 876 001f 00       		.byte	0
 877 0020 03       		.uleb128 0x3
 878 0021 24       		.uleb128 0x24
 879 0022 00       		.byte	0
 880 0023 0B       		.uleb128 0xb
 881 0024 0B       		.uleb128 0xb
 882 0025 3E       		.uleb128 0x3e
 883 0026 0B       		.uleb128 0xb
 884 0027 03       		.uleb128 0x3
 885 0028 08       		.uleb128 0x8
 886 0029 00       		.byte	0
 887 002a 00       		.byte	0
 888 002b 04       		.uleb128 0x4
 889 002c 16       		.uleb128 0x16
 890 002d 00       		.byte	0
 891 002e 03       		.uleb128 0x3
 892 002f 0E       		.uleb128 0xe
 893 0030 3A       		.uleb128 0x3a
 894 0031 0B       		.uleb128 0xb
 895 0032 3B       		.uleb128 0x3b
 896 0033 0B       		.uleb128 0xb
 897 0034 49       		.uleb128 0x49
 898 0035 13       		.uleb128 0x13
 899 0036 00       		.byte	0
 900 0037 00       		.byte	0
 901 0038 05       		.uleb128 0x5
 902 0039 04       		.uleb128 0x4
 903 003a 01       		.byte	0x1
 904 003b 03       		.uleb128 0x3
 905 003c 0E       		.uleb128 0xe
 906 003d 0B       		.uleb128 0xb
 907 003e 0B       		.uleb128 0xb
 908 003f 3A       		.uleb128 0x3a
 909 0040 0B       		.uleb128 0xb
 910 0041 3B       		.uleb128 0x3b
 911 0042 0B       		.uleb128 0xb
 912 0043 01       		.uleb128 0x1
 913 0044 13       		.uleb128 0x13
 914 0045 00       		.byte	0
 915 0046 00       		.byte	0
ARM GAS  C:\Users\gravi\AppData\Local\Temp\cc3YSVWY.s 			page 20


 916 0047 06       		.uleb128 0x6
 917 0048 28       		.uleb128 0x28
 918 0049 00       		.byte	0
 919 004a 03       		.uleb128 0x3
 920 004b 0E       		.uleb128 0xe
 921 004c 1C       		.uleb128 0x1c
 922 004d 0D       		.uleb128 0xd
 923 004e 00       		.byte	0
 924 004f 00       		.byte	0
 925 0050 07       		.uleb128 0x7
 926 0051 0F       		.uleb128 0xf
 927 0052 00       		.byte	0
 928 0053 0B       		.uleb128 0xb
 929 0054 0B       		.uleb128 0xb
 930 0055 49       		.uleb128 0x49
 931 0056 13       		.uleb128 0x13
 932 0057 00       		.byte	0
 933 0058 00       		.byte	0
 934 0059 08       		.uleb128 0x8
 935 005a 15       		.uleb128 0x15
 936 005b 01       		.byte	0x1
 937 005c 27       		.uleb128 0x27
 938 005d 0C       		.uleb128 0xc
 939 005e 49       		.uleb128 0x49
 940 005f 13       		.uleb128 0x13
 941 0060 01       		.uleb128 0x1
 942 0061 13       		.uleb128 0x13
 943 0062 00       		.byte	0
 944 0063 00       		.byte	0
 945 0064 09       		.uleb128 0x9
 946 0065 05       		.uleb128 0x5
 947 0066 00       		.byte	0
 948 0067 49       		.uleb128 0x49
 949 0068 13       		.uleb128 0x13
 950 0069 00       		.byte	0
 951 006a 00       		.byte	0
 952 006b 0A       		.uleb128 0xa
 953 006c 13       		.uleb128 0x13
 954 006d 01       		.byte	0x1
 955 006e 03       		.uleb128 0x3
 956 006f 0E       		.uleb128 0xe
 957 0070 0B       		.uleb128 0xb
 958 0071 0B       		.uleb128 0xb
 959 0072 3A       		.uleb128 0x3a
 960 0073 0B       		.uleb128 0xb
 961 0074 3B       		.uleb128 0x3b
 962 0075 0B       		.uleb128 0xb
 963 0076 01       		.uleb128 0x1
 964 0077 13       		.uleb128 0x13
 965 0078 00       		.byte	0
 966 0079 00       		.byte	0
 967 007a 0B       		.uleb128 0xb
 968 007b 0D       		.uleb128 0xd
 969 007c 00       		.byte	0
 970 007d 03       		.uleb128 0x3
 971 007e 0E       		.uleb128 0xe
 972 007f 3A       		.uleb128 0x3a
ARM GAS  C:\Users\gravi\AppData\Local\Temp\cc3YSVWY.s 			page 21


 973 0080 0B       		.uleb128 0xb
 974 0081 3B       		.uleb128 0x3b
 975 0082 0B       		.uleb128 0xb
 976 0083 49       		.uleb128 0x49
 977 0084 13       		.uleb128 0x13
 978 0085 38       		.uleb128 0x38
 979 0086 0A       		.uleb128 0xa
 980 0087 00       		.byte	0
 981 0088 00       		.byte	0
 982 0089 0C       		.uleb128 0xc
 983 008a 0D       		.uleb128 0xd
 984 008b 00       		.byte	0
 985 008c 03       		.uleb128 0x3
 986 008d 08       		.uleb128 0x8
 987 008e 3A       		.uleb128 0x3a
 988 008f 0B       		.uleb128 0xb
 989 0090 3B       		.uleb128 0x3b
 990 0091 0B       		.uleb128 0xb
 991 0092 49       		.uleb128 0x49
 992 0093 13       		.uleb128 0x13
 993 0094 38       		.uleb128 0x38
 994 0095 0A       		.uleb128 0xa
 995 0096 00       		.byte	0
 996 0097 00       		.byte	0
 997 0098 0D       		.uleb128 0xd
 998 0099 2E       		.uleb128 0x2e
 999 009a 01       		.byte	0x1
 1000 009b 3F       		.uleb128 0x3f
 1001 009c 0C       		.uleb128 0xc
 1002 009d 03       		.uleb128 0x3
 1003 009e 0E       		.uleb128 0xe
 1004 009f 3A       		.uleb128 0x3a
 1005 00a0 0B       		.uleb128 0xb
 1006 00a1 3B       		.uleb128 0x3b
 1007 00a2 0B       		.uleb128 0xb
 1008 00a3 27       		.uleb128 0x27
 1009 00a4 0C       		.uleb128 0xc
 1010 00a5 11       		.uleb128 0x11
 1011 00a6 01       		.uleb128 0x1
 1012 00a7 12       		.uleb128 0x12
 1013 00a8 01       		.uleb128 0x1
 1014 00a9 40       		.uleb128 0x40
 1015 00aa 06       		.uleb128 0x6
 1016 00ab 9742     		.uleb128 0x2117
 1017 00ad 0C       		.uleb128 0xc
 1018 00ae 01       		.uleb128 0x1
 1019 00af 13       		.uleb128 0x13
 1020 00b0 00       		.byte	0
 1021 00b1 00       		.byte	0
 1022 00b2 0E       		.uleb128 0xe
 1023 00b3 05       		.uleb128 0x5
 1024 00b4 00       		.byte	0
 1025 00b5 03       		.uleb128 0x3
 1026 00b6 08       		.uleb128 0x8
 1027 00b7 3A       		.uleb128 0x3a
 1028 00b8 0B       		.uleb128 0xb
 1029 00b9 3B       		.uleb128 0x3b
ARM GAS  C:\Users\gravi\AppData\Local\Temp\cc3YSVWY.s 			page 22


 1030 00ba 0B       		.uleb128 0xb
 1031 00bb 49       		.uleb128 0x49
 1032 00bc 13       		.uleb128 0x13
 1033 00bd 02       		.uleb128 0x2
 1034 00be 0A       		.uleb128 0xa
 1035 00bf 00       		.byte	0
 1036 00c0 00       		.byte	0
 1037 00c1 0F       		.uleb128 0xf
 1038 00c2 05       		.uleb128 0x5
 1039 00c3 00       		.byte	0
 1040 00c4 03       		.uleb128 0x3
 1041 00c5 0E       		.uleb128 0xe
 1042 00c6 3A       		.uleb128 0x3a
 1043 00c7 0B       		.uleb128 0xb
 1044 00c8 3B       		.uleb128 0x3b
 1045 00c9 0B       		.uleb128 0xb
 1046 00ca 49       		.uleb128 0x49
 1047 00cb 13       		.uleb128 0x13
 1048 00cc 02       		.uleb128 0x2
 1049 00cd 0A       		.uleb128 0xa
 1050 00ce 00       		.byte	0
 1051 00cf 00       		.byte	0
 1052 00d0 10       		.uleb128 0x10
 1053 00d1 2E       		.uleb128 0x2e
 1054 00d2 01       		.byte	0x1
 1055 00d3 3F       		.uleb128 0x3f
 1056 00d4 0C       		.uleb128 0xc
 1057 00d5 03       		.uleb128 0x3
 1058 00d6 0E       		.uleb128 0xe
 1059 00d7 3A       		.uleb128 0x3a
 1060 00d8 0B       		.uleb128 0xb
 1061 00d9 3B       		.uleb128 0x3b
 1062 00da 0B       		.uleb128 0xb
 1063 00db 27       		.uleb128 0x27
 1064 00dc 0C       		.uleb128 0xc
 1065 00dd 49       		.uleb128 0x49
 1066 00de 13       		.uleb128 0x13
 1067 00df 11       		.uleb128 0x11
 1068 00e0 01       		.uleb128 0x1
 1069 00e1 12       		.uleb128 0x12
 1070 00e2 01       		.uleb128 0x1
 1071 00e3 40       		.uleb128 0x40
 1072 00e4 06       		.uleb128 0x6
 1073 00e5 9642     		.uleb128 0x2116
 1074 00e7 0C       		.uleb128 0xc
 1075 00e8 00       		.byte	0
 1076 00e9 00       		.byte	0
 1077 00ea 11       		.uleb128 0x11
 1078 00eb 0B       		.uleb128 0xb
 1079 00ec 01       		.byte	0x1
 1080 00ed 11       		.uleb128 0x11
 1081 00ee 01       		.uleb128 0x1
 1082 00ef 12       		.uleb128 0x12
 1083 00f0 01       		.uleb128 0x1
 1084 00f1 01       		.uleb128 0x1
 1085 00f2 13       		.uleb128 0x13
 1086 00f3 00       		.byte	0
ARM GAS  C:\Users\gravi\AppData\Local\Temp\cc3YSVWY.s 			page 23


 1087 00f4 00       		.byte	0
 1088 00f5 12       		.uleb128 0x12
 1089 00f6 34       		.uleb128 0x34
 1090 00f7 00       		.byte	0
 1091 00f8 03       		.uleb128 0x3
 1092 00f9 08       		.uleb128 0x8
 1093 00fa 3A       		.uleb128 0x3a
 1094 00fb 0B       		.uleb128 0xb
 1095 00fc 3B       		.uleb128 0x3b
 1096 00fd 0B       		.uleb128 0xb
 1097 00fe 49       		.uleb128 0x49
 1098 00ff 13       		.uleb128 0x13
 1099 0100 02       		.uleb128 0x2
 1100 0101 0A       		.uleb128 0xa
 1101 0102 00       		.byte	0
 1102 0103 00       		.byte	0
 1103 0104 13       		.uleb128 0x13
 1104 0105 34       		.uleb128 0x34
 1105 0106 00       		.byte	0
 1106 0107 03       		.uleb128 0x3
 1107 0108 0E       		.uleb128 0xe
 1108 0109 3A       		.uleb128 0x3a
 1109 010a 0B       		.uleb128 0xb
 1110 010b 3B       		.uleb128 0x3b
 1111 010c 0B       		.uleb128 0xb
 1112 010d 49       		.uleb128 0x49
 1113 010e 13       		.uleb128 0x13
 1114 010f 02       		.uleb128 0x2
 1115 0110 0A       		.uleb128 0xa
 1116 0111 00       		.byte	0
 1117 0112 00       		.byte	0
 1118 0113 14       		.uleb128 0x14
 1119 0114 0B       		.uleb128 0xb
 1120 0115 01       		.byte	0x1
 1121 0116 11       		.uleb128 0x11
 1122 0117 01       		.uleb128 0x1
 1123 0118 12       		.uleb128 0x12
 1124 0119 01       		.uleb128 0x1
 1125 011a 00       		.byte	0
 1126 011b 00       		.byte	0
 1127 011c 00       		.byte	0
 1128              		.section	.debug_loc,"",%progbits
 1129              	.Ldebug_loc0:
 1130              	.LLST0:
 1131 0000 00000000 		.4byte	.LFB0
 1132 0004 02000000 		.4byte	.LCFI0
 1133 0008 0200     		.2byte	0x2
 1134 000a 7D       		.byte	0x7d
 1135 000b 00       		.sleb128 0
 1136 000c 02000000 		.4byte	.LCFI0
 1137 0010 04000000 		.4byte	.LCFI1
 1138 0014 0200     		.2byte	0x2
 1139 0016 7D       		.byte	0x7d
 1140 0017 04       		.sleb128 4
 1141 0018 04000000 		.4byte	.LCFI1
 1142 001c 06000000 		.4byte	.LCFI2
 1143 0020 0200     		.2byte	0x2
ARM GAS  C:\Users\gravi\AppData\Local\Temp\cc3YSVWY.s 			page 24


 1144 0022 7D       		.byte	0x7d
 1145 0023 18       		.sleb128 24
 1146 0024 06000000 		.4byte	.LCFI2
 1147 0028 64000000 		.4byte	.LFE0
 1148 002c 0200     		.2byte	0x2
 1149 002e 77       		.byte	0x77
 1150 002f 18       		.sleb128 24
 1151 0030 00000000 		.4byte	0
 1152 0034 00000000 		.4byte	0
 1153              	.LLST1:
 1154 0038 00000000 		.4byte	.LFB1
 1155 003c 02000000 		.4byte	.LCFI3
 1156 0040 0200     		.2byte	0x2
 1157 0042 7D       		.byte	0x7d
 1158 0043 00       		.sleb128 0
 1159 0044 02000000 		.4byte	.LCFI3
 1160 0048 04000000 		.4byte	.LCFI4
 1161 004c 0200     		.2byte	0x2
 1162 004e 7D       		.byte	0x7d
 1163 004f 04       		.sleb128 4
 1164 0050 04000000 		.4byte	.LCFI4
 1165 0054 06000000 		.4byte	.LCFI5
 1166 0058 0200     		.2byte	0x2
 1167 005a 7D       		.byte	0x7d
 1168 005b 10       		.sleb128 16
 1169 005c 06000000 		.4byte	.LCFI5
 1170 0060 32000000 		.4byte	.LFE1
 1171 0064 0200     		.2byte	0x2
 1172 0066 77       		.byte	0x77
 1173 0067 10       		.sleb128 16
 1174 0068 00000000 		.4byte	0
 1175 006c 00000000 		.4byte	0
 1176              	.LLST2:
 1177 0070 00000000 		.4byte	.LFB2
 1178 0074 02000000 		.4byte	.LCFI6
 1179 0078 0200     		.2byte	0x2
 1180 007a 7D       		.byte	0x7d
 1181 007b 00       		.sleb128 0
 1182 007c 02000000 		.4byte	.LCFI6
 1183 0080 04000000 		.4byte	.LCFI7
 1184 0084 0200     		.2byte	0x2
 1185 0086 7D       		.byte	0x7d
 1186 0087 08       		.sleb128 8
 1187 0088 04000000 		.4byte	.LCFI7
 1188 008c 06000000 		.4byte	.LCFI8
 1189 0090 0200     		.2byte	0x2
 1190 0092 7D       		.byte	0x7d
 1191 0093 18       		.sleb128 24
 1192 0094 06000000 		.4byte	.LCFI8
 1193 0098 AA010000 		.4byte	.LFE2
 1194 009c 0200     		.2byte	0x2
 1195 009e 77       		.byte	0x77
 1196 009f 18       		.sleb128 24
 1197 00a0 00000000 		.4byte	0
 1198 00a4 00000000 		.4byte	0
 1199              		.section	.debug_aranges,"",%progbits
 1200 0000 2C000000 		.4byte	0x2c
ARM GAS  C:\Users\gravi\AppData\Local\Temp\cc3YSVWY.s 			page 25


 1201 0004 0200     		.2byte	0x2
 1202 0006 00000000 		.4byte	.Ldebug_info0
 1203 000a 04       		.byte	0x4
 1204 000b 00       		.byte	0
 1205 000c 0000     		.2byte	0
 1206 000e 0000     		.2byte	0
 1207 0010 00000000 		.4byte	.LFB0
 1208 0014 64000000 		.4byte	.LFE0-.LFB0
 1209 0018 00000000 		.4byte	.LFB1
 1210 001c 32000000 		.4byte	.LFE1-.LFB1
 1211 0020 00000000 		.4byte	.LFB2
 1212 0024 AA010000 		.4byte	.LFE2-.LFB2
 1213 0028 00000000 		.4byte	0
 1214 002c 00000000 		.4byte	0
 1215              		.section	.debug_ranges,"",%progbits
 1216              	.Ldebug_ranges0:
 1217 0000 00000000 		.4byte	.LFB0
 1218 0004 64000000 		.4byte	.LFE0
 1219 0008 00000000 		.4byte	.LFB1
 1220 000c 32000000 		.4byte	.LFE1
 1221 0010 00000000 		.4byte	.LFB2
 1222 0014 AA010000 		.4byte	.LFE2
 1223 0018 00000000 		.4byte	0
 1224 001c 00000000 		.4byte	0
 1225              		.section	.debug_line,"",%progbits
 1226              	.Ldebug_line0:
 1227 0000 D6000000 		.section	.debug_str,"MS",%progbits,1
 1227      02005600 
 1227      00000201 
 1227      FB0E0D00 
 1227      01010101 
 1228              	.LASF16:
 1229 0000 74727565 		.ascii	"true\000"
 1229      00
 1230              	.LASF19:
 1231 0005 5041434B 		.ascii	"PACKET_VALIDATOR\000"
 1231      45545F56 
 1231      414C4944 
 1231      41544F52 
 1231      00
 1232              	.LASF38:
 1233 0016 5061636B 		.ascii	"PacketBuffer_Reset\000"
 1233      65744275 
 1233      66666572 
 1233      5F526573 
 1233      657400
 1234              	.LASF17:
 1235 0029 424F4F4C 		.ascii	"BOOL\000"
 1235      00
 1236              	.LASF26:
 1237 002e 62756666 		.ascii	"buffer\000"
 1237      657200
 1238              	.LASF44:
 1239 0035 443A5C5F 		.ascii	"D:\\_GITHUB repos\\Squit-HW0.0\\Squit-Proto.cydsn\000"
 1239      47495448 
 1239      55422072 
 1239      65706F73 
ARM GAS  C:\Users\gravi\AppData\Local\Temp\cc3YSVWY.s 			page 26


 1239      5C537175 
 1240              	.LASF12:
 1241 0064 574F5244 		.ascii	"WORD\000"
 1241      00
 1242              	.LASF24:
 1243 0069 5041434B 		.ascii	"PACKET_OK\000"
 1243      45545F4F 
 1243      4B00
 1244              	.LASF28:
 1245 0073 686C656E 		.ascii	"hlen\000"
 1245      00
 1246              	.LASF37:
 1247 0078 5061636B 		.ascii	"PacketBuffer_Init\000"
 1247      65744275 
 1247      66666572 
 1247      5F496E69 
 1247      7400
 1248              	.LASF11:
 1249 008a 42595445 		.ascii	"BYTE\000"
 1249      00
 1250              	.LASF30:
 1251 008f 73746174 		.ascii	"status\000"
 1251      757300
 1252              	.LASF23:
 1253 0096 5041434B 		.ascii	"PACKET_BUILDING\000"
 1253      45545F42 
 1253      55494C44 
 1253      494E4700 
 1254              	.LASF40:
 1255 00a6 6E65775F 		.ascii	"new_sop_idx\000"
 1255      736F705F 
 1255      69647800 
 1256              	.LASF13:
 1257 00b2 666C6F61 		.ascii	"float\000"
 1257      7400
 1258              	.LASF1:
 1259 00b8 756E7369 		.ascii	"unsigned char\000"
 1259      676E6564 
 1259      20636861 
 1259      7200
 1260              	.LASF31:
 1261 00c6 696E7661 		.ascii	"invalid_packets\000"
 1261      6C69645F 
 1261      7061636B 
 1261      65747300 
 1262              	.LASF9:
 1263 00d6 6C6F6E67 		.ascii	"long unsigned int\000"
 1263      20756E73 
 1263      69676E65 
 1263      6420696E 
 1263      7400
 1264              	.LASF3:
 1265 00e8 73686F72 		.ascii	"short unsigned int\000"
 1265      7420756E 
 1265      7369676E 
 1265      65642069 
 1265      6E7400
ARM GAS  C:\Users\gravi\AppData\Local\Temp\cc3YSVWY.s 			page 27


 1266              	.LASF21:
 1267 00fb 5041434B 		.ascii	"PACKET_WAITING\000"
 1267      45545F57 
 1267      41495449 
 1267      4E4700
 1268              	.LASF14:
 1269 010a 646F7562 		.ascii	"double\000"
 1269      6C6500
 1270              	.LASF29:
 1271 0111 6D61785F 		.ascii	"max_len\000"
 1271      6C656E00 
 1272              	.LASF36:
 1273 0119 68656164 		.ascii	"header_len\000"
 1273      65725F6C 
 1273      656E00
 1274              	.LASF4:
 1275 0124 756E7369 		.ascii	"unsigned int\000"
 1275      676E6564 
 1275      20696E74 
 1275      00
 1276              	.LASF34:
 1277 0131 5041434B 		.ascii	"PACKET_BUFFER\000"
 1277      45545F42 
 1277      55464645 
 1277      5200
 1278              	.LASF6:
 1279 013f 6C6F6E67 		.ascii	"long long unsigned int\000"
 1279      206C6F6E 
 1279      6720756E 
 1279      7369676E 
 1279      65642069 
 1280              	.LASF39:
 1281 0156 5061636B 		.ascii	"PacketBuffer_BuildPacket\000"
 1281      65744275 
 1281      66666572 
 1281      5F427569 
 1281      6C645061 
 1282              	.LASF35:
 1283 016f 62756666 		.ascii	"buffer_ptr\000"
 1283      65725F70 
 1283      747200
 1284              	.LASF8:
 1285 017a 73697A65 		.ascii	"sizetype\000"
 1285      74797065 
 1285      00
 1286              	.LASF5:
 1287 0183 6C6F6E67 		.ascii	"long long int\000"
 1287      206C6F6E 
 1287      6720696E 
 1287      7400
 1288              	.LASF32:
 1289 0191 68656164 		.ascii	"header_validator\000"
 1289      65725F76 
 1289      616C6964 
 1289      61746F72 
 1289      00
 1290              	.LASF43:
ARM GAS  C:\Users\gravi\AppData\Local\Temp\cc3YSVWY.s 			page 28


 1291 01a2 2E5C4D45 		.ascii	".\\ME_lib_packetizer.c\000"
 1291      5F6C6962 
 1291      5F706163 
 1291      6B657469 
 1291      7A65722E 
 1292              	.LASF15:
 1293 01b8 66616C73 		.ascii	"false\000"
 1293      6500
 1294              	.LASF41:
 1295 01be 69735F76 		.ascii	"is_valid\000"
 1295      616C6964 
 1295      00
 1296              	.LASF2:
 1297 01c7 73686F72 		.ascii	"short int\000"
 1297      7420696E 
 1297      7400
 1298              	.LASF25:
 1299 01d1 5041434B 		.ascii	"PACKET_ERROR\000"
 1299      45545F45 
 1299      52524F52 
 1299      00
 1300              	.LASF42:
 1301 01de 474E5520 		.ascii	"GNU C 4.7.3 20130312 (release) [ARM/embedded-4_7-br"
 1301      4320342E 
 1301      372E3320 
 1301      32303133 
 1301      30333132 
 1302 0211 616E6368 		.ascii	"anch revision 196615]\000"
 1302      20726576 
 1302      6973696F 
 1302      6E203139 
 1302      36363135 
 1303              	.LASF18:
 1304 0227 48454144 		.ascii	"HEADER_VALIDATOR\000"
 1304      45525F56 
 1304      414C4944 
 1304      41544F52 
 1304      00
 1305              	.LASF22:
 1306 0238 5041434B 		.ascii	"PACKET_RESYNCING\000"
 1306      45545F52 
 1306      4553594E 
 1306      43494E47 
 1306      00
 1307              	.LASF7:
 1308 0249 6C6F6E67 		.ascii	"long int\000"
 1308      20696E74 
 1308      00
 1309              	.LASF10:
 1310 0252 63686172 		.ascii	"char\000"
 1310      00
 1311              	.LASF33:
 1312 0257 7061636B 		.ascii	"packet_validator\000"
 1312      65745F76 
 1312      616C6964 
 1312      61746F72 
 1312      00
ARM GAS  C:\Users\gravi\AppData\Local\Temp\cc3YSVWY.s 			page 29


 1313              	.LASF0:
 1314 0268 7369676E 		.ascii	"signed char\000"
 1314      65642063 
 1314      68617200 
 1315              	.LASF27:
 1316 0274 736F705F 		.ascii	"sop_idx\000"
 1316      69647800 
 1317              	.LASF20:
 1318 027c 5041434B 		.ascii	"PACKET_STATUS\000"
 1318      45545F53 
 1318      54415455 
 1318      5300
 1319              		.ident	"GCC: (GNU Tools for ARM Embedded Processors) 4.7.3 20130312 (release) [ARM/embedded-4_7-br
