ARM GAS  C:\Users\GRAZIA~1.RAV\AppData\Local\Temp\ccSxCK92.s 			page 1


   1              		.syntax unified
   2              		.cpu cortex-m3
   3              		.fpu softvfp
   4              		.eabi_attribute 20, 1
   5              		.eabi_attribute 21, 1
   6              		.eabi_attribute 23, 3
   7              		.eabi_attribute 24, 1
   8              		.eabi_attribute 25, 1
   9              		.eabi_attribute 26, 1
  10              		.eabi_attribute 30, 6
  11              		.eabi_attribute 34, 1
  12              		.eabi_attribute 18, 4
  13              		.thumb
  14              		.file	"PGA_ASTIM_PM.c"
  15              		.text
  16              	.Ltext0:
  17              		.cfi_sections	.debug_frame
  18              		.bss
  19              		.align	2
  20              	PGA_ASTIM_backup:
  21 0000 00000000 		.space	4
  22              		.section	.text.PGA_ASTIM_SaveConfig,"ax",%progbits
  23              		.align	2
  24              		.global	PGA_ASTIM_SaveConfig
  25              		.thumb
  26              		.thumb_func
  27              		.type	PGA_ASTIM_SaveConfig, %function
  28              	PGA_ASTIM_SaveConfig:
  29              	.LFB0:
  30              		.file 1 ".\\Generated_Source\\PSoC5\\PGA_ASTIM_PM.c"
   1:.\Generated_Source\PSoC5/PGA_ASTIM_PM.c **** /*******************************************************************************
   2:.\Generated_Source\PSoC5/PGA_ASTIM_PM.c **** * File Name: PGA_ASTIM_PM.c  
   3:.\Generated_Source\PSoC5/PGA_ASTIM_PM.c **** * Version 2.0
   4:.\Generated_Source\PSoC5/PGA_ASTIM_PM.c **** *
   5:.\Generated_Source\PSoC5/PGA_ASTIM_PM.c **** * Description:
   6:.\Generated_Source\PSoC5/PGA_ASTIM_PM.c **** *  This file provides the power manager source code to the API for PGA 
   7:.\Generated_Source\PSoC5/PGA_ASTIM_PM.c **** *  Component.
   8:.\Generated_Source\PSoC5/PGA_ASTIM_PM.c **** *
   9:.\Generated_Source\PSoC5/PGA_ASTIM_PM.c **** * Note:
  10:.\Generated_Source\PSoC5/PGA_ASTIM_PM.c **** *
  11:.\Generated_Source\PSoC5/PGA_ASTIM_PM.c **** ********************************************************************************
  12:.\Generated_Source\PSoC5/PGA_ASTIM_PM.c **** * Copyright 2008-2012, Cypress Semiconductor Corporation.  All rights reserved.
  13:.\Generated_Source\PSoC5/PGA_ASTIM_PM.c **** * You may use this file only in accordance with the license, terms, conditions, 
  14:.\Generated_Source\PSoC5/PGA_ASTIM_PM.c **** * disclaimers, and limitations in the end user license agreement accompanying 
  15:.\Generated_Source\PSoC5/PGA_ASTIM_PM.c **** * the software package with which this file was provided.
  16:.\Generated_Source\PSoC5/PGA_ASTIM_PM.c **** *******************************************************************************/
  17:.\Generated_Source\PSoC5/PGA_ASTIM_PM.c **** 
  18:.\Generated_Source\PSoC5/PGA_ASTIM_PM.c **** #include "PGA_ASTIM.h"
  19:.\Generated_Source\PSoC5/PGA_ASTIM_PM.c **** 
  20:.\Generated_Source\PSoC5/PGA_ASTIM_PM.c **** static PGA_ASTIM_BACKUP_STRUCT  PGA_ASTIM_backup;
  21:.\Generated_Source\PSoC5/PGA_ASTIM_PM.c **** 
  22:.\Generated_Source\PSoC5/PGA_ASTIM_PM.c **** 
  23:.\Generated_Source\PSoC5/PGA_ASTIM_PM.c **** /*******************************************************************************
  24:.\Generated_Source\PSoC5/PGA_ASTIM_PM.c **** * Function Name: PGA_ASTIM_SaveConfig
  25:.\Generated_Source\PSoC5/PGA_ASTIM_PM.c **** ********************************************************************************
  26:.\Generated_Source\PSoC5/PGA_ASTIM_PM.c **** *
  27:.\Generated_Source\PSoC5/PGA_ASTIM_PM.c **** * Summary:
ARM GAS  C:\Users\GRAZIA~1.RAV\AppData\Local\Temp\ccSxCK92.s 			page 2


  28:.\Generated_Source\PSoC5/PGA_ASTIM_PM.c **** *  Save the current user register configuration.
  29:.\Generated_Source\PSoC5/PGA_ASTIM_PM.c **** *
  30:.\Generated_Source\PSoC5/PGA_ASTIM_PM.c **** * Parameters:
  31:.\Generated_Source\PSoC5/PGA_ASTIM_PM.c **** *  void
  32:.\Generated_Source\PSoC5/PGA_ASTIM_PM.c **** *
  33:.\Generated_Source\PSoC5/PGA_ASTIM_PM.c **** * Return:
  34:.\Generated_Source\PSoC5/PGA_ASTIM_PM.c **** *  void
  35:.\Generated_Source\PSoC5/PGA_ASTIM_PM.c **** *
  36:.\Generated_Source\PSoC5/PGA_ASTIM_PM.c **** *******************************************************************************/
  37:.\Generated_Source\PSoC5/PGA_ASTIM_PM.c **** void PGA_ASTIM_SaveConfig(void) 
  38:.\Generated_Source\PSoC5/PGA_ASTIM_PM.c **** {
  31              		.loc 1 38 0
  32              		.cfi_startproc
  33              		@ args = 0, pretend = 0, frame = 0
  34              		@ frame_needed = 1, uses_anonymous_args = 0
  35              		@ link register save eliminated.
  36 0000 80B4     		push	{r7}
  37              	.LCFI0:
  38              		.cfi_def_cfa_offset 4
  39              		.cfi_offset 7, -4
  40 0002 00AF     		add	r7, sp, #0
  41              	.LCFI1:
  42              		.cfi_def_cfa_register 7
  39:.\Generated_Source\PSoC5/PGA_ASTIM_PM.c ****     /* Nothing to save as registers are System reset on retention flops */
  40:.\Generated_Source\PSoC5/PGA_ASTIM_PM.c **** }
  43              		.loc 1 40 0
  44 0004 BD46     		mov	sp, r7
  45 0006 80BC     		pop	{r7}
  46 0008 7047     		bx	lr
  47              		.cfi_endproc
  48              	.LFE0:
  49              		.size	PGA_ASTIM_SaveConfig, .-PGA_ASTIM_SaveConfig
  50 000a 00BF     		.section	.text.PGA_ASTIM_RestoreConfig,"ax",%progbits
  51              		.align	2
  52              		.global	PGA_ASTIM_RestoreConfig
  53              		.thumb
  54              		.thumb_func
  55              		.type	PGA_ASTIM_RestoreConfig, %function
  56              	PGA_ASTIM_RestoreConfig:
  57              	.LFB1:
  41:.\Generated_Source\PSoC5/PGA_ASTIM_PM.c **** 
  42:.\Generated_Source\PSoC5/PGA_ASTIM_PM.c **** 
  43:.\Generated_Source\PSoC5/PGA_ASTIM_PM.c **** /*******************************************************************************  
  44:.\Generated_Source\PSoC5/PGA_ASTIM_PM.c **** * Function Name: PGA_ASTIM_RestoreConfig
  45:.\Generated_Source\PSoC5/PGA_ASTIM_PM.c **** ********************************************************************************
  46:.\Generated_Source\PSoC5/PGA_ASTIM_PM.c **** *
  47:.\Generated_Source\PSoC5/PGA_ASTIM_PM.c **** * Summary:
  48:.\Generated_Source\PSoC5/PGA_ASTIM_PM.c **** *  Restore the register configurations.
  49:.\Generated_Source\PSoC5/PGA_ASTIM_PM.c **** *
  50:.\Generated_Source\PSoC5/PGA_ASTIM_PM.c **** * Parameters:
  51:.\Generated_Source\PSoC5/PGA_ASTIM_PM.c **** *  void
  52:.\Generated_Source\PSoC5/PGA_ASTIM_PM.c **** *
  53:.\Generated_Source\PSoC5/PGA_ASTIM_PM.c **** * Return:
  54:.\Generated_Source\PSoC5/PGA_ASTIM_PM.c **** *  void
  55:.\Generated_Source\PSoC5/PGA_ASTIM_PM.c **** *
  56:.\Generated_Source\PSoC5/PGA_ASTIM_PM.c **** *******************************************************************************/
  57:.\Generated_Source\PSoC5/PGA_ASTIM_PM.c **** void PGA_ASTIM_RestoreConfig(void) 
ARM GAS  C:\Users\GRAZIA~1.RAV\AppData\Local\Temp\ccSxCK92.s 			page 3


  58:.\Generated_Source\PSoC5/PGA_ASTIM_PM.c **** {
  58              		.loc 1 58 0
  59              		.cfi_startproc
  60              		@ args = 0, pretend = 0, frame = 0
  61              		@ frame_needed = 1, uses_anonymous_args = 0
  62              		@ link register save eliminated.
  63 0000 80B4     		push	{r7}
  64              	.LCFI2:
  65              		.cfi_def_cfa_offset 4
  66              		.cfi_offset 7, -4
  67 0002 00AF     		add	r7, sp, #0
  68              	.LCFI3:
  69              		.cfi_def_cfa_register 7
  59:.\Generated_Source\PSoC5/PGA_ASTIM_PM.c ****     /* Nothing to restore */
  60:.\Generated_Source\PSoC5/PGA_ASTIM_PM.c **** }
  70              		.loc 1 60 0
  71 0004 BD46     		mov	sp, r7
  72 0006 80BC     		pop	{r7}
  73 0008 7047     		bx	lr
  74              		.cfi_endproc
  75              	.LFE1:
  76              		.size	PGA_ASTIM_RestoreConfig, .-PGA_ASTIM_RestoreConfig
  77 000a 00BF     		.section	.text.PGA_ASTIM_Sleep,"ax",%progbits
  78              		.align	2
  79              		.global	PGA_ASTIM_Sleep
  80              		.thumb
  81              		.thumb_func
  82              		.type	PGA_ASTIM_Sleep, %function
  83              	PGA_ASTIM_Sleep:
  84              	.LFB2:
  61:.\Generated_Source\PSoC5/PGA_ASTIM_PM.c **** 
  62:.\Generated_Source\PSoC5/PGA_ASTIM_PM.c **** 
  63:.\Generated_Source\PSoC5/PGA_ASTIM_PM.c **** /*******************************************************************************   
  64:.\Generated_Source\PSoC5/PGA_ASTIM_PM.c **** * Function Name: PGA_ASTIM_Sleep
  65:.\Generated_Source\PSoC5/PGA_ASTIM_PM.c **** ********************************************************************************
  66:.\Generated_Source\PSoC5/PGA_ASTIM_PM.c **** *
  67:.\Generated_Source\PSoC5/PGA_ASTIM_PM.c **** * Summary:
  68:.\Generated_Source\PSoC5/PGA_ASTIM_PM.c **** *  Disables block's operation and saves its configuration. Should be called 
  69:.\Generated_Source\PSoC5/PGA_ASTIM_PM.c **** *  just prior to entering sleep.
  70:.\Generated_Source\PSoC5/PGA_ASTIM_PM.c **** *
  71:.\Generated_Source\PSoC5/PGA_ASTIM_PM.c **** * Parameters:
  72:.\Generated_Source\PSoC5/PGA_ASTIM_PM.c **** *  None
  73:.\Generated_Source\PSoC5/PGA_ASTIM_PM.c **** *
  74:.\Generated_Source\PSoC5/PGA_ASTIM_PM.c **** * Return:
  75:.\Generated_Source\PSoC5/PGA_ASTIM_PM.c **** *  None
  76:.\Generated_Source\PSoC5/PGA_ASTIM_PM.c **** *
  77:.\Generated_Source\PSoC5/PGA_ASTIM_PM.c **** * Global variables:
  78:.\Generated_Source\PSoC5/PGA_ASTIM_PM.c **** *  PGA_ASTIM_backup: The structure field 'enableState' is modified 
  79:.\Generated_Source\PSoC5/PGA_ASTIM_PM.c **** *  depending on the enable state of the block before entering to sleep mode.
  80:.\Generated_Source\PSoC5/PGA_ASTIM_PM.c **** *
  81:.\Generated_Source\PSoC5/PGA_ASTIM_PM.c **** *******************************************************************************/
  82:.\Generated_Source\PSoC5/PGA_ASTIM_PM.c **** void PGA_ASTIM_Sleep(void) 
  83:.\Generated_Source\PSoC5/PGA_ASTIM_PM.c **** {
  85              		.loc 1 83 0
  86              		.cfi_startproc
  87              		@ args = 0, pretend = 0, frame = 0
  88              		@ frame_needed = 1, uses_anonymous_args = 0
ARM GAS  C:\Users\GRAZIA~1.RAV\AppData\Local\Temp\ccSxCK92.s 			page 4


  89 0000 80B5     		push	{r7, lr}
  90              	.LCFI4:
  91              		.cfi_def_cfa_offset 8
  92              		.cfi_offset 7, -8
  93              		.cfi_offset 14, -4
  94 0002 00AF     		add	r7, sp, #0
  95              	.LCFI5:
  96              		.cfi_def_cfa_register 7
  84:.\Generated_Source\PSoC5/PGA_ASTIM_PM.c ****     /* Save PGA enable state */
  85:.\Generated_Source\PSoC5/PGA_ASTIM_PM.c ****     if((PGA_ASTIM_PM_ACT_CFG_REG & PGA_ASTIM_ACT_PWR_EN) != 0u)
  97              		.loc 1 85 0
  98 0004 44F2A933 		movw	r3, #17321
  99 0008 C4F20003 		movt	r3, 16384
 100 000c 1B78     		ldrb	r3, [r3, #0]
 101 000e DBB2     		uxtb	r3, r3
 102 0010 03F00403 		and	r3, r3, #4
 103 0014 002B     		cmp	r3, #0
 104 0016 09D0     		beq	.L4
  86:.\Generated_Source\PSoC5/PGA_ASTIM_PM.c ****     {
  87:.\Generated_Source\PSoC5/PGA_ASTIM_PM.c ****         /* Component is enabled */
  88:.\Generated_Source\PSoC5/PGA_ASTIM_PM.c ****         PGA_ASTIM_backup.enableState = 1u;
 105              		.loc 1 88 0
 106 0018 40F20003 		movw	r3, #:lower16:PGA_ASTIM_backup
 107 001c C0F20003 		movt	r3, #:upper16:PGA_ASTIM_backup
 108 0020 4FF00102 		mov	r2, #1
 109 0024 1A70     		strb	r2, [r3, #0]
  89:.\Generated_Source\PSoC5/PGA_ASTIM_PM.c ****         /* Stop the configuration */
  90:.\Generated_Source\PSoC5/PGA_ASTIM_PM.c ****         PGA_ASTIM_Stop();
 110              		.loc 1 90 0
 111 0026 FFF7FEFF 		bl	PGA_ASTIM_Stop
 112 002a 06E0     		b	.L5
 113              	.L4:
  91:.\Generated_Source\PSoC5/PGA_ASTIM_PM.c ****     }
  92:.\Generated_Source\PSoC5/PGA_ASTIM_PM.c ****     else
  93:.\Generated_Source\PSoC5/PGA_ASTIM_PM.c ****     {
  94:.\Generated_Source\PSoC5/PGA_ASTIM_PM.c ****         /* Component is disabled */
  95:.\Generated_Source\PSoC5/PGA_ASTIM_PM.c ****         PGA_ASTIM_backup.enableState = 0u;
 114              		.loc 1 95 0
 115 002c 40F20003 		movw	r3, #:lower16:PGA_ASTIM_backup
 116 0030 C0F20003 		movt	r3, #:upper16:PGA_ASTIM_backup
 117 0034 4FF00002 		mov	r2, #0
 118 0038 1A70     		strb	r2, [r3, #0]
 119              	.L5:
  96:.\Generated_Source\PSoC5/PGA_ASTIM_PM.c ****     }
  97:.\Generated_Source\PSoC5/PGA_ASTIM_PM.c ****     /* Save the configuration */
  98:.\Generated_Source\PSoC5/PGA_ASTIM_PM.c ****     PGA_ASTIM_SaveConfig();
 120              		.loc 1 98 0
 121 003a FFF7FEFF 		bl	PGA_ASTIM_SaveConfig
  99:.\Generated_Source\PSoC5/PGA_ASTIM_PM.c **** }
 122              		.loc 1 99 0
 123 003e 80BD     		pop	{r7, pc}
 124              		.cfi_endproc
 125              	.LFE2:
 126              		.size	PGA_ASTIM_Sleep, .-PGA_ASTIM_Sleep
 127              		.section	.text.PGA_ASTIM_Wakeup,"ax",%progbits
 128              		.align	2
 129              		.global	PGA_ASTIM_Wakeup
ARM GAS  C:\Users\GRAZIA~1.RAV\AppData\Local\Temp\ccSxCK92.s 			page 5


 130              		.thumb
 131              		.thumb_func
 132              		.type	PGA_ASTIM_Wakeup, %function
 133              	PGA_ASTIM_Wakeup:
 134              	.LFB3:
 100:.\Generated_Source\PSoC5/PGA_ASTIM_PM.c **** 
 101:.\Generated_Source\PSoC5/PGA_ASTIM_PM.c **** 
 102:.\Generated_Source\PSoC5/PGA_ASTIM_PM.c **** /*******************************************************************************
 103:.\Generated_Source\PSoC5/PGA_ASTIM_PM.c **** * Function Name: PGA_ASTIM_Wakeup
 104:.\Generated_Source\PSoC5/PGA_ASTIM_PM.c **** ********************************************************************************
 105:.\Generated_Source\PSoC5/PGA_ASTIM_PM.c **** *
 106:.\Generated_Source\PSoC5/PGA_ASTIM_PM.c **** * Summary:
 107:.\Generated_Source\PSoC5/PGA_ASTIM_PM.c **** *  Enables block's operation and restores its configuration. Should be called
 108:.\Generated_Source\PSoC5/PGA_ASTIM_PM.c **** *  just after awaking from sleep.
 109:.\Generated_Source\PSoC5/PGA_ASTIM_PM.c **** *
 110:.\Generated_Source\PSoC5/PGA_ASTIM_PM.c **** * Parameters:
 111:.\Generated_Source\PSoC5/PGA_ASTIM_PM.c **** *  None
 112:.\Generated_Source\PSoC5/PGA_ASTIM_PM.c **** *
 113:.\Generated_Source\PSoC5/PGA_ASTIM_PM.c **** * Return:
 114:.\Generated_Source\PSoC5/PGA_ASTIM_PM.c **** *  void
 115:.\Generated_Source\PSoC5/PGA_ASTIM_PM.c **** *
 116:.\Generated_Source\PSoC5/PGA_ASTIM_PM.c **** * Global variables:
 117:.\Generated_Source\PSoC5/PGA_ASTIM_PM.c **** *  PGA_ASTIM_backup: The structure field 'enableState' is used to 
 118:.\Generated_Source\PSoC5/PGA_ASTIM_PM.c **** *  restore the enable state of block after wakeup from sleep mode.
 119:.\Generated_Source\PSoC5/PGA_ASTIM_PM.c **** * 
 120:.\Generated_Source\PSoC5/PGA_ASTIM_PM.c **** *******************************************************************************/
 121:.\Generated_Source\PSoC5/PGA_ASTIM_PM.c **** void PGA_ASTIM_Wakeup(void) 
 122:.\Generated_Source\PSoC5/PGA_ASTIM_PM.c **** {
 135              		.loc 1 122 0
 136              		.cfi_startproc
 137              		@ args = 0, pretend = 0, frame = 0
 138              		@ frame_needed = 1, uses_anonymous_args = 0
 139 0000 80B5     		push	{r7, lr}
 140              	.LCFI6:
 141              		.cfi_def_cfa_offset 8
 142              		.cfi_offset 7, -8
 143              		.cfi_offset 14, -4
 144 0002 00AF     		add	r7, sp, #0
 145              	.LCFI7:
 146              		.cfi_def_cfa_register 7
 123:.\Generated_Source\PSoC5/PGA_ASTIM_PM.c ****     /* Restore the configurations */
 124:.\Generated_Source\PSoC5/PGA_ASTIM_PM.c ****     PGA_ASTIM_RestoreConfig();
 147              		.loc 1 124 0
 148 0004 FFF7FEFF 		bl	PGA_ASTIM_RestoreConfig
 125:.\Generated_Source\PSoC5/PGA_ASTIM_PM.c ****      /* Enables the component operation */
 126:.\Generated_Source\PSoC5/PGA_ASTIM_PM.c ****     if(PGA_ASTIM_backup.enableState == 1u)
 149              		.loc 1 126 0
 150 0008 40F20003 		movw	r3, #:lower16:PGA_ASTIM_backup
 151 000c C0F20003 		movt	r3, #:upper16:PGA_ASTIM_backup
 152 0010 1B78     		ldrb	r3, [r3, #0]	@ zero_extendqisi2
 153 0012 012B     		cmp	r3, #1
 154 0014 01D1     		bne	.L6
 127:.\Generated_Source\PSoC5/PGA_ASTIM_PM.c ****     {
 128:.\Generated_Source\PSoC5/PGA_ASTIM_PM.c ****         PGA_ASTIM_Enable();
 155              		.loc 1 128 0
 156 0016 FFF7FEFF 		bl	PGA_ASTIM_Enable
 157              	.L6:
ARM GAS  C:\Users\GRAZIA~1.RAV\AppData\Local\Temp\ccSxCK92.s 			page 6


 129:.\Generated_Source\PSoC5/PGA_ASTIM_PM.c ****     } /* Do nothing if component was disable before */
 130:.\Generated_Source\PSoC5/PGA_ASTIM_PM.c **** }
 158              		.loc 1 130 0
 159 001a 80BD     		pop	{r7, pc}
 160              		.cfi_endproc
 161              	.LFE3:
 162              		.size	PGA_ASTIM_Wakeup, .-PGA_ASTIM_Wakeup
 163              		.text
 164              	.Letext0:
 165              		.file 2 ".\\Generated_Source\\PSoC5\\cytypes.h"
 166              		.file 3 ".\\Generated_Source\\PSoC5\\PGA_ASTIM.h"
 167              		.section	.debug_info,"",%progbits
 168              	.Ldebug_info0:
 169 0000 58010000 		.4byte	0x158
 170 0004 0200     		.2byte	0x2
 171 0006 00000000 		.4byte	.Ldebug_abbrev0
 172 000a 04       		.byte	0x4
 173 000b 01       		.uleb128 0x1
 174 000c B8000000 		.4byte	.LASF24
 175 0010 01       		.byte	0x1
 176 0011 BB010000 		.4byte	.LASF25
 177 0015 27000000 		.4byte	.LASF26
 178 0019 00000000 		.4byte	.Ldebug_ranges0+0
 179 001d 00000000 		.4byte	0
 180 0021 00000000 		.4byte	0
 181 0025 00000000 		.4byte	.Ldebug_line0
 182 0029 02       		.uleb128 0x2
 183 002a 01       		.byte	0x1
 184 002b 06       		.byte	0x6
 185 002c F6010000 		.4byte	.LASF0
 186 0030 02       		.uleb128 0x2
 187 0031 01       		.byte	0x1
 188 0032 08       		.byte	0x8
 189 0033 75010000 		.4byte	.LASF1
 190 0037 02       		.uleb128 0x2
 191 0038 02       		.byte	0x2
 192 0039 05       		.byte	0x5
 193 003a 11020000 		.4byte	.LASF2
 194 003e 02       		.uleb128 0x2
 195 003f 02       		.byte	0x2
 196 0040 07       		.byte	0x7
 197 0041 E3010000 		.4byte	.LASF3
 198 0045 02       		.uleb128 0x2
 199 0046 04       		.byte	0x4
 200 0047 05       		.byte	0x5
 201 0048 88010000 		.4byte	.LASF4
 202 004c 02       		.uleb128 0x2
 203 004d 04       		.byte	0x4
 204 004e 07       		.byte	0x7
 205 004f A2010000 		.4byte	.LASF5
 206 0053 02       		.uleb128 0x2
 207 0054 08       		.byte	0x8
 208 0055 05       		.byte	0x5
 209 0056 00000000 		.4byte	.LASF6
 210 005a 02       		.uleb128 0x2
 211 005b 08       		.byte	0x8
 212 005c 07       		.byte	0x7
ARM GAS  C:\Users\GRAZIA~1.RAV\AppData\Local\Temp\ccSxCK92.s 			page 7


 213 005d 10010000 		.4byte	.LASF7
 214 0061 03       		.uleb128 0x3
 215 0062 04       		.byte	0x4
 216 0063 05       		.byte	0x5
 217 0064 696E7400 		.ascii	"int\000"
 218 0068 02       		.uleb128 0x2
 219 0069 04       		.byte	0x4
 220 006a 07       		.byte	0x7
 221 006b 1A000000 		.4byte	.LASF8
 222 006f 04       		.uleb128 0x4
 223 0070 01010000 		.4byte	.LASF12
 224 0074 02       		.byte	0x2
 225 0075 5B       		.byte	0x5b
 226 0076 30000000 		.4byte	0x30
 227 007a 02       		.uleb128 0x2
 228 007b 04       		.byte	0x4
 229 007c 04       		.byte	0x4
 230 007d 0B020000 		.4byte	.LASF9
 231 0081 02       		.uleb128 0x2
 232 0082 08       		.byte	0x8
 233 0083 04       		.byte	0x4
 234 0084 B4010000 		.4byte	.LASF10
 235 0088 02       		.uleb128 0x2
 236 0089 01       		.byte	0x1
 237 008a 08       		.byte	0x8
 238 008b 83010000 		.4byte	.LASF11
 239 008f 04       		.uleb128 0x4
 240 0090 1B020000 		.4byte	.LASF13
 241 0094 02       		.byte	0x2
 242 0095 F0       		.byte	0xf0
 243 0096 9A000000 		.4byte	0x9a
 244 009a 05       		.uleb128 0x5
 245 009b 6F000000 		.4byte	0x6f
 246 009f 02       		.uleb128 0x2
 247 00a0 04       		.byte	0x4
 248 00a1 07       		.byte	0x7
 249 00a2 20020000 		.4byte	.LASF14
 250 00a6 06       		.uleb128 0x6
 251 00a7 04       		.byte	0x4
 252 00a8 03       		.byte	0x3
 253 00a9 2D       		.byte	0x2d
 254 00aa E7000000 		.4byte	0xe7
 255 00ae 07       		.uleb128 0x7
 256 00af 0E000000 		.4byte	.LASF15
 257 00b3 03       		.byte	0x3
 258 00b4 2F       		.byte	0x2f
 259 00b5 6F000000 		.4byte	0x6f
 260 00b9 02       		.byte	0x2
 261 00ba 23       		.byte	0x23
 262 00bb 00       		.uleb128 0
 263 00bc 07       		.uleb128 0x7
 264 00bd 07010000 		.4byte	.LASF16
 265 00c1 03       		.byte	0x3
 266 00c2 30       		.byte	0x30
 267 00c3 6F000000 		.4byte	0x6f
 268 00c7 02       		.byte	0x2
 269 00c8 23       		.byte	0x23
ARM GAS  C:\Users\GRAZIA~1.RAV\AppData\Local\Temp\ccSxCK92.s 			page 8


 270 00c9 01       		.uleb128 0x1
 271 00ca 07       		.uleb128 0x7
 272 00cb 02020000 		.4byte	.LASF17
 273 00cf 03       		.byte	0x3
 274 00d0 31       		.byte	0x31
 275 00d1 6F000000 		.4byte	0x6f
 276 00d5 02       		.byte	0x2
 277 00d6 23       		.byte	0x23
 278 00d7 02       		.uleb128 0x2
 279 00d8 07       		.uleb128 0x7
 280 00d9 3C010000 		.4byte	.LASF18
 281 00dd 03       		.byte	0x3
 282 00de 32       		.byte	0x32
 283 00df 6F000000 		.4byte	0x6f
 284 00e3 02       		.byte	0x2
 285 00e4 23       		.byte	0x23
 286 00e5 03       		.uleb128 0x3
 287 00e6 00       		.byte	0
 288 00e7 04       		.uleb128 0x4
 289 00e8 5D010000 		.4byte	.LASF19
 290 00ec 03       		.byte	0x3
 291 00ed 33       		.byte	0x33
 292 00ee A6000000 		.4byte	0xa6
 293 00f2 08       		.uleb128 0x8
 294 00f3 01       		.byte	0x1
 295 00f4 27010000 		.4byte	.LASF20
 296 00f8 01       		.byte	0x1
 297 00f9 25       		.byte	0x25
 298 00fa 01       		.byte	0x1
 299 00fb 00000000 		.4byte	.LFB0
 300 00ff 0A000000 		.4byte	.LFE0
 301 0103 00000000 		.4byte	.LLST0
 302 0107 01       		.byte	0x1
 303 0108 08       		.uleb128 0x8
 304 0109 01       		.byte	0x1
 305 010a 45010000 		.4byte	.LASF21
 306 010e 01       		.byte	0x1
 307 010f 39       		.byte	0x39
 308 0110 01       		.byte	0x1
 309 0111 00000000 		.4byte	.LFB1
 310 0115 0A000000 		.4byte	.LFE1
 311 0119 2C000000 		.4byte	.LLST1
 312 011d 01       		.byte	0x1
 313 011e 09       		.uleb128 0x9
 314 011f 01       		.byte	0x1
 315 0120 97000000 		.4byte	.LASF22
 316 0124 01       		.byte	0x1
 317 0125 52       		.byte	0x52
 318 0126 01       		.byte	0x1
 319 0127 00000000 		.4byte	.LFB2
 320 012b 40000000 		.4byte	.LFE2
 321 012f 58000000 		.4byte	.LLST2
 322 0133 01       		.byte	0x1
 323 0134 09       		.uleb128 0x9
 324 0135 01       		.byte	0x1
 325 0136 91010000 		.4byte	.LASF23
 326 013a 01       		.byte	0x1
ARM GAS  C:\Users\GRAZIA~1.RAV\AppData\Local\Temp\ccSxCK92.s 			page 9


 327 013b 79       		.byte	0x79
 328 013c 01       		.byte	0x1
 329 013d 00000000 		.4byte	.LFB3
 330 0141 1C000000 		.4byte	.LFE3
 331 0145 84000000 		.4byte	.LLST3
 332 0149 01       		.byte	0x1
 333 014a 0A       		.uleb128 0xa
 334 014b A7000000 		.4byte	.LASF27
 335 014f 01       		.byte	0x1
 336 0150 14       		.byte	0x14
 337 0151 E7000000 		.4byte	0xe7
 338 0155 05       		.byte	0x5
 339 0156 03       		.byte	0x3
 340 0157 00000000 		.4byte	PGA_ASTIM_backup
 341 015b 00       		.byte	0
 342              		.section	.debug_abbrev,"",%progbits
 343              	.Ldebug_abbrev0:
 344 0000 01       		.uleb128 0x1
 345 0001 11       		.uleb128 0x11
 346 0002 01       		.byte	0x1
 347 0003 25       		.uleb128 0x25
 348 0004 0E       		.uleb128 0xe
 349 0005 13       		.uleb128 0x13
 350 0006 0B       		.uleb128 0xb
 351 0007 03       		.uleb128 0x3
 352 0008 0E       		.uleb128 0xe
 353 0009 1B       		.uleb128 0x1b
 354 000a 0E       		.uleb128 0xe
 355 000b 55       		.uleb128 0x55
 356 000c 06       		.uleb128 0x6
 357 000d 11       		.uleb128 0x11
 358 000e 01       		.uleb128 0x1
 359 000f 52       		.uleb128 0x52
 360 0010 01       		.uleb128 0x1
 361 0011 10       		.uleb128 0x10
 362 0012 06       		.uleb128 0x6
 363 0013 00       		.byte	0
 364 0014 00       		.byte	0
 365 0015 02       		.uleb128 0x2
 366 0016 24       		.uleb128 0x24
 367 0017 00       		.byte	0
 368 0018 0B       		.uleb128 0xb
 369 0019 0B       		.uleb128 0xb
 370 001a 3E       		.uleb128 0x3e
 371 001b 0B       		.uleb128 0xb
 372 001c 03       		.uleb128 0x3
 373 001d 0E       		.uleb128 0xe
 374 001e 00       		.byte	0
 375 001f 00       		.byte	0
 376 0020 03       		.uleb128 0x3
 377 0021 24       		.uleb128 0x24
 378 0022 00       		.byte	0
 379 0023 0B       		.uleb128 0xb
 380 0024 0B       		.uleb128 0xb
 381 0025 3E       		.uleb128 0x3e
 382 0026 0B       		.uleb128 0xb
 383 0027 03       		.uleb128 0x3
ARM GAS  C:\Users\GRAZIA~1.RAV\AppData\Local\Temp\ccSxCK92.s 			page 10


 384 0028 08       		.uleb128 0x8
 385 0029 00       		.byte	0
 386 002a 00       		.byte	0
 387 002b 04       		.uleb128 0x4
 388 002c 16       		.uleb128 0x16
 389 002d 00       		.byte	0
 390 002e 03       		.uleb128 0x3
 391 002f 0E       		.uleb128 0xe
 392 0030 3A       		.uleb128 0x3a
 393 0031 0B       		.uleb128 0xb
 394 0032 3B       		.uleb128 0x3b
 395 0033 0B       		.uleb128 0xb
 396 0034 49       		.uleb128 0x49
 397 0035 13       		.uleb128 0x13
 398 0036 00       		.byte	0
 399 0037 00       		.byte	0
 400 0038 05       		.uleb128 0x5
 401 0039 35       		.uleb128 0x35
 402 003a 00       		.byte	0
 403 003b 49       		.uleb128 0x49
 404 003c 13       		.uleb128 0x13
 405 003d 00       		.byte	0
 406 003e 00       		.byte	0
 407 003f 06       		.uleb128 0x6
 408 0040 13       		.uleb128 0x13
 409 0041 01       		.byte	0x1
 410 0042 0B       		.uleb128 0xb
 411 0043 0B       		.uleb128 0xb
 412 0044 3A       		.uleb128 0x3a
 413 0045 0B       		.uleb128 0xb
 414 0046 3B       		.uleb128 0x3b
 415 0047 0B       		.uleb128 0xb
 416 0048 01       		.uleb128 0x1
 417 0049 13       		.uleb128 0x13
 418 004a 00       		.byte	0
 419 004b 00       		.byte	0
 420 004c 07       		.uleb128 0x7
 421 004d 0D       		.uleb128 0xd
 422 004e 00       		.byte	0
 423 004f 03       		.uleb128 0x3
 424 0050 0E       		.uleb128 0xe
 425 0051 3A       		.uleb128 0x3a
 426 0052 0B       		.uleb128 0xb
 427 0053 3B       		.uleb128 0x3b
 428 0054 0B       		.uleb128 0xb
 429 0055 49       		.uleb128 0x49
 430 0056 13       		.uleb128 0x13
 431 0057 38       		.uleb128 0x38
 432 0058 0A       		.uleb128 0xa
 433 0059 00       		.byte	0
 434 005a 00       		.byte	0
 435 005b 08       		.uleb128 0x8
 436 005c 2E       		.uleb128 0x2e
 437 005d 00       		.byte	0
 438 005e 3F       		.uleb128 0x3f
 439 005f 0C       		.uleb128 0xc
 440 0060 03       		.uleb128 0x3
ARM GAS  C:\Users\GRAZIA~1.RAV\AppData\Local\Temp\ccSxCK92.s 			page 11


 441 0061 0E       		.uleb128 0xe
 442 0062 3A       		.uleb128 0x3a
 443 0063 0B       		.uleb128 0xb
 444 0064 3B       		.uleb128 0x3b
 445 0065 0B       		.uleb128 0xb
 446 0066 27       		.uleb128 0x27
 447 0067 0C       		.uleb128 0xc
 448 0068 11       		.uleb128 0x11
 449 0069 01       		.uleb128 0x1
 450 006a 12       		.uleb128 0x12
 451 006b 01       		.uleb128 0x1
 452 006c 40       		.uleb128 0x40
 453 006d 06       		.uleb128 0x6
 454 006e 9742     		.uleb128 0x2117
 455 0070 0C       		.uleb128 0xc
 456 0071 00       		.byte	0
 457 0072 00       		.byte	0
 458 0073 09       		.uleb128 0x9
 459 0074 2E       		.uleb128 0x2e
 460 0075 00       		.byte	0
 461 0076 3F       		.uleb128 0x3f
 462 0077 0C       		.uleb128 0xc
 463 0078 03       		.uleb128 0x3
 464 0079 0E       		.uleb128 0xe
 465 007a 3A       		.uleb128 0x3a
 466 007b 0B       		.uleb128 0xb
 467 007c 3B       		.uleb128 0x3b
 468 007d 0B       		.uleb128 0xb
 469 007e 27       		.uleb128 0x27
 470 007f 0C       		.uleb128 0xc
 471 0080 11       		.uleb128 0x11
 472 0081 01       		.uleb128 0x1
 473 0082 12       		.uleb128 0x12
 474 0083 01       		.uleb128 0x1
 475 0084 40       		.uleb128 0x40
 476 0085 06       		.uleb128 0x6
 477 0086 9642     		.uleb128 0x2116
 478 0088 0C       		.uleb128 0xc
 479 0089 00       		.byte	0
 480 008a 00       		.byte	0
 481 008b 0A       		.uleb128 0xa
 482 008c 34       		.uleb128 0x34
 483 008d 00       		.byte	0
 484 008e 03       		.uleb128 0x3
 485 008f 0E       		.uleb128 0xe
 486 0090 3A       		.uleb128 0x3a
 487 0091 0B       		.uleb128 0xb
 488 0092 3B       		.uleb128 0x3b
 489 0093 0B       		.uleb128 0xb
 490 0094 49       		.uleb128 0x49
 491 0095 13       		.uleb128 0x13
 492 0096 02       		.uleb128 0x2
 493 0097 0A       		.uleb128 0xa
 494 0098 00       		.byte	0
 495 0099 00       		.byte	0
 496 009a 00       		.byte	0
 497              		.section	.debug_loc,"",%progbits
ARM GAS  C:\Users\GRAZIA~1.RAV\AppData\Local\Temp\ccSxCK92.s 			page 12


 498              	.Ldebug_loc0:
 499              	.LLST0:
 500 0000 00000000 		.4byte	.LFB0
 501 0004 02000000 		.4byte	.LCFI0
 502 0008 0200     		.2byte	0x2
 503 000a 7D       		.byte	0x7d
 504 000b 00       		.sleb128 0
 505 000c 02000000 		.4byte	.LCFI0
 506 0010 04000000 		.4byte	.LCFI1
 507 0014 0200     		.2byte	0x2
 508 0016 7D       		.byte	0x7d
 509 0017 04       		.sleb128 4
 510 0018 04000000 		.4byte	.LCFI1
 511 001c 0A000000 		.4byte	.LFE0
 512 0020 0200     		.2byte	0x2
 513 0022 77       		.byte	0x77
 514 0023 04       		.sleb128 4
 515 0024 00000000 		.4byte	0
 516 0028 00000000 		.4byte	0
 517              	.LLST1:
 518 002c 00000000 		.4byte	.LFB1
 519 0030 02000000 		.4byte	.LCFI2
 520 0034 0200     		.2byte	0x2
 521 0036 7D       		.byte	0x7d
 522 0037 00       		.sleb128 0
 523 0038 02000000 		.4byte	.LCFI2
 524 003c 04000000 		.4byte	.LCFI3
 525 0040 0200     		.2byte	0x2
 526 0042 7D       		.byte	0x7d
 527 0043 04       		.sleb128 4
 528 0044 04000000 		.4byte	.LCFI3
 529 0048 0A000000 		.4byte	.LFE1
 530 004c 0200     		.2byte	0x2
 531 004e 77       		.byte	0x77
 532 004f 04       		.sleb128 4
 533 0050 00000000 		.4byte	0
 534 0054 00000000 		.4byte	0
 535              	.LLST2:
 536 0058 00000000 		.4byte	.LFB2
 537 005c 02000000 		.4byte	.LCFI4
 538 0060 0200     		.2byte	0x2
 539 0062 7D       		.byte	0x7d
 540 0063 00       		.sleb128 0
 541 0064 02000000 		.4byte	.LCFI4
 542 0068 04000000 		.4byte	.LCFI5
 543 006c 0200     		.2byte	0x2
 544 006e 7D       		.byte	0x7d
 545 006f 08       		.sleb128 8
 546 0070 04000000 		.4byte	.LCFI5
 547 0074 40000000 		.4byte	.LFE2
 548 0078 0200     		.2byte	0x2
 549 007a 77       		.byte	0x77
 550 007b 08       		.sleb128 8
 551 007c 00000000 		.4byte	0
 552 0080 00000000 		.4byte	0
 553              	.LLST3:
 554 0084 00000000 		.4byte	.LFB3
ARM GAS  C:\Users\GRAZIA~1.RAV\AppData\Local\Temp\ccSxCK92.s 			page 13


 555 0088 02000000 		.4byte	.LCFI6
 556 008c 0200     		.2byte	0x2
 557 008e 7D       		.byte	0x7d
 558 008f 00       		.sleb128 0
 559 0090 02000000 		.4byte	.LCFI6
 560 0094 04000000 		.4byte	.LCFI7
 561 0098 0200     		.2byte	0x2
 562 009a 7D       		.byte	0x7d
 563 009b 08       		.sleb128 8
 564 009c 04000000 		.4byte	.LCFI7
 565 00a0 1C000000 		.4byte	.LFE3
 566 00a4 0200     		.2byte	0x2
 567 00a6 77       		.byte	0x77
 568 00a7 08       		.sleb128 8
 569 00a8 00000000 		.4byte	0
 570 00ac 00000000 		.4byte	0
 571              		.section	.debug_aranges,"",%progbits
 572 0000 34000000 		.4byte	0x34
 573 0004 0200     		.2byte	0x2
 574 0006 00000000 		.4byte	.Ldebug_info0
 575 000a 04       		.byte	0x4
 576 000b 00       		.byte	0
 577 000c 0000     		.2byte	0
 578 000e 0000     		.2byte	0
 579 0010 00000000 		.4byte	.LFB0
 580 0014 0A000000 		.4byte	.LFE0-.LFB0
 581 0018 00000000 		.4byte	.LFB1
 582 001c 0A000000 		.4byte	.LFE1-.LFB1
 583 0020 00000000 		.4byte	.LFB2
 584 0024 40000000 		.4byte	.LFE2-.LFB2
 585 0028 00000000 		.4byte	.LFB3
 586 002c 1C000000 		.4byte	.LFE3-.LFB3
 587 0030 00000000 		.4byte	0
 588 0034 00000000 		.4byte	0
 589              		.section	.debug_ranges,"",%progbits
 590              	.Ldebug_ranges0:
 591 0000 00000000 		.4byte	.LFB0
 592 0004 0A000000 		.4byte	.LFE0
 593 0008 00000000 		.4byte	.LFB1
 594 000c 0A000000 		.4byte	.LFE1
 595 0010 00000000 		.4byte	.LFB2
 596 0014 40000000 		.4byte	.LFE2
 597 0018 00000000 		.4byte	.LFB3
 598 001c 1C000000 		.4byte	.LFE3
 599 0020 00000000 		.4byte	0
 600 0024 00000000 		.4byte	0
 601              		.section	.debug_line,"",%progbits
 602              	.Ldebug_line0:
 603 0000 AA000000 		.section	.debug_str,"MS",%progbits,1
 603      02005A00 
 603      00000201 
 603      FB0E0D00 
 603      01010101 
 604              	.LASF6:
 605 0000 6C6F6E67 		.ascii	"long long int\000"
 605      206C6F6E 
 605      6720696E 
ARM GAS  C:\Users\GRAZIA~1.RAV\AppData\Local\Temp\ccSxCK92.s 			page 14


 605      7400
 606              	.LASF15:
 607 000e 656E6162 		.ascii	"enableState\000"
 607      6C655374 
 607      61746500 
 608              	.LASF8:
 609 001a 756E7369 		.ascii	"unsigned int\000"
 609      676E6564 
 609      20696E74 
 609      00
 610              	.LASF26:
 611 0027 433A5C55 		.ascii	"C:\\Users\\Graziano G. Ravizza\\Documents\\PSoC Cre"
 611      73657273 
 611      5C477261 
 611      7A69616E 
 611      6F20472E 
 612 0056 61746F72 		.ascii	"ator\\SQUIT\\Vers.0.0-T00 2019-0208 C3.0 (start)\\S"
 612      5C535155 
 612      49545C56 
 612      6572732E 
 612      302E302D 
 613 0086 71756974 		.ascii	"quit-Proto.cydsn\000"
 613      2D50726F 
 613      746F2E63 
 613      7964736E 
 613      00
 614              	.LASF22:
 615 0097 5047415F 		.ascii	"PGA_ASTIM_Sleep\000"
 615      41535449 
 615      4D5F536C 
 615      65657000 
 616              	.LASF27:
 617 00a7 5047415F 		.ascii	"PGA_ASTIM_backup\000"
 617      41535449 
 617      4D5F6261 
 617      636B7570 
 617      00
 618              	.LASF24:
 619 00b8 474E5520 		.ascii	"GNU C 4.7.3 20130312 (release) [ARM/embedded-4_7-br"
 619      4320342E 
 619      372E3320 
 619      32303133 
 619      30333132 
 620 00eb 616E6368 		.ascii	"anch revision 196615]\000"
 620      20726576 
 620      6973696F 
 620      6E203139 
 620      36363135 
 621              	.LASF12:
 622 0101 75696E74 		.ascii	"uint8\000"
 622      3800
 623              	.LASF16:
 624 0107 73634352 		.ascii	"scCR1Reg\000"
 624      31526567 
 624      00
 625              	.LASF7:
 626 0110 6C6F6E67 		.ascii	"long long unsigned int\000"
ARM GAS  C:\Users\GRAZIA~1.RAV\AppData\Local\Temp\ccSxCK92.s 			page 15


 626      206C6F6E 
 626      6720756E 
 626      7369676E 
 626      65642069 
 627              	.LASF20:
 628 0127 5047415F 		.ascii	"PGA_ASTIM_SaveConfig\000"
 628      41535449 
 628      4D5F5361 
 628      7665436F 
 628      6E666967 
 629              	.LASF18:
 630 013c 73634352 		.ascii	"scCR3Reg\000"
 630      33526567 
 630      00
 631              	.LASF21:
 632 0145 5047415F 		.ascii	"PGA_ASTIM_RestoreConfig\000"
 632      41535449 
 632      4D5F5265 
 632      73746F72 
 632      65436F6E 
 633              	.LASF19:
 634 015d 5047415F 		.ascii	"PGA_ASTIM_BACKUP_STRUCT\000"
 634      41535449 
 634      4D5F4241 
 634      434B5550 
 634      5F535452 
 635              	.LASF1:
 636 0175 756E7369 		.ascii	"unsigned char\000"
 636      676E6564 
 636      20636861 
 636      7200
 637              	.LASF11:
 638 0183 63686172 		.ascii	"char\000"
 638      00
 639              	.LASF4:
 640 0188 6C6F6E67 		.ascii	"long int\000"
 640      20696E74 
 640      00
 641              	.LASF23:
 642 0191 5047415F 		.ascii	"PGA_ASTIM_Wakeup\000"
 642      41535449 
 642      4D5F5761 
 642      6B657570 
 642      00
 643              	.LASF5:
 644 01a2 6C6F6E67 		.ascii	"long unsigned int\000"
 644      20756E73 
 644      69676E65 
 644      6420696E 
 644      7400
 645              	.LASF10:
 646 01b4 646F7562 		.ascii	"double\000"
 646      6C6500
 647              	.LASF25:
 648 01bb 2E5C4765 		.ascii	".\\Generated_Source\\PSoC5\\PGA_ASTIM_PM.c\000"
 648      6E657261 
 648      7465645F 
ARM GAS  C:\Users\GRAZIA~1.RAV\AppData\Local\Temp\ccSxCK92.s 			page 16


 648      536F7572 
 648      63655C50 
 649              	.LASF3:
 650 01e3 73686F72 		.ascii	"short unsigned int\000"
 650      7420756E 
 650      7369676E 
 650      65642069 
 650      6E7400
 651              	.LASF0:
 652 01f6 7369676E 		.ascii	"signed char\000"
 652      65642063 
 652      68617200 
 653              	.LASF17:
 654 0202 73634352 		.ascii	"scCR2Reg\000"
 654      32526567 
 654      00
 655              	.LASF9:
 656 020b 666C6F61 		.ascii	"float\000"
 656      7400
 657              	.LASF2:
 658 0211 73686F72 		.ascii	"short int\000"
 658      7420696E 
 658      7400
 659              	.LASF13:
 660 021b 72656738 		.ascii	"reg8\000"
 660      00
 661              	.LASF14:
 662 0220 73697A65 		.ascii	"sizetype\000"
 662      74797065 
 662      00
 663              		.ident	"GCC: (GNU Tools for ARM Embedded Processors) 4.7.3 20130312 (release) [ARM/embedded-4_7-br
