--------------- Build Started: 05/05/2024 16:11:30 Project: Squit-Proto, Configuration: ARM GCC 4.7.3 Debug ---------------
cydsfit.exe "-.appdatapath" "C:\Users\gravi\AppData\Local\Cypress Semiconductor\PSoC Creator\3.0" "-.fdsnotice" "-.fdswarpdepfile=warp_dependencies.txt" "-.fdselabdepfile=elab_dependencies.txt" "-.fdsbldfile=generated_files.txt" "-p" "D:\_GITHUB repos\Squit-HW0.0\Squit-Proto.cydsn\Squit-Proto.cyprj" "-d" "CY8C5868AXI-LP035" "-s" "D:\_GITHUB repos\Squit-HW0.0\Squit-Proto.cydsn\Generated_Source\PSoC5" "--" "-yv2" "-v3" "-ygs" "-q10" "-o2" "-.fftcfgtype=LE"
Elaborating Design...
ADD: pft.M0028: warning: Clock Warning: (Clock_2's accuracy range '22.000 MHz ñ 1.000%, (21.780 MHz - 22.220 MHz)' is not within the specified tolerance range '20.000 MHz ñ 5.000%, (19.000 MHz - 21.000 MHz)'.).
 * D:\_GITHUB repos\Squit-HW0.0\Squit-Proto.cydsn\Squit-Proto.cydwr (Clock_2)
 * D:\_GITHUB repos\Squit-HW0.0\Squit-Proto.cydsn\TopDesign\TopDesign.cysch (Instance: Clock_2)
HDL Generation ...
Synthesis ...
Place and Route ...
Tech mapping ...
Info: mpr.M0037: Unused pieces of the design have been optimized out. See the Tech mapping section of the report file for details. (App=cydsfit)
Analog Placement ...
Log: apr.M0058: The analog placement iterative improvement is 32% done. (App=cydsfit)
Log: apr.M0058: The analog placement iterative improvement is 66% done. (App=cydsfit)
Analog Routing ...
Analog Code Generation ...
Digital Placement ...
Info: plm.M0040: The pin named SENSE_ITILT(0) at location P0[2] prevents a direct input connection to an Opamp. (App=cydsfit)
Info: plm.M0040: The pin named ADXL_X(0) at location P0[4] prevents a direct input connection to an Opamp. (App=cydsfit)
Info: plm.M0039: The pin named ADXL_Y(0) at location P0[6] prevents usage of the high current (2mA) feature of an IDAC. (App=cydsfit)
Info: plm.M0039: The pin named IMU_UM7_TX(0) at location P0[7] prevents usage of the high current (2mA) feature of an IDAC. (App=cydsfit)
Info: plm.M0040: The pin named ITG_CS_NEW(0) at location P3[2] prevents a direct input connection to an Opamp. (App=cydsfit)
Info: plm.M0040: The pin named ITG_INT(0) at location P3[4] prevents a direct input connection to an Opamp. (App=cydsfit)
Info: plm.M0038: The pin named LORA_SETA(0) at location P3[6] prevents usage of special purposes: OpAmp:out. (App=cydsfit)
Info: plm.M0038: The pin named LORA_RTSn(0) at location P3[7] prevents usage of special purposes: OpAmp:out. (App=cydsfit)
Info: plm.M0038: The pin named LORA_RX(0) at location P12[0] prevents usage of special purposes: I2C:SCL. (App=cydsfit)
Info: plm.M0038: The pin named LORA_TX(0) at location P12[1] prevents usage of special purposes: I2C:SDA. (App=cydsfit)
Digital Routing ...
Bitstream Generation ...
Static timing analysis ...
API Generation ...
Dependency Generation ...
Clean Temporary Files ...
arm-none-eabi-gcc.exe -I. -I./Generated_Source/PSoC5 -Wno-main -mcpu=cortex-m3 -mthumb -Wall -g -D DEBUG -Wa,-alh=.\CortexM3\ARM_GCC_473\Debug\main.lst -ffunction-sections -c .\main.c -o .\CortexM3\ARM_GCC_473\Debug\main.o
arm-none-eabi-gcc.exe -I. -I./Generated_Source/PSoC5 -Wno-main -mcpu=cortex-m3 -mthumb -Wall -g -D DEBUG -Wa,-alh=.\CortexM3\ARM_GCC_473\Debug\console.lst -ffunction-sections -c .\console.c -o .\CortexM3\ARM_GCC_473\Debug\console.o
.\console.c: In function 'parser':
.\console.c:718:8: warning: unused variable 'path_n' [-Wunused-variable]
arm-none-eabi-gcc.exe -I. -I./Generated_Source/PSoC5 -Wno-main -mcpu=cortex-m3 -mthumb -Wall -g -D DEBUG -Wa,-alh=.\CortexM3\ARM_GCC_473\Debug\gobeelib.lst -ffunction-sections -c .\gobeelib.c -o .\CortexM3\ARM_GCC_473\Debug\gobeelib.o
arm-none-eabi-gcc.exe -I. -I./Generated_Source/PSoC5 -Wno-main -mcpu=cortex-m3 -mthumb -Wall -g -D DEBUG -Wa,-alh=.\CortexM3\ARM_GCC_473\Debug\motor_CTRL.lst -ffunction-sections -c .\motor_CTRL.c -o .\CortexM3\ARM_GCC_473\Debug\motor_CTRL.o
arm-none-eabi-gcc.exe -I. -I./Generated_Source/PSoC5 -Wno-main -mcpu=cortex-m3 -mthumb -Wall -g -D DEBUG -Wa,-alh=.\CortexM3\ARM_GCC_473\Debug\sensor_CTRL.lst -ffunction-sections -c .\sensor_CTRL.c -o .\CortexM3\ARM_GCC_473\Debug\sensor_CTRL.o
arm-none-eabi-gcc.exe -I. -I./Generated_Source/PSoC5 -Wno-main -mcpu=cortex-m3 -mthumb -Wall -g -D DEBUG -Wa,-alh=.\CortexM3\ARM_GCC_473\Debug\pid_lib.lst -ffunction-sections -c .\pid_lib.c -o .\CortexM3\ARM_GCC_473\Debug\pid_lib.o
arm-none-eabi-gcc.exe -I. -I./Generated_Source/PSoC5 -Wno-main -mcpu=cortex-m3 -mthumb -Wall -g -D DEBUG -Wa,-alh=.\CortexM3\ARM_GCC_473\Debug\estimators.lst -ffunction-sections -c .\estimators.c -o .\CortexM3\ARM_GCC_473\Debug\estimators.o
arm-none-eabi-gcc.exe -I. -I./Generated_Source/PSoC5 -Wno-main -mcpu=cortex-m3 -mthumb -Wall -g -D DEBUG -Wa,-alh=.\CortexM3\ARM_GCC_473\Debug\ITG-3701.lst -ffunction-sections -c .\ITG-3701.c -o .\CortexM3\ARM_GCC_473\Debug\ITG-3701.o
.\ITG-3701.c: In function 'ITG3701_ReadByte':
.\ITG-3701.c:56:3: warning: 'belbyte' is used uninitialized in this function [-Wuninitialized]
arm-none-eabi-gcc.exe -I. -I./Generated_Source/PSoC5 -Wno-main -mcpu=cortex-m3 -mthumb -Wall -g -D DEBUG -Wa,-alh=.\CortexM3\ARM_GCC_473\Debug\My_I2C_lib.lst -ffunction-sections -c .\My_I2C_lib.c -o .\CortexM3\ARM_GCC_473\Debug\My_I2C_lib.o
arm-none-eabi-gcc.exe -I. -I./Generated_Source/PSoC5 -Wno-main -mcpu=cortex-m3 -mthumb -Wall -g -D DEBUG -Wa,-alh=.\CortexM3\ARM_GCC_473\Debug\mover.lst -ffunction-sections -c .\mover.c -o .\CortexM3\ARM_GCC_473\Debug\mover.o
arm-none-eabi-gcc.exe -I. -I./Generated_Source/PSoC5 -Wno-main -mcpu=cortex-m3 -mthumb -Wall -g -D DEBUG -Wa,-alh=.\CortexM3\ARM_GCC_473\Debug\clu.lst -ffunction-sections -c .\clu.c -o .\CortexM3\ARM_GCC_473\Debug\clu.o
arm-none-eabi-gcc.exe -I. -I./Generated_Source/PSoC5 -Wno-main -mcpu=cortex-m3 -mthumb -Wall -g -D DEBUG -Wa,-alh=.\CortexM3\ARM_GCC_473\Debug\gml.lst -ffunction-sections -c .\gml.c -o .\CortexM3\ARM_GCC_473\Debug\gml.o
arm-none-eabi-gcc.exe -I. -I./Generated_Source/PSoC5 -Wno-main -mcpu=cortex-m3 -mthumb -Wall -g -D DEBUG -Wa,-alh=.\CortexM3\ARM_GCC_473\Debug\torquestat.lst -ffunction-sections -c .\torquestat.c -o .\CortexM3\ARM_GCC_473\Debug\torquestat.o
arm-none-eabi-gcc.exe -I. -I./Generated_Source/PSoC5 -Wno-main -mcpu=cortex-m3 -mthumb -Wall -g -D DEBUG -Wa,-alh=.\CortexM3\ARM_GCC_473\Debug\statistics.lst -ffunction-sections -c .\statistics.c -o .\CortexM3\ARM_GCC_473\Debug\statistics.o
arm-none-eabi-gcc.exe -I. -I./Generated_Source/PSoC5 -Wno-main -mcpu=cortex-m3 -mthumb -Wall -g -D DEBUG -Wa,-alh=.\CortexM3\ARM_GCC_473\Debug\ME_geometry.lst -ffunction-sections -c .\ME_geometry.c -o .\CortexM3\ARM_GCC_473\Debug\ME_geometry.o
arm-none-eabi-gcc.exe -I. -I./Generated_Source/PSoC5 -Wno-main -mcpu=cortex-m3 -mthumb -Wall -g -D DEBUG -Wa,-alh=.\CortexM3\ARM_GCC_473\Debug\ME_lib_imu_CHRUM7.lst -ffunction-sections -c .\ME_lib_imu_CHRUM7.c -o .\CortexM3\ARM_GCC_473\Debug\ME_lib_imu_CHRUM7.o
arm-none-eabi-gcc.exe -I. -I./Generated_Source/PSoC5 -Wno-main -mcpu=cortex-m3 -mthumb -Wall -g -D DEBUG -Wa,-alh=.\CortexM3\ARM_GCC_473\Debug\ME_lib_cbuffer.lst -ffunction-sections -c .\ME_lib_cbuffer.c -o .\CortexM3\ARM_GCC_473\Debug\ME_lib_cbuffer.o
arm-none-eabi-gcc.exe -I. -I./Generated_Source/PSoC5 -Wno-main -mcpu=cortex-m3 -mthumb -Wall -g -D DEBUG -Wa,-alh=.\CortexM3\ARM_GCC_473\Debug\ME_lib_packetizer.lst -ffunction-sections -c .\ME_lib_packetizer.c -o .\CortexM3\ARM_GCC_473\Debug\ME_lib_packetizer.o
.\ME_lib_packetizer.c:13:0: warning: ignoring #pragma save  [-Wunknown-pragmas]
.\ME_lib_packetizer.c:14:0: warning: ignoring #pragma optimize  [-Wunknown-pragmas]
.\ME_lib_packetizer.c:168:0: warning: ignoring #pragma restore  [-Wunknown-pragmas]
arm-none-eabi-gcc.exe -I. -I./Generated_Source/PSoC5 -Wno-main -mcpu=cortex-m3 -mthumb -Wall -g -D DEBUG -Wa,-alh=.\CortexM3\ARM_GCC_473\Debug\XTR-8LR100.lst -ffunction-sections -c .\XTR-8LR100.c -o .\CortexM3\ARM_GCC_473\Debug\XTR-8LR100.o
arm-none-eabi-gcc.exe -I. -I./Generated_Source/PSoC5 -Wno-main -mcpu=cortex-m3 -mthumb -Wall -g -D DEBUG -Wa,-alh=.\CortexM3\ARM_GCC_473\Debug\cyfitter_cfg.lst -ffunction-sections -c .\Generated_Source\PSoC5\cyfitter_cfg.c -o .\CortexM3\ARM_GCC_473\Debug\cyfitter_cfg.o
arm-none-eabi-gcc.exe -I. -I./Generated_Source/PSoC5 -Wno-main -mcpu=cortex-m3 -mthumb -Wall -g -D DEBUG -Wa,-alh=.\CortexM3\ARM_GCC_473\Debug\ADXL_X.lst -ffunction-sections -c .\Generated_Source\PSoC5\ADXL_X.c -o .\CortexM3\ARM_GCC_473\Debug\ADXL_X.o
arm-none-eabi-gcc.exe -I. -I./Generated_Source/PSoC5 -Wno-main -mcpu=cortex-m3 -mthumb -Wall -g -D DEBUG -Wa,-alh=.\CortexM3\ARM_GCC_473\Debug\ADXL_Y.lst -ffunction-sections -c .\Generated_Source\PSoC5\ADXL_Y.c -o .\CortexM3\ARM_GCC_473\Debug\ADXL_Y.o
arm-none-eabi-gcc.exe -I. -I./Generated_Source/PSoC5 -Wno-main -mcpu=cortex-m3 -mthumb -Wall -g -D DEBUG -Wa,-alh=.\CortexM3\ARM_GCC_473\Debug\ADC.lst -ffunction-sections -c .\Generated_Source\PSoC5\ADC.c -o .\CortexM3\ARM_GCC_473\Debug\ADC.o
arm-none-eabi-gcc.exe -I. -I./Generated_Source/PSoC5 -Wno-main -mcpu=cortex-m3 -mthumb -Wall -g -D DEBUG -Wa,-alh=.\CortexM3\ARM_GCC_473\Debug\ADC_PM.lst -ffunction-sections -c .\Generated_Source\PSoC5\ADC_PM.c -o .\CortexM3\ARM_GCC_473\Debug\ADC_PM.o
arm-none-eabi-gcc.exe -I. -I./Generated_Source/PSoC5 -Wno-main -mcpu=cortex-m3 -mthumb -Wall -g -D DEBUG -Wa,-alh=.\CortexM3\ARM_GCC_473\Debug\ADC_INT.lst -ffunction-sections -c .\Generated_Source\PSoC5\ADC_INT.c -o .\CortexM3\ARM_GCC_473\Debug\ADC_INT.o
arm-none-eabi-gcc.exe -I. -I./Generated_Source/PSoC5 -Wno-main -mcpu=cortex-m3 -mthumb -Wall -g -D DEBUG -Wa,-alh=.\CortexM3\ARM_GCC_473\Debug\UART_USB.lst -ffunction-sections -c .\Generated_Source\PSoC5\UART_USB.c -o .\CortexM3\ARM_GCC_473\Debug\UART_USB.o
arm-none-eabi-gcc.exe -I. -I./Generated_Source/PSoC5 -Wno-main -mcpu=cortex-m3 -mthumb -Wall -g -D DEBUG -Wa,-alh=.\CortexM3\ARM_GCC_473\Debug\UART_USB_PM.lst -ffunction-sections -c .\Generated_Source\PSoC5\UART_USB_PM.c -o .\CortexM3\ARM_GCC_473\Debug\UART_USB_PM.o
arm-none-eabi-gcc.exe -I. -I./Generated_Source/PSoC5 -Wno-main -mcpu=cortex-m3 -mthumb -Wall -g -D DEBUG -Wa,-alh=.\CortexM3\ARM_GCC_473\Debug\UART_USB_INT.lst -ffunction-sections -c .\Generated_Source\PSoC5\UART_USB_INT.c -o .\CortexM3\ARM_GCC_473\Debug\UART_USB_INT.o
arm-none-eabi-gcc.exe -I. -I./Generated_Source/PSoC5 -Wno-main -mcpu=cortex-m3 -mthumb -Wall -g -D DEBUG -Wa,-alh=.\CortexM3\ARM_GCC_473\Debug\UART_USB_BOOT.lst -ffunction-sections -c .\Generated_Source\PSoC5\UART_USB_BOOT.c -o .\CortexM3\ARM_GCC_473\Debug\UART_USB_BOOT.o
arm-none-eabi-gcc.exe -I. -I./Generated_Source/PSoC5 -Wno-main -mcpu=cortex-m3 -mthumb -Wall -g -D DEBUG -Wa,-alh=.\CortexM3\ARM_GCC_473\Debug\VREF.lst -ffunction-sections -c .\Generated_Source\PSoC5\VREF.c -o .\CortexM3\ARM_GCC_473\Debug\VREF.o
arm-none-eabi-gcc.exe -I. -I./Generated_Source/PSoC5 -Wno-main -mcpu=cortex-m3 -mthumb -Wall -g -D DEBUG -Wa,-alh=.\CortexM3\ARM_GCC_473\Debug\Control_Reg_LED.lst -ffunction-sections -c .\Generated_Source\PSoC5\Control_Reg_LED.c -o .\CortexM3\ARM_GCC_473\Debug\Control_Reg_LED.o
arm-none-eabi-gcc.exe -I. -I./Generated_Source/PSoC5 -Wno-main -mcpu=cortex-m3 -mthumb -Wall -g -D DEBUG -Wa,-alh=.\CortexM3\ARM_GCC_473\Debug\LED_OK.lst -ffunction-sections -c .\Generated_Source\PSoC5\LED_OK.c -o .\CortexM3\ARM_GCC_473\Debug\LED_OK.o
arm-none-eabi-gcc.exe -I. -I./Generated_Source/PSoC5 -Wno-main -mcpu=cortex-m3 -mthumb -Wall -g -D DEBUG -Wa,-alh=.\CortexM3\ARM_GCC_473\Debug\EEPROM.lst -ffunction-sections -c .\Generated_Source\PSoC5\EEPROM.c -o .\CortexM3\ARM_GCC_473\Debug\EEPROM.o
arm-none-eabi-gcc.exe -I. -I./Generated_Source/PSoC5 -Wno-main -mcpu=cortex-m3 -mthumb -Wall -g -D DEBUG -Wa,-alh=.\CortexM3\ARM_GCC_473\Debug\AMuxSeq.lst -ffunction-sections -c .\Generated_Source\PSoC5\AMuxSeq.c -o .\CortexM3\ARM_GCC_473\Debug\AMuxSeq.o
arm-none-eabi-gcc.exe -I. -I./Generated_Source/PSoC5 -Wno-main -mcpu=cortex-m3 -mthumb -Wall -g -D DEBUG -Wa,-alh=.\CortexM3\ARM_GCC_473\Debug\isr_CTRL.lst -ffunction-sections -c .\Generated_Source\PSoC5\isr_CTRL.c -o .\CortexM3\ARM_GCC_473\Debug\isr_CTRL.o
arm-none-eabi-gcc.exe -I. -I./Generated_Source/PSoC5 -Wno-main -mcpu=cortex-m3 -mthumb -Wall -g -D DEBUG -Wa,-alh=.\CortexM3\ARM_GCC_473\Debug\Clock_CTRL.lst -ffunction-sections -c .\Generated_Source\PSoC5\Clock_CTRL.c -o .\CortexM3\ARM_GCC_473\Debug\Clock_CTRL.o
arm-none-eabi-gcc.exe -I. -I./Generated_Source/PSoC5 -Wno-main -mcpu=cortex-m3 -mthumb -Wall -g -D DEBUG -Wa,-alh=.\CortexM3\ARM_GCC_473\Debug\Status_Reg_BUTTON.lst -ffunction-sections -c .\Generated_Source\PSoC5\Status_Reg_BUTTON.c -o .\CortexM3\ARM_GCC_473\Debug\Status_Reg_BUTTON.o
arm-none-eabi-gcc.exe -I. -I./Generated_Source/PSoC5 -Wno-main -mcpu=cortex-m3 -mthumb -Wall -g -D DEBUG -Wa,-alh=.\CortexM3\ARM_GCC_473\Debug\Counter_LED.lst -ffunction-sections -c .\Generated_Source\PSoC5\Counter_LED.c -o .\CortexM3\ARM_GCC_473\Debug\Counter_LED.o
arm-none-eabi-gcc.exe -I. -I./Generated_Source/PSoC5 -Wno-main -mcpu=cortex-m3 -mthumb -Wall -g -D DEBUG -Wa,-alh=.\CortexM3\ARM_GCC_473\Debug\Counter_LED_PM.lst -ffunction-sections -c .\Generated_Source\PSoC5\Counter_LED_PM.c -o .\CortexM3\ARM_GCC_473\Debug\Counter_LED_PM.o
arm-none-eabi-gcc.exe -I. -I./Generated_Source/PSoC5 -Wno-main -mcpu=cortex-m3 -mthumb -Wall -g -D DEBUG -Wa,-alh=.\CortexM3\ARM_GCC_473\Debug\LED_FAULT.lst -ffunction-sections -c .\Generated_Source\PSoC5\LED_FAULT.c -o .\CortexM3\ARM_GCC_473\Debug\LED_FAULT.o
arm-none-eabi-gcc.exe -I. -I./Generated_Source/PSoC5 -Wno-main -mcpu=cortex-m3 -mthumb -Wall -g -D DEBUG -Wa,-alh=.\CortexM3\ARM_GCC_473\Debug\ADC_theACLK.lst -ffunction-sections -c .\Generated_Source\PSoC5\ADC_theACLK.c -o .\CortexM3\ARM_GCC_473\Debug\ADC_theACLK.o
arm-none-eabi-gcc.exe -I. -I./Generated_Source/PSoC5 -Wno-main -mcpu=cortex-m3 -mthumb -Wall -g -D DEBUG -Wa,-alh=.\CortexM3\ARM_GCC_473\Debug\ADC_Ext_CP_Clk.lst -ffunction-sections -c .\Generated_Source\PSoC5\ADC_Ext_CP_Clk.c -o .\CortexM3\ARM_GCC_473\Debug\ADC_Ext_CP_Clk.o
arm-none-eabi-gcc.exe -I. -I./Generated_Source/PSoC5 -Wno-main -mcpu=cortex-m3 -mthumb -Wall -g -D DEBUG -Wa,-alh=.\CortexM3\ARM_GCC_473\Debug\UART_USB_IntClock.lst -ffunction-sections -c .\Generated_Source\PSoC5\UART_USB_IntClock.c -o .\CortexM3\ARM_GCC_473\Debug\UART_USB_IntClock.o
arm-none-eabi-gcc.exe -I. -I./Generated_Source/PSoC5 -Wno-main -mcpu=cortex-m3 -mthumb -Wall -g -D DEBUG -Wa,-alh=.\CortexM3\ARM_GCC_473\Debug\Cm3Start.lst -ffunction-sections -c .\Generated_Source\PSoC5\Cm3Start.c -o .\CortexM3\ARM_GCC_473\Debug\Cm3Start.o
arm-none-eabi-as.exe -I. -I./Generated_Source/PSoC5 -mcpu=cortex-m3 -mthumb -g -alh=.\CortexM3\ARM_GCC_473\Debug/CyBootAsmGnu.lst -o .\CortexM3\ARM_GCC_473\Debug\CyBootAsmGnu.o .\Generated_Source\PSoC5\CyBootAsmGnu.s
arm-none-eabi-gcc.exe -I. -I./Generated_Source/PSoC5 -Wno-main -mcpu=cortex-m3 -mthumb -Wall -g -D DEBUG -Wa,-alh=.\CortexM3\ARM_GCC_473\Debug\CyDmac.lst -ffunction-sections -c .\Generated_Source\PSoC5\CyDmac.c -o .\CortexM3\ARM_GCC_473\Debug\CyDmac.o
arm-none-eabi-gcc.exe -I. -I./Generated_Source/PSoC5 -Wno-main -mcpu=cortex-m3 -mthumb -Wall -g -D DEBUG -Wa,-alh=.\CortexM3\ARM_GCC_473\Debug\CyFlash.lst -ffunction-sections -c .\Generated_Source\PSoC5\CyFlash.c -o .\CortexM3\ARM_GCC_473\Debug\CyFlash.o
arm-none-eabi-gcc.exe -I. -I./Generated_Source/PSoC5 -Wno-main -mcpu=cortex-m3 -mthumb -Wall -g -D DEBUG -Wa,-alh=.\CortexM3\ARM_GCC_473\Debug\CyLib.lst -ffunction-sections -c .\Generated_Source\PSoC5\CyLib.c -o .\CortexM3\ARM_GCC_473\Debug\CyLib.o
arm-none-eabi-gcc.exe -I. -I./Generated_Source/PSoC5 -Wno-main -mcpu=cortex-m3 -mthumb -Wall -g -D DEBUG -Wa,-alh=.\CortexM3\ARM_GCC_473\Debug\cyPm.lst -ffunction-sections -c .\Generated_Source\PSoC5\cyPm.c -o .\CortexM3\ARM_GCC_473\Debug\cyPm.o
arm-none-eabi-gcc.exe -I. -I./Generated_Source/PSoC5 -Wno-main -mcpu=cortex-m3 -mthumb -Wall -g -D DEBUG -Wa,-alh=.\CortexM3\ARM_GCC_473\Debug\CySpc.lst -ffunction-sections -c .\Generated_Source\PSoC5\CySpc.c -o .\CortexM3\ARM_GCC_473\Debug\CySpc.o
arm-none-eabi-gcc.exe -I. -I./Generated_Source/PSoC5 -Wno-main -mcpu=cortex-m3 -mthumb -Wall -g -D DEBUG -Wa,-alh=.\CortexM3\ARM_GCC_473\Debug\cyutils.lst -ffunction-sections -c .\Generated_Source\PSoC5\cyutils.c -o .\CortexM3\ARM_GCC_473\Debug\cyutils.o
arm-none-eabi-gcc.exe -I. -I./Generated_Source/PSoC5 -Wno-main -mcpu=cortex-m3 -mthumb -Wall -g -D DEBUG -Wa,-alh=.\CortexM3\ARM_GCC_473\Debug\nBUTTON_PUSH.lst -ffunction-sections -c .\Generated_Source\PSoC5\nBUTTON_PUSH.c -o .\CortexM3\ARM_GCC_473\Debug\nBUTTON_PUSH.o
arm-none-eabi-gcc.exe -I. -I./Generated_Source/PSoC5 -Wno-main -mcpu=cortex-m3 -mthumb -Wall -g -D DEBUG -Wa,-alh=.\CortexM3\ARM_GCC_473\Debug\nBUTTON_CW.lst -ffunction-sections -c .\Generated_Source\PSoC5\nBUTTON_CW.c -o .\CortexM3\ARM_GCC_473\Debug\nBUTTON_CW.o
arm-none-eabi-gcc.exe -I. -I./Generated_Source/PSoC5 -Wno-main -mcpu=cortex-m3 -mthumb -Wall -g -D DEBUG -Wa,-alh=.\CortexM3\ARM_GCC_473\Debug\SENSE_VCC.lst -ffunction-sections -c .\Generated_Source\PSoC5\SENSE_VCC.c -o .\CortexM3\ARM_GCC_473\Debug\SENSE_VCC.o
arm-none-eabi-gcc.exe -I. -I./Generated_Source/PSoC5 -Wno-main -mcpu=cortex-m3 -mthumb -Wall -g -D DEBUG -Wa,-alh=.\CortexM3\ARM_GCC_473\Debug\ADXL_Z.lst -ffunction-sections -c .\Generated_Source\PSoC5\ADXL_Z.c -o .\CortexM3\ARM_GCC_473\Debug\ADXL_Z.o
arm-none-eabi-gcc.exe -I. -I./Generated_Source/PSoC5 -Wno-main -mcpu=cortex-m3 -mthumb -Wall -g -D DEBUG -Wa,-alh=.\CortexM3\ARM_GCC_473\Debug\nBUTTON_CCW.lst -ffunction-sections -c .\Generated_Source\PSoC5\nBUTTON_CCW.c -o .\CortexM3\ARM_GCC_473\Debug\nBUTTON_CCW.o
arm-none-eabi-gcc.exe -I. -I./Generated_Source/PSoC5 -Wno-main -mcpu=cortex-m3 -mthumb -Wall -g -D DEBUG -Wa,-alh=.\CortexM3\ARM_GCC_473\Debug\Control_Reg_BUZ.lst -ffunction-sections -c .\Generated_Source\PSoC5\Control_Reg_BUZ.c -o .\CortexM3\ARM_GCC_473\Debug\Control_Reg_BUZ.o
arm-none-eabi-gcc.exe -I. -I./Generated_Source/PSoC5 -Wno-main -mcpu=cortex-m3 -mthumb -Wall -g -D DEBUG -Wa,-alh=.\CortexM3\ARM_GCC_473\Debug\BUZ.lst -ffunction-sections -c .\Generated_Source\PSoC5\BUZ.c -o .\CortexM3\ARM_GCC_473\Debug\BUZ.o
arm-none-eabi-gcc.exe -I. -I./Generated_Source/PSoC5 -Wno-main -mcpu=cortex-m3 -mthumb -Wall -g -D DEBUG -Wa,-alh=.\CortexM3\ARM_GCC_473\Debug\Control_Reg_MOTOR.lst -ffunction-sections -c .\Generated_Source\PSoC5\Control_Reg_MOTOR.c -o .\CortexM3\ARM_GCC_473\Debug\Control_Reg_MOTOR.o
arm-none-eabi-gcc.exe -I. -I./Generated_Source/PSoC5 -Wno-main -mcpu=cortex-m3 -mthumb -Wall -g -D DEBUG -Wa,-alh=.\CortexM3\ARM_GCC_473\Debug\QuadDec_PAN.lst -ffunction-sections -c .\Generated_Source\PSoC5\QuadDec_PAN.c -o .\CortexM3\ARM_GCC_473\Debug\QuadDec_PAN.o
arm-none-eabi-gcc.exe -I. -I./Generated_Source/PSoC5 -Wno-main -mcpu=cortex-m3 -mthumb -Wall -g -D DEBUG -Wa,-alh=.\CortexM3\ARM_GCC_473\Debug\QuadDec_PAN_INT.lst -ffunction-sections -c .\Generated_Source\PSoC5\QuadDec_PAN_INT.c -o .\CortexM3\ARM_GCC_473\Debug\QuadDec_PAN_INT.o
arm-none-eabi-gcc.exe -I. -I./Generated_Source/PSoC5 -Wno-main -mcpu=cortex-m3 -mthumb -Wall -g -D DEBUG -Wa,-alh=.\CortexM3\ARM_GCC_473\Debug\QuadDec_PAN_PM.lst -ffunction-sections -c .\Generated_Source\PSoC5\QuadDec_PAN_PM.c -o .\CortexM3\ARM_GCC_473\Debug\QuadDec_PAN_PM.o
arm-none-eabi-gcc.exe -I. -I./Generated_Source/PSoC5 -Wno-main -mcpu=cortex-m3 -mthumb -Wall -g -D DEBUG -Wa,-alh=.\CortexM3\ARM_GCC_473\Debug\QuadDec_PAN_isr.lst -ffunction-sections -c .\Generated_Source\PSoC5\QuadDec_PAN_isr.c -o .\CortexM3\ARM_GCC_473\Debug\QuadDec_PAN_isr.o
arm-none-eabi-gcc.exe -I. -I./Generated_Source/PSoC5 -Wno-main -mcpu=cortex-m3 -mthumb -Wall -g -D DEBUG -Wa,-alh=.\CortexM3\ARM_GCC_473\Debug\QuadDec_PAN_Cnt16.lst -ffunction-sections -c .\Generated_Source\PSoC5\QuadDec_PAN_Cnt16.c -o .\CortexM3\ARM_GCC_473\Debug\QuadDec_PAN_Cnt16.o
arm-none-eabi-gcc.exe -I. -I./Generated_Source/PSoC5 -Wno-main -mcpu=cortex-m3 -mthumb -Wall -g -D DEBUG -Wa,-alh=.\CortexM3\ARM_GCC_473\Debug\QuadDec_PAN_Cnt16_PM.lst -ffunction-sections -c .\Generated_Source\PSoC5\QuadDec_PAN_Cnt16_PM.c -o .\CortexM3\ARM_GCC_473\Debug\QuadDec_PAN_Cnt16_PM.o
arm-none-eabi-gcc.exe -I. -I./Generated_Source/PSoC5 -Wno-main -mcpu=cortex-m3 -mthumb -Wall -g -D DEBUG -Wa,-alh=.\CortexM3\ARM_GCC_473\Debug\MOT_SLEEPn.lst -ffunction-sections -c .\Generated_Source\PSoC5\MOT_SLEEPn.c -o .\CortexM3\ARM_GCC_473\Debug\MOT_SLEEPn.o
arm-none-eabi-gcc.exe -I. -I./Generated_Source/PSoC5 -Wno-main -mcpu=cortex-m3 -mthumb -Wall -g -D DEBUG -Wa,-alh=.\CortexM3\ARM_GCC_473\Debug\ITG_INT.lst -ffunction-sections -c .\Generated_Source\PSoC5\ITG_INT.c -o .\CortexM3\ARM_GCC_473\Debug\ITG_INT.o
arm-none-eabi-gcc.exe -I. -I./Generated_Source/PSoC5 -Wno-main -mcpu=cortex-m3 -mthumb -Wall -g -D DEBUG -Wa,-alh=.\CortexM3\ARM_GCC_473\Debug\Control_Reg_SYS.lst -ffunction-sections -c .\Generated_Source\PSoC5\Control_Reg_SYS.c -o .\CortexM3\ARM_GCC_473\Debug\Control_Reg_SYS.o
arm-none-eabi-gcc.exe -I. -I./Generated_Source/PSoC5 -Wno-main -mcpu=cortex-m3 -mthumb -Wall -g -D DEBUG -Wa,-alh=.\CortexM3\ARM_GCC_473\Debug\V5_PHER_nSHDN.lst -ffunction-sections -c .\Generated_Source\PSoC5\V5_PHER_nSHDN.c -o .\CortexM3\ARM_GCC_473\Debug\V5_PHER_nSHDN.o
arm-none-eabi-gcc.exe -I. -I./Generated_Source/PSoC5 -Wno-main -mcpu=cortex-m3 -mthumb -Wall -g -D DEBUG -Wa,-alh=.\CortexM3\ARM_GCC_473\Debug\V3_nSHDN.lst -ffunction-sections -c .\Generated_Source\PSoC5\V3_nSHDN.c -o .\CortexM3\ARM_GCC_473\Debug\V3_nSHDN.o
arm-none-eabi-gcc.exe -I. -I./Generated_Source/PSoC5 -Wno-main -mcpu=cortex-m3 -mthumb -Wall -g -D DEBUG -Wa,-alh=.\CortexM3\ARM_GCC_473\Debug\ADXL_ST.lst -ffunction-sections -c .\Generated_Source\PSoC5\ADXL_ST.c -o .\CortexM3\ARM_GCC_473\Debug\ADXL_ST.o
arm-none-eabi-gcc.exe -I. -I./Generated_Source/PSoC5 -Wno-main -mcpu=cortex-m3 -mthumb -Wall -g -D DEBUG -Wa,-alh=.\CortexM3\ARM_GCC_473\Debug\BAT_FAULTn.lst -ffunction-sections -c .\Generated_Source\PSoC5\BAT_FAULTn.c -o .\CortexM3\ARM_GCC_473\Debug\BAT_FAULTn.o
arm-none-eabi-gcc.exe -I. -I./Generated_Source/PSoC5 -Wno-main -mcpu=cortex-m3 -mthumb -Wall -g -D DEBUG -Wa,-alh=.\CortexM3\ARM_GCC_473\Debug\BAT_CHRGn.lst -ffunction-sections -c .\Generated_Source\PSoC5\BAT_CHRGn.c -o .\CortexM3\ARM_GCC_473\Debug\BAT_CHRGn.o
arm-none-eabi-gcc.exe -I. -I./Generated_Source/PSoC5 -Wno-main -mcpu=cortex-m3 -mthumb -Wall -g -D DEBUG -Wa,-alh=.\CortexM3\ARM_GCC_473\Debug\cymetadata.lst -ffunction-sections -c .\Generated_Source\PSoC5\cymetadata.c -o .\CortexM3\ARM_GCC_473\Debug\cymetadata.o
arm-none-eabi-gcc.exe -I. -I./Generated_Source/PSoC5 -Wno-main -mcpu=cortex-m3 -mthumb -Wall -g -D DEBUG -Wa,-alh=.\CortexM3\ARM_GCC_473\Debug\ADC_IRQ.lst -ffunction-sections -c .\Generated_Source\PSoC5\ADC_IRQ.c -o .\CortexM3\ARM_GCC_473\Debug\ADC_IRQ.o
arm-none-eabi-gcc.exe -I. -I./Generated_Source/PSoC5 -Wno-main -mcpu=cortex-m3 -mthumb -Wall -g -D DEBUG -Wa,-alh=.\CortexM3\ARM_GCC_473\Debug\isr_Ticks.lst -ffunction-sections -c .\Generated_Source\PSoC5\isr_Ticks.c -o .\CortexM3\ARM_GCC_473\Debug\isr_Ticks.o
arm-none-eabi-gcc.exe -I. -I./Generated_Source/PSoC5 -Wno-main -mcpu=cortex-m3 -mthumb -Wall -g -D DEBUG -Wa,-alh=.\CortexM3\ARM_GCC_473\Debug\PWM_MOTOR_PAN.lst -ffunction-sections -c .\Generated_Source\PSoC5\PWM_MOTOR_PAN.c -o .\CortexM3\ARM_GCC_473\Debug\PWM_MOTOR_PAN.o
arm-none-eabi-gcc.exe -I. -I./Generated_Source/PSoC5 -Wno-main -mcpu=cortex-m3 -mthumb -Wall -g -D DEBUG -Wa,-alh=.\CortexM3\ARM_GCC_473\Debug\PWM_MOTOR_PAN_PM.lst -ffunction-sections -c .\Generated_Source\PSoC5\PWM_MOTOR_PAN_PM.c -o .\CortexM3\ARM_GCC_473\Debug\PWM_MOTOR_PAN_PM.o
arm-none-eabi-gcc.exe -I. -I./Generated_Source/PSoC5 -Wno-main -mcpu=cortex-m3 -mthumb -Wall -g -D DEBUG -Wa,-alh=.\CortexM3\ARM_GCC_473\Debug\isr_BUTTON.lst -ffunction-sections -c .\Generated_Source\PSoC5\isr_BUTTON.c -o .\CortexM3\ARM_GCC_473\Debug\isr_BUTTON.o
arm-none-eabi-gcc.exe -I. -I./Generated_Source/PSoC5 -Wno-main -mcpu=cortex-m3 -mthumb -Wall -g -D DEBUG -Wa,-alh=.\CortexM3\ARM_GCC_473\Debug\WaveDAC8.lst -ffunction-sections -c .\Generated_Source\PSoC5\WaveDAC8.c -o .\CortexM3\ARM_GCC_473\Debug\WaveDAC8.o
arm-none-eabi-gcc.exe -I. -I./Generated_Source/PSoC5 -Wno-main -mcpu=cortex-m3 -mthumb -Wall -g -D DEBUG -Wa,-alh=.\CortexM3\ARM_GCC_473\Debug\WaveDAC8_PM.lst -ffunction-sections -c .\Generated_Source\PSoC5\WaveDAC8_PM.c -o .\CortexM3\ARM_GCC_473\Debug\WaveDAC8_PM.o
arm-none-eabi-gcc.exe -I. -I./Generated_Source/PSoC5 -Wno-main -mcpu=cortex-m3 -mthumb -Wall -g -D DEBUG -Wa,-alh=.\CortexM3\ARM_GCC_473\Debug\WaveDAC8_DacClk.lst -ffunction-sections -c .\Generated_Source\PSoC5\WaveDAC8_DacClk.c -o .\CortexM3\ARM_GCC_473\Debug\WaveDAC8_DacClk.o
arm-none-eabi-gcc.exe -I. -I./Generated_Source/PSoC5 -Wno-main -mcpu=cortex-m3 -mthumb -Wall -g -D DEBUG -Wa,-alh=.\CortexM3\ARM_GCC_473\Debug\WaveDAC8_Wave1_DMA_dma.lst -ffunction-sections -c .\Generated_Source\PSoC5\WaveDAC8_Wave1_DMA_dma.c -o .\CortexM3\ARM_GCC_473\Debug\WaveDAC8_Wave1_DMA_dma.o
arm-none-eabi-gcc.exe -I. -I./Generated_Source/PSoC5 -Wno-main -mcpu=cortex-m3 -mthumb -Wall -g -D DEBUG -Wa,-alh=.\CortexM3\ARM_GCC_473\Debug\WaveDAC8_Wave2_DMA_dma.lst -ffunction-sections -c .\Generated_Source\PSoC5\WaveDAC8_Wave2_DMA_dma.c -o .\CortexM3\ARM_GCC_473\Debug\WaveDAC8_Wave2_DMA_dma.o
arm-none-eabi-gcc.exe -I. -I./Generated_Source/PSoC5 -Wno-main -mcpu=cortex-m3 -mthumb -Wall -g -D DEBUG -Wa,-alh=.\CortexM3\ARM_GCC_473\Debug\WaveDAC8_VDAC8.lst -ffunction-sections -c .\Generated_Source\PSoC5\WaveDAC8_VDAC8.c -o .\CortexM3\ARM_GCC_473\Debug\WaveDAC8_VDAC8.o
arm-none-eabi-gcc.exe -I. -I./Generated_Source/PSoC5 -Wno-main -mcpu=cortex-m3 -mthumb -Wall -g -D DEBUG -Wa,-alh=.\CortexM3\ARM_GCC_473\Debug\WaveDAC8_VDAC8_PM.lst -ffunction-sections -c .\Generated_Source\PSoC5\WaveDAC8_VDAC8_PM.c -o .\CortexM3\ARM_GCC_473\Debug\WaveDAC8_VDAC8_PM.o
arm-none-eabi-gcc.exe -I. -I./Generated_Source/PSoC5 -Wno-main -mcpu=cortex-m3 -mthumb -Wall -g -D DEBUG -Wa,-alh=.\CortexM3\ARM_GCC_473\Debug\WaveDAC8_BuffAmp.lst -ffunction-sections -c .\Generated_Source\PSoC5\WaveDAC8_BuffAmp.c -o .\CortexM3\ARM_GCC_473\Debug\WaveDAC8_BuffAmp.o
arm-none-eabi-gcc.exe -I. -I./Generated_Source/PSoC5 -Wno-main -mcpu=cortex-m3 -mthumb -Wall -g -D DEBUG -Wa,-alh=.\CortexM3\ARM_GCC_473\Debug\WaveDAC8_BuffAmp_PM.lst -ffunction-sections -c .\Generated_Source\PSoC5\WaveDAC8_BuffAmp_PM.c -o .\CortexM3\ARM_GCC_473\Debug\WaveDAC8_BuffAmp_PM.o
arm-none-eabi-gcc.exe -I. -I./Generated_Source/PSoC5 -Wno-main -mcpu=cortex-m3 -mthumb -Wall -g -D DEBUG -Wa,-alh=.\CortexM3\ARM_GCC_473\Debug\VDAC8_ANAPOS.lst -ffunction-sections -c .\Generated_Source\PSoC5\VDAC8_ANAPOS.c -o .\CortexM3\ARM_GCC_473\Debug\VDAC8_ANAPOS.o
arm-none-eabi-gcc.exe -I. -I./Generated_Source/PSoC5 -Wno-main -mcpu=cortex-m3 -mthumb -Wall -g -D DEBUG -Wa,-alh=.\CortexM3\ARM_GCC_473\Debug\VDAC8_ANAPOS_PM.lst -ffunction-sections -c .\Generated_Source\PSoC5\VDAC8_ANAPOS_PM.c -o .\CortexM3\ARM_GCC_473\Debug\VDAC8_ANAPOS_PM.o
arm-none-eabi-gcc.exe -I. -I./Generated_Source/PSoC5 -Wno-main -mcpu=cortex-m3 -mthumb -Wall -g -D DEBUG -Wa,-alh=.\CortexM3\ARM_GCC_473\Debug\isr_EVENTS_IDENTIF.lst -ffunction-sections -c .\Generated_Source\PSoC5\isr_EVENTS_IDENTIF.c -o .\CortexM3\ARM_GCC_473\Debug\isr_EVENTS_IDENTIF.o
arm-none-eabi-gcc.exe -I. -I./Generated_Source/PSoC5 -Wno-main -mcpu=cortex-m3 -mthumb -Wall -g -D DEBUG -Wa,-alh=.\CortexM3\ARM_GCC_473\Debug\PAN_ENCA.lst -ffunction-sections -c .\Generated_Source\PSoC5\PAN_ENCA.c -o .\CortexM3\ARM_GCC_473\Debug\PAN_ENCA.o
arm-none-eabi-gcc.exe -I. -I./Generated_Source/PSoC5 -Wno-main -mcpu=cortex-m3 -mthumb -Wall -g -D DEBUG -Wa,-alh=.\CortexM3\ARM_GCC_473\Debug\PAN_ENCB.lst -ffunction-sections -c .\Generated_Source\PSoC5\PAN_ENCB.c -o .\CortexM3\ARM_GCC_473\Debug\PAN_ENCB.o
arm-none-eabi-gcc.exe -I. -I./Generated_Source/PSoC5 -Wno-main -mcpu=cortex-m3 -mthumb -Wall -g -D DEBUG -Wa,-alh=.\CortexM3\ARM_GCC_473\Debug\CC_SCL.lst -ffunction-sections -c .\Generated_Source\PSoC5\CC_SCL.c -o .\CortexM3\ARM_GCC_473\Debug\CC_SCL.o
arm-none-eabi-gcc.exe -I. -I./Generated_Source/PSoC5 -Wno-main -mcpu=cortex-m3 -mthumb -Wall -g -D DEBUG -Wa,-alh=.\CortexM3\ARM_GCC_473\Debug\CC_SDA.lst -ffunction-sections -c .\Generated_Source\PSoC5\CC_SDA.c -o .\CortexM3\ARM_GCC_473\Debug\CC_SDA.o
arm-none-eabi-gcc.exe -I. -I./Generated_Source/PSoC5 -Wno-main -mcpu=cortex-m3 -mthumb -Wall -g -D DEBUG -Wa,-alh=.\CortexM3\ARM_GCC_473\Debug\I2C_COULOMB.lst -ffunction-sections -c .\Generated_Source\PSoC5\I2C_COULOMB.c -o .\CortexM3\ARM_GCC_473\Debug\I2C_COULOMB.o
arm-none-eabi-gcc.exe -I. -I./Generated_Source/PSoC5 -Wno-main -mcpu=cortex-m3 -mthumb -Wall -g -D DEBUG -Wa,-alh=.\CortexM3\ARM_GCC_473\Debug\I2C_COULOMB_BOOT.lst -ffunction-sections -c .\Generated_Source\PSoC5\I2C_COULOMB_BOOT.c -o .\CortexM3\ARM_GCC_473\Debug\I2C_COULOMB_BOOT.o
arm-none-eabi-gcc.exe -I. -I./Generated_Source/PSoC5 -Wno-main -mcpu=cortex-m3 -mthumb -Wall -g -D DEBUG -Wa,-alh=.\CortexM3\ARM_GCC_473\Debug\I2C_COULOMB_INT.lst -ffunction-sections -c .\Generated_Source\PSoC5\I2C_COULOMB_INT.c -o .\CortexM3\ARM_GCC_473\Debug\I2C_COULOMB_INT.o
arm-none-eabi-gcc.exe -I. -I./Generated_Source/PSoC5 -Wno-main -mcpu=cortex-m3 -mthumb -Wall -g -D DEBUG -Wa,-alh=.\CortexM3\ARM_GCC_473\Debug\I2C_COULOMB_PM.lst -ffunction-sections -c .\Generated_Source\PSoC5\I2C_COULOMB_PM.c -o .\CortexM3\ARM_GCC_473\Debug\I2C_COULOMB_PM.o
arm-none-eabi-gcc.exe -I. -I./Generated_Source/PSoC5 -Wno-main -mcpu=cortex-m3 -mthumb -Wall -g -D DEBUG -Wa,-alh=.\CortexM3\ARM_GCC_473\Debug\I2C_COULOMB_SLAVE.lst -ffunction-sections -c .\Generated_Source\PSoC5\I2C_COULOMB_SLAVE.c -o .\CortexM3\ARM_GCC_473\Debug\I2C_COULOMB_SLAVE.o
arm-none-eabi-gcc.exe -I. -I./Generated_Source/PSoC5 -Wno-main -mcpu=cortex-m3 -mthumb -Wall -g -D DEBUG -Wa,-alh=.\CortexM3\ARM_GCC_473\Debug\I2C_COULOMB_MASTER.lst -ffunction-sections -c .\Generated_Source\PSoC5\I2C_COULOMB_MASTER.c -o .\CortexM3\ARM_GCC_473\Debug\I2C_COULOMB_MASTER.o
arm-none-eabi-gcc.exe -I. -I./Generated_Source/PSoC5 -Wno-main -mcpu=cortex-m3 -mthumb -Wall -g -D DEBUG -Wa,-alh=.\CortexM3\ARM_GCC_473\Debug\PAN_MOT_FL.lst -ffunction-sections -c .\Generated_Source\PSoC5\PAN_MOT_FL.c -o .\CortexM3\ARM_GCC_473\Debug\PAN_MOT_FL.o
arm-none-eabi-gcc.exe -I. -I./Generated_Source/PSoC5 -Wno-main -mcpu=cortex-m3 -mthumb -Wall -g -D DEBUG -Wa,-alh=.\CortexM3\ARM_GCC_473\Debug\PAN_MOT_IN1.lst -ffunction-sections -c .\Generated_Source\PSoC5\PAN_MOT_IN1.c -o .\CortexM3\ARM_GCC_473\Debug\PAN_MOT_IN1.o
arm-none-eabi-gcc.exe -I. -I./Generated_Source/PSoC5 -Wno-main -mcpu=cortex-m3 -mthumb -Wall -g -D DEBUG -Wa,-alh=.\CortexM3\ARM_GCC_473\Debug\PAN_MOT_IN2.lst -ffunction-sections -c .\Generated_Source\PSoC5\PAN_MOT_IN2.c -o .\CortexM3\ARM_GCC_473\Debug\PAN_MOT_IN2.o
arm-none-eabi-gcc.exe -I. -I./Generated_Source/PSoC5 -Wno-main -mcpu=cortex-m3 -mthumb -Wall -g -D DEBUG -Wa,-alh=.\CortexM3\ARM_GCC_473\Debug\TILT_ENCA.lst -ffunction-sections -c .\Generated_Source\PSoC5\TILT_ENCA.c -o .\CortexM3\ARM_GCC_473\Debug\TILT_ENCA.o
arm-none-eabi-gcc.exe -I. -I./Generated_Source/PSoC5 -Wno-main -mcpu=cortex-m3 -mthumb -Wall -g -D DEBUG -Wa,-alh=.\CortexM3\ARM_GCC_473\Debug\QuadDec_TILT.lst -ffunction-sections -c .\Generated_Source\PSoC5\QuadDec_TILT.c -o .\CortexM3\ARM_GCC_473\Debug\QuadDec_TILT.o
arm-none-eabi-gcc.exe -I. -I./Generated_Source/PSoC5 -Wno-main -mcpu=cortex-m3 -mthumb -Wall -g -D DEBUG -Wa,-alh=.\CortexM3\ARM_GCC_473\Debug\QuadDec_TILT_INT.lst -ffunction-sections -c .\Generated_Source\PSoC5\QuadDec_TILT_INT.c -o .\CortexM3\ARM_GCC_473\Debug\QuadDec_TILT_INT.o
arm-none-eabi-gcc.exe -I. -I./Generated_Source/PSoC5 -Wno-main -mcpu=cortex-m3 -mthumb -Wall -g -D DEBUG -Wa,-alh=.\CortexM3\ARM_GCC_473\Debug\QuadDec_TILT_PM.lst -ffunction-sections -c .\Generated_Source\PSoC5\QuadDec_TILT_PM.c -o .\CortexM3\ARM_GCC_473\Debug\QuadDec_TILT_PM.o
arm-none-eabi-gcc.exe -I. -I./Generated_Source/PSoC5 -Wno-main -mcpu=cortex-m3 -mthumb -Wall -g -D DEBUG -Wa,-alh=.\CortexM3\ARM_GCC_473\Debug\Clock_2.lst -ffunction-sections -c .\Generated_Source\PSoC5\Clock_2.c -o .\CortexM3\ARM_GCC_473\Debug\Clock_2.o
arm-none-eabi-gcc.exe -I. -I./Generated_Source/PSoC5 -Wno-main -mcpu=cortex-m3 -mthumb -Wall -g -D DEBUG -Wa,-alh=.\CortexM3\ARM_GCC_473\Debug\CC_nALCC.lst -ffunction-sections -c .\Generated_Source\PSoC5\CC_nALCC.c -o .\CortexM3\ARM_GCC_473\Debug\CC_nALCC.o
arm-none-eabi-gcc.exe -I. -I./Generated_Source/PSoC5 -Wno-main -mcpu=cortex-m3 -mthumb -Wall -g -D DEBUG -Wa,-alh=.\CortexM3\ARM_GCC_473\Debug\TILT_MOT_FL.lst -ffunction-sections -c .\Generated_Source\PSoC5\TILT_MOT_FL.c -o .\CortexM3\ARM_GCC_473\Debug\TILT_MOT_FL.o
arm-none-eabi-gcc.exe -I. -I./Generated_Source/PSoC5 -Wno-main -mcpu=cortex-m3 -mthumb -Wall -g -D DEBUG -Wa,-alh=.\CortexM3\ARM_GCC_473\Debug\TILT_ENCB.lst -ffunction-sections -c .\Generated_Source\PSoC5\TILT_ENCB.c -o .\CortexM3\ARM_GCC_473\Debug\TILT_ENCB.o
arm-none-eabi-gcc.exe -I. -I./Generated_Source/PSoC5 -Wno-main -mcpu=cortex-m3 -mthumb -Wall -g -D DEBUG -Wa,-alh=.\CortexM3\ARM_GCC_473\Debug\PWM_MOTOR_TILT.lst -ffunction-sections -c .\Generated_Source\PSoC5\PWM_MOTOR_TILT.c -o .\CortexM3\ARM_GCC_473\Debug\PWM_MOTOR_TILT.o
arm-none-eabi-gcc.exe -I. -I./Generated_Source/PSoC5 -Wno-main -mcpu=cortex-m3 -mthumb -Wall -g -D DEBUG -Wa,-alh=.\CortexM3\ARM_GCC_473\Debug\PWM_MOTOR_TILT_PM.lst -ffunction-sections -c .\Generated_Source\PSoC5\PWM_MOTOR_TILT_PM.c -o .\CortexM3\ARM_GCC_473\Debug\PWM_MOTOR_TILT_PM.o
arm-none-eabi-gcc.exe -I. -I./Generated_Source/PSoC5 -Wno-main -mcpu=cortex-m3 -mthumb -Wall -g -D DEBUG -Wa,-alh=.\CortexM3\ARM_GCC_473\Debug\TILT_MOT_IN1.lst -ffunction-sections -c .\Generated_Source\PSoC5\TILT_MOT_IN1.c -o .\CortexM3\ARM_GCC_473\Debug\TILT_MOT_IN1.o
arm-none-eabi-gcc.exe -I. -I./Generated_Source/PSoC5 -Wno-main -mcpu=cortex-m3 -mthumb -Wall -g -D DEBUG -Wa,-alh=.\CortexM3\ARM_GCC_473\Debug\TILT_MOT_IN2.lst -ffunction-sections -c .\Generated_Source\PSoC5\TILT_MOT_IN2.c -o .\CortexM3\ARM_GCC_473\Debug\TILT_MOT_IN2.o
arm-none-eabi-gcc.exe -I. -I./Generated_Source/PSoC5 -Wno-main -mcpu=cortex-m3 -mthumb -Wall -g -D DEBUG -Wa,-alh=.\CortexM3\ARM_GCC_473\Debug\QuadDec_TILT_isr.lst -ffunction-sections -c .\Generated_Source\PSoC5\QuadDec_TILT_isr.c -o .\CortexM3\ARM_GCC_473\Debug\QuadDec_TILT_isr.o
arm-none-eabi-gcc.exe -I. -I./Generated_Source/PSoC5 -Wno-main -mcpu=cortex-m3 -mthumb -Wall -g -D DEBUG -Wa,-alh=.\CortexM3\ARM_GCC_473\Debug\QuadDec_TILT_Cnt16.lst -ffunction-sections -c .\Generated_Source\PSoC5\QuadDec_TILT_Cnt16.c -o .\CortexM3\ARM_GCC_473\Debug\QuadDec_TILT_Cnt16.o
arm-none-eabi-gcc.exe -I. -I./Generated_Source/PSoC5 -Wno-main -mcpu=cortex-m3 -mthumb -Wall -g -D DEBUG -Wa,-alh=.\CortexM3\ARM_GCC_473\Debug\QuadDec_TILT_Cnt16_PM.lst -ffunction-sections -c .\Generated_Source\PSoC5\QuadDec_TILT_Cnt16_PM.c -o .\CortexM3\ARM_GCC_473\Debug\QuadDec_TILT_Cnt16_PM.o
arm-none-eabi-gcc.exe -I. -I./Generated_Source/PSoC5 -Wno-main -mcpu=cortex-m3 -mthumb -Wall -g -D DEBUG -Wa,-alh=.\CortexM3\ARM_GCC_473\Debug\Status_Reg_SYS.lst -ffunction-sections -c .\Generated_Source\PSoC5\Status_Reg_SYS.c -o .\CortexM3\ARM_GCC_473\Debug\Status_Reg_SYS.o
arm-none-eabi-gcc.exe -I. -I./Generated_Source/PSoC5 -Wno-main -mcpu=cortex-m3 -mthumb -Wall -g -D DEBUG -Wa,-alh=.\CortexM3\ARM_GCC_473\Debug\SENSE_IPAN.lst -ffunction-sections -c .\Generated_Source\PSoC5\SENSE_IPAN.c -o .\CortexM3\ARM_GCC_473\Debug\SENSE_IPAN.o
arm-none-eabi-gcc.exe -I. -I./Generated_Source/PSoC5 -Wno-main -mcpu=cortex-m3 -mthumb -Wall -g -D DEBUG -Wa,-alh=.\CortexM3\ARM_GCC_473\Debug\SENSE_ITILT.lst -ffunction-sections -c .\Generated_Source\PSoC5\SENSE_ITILT.c -o .\CortexM3\ARM_GCC_473\Debug\SENSE_ITILT.o
arm-none-eabi-gcc.exe -I. -I./Generated_Source/PSoC5 -Wno-main -mcpu=cortex-m3 -mthumb -Wall -g -D DEBUG -Wa,-alh=.\CortexM3\ARM_GCC_473\Debug\ANAPOS_OUTPUT.lst -ffunction-sections -c .\Generated_Source\PSoC5\ANAPOS_OUTPUT.c -o .\CortexM3\ARM_GCC_473\Debug\ANAPOS_OUTPUT.o
arm-none-eabi-gcc.exe -I. -I./Generated_Source/PSoC5 -Wno-main -mcpu=cortex-m3 -mthumb -Wall -g -D DEBUG -Wa,-alh=.\CortexM3\ARM_GCC_473\Debug\ASTIM_OUTPUT.lst -ffunction-sections -c .\Generated_Source\PSoC5\ASTIM_OUTPUT.c -o .\CortexM3\ARM_GCC_473\Debug\ASTIM_OUTPUT.o
arm-none-eabi-gcc.exe -I. -I./Generated_Source/PSoC5 -Wno-main -mcpu=cortex-m3 -mthumb -Wall -g -D DEBUG -Wa,-alh=.\CortexM3\ARM_GCC_473\Debug\PGA_ASTIM.lst -ffunction-sections -c .\Generated_Source\PSoC5\PGA_ASTIM.c -o .\CortexM3\ARM_GCC_473\Debug\PGA_ASTIM.o
arm-none-eabi-gcc.exe -I. -I./Generated_Source/PSoC5 -Wno-main -mcpu=cortex-m3 -mthumb -Wall -g -D DEBUG -Wa,-alh=.\CortexM3\ARM_GCC_473\Debug\PGA_ASTIM_PM.lst -ffunction-sections -c .\Generated_Source\PSoC5\PGA_ASTIM_PM.c -o .\CortexM3\ARM_GCC_473\Debug\PGA_ASTIM_PM.o
arm-none-eabi-gcc.exe -I. -I./Generated_Source/PSoC5 -Wno-main -mcpu=cortex-m3 -mthumb -Wall -g -D DEBUG -Wa,-alh=.\CortexM3\ARM_GCC_473\Debug\HOME_PAN.lst -ffunction-sections -c .\Generated_Source\PSoC5\HOME_PAN.c -o .\CortexM3\ARM_GCC_473\Debug\HOME_PAN.o
arm-none-eabi-gcc.exe -I. -I./Generated_Source/PSoC5 -Wno-main -mcpu=cortex-m3 -mthumb -Wall -g -D DEBUG -Wa,-alh=.\CortexM3\ARM_GCC_473\Debug\Clock_SYS.lst -ffunction-sections -c .\Generated_Source\PSoC5\Clock_SYS.c -o .\CortexM3\ARM_GCC_473\Debug\Clock_SYS.o
arm-none-eabi-gcc.exe -I. -I./Generated_Source/PSoC5 -Wno-main -mcpu=cortex-m3 -mthumb -Wall -g -D DEBUG -Wa,-alh=.\CortexM3\ARM_GCC_473\Debug\HOME_TILT.lst -ffunction-sections -c .\Generated_Source\PSoC5\HOME_TILT.c -o .\CortexM3\ARM_GCC_473\Debug\HOME_TILT.o
arm-none-eabi-gcc.exe -I. -I./Generated_Source/PSoC5 -Wno-main -mcpu=cortex-m3 -mthumb -Wall -g -D DEBUG -Wa,-alh=.\CortexM3\ARM_GCC_473\Debug\LED_WIFI_OK.lst -ffunction-sections -c .\Generated_Source\PSoC5\LED_WIFI_OK.c -o .\CortexM3\ARM_GCC_473\Debug\LED_WIFI_OK.o
arm-none-eabi-gcc.exe -I. -I./Generated_Source/PSoC5 -Wno-main -mcpu=cortex-m3 -mthumb -Wall -g -D DEBUG -Wa,-alh=.\CortexM3\ARM_GCC_473\Debug\LED_WIFI_FAULT.lst -ffunction-sections -c .\Generated_Source\PSoC5\LED_WIFI_FAULT.c -o .\CortexM3\ARM_GCC_473\Debug\LED_WIFI_FAULT.o
arm-none-eabi-gcc.exe -I. -I./Generated_Source/PSoC5 -Wno-main -mcpu=cortex-m3 -mthumb -Wall -g -D DEBUG -Wa,-alh=.\CortexM3\ARM_GCC_473\Debug\DEBUG_LED.lst -ffunction-sections -c .\Generated_Source\PSoC5\DEBUG_LED.c -o .\CortexM3\ARM_GCC_473\Debug\DEBUG_LED.o
arm-none-eabi-gcc.exe -I. -I./Generated_Source/PSoC5 -Wno-main -mcpu=cortex-m3 -mthumb -Wall -g -D DEBUG -Wa,-alh=.\CortexM3\ARM_GCC_473\Debug\Status_Reg_MOTORS.lst -ffunction-sections -c .\Generated_Source\PSoC5\Status_Reg_MOTORS.c -o .\CortexM3\ARM_GCC_473\Debug\Status_Reg_MOTORS.o
arm-none-eabi-gcc.exe -I. -I./Generated_Source/PSoC5 -Wno-main -mcpu=cortex-m3 -mthumb -Wall -g -D DEBUG -Wa,-alh=.\CortexM3\ARM_GCC_473\Debug\isr_CLU_EXEC.lst -ffunction-sections -c .\Generated_Source\PSoC5\isr_CLU_EXEC.c -o .\CortexM3\ARM_GCC_473\Debug\isr_CLU_EXEC.o
arm-none-eabi-gcc.exe -I. -I./Generated_Source/PSoC5 -Wno-main -mcpu=cortex-m3 -mthumb -Wall -g -D DEBUG -Wa,-alh=.\CortexM3\ARM_GCC_473\Debug\IMU_UM7_RX.lst -ffunction-sections -c .\Generated_Source\PSoC5\IMU_UM7_RX.c -o .\CortexM3\ARM_GCC_473\Debug\IMU_UM7_RX.o
arm-none-eabi-gcc.exe -I. -I./Generated_Source/PSoC5 -Wno-main -mcpu=cortex-m3 -mthumb -Wall -g -D DEBUG -Wa,-alh=.\CortexM3\ARM_GCC_473\Debug\IMU_UM7_TX.lst -ffunction-sections -c .\Generated_Source\PSoC5\IMU_UM7_TX.c -o .\CortexM3\ARM_GCC_473\Debug\IMU_UM7_TX.o
arm-none-eabi-gcc.exe -I. -I./Generated_Source/PSoC5 -Wno-main -mcpu=cortex-m3 -mthumb -Wall -g -D DEBUG -Wa,-alh=.\CortexM3\ARM_GCC_473\Debug\Control_Reg_LORA.lst -ffunction-sections -c .\Generated_Source\PSoC5\Control_Reg_LORA.c -o .\CortexM3\ARM_GCC_473\Debug\Control_Reg_LORA.o
arm-none-eabi-gcc.exe -I. -I./Generated_Source/PSoC5 -Wno-main -mcpu=cortex-m3 -mthumb -Wall -g -D DEBUG -Wa,-alh=.\CortexM3\ARM_GCC_473\Debug\Control_Reg_LORA_RESET.lst -ffunction-sections -c .\Generated_Source\PSoC5\Control_Reg_LORA_RESET.c -o .\CortexM3\ARM_GCC_473\Debug\Control_Reg_LORA_RESET.o
arm-none-eabi-gcc.exe -I. -I./Generated_Source/PSoC5 -Wno-main -mcpu=cortex-m3 -mthumb -Wall -g -D DEBUG -Wa,-alh=.\CortexM3\ARM_GCC_473\Debug\isr_TORQUESTAT.lst -ffunction-sections -c .\Generated_Source\PSoC5\isr_TORQUESTAT.c -o .\CortexM3\ARM_GCC_473\Debug\isr_TORQUESTAT.o
arm-none-eabi-gcc.exe -I. -I./Generated_Source/PSoC5 -Wno-main -mcpu=cortex-m3 -mthumb -Wall -g -D DEBUG -Wa,-alh=.\CortexM3\ARM_GCC_473\Debug\isr_LIMIT_CTRL.lst -ffunction-sections -c .\Generated_Source\PSoC5\isr_LIMIT_CTRL.c -o .\CortexM3\ARM_GCC_473\Debug\isr_LIMIT_CTRL.o
arm-none-eabi-gcc.exe -I. -I./Generated_Source/PSoC5 -Wno-main -mcpu=cortex-m3 -mthumb -Wall -g -D DEBUG -Wa,-alh=.\CortexM3\ARM_GCC_473\Debug\Control_Reg_WS.lst -ffunction-sections -c .\Generated_Source\PSoC5\Control_Reg_WS.c -o .\CortexM3\ARM_GCC_473\Debug\Control_Reg_WS.o
arm-none-eabi-gcc.exe -I. -I./Generated_Source/PSoC5 -Wno-main -mcpu=cortex-m3 -mthumb -Wall -g -D DEBUG -Wa,-alh=.\CortexM3\ARM_GCC_473\Debug\isr_FAULT_CTRL.lst -ffunction-sections -c .\Generated_Source\PSoC5\isr_FAULT_CTRL.c -o .\CortexM3\ARM_GCC_473\Debug\isr_FAULT_CTRL.o
arm-none-eabi-ar.exe -rs .\CortexM3\ARM_GCC_473\Debug\Squit-Proto.a .\CortexM3\ARM_GCC_473\Debug\cyfitter_cfg.o .\CortexM3\ARM_GCC_473\Debug\ADXL_X.o .\CortexM3\ARM_GCC_473\Debug\ADXL_Y.o .\CortexM3\ARM_GCC_473\Debug\ADC.o .\CortexM3\ARM_GCC_473\Debug\ADC_PM.o .\CortexM3\ARM_GCC_473\Debug\ADC_INT.o .\CortexM3\ARM_GCC_473\Debug\UART_USB.o .\CortexM3\ARM_GCC_473\Debug\UART_USB_PM.o .\CortexM3\ARM_GCC_473\Debug\UART_USB_INT.o .\CortexM3\ARM_GCC_473\Debug\UART_USB_BOOT.o .\CortexM3\ARM_GCC_473\Debug\VREF.o .\CortexM3\ARM_GCC_473\Debug\Control_Reg_LED.o .\CortexM3\ARM_GCC_473\Debug\LED_OK.o .\CortexM3\ARM_GCC_473\Debug\EEPROM.o .\CortexM3\ARM_GCC_473\Debug\AMuxSeq.o .\CortexM3\ARM_GCC_473\Debug\isr_CTRL.o .\CortexM3\ARM_GCC_473\Debug\Clock_CTRL.o .\CortexM3\ARM_GCC_473\Debug\Status_Reg_BUTTON.o .\CortexM3\ARM_GCC_473\Debug\Counter_LED.o .\CortexM3\ARM_GCC_473\Debug\Counter_LED_PM.o .\CortexM3\ARM_GCC_473\Debug\LED_FAULT.o .\CortexM3\ARM_GCC_473\Debug\ADC_theACLK.o .\CortexM3\ARM_GCC_473\Debug\ADC_Ext_CP_Clk.o .\CortexM3\ARM_GCC_473\Debug\UART_USB_IntClock.o .\CortexM3\ARM_GCC_473\Debug\CyBootAsmGnu.o .\CortexM3\ARM_GCC_473\Debug\CyDmac.o .\CortexM3\ARM_GCC_473\Debug\CyFlash.o .\CortexM3\ARM_GCC_473\Debug\CyLib.o .\CortexM3\ARM_GCC_473\Debug\cyPm.o .\CortexM3\ARM_GCC_473\Debug\CySpc.o .\CortexM3\ARM_GCC_473\Debug\cyutils.o .\CortexM3\ARM_GCC_473\Debug\nBUTTON_PUSH.o .\CortexM3\ARM_GCC_473\Debug\nBUTTON_CW.o .\CortexM3\ARM_GCC_473\Debug\SENSE_VCC.o .\CortexM3\ARM_GCC_473\Debug\ADXL_Z.o .\CortexM3\ARM_GCC_473\Debug\nBUTTON_CCW.o .\CortexM3\ARM_GCC_473\Debug\Control_Reg_BUZ.o .\CortexM3\ARM_GCC_473\Debug\BUZ.o .\CortexM3\ARM_GCC_473\Debug\Control_Reg_MOTOR.o .\CortexM3\ARM_GCC_473\Debug\QuadDec_PAN.o .\CortexM3\ARM_GCC_473\Debug\QuadDec_PAN_INT.o .\CortexM3\ARM_GCC_473\Debug\QuadDec_PAN_PM.o .\CortexM3\ARM_GCC_473\Debug\QuadDec_PAN_isr.o .\CortexM3\ARM_GCC_473\Debug\QuadDec_PAN_Cnt16.o .\CortexM3\ARM_GCC_473\Debug\QuadDec_PAN_Cnt16_PM.o .\CortexM3\ARM_GCC_473\Debug\MOT_SLEEPn.o .\CortexM3\ARM_GCC_473\Debug\ITG_INT.o .\CortexM3\ARM_GCC_473\Debug\Control_Reg_SYS.o .\CortexM3\ARM_GCC_473\Debug\V5_PHER_nSHDN.o .\CortexM3\ARM_GCC_473\Debug\V3_nSHDN.o .\CortexM3\ARM_GCC_473\Debug\ADXL_ST.o .\CortexM3\ARM_GCC_473\Debug\BAT_FAULTn.o .\CortexM3\ARM_GCC_473\Debug\BAT_CHRGn.o .\CortexM3\ARM_GCC_473\Debug\ADC_IRQ.o .\CortexM3\ARM_GCC_473\Debug\isr_Ticks.o .\CortexM3\ARM_GCC_473\Debug\PWM_MOTOR_PAN.o .\CortexM3\ARM_GCC_473\Debug\PWM_MOTOR_PAN_PM.o .\CortexM3\ARM_GCC_473\Debug\isr_BUTTON.o .\CortexM3\ARM_GCC_473\Debug\WaveDAC8.o .\CortexM3\ARM_GCC_473\Debug\WaveDAC8_PM.o .\CortexM3\ARM_GCC_473\Debug\WaveDAC8_DacClk.o .\CortexM3\ARM_GCC_473\Debug\WaveDAC8_Wave1_DMA_dma.o .\CortexM3\ARM_GCC_473\Debug\WaveDAC8_Wave2_DMA_dma.o .\CortexM3\ARM_GCC_473\Debug\WaveDAC8_VDAC8.o .\CortexM3\ARM_GCC_473\Debug\WaveDAC8_VDAC8_PM.o .\CortexM3\ARM_GCC_473\Debug\WaveDAC8_BuffAmp.o .\CortexM3\ARM_GCC_473\Debug\WaveDAC8_BuffAmp_PM.o .\CortexM3\ARM_GCC_473\Debug\VDAC8_ANAPOS.o .\CortexM3\ARM_GCC_473\Debug\VDAC8_ANAPOS_PM.o .\CortexM3\ARM_GCC_473\Debug\isr_EVENTS_IDENTIF.o .\CortexM3\ARM_GCC_473\Debug\PAN_ENCA.o .\CortexM3\ARM_GCC_473\Debug\PAN_ENCB.o .\CortexM3\ARM_GCC_473\Debug\CC_SCL.o .\CortexM3\ARM_GCC_473\Debug\CC_SDA.o .\CortexM3\ARM_GCC_473\Debug\I2C_COULOMB.o .\CortexM3\ARM_GCC_473\Debug\I2C_COULOMB_BOOT.o .\CortexM3\ARM_GCC_473\Debug\I2C_COULOMB_INT.o .\CortexM3\ARM_GCC_473\Debug\I2C_COULOMB_PM.o .\CortexM3\ARM_GCC_473\Debug\I2C_COULOMB_SLAVE.o .\CortexM3\ARM_GCC_473\Debug\I2C_COULOMB_MASTER.o .\CortexM3\ARM_GCC_473\Debug\PAN_MOT_FL.o .\CortexM3\ARM_GCC_473\Debug\PAN_MOT_IN1.o .\CortexM3\ARM_GCC_473\Debug\PAN_MOT_IN2.o .\CortexM3\ARM_GCC_473\Debug\TILT_ENCA.o .\CortexM3\ARM_GCC_473\Debug\QuadDec_TILT.o .\CortexM3\ARM_GCC_473\Debug\QuadDec_TILT_INT.o .\CortexM3\ARM_GCC_473\Debug\QuadDec_TILT_PM.o .\CortexM3\ARM_GCC_473\Debug\Clock_2.o .\CortexM3\ARM_GCC_473\Debug\CC_nALCC.o .\CortexM3\ARM_GCC_473\Debug\TILT_MOT_FL.o .\CortexM3\ARM_GCC_473\Debug\TILT_ENCB.o .\CortexM3\ARM_GCC_473\Debug\PWM_MOTOR_TILT.o .\CortexM3\ARM_GCC_473\Debug\PWM_MOTOR_TILT_PM.o .\CortexM3\ARM_GCC_473\Debug\TILT_MOT_IN1.o .\CortexM3\ARM_GCC_473\Debug\TILT_MOT_IN2.o .\CortexM3\ARM_GCC_473\Debug\QuadDec_TILT_isr.o .\CortexM3\ARM_GCC_473\Debug\QuadDec_TILT_Cnt16.o .\CortexM3\ARM_GCC_473\Debug\QuadDec_TILT_Cnt16_PM.o .\CortexM3\ARM_GCC_473\Debug\Status_Reg_SYS.o .\CortexM3\ARM_GCC_473\Debug\SENSE_IPAN.o .\CortexM3\ARM_GCC_473\Debug\SENSE_ITILT.o .\CortexM3\ARM_GCC_473\Debug\ANAPOS_OUTPUT.o .\CortexM3\ARM_GCC_473\Debug\ASTIM_OUTPUT.o .\CortexM3\ARM_GCC_473\Debug\PGA_ASTIM.o .\CortexM3\ARM_GCC_473\Debug\PGA_ASTIM_PM.o .\CortexM3\ARM_GCC_473\Debug\HOME_PAN.o .\CortexM3\ARM_GCC_473\Debug\Clock_SYS.o .\CortexM3\ARM_GCC_473\Debug\HOME_TILT.o .\CortexM3\ARM_GCC_473\Debug\LED_WIFI_OK.o .\CortexM3\ARM_GCC_473\Debug\LED_WIFI_FAULT.o .\CortexM3\ARM_GCC_473\Debug\DEBUG_LED.o .\CortexM3\ARM_GCC_473\Debug\Status_Reg_MOTORS.o .\CortexM3\ARM_GCC_473\Debug\isr_CLU_EXEC.o .\CortexM3\ARM_GCC_473\Debug\IMU_UM7_RX.o .\CortexM3\ARM_GCC_473\Debug\IMU_UM7_TX.o .\CortexM3\ARM_GCC_473\Debug\Control_Reg_LORA.o .\CortexM3\ARM_GCC_473\Debug\Control_Reg_LORA_RESET.o .\CortexM3\ARM_GCC_473\Debug\isr_TORQUESTAT.o .\CortexM3\ARM_GCC_473\Debug\isr_LIMIT_CTRL.o .\CortexM3\ARM_GCC_473\Debug\Control_Reg_WS.o .\CortexM3\ARM_GCC_473\Debug\isr_FAULT_CTRL.o
arm-none-eabi-ar.exe: creating .\CortexM3\ARM_GCC_473\Debug\Squit-Proto.a
arm-none-eabi-gcc.exe -mthumb -march=armv7-m -mfix-cortex-m3-ldrd -T .\Generated_Source\PSoC5\cm3gcc.ld -g -Wl,-Map,.\CortexM3\ARM_GCC_473\Debug\Squit-Proto.map -Wl,--gc-sections -Wl,--start-group -o .\CortexM3\ARM_GCC_473\Debug\Squit-Proto.elf .\CortexM3\ARM_GCC_473\Debug\main.o .\CortexM3\ARM_GCC_473\Debug\console.o .\CortexM3\ARM_GCC_473\Debug\gobeelib.o .\CortexM3\ARM_GCC_473\Debug\motor_CTRL.o .\CortexM3\ARM_GCC_473\Debug\sensor_CTRL.o .\CortexM3\ARM_GCC_473\Debug\pid_lib.o .\CortexM3\ARM_GCC_473\Debug\estimators.o .\CortexM3\ARM_GCC_473\Debug\ITG-3701.o .\CortexM3\ARM_GCC_473\Debug\My_I2C_lib.o .\CortexM3\ARM_GCC_473\Debug\mover.o .\CortexM3\ARM_GCC_473\Debug\clu.o .\CortexM3\ARM_GCC_473\Debug\gml.o .\CortexM3\ARM_GCC_473\Debug\torquestat.o .\CortexM3\ARM_GCC_473\Debug\statistics.o .\CortexM3\ARM_GCC_473\Debug\ME_geometry.o .\CortexM3\ARM_GCC_473\Debug\ME_lib_imu_CHRUM7.o .\CortexM3\ARM_GCC_473\Debug\ME_lib_cbuffer.o .\CortexM3\ARM_GCC_473\Debug\ME_lib_packetizer.o .\CortexM3\ARM_GCC_473\Debug\XTR-8LR100.o .\CortexM3\ARM_GCC_473\Debug\Cm3Start.o .\CortexM3\ARM_GCC_473\Debug\cymetadata.o .\CortexM3\ARM_GCC_473\Debug\Squit-Proto.a "C:\Program Files (x86)\Cypress\PSoC Creator\3.0\PSoC Creator\psoc\content\cycomponentlibrary\CyComponentLibrary.cylib\CortexM3\ARM_GCC_473\Debug\CyComponentLibrary.a" -l m -Wl,--end-group
cyelftool.exe -C "D:\_GITHUB repos\Squit-HW0.0\Squit-Proto.cydsn\CortexM3\ARM_GCC_473\Debug\Squit-Proto.elf" --flash_size 262144 --flash_row_size 256
cyelftool.exe -S "D:\_GITHUB repos\Squit-HW0.0\Squit-Proto.cydsn\CortexM3\ARM_GCC_473\Debug\Squit-Proto.elf"
Flash used: 174340 of 262144 bytes (66,5%).
SRAM used: 57861 of 65536 bytes (88,3%).
--------------- Build Succeeded: 05/05/2024 16:12:32 ---------------
