ARM GAS  C:\Users\GRAZIA~1.RAV\AppData\Local\Temp\ccvYWSwU.s 			page 1


   1              		.syntax unified
   2              		.cpu cortex-m3
   3              		.fpu softvfp
   4              		.eabi_attribute 20, 1
   5              		.eabi_attribute 21, 1
   6              		.eabi_attribute 23, 3
   7              		.eabi_attribute 24, 1
   8              		.eabi_attribute 25, 1
   9              		.eabi_attribute 26, 1
  10              		.eabi_attribute 30, 6
  11              		.eabi_attribute 34, 1
  12              		.eabi_attribute 18, 4
  13              		.thumb
  14              		.file	"SW_Tx_UART_OLED.c"
  15              		.text
  16              	.Ltext0:
  17              		.cfi_sections	.debug_frame
  18              		.global	SW_Tx_UART_OLED_pinNumber
  19              		.data
  20              		.align	2
  21              		.type	SW_Tx_UART_OLED_pinNumber, %object
  22              		.size	SW_Tx_UART_OLED_pinNumber, 4
  23              	SW_Tx_UART_OLED_pinNumber:
  24 0000 04000000 		.word	4
  25              		.global	SW_Tx_UART_OLED_pinPortNumber
  26              		.align	2
  27              		.type	SW_Tx_UART_OLED_pinPortNumber, %object
  28              		.size	SW_Tx_UART_OLED_pinPortNumber, 4
  29              	SW_Tx_UART_OLED_pinPortNumber:
  30 0004 01000000 		.word	1
  31              		.global	SW_Tx_UART_OLED_pinDrAdress
  32              		.align	2
  33              		.type	SW_Tx_UART_OLED_pinDrAdress, %object
  34              		.size	SW_Tx_UART_OLED_pinDrAdress, 4
  35              	SW_Tx_UART_OLED_pinDrAdress:
  36 0008 0C500040 		.word	1073762316
  37              		.section	.text.SW_Tx_UART_OLED_Start,"ax",%progbits
  38              		.align	2
  39              		.global	SW_Tx_UART_OLED_Start
  40              		.thumb
  41              		.thumb_func
  42              		.type	SW_Tx_UART_OLED_Start, %function
  43              	SW_Tx_UART_OLED_Start:
  44              	.LFB0:
  45              		.file 1 ".\\Generated_Source\\PSoC5\\SW_Tx_UART_OLED.c"
   1:.\Generated_Source\PSoC5/SW_Tx_UART_OLED.c **** /*******************************************************************************
   2:.\Generated_Source\PSoC5/SW_Tx_UART_OLED.c **** * File Name: SW_Tx_UART_OLED.c
   3:.\Generated_Source\PSoC5/SW_Tx_UART_OLED.c **** * Version 1.20
   4:.\Generated_Source\PSoC5/SW_Tx_UART_OLED.c **** *
   5:.\Generated_Source\PSoC5/SW_Tx_UART_OLED.c **** * Description:
   6:.\Generated_Source\PSoC5/SW_Tx_UART_OLED.c **** *  This file provides the source code to the API for the Software Transmit UART.
   7:.\Generated_Source\PSoC5/SW_Tx_UART_OLED.c **** *
   8:.\Generated_Source\PSoC5/SW_Tx_UART_OLED.c **** ********************************************************************************
   9:.\Generated_Source\PSoC5/SW_Tx_UART_OLED.c **** * Copyright 2013-2014, Cypress Semiconductor Corporation.  All rights reserved.
  10:.\Generated_Source\PSoC5/SW_Tx_UART_OLED.c **** * You may use this file only in accordance with the license, terms, conditions,
  11:.\Generated_Source\PSoC5/SW_Tx_UART_OLED.c **** * disclaimers, and limitations in the end user license agreement accompanying
  12:.\Generated_Source\PSoC5/SW_Tx_UART_OLED.c **** * the software package with which this file was provided.
ARM GAS  C:\Users\GRAZIA~1.RAV\AppData\Local\Temp\ccvYWSwU.s 			page 2


  13:.\Generated_Source\PSoC5/SW_Tx_UART_OLED.c **** *******************************************************************************/
  14:.\Generated_Source\PSoC5/SW_Tx_UART_OLED.c **** 
  15:.\Generated_Source\PSoC5/SW_Tx_UART_OLED.c **** #include "SW_Tx_UART_OLED_PVT.h"
  16:.\Generated_Source\PSoC5/SW_Tx_UART_OLED.c **** 
  17:.\Generated_Source\PSoC5/SW_Tx_UART_OLED.c **** #if(SW_Tx_UART_OLED_PIN_STATIC_MODE == 1u)
  18:.\Generated_Source\PSoC5/SW_Tx_UART_OLED.c ****     uint32 SW_Tx_UART_OLED_pinNumber = SW_Tx_UART_OLED_PIN_NUMBER;
  19:.\Generated_Source\PSoC5/SW_Tx_UART_OLED.c ****     uint32 SW_Tx_UART_OLED_pinPortNumber = SW_Tx_UART_OLED_PIN_PORT_NUMBER;
  20:.\Generated_Source\PSoC5/SW_Tx_UART_OLED.c ****     #if(CY_PSOC3)
  21:.\Generated_Source\PSoC5/SW_Tx_UART_OLED.c ****         uint32 pdata SW_Tx_UART_OLED_pinDrAdress = SW_Tx_UART_OLED_PIN_DR;
  22:.\Generated_Source\PSoC5/SW_Tx_UART_OLED.c ****     #else
  23:.\Generated_Source\PSoC5/SW_Tx_UART_OLED.c ****         uint32 SW_Tx_UART_OLED_pinDrAdress = SW_Tx_UART_OLED_PIN_DR;
  24:.\Generated_Source\PSoC5/SW_Tx_UART_OLED.c ****     #endif /* (CY_PSOC3) */
  25:.\Generated_Source\PSoC5/SW_Tx_UART_OLED.c **** #else
  26:.\Generated_Source\PSoC5/SW_Tx_UART_OLED.c ****     uint32 SW_Tx_UART_OLED_pinNumber;
  27:.\Generated_Source\PSoC5/SW_Tx_UART_OLED.c ****     uint32 SW_Tx_UART_OLED_pinPortNumber;
  28:.\Generated_Source\PSoC5/SW_Tx_UART_OLED.c ****     #if(CY_PSOC3)
  29:.\Generated_Source\PSoC5/SW_Tx_UART_OLED.c ****         uint32 pdata SW_Tx_UART_OLED_pinDrAdress;
  30:.\Generated_Source\PSoC5/SW_Tx_UART_OLED.c ****     #else
  31:.\Generated_Source\PSoC5/SW_Tx_UART_OLED.c ****         uint32 SW_Tx_UART_OLED_pinDrAdress;
  32:.\Generated_Source\PSoC5/SW_Tx_UART_OLED.c ****     #endif /* (CY_PSOC3) */
  33:.\Generated_Source\PSoC5/SW_Tx_UART_OLED.c **** #endif /* (SW_Tx_UART_OLED_PIN_STATIC_MODE == 1u) */
  34:.\Generated_Source\PSoC5/SW_Tx_UART_OLED.c **** 
  35:.\Generated_Source\PSoC5/SW_Tx_UART_OLED.c **** 
  36:.\Generated_Source\PSoC5/SW_Tx_UART_OLED.c **** #if(SW_Tx_UART_OLED_PIN_STATIC_MODE == 1u)
  37:.\Generated_Source\PSoC5/SW_Tx_UART_OLED.c ****     /*******************************************************************************
  38:.\Generated_Source\PSoC5/SW_Tx_UART_OLED.c ****     * Function Name: SW_Tx_UART_OLED_Start
  39:.\Generated_Source\PSoC5/SW_Tx_UART_OLED.c ****     ********************************************************************************
  40:.\Generated_Source\PSoC5/SW_Tx_UART_OLED.c ****     *
  41:.\Generated_Source\PSoC5/SW_Tx_UART_OLED.c ****     * Summary:
  42:.\Generated_Source\PSoC5/SW_Tx_UART_OLED.c ****     *  Empty function. Included for consistency with other
  43:.\Generated_Source\PSoC5/SW_Tx_UART_OLED.c ****     *  components. This API is not available when PinAssignmentMethod
  44:.\Generated_Source\PSoC5/SW_Tx_UART_OLED.c ****     *  is set to Dynamic.
  45:.\Generated_Source\PSoC5/SW_Tx_UART_OLED.c ****     *
  46:.\Generated_Source\PSoC5/SW_Tx_UART_OLED.c ****     * Parameters:
  47:.\Generated_Source\PSoC5/SW_Tx_UART_OLED.c ****     *  None
  48:.\Generated_Source\PSoC5/SW_Tx_UART_OLED.c ****     *
  49:.\Generated_Source\PSoC5/SW_Tx_UART_OLED.c ****     * Return:
  50:.\Generated_Source\PSoC5/SW_Tx_UART_OLED.c ****     *  None
  51:.\Generated_Source\PSoC5/SW_Tx_UART_OLED.c ****     *
  52:.\Generated_Source\PSoC5/SW_Tx_UART_OLED.c ****     *******************************************************************************/
  53:.\Generated_Source\PSoC5/SW_Tx_UART_OLED.c ****     void SW_Tx_UART_OLED_Start(void) 
  54:.\Generated_Source\PSoC5/SW_Tx_UART_OLED.c ****     {
  46              		.loc 1 54 0
  47              		.cfi_startproc
  48              		@ args = 0, pretend = 0, frame = 0
  49              		@ frame_needed = 1, uses_anonymous_args = 0
  50              		@ link register save eliminated.
  51 0000 80B4     		push	{r7}
  52              	.LCFI0:
  53              		.cfi_def_cfa_offset 4
  54              		.cfi_offset 7, -4
  55 0002 00AF     		add	r7, sp, #0
  56              	.LCFI1:
  57              		.cfi_def_cfa_register 7
  55:.\Generated_Source\PSoC5/SW_Tx_UART_OLED.c **** 
  56:.\Generated_Source\PSoC5/SW_Tx_UART_OLED.c ****     }
  58              		.loc 1 56 0
ARM GAS  C:\Users\GRAZIA~1.RAV\AppData\Local\Temp\ccvYWSwU.s 			page 3


  59 0004 BD46     		mov	sp, r7
  60 0006 80BC     		pop	{r7}
  61 0008 7047     		bx	lr
  62              		.cfi_endproc
  63              	.LFE0:
  64              		.size	SW_Tx_UART_OLED_Start, .-SW_Tx_UART_OLED_Start
  65 000a 00BF     		.section	.text.SW_Tx_UART_OLED_Stop,"ax",%progbits
  66              		.align	2
  67              		.global	SW_Tx_UART_OLED_Stop
  68              		.thumb
  69              		.thumb_func
  70              		.type	SW_Tx_UART_OLED_Stop, %function
  71              	SW_Tx_UART_OLED_Stop:
  72              	.LFB1:
  57:.\Generated_Source\PSoC5/SW_Tx_UART_OLED.c **** #else
  58:.\Generated_Source\PSoC5/SW_Tx_UART_OLED.c ****     /*******************************************************************************
  59:.\Generated_Source\PSoC5/SW_Tx_UART_OLED.c ****     * Function Name: SW_Tx_UART_OLED_StartEx
  60:.\Generated_Source\PSoC5/SW_Tx_UART_OLED.c ****     ********************************************************************************
  61:.\Generated_Source\PSoC5/SW_Tx_UART_OLED.c ****     *
  62:.\Generated_Source\PSoC5/SW_Tx_UART_OLED.c ****     * Summary:
  63:.\Generated_Source\PSoC5/SW_Tx_UART_OLED.c ****     *  Configures the SW Tx UART to use the pin specified
  64:.\Generated_Source\PSoC5/SW_Tx_UART_OLED.c ****     *  by the parameters. This API is only available when
  65:.\Generated_Source\PSoC5/SW_Tx_UART_OLED.c ****     *  PinAssignmentMethod is set to Dynamic.
  66:.\Generated_Source\PSoC5/SW_Tx_UART_OLED.c ****     *
  67:.\Generated_Source\PSoC5/SW_Tx_UART_OLED.c ****     * Parameters:
  68:.\Generated_Source\PSoC5/SW_Tx_UART_OLED.c ****     *  port:  Port number for dynamic pin assignment
  69:.\Generated_Source\PSoC5/SW_Tx_UART_OLED.c ****     *  pin:   Pin number for dynamic pin assignment
  70:.\Generated_Source\PSoC5/SW_Tx_UART_OLED.c ****     *
  71:.\Generated_Source\PSoC5/SW_Tx_UART_OLED.c ****     * Return:
  72:.\Generated_Source\PSoC5/SW_Tx_UART_OLED.c ****     *  None
  73:.\Generated_Source\PSoC5/SW_Tx_UART_OLED.c ****     *
  74:.\Generated_Source\PSoC5/SW_Tx_UART_OLED.c ****     *******************************************************************************/
  75:.\Generated_Source\PSoC5/SW_Tx_UART_OLED.c ****     void SW_Tx_UART_OLED_StartEx(uint8 port, uint8 pin) 
  76:.\Generated_Source\PSoC5/SW_Tx_UART_OLED.c ****     {
  77:.\Generated_Source\PSoC5/SW_Tx_UART_OLED.c ****         uint32 portConfigAddr;
  78:.\Generated_Source\PSoC5/SW_Tx_UART_OLED.c **** 
  79:.\Generated_Source\PSoC5/SW_Tx_UART_OLED.c ****         #if (CY_PSOC4)
  80:.\Generated_Source\PSoC5/SW_Tx_UART_OLED.c ****             uint32 portDataRegAddr;
  81:.\Generated_Source\PSoC5/SW_Tx_UART_OLED.c ****         #endif /* (CY_PSOC4) */
  82:.\Generated_Source\PSoC5/SW_Tx_UART_OLED.c **** 
  83:.\Generated_Source\PSoC5/SW_Tx_UART_OLED.c ****         if ((pin <= SW_Tx_UART_OLED_MAX_PIN_NUMBER) && (port <= SW_Tx_UART_OLED_MAX_PORT_NUMBER))
  84:.\Generated_Source\PSoC5/SW_Tx_UART_OLED.c ****         {
  85:.\Generated_Source\PSoC5/SW_Tx_UART_OLED.c ****             #if (!CY_PSOC4)
  86:.\Generated_Source\PSoC5/SW_Tx_UART_OLED.c ****                 portConfigAddr = SW_Tx_UART_OLED_PORT_CNF_BASE;
  87:.\Generated_Source\PSoC5/SW_Tx_UART_OLED.c ****                 portConfigAddr += ((uint32)port * (SW_Tx_UART_OLED_MAX_PIN_NUMBER + 1u)) + pin;
  88:.\Generated_Source\PSoC5/SW_Tx_UART_OLED.c ****                 CyPins_SetPinDriveMode(portConfigAddr, CY_PINS_DM_STRONG);
  89:.\Generated_Source\PSoC5/SW_Tx_UART_OLED.c ****                 CyPins_SetPin(portConfigAddr);
  90:.\Generated_Source\PSoC5/SW_Tx_UART_OLED.c ****                 SW_Tx_UART_OLED_pinDrAdress = portConfigAddr;
  91:.\Generated_Source\PSoC5/SW_Tx_UART_OLED.c ****             #else
  92:.\Generated_Source\PSoC5/SW_Tx_UART_OLED.c ****                 portConfigAddr = SW_Tx_UART_OLED_PORT_CNF_BASE + (SW_Tx_UART_OLED_PORT_CNF_SIZE * p
  93:.\Generated_Source\PSoC5/SW_Tx_UART_OLED.c ****                                                                                 SW_Tx_UART_OLED_POR
  94:.\Generated_Source\PSoC5/SW_Tx_UART_OLED.c ****                 CY_SYS_PINS_SET_DRIVE_MODE(portConfigAddr, pin, CY_SYS_PINS_DM_STRONG);
  95:.\Generated_Source\PSoC5/SW_Tx_UART_OLED.c ****                 portDataRegAddr = SW_Tx_UART_OLED_PORT_CNF_BASE + (SW_Tx_UART_OLED_PORT_CNF_SIZE * 
  96:.\Generated_Source\PSoC5/SW_Tx_UART_OLED.c ****                                                                                 SW_Tx_UART_OLED_POR
  97:.\Generated_Source\PSoC5/SW_Tx_UART_OLED.c ****                 CY_SYS_PINS_SET_PIN(portDataRegAddr, pin);
  98:.\Generated_Source\PSoC5/SW_Tx_UART_OLED.c ****                 SW_Tx_UART_OLED_pinDrAdress = portDataRegAddr;
  99:.\Generated_Source\PSoC5/SW_Tx_UART_OLED.c ****             #endif /* (!CY_PSOC4) */
ARM GAS  C:\Users\GRAZIA~1.RAV\AppData\Local\Temp\ccvYWSwU.s 			page 4


 100:.\Generated_Source\PSoC5/SW_Tx_UART_OLED.c ****             SW_Tx_UART_OLED_pinNumber = pin;
 101:.\Generated_Source\PSoC5/SW_Tx_UART_OLED.c ****             SW_Tx_UART_OLED_pinPortNumber = port;
 102:.\Generated_Source\PSoC5/SW_Tx_UART_OLED.c ****         }
 103:.\Generated_Source\PSoC5/SW_Tx_UART_OLED.c ****     }
 104:.\Generated_Source\PSoC5/SW_Tx_UART_OLED.c **** #endif /* (SW_Tx_UART_OLED_PIN_STATIC_MODE == 1u) */
 105:.\Generated_Source\PSoC5/SW_Tx_UART_OLED.c **** 
 106:.\Generated_Source\PSoC5/SW_Tx_UART_OLED.c **** 
 107:.\Generated_Source\PSoC5/SW_Tx_UART_OLED.c **** /*******************************************************************************
 108:.\Generated_Source\PSoC5/SW_Tx_UART_OLED.c **** * Function Name: SW_Tx_UART_OLED_Stop
 109:.\Generated_Source\PSoC5/SW_Tx_UART_OLED.c **** ********************************************************************************
 110:.\Generated_Source\PSoC5/SW_Tx_UART_OLED.c **** *
 111:.\Generated_Source\PSoC5/SW_Tx_UART_OLED.c **** * Summary:
 112:.\Generated_Source\PSoC5/SW_Tx_UART_OLED.c **** *  Empty function. Included for consistency with other components.
 113:.\Generated_Source\PSoC5/SW_Tx_UART_OLED.c **** *
 114:.\Generated_Source\PSoC5/SW_Tx_UART_OLED.c **** * Parameters:
 115:.\Generated_Source\PSoC5/SW_Tx_UART_OLED.c **** *  None
 116:.\Generated_Source\PSoC5/SW_Tx_UART_OLED.c **** *
 117:.\Generated_Source\PSoC5/SW_Tx_UART_OLED.c **** * Return:
 118:.\Generated_Source\PSoC5/SW_Tx_UART_OLED.c **** *  None
 119:.\Generated_Source\PSoC5/SW_Tx_UART_OLED.c **** *
 120:.\Generated_Source\PSoC5/SW_Tx_UART_OLED.c **** *******************************************************************************/
 121:.\Generated_Source\PSoC5/SW_Tx_UART_OLED.c **** void SW_Tx_UART_OLED_Stop(void) 
 122:.\Generated_Source\PSoC5/SW_Tx_UART_OLED.c **** {
  73              		.loc 1 122 0
  74              		.cfi_startproc
  75              		@ args = 0, pretend = 0, frame = 0
  76              		@ frame_needed = 1, uses_anonymous_args = 0
  77              		@ link register save eliminated.
  78 0000 80B4     		push	{r7}
  79              	.LCFI2:
  80              		.cfi_def_cfa_offset 4
  81              		.cfi_offset 7, -4
  82 0002 00AF     		add	r7, sp, #0
  83              	.LCFI3:
  84              		.cfi_def_cfa_register 7
 123:.\Generated_Source\PSoC5/SW_Tx_UART_OLED.c **** 
 124:.\Generated_Source\PSoC5/SW_Tx_UART_OLED.c **** }
  85              		.loc 1 124 0
  86 0004 BD46     		mov	sp, r7
  87 0006 80BC     		pop	{r7}
  88 0008 7047     		bx	lr
  89              		.cfi_endproc
  90              	.LFE1:
  91              		.size	SW_Tx_UART_OLED_Stop, .-SW_Tx_UART_OLED_Stop
  92 000a 00BF     		.section	.text.SW_Tx_UART_OLED_PutString,"ax",%progbits
  93              		.align	2
  94              		.global	SW_Tx_UART_OLED_PutString
  95              		.thumb
  96              		.thumb_func
  97              		.type	SW_Tx_UART_OLED_PutString, %function
  98              	SW_Tx_UART_OLED_PutString:
  99              	.LFB2:
 125:.\Generated_Source\PSoC5/SW_Tx_UART_OLED.c **** 
 126:.\Generated_Source\PSoC5/SW_Tx_UART_OLED.c **** 
 127:.\Generated_Source\PSoC5/SW_Tx_UART_OLED.c **** /*******************************************************************************
 128:.\Generated_Source\PSoC5/SW_Tx_UART_OLED.c **** * Function Name: SW_Tx_UART_OLED_PutString
 129:.\Generated_Source\PSoC5/SW_Tx_UART_OLED.c **** ********************************************************************************
ARM GAS  C:\Users\GRAZIA~1.RAV\AppData\Local\Temp\ccvYWSwU.s 			page 5


 130:.\Generated_Source\PSoC5/SW_Tx_UART_OLED.c **** *
 131:.\Generated_Source\PSoC5/SW_Tx_UART_OLED.c **** * Summary:
 132:.\Generated_Source\PSoC5/SW_Tx_UART_OLED.c **** *  Sends a NULL terminated string via the Tx pin.
 133:.\Generated_Source\PSoC5/SW_Tx_UART_OLED.c **** *
 134:.\Generated_Source\PSoC5/SW_Tx_UART_OLED.c **** * Parameters:
 135:.\Generated_Source\PSoC5/SW_Tx_UART_OLED.c **** *  string: Pointer to the null terminated string to send
 136:.\Generated_Source\PSoC5/SW_Tx_UART_OLED.c **** *
 137:.\Generated_Source\PSoC5/SW_Tx_UART_OLED.c **** * Return:
 138:.\Generated_Source\PSoC5/SW_Tx_UART_OLED.c **** *  None
 139:.\Generated_Source\PSoC5/SW_Tx_UART_OLED.c **** *
 140:.\Generated_Source\PSoC5/SW_Tx_UART_OLED.c **** *******************************************************************************/
 141:.\Generated_Source\PSoC5/SW_Tx_UART_OLED.c **** void SW_Tx_UART_OLED_PutString(const char8 string[]) 
 142:.\Generated_Source\PSoC5/SW_Tx_UART_OLED.c **** {
 100              		.loc 1 142 0
 101              		.cfi_startproc
 102              		@ args = 0, pretend = 0, frame = 16
 103              		@ frame_needed = 1, uses_anonymous_args = 0
 104 0000 80B5     		push	{r7, lr}
 105              	.LCFI4:
 106              		.cfi_def_cfa_offset 8
 107              		.cfi_offset 7, -8
 108              		.cfi_offset 14, -4
 109 0002 84B0     		sub	sp, sp, #16
 110              	.LCFI5:
 111              		.cfi_def_cfa_offset 24
 112 0004 00AF     		add	r7, sp, #0
 113              	.LCFI6:
 114              		.cfi_def_cfa_register 7
 115 0006 7860     		str	r0, [r7, #4]
 143:.\Generated_Source\PSoC5/SW_Tx_UART_OLED.c ****     uint8 stringIndex = 1u;
 116              		.loc 1 143 0
 117 0008 4FF00103 		mov	r3, #1
 118 000c FB73     		strb	r3, [r7, #15]
 144:.\Generated_Source\PSoC5/SW_Tx_UART_OLED.c ****     char8 current = *string;
 119              		.loc 1 144 0
 120 000e 7B68     		ldr	r3, [r7, #4]
 121 0010 1B78     		ldrb	r3, [r3, #0]
 122 0012 BB73     		strb	r3, [r7, #14]
 145:.\Generated_Source\PSoC5/SW_Tx_UART_OLED.c **** 
 146:.\Generated_Source\PSoC5/SW_Tx_UART_OLED.c ****     /* Until null is reached, print next character */
 147:.\Generated_Source\PSoC5/SW_Tx_UART_OLED.c ****     while((char8) '\0' != current)
 123              		.loc 1 147 0
 124 0014 0CE0     		b	.L4
 125              	.L5:
 148:.\Generated_Source\PSoC5/SW_Tx_UART_OLED.c ****     {
 149:.\Generated_Source\PSoC5/SW_Tx_UART_OLED.c ****         SW_Tx_UART_OLED_PutChar((uint8)current);
 126              		.loc 1 149 0
 127 0016 BB7B     		ldrb	r3, [r7, #14]	@ zero_extendqisi2
 128 0018 1846     		mov	r0, r3
 129 001a FFF7FEFF 		bl	SW_Tx_UART_OLED_PutChar
 150:.\Generated_Source\PSoC5/SW_Tx_UART_OLED.c ****         current = string[stringIndex];
 130              		.loc 1 150 0
 131 001e FB7B     		ldrb	r3, [r7, #15]	@ zero_extendqisi2
 132 0020 7A68     		ldr	r2, [r7, #4]
 133 0022 D318     		adds	r3, r2, r3
 134 0024 1B78     		ldrb	r3, [r3, #0]
 135 0026 BB73     		strb	r3, [r7, #14]
ARM GAS  C:\Users\GRAZIA~1.RAV\AppData\Local\Temp\ccvYWSwU.s 			page 6


 151:.\Generated_Source\PSoC5/SW_Tx_UART_OLED.c ****         stringIndex++;
 136              		.loc 1 151 0
 137 0028 FB7B     		ldrb	r3, [r7, #15]
 138 002a 03F10103 		add	r3, r3, #1
 139 002e FB73     		strb	r3, [r7, #15]
 140              	.L4:
 147:.\Generated_Source\PSoC5/SW_Tx_UART_OLED.c ****     while((char8) '\0' != current)
 141              		.loc 1 147 0 discriminator 1
 142 0030 BB7B     		ldrb	r3, [r7, #14]	@ zero_extendqisi2
 143 0032 002B     		cmp	r3, #0
 144 0034 EFD1     		bne	.L5
 152:.\Generated_Source\PSoC5/SW_Tx_UART_OLED.c ****     }
 153:.\Generated_Source\PSoC5/SW_Tx_UART_OLED.c **** }
 145              		.loc 1 153 0
 146 0036 07F11007 		add	r7, r7, #16
 147 003a BD46     		mov	sp, r7
 148 003c 80BD     		pop	{r7, pc}
 149              		.cfi_endproc
 150              	.LFE2:
 151              		.size	SW_Tx_UART_OLED_PutString, .-SW_Tx_UART_OLED_PutString
 152 003e 00BF     		.section	.text.SW_Tx_UART_OLED_PutArray,"ax",%progbits
 153              		.align	2
 154              		.global	SW_Tx_UART_OLED_PutArray
 155              		.thumb
 156              		.thumb_func
 157              		.type	SW_Tx_UART_OLED_PutArray, %function
 158              	SW_Tx_UART_OLED_PutArray:
 159              	.LFB3:
 154:.\Generated_Source\PSoC5/SW_Tx_UART_OLED.c **** 
 155:.\Generated_Source\PSoC5/SW_Tx_UART_OLED.c **** 
 156:.\Generated_Source\PSoC5/SW_Tx_UART_OLED.c **** /*******************************************************************************
 157:.\Generated_Source\PSoC5/SW_Tx_UART_OLED.c **** * Function Name: SW_Tx_UART_OLED_PutArray
 158:.\Generated_Source\PSoC5/SW_Tx_UART_OLED.c **** ********************************************************************************
 159:.\Generated_Source\PSoC5/SW_Tx_UART_OLED.c **** *
 160:.\Generated_Source\PSoC5/SW_Tx_UART_OLED.c **** * Summary:
 161:.\Generated_Source\PSoC5/SW_Tx_UART_OLED.c **** *  Sends byteCount bytes from a memory array via the Tx pin.
 162:.\Generated_Source\PSoC5/SW_Tx_UART_OLED.c **** *
 163:.\Generated_Source\PSoC5/SW_Tx_UART_OLED.c **** * Parameters:
 164:.\Generated_Source\PSoC5/SW_Tx_UART_OLED.c **** *  data: Pointer to the memory array
 165:.\Generated_Source\PSoC5/SW_Tx_UART_OLED.c **** *  byteCount: Number of bytes to be transmitted
 166:.\Generated_Source\PSoC5/SW_Tx_UART_OLED.c **** *
 167:.\Generated_Source\PSoC5/SW_Tx_UART_OLED.c **** * Return:
 168:.\Generated_Source\PSoC5/SW_Tx_UART_OLED.c **** *  None
 169:.\Generated_Source\PSoC5/SW_Tx_UART_OLED.c **** *
 170:.\Generated_Source\PSoC5/SW_Tx_UART_OLED.c **** *******************************************************************************/
 171:.\Generated_Source\PSoC5/SW_Tx_UART_OLED.c **** void SW_Tx_UART_OLED_PutArray(const uint8 array[], uint32 byteCount) 
 172:.\Generated_Source\PSoC5/SW_Tx_UART_OLED.c **** {
 160              		.loc 1 172 0
 161              		.cfi_startproc
 162              		@ args = 0, pretend = 0, frame = 16
 163              		@ frame_needed = 1, uses_anonymous_args = 0
 164 0000 80B5     		push	{r7, lr}
 165              	.LCFI7:
 166              		.cfi_def_cfa_offset 8
 167              		.cfi_offset 7, -8
 168              		.cfi_offset 14, -4
 169 0002 84B0     		sub	sp, sp, #16
ARM GAS  C:\Users\GRAZIA~1.RAV\AppData\Local\Temp\ccvYWSwU.s 			page 7


 170              	.LCFI8:
 171              		.cfi_def_cfa_offset 24
 172 0004 00AF     		add	r7, sp, #0
 173              	.LCFI9:
 174              		.cfi_def_cfa_register 7
 175 0006 7860     		str	r0, [r7, #4]
 176 0008 3960     		str	r1, [r7, #0]
 173:.\Generated_Source\PSoC5/SW_Tx_UART_OLED.c ****     uint32 arrayIndex;
 174:.\Generated_Source\PSoC5/SW_Tx_UART_OLED.c **** 
 175:.\Generated_Source\PSoC5/SW_Tx_UART_OLED.c ****     for (arrayIndex = 0u; arrayIndex < byteCount; arrayIndex++)
 177              		.loc 1 175 0
 178 000a 4FF00003 		mov	r3, #0
 179 000e FB60     		str	r3, [r7, #12]
 180 0010 0AE0     		b	.L7
 181              	.L8:
 176:.\Generated_Source\PSoC5/SW_Tx_UART_OLED.c ****     {
 177:.\Generated_Source\PSoC5/SW_Tx_UART_OLED.c ****         SW_Tx_UART_OLED_PutChar(array[arrayIndex]);
 182              		.loc 1 177 0 discriminator 2
 183 0012 7A68     		ldr	r2, [r7, #4]
 184 0014 FB68     		ldr	r3, [r7, #12]
 185 0016 D318     		adds	r3, r2, r3
 186 0018 1B78     		ldrb	r3, [r3, #0]	@ zero_extendqisi2
 187 001a 1846     		mov	r0, r3
 188 001c FFF7FEFF 		bl	SW_Tx_UART_OLED_PutChar
 175:.\Generated_Source\PSoC5/SW_Tx_UART_OLED.c ****     for (arrayIndex = 0u; arrayIndex < byteCount; arrayIndex++)
 189              		.loc 1 175 0 discriminator 2
 190 0020 FB68     		ldr	r3, [r7, #12]
 191 0022 03F10103 		add	r3, r3, #1
 192 0026 FB60     		str	r3, [r7, #12]
 193              	.L7:
 175:.\Generated_Source\PSoC5/SW_Tx_UART_OLED.c ****     for (arrayIndex = 0u; arrayIndex < byteCount; arrayIndex++)
 194              		.loc 1 175 0 is_stmt 0 discriminator 1
 195 0028 FA68     		ldr	r2, [r7, #12]
 196 002a 3B68     		ldr	r3, [r7, #0]
 197 002c 9A42     		cmp	r2, r3
 198 002e F0D3     		bcc	.L8
 178:.\Generated_Source\PSoC5/SW_Tx_UART_OLED.c ****     }
 179:.\Generated_Source\PSoC5/SW_Tx_UART_OLED.c **** }
 199              		.loc 1 179 0 is_stmt 1
 200 0030 07F11007 		add	r7, r7, #16
 201 0034 BD46     		mov	sp, r7
 202 0036 80BD     		pop	{r7, pc}
 203              		.cfi_endproc
 204              	.LFE3:
 205              		.size	SW_Tx_UART_OLED_PutArray, .-SW_Tx_UART_OLED_PutArray
 206              		.section	.text.SW_Tx_UART_OLED_PutHexByte,"ax",%progbits
 207              		.align	2
 208              		.global	SW_Tx_UART_OLED_PutHexByte
 209              		.thumb
 210              		.thumb_func
 211              		.type	SW_Tx_UART_OLED_PutHexByte, %function
 212              	SW_Tx_UART_OLED_PutHexByte:
 213              	.LFB4:
 180:.\Generated_Source\PSoC5/SW_Tx_UART_OLED.c **** 
 181:.\Generated_Source\PSoC5/SW_Tx_UART_OLED.c **** 
 182:.\Generated_Source\PSoC5/SW_Tx_UART_OLED.c **** /*******************************************************************************
 183:.\Generated_Source\PSoC5/SW_Tx_UART_OLED.c **** * Function Name: SW_Tx_UART_OLED_PutHexByte
ARM GAS  C:\Users\GRAZIA~1.RAV\AppData\Local\Temp\ccvYWSwU.s 			page 8


 184:.\Generated_Source\PSoC5/SW_Tx_UART_OLED.c **** ********************************************************************************
 185:.\Generated_Source\PSoC5/SW_Tx_UART_OLED.c **** *
 186:.\Generated_Source\PSoC5/SW_Tx_UART_OLED.c **** * Summary:
 187:.\Generated_Source\PSoC5/SW_Tx_UART_OLED.c **** *  Sends a byte in Hex representation (two characters, uppercase for A-F) via
 188:.\Generated_Source\PSoC5/SW_Tx_UART_OLED.c **** *  the Tx pin.
 189:.\Generated_Source\PSoC5/SW_Tx_UART_OLED.c **** *
 190:.\Generated_Source\PSoC5/SW_Tx_UART_OLED.c **** * Parameters:
 191:.\Generated_Source\PSoC5/SW_Tx_UART_OLED.c **** *  TxHexByte: The byte to be converted to ASCII characters and
 192:.\Generated_Source\PSoC5/SW_Tx_UART_OLED.c **** *             sent via the Tx pin.
 193:.\Generated_Source\PSoC5/SW_Tx_UART_OLED.c **** *
 194:.\Generated_Source\PSoC5/SW_Tx_UART_OLED.c **** * Return:
 195:.\Generated_Source\PSoC5/SW_Tx_UART_OLED.c **** *  None
 196:.\Generated_Source\PSoC5/SW_Tx_UART_OLED.c **** *
 197:.\Generated_Source\PSoC5/SW_Tx_UART_OLED.c **** *******************************************************************************/
 198:.\Generated_Source\PSoC5/SW_Tx_UART_OLED.c **** void SW_Tx_UART_OLED_PutHexByte(uint8 txHexByte) 
 199:.\Generated_Source\PSoC5/SW_Tx_UART_OLED.c **** {
 214              		.loc 1 199 0
 215              		.cfi_startproc
 216              		@ args = 0, pretend = 0, frame = 8
 217              		@ frame_needed = 1, uses_anonymous_args = 0
 218 0000 80B5     		push	{r7, lr}
 219              	.LCFI10:
 220              		.cfi_def_cfa_offset 8
 221              		.cfi_offset 7, -8
 222              		.cfi_offset 14, -4
 223 0002 82B0     		sub	sp, sp, #8
 224              	.LCFI11:
 225              		.cfi_def_cfa_offset 16
 226 0004 00AF     		add	r7, sp, #0
 227              	.LCFI12:
 228              		.cfi_def_cfa_register 7
 229 0006 0346     		mov	r3, r0
 230 0008 FB71     		strb	r3, [r7, #7]
 200:.\Generated_Source\PSoC5/SW_Tx_UART_OLED.c ****     static char8 const CYCODE SW_Tx_UART_OLED_hex[] = "0123456789ABCDEF";
 201:.\Generated_Source\PSoC5/SW_Tx_UART_OLED.c **** 
 202:.\Generated_Source\PSoC5/SW_Tx_UART_OLED.c ****     SW_Tx_UART_OLED_PutChar((uint8) SW_Tx_UART_OLED_hex[txHexByte >> SW_Tx_UART_OLED_BYTE_UPPER_NIB
 231              		.loc 1 202 0
 232 000a FB79     		ldrb	r3, [r7, #7]	@ zero_extendqisi2
 233 000c 4FEA1313 		lsr	r3, r3, #4
 234 0010 DBB2     		uxtb	r3, r3
 235 0012 1A46     		mov	r2, r3
 236 0014 40F20003 		movw	r3, #:lower16:SW_Tx_UART_OLED_hex.4147
 237 0018 C0F20003 		movt	r3, #:upper16:SW_Tx_UART_OLED_hex.4147
 238 001c 9B5C     		ldrb	r3, [r3, r2]	@ zero_extendqisi2
 239 001e 1846     		mov	r0, r3
 240 0020 FFF7FEFF 		bl	SW_Tx_UART_OLED_PutChar
 203:.\Generated_Source\PSoC5/SW_Tx_UART_OLED.c ****     SW_Tx_UART_OLED_PutChar((uint8) SW_Tx_UART_OLED_hex[txHexByte & SW_Tx_UART_OLED_BYTE_LOWER_NIBB
 241              		.loc 1 203 0
 242 0024 FB79     		ldrb	r3, [r7, #7]	@ zero_extendqisi2
 243 0026 03F00F02 		and	r2, r3, #15
 244 002a 40F20003 		movw	r3, #:lower16:SW_Tx_UART_OLED_hex.4147
 245 002e C0F20003 		movt	r3, #:upper16:SW_Tx_UART_OLED_hex.4147
 246 0032 9B5C     		ldrb	r3, [r3, r2]	@ zero_extendqisi2
 247 0034 1846     		mov	r0, r3
 248 0036 FFF7FEFF 		bl	SW_Tx_UART_OLED_PutChar
 204:.\Generated_Source\PSoC5/SW_Tx_UART_OLED.c **** }
 249              		.loc 1 204 0
ARM GAS  C:\Users\GRAZIA~1.RAV\AppData\Local\Temp\ccvYWSwU.s 			page 9


 250 003a 07F10807 		add	r7, r7, #8
 251 003e BD46     		mov	sp, r7
 252 0040 80BD     		pop	{r7, pc}
 253              		.cfi_endproc
 254              	.LFE4:
 255              		.size	SW_Tx_UART_OLED_PutHexByte, .-SW_Tx_UART_OLED_PutHexByte
 256 0042 00BF     		.section	.text.SW_Tx_UART_OLED_PutHexInt,"ax",%progbits
 257              		.align	2
 258              		.global	SW_Tx_UART_OLED_PutHexInt
 259              		.thumb
 260              		.thumb_func
 261              		.type	SW_Tx_UART_OLED_PutHexInt, %function
 262              	SW_Tx_UART_OLED_PutHexInt:
 263              	.LFB5:
 205:.\Generated_Source\PSoC5/SW_Tx_UART_OLED.c **** 
 206:.\Generated_Source\PSoC5/SW_Tx_UART_OLED.c **** 
 207:.\Generated_Source\PSoC5/SW_Tx_UART_OLED.c **** /*******************************************************************************
 208:.\Generated_Source\PSoC5/SW_Tx_UART_OLED.c **** * Function Name: SW_Tx_UART_OLED_PutHexInt
 209:.\Generated_Source\PSoC5/SW_Tx_UART_OLED.c **** ********************************************************************************
 210:.\Generated_Source\PSoC5/SW_Tx_UART_OLED.c **** *
 211:.\Generated_Source\PSoC5/SW_Tx_UART_OLED.c **** * Summary:
 212:.\Generated_Source\PSoC5/SW_Tx_UART_OLED.c **** *  Sends a 16-bit unsigned integer in Hex representation (four characters,
 213:.\Generated_Source\PSoC5/SW_Tx_UART_OLED.c **** *  uppercase for A-F) via the Tx pin.
 214:.\Generated_Source\PSoC5/SW_Tx_UART_OLED.c **** *
 215:.\Generated_Source\PSoC5/SW_Tx_UART_OLED.c **** * Parameters:
 216:.\Generated_Source\PSoC5/SW_Tx_UART_OLED.c **** *  TxHexInt: The uint16 to be converted to ASCII characters and sent via
 217:.\Generated_Source\PSoC5/SW_Tx_UART_OLED.c **** *            the Tx pin.
 218:.\Generated_Source\PSoC5/SW_Tx_UART_OLED.c **** *
 219:.\Generated_Source\PSoC5/SW_Tx_UART_OLED.c **** * Return:
 220:.\Generated_Source\PSoC5/SW_Tx_UART_OLED.c **** *  None
 221:.\Generated_Source\PSoC5/SW_Tx_UART_OLED.c **** *
 222:.\Generated_Source\PSoC5/SW_Tx_UART_OLED.c **** *******************************************************************************/
 223:.\Generated_Source\PSoC5/SW_Tx_UART_OLED.c **** void SW_Tx_UART_OLED_PutHexInt(uint16 txHexInt) 
 224:.\Generated_Source\PSoC5/SW_Tx_UART_OLED.c **** {
 264              		.loc 1 224 0
 265              		.cfi_startproc
 266              		@ args = 0, pretend = 0, frame = 8
 267              		@ frame_needed = 1, uses_anonymous_args = 0
 268 0000 80B5     		push	{r7, lr}
 269              	.LCFI13:
 270              		.cfi_def_cfa_offset 8
 271              		.cfi_offset 7, -8
 272              		.cfi_offset 14, -4
 273 0002 82B0     		sub	sp, sp, #8
 274              	.LCFI14:
 275              		.cfi_def_cfa_offset 16
 276 0004 00AF     		add	r7, sp, #0
 277              	.LCFI15:
 278              		.cfi_def_cfa_register 7
 279 0006 0346     		mov	r3, r0
 280 0008 FB80     		strh	r3, [r7, #6]	@ movhi
 225:.\Generated_Source\PSoC5/SW_Tx_UART_OLED.c ****     SW_Tx_UART_OLED_PutHexByte((uint8)(txHexInt >> SW_Tx_UART_OLED_U16_UPPER_BYTE_SHIFT));
 281              		.loc 1 225 0
 282 000a FB88     		ldrh	r3, [r7, #6]
 283 000c 4FEA1323 		lsr	r3, r3, #8
 284 0010 9BB2     		uxth	r3, r3
 285 0012 DBB2     		uxtb	r3, r3
ARM GAS  C:\Users\GRAZIA~1.RAV\AppData\Local\Temp\ccvYWSwU.s 			page 10


 286 0014 1846     		mov	r0, r3
 287 0016 FFF7FEFF 		bl	SW_Tx_UART_OLED_PutHexByte
 226:.\Generated_Source\PSoC5/SW_Tx_UART_OLED.c ****     SW_Tx_UART_OLED_PutHexByte((uint8)(txHexInt & SW_Tx_UART_OLED_U16_LOWER_BYTE_MASK));
 288              		.loc 1 226 0
 289 001a FB88     		ldrh	r3, [r7, #6]	@ movhi
 290 001c DBB2     		uxtb	r3, r3
 291 001e 1846     		mov	r0, r3
 292 0020 FFF7FEFF 		bl	SW_Tx_UART_OLED_PutHexByte
 227:.\Generated_Source\PSoC5/SW_Tx_UART_OLED.c **** }
 293              		.loc 1 227 0
 294 0024 07F10807 		add	r7, r7, #8
 295 0028 BD46     		mov	sp, r7
 296 002a 80BD     		pop	{r7, pc}
 297              		.cfi_endproc
 298              	.LFE5:
 299              		.size	SW_Tx_UART_OLED_PutHexInt, .-SW_Tx_UART_OLED_PutHexInt
 300              		.section	.text.SW_Tx_UART_OLED_PutCRLF,"ax",%progbits
 301              		.align	2
 302              		.global	SW_Tx_UART_OLED_PutCRLF
 303              		.thumb
 304              		.thumb_func
 305              		.type	SW_Tx_UART_OLED_PutCRLF, %function
 306              	SW_Tx_UART_OLED_PutCRLF:
 307              	.LFB6:
 228:.\Generated_Source\PSoC5/SW_Tx_UART_OLED.c **** 
 229:.\Generated_Source\PSoC5/SW_Tx_UART_OLED.c **** 
 230:.\Generated_Source\PSoC5/SW_Tx_UART_OLED.c **** /*******************************************************************************
 231:.\Generated_Source\PSoC5/SW_Tx_UART_OLED.c **** * Function Name: SW_Tx_UART_OLED_PutCRLF
 232:.\Generated_Source\PSoC5/SW_Tx_UART_OLED.c **** ********************************************************************************
 233:.\Generated_Source\PSoC5/SW_Tx_UART_OLED.c **** *
 234:.\Generated_Source\PSoC5/SW_Tx_UART_OLED.c **** * Summary:
 235:.\Generated_Source\PSoC5/SW_Tx_UART_OLED.c **** *  Sends a carriage return (0x0D) and a line feed (0x0A) via the Tx pin.
 236:.\Generated_Source\PSoC5/SW_Tx_UART_OLED.c **** *
 237:.\Generated_Source\PSoC5/SW_Tx_UART_OLED.c **** * Parameters:
 238:.\Generated_Source\PSoC5/SW_Tx_UART_OLED.c **** *  None
 239:.\Generated_Source\PSoC5/SW_Tx_UART_OLED.c **** *
 240:.\Generated_Source\PSoC5/SW_Tx_UART_OLED.c **** * Return:
 241:.\Generated_Source\PSoC5/SW_Tx_UART_OLED.c **** *  None
 242:.\Generated_Source\PSoC5/SW_Tx_UART_OLED.c **** *
 243:.\Generated_Source\PSoC5/SW_Tx_UART_OLED.c **** *******************************************************************************/
 244:.\Generated_Source\PSoC5/SW_Tx_UART_OLED.c **** void SW_Tx_UART_OLED_PutCRLF(void) 
 245:.\Generated_Source\PSoC5/SW_Tx_UART_OLED.c **** {
 308              		.loc 1 245 0
 309              		.cfi_startproc
 310              		@ args = 0, pretend = 0, frame = 0
 311              		@ frame_needed = 1, uses_anonymous_args = 0
 312 0000 80B5     		push	{r7, lr}
 313              	.LCFI16:
 314              		.cfi_def_cfa_offset 8
 315              		.cfi_offset 7, -8
 316              		.cfi_offset 14, -4
 317 0002 00AF     		add	r7, sp, #0
 318              	.LCFI17:
 319              		.cfi_def_cfa_register 7
 246:.\Generated_Source\PSoC5/SW_Tx_UART_OLED.c ****     SW_Tx_UART_OLED_PutChar(0x0Du);
 320              		.loc 1 246 0
 321 0004 4FF00D00 		mov	r0, #13
ARM GAS  C:\Users\GRAZIA~1.RAV\AppData\Local\Temp\ccvYWSwU.s 			page 11


 322 0008 FFF7FEFF 		bl	SW_Tx_UART_OLED_PutChar
 247:.\Generated_Source\PSoC5/SW_Tx_UART_OLED.c ****     SW_Tx_UART_OLED_PutChar(0x0Au);
 323              		.loc 1 247 0
 324 000c 4FF00A00 		mov	r0, #10
 325 0010 FFF7FEFF 		bl	SW_Tx_UART_OLED_PutChar
 248:.\Generated_Source\PSoC5/SW_Tx_UART_OLED.c **** }
 326              		.loc 1 248 0
 327 0014 80BD     		pop	{r7, pc}
 328              		.cfi_endproc
 329              	.LFE6:
 330              		.size	SW_Tx_UART_OLED_PutCRLF, .-SW_Tx_UART_OLED_PutCRLF
 331 0016 00BF     		.section	.rodata
 332              		.align	2
 333              		.type	SW_Tx_UART_OLED_hex.4147, %object
 334              		.size	SW_Tx_UART_OLED_hex.4147, 17
 335              	SW_Tx_UART_OLED_hex.4147:
 336 0000 30313233 		.ascii	"0123456789ABCDEF\000"
 336      34353637 
 336      38394142 
 336      43444546 
 336      00
 337 0011 000000   		.text
 338              	.Letext0:
 339              		.file 2 ".\\Generated_Source\\PSoC5\\cytypes.h"
 340              		.section	.debug_info,"",%progbits
 341              	.Ldebug_info0:
 342 0000 44020000 		.4byte	0x244
 343 0004 0200     		.2byte	0x2
 344 0006 00000000 		.4byte	.Ldebug_abbrev0
 345 000a 04       		.byte	0x4
 346 000b 01       		.uleb128 0x1
 347 000c 45020000 		.4byte	.LASF36
 348 0010 01       		.byte	0x1
 349 0011 8E020000 		.4byte	.LASF37
 350 0015 C4000000 		.4byte	.LASF38
 351 0019 00000000 		.4byte	.Ldebug_ranges0+0
 352 001d 00000000 		.4byte	0
 353 0021 00000000 		.4byte	0
 354 0025 00000000 		.4byte	.Ldebug_line0
 355 0029 02       		.uleb128 0x2
 356 002a 01       		.byte	0x1
 357 002b 06       		.byte	0x6
 358 002c F5020000 		.4byte	.LASF0
 359 0030 02       		.uleb128 0x2
 360 0031 01       		.byte	0x1
 361 0032 08       		.byte	0x8
 362 0033 8B000000 		.4byte	.LASF1
 363 0037 02       		.uleb128 0x2
 364 0038 02       		.byte	0x2
 365 0039 05       		.byte	0x5
 366 003a 35020000 		.4byte	.LASF2
 367 003e 02       		.uleb128 0x2
 368 003f 02       		.byte	0x2
 369 0040 07       		.byte	0x7
 370 0041 B1000000 		.4byte	.LASF3
 371 0045 02       		.uleb128 0x2
 372 0046 04       		.byte	0x4
ARM GAS  C:\Users\GRAZIA~1.RAV\AppData\Local\Temp\ccvYWSwU.s 			page 12


 373 0047 05       		.byte	0x5
 374 0048 D3020000 		.4byte	.LASF4
 375 004c 02       		.uleb128 0x2
 376 004d 04       		.byte	0x4
 377 004e 07       		.byte	0x7
 378 004f 9F000000 		.4byte	.LASF5
 379 0053 02       		.uleb128 0x2
 380 0054 08       		.byte	0x8
 381 0055 05       		.byte	0x5
 382 0056 22020000 		.4byte	.LASF6
 383 005a 02       		.uleb128 0x2
 384 005b 08       		.byte	0x8
 385 005c 07       		.byte	0x7
 386 005d BE010000 		.4byte	.LASF7
 387 0061 03       		.uleb128 0x3
 388 0062 04       		.byte	0x4
 389 0063 05       		.byte	0x5
 390 0064 696E7400 		.ascii	"int\000"
 391 0068 02       		.uleb128 0x2
 392 0069 04       		.byte	0x4
 393 006a 07       		.byte	0x7
 394 006b 9C010000 		.4byte	.LASF8
 395 006f 04       		.uleb128 0x4
 396 0070 3F020000 		.4byte	.LASF9
 397 0074 02       		.byte	0x2
 398 0075 5B       		.byte	0x5b
 399 0076 30000000 		.4byte	0x30
 400 007a 04       		.uleb128 0x4
 401 007b 84010000 		.4byte	.LASF10
 402 007f 02       		.byte	0x2
 403 0080 5C       		.byte	0x5c
 404 0081 3E000000 		.4byte	0x3e
 405 0085 04       		.uleb128 0x4
 406 0086 8B010000 		.4byte	.LASF11
 407 008a 02       		.byte	0x2
 408 008b 5D       		.byte	0x5d
 409 008c 4C000000 		.4byte	0x4c
 410 0090 02       		.uleb128 0x2
 411 0091 04       		.byte	0x4
 412 0092 04       		.byte	0x4
 413 0093 85000000 		.4byte	.LASF12
 414 0097 02       		.uleb128 0x2
 415 0098 08       		.byte	0x8
 416 0099 04       		.byte	0x4
 417 009a 72010000 		.4byte	.LASF13
 418 009e 04       		.uleb128 0x4
 419 009f 99000000 		.4byte	.LASF14
 420 00a3 02       		.byte	0x2
 421 00a4 6C       		.byte	0x6c
 422 00a5 A9000000 		.4byte	0xa9
 423 00a9 02       		.uleb128 0x2
 424 00aa 01       		.byte	0x1
 425 00ab 08       		.byte	0x8
 426 00ac 30020000 		.4byte	.LASF15
 427 00b0 05       		.uleb128 0x5
 428 00b1 01       		.byte	0x1
 429 00b2 20000000 		.4byte	.LASF16
ARM GAS  C:\Users\GRAZIA~1.RAV\AppData\Local\Temp\ccvYWSwU.s 			page 13


 430 00b6 01       		.byte	0x1
 431 00b7 35       		.byte	0x35
 432 00b8 01       		.byte	0x1
 433 00b9 00000000 		.4byte	.LFB0
 434 00bd 0A000000 		.4byte	.LFE0
 435 00c1 00000000 		.4byte	.LLST0
 436 00c5 01       		.byte	0x1
 437 00c6 05       		.uleb128 0x5
 438 00c7 01       		.byte	0x1
 439 00c8 A9010000 		.4byte	.LASF17
 440 00cc 01       		.byte	0x1
 441 00cd 79       		.byte	0x79
 442 00ce 01       		.byte	0x1
 443 00cf 00000000 		.4byte	.LFB1
 444 00d3 0A000000 		.4byte	.LFE1
 445 00d7 2C000000 		.4byte	.LLST1
 446 00db 01       		.byte	0x1
 447 00dc 06       		.uleb128 0x6
 448 00dd 01       		.byte	0x1
 449 00de 4A000000 		.4byte	.LASF20
 450 00e2 01       		.byte	0x1
 451 00e3 8D       		.byte	0x8d
 452 00e4 01       		.byte	0x1
 453 00e5 00000000 		.4byte	.LFB2
 454 00e9 3E000000 		.4byte	.LFE2
 455 00ed 58000000 		.4byte	.LLST2
 456 00f1 01       		.byte	0x1
 457 00f2 21010000 		.4byte	0x121
 458 00f6 07       		.uleb128 0x7
 459 00f7 7E000000 		.4byte	.LASF22
 460 00fb 01       		.byte	0x1
 461 00fc 8D       		.byte	0x8d
 462 00fd 21010000 		.4byte	0x121
 463 0101 02       		.byte	0x2
 464 0102 91       		.byte	0x91
 465 0103 6C       		.sleb128 -20
 466 0104 08       		.uleb128 0x8
 467 0105 4B010000 		.4byte	.LASF18
 468 0109 01       		.byte	0x1
 469 010a 8F       		.byte	0x8f
 470 010b 6F000000 		.4byte	0x6f
 471 010f 02       		.byte	0x2
 472 0110 91       		.byte	0x91
 473 0111 77       		.sleb128 -9
 474 0112 08       		.uleb128 0x8
 475 0113 00000000 		.4byte	.LASF19
 476 0117 01       		.byte	0x1
 477 0118 90       		.byte	0x90
 478 0119 9E000000 		.4byte	0x9e
 479 011d 02       		.byte	0x2
 480 011e 91       		.byte	0x91
 481 011f 76       		.sleb128 -10
 482 0120 00       		.byte	0
 483 0121 09       		.uleb128 0x9
 484 0122 04       		.byte	0x4
 485 0123 27010000 		.4byte	0x127
 486 0127 0A       		.uleb128 0xa
ARM GAS  C:\Users\GRAZIA~1.RAV\AppData\Local\Temp\ccvYWSwU.s 			page 14


 487 0128 9E000000 		.4byte	0x9e
 488 012c 06       		.uleb128 0x6
 489 012d 01       		.byte	0x1
 490 012e DC020000 		.4byte	.LASF21
 491 0132 01       		.byte	0x1
 492 0133 AB       		.byte	0xab
 493 0134 01       		.byte	0x1
 494 0135 00000000 		.4byte	.LFB3
 495 0139 38000000 		.4byte	.LFE3
 496 013d 90000000 		.4byte	.LLST3
 497 0141 01       		.byte	0x1
 498 0142 71010000 		.4byte	0x171
 499 0146 07       		.uleb128 0x7
 500 0147 45010000 		.4byte	.LASF23
 501 014b 01       		.byte	0x1
 502 014c AB       		.byte	0xab
 503 014d 71010000 		.4byte	0x171
 504 0151 02       		.byte	0x2
 505 0152 91       		.byte	0x91
 506 0153 6C       		.sleb128 -20
 507 0154 07       		.uleb128 0x7
 508 0155 D5010000 		.4byte	.LASF24
 509 0159 01       		.byte	0x1
 510 015a AB       		.byte	0xab
 511 015b 85000000 		.4byte	0x85
 512 015f 02       		.byte	0x2
 513 0160 91       		.byte	0x91
 514 0161 68       		.sleb128 -24
 515 0162 08       		.uleb128 0x8
 516 0163 79010000 		.4byte	.LASF25
 517 0167 01       		.byte	0x1
 518 0168 AD       		.byte	0xad
 519 0169 85000000 		.4byte	0x85
 520 016d 02       		.byte	0x2
 521 016e 91       		.byte	0x91
 522 016f 74       		.sleb128 -12
 523 0170 00       		.byte	0
 524 0171 09       		.uleb128 0x9
 525 0172 04       		.byte	0x4
 526 0173 77010000 		.4byte	0x177
 527 0177 0A       		.uleb128 0xa
 528 0178 6F000000 		.4byte	0x6f
 529 017c 06       		.uleb128 0x6
 530 017d 01       		.byte	0x1
 531 017e 57010000 		.4byte	.LASF26
 532 0182 01       		.byte	0x1
 533 0183 C6       		.byte	0xc6
 534 0184 01       		.byte	0x1
 535 0185 00000000 		.4byte	.LFB4
 536 0189 42000000 		.4byte	.LFE4
 537 018d C8000000 		.4byte	.LLST4
 538 0191 01       		.byte	0x1
 539 0192 B6010000 		.4byte	0x1b6
 540 0196 07       		.uleb128 0x7
 541 0197 92010000 		.4byte	.LASF27
 542 019b 01       		.byte	0x1
 543 019c C6       		.byte	0xc6
ARM GAS  C:\Users\GRAZIA~1.RAV\AppData\Local\Temp\ccvYWSwU.s 			page 15


 544 019d 6F000000 		.4byte	0x6f
 545 01a1 02       		.byte	0x2
 546 01a2 91       		.byte	0x91
 547 01a3 77       		.sleb128 -9
 548 01a4 08       		.uleb128 0x8
 549 01a5 36000000 		.4byte	.LASF28
 550 01a9 01       		.byte	0x1
 551 01aa C8       		.byte	0xc8
 552 01ab CD010000 		.4byte	0x1cd
 553 01af 05       		.byte	0x5
 554 01b0 03       		.byte	0x3
 555 01b1 00000000 		.4byte	SW_Tx_UART_OLED_hex.4147
 556 01b5 00       		.byte	0
 557 01b6 0B       		.uleb128 0xb
 558 01b7 9E000000 		.4byte	0x9e
 559 01bb C6010000 		.4byte	0x1c6
 560 01bf 0C       		.uleb128 0xc
 561 01c0 C6010000 		.4byte	0x1c6
 562 01c4 10       		.byte	0x10
 563 01c5 00       		.byte	0
 564 01c6 02       		.uleb128 0x2
 565 01c7 04       		.byte	0x4
 566 01c8 07       		.byte	0x7
 567 01c9 19020000 		.4byte	.LASF29
 568 01cd 0A       		.uleb128 0xa
 569 01ce B6010000 		.4byte	0x1b6
 570 01d2 06       		.uleb128 0x6
 571 01d3 01       		.byte	0x1
 572 01d4 64000000 		.4byte	.LASF30
 573 01d8 01       		.byte	0x1
 574 01d9 DF       		.byte	0xdf
 575 01da 01       		.byte	0x1
 576 01db 00000000 		.4byte	.LFB5
 577 01df 2C000000 		.4byte	.LFE5
 578 01e3 00010000 		.4byte	.LLST5
 579 01e7 01       		.byte	0x1
 580 01e8 FB010000 		.4byte	0x1fb
 581 01ec 07       		.uleb128 0x7
 582 01ed 3C010000 		.4byte	.LASF31
 583 01f1 01       		.byte	0x1
 584 01f2 DF       		.byte	0xdf
 585 01f3 7A000000 		.4byte	0x7a
 586 01f7 02       		.byte	0x2
 587 01f8 91       		.byte	0x91
 588 01f9 76       		.sleb128 -10
 589 01fa 00       		.byte	0
 590 01fb 0D       		.uleb128 0xd
 591 01fc 01       		.byte	0x1
 592 01fd 08000000 		.4byte	.LASF32
 593 0201 01       		.byte	0x1
 594 0202 F4       		.byte	0xf4
 595 0203 01       		.byte	0x1
 596 0204 00000000 		.4byte	.LFB6
 597 0208 16000000 		.4byte	.LFE6
 598 020c 38010000 		.4byte	.LLST6
 599 0210 01       		.byte	0x1
 600 0211 0E       		.uleb128 0xe
ARM GAS  C:\Users\GRAZIA~1.RAV\AppData\Local\Temp\ccvYWSwU.s 			page 16


 601 0212 B9020000 		.4byte	.LASF33
 602 0216 01       		.byte	0x1
 603 0217 12       		.byte	0x12
 604 0218 85000000 		.4byte	0x85
 605 021c 01       		.byte	0x1
 606 021d 05       		.byte	0x5
 607 021e 03       		.byte	0x3
 608 021f 00000000 		.4byte	SW_Tx_UART_OLED_pinNumber
 609 0223 0E       		.uleb128 0xe
 610 0224 DF010000 		.4byte	.LASF34
 611 0228 01       		.byte	0x1
 612 0229 13       		.byte	0x13
 613 022a 85000000 		.4byte	0x85
 614 022e 01       		.byte	0x1
 615 022f 05       		.byte	0x5
 616 0230 03       		.byte	0x3
 617 0231 00000000 		.4byte	SW_Tx_UART_OLED_pinPortNumber
 618 0235 0E       		.uleb128 0xe
 619 0236 FD010000 		.4byte	.LASF35
 620 023a 01       		.byte	0x1
 621 023b 17       		.byte	0x17
 622 023c 85000000 		.4byte	0x85
 623 0240 01       		.byte	0x1
 624 0241 05       		.byte	0x5
 625 0242 03       		.byte	0x3
 626 0243 00000000 		.4byte	SW_Tx_UART_OLED_pinDrAdress
 627 0247 00       		.byte	0
 628              		.section	.debug_abbrev,"",%progbits
 629              	.Ldebug_abbrev0:
 630 0000 01       		.uleb128 0x1
 631 0001 11       		.uleb128 0x11
 632 0002 01       		.byte	0x1
 633 0003 25       		.uleb128 0x25
 634 0004 0E       		.uleb128 0xe
 635 0005 13       		.uleb128 0x13
 636 0006 0B       		.uleb128 0xb
 637 0007 03       		.uleb128 0x3
 638 0008 0E       		.uleb128 0xe
 639 0009 1B       		.uleb128 0x1b
 640 000a 0E       		.uleb128 0xe
 641 000b 55       		.uleb128 0x55
 642 000c 06       		.uleb128 0x6
 643 000d 11       		.uleb128 0x11
 644 000e 01       		.uleb128 0x1
 645 000f 52       		.uleb128 0x52
 646 0010 01       		.uleb128 0x1
 647 0011 10       		.uleb128 0x10
 648 0012 06       		.uleb128 0x6
 649 0013 00       		.byte	0
 650 0014 00       		.byte	0
 651 0015 02       		.uleb128 0x2
 652 0016 24       		.uleb128 0x24
 653 0017 00       		.byte	0
 654 0018 0B       		.uleb128 0xb
 655 0019 0B       		.uleb128 0xb
 656 001a 3E       		.uleb128 0x3e
 657 001b 0B       		.uleb128 0xb
ARM GAS  C:\Users\GRAZIA~1.RAV\AppData\Local\Temp\ccvYWSwU.s 			page 17


 658 001c 03       		.uleb128 0x3
 659 001d 0E       		.uleb128 0xe
 660 001e 00       		.byte	0
 661 001f 00       		.byte	0
 662 0020 03       		.uleb128 0x3
 663 0021 24       		.uleb128 0x24
 664 0022 00       		.byte	0
 665 0023 0B       		.uleb128 0xb
 666 0024 0B       		.uleb128 0xb
 667 0025 3E       		.uleb128 0x3e
 668 0026 0B       		.uleb128 0xb
 669 0027 03       		.uleb128 0x3
 670 0028 08       		.uleb128 0x8
 671 0029 00       		.byte	0
 672 002a 00       		.byte	0
 673 002b 04       		.uleb128 0x4
 674 002c 16       		.uleb128 0x16
 675 002d 00       		.byte	0
 676 002e 03       		.uleb128 0x3
 677 002f 0E       		.uleb128 0xe
 678 0030 3A       		.uleb128 0x3a
 679 0031 0B       		.uleb128 0xb
 680 0032 3B       		.uleb128 0x3b
 681 0033 0B       		.uleb128 0xb
 682 0034 49       		.uleb128 0x49
 683 0035 13       		.uleb128 0x13
 684 0036 00       		.byte	0
 685 0037 00       		.byte	0
 686 0038 05       		.uleb128 0x5
 687 0039 2E       		.uleb128 0x2e
 688 003a 00       		.byte	0
 689 003b 3F       		.uleb128 0x3f
 690 003c 0C       		.uleb128 0xc
 691 003d 03       		.uleb128 0x3
 692 003e 0E       		.uleb128 0xe
 693 003f 3A       		.uleb128 0x3a
 694 0040 0B       		.uleb128 0xb
 695 0041 3B       		.uleb128 0x3b
 696 0042 0B       		.uleb128 0xb
 697 0043 27       		.uleb128 0x27
 698 0044 0C       		.uleb128 0xc
 699 0045 11       		.uleb128 0x11
 700 0046 01       		.uleb128 0x1
 701 0047 12       		.uleb128 0x12
 702 0048 01       		.uleb128 0x1
 703 0049 40       		.uleb128 0x40
 704 004a 06       		.uleb128 0x6
 705 004b 9742     		.uleb128 0x2117
 706 004d 0C       		.uleb128 0xc
 707 004e 00       		.byte	0
 708 004f 00       		.byte	0
 709 0050 06       		.uleb128 0x6
 710 0051 2E       		.uleb128 0x2e
 711 0052 01       		.byte	0x1
 712 0053 3F       		.uleb128 0x3f
 713 0054 0C       		.uleb128 0xc
 714 0055 03       		.uleb128 0x3
ARM GAS  C:\Users\GRAZIA~1.RAV\AppData\Local\Temp\ccvYWSwU.s 			page 18


 715 0056 0E       		.uleb128 0xe
 716 0057 3A       		.uleb128 0x3a
 717 0058 0B       		.uleb128 0xb
 718 0059 3B       		.uleb128 0x3b
 719 005a 0B       		.uleb128 0xb
 720 005b 27       		.uleb128 0x27
 721 005c 0C       		.uleb128 0xc
 722 005d 11       		.uleb128 0x11
 723 005e 01       		.uleb128 0x1
 724 005f 12       		.uleb128 0x12
 725 0060 01       		.uleb128 0x1
 726 0061 40       		.uleb128 0x40
 727 0062 06       		.uleb128 0x6
 728 0063 9642     		.uleb128 0x2116
 729 0065 0C       		.uleb128 0xc
 730 0066 01       		.uleb128 0x1
 731 0067 13       		.uleb128 0x13
 732 0068 00       		.byte	0
 733 0069 00       		.byte	0
 734 006a 07       		.uleb128 0x7
 735 006b 05       		.uleb128 0x5
 736 006c 00       		.byte	0
 737 006d 03       		.uleb128 0x3
 738 006e 0E       		.uleb128 0xe
 739 006f 3A       		.uleb128 0x3a
 740 0070 0B       		.uleb128 0xb
 741 0071 3B       		.uleb128 0x3b
 742 0072 0B       		.uleb128 0xb
 743 0073 49       		.uleb128 0x49
 744 0074 13       		.uleb128 0x13
 745 0075 02       		.uleb128 0x2
 746 0076 0A       		.uleb128 0xa
 747 0077 00       		.byte	0
 748 0078 00       		.byte	0
 749 0079 08       		.uleb128 0x8
 750 007a 34       		.uleb128 0x34
 751 007b 00       		.byte	0
 752 007c 03       		.uleb128 0x3
 753 007d 0E       		.uleb128 0xe
 754 007e 3A       		.uleb128 0x3a
 755 007f 0B       		.uleb128 0xb
 756 0080 3B       		.uleb128 0x3b
 757 0081 0B       		.uleb128 0xb
 758 0082 49       		.uleb128 0x49
 759 0083 13       		.uleb128 0x13
 760 0084 02       		.uleb128 0x2
 761 0085 0A       		.uleb128 0xa
 762 0086 00       		.byte	0
 763 0087 00       		.byte	0
 764 0088 09       		.uleb128 0x9
 765 0089 0F       		.uleb128 0xf
 766 008a 00       		.byte	0
 767 008b 0B       		.uleb128 0xb
 768 008c 0B       		.uleb128 0xb
 769 008d 49       		.uleb128 0x49
 770 008e 13       		.uleb128 0x13
 771 008f 00       		.byte	0
ARM GAS  C:\Users\GRAZIA~1.RAV\AppData\Local\Temp\ccvYWSwU.s 			page 19


 772 0090 00       		.byte	0
 773 0091 0A       		.uleb128 0xa
 774 0092 26       		.uleb128 0x26
 775 0093 00       		.byte	0
 776 0094 49       		.uleb128 0x49
 777 0095 13       		.uleb128 0x13
 778 0096 00       		.byte	0
 779 0097 00       		.byte	0
 780 0098 0B       		.uleb128 0xb
 781 0099 01       		.uleb128 0x1
 782 009a 01       		.byte	0x1
 783 009b 49       		.uleb128 0x49
 784 009c 13       		.uleb128 0x13
 785 009d 01       		.uleb128 0x1
 786 009e 13       		.uleb128 0x13
 787 009f 00       		.byte	0
 788 00a0 00       		.byte	0
 789 00a1 0C       		.uleb128 0xc
 790 00a2 21       		.uleb128 0x21
 791 00a3 00       		.byte	0
 792 00a4 49       		.uleb128 0x49
 793 00a5 13       		.uleb128 0x13
 794 00a6 2F       		.uleb128 0x2f
 795 00a7 0B       		.uleb128 0xb
 796 00a8 00       		.byte	0
 797 00a9 00       		.byte	0
 798 00aa 0D       		.uleb128 0xd
 799 00ab 2E       		.uleb128 0x2e
 800 00ac 00       		.byte	0
 801 00ad 3F       		.uleb128 0x3f
 802 00ae 0C       		.uleb128 0xc
 803 00af 03       		.uleb128 0x3
 804 00b0 0E       		.uleb128 0xe
 805 00b1 3A       		.uleb128 0x3a
 806 00b2 0B       		.uleb128 0xb
 807 00b3 3B       		.uleb128 0x3b
 808 00b4 0B       		.uleb128 0xb
 809 00b5 27       		.uleb128 0x27
 810 00b6 0C       		.uleb128 0xc
 811 00b7 11       		.uleb128 0x11
 812 00b8 01       		.uleb128 0x1
 813 00b9 12       		.uleb128 0x12
 814 00ba 01       		.uleb128 0x1
 815 00bb 40       		.uleb128 0x40
 816 00bc 06       		.uleb128 0x6
 817 00bd 9642     		.uleb128 0x2116
 818 00bf 0C       		.uleb128 0xc
 819 00c0 00       		.byte	0
 820 00c1 00       		.byte	0
 821 00c2 0E       		.uleb128 0xe
 822 00c3 34       		.uleb128 0x34
 823 00c4 00       		.byte	0
 824 00c5 03       		.uleb128 0x3
 825 00c6 0E       		.uleb128 0xe
 826 00c7 3A       		.uleb128 0x3a
 827 00c8 0B       		.uleb128 0xb
 828 00c9 3B       		.uleb128 0x3b
ARM GAS  C:\Users\GRAZIA~1.RAV\AppData\Local\Temp\ccvYWSwU.s 			page 20


 829 00ca 0B       		.uleb128 0xb
 830 00cb 49       		.uleb128 0x49
 831 00cc 13       		.uleb128 0x13
 832 00cd 3F       		.uleb128 0x3f
 833 00ce 0C       		.uleb128 0xc
 834 00cf 02       		.uleb128 0x2
 835 00d0 0A       		.uleb128 0xa
 836 00d1 00       		.byte	0
 837 00d2 00       		.byte	0
 838 00d3 00       		.byte	0
 839              		.section	.debug_loc,"",%progbits
 840              	.Ldebug_loc0:
 841              	.LLST0:
 842 0000 00000000 		.4byte	.LFB0
 843 0004 02000000 		.4byte	.LCFI0
 844 0008 0200     		.2byte	0x2
 845 000a 7D       		.byte	0x7d
 846 000b 00       		.sleb128 0
 847 000c 02000000 		.4byte	.LCFI0
 848 0010 04000000 		.4byte	.LCFI1
 849 0014 0200     		.2byte	0x2
 850 0016 7D       		.byte	0x7d
 851 0017 04       		.sleb128 4
 852 0018 04000000 		.4byte	.LCFI1
 853 001c 0A000000 		.4byte	.LFE0
 854 0020 0200     		.2byte	0x2
 855 0022 77       		.byte	0x77
 856 0023 04       		.sleb128 4
 857 0024 00000000 		.4byte	0
 858 0028 00000000 		.4byte	0
 859              	.LLST1:
 860 002c 00000000 		.4byte	.LFB1
 861 0030 02000000 		.4byte	.LCFI2
 862 0034 0200     		.2byte	0x2
 863 0036 7D       		.byte	0x7d
 864 0037 00       		.sleb128 0
 865 0038 02000000 		.4byte	.LCFI2
 866 003c 04000000 		.4byte	.LCFI3
 867 0040 0200     		.2byte	0x2
 868 0042 7D       		.byte	0x7d
 869 0043 04       		.sleb128 4
 870 0044 04000000 		.4byte	.LCFI3
 871 0048 0A000000 		.4byte	.LFE1
 872 004c 0200     		.2byte	0x2
 873 004e 77       		.byte	0x77
 874 004f 04       		.sleb128 4
 875 0050 00000000 		.4byte	0
 876 0054 00000000 		.4byte	0
 877              	.LLST2:
 878 0058 00000000 		.4byte	.LFB2
 879 005c 02000000 		.4byte	.LCFI4
 880 0060 0200     		.2byte	0x2
 881 0062 7D       		.byte	0x7d
 882 0063 00       		.sleb128 0
 883 0064 02000000 		.4byte	.LCFI4
 884 0068 04000000 		.4byte	.LCFI5
 885 006c 0200     		.2byte	0x2
ARM GAS  C:\Users\GRAZIA~1.RAV\AppData\Local\Temp\ccvYWSwU.s 			page 21


 886 006e 7D       		.byte	0x7d
 887 006f 08       		.sleb128 8
 888 0070 04000000 		.4byte	.LCFI5
 889 0074 06000000 		.4byte	.LCFI6
 890 0078 0200     		.2byte	0x2
 891 007a 7D       		.byte	0x7d
 892 007b 18       		.sleb128 24
 893 007c 06000000 		.4byte	.LCFI6
 894 0080 3E000000 		.4byte	.LFE2
 895 0084 0200     		.2byte	0x2
 896 0086 77       		.byte	0x77
 897 0087 18       		.sleb128 24
 898 0088 00000000 		.4byte	0
 899 008c 00000000 		.4byte	0
 900              	.LLST3:
 901 0090 00000000 		.4byte	.LFB3
 902 0094 02000000 		.4byte	.LCFI7
 903 0098 0200     		.2byte	0x2
 904 009a 7D       		.byte	0x7d
 905 009b 00       		.sleb128 0
 906 009c 02000000 		.4byte	.LCFI7
 907 00a0 04000000 		.4byte	.LCFI8
 908 00a4 0200     		.2byte	0x2
 909 00a6 7D       		.byte	0x7d
 910 00a7 08       		.sleb128 8
 911 00a8 04000000 		.4byte	.LCFI8
 912 00ac 06000000 		.4byte	.LCFI9
 913 00b0 0200     		.2byte	0x2
 914 00b2 7D       		.byte	0x7d
 915 00b3 18       		.sleb128 24
 916 00b4 06000000 		.4byte	.LCFI9
 917 00b8 38000000 		.4byte	.LFE3
 918 00bc 0200     		.2byte	0x2
 919 00be 77       		.byte	0x77
 920 00bf 18       		.sleb128 24
 921 00c0 00000000 		.4byte	0
 922 00c4 00000000 		.4byte	0
 923              	.LLST4:
 924 00c8 00000000 		.4byte	.LFB4
 925 00cc 02000000 		.4byte	.LCFI10
 926 00d0 0200     		.2byte	0x2
 927 00d2 7D       		.byte	0x7d
 928 00d3 00       		.sleb128 0
 929 00d4 02000000 		.4byte	.LCFI10
 930 00d8 04000000 		.4byte	.LCFI11
 931 00dc 0200     		.2byte	0x2
 932 00de 7D       		.byte	0x7d
 933 00df 08       		.sleb128 8
 934 00e0 04000000 		.4byte	.LCFI11
 935 00e4 06000000 		.4byte	.LCFI12
 936 00e8 0200     		.2byte	0x2
 937 00ea 7D       		.byte	0x7d
 938 00eb 10       		.sleb128 16
 939 00ec 06000000 		.4byte	.LCFI12
 940 00f0 42000000 		.4byte	.LFE4
 941 00f4 0200     		.2byte	0x2
 942 00f6 77       		.byte	0x77
ARM GAS  C:\Users\GRAZIA~1.RAV\AppData\Local\Temp\ccvYWSwU.s 			page 22


 943 00f7 10       		.sleb128 16
 944 00f8 00000000 		.4byte	0
 945 00fc 00000000 		.4byte	0
 946              	.LLST5:
 947 0100 00000000 		.4byte	.LFB5
 948 0104 02000000 		.4byte	.LCFI13
 949 0108 0200     		.2byte	0x2
 950 010a 7D       		.byte	0x7d
 951 010b 00       		.sleb128 0
 952 010c 02000000 		.4byte	.LCFI13
 953 0110 04000000 		.4byte	.LCFI14
 954 0114 0200     		.2byte	0x2
 955 0116 7D       		.byte	0x7d
 956 0117 08       		.sleb128 8
 957 0118 04000000 		.4byte	.LCFI14
 958 011c 06000000 		.4byte	.LCFI15
 959 0120 0200     		.2byte	0x2
 960 0122 7D       		.byte	0x7d
 961 0123 10       		.sleb128 16
 962 0124 06000000 		.4byte	.LCFI15
 963 0128 2C000000 		.4byte	.LFE5
 964 012c 0200     		.2byte	0x2
 965 012e 77       		.byte	0x77
 966 012f 10       		.sleb128 16
 967 0130 00000000 		.4byte	0
 968 0134 00000000 		.4byte	0
 969              	.LLST6:
 970 0138 00000000 		.4byte	.LFB6
 971 013c 02000000 		.4byte	.LCFI16
 972 0140 0200     		.2byte	0x2
 973 0142 7D       		.byte	0x7d
 974 0143 00       		.sleb128 0
 975 0144 02000000 		.4byte	.LCFI16
 976 0148 04000000 		.4byte	.LCFI17
 977 014c 0200     		.2byte	0x2
 978 014e 7D       		.byte	0x7d
 979 014f 08       		.sleb128 8
 980 0150 04000000 		.4byte	.LCFI17
 981 0154 16000000 		.4byte	.LFE6
 982 0158 0200     		.2byte	0x2
 983 015a 77       		.byte	0x77
 984 015b 08       		.sleb128 8
 985 015c 00000000 		.4byte	0
 986 0160 00000000 		.4byte	0
 987              		.section	.debug_aranges,"",%progbits
 988 0000 4C000000 		.4byte	0x4c
 989 0004 0200     		.2byte	0x2
 990 0006 00000000 		.4byte	.Ldebug_info0
 991 000a 04       		.byte	0x4
 992 000b 00       		.byte	0
 993 000c 0000     		.2byte	0
 994 000e 0000     		.2byte	0
 995 0010 00000000 		.4byte	.LFB0
 996 0014 0A000000 		.4byte	.LFE0-.LFB0
 997 0018 00000000 		.4byte	.LFB1
 998 001c 0A000000 		.4byte	.LFE1-.LFB1
 999 0020 00000000 		.4byte	.LFB2
ARM GAS  C:\Users\GRAZIA~1.RAV\AppData\Local\Temp\ccvYWSwU.s 			page 23


 1000 0024 3E000000 		.4byte	.LFE2-.LFB2
 1001 0028 00000000 		.4byte	.LFB3
 1002 002c 38000000 		.4byte	.LFE3-.LFB3
 1003 0030 00000000 		.4byte	.LFB4
 1004 0034 42000000 		.4byte	.LFE4-.LFB4
 1005 0038 00000000 		.4byte	.LFB5
 1006 003c 2C000000 		.4byte	.LFE5-.LFB5
 1007 0040 00000000 		.4byte	.LFB6
 1008 0044 16000000 		.4byte	.LFE6-.LFB6
 1009 0048 00000000 		.4byte	0
 1010 004c 00000000 		.4byte	0
 1011              		.section	.debug_ranges,"",%progbits
 1012              	.Ldebug_ranges0:
 1013 0000 00000000 		.4byte	.LFB0
 1014 0004 0A000000 		.4byte	.LFE0
 1015 0008 00000000 		.4byte	.LFB1
 1016 000c 0A000000 		.4byte	.LFE1
 1017 0010 00000000 		.4byte	.LFB2
 1018 0014 3E000000 		.4byte	.LFE2
 1019 0018 00000000 		.4byte	.LFB3
 1020 001c 38000000 		.4byte	.LFE3
 1021 0020 00000000 		.4byte	.LFB4
 1022 0024 42000000 		.4byte	.LFE4
 1023 0028 00000000 		.4byte	.LFB5
 1024 002c 2C000000 		.4byte	.LFE5
 1025 0030 00000000 		.4byte	.LFB6
 1026 0034 16000000 		.4byte	.LFE6
 1027 0038 00000000 		.4byte	0
 1028 003c 00000000 		.4byte	0
 1029              		.section	.debug_line,"",%progbits
 1030              	.Ldebug_line0:
 1031 0000 ED000000 		.section	.debug_str,"MS",%progbits,1
 1031      02004E00 
 1031      00000201 
 1031      FB0E0D00 
 1031      01010101 
 1032              	.LASF19:
 1033 0000 63757272 		.ascii	"current\000"
 1033      656E7400 
 1034              	.LASF32:
 1035 0008 53575F54 		.ascii	"SW_Tx_UART_OLED_PutCRLF\000"
 1035      785F5541 
 1035      52545F4F 
 1035      4C45445F 
 1035      50757443 
 1036              	.LASF16:
 1037 0020 53575F54 		.ascii	"SW_Tx_UART_OLED_Start\000"
 1037      785F5541 
 1037      52545F4F 
 1037      4C45445F 
 1037      53746172 
 1038              	.LASF28:
 1039 0036 53575F54 		.ascii	"SW_Tx_UART_OLED_hex\000"
 1039      785F5541 
 1039      52545F4F 
 1039      4C45445F 
 1039      68657800 
ARM GAS  C:\Users\GRAZIA~1.RAV\AppData\Local\Temp\ccvYWSwU.s 			page 24


 1040              	.LASF20:
 1041 004a 53575F54 		.ascii	"SW_Tx_UART_OLED_PutString\000"
 1041      785F5541 
 1041      52545F4F 
 1041      4C45445F 
 1041      50757453 
 1042              	.LASF30:
 1043 0064 53575F54 		.ascii	"SW_Tx_UART_OLED_PutHexInt\000"
 1043      785F5541 
 1043      52545F4F 
 1043      4C45445F 
 1043      50757448 
 1044              	.LASF22:
 1045 007e 73747269 		.ascii	"string\000"
 1045      6E6700
 1046              	.LASF12:
 1047 0085 666C6F61 		.ascii	"float\000"
 1047      7400
 1048              	.LASF1:
 1049 008b 756E7369 		.ascii	"unsigned char\000"
 1049      676E6564 
 1049      20636861 
 1049      7200
 1050              	.LASF14:
 1051 0099 63686172 		.ascii	"char8\000"
 1051      3800
 1052              	.LASF5:
 1053 009f 6C6F6E67 		.ascii	"long unsigned int\000"
 1053      20756E73 
 1053      69676E65 
 1053      6420696E 
 1053      7400
 1054              	.LASF3:
 1055 00b1 73686F72 		.ascii	"short unsigned int\000"
 1055      7420756E 
 1055      7369676E 
 1055      65642069 
 1055      6E7400
 1056              	.LASF38:
 1057 00c4 433A5C55 		.ascii	"C:\\Users\\Graziano G. Ravizza\\Documents\\PSoC Cre"
 1057      73657273 
 1057      5C477261 
 1057      7A69616E 
 1057      6F20472E 
 1058 00f3 61746F72 		.ascii	"ator\\GOBEE DIRECTOR\\Vers.0.0-T14 2018-0219 C3.0 ("
 1058      5C474F42 
 1058      45452044 
 1058      49524543 
 1058      544F525C 
 1059 0124 4857204D 		.ascii	"HW MODS)\\GobeeDir.cydsn\000"
 1059      4F445329 
 1059      5C476F62 
 1059      65654469 
 1059      722E6379 
 1060              	.LASF31:
 1061 013c 74784865 		.ascii	"txHexInt\000"
 1061      78496E74 
ARM GAS  C:\Users\GRAZIA~1.RAV\AppData\Local\Temp\ccvYWSwU.s 			page 25


 1061      00
 1062              	.LASF23:
 1063 0145 61727261 		.ascii	"array\000"
 1063      7900
 1064              	.LASF18:
 1065 014b 73747269 		.ascii	"stringIndex\000"
 1065      6E67496E 
 1065      64657800 
 1066              	.LASF26:
 1067 0157 53575F54 		.ascii	"SW_Tx_UART_OLED_PutHexByte\000"
 1067      785F5541 
 1067      52545F4F 
 1067      4C45445F 
 1067      50757448 
 1068              	.LASF13:
 1069 0172 646F7562 		.ascii	"double\000"
 1069      6C6500
 1070              	.LASF25:
 1071 0179 61727261 		.ascii	"arrayIndex\000"
 1071      79496E64 
 1071      657800
 1072              	.LASF10:
 1073 0184 75696E74 		.ascii	"uint16\000"
 1073      313600
 1074              	.LASF11:
 1075 018b 75696E74 		.ascii	"uint32\000"
 1075      333200
 1076              	.LASF27:
 1077 0192 74784865 		.ascii	"txHexByte\000"
 1077      78427974 
 1077      6500
 1078              	.LASF8:
 1079 019c 756E7369 		.ascii	"unsigned int\000"
 1079      676E6564 
 1079      20696E74 
 1079      00
 1080              	.LASF17:
 1081 01a9 53575F54 		.ascii	"SW_Tx_UART_OLED_Stop\000"
 1081      785F5541 
 1081      52545F4F 
 1081      4C45445F 
 1081      53746F70 
 1082              	.LASF7:
 1083 01be 6C6F6E67 		.ascii	"long long unsigned int\000"
 1083      206C6F6E 
 1083      6720756E 
 1083      7369676E 
 1083      65642069 
 1084              	.LASF24:
 1085 01d5 62797465 		.ascii	"byteCount\000"
 1085      436F756E 
 1085      7400
 1086              	.LASF34:
 1087 01df 53575F54 		.ascii	"SW_Tx_UART_OLED_pinPortNumber\000"
 1087      785F5541 
 1087      52545F4F 
 1087      4C45445F 
ARM GAS  C:\Users\GRAZIA~1.RAV\AppData\Local\Temp\ccvYWSwU.s 			page 26


 1087      70696E50 
 1088              	.LASF35:
 1089 01fd 53575F54 		.ascii	"SW_Tx_UART_OLED_pinDrAdress\000"
 1089      785F5541 
 1089      52545F4F 
 1089      4C45445F 
 1089      70696E44 
 1090              	.LASF29:
 1091 0219 73697A65 		.ascii	"sizetype\000"
 1091      74797065 
 1091      00
 1092              	.LASF6:
 1093 0222 6C6F6E67 		.ascii	"long long int\000"
 1093      206C6F6E 
 1093      6720696E 
 1093      7400
 1094              	.LASF15:
 1095 0230 63686172 		.ascii	"char\000"
 1095      00
 1096              	.LASF2:
 1097 0235 73686F72 		.ascii	"short int\000"
 1097      7420696E 
 1097      7400
 1098              	.LASF9:
 1099 023f 75696E74 		.ascii	"uint8\000"
 1099      3800
 1100              	.LASF36:
 1101 0245 474E5520 		.ascii	"GNU C 4.7.3 20130312 (release) [ARM/embedded-4_7-br"
 1101      4320342E 
 1101      372E3320 
 1101      32303133 
 1101      30333132 
 1102 0278 616E6368 		.ascii	"anch revision 196615]\000"
 1102      20726576 
 1102      6973696F 
 1102      6E203139 
 1102      36363135 
 1103              	.LASF37:
 1104 028e 2E5C4765 		.ascii	".\\Generated_Source\\PSoC5\\SW_Tx_UART_OLED.c\000"
 1104      6E657261 
 1104      7465645F 
 1104      536F7572 
 1104      63655C50 
 1105              	.LASF33:
 1106 02b9 53575F54 		.ascii	"SW_Tx_UART_OLED_pinNumber\000"
 1106      785F5541 
 1106      52545F4F 
 1106      4C45445F 
 1106      70696E4E 
 1107              	.LASF4:
 1108 02d3 6C6F6E67 		.ascii	"long int\000"
 1108      20696E74 
 1108      00
 1109              	.LASF21:
 1110 02dc 53575F54 		.ascii	"SW_Tx_UART_OLED_PutArray\000"
 1110      785F5541 
 1110      52545F4F 
ARM GAS  C:\Users\GRAZIA~1.RAV\AppData\Local\Temp\ccvYWSwU.s 			page 27


 1110      4C45445F 
 1110      50757441 
 1111              	.LASF0:
 1112 02f5 7369676E 		.ascii	"signed char\000"
 1112      65642063 
 1112      68617200 
 1113              		.ident	"GCC: (GNU Tools for ARM Embedded Processors) 4.7.3 20130312 (release) [ARM/embedded-4_7-br
