ARM GAS  C:\Users\GRAZIA~1.RAV\AppData\Local\Temp\ccXNhzOP.s 			page 1


   1              		.syntax unified
   2              		.cpu cortex-m3
   3              		.fpu softvfp
   4              		.eabi_attribute 20, 1
   5              		.eabi_attribute 21, 1
   6              		.eabi_attribute 23, 3
   7              		.eabi_attribute 24, 1
   8              		.eabi_attribute 25, 1
   9              		.eabi_attribute 26, 1
  10              		.eabi_attribute 30, 6
  11              		.eabi_attribute 34, 1
  12              		.eabi_attribute 18, 4
  13              		.thumb
  14              		.file	"UART_LORA_INT.c"
  15              		.text
  16              	.Ltext0:
  17              		.cfi_sections	.debug_frame
  18              		.section	.text.UART_LORA_RXISR,"ax",%progbits
  19              		.align	2
  20              		.global	UART_LORA_RXISR
  21              		.thumb
  22              		.thumb_func
  23              		.type	UART_LORA_RXISR, %function
  24              	UART_LORA_RXISR:
  25              	.LFB0:
  26              		.file 1 ".\\Generated_Source\\PSoC5\\UART_LORA_INT.c"
   1:.\Generated_Source\PSoC5/UART_LORA_INT.c **** /*******************************************************************************
   2:.\Generated_Source\PSoC5/UART_LORA_INT.c **** * File Name: UART_LORA_INT.c
   3:.\Generated_Source\PSoC5/UART_LORA_INT.c **** * Version 2.30
   4:.\Generated_Source\PSoC5/UART_LORA_INT.c **** *
   5:.\Generated_Source\PSoC5/UART_LORA_INT.c **** * Description:
   6:.\Generated_Source\PSoC5/UART_LORA_INT.c **** *  This file provides all Interrupt Service functionality of the UART component
   7:.\Generated_Source\PSoC5/UART_LORA_INT.c **** *
   8:.\Generated_Source\PSoC5/UART_LORA_INT.c **** * Note:
   9:.\Generated_Source\PSoC5/UART_LORA_INT.c **** *  Any unusual or non-standard behavior should be noted here. Other-
  10:.\Generated_Source\PSoC5/UART_LORA_INT.c **** *  wise, this section should remain blank.
  11:.\Generated_Source\PSoC5/UART_LORA_INT.c **** *
  12:.\Generated_Source\PSoC5/UART_LORA_INT.c **** ********************************************************************************
  13:.\Generated_Source\PSoC5/UART_LORA_INT.c **** * Copyright 2008-2012, Cypress Semiconductor Corporation.  All rights reserved.
  14:.\Generated_Source\PSoC5/UART_LORA_INT.c **** * You may use this file only in accordance with the license, terms, conditions,
  15:.\Generated_Source\PSoC5/UART_LORA_INT.c **** * disclaimers, and limitations in the end user license agreement accompanying
  16:.\Generated_Source\PSoC5/UART_LORA_INT.c **** * the software package with which this file was provided.
  17:.\Generated_Source\PSoC5/UART_LORA_INT.c **** *******************************************************************************/
  18:.\Generated_Source\PSoC5/UART_LORA_INT.c **** 
  19:.\Generated_Source\PSoC5/UART_LORA_INT.c **** #include "UART_LORA.h"
  20:.\Generated_Source\PSoC5/UART_LORA_INT.c **** #include "CyLib.h"
  21:.\Generated_Source\PSoC5/UART_LORA_INT.c **** 
  22:.\Generated_Source\PSoC5/UART_LORA_INT.c **** 
  23:.\Generated_Source\PSoC5/UART_LORA_INT.c **** /***************************************
  24:.\Generated_Source\PSoC5/UART_LORA_INT.c **** * Custom Declratations
  25:.\Generated_Source\PSoC5/UART_LORA_INT.c **** ***************************************/
  26:.\Generated_Source\PSoC5/UART_LORA_INT.c **** /* `#START CUSTOM_DECLARATIONS` Place your declaration here */
  27:.\Generated_Source\PSoC5/UART_LORA_INT.c **** 
  28:.\Generated_Source\PSoC5/UART_LORA_INT.c **** /* `#END` */
  29:.\Generated_Source\PSoC5/UART_LORA_INT.c **** 
  30:.\Generated_Source\PSoC5/UART_LORA_INT.c **** #if( (UART_LORA_RX_ENABLED || UART_LORA_HD_ENABLED) && \
  31:.\Generated_Source\PSoC5/UART_LORA_INT.c ****      (UART_LORA_RXBUFFERSIZE > UART_LORA_FIFO_LENGTH))
ARM GAS  C:\Users\GRAZIA~1.RAV\AppData\Local\Temp\ccXNhzOP.s 			page 2


  32:.\Generated_Source\PSoC5/UART_LORA_INT.c **** 
  33:.\Generated_Source\PSoC5/UART_LORA_INT.c **** 
  34:.\Generated_Source\PSoC5/UART_LORA_INT.c ****     /*******************************************************************************
  35:.\Generated_Source\PSoC5/UART_LORA_INT.c ****     * Function Name: UART_LORA_RXISR
  36:.\Generated_Source\PSoC5/UART_LORA_INT.c ****     ********************************************************************************
  37:.\Generated_Source\PSoC5/UART_LORA_INT.c ****     *
  38:.\Generated_Source\PSoC5/UART_LORA_INT.c ****     * Summary:
  39:.\Generated_Source\PSoC5/UART_LORA_INT.c ****     *  Interrupt Service Routine for RX portion of the UART
  40:.\Generated_Source\PSoC5/UART_LORA_INT.c ****     *
  41:.\Generated_Source\PSoC5/UART_LORA_INT.c ****     * Parameters:
  42:.\Generated_Source\PSoC5/UART_LORA_INT.c ****     *  None.
  43:.\Generated_Source\PSoC5/UART_LORA_INT.c ****     *
  44:.\Generated_Source\PSoC5/UART_LORA_INT.c ****     * Return:
  45:.\Generated_Source\PSoC5/UART_LORA_INT.c ****     *  None.
  46:.\Generated_Source\PSoC5/UART_LORA_INT.c ****     *
  47:.\Generated_Source\PSoC5/UART_LORA_INT.c ****     * Global Variables:
  48:.\Generated_Source\PSoC5/UART_LORA_INT.c ****     *  UART_LORA_rxBuffer - RAM buffer pointer for save received data.
  49:.\Generated_Source\PSoC5/UART_LORA_INT.c ****     *  UART_LORA_rxBufferWrite - cyclic index for write to rxBuffer,
  50:.\Generated_Source\PSoC5/UART_LORA_INT.c ****     *     increments after each byte saved to buffer.
  51:.\Generated_Source\PSoC5/UART_LORA_INT.c ****     *  UART_LORA_rxBufferRead - cyclic index for read from rxBuffer,
  52:.\Generated_Source\PSoC5/UART_LORA_INT.c ****     *     checked to detect overflow condition.
  53:.\Generated_Source\PSoC5/UART_LORA_INT.c ****     *  UART_LORA_rxBufferOverflow - software overflow flag. Set to one
  54:.\Generated_Source\PSoC5/UART_LORA_INT.c ****     *     when UART_LORA_rxBufferWrite index overtakes
  55:.\Generated_Source\PSoC5/UART_LORA_INT.c ****     *     UART_LORA_rxBufferRead index.
  56:.\Generated_Source\PSoC5/UART_LORA_INT.c ****     *  UART_LORA_rxBufferLoopDetect - additional variable to detect overflow.
  57:.\Generated_Source\PSoC5/UART_LORA_INT.c ****     *     Set to one when UART_LORA_rxBufferWrite is equal to
  58:.\Generated_Source\PSoC5/UART_LORA_INT.c ****     *    UART_LORA_rxBufferRead
  59:.\Generated_Source\PSoC5/UART_LORA_INT.c ****     *  UART_LORA_rxAddressMode - this variable contains the Address mode,
  60:.\Generated_Source\PSoC5/UART_LORA_INT.c ****     *     selected in customizer or set by UART_SetRxAddressMode() API.
  61:.\Generated_Source\PSoC5/UART_LORA_INT.c ****     *  UART_LORA_rxAddressDetected - set to 1 when correct address received,
  62:.\Generated_Source\PSoC5/UART_LORA_INT.c ****     *     and analysed to store following addressed data bytes to the buffer.
  63:.\Generated_Source\PSoC5/UART_LORA_INT.c ****     *     When not correct address received, set to 0 to skip following data bytes.
  64:.\Generated_Source\PSoC5/UART_LORA_INT.c ****     *
  65:.\Generated_Source\PSoC5/UART_LORA_INT.c ****     *******************************************************************************/
  66:.\Generated_Source\PSoC5/UART_LORA_INT.c ****     CY_ISR(UART_LORA_RXISR)
  67:.\Generated_Source\PSoC5/UART_LORA_INT.c ****     {
  27              		.loc 1 67 0
  28              		.cfi_startproc
  29              		@ args = 0, pretend = 0, frame = 8
  30              		@ frame_needed = 1, uses_anonymous_args = 0
  31              		@ link register save eliminated.
  32 0000 80B4     		push	{r7}
  33              	.LCFI0:
  34              		.cfi_def_cfa_offset 4
  35              		.cfi_offset 7, -4
  36 0002 83B0     		sub	sp, sp, #12
  37              	.LCFI1:
  38              		.cfi_def_cfa_offset 16
  39 0004 00AF     		add	r7, sp, #0
  40              	.LCFI2:
  41              		.cfi_def_cfa_register 7
  68:.\Generated_Source\PSoC5/UART_LORA_INT.c ****         uint8 readData;
  69:.\Generated_Source\PSoC5/UART_LORA_INT.c ****         uint8 increment_pointer = 0u;
  42              		.loc 1 69 0
  43 0006 4FF00003 		mov	r3, #0
  44 000a BB71     		strb	r3, [r7, #6]
  70:.\Generated_Source\PSoC5/UART_LORA_INT.c ****         #if(CY_PSOC3)
ARM GAS  C:\Users\GRAZIA~1.RAV\AppData\Local\Temp\ccXNhzOP.s 			page 3


  71:.\Generated_Source\PSoC5/UART_LORA_INT.c ****             uint8 int_en;
  72:.\Generated_Source\PSoC5/UART_LORA_INT.c ****         #endif /* CY_PSOC3 */
  73:.\Generated_Source\PSoC5/UART_LORA_INT.c **** 
  74:.\Generated_Source\PSoC5/UART_LORA_INT.c ****         /* User code required at start of ISR */
  75:.\Generated_Source\PSoC5/UART_LORA_INT.c ****         /* `#START UART_LORA_RXISR_START` */
  76:.\Generated_Source\PSoC5/UART_LORA_INT.c **** 
  77:.\Generated_Source\PSoC5/UART_LORA_INT.c ****         /* `#END` */
  78:.\Generated_Source\PSoC5/UART_LORA_INT.c **** 
  79:.\Generated_Source\PSoC5/UART_LORA_INT.c ****         #if(CY_PSOC3)   /* Make sure nested interrupt is enabled */
  80:.\Generated_Source\PSoC5/UART_LORA_INT.c ****             int_en = EA;
  81:.\Generated_Source\PSoC5/UART_LORA_INT.c ****             CyGlobalIntEnable;
  82:.\Generated_Source\PSoC5/UART_LORA_INT.c ****         #endif /* CY_PSOC3 */
  83:.\Generated_Source\PSoC5/UART_LORA_INT.c **** 
  84:.\Generated_Source\PSoC5/UART_LORA_INT.c ****         readData = UART_LORA_RXSTATUS_REG;
  45              		.loc 1 84 0
  46 000c 46F26543 		movw	r3, #25701
  47 0010 C4F20003 		movt	r3, 16384
  48 0014 1B78     		ldrb	r3, [r3, #0]
  49 0016 FB71     		strb	r3, [r7, #7]
  85:.\Generated_Source\PSoC5/UART_LORA_INT.c **** 
  86:.\Generated_Source\PSoC5/UART_LORA_INT.c ****         if((readData & (UART_LORA_RX_STS_BREAK | UART_LORA_RX_STS_PAR_ERROR |
  87:.\Generated_Source\PSoC5/UART_LORA_INT.c ****                         UART_LORA_RX_STS_STOP_ERROR | UART_LORA_RX_STS_OVERRUN)) != 0u)
  88:.\Generated_Source\PSoC5/UART_LORA_INT.c ****         {
  89:.\Generated_Source\PSoC5/UART_LORA_INT.c ****             /* ERROR handling. */
  90:.\Generated_Source\PSoC5/UART_LORA_INT.c ****             /* `#START UART_LORA_RXISR_ERROR` */
  91:.\Generated_Source\PSoC5/UART_LORA_INT.c **** 
  92:.\Generated_Source\PSoC5/UART_LORA_INT.c ****             /* `#END` */
  93:.\Generated_Source\PSoC5/UART_LORA_INT.c ****         }
  94:.\Generated_Source\PSoC5/UART_LORA_INT.c **** 
  95:.\Generated_Source\PSoC5/UART_LORA_INT.c ****         while((readData & UART_LORA_RX_STS_FIFO_NOTEMPTY) != 0u)
  50              		.loc 1 95 0
  51 0018 60E0     		b	.L2
  52              	.L6:
  96:.\Generated_Source\PSoC5/UART_LORA_INT.c ****         {
  97:.\Generated_Source\PSoC5/UART_LORA_INT.c **** 
  98:.\Generated_Source\PSoC5/UART_LORA_INT.c ****             #if (UART_LORA_RXHW_ADDRESS_ENABLED)
  99:.\Generated_Source\PSoC5/UART_LORA_INT.c ****                 if(UART_LORA_rxAddressMode == (uint8)UART_LORA__B_UART__AM_SW_DETECT_TO_BUFFER)
 100:.\Generated_Source\PSoC5/UART_LORA_INT.c ****                 {
 101:.\Generated_Source\PSoC5/UART_LORA_INT.c ****                     if((readData & UART_LORA_RX_STS_MRKSPC) != 0u)
 102:.\Generated_Source\PSoC5/UART_LORA_INT.c ****                     {
 103:.\Generated_Source\PSoC5/UART_LORA_INT.c ****                         if ((readData & UART_LORA_RX_STS_ADDR_MATCH) != 0u)
 104:.\Generated_Source\PSoC5/UART_LORA_INT.c ****                         {
 105:.\Generated_Source\PSoC5/UART_LORA_INT.c ****                             UART_LORA_rxAddressDetected = 1u;
 106:.\Generated_Source\PSoC5/UART_LORA_INT.c ****                         }
 107:.\Generated_Source\PSoC5/UART_LORA_INT.c ****                         else
 108:.\Generated_Source\PSoC5/UART_LORA_INT.c ****                         {
 109:.\Generated_Source\PSoC5/UART_LORA_INT.c ****                             UART_LORA_rxAddressDetected = 0u;
 110:.\Generated_Source\PSoC5/UART_LORA_INT.c ****                         }
 111:.\Generated_Source\PSoC5/UART_LORA_INT.c ****                     }
 112:.\Generated_Source\PSoC5/UART_LORA_INT.c **** 
 113:.\Generated_Source\PSoC5/UART_LORA_INT.c ****                     readData = UART_LORA_RXDATA_REG;
 114:.\Generated_Source\PSoC5/UART_LORA_INT.c ****                     if(UART_LORA_rxAddressDetected != 0u)
 115:.\Generated_Source\PSoC5/UART_LORA_INT.c ****                     {   /* store only addressed data */
 116:.\Generated_Source\PSoC5/UART_LORA_INT.c ****                         UART_LORA_rxBuffer[UART_LORA_rxBufferWrite] = readData;
 117:.\Generated_Source\PSoC5/UART_LORA_INT.c ****                         increment_pointer = 1u;
 118:.\Generated_Source\PSoC5/UART_LORA_INT.c ****                     }
 119:.\Generated_Source\PSoC5/UART_LORA_INT.c ****                 }
ARM GAS  C:\Users\GRAZIA~1.RAV\AppData\Local\Temp\ccXNhzOP.s 			page 4


 120:.\Generated_Source\PSoC5/UART_LORA_INT.c ****                 else /* without software addressing */
 121:.\Generated_Source\PSoC5/UART_LORA_INT.c ****                 {
 122:.\Generated_Source\PSoC5/UART_LORA_INT.c ****                     UART_LORA_rxBuffer[UART_LORA_rxBufferWrite] = UART_LORA_RXDATA_REG;
 123:.\Generated_Source\PSoC5/UART_LORA_INT.c ****                     increment_pointer = 1u;
 124:.\Generated_Source\PSoC5/UART_LORA_INT.c ****                 }
 125:.\Generated_Source\PSoC5/UART_LORA_INT.c ****             #else  /* without addressing */
 126:.\Generated_Source\PSoC5/UART_LORA_INT.c ****                 UART_LORA_rxBuffer[UART_LORA_rxBufferWrite] = UART_LORA_RXDATA_REG;
  53              		.loc 1 126 0
  54 001a 40F20003 		movw	r3, #:lower16:UART_LORA_rxBufferWrite
  55 001e C0F20003 		movt	r3, #:upper16:UART_LORA_rxBufferWrite
  56 0022 1B78     		ldrb	r3, [r3, #0]
  57 0024 DBB2     		uxtb	r3, r3
  58 0026 1A46     		mov	r2, r3
  59 0028 46F24E43 		movw	r3, #25678
  60 002c C4F20003 		movt	r3, 16384
  61 0030 1B78     		ldrb	r3, [r3, #0]
  62 0032 D9B2     		uxtb	r1, r3
  63 0034 40F20003 		movw	r3, #:lower16:UART_LORA_rxBuffer
  64 0038 C0F20003 		movt	r3, #:upper16:UART_LORA_rxBuffer
  65 003c 9954     		strb	r1, [r3, r2]
 127:.\Generated_Source\PSoC5/UART_LORA_INT.c ****                 increment_pointer = 1u;
  66              		.loc 1 127 0
  67 003e 4FF00103 		mov	r3, #1
  68 0042 BB71     		strb	r3, [r7, #6]
 128:.\Generated_Source\PSoC5/UART_LORA_INT.c ****             #endif /* End SW_DETECT_TO_BUFFER */
 129:.\Generated_Source\PSoC5/UART_LORA_INT.c **** 
 130:.\Generated_Source\PSoC5/UART_LORA_INT.c ****             /* do not increment buffer pointer when skip not adderessed data */
 131:.\Generated_Source\PSoC5/UART_LORA_INT.c ****             if( increment_pointer != 0u )
  69              		.loc 1 131 0
  70 0044 BB79     		ldrb	r3, [r7, #6]	@ zero_extendqisi2
  71 0046 002B     		cmp	r3, #0
  72 0048 42D0     		beq	.L3
 132:.\Generated_Source\PSoC5/UART_LORA_INT.c ****             {
 133:.\Generated_Source\PSoC5/UART_LORA_INT.c ****                 if(UART_LORA_rxBufferLoopDetect != 0u)
  73              		.loc 1 133 0
  74 004a 40F20003 		movw	r3, #:lower16:UART_LORA_rxBufferLoopDetect
  75 004e C0F20003 		movt	r3, #:upper16:UART_LORA_rxBufferLoopDetect
  76 0052 1B78     		ldrb	r3, [r3, #0]
  77 0054 DBB2     		uxtb	r3, r3
  78 0056 002B     		cmp	r3, #0
  79 0058 06D0     		beq	.L4
 134:.\Generated_Source\PSoC5/UART_LORA_INT.c ****                 {   /* Set Software Buffer status Overflow */
 135:.\Generated_Source\PSoC5/UART_LORA_INT.c ****                     UART_LORA_rxBufferOverflow = 1u;
  80              		.loc 1 135 0
  81 005a 40F20003 		movw	r3, #:lower16:UART_LORA_rxBufferOverflow
  82 005e C0F20003 		movt	r3, #:upper16:UART_LORA_rxBufferOverflow
  83 0062 4FF00102 		mov	r2, #1
  84 0066 1A70     		strb	r2, [r3, #0]
  85              	.L4:
 136:.\Generated_Source\PSoC5/UART_LORA_INT.c ****                 }
 137:.\Generated_Source\PSoC5/UART_LORA_INT.c ****                 /* Set next pointer. */
 138:.\Generated_Source\PSoC5/UART_LORA_INT.c ****                 UART_LORA_rxBufferWrite++;
  86              		.loc 1 138 0
  87 0068 40F20003 		movw	r3, #:lower16:UART_LORA_rxBufferWrite
  88 006c C0F20003 		movt	r3, #:upper16:UART_LORA_rxBufferWrite
  89 0070 1B78     		ldrb	r3, [r3, #0]
  90 0072 DBB2     		uxtb	r3, r3
ARM GAS  C:\Users\GRAZIA~1.RAV\AppData\Local\Temp\ccXNhzOP.s 			page 5


  91 0074 03F10103 		add	r3, r3, #1
  92 0078 DAB2     		uxtb	r2, r3
  93 007a 40F20003 		movw	r3, #:lower16:UART_LORA_rxBufferWrite
  94 007e C0F20003 		movt	r3, #:upper16:UART_LORA_rxBufferWrite
  95 0082 1A70     		strb	r2, [r3, #0]
 139:.\Generated_Source\PSoC5/UART_LORA_INT.c **** 
 140:.\Generated_Source\PSoC5/UART_LORA_INT.c ****                 /* Check pointer for a loop condition */
 141:.\Generated_Source\PSoC5/UART_LORA_INT.c ****                 if(UART_LORA_rxBufferWrite >= UART_LORA_RXBUFFERSIZE)
  96              		.loc 1 141 0
  97 0084 40F20003 		movw	r3, #:lower16:UART_LORA_rxBufferWrite
  98 0088 C0F20003 		movt	r3, #:upper16:UART_LORA_rxBufferWrite
  99 008c 1B78     		ldrb	r3, [r3, #0]
 100 008e DBB2     		uxtb	r3, r3
 101 0090 DBB2     		uxtb	r3, r3
 102 0092 5BB2     		sxtb	r3, r3
 103 0094 002B     		cmp	r3, #0
 104 0096 06DA     		bge	.L5
 142:.\Generated_Source\PSoC5/UART_LORA_INT.c ****                 {
 143:.\Generated_Source\PSoC5/UART_LORA_INT.c ****                     UART_LORA_rxBufferWrite = 0u;
 105              		.loc 1 143 0
 106 0098 40F20003 		movw	r3, #:lower16:UART_LORA_rxBufferWrite
 107 009c C0F20003 		movt	r3, #:upper16:UART_LORA_rxBufferWrite
 108 00a0 4FF00002 		mov	r2, #0
 109 00a4 1A70     		strb	r2, [r3, #0]
 110              	.L5:
 144:.\Generated_Source\PSoC5/UART_LORA_INT.c ****                 }
 145:.\Generated_Source\PSoC5/UART_LORA_INT.c ****                 /* Detect pre-overload condition and set flag */
 146:.\Generated_Source\PSoC5/UART_LORA_INT.c ****                 if(UART_LORA_rxBufferWrite == UART_LORA_rxBufferRead)
 111              		.loc 1 146 0
 112 00a6 40F20003 		movw	r3, #:lower16:UART_LORA_rxBufferWrite
 113 00aa C0F20003 		movt	r3, #:upper16:UART_LORA_rxBufferWrite
 114 00ae 1B78     		ldrb	r3, [r3, #0]
 115 00b0 DAB2     		uxtb	r2, r3
 116 00b2 40F20003 		movw	r3, #:lower16:UART_LORA_rxBufferRead
 117 00b6 C0F20003 		movt	r3, #:upper16:UART_LORA_rxBufferRead
 118 00ba 1B78     		ldrb	r3, [r3, #0]
 119 00bc DBB2     		uxtb	r3, r3
 120 00be 9A42     		cmp	r2, r3
 121 00c0 06D1     		bne	.L3
 147:.\Generated_Source\PSoC5/UART_LORA_INT.c ****                 {
 148:.\Generated_Source\PSoC5/UART_LORA_INT.c ****                     UART_LORA_rxBufferLoopDetect = 1u;
 122              		.loc 1 148 0
 123 00c2 40F20003 		movw	r3, #:lower16:UART_LORA_rxBufferLoopDetect
 124 00c6 C0F20003 		movt	r3, #:upper16:UART_LORA_rxBufferLoopDetect
 125 00ca 4FF00102 		mov	r2, #1
 126 00ce 1A70     		strb	r2, [r3, #0]
 127              	.L3:
 149:.\Generated_Source\PSoC5/UART_LORA_INT.c ****                     /* When Hardware Flow Control selected */
 150:.\Generated_Source\PSoC5/UART_LORA_INT.c ****                     #if(UART_LORA_FLOW_CONTROL != 0u)
 151:.\Generated_Source\PSoC5/UART_LORA_INT.c ****                     /* Disable RX interrupt mask, it will be enabled when user read data from the b
 152:.\Generated_Source\PSoC5/UART_LORA_INT.c ****                         UART_LORA_RXSTATUS_MASK_REG  &= (uint8)~UART_LORA_RX_STS_FIFO_NOTEMPTY;
 153:.\Generated_Source\PSoC5/UART_LORA_INT.c ****                         CyIntClearPending(UART_LORA_RX_VECT_NUM);
 154:.\Generated_Source\PSoC5/UART_LORA_INT.c ****                         break; /* Break the reading of the FIFO loop, leave the data there for gene
 155:.\Generated_Source\PSoC5/UART_LORA_INT.c ****                     #endif /* End UART_LORA_FLOW_CONTROL != 0 */
 156:.\Generated_Source\PSoC5/UART_LORA_INT.c ****                 }
 157:.\Generated_Source\PSoC5/UART_LORA_INT.c ****             }
 158:.\Generated_Source\PSoC5/UART_LORA_INT.c **** 
ARM GAS  C:\Users\GRAZIA~1.RAV\AppData\Local\Temp\ccXNhzOP.s 			page 6


 159:.\Generated_Source\PSoC5/UART_LORA_INT.c ****             /* Check again if there is data. */
 160:.\Generated_Source\PSoC5/UART_LORA_INT.c ****             readData = UART_LORA_RXSTATUS_REG;
 128              		.loc 1 160 0
 129 00d0 46F26543 		movw	r3, #25701
 130 00d4 C4F20003 		movt	r3, 16384
 131 00d8 1B78     		ldrb	r3, [r3, #0]
 132 00da FB71     		strb	r3, [r7, #7]
 133              	.L2:
  95:.\Generated_Source\PSoC5/UART_LORA_INT.c ****         while((readData & UART_LORA_RX_STS_FIFO_NOTEMPTY) != 0u)
 134              		.loc 1 95 0 discriminator 1
 135 00dc FB79     		ldrb	r3, [r7, #7]	@ zero_extendqisi2
 136 00de 03F02003 		and	r3, r3, #32
 137 00e2 002B     		cmp	r3, #0
 138 00e4 99D1     		bne	.L6
 161:.\Generated_Source\PSoC5/UART_LORA_INT.c ****         }
 162:.\Generated_Source\PSoC5/UART_LORA_INT.c **** 
 163:.\Generated_Source\PSoC5/UART_LORA_INT.c ****         /* User code required at end of ISR (Optional) */
 164:.\Generated_Source\PSoC5/UART_LORA_INT.c ****         /* `#START UART_LORA_RXISR_END` */
 165:.\Generated_Source\PSoC5/UART_LORA_INT.c **** 
 166:.\Generated_Source\PSoC5/UART_LORA_INT.c ****         /* `#END` */
 167:.\Generated_Source\PSoC5/UART_LORA_INT.c **** 
 168:.\Generated_Source\PSoC5/UART_LORA_INT.c ****         #if(CY_PSOC3)
 169:.\Generated_Source\PSoC5/UART_LORA_INT.c ****             EA = int_en;
 170:.\Generated_Source\PSoC5/UART_LORA_INT.c ****         #endif /* CY_PSOC3 */
 171:.\Generated_Source\PSoC5/UART_LORA_INT.c **** 
 172:.\Generated_Source\PSoC5/UART_LORA_INT.c ****     }
 139              		.loc 1 172 0
 140 00e6 07F10C07 		add	r7, r7, #12
 141 00ea BD46     		mov	sp, r7
 142 00ec 80BC     		pop	{r7}
 143 00ee 7047     		bx	lr
 144              		.cfi_endproc
 145              	.LFE0:
 146              		.size	UART_LORA_RXISR, .-UART_LORA_RXISR
 147              		.text
 148              	.Letext0:
 149              		.file 2 ".\\Generated_Source\\PSoC5\\cytypes.h"
 150              		.file 3 ".\\Generated_Source\\PSoC5\\UART_LORA.h"
 151              		.section	.debug_info,"",%progbits
 152              	.Ldebug_info0:
 153 0000 35010000 		.4byte	0x135
 154 0004 0200     		.2byte	0x2
 155 0006 00000000 		.4byte	.Ldebug_abbrev0
 156 000a 04       		.byte	0x4
 157 000b 01       		.uleb128 0x1
 158 000c C5000000 		.4byte	.LASF22
 159 0010 01       		.byte	0x1
 160 0011 80010000 		.4byte	.LASF23
 161 0015 1B000000 		.4byte	.LASF24
 162 0019 00000000 		.4byte	.Ldebug_ranges0+0
 163 001d 00000000 		.4byte	0
 164 0021 00000000 		.4byte	0
 165 0025 00000000 		.4byte	.Ldebug_line0
 166 0029 02       		.uleb128 0x2
 167 002a 01       		.byte	0x1
 168 002b 06       		.byte	0x6
 169 002c CC010000 		.4byte	.LASF0
ARM GAS  C:\Users\GRAZIA~1.RAV\AppData\Local\Temp\ccXNhzOP.s 			page 7


 170 0030 02       		.uleb128 0x2
 171 0031 01       		.byte	0x1
 172 0032 08       		.byte	0x8
 173 0033 6D010000 		.4byte	.LASF1
 174 0037 02       		.uleb128 0x2
 175 0038 02       		.byte	0x2
 176 0039 05       		.byte	0x5
 177 003a F9010000 		.4byte	.LASF2
 178 003e 02       		.uleb128 0x2
 179 003f 02       		.byte	0x2
 180 0040 07       		.byte	0x7
 181 0041 B9010000 		.4byte	.LASF3
 182 0045 02       		.uleb128 0x2
 183 0046 04       		.byte	0x4
 184 0047 05       		.byte	0x5
 185 0048 B0010000 		.4byte	.LASF4
 186 004c 02       		.uleb128 0x2
 187 004d 04       		.byte	0x4
 188 004e 07       		.byte	0x7
 189 004f 14010000 		.4byte	.LASF5
 190 0053 02       		.uleb128 0x2
 191 0054 08       		.byte	0x8
 192 0055 05       		.byte	0x5
 193 0056 00000000 		.4byte	.LASF6
 194 005a 02       		.uleb128 0x2
 195 005b 08       		.byte	0x8
 196 005c 07       		.byte	0x7
 197 005d 43010000 		.4byte	.LASF7
 198 0061 03       		.uleb128 0x3
 199 0062 04       		.byte	0x4
 200 0063 05       		.byte	0x5
 201 0064 696E7400 		.ascii	"int\000"
 202 0068 02       		.uleb128 0x2
 203 0069 04       		.byte	0x4
 204 006a 07       		.byte	0x7
 205 006b 0E000000 		.4byte	.LASF8
 206 006f 04       		.uleb128 0x4
 207 0070 0E010000 		.4byte	.LASF12
 208 0074 02       		.byte	0x2
 209 0075 5B       		.byte	0x5b
 210 0076 30000000 		.4byte	0x30
 211 007a 02       		.uleb128 0x2
 212 007b 04       		.byte	0x4
 213 007c 04       		.byte	0x4
 214 007d F3010000 		.4byte	.LASF9
 215 0081 02       		.uleb128 0x2
 216 0082 08       		.byte	0x8
 217 0083 04       		.byte	0x4
 218 0084 A9010000 		.4byte	.LASF10
 219 0088 02       		.uleb128 0x2
 220 0089 01       		.byte	0x1
 221 008a 08       		.byte	0x8
 222 008b 7B010000 		.4byte	.LASF11
 223 008f 04       		.uleb128 0x4
 224 0090 03020000 		.4byte	.LASF13
 225 0094 02       		.byte	0x2
 226 0095 F0       		.byte	0xf0
ARM GAS  C:\Users\GRAZIA~1.RAV\AppData\Local\Temp\ccXNhzOP.s 			page 8


 227 0096 9A000000 		.4byte	0x9a
 228 009a 05       		.uleb128 0x5
 229 009b 6F000000 		.4byte	0x6f
 230 009f 02       		.uleb128 0x2
 231 00a0 04       		.byte	0x4
 232 00a1 07       		.byte	0x7
 233 00a2 28020000 		.4byte	.LASF14
 234 00a6 06       		.uleb128 0x6
 235 00a7 01       		.byte	0x1
 236 00a8 B5000000 		.4byte	.LASF25
 237 00ac 01       		.byte	0x1
 238 00ad 42       		.byte	0x42
 239 00ae 01       		.byte	0x1
 240 00af 00000000 		.4byte	.LFB0
 241 00b3 F0000000 		.4byte	.LFE0
 242 00b7 00000000 		.4byte	.LLST0
 243 00bb 01       		.byte	0x1
 244 00bc DD000000 		.4byte	0xdd
 245 00c0 07       		.uleb128 0x7
 246 00c1 1F020000 		.4byte	.LASF15
 247 00c5 01       		.byte	0x1
 248 00c6 44       		.byte	0x44
 249 00c7 6F000000 		.4byte	0x6f
 250 00cb 02       		.byte	0x2
 251 00cc 91       		.byte	0x91
 252 00cd 77       		.sleb128 -9
 253 00ce 07       		.uleb128 0x7
 254 00cf 8B000000 		.4byte	.LASF16
 255 00d3 01       		.byte	0x1
 256 00d4 45       		.byte	0x45
 257 00d5 6F000000 		.4byte	0x6f
 258 00d9 02       		.byte	0x2
 259 00da 91       		.byte	0x91
 260 00db 76       		.sleb128 -10
 261 00dc 00       		.byte	0
 262 00dd 08       		.uleb128 0x8
 263 00de 6F000000 		.4byte	0x6f
 264 00e2 ED000000 		.4byte	0xed
 265 00e6 09       		.uleb128 0x9
 266 00e7 9F000000 		.4byte	0x9f
 267 00eb 7F       		.byte	0x7f
 268 00ec 00       		.byte	0
 269 00ed 0A       		.uleb128 0xa
 270 00ee 5A010000 		.4byte	.LASF17
 271 00f2 03       		.byte	0x3
 272 00f3 5201     		.2byte	0x152
 273 00f5 FB000000 		.4byte	0xfb
 274 00f9 01       		.byte	0x1
 275 00fa 01       		.byte	0x1
 276 00fb 05       		.uleb128 0x5
 277 00fc DD000000 		.4byte	0xdd
 278 0100 0A       		.uleb128 0xa
 279 0101 08020000 		.4byte	.LASF18
 280 0105 03       		.byte	0x3
 281 0106 5301     		.2byte	0x153
 282 0108 9A000000 		.4byte	0x9a
 283 010c 01       		.byte	0x1
ARM GAS  C:\Users\GRAZIA~1.RAV\AppData\Local\Temp\ccXNhzOP.s 			page 9


 284 010d 01       		.byte	0x1
 285 010e 0A       		.uleb128 0xa
 286 010f 9D000000 		.4byte	.LASF19
 287 0113 03       		.byte	0x3
 288 0114 5401     		.2byte	0x154
 289 0116 9A000000 		.4byte	0x9a
 290 011a 01       		.byte	0x1
 291 011b 01       		.byte	0x1
 292 011c 0A       		.uleb128 0xa
 293 011d 26010000 		.4byte	.LASF20
 294 0121 03       		.byte	0x3
 295 0122 5501     		.2byte	0x155
 296 0124 9A000000 		.4byte	0x9a
 297 0128 01       		.byte	0x1
 298 0129 01       		.byte	0x1
 299 012a 0A       		.uleb128 0xa
 300 012b D8010000 		.4byte	.LASF21
 301 012f 03       		.byte	0x3
 302 0130 5601     		.2byte	0x156
 303 0132 9A000000 		.4byte	0x9a
 304 0136 01       		.byte	0x1
 305 0137 01       		.byte	0x1
 306 0138 00       		.byte	0
 307              		.section	.debug_abbrev,"",%progbits
 308              	.Ldebug_abbrev0:
 309 0000 01       		.uleb128 0x1
 310 0001 11       		.uleb128 0x11
 311 0002 01       		.byte	0x1
 312 0003 25       		.uleb128 0x25
 313 0004 0E       		.uleb128 0xe
 314 0005 13       		.uleb128 0x13
 315 0006 0B       		.uleb128 0xb
 316 0007 03       		.uleb128 0x3
 317 0008 0E       		.uleb128 0xe
 318 0009 1B       		.uleb128 0x1b
 319 000a 0E       		.uleb128 0xe
 320 000b 55       		.uleb128 0x55
 321 000c 06       		.uleb128 0x6
 322 000d 11       		.uleb128 0x11
 323 000e 01       		.uleb128 0x1
 324 000f 52       		.uleb128 0x52
 325 0010 01       		.uleb128 0x1
 326 0011 10       		.uleb128 0x10
 327 0012 06       		.uleb128 0x6
 328 0013 00       		.byte	0
 329 0014 00       		.byte	0
 330 0015 02       		.uleb128 0x2
 331 0016 24       		.uleb128 0x24
 332 0017 00       		.byte	0
 333 0018 0B       		.uleb128 0xb
 334 0019 0B       		.uleb128 0xb
 335 001a 3E       		.uleb128 0x3e
 336 001b 0B       		.uleb128 0xb
 337 001c 03       		.uleb128 0x3
 338 001d 0E       		.uleb128 0xe
 339 001e 00       		.byte	0
 340 001f 00       		.byte	0
ARM GAS  C:\Users\GRAZIA~1.RAV\AppData\Local\Temp\ccXNhzOP.s 			page 10


 341 0020 03       		.uleb128 0x3
 342 0021 24       		.uleb128 0x24
 343 0022 00       		.byte	0
 344 0023 0B       		.uleb128 0xb
 345 0024 0B       		.uleb128 0xb
 346 0025 3E       		.uleb128 0x3e
 347 0026 0B       		.uleb128 0xb
 348 0027 03       		.uleb128 0x3
 349 0028 08       		.uleb128 0x8
 350 0029 00       		.byte	0
 351 002a 00       		.byte	0
 352 002b 04       		.uleb128 0x4
 353 002c 16       		.uleb128 0x16
 354 002d 00       		.byte	0
 355 002e 03       		.uleb128 0x3
 356 002f 0E       		.uleb128 0xe
 357 0030 3A       		.uleb128 0x3a
 358 0031 0B       		.uleb128 0xb
 359 0032 3B       		.uleb128 0x3b
 360 0033 0B       		.uleb128 0xb
 361 0034 49       		.uleb128 0x49
 362 0035 13       		.uleb128 0x13
 363 0036 00       		.byte	0
 364 0037 00       		.byte	0
 365 0038 05       		.uleb128 0x5
 366 0039 35       		.uleb128 0x35
 367 003a 00       		.byte	0
 368 003b 49       		.uleb128 0x49
 369 003c 13       		.uleb128 0x13
 370 003d 00       		.byte	0
 371 003e 00       		.byte	0
 372 003f 06       		.uleb128 0x6
 373 0040 2E       		.uleb128 0x2e
 374 0041 01       		.byte	0x1
 375 0042 3F       		.uleb128 0x3f
 376 0043 0C       		.uleb128 0xc
 377 0044 03       		.uleb128 0x3
 378 0045 0E       		.uleb128 0xe
 379 0046 3A       		.uleb128 0x3a
 380 0047 0B       		.uleb128 0xb
 381 0048 3B       		.uleb128 0x3b
 382 0049 0B       		.uleb128 0xb
 383 004a 27       		.uleb128 0x27
 384 004b 0C       		.uleb128 0xc
 385 004c 11       		.uleb128 0x11
 386 004d 01       		.uleb128 0x1
 387 004e 12       		.uleb128 0x12
 388 004f 01       		.uleb128 0x1
 389 0050 40       		.uleb128 0x40
 390 0051 06       		.uleb128 0x6
 391 0052 9742     		.uleb128 0x2117
 392 0054 0C       		.uleb128 0xc
 393 0055 01       		.uleb128 0x1
 394 0056 13       		.uleb128 0x13
 395 0057 00       		.byte	0
 396 0058 00       		.byte	0
 397 0059 07       		.uleb128 0x7
ARM GAS  C:\Users\GRAZIA~1.RAV\AppData\Local\Temp\ccXNhzOP.s 			page 11


 398 005a 34       		.uleb128 0x34
 399 005b 00       		.byte	0
 400 005c 03       		.uleb128 0x3
 401 005d 0E       		.uleb128 0xe
 402 005e 3A       		.uleb128 0x3a
 403 005f 0B       		.uleb128 0xb
 404 0060 3B       		.uleb128 0x3b
 405 0061 0B       		.uleb128 0xb
 406 0062 49       		.uleb128 0x49
 407 0063 13       		.uleb128 0x13
 408 0064 02       		.uleb128 0x2
 409 0065 0A       		.uleb128 0xa
 410 0066 00       		.byte	0
 411 0067 00       		.byte	0
 412 0068 08       		.uleb128 0x8
 413 0069 01       		.uleb128 0x1
 414 006a 01       		.byte	0x1
 415 006b 49       		.uleb128 0x49
 416 006c 13       		.uleb128 0x13
 417 006d 01       		.uleb128 0x1
 418 006e 13       		.uleb128 0x13
 419 006f 00       		.byte	0
 420 0070 00       		.byte	0
 421 0071 09       		.uleb128 0x9
 422 0072 21       		.uleb128 0x21
 423 0073 00       		.byte	0
 424 0074 49       		.uleb128 0x49
 425 0075 13       		.uleb128 0x13
 426 0076 2F       		.uleb128 0x2f
 427 0077 0B       		.uleb128 0xb
 428 0078 00       		.byte	0
 429 0079 00       		.byte	0
 430 007a 0A       		.uleb128 0xa
 431 007b 34       		.uleb128 0x34
 432 007c 00       		.byte	0
 433 007d 03       		.uleb128 0x3
 434 007e 0E       		.uleb128 0xe
 435 007f 3A       		.uleb128 0x3a
 436 0080 0B       		.uleb128 0xb
 437 0081 3B       		.uleb128 0x3b
 438 0082 05       		.uleb128 0x5
 439 0083 49       		.uleb128 0x49
 440 0084 13       		.uleb128 0x13
 441 0085 3F       		.uleb128 0x3f
 442 0086 0C       		.uleb128 0xc
 443 0087 3C       		.uleb128 0x3c
 444 0088 0C       		.uleb128 0xc
 445 0089 00       		.byte	0
 446 008a 00       		.byte	0
 447 008b 00       		.byte	0
 448              		.section	.debug_loc,"",%progbits
 449              	.Ldebug_loc0:
 450              	.LLST0:
 451 0000 00000000 		.4byte	.LFB0
 452 0004 02000000 		.4byte	.LCFI0
 453 0008 0200     		.2byte	0x2
 454 000a 7D       		.byte	0x7d
ARM GAS  C:\Users\GRAZIA~1.RAV\AppData\Local\Temp\ccXNhzOP.s 			page 12


 455 000b 00       		.sleb128 0
 456 000c 02000000 		.4byte	.LCFI0
 457 0010 04000000 		.4byte	.LCFI1
 458 0014 0200     		.2byte	0x2
 459 0016 7D       		.byte	0x7d
 460 0017 04       		.sleb128 4
 461 0018 04000000 		.4byte	.LCFI1
 462 001c 06000000 		.4byte	.LCFI2
 463 0020 0200     		.2byte	0x2
 464 0022 7D       		.byte	0x7d
 465 0023 10       		.sleb128 16
 466 0024 06000000 		.4byte	.LCFI2
 467 0028 F0000000 		.4byte	.LFE0
 468 002c 0200     		.2byte	0x2
 469 002e 77       		.byte	0x77
 470 002f 10       		.sleb128 16
 471 0030 00000000 		.4byte	0
 472 0034 00000000 		.4byte	0
 473              		.section	.debug_aranges,"",%progbits
 474 0000 1C000000 		.4byte	0x1c
 475 0004 0200     		.2byte	0x2
 476 0006 00000000 		.4byte	.Ldebug_info0
 477 000a 04       		.byte	0x4
 478 000b 00       		.byte	0
 479 000c 0000     		.2byte	0
 480 000e 0000     		.2byte	0
 481 0010 00000000 		.4byte	.LFB0
 482 0014 F0000000 		.4byte	.LFE0-.LFB0
 483 0018 00000000 		.4byte	0
 484 001c 00000000 		.4byte	0
 485              		.section	.debug_ranges,"",%progbits
 486              	.Ldebug_ranges0:
 487 0000 00000000 		.4byte	.LFB0
 488 0004 F0000000 		.4byte	.LFE0
 489 0008 00000000 		.4byte	0
 490 000c 00000000 		.4byte	0
 491              		.section	.debug_line,"",%progbits
 492              	.Ldebug_line0:
 493 0000 94000000 		.section	.debug_str,"MS",%progbits,1
 493      02005B00 
 493      00000201 
 493      FB0E0D00 
 493      01010101 
 494              	.LASF6:
 495 0000 6C6F6E67 		.ascii	"long long int\000"
 495      206C6F6E 
 495      6720696E 
 495      7400
 496              	.LASF8:
 497 000e 756E7369 		.ascii	"unsigned int\000"
 497      676E6564 
 497      20696E74 
 497      00
 498              	.LASF24:
 499 001b 433A5C55 		.ascii	"C:\\Users\\Graziano G. Ravizza\\Documents\\PSoC Cre"
 499      73657273 
 499      5C477261 
ARM GAS  C:\Users\GRAZIA~1.RAV\AppData\Local\Temp\ccXNhzOP.s 			page 13


 499      7A69616E 
 499      6F20472E 
 500 004a 61746F72 		.ascii	"ator\\SQUIT\\Vers.0.0-T00 2019-0208 C3.0 (start)\\S"
 500      5C535155 
 500      49545C56 
 500      6572732E 
 500      302E302D 
 501 007a 71756974 		.ascii	"quit-Proto.cydsn\000"
 501      2D50726F 
 501      746F2E63 
 501      7964736E 
 501      00
 502              	.LASF16:
 503 008b 696E6372 		.ascii	"increment_pointer\000"
 503      656D656E 
 503      745F706F 
 503      696E7465 
 503      7200
 504              	.LASF19:
 505 009d 55415254 		.ascii	"UART_LORA_rxBufferWrite\000"
 505      5F4C4F52 
 505      415F7278 
 505      42756666 
 505      65725772 
 506              	.LASF25:
 507 00b5 55415254 		.ascii	"UART_LORA_RXISR\000"
 507      5F4C4F52 
 507      415F5258 
 507      49535200 
 508              	.LASF22:
 509 00c5 474E5520 		.ascii	"GNU C 4.7.3 20130312 (release) [ARM/embedded-4_7-br"
 509      4320342E 
 509      372E3320 
 509      32303133 
 509      30333132 
 510 00f8 616E6368 		.ascii	"anch revision 196615]\000"
 510      20726576 
 510      6973696F 
 510      6E203139 
 510      36363135 
 511              	.LASF12:
 512 010e 75696E74 		.ascii	"uint8\000"
 512      3800
 513              	.LASF5:
 514 0114 6C6F6E67 		.ascii	"long unsigned int\000"
 514      20756E73 
 514      69676E65 
 514      6420696E 
 514      7400
 515              	.LASF20:
 516 0126 55415254 		.ascii	"UART_LORA_rxBufferLoopDetect\000"
 516      5F4C4F52 
 516      415F7278 
 516      42756666 
 516      65724C6F 
 517              	.LASF7:
 518 0143 6C6F6E67 		.ascii	"long long unsigned int\000"
ARM GAS  C:\Users\GRAZIA~1.RAV\AppData\Local\Temp\ccXNhzOP.s 			page 14


 518      206C6F6E 
 518      6720756E 
 518      7369676E 
 518      65642069 
 519              	.LASF17:
 520 015a 55415254 		.ascii	"UART_LORA_rxBuffer\000"
 520      5F4C4F52 
 520      415F7278 
 520      42756666 
 520      657200
 521              	.LASF1:
 522 016d 756E7369 		.ascii	"unsigned char\000"
 522      676E6564 
 522      20636861 
 522      7200
 523              	.LASF11:
 524 017b 63686172 		.ascii	"char\000"
 524      00
 525              	.LASF23:
 526 0180 2E5C4765 		.ascii	".\\Generated_Source\\PSoC5\\UART_LORA_INT.c\000"
 526      6E657261 
 526      7465645F 
 526      536F7572 
 526      63655C50 
 527              	.LASF10:
 528 01a9 646F7562 		.ascii	"double\000"
 528      6C6500
 529              	.LASF4:
 530 01b0 6C6F6E67 		.ascii	"long int\000"
 530      20696E74 
 530      00
 531              	.LASF3:
 532 01b9 73686F72 		.ascii	"short unsigned int\000"
 532      7420756E 
 532      7369676E 
 532      65642069 
 532      6E7400
 533              	.LASF0:
 534 01cc 7369676E 		.ascii	"signed char\000"
 534      65642063 
 534      68617200 
 535              	.LASF21:
 536 01d8 55415254 		.ascii	"UART_LORA_rxBufferOverflow\000"
 536      5F4C4F52 
 536      415F7278 
 536      42756666 
 536      65724F76 
 537              	.LASF9:
 538 01f3 666C6F61 		.ascii	"float\000"
 538      7400
 539              	.LASF2:
 540 01f9 73686F72 		.ascii	"short int\000"
 540      7420696E 
 540      7400
 541              	.LASF13:
 542 0203 72656738 		.ascii	"reg8\000"
 542      00
ARM GAS  C:\Users\GRAZIA~1.RAV\AppData\Local\Temp\ccXNhzOP.s 			page 15


 543              	.LASF18:
 544 0208 55415254 		.ascii	"UART_LORA_rxBufferRead\000"
 544      5F4C4F52 
 544      415F7278 
 544      42756666 
 544      65725265 
 545              	.LASF15:
 546 021f 72656164 		.ascii	"readData\000"
 546      44617461 
 546      00
 547              	.LASF14:
 548 0228 73697A65 		.ascii	"sizetype\000"
 548      74797065 
 548      00
 549              		.ident	"GCC: (GNU Tools for ARM Embedded Processors) 4.7.3 20130312 (release) [ARM/embedded-4_7-br
